SLF4J: Class path contains multiple SLF4J bindings.
SLF4J: Found binding in [jar:file:/home/spirals/danglot/.m2/repository/eu/stamp-project/test-runner/1.0.8/test-runner-1.0.8-jar-with-dependencies.jar!/org/slf4j/impl/StaticLoggerBinder.class]
SLF4J: Found binding in [jar:file:/home/spirals/danglot/.m2/repository/org/slf4j/slf4j-log4j12/1.7.25/slf4j-log4j12-1.7.25.jar!/org/slf4j/impl/StaticLoggerBinder.class]
SLF4J: See http://www.slf4j.org/codes.html#multiple_bindings for an explanation.
SLF4J: Actual binding is of type [org.slf4j.impl.Log4jLoggerFactory]
[0] WARN AutomaticBuilderFactory - No automatic builder specified in configuration, going to default.
[0] INFO AutomaticBuilderFactory - Default: provided Maven automatic builder.
[18] INFO MavenAutomaticBuilder - run maven clean test -DskipTests dependency:build-classpath -Dmdep.outputFile=target/dspot/classpath
[WARN] Maven will be executed in interactive mode, but no input stream has been configured for this MavenInvoker instance.
[INFO] Scanning for projects...
[INFO]                                                                         
[INFO] ------------------------------------------------------------------------
[INFO] Building jsoup Java HTML Parser 1.10.3-SNAPSHOT
[INFO] ------------------------------------------------------------------------
[INFO] 
[INFO] --- maven-clean-plugin:2.5:clean (default-clean) @ jsoup ---
[INFO] Deleting /tmp/Ex2Amplifier-experiments/dataset/may-2018/jsoup/835_modified/target
[INFO] 
[INFO] --- maven-resources-plugin:3.0.1:resources (default-resources) @ jsoup ---
[INFO] Using 'UTF-8' encoding to copy filtered resources.
[INFO] Copying 3 resources
[INFO] Copying 3 resources to META-INF/
[INFO] 
[INFO] --- maven-compiler-plugin:3.5.1:compile (default-compile) @ jsoup ---
[INFO] Changes detected - recompiling the module!
[INFO] Compiling 57 source files to /tmp/Ex2Amplifier-experiments/dataset/may-2018/jsoup/835_modified/target/classes
[INFO] 
[INFO] --- animal-sniffer-maven-plugin:1.15:check (animal-sniffer) @ jsoup ---
[INFO] Checking unresolved references to org.codehaus.mojo.signature:java15:1.0
[INFO] 
[INFO] >>> maven-bundle-plugin:2.5.4:manifest (bundle-manifest) > process-classes @ jsoup >>>
[INFO] 
[INFO] --- maven-resources-plugin:3.0.1:resources (default-resources) @ jsoup ---
[INFO] Using 'UTF-8' encoding to copy filtered resources.
[INFO] Copying 3 resources
[INFO] Copying 3 resources to META-INF/
[INFO] 
[INFO] --- maven-compiler-plugin:3.5.1:compile (default-compile) @ jsoup ---
[INFO] Changes detected - recompiling the module!
[INFO] Compiling 57 source files to /tmp/Ex2Amplifier-experiments/dataset/may-2018/jsoup/835_modified/target/classes
[INFO] 
[INFO] --- animal-sniffer-maven-plugin:1.15:check (animal-sniffer) @ jsoup ---
[INFO] Checking unresolved references to org.codehaus.mojo.signature:java15:1.0
[INFO] 
[INFO] <<< maven-bundle-plugin:2.5.4:manifest (bundle-manifest) < process-classes @ jsoup <<<
[INFO] 
[INFO] --- maven-bundle-plugin:2.5.4:manifest (bundle-manifest) @ jsoup ---
[INFO] 
[INFO] --- maven-resources-plugin:3.0.1:testResources (default-testResources) @ jsoup ---
[INFO] Using 'UTF-8' encoding to copy filtered resources.
[INFO] Copying 21 resources
[INFO] 
[INFO] --- maven-compiler-plugin:3.5.1:testCompile (default-testCompile) @ jsoup ---
[INFO] Changes detected - recompiling the module!
[INFO] Compiling 30 source files to /tmp/Ex2Amplifier-experiments/dataset/may-2018/jsoup/835_modified/target/test-classes
[INFO] /tmp/Ex2Amplifier-experiments/dataset/may-2018/jsoup/835_modified/src/test/java/org/jsoup/nodes/BuildEntities.java: /tmp/Ex2Amplifier-experiments/dataset/may-2018/jsoup/835_modified/src/test/java/org/jsoup/nodes/BuildEntities.java uses unchecked or unsafe operations.
[INFO] /tmp/Ex2Amplifier-experiments/dataset/may-2018/jsoup/835_modified/src/test/java/org/jsoup/nodes/BuildEntities.java: Recompile with -Xlint:unchecked for details.
[INFO] 
[INFO] --- maven-surefire-plugin:2.12.4:test (default-test) @ jsoup ---
[INFO] Tests are skipped.
[INFO] 
[INFO] --- maven-dependency-plugin:2.8:build-classpath (default-cli) @ jsoup ---
[INFO] Wrote classpath file '/tmp/Ex2Amplifier-experiments/dataset/may-2018/jsoup/835_modified/target/dspot/classpath'.
[INFO] ------------------------------------------------------------------------
[INFO] BUILD SUCCESS
[INFO] ------------------------------------------------------------------------
[INFO] Total time: 14.057 s
[INFO] Finished at: 2018-05-23T04:09:07+02:00
[INFO] Final Memory: 33M/1495M
[INFO] ------------------------------------------------------------------------
[24611] WARN AutomaticBuilderFactory - No automatic builder specified in configuration, going to default.
[24611] INFO AutomaticBuilderFactory - Default: provided Maven automatic builder.
[24612] INFO MavenAutomaticBuilder - run maven clean test -DskipTests dependency:build-classpath -Dmdep.outputFile=target/dspot/classpath
[WARN] Maven will be executed in interactive mode, but no input stream has been configured for this MavenInvoker instance.
[INFO] Scanning for projects...
[INFO]                                                                         
[INFO] ------------------------------------------------------------------------
[INFO] Building jsoup Java HTML Parser 1.10.3-SNAPSHOT
[INFO] ------------------------------------------------------------------------
[INFO] 
[INFO] --- maven-clean-plugin:2.5:clean (default-clean) @ jsoup ---
[INFO] Deleting /tmp/Ex2Amplifier-experiments/dataset/may-2018/jsoup/835/target
[INFO] 
[INFO] --- maven-resources-plugin:3.0.1:resources (default-resources) @ jsoup ---
[INFO] Using 'UTF-8' encoding to copy filtered resources.
[INFO] Copying 3 resources
[INFO] Copying 3 resources to META-INF/
[INFO] 
[INFO] --- maven-compiler-plugin:3.5.1:compile (default-compile) @ jsoup ---
[INFO] Changes detected - recompiling the module!
[INFO] Compiling 57 source files to /tmp/Ex2Amplifier-experiments/dataset/may-2018/jsoup/835/target/classes
[INFO] 
[INFO] --- animal-sniffer-maven-plugin:1.15:check (animal-sniffer) @ jsoup ---
[INFO] Checking unresolved references to org.codehaus.mojo.signature:java15:1.0
[INFO] 
[INFO] >>> maven-bundle-plugin:2.5.4:manifest (bundle-manifest) > process-classes @ jsoup >>>
[INFO] 
[INFO] --- maven-resources-plugin:3.0.1:resources (default-resources) @ jsoup ---
[INFO] Using 'UTF-8' encoding to copy filtered resources.
[INFO] Copying 3 resources
[INFO] Copying 3 resources to META-INF/
[INFO] 
[INFO] --- maven-compiler-plugin:3.5.1:compile (default-compile) @ jsoup ---
[INFO] Changes detected - recompiling the module!
[INFO] Compiling 57 source files to /tmp/Ex2Amplifier-experiments/dataset/may-2018/jsoup/835/target/classes
[INFO] 
[INFO] --- animal-sniffer-maven-plugin:1.15:check (animal-sniffer) @ jsoup ---
[INFO] Checking unresolved references to org.codehaus.mojo.signature:java15:1.0
[INFO] 
[INFO] <<< maven-bundle-plugin:2.5.4:manifest (bundle-manifest) < process-classes @ jsoup <<<
[INFO] 
[INFO] --- maven-bundle-plugin:2.5.4:manifest (bundle-manifest) @ jsoup ---
[INFO] 
[INFO] --- maven-resources-plugin:3.0.1:testResources (default-testResources) @ jsoup ---
[INFO] Using 'UTF-8' encoding to copy filtered resources.
[INFO] Copying 21 resources
[INFO] 
[INFO] --- maven-compiler-plugin:3.5.1:testCompile (default-testCompile) @ jsoup ---
[INFO] Changes detected - recompiling the module!
[INFO] Compiling 30 source files to /tmp/Ex2Amplifier-experiments/dataset/may-2018/jsoup/835/target/test-classes
[INFO] /tmp/Ex2Amplifier-experiments/dataset/may-2018/jsoup/835/src/test/java/org/jsoup/nodes/BuildEntities.java: /tmp/Ex2Amplifier-experiments/dataset/may-2018/jsoup/835/src/test/java/org/jsoup/nodes/BuildEntities.java uses unchecked or unsafe operations.
[INFO] /tmp/Ex2Amplifier-experiments/dataset/may-2018/jsoup/835/src/test/java/org/jsoup/nodes/BuildEntities.java: Recompile with -Xlint:unchecked for details.
[INFO] 
[INFO] --- maven-surefire-plugin:2.12.4:test (default-test) @ jsoup ---
[INFO] Tests are skipped.
[INFO] 
[INFO] --- maven-dependency-plugin:2.8:build-classpath (default-cli) @ jsoup ---
[INFO] Wrote classpath file '/tmp/Ex2Amplifier-experiments/dataset/may-2018/jsoup/835/target/dspot/classpath'.
[INFO] ------------------------------------------------------------------------
[INFO] BUILD SUCCESS
[INFO] ------------------------------------------------------------------------
[INFO] Total time: 13.755 s
[INFO] Finished at: 2018-05-23T04:09:31+02:00
[INFO] Final Memory: 36M/1547M
[INFO] ------------------------------------------------------------------------
[41500] INFO SelectorOnDiff - Selecting according to a diff between dataset/may-2018/jsoup/835_modified/ and dataset/may-2018/jsoup/835/ (a5266b14a2b7457e076d5f6429c2197baf5412e4)
[41510] INFO SelectorOnDiff - Modified files:
a/src/test/java/org/jsoup/helper/DataUtilTest.java
a/src/main/java/org/jsoup/helper/DataUtil.java
[107767] INFO Amplification - amplification of org.jsoup.helper.DataUtilTest (13 test(s))
[108016] INFO EntryPoint - Run: java -cp /tmp/Ex2Amplifier-experiments/dataset/may-2018/jsoup/835_modified/target/test-classes:/tmp/Ex2Amplifier-experiments/dataset/may-2018/jsoup/835_modified/target/classes:/home/spirals/danglot/.m2/repository/junit/junit/4.12/junit-4.12.jar:/home/spirals/danglot/.m2/repository/org/hamcrest/hamcrest-core/1.3/hamcrest-core-1.3.jar:/home/spirals/danglot/.m2/repository/com/google/code/gson/gson/2.7/gson-2.7.jar:/tmp/Ex2Amplifier-experiments/target/dspot/dependencies:/home/spirals/danglot/.m2/repository/eu/stamp-project/test-runner/1.0.8/test-runner-1.0.8-jar-with-dependencies.jar eu.stamp_project.testrunner.runner.test.TestRunner org.jsoup.helper.DataUtilTest firstMetaElementWithCharsetShouldBeUsedForDecoding:generatesMimeBoundaries:shouldSelectFirstCharsetOnWeirdMultileCharsetsInMetaTags:supportsBOMinFiles:shouldNotThrowExceptionOnEmptyCharset:shouldReturnNullForIllegalCharsetNames:testQuotedCharset:secondMetaElementWithContentTypeContainsCharsetParameter:discardsSpuriousByteOrderMarkWhenNoCharsetSet:discardsSpuriousByteOrderMark:wrongMetaCharsetFallback:testCharset:shouldCorrectCharsetForDuplicateCharsetString
File saved to the following path: /tmp/Ex2Amplifier-experiments/dataset/may-2018/jsoup/835_modified/target/dspot/TestListener.ser
[108922] INFO EntryPoint - Test has been run: firstMetaElementWithCharsetShouldBeUsedForDecoding,secondMetaElementWithContentTypeContainsCharsetParameter,generatesMimeBoundaries,discardsSpuriousByteOrderMarkWhenNoCharsetSet,discardsSpuriousByteOrderMark,shouldCorrectCharsetForDuplicateCharsetString,shouldNotThrowExceptionOnEmptyCharset,testCharset,testQuotedCharset,wrongMetaCharsetFallback,shouldSelectFirstCharsetOnWeirdMultileCharsetsInMetaTags,shouldReturnNullForIllegalCharsetNames,supportsBOMinFiles(org.jsoup.helper.DataUtilTest): null
[108923] WARN Amplification - 1 tests failed before the amplifications
[108925] WARN Amplification - supportsBOMinFiles(org.jsoup.helper.DataUtilTest): null
[108925] WARN Amplification - Discarding following test cases for the amplification
[108930] WARN Amplification - supportsBOMinFiles
[109049] INFO EntryPoint - Run: java -cp /tmp/Ex2Amplifier-experiments/dataset/may-2018/jsoup/835_modified/target/test-classes:/tmp/Ex2Amplifier-experiments/dataset/may-2018/jsoup/835_modified/target/classes:/home/spirals/danglot/.m2/repository/junit/junit/4.12/junit-4.12.jar:/home/spirals/danglot/.m2/repository/org/hamcrest/hamcrest-core/1.3/hamcrest-core-1.3.jar:/home/spirals/danglot/.m2/repository/com/google/code/gson/gson/2.7/gson-2.7.jar:/tmp/Ex2Amplifier-experiments/target/dspot/dependencies:/home/spirals/danglot/.m2/repository/eu/stamp-project/test-runner/1.0.8/test-runner-1.0.8-jar-with-dependencies.jar eu.stamp_project.testrunner.runner.test.TestRunner org.jsoup.helper.DataUtilTest firstMetaElementWithCharsetShouldBeUsedForDecoding:generatesMimeBoundaries:shouldSelectFirstCharsetOnWeirdMultileCharsetsInMetaTags:shouldNotThrowExceptionOnEmptyCharset:shouldReturnNullForIllegalCharsetNames:testQuotedCharset:secondMetaElementWithContentTypeContainsCharsetParameter:discardsSpuriousByteOrderMarkWhenNoCharsetSet:discardsSpuriousByteOrderMark:wrongMetaCharsetFallback:testCharset:shouldCorrectCharsetForDuplicateCharsetString
File saved to the following path: /tmp/Ex2Amplifier-experiments/dataset/may-2018/jsoup/835_modified/target/dspot/TestListener.ser
[109822] INFO EntryPoint - Test has been run: firstMetaElementWithCharsetShouldBeUsedForDecoding,secondMetaElementWithContentTypeContainsCharsetParameter,generatesMimeBoundaries,discardsSpuriousByteOrderMarkWhenNoCharsetSet,discardsSpuriousByteOrderMark,shouldCorrectCharsetForDuplicateCharsetString,shouldNotThrowExceptionOnEmptyCharset,testCharset,testQuotedCharset,wrongMetaCharsetFallback,shouldSelectFirstCharsetOnWeirdMultileCharsetsInMetaTags,shouldReturnNullForIllegalCharsetNames
[109823] INFO Amplification - Try to add assertions before amplification
[110028] INFO AssertGenerator - Run tests. (12)
[110163] INFO EntryPoint - Run: java -cp /tmp/Ex2Amplifier-experiments/dataset/may-2018/jsoup/835_modified/target/test-classes:/tmp/Ex2Amplifier-experiments/dataset/may-2018/jsoup/835_modified/target/classes:/home/spirals/danglot/.m2/repository/junit/junit/4.12/junit-4.12.jar:/home/spirals/danglot/.m2/repository/org/hamcrest/hamcrest-core/1.3/hamcrest-core-1.3.jar:/home/spirals/danglot/.m2/repository/com/google/code/gson/gson/2.7/gson-2.7.jar:/tmp/Ex2Amplifier-experiments/target/dspot/dependencies:/home/spirals/danglot/.m2/repository/eu/stamp-project/test-runner/1.0.8/test-runner-1.0.8-jar-with-dependencies.jar eu.stamp_project.testrunner.runner.test.TestRunner org.jsoup.helper.DataUtilTest firstMetaElementWithCharsetShouldBeUsedForDecoding:generatesMimeBoundaries:shouldSelectFirstCharsetOnWeirdMultileCharsetsInMetaTags:shouldNotThrowExceptionOnEmptyCharset:shouldReturnNullForIllegalCharsetNames:testQuotedCharset:secondMetaElementWithContentTypeContainsCharsetParameter:discardsSpuriousByteOrderMarkWhenNoCharsetSet:discardsSpuriousByteOrderMark:wrongMetaCharsetFallback:testCharset:shouldCorrectCharsetForDuplicateCharsetString
File saved to the following path: /tmp/Ex2Amplifier-experiments/dataset/may-2018/jsoup/835_modified/target/dspot/TestListener.ser
[111128] INFO EntryPoint - Test has been run: firstMetaElementWithCharsetShouldBeUsedForDecoding,secondMetaElementWithContentTypeContainsCharsetParameter,generatesMimeBoundaries,discardsSpuriousByteOrderMarkWhenNoCharsetSet,discardsSpuriousByteOrderMark,shouldCorrectCharsetForDuplicateCharsetString,shouldNotThrowExceptionOnEmptyCharset,testCharset,testQuotedCharset,wrongMetaCharsetFallback,shouldSelectFirstCharsetOnWeirdMultileCharsetsInMetaTags,shouldReturnNullForIllegalCharsetNames
[111129] INFO AssertGenerator - 12 test pass, generating assertion...
[111139] INFO MethodsAssertGenerator - Add observations points in passing tests.
[111139] INFO MethodsAssertGenerator - Instrumentation...
  8% |==== ]/ 16% |======== ]- 25% |============ ]\ 33% |================ ]| 41% |==================== ]/ 50% |========================= ]- 58% |============================= ]\ 66% |================================= ]| 75% |===================================== ]/ 83% |========================================= ]- 91% |============================================= ]\100% |================================================== ]|
[111291] INFO MethodsAssertGenerator - Run instrumented tests. (36)
[111529] INFO EntryPoint - Run: java -cp /tmp/Ex2Amplifier-experiments/dataset/may-2018/jsoup/835_modified/target/test-classes:/tmp/Ex2Amplifier-experiments/dataset/may-2018/jsoup/835_modified/target/classes:/home/spirals/danglot/.m2/repository/junit/junit/4.12/junit-4.12.jar:/home/spirals/danglot/.m2/repository/org/hamcrest/hamcrest-core/1.3/hamcrest-core-1.3.jar:/home/spirals/danglot/.m2/repository/com/google/code/gson/gson/2.7/gson-2.7.jar:/tmp/Ex2Amplifier-experiments/target/dspot/dependencies:/home/spirals/danglot/.m2/repository/eu/stamp-project/test-runner/1.0.8/test-runner-1.0.8-jar-with-dependencies.jar eu.stamp_project.testrunner.runner.test.TestRunner org.jsoup.helper.DataUtilTest firstMetaElementWithCharsetShouldBeUsedForDecoding_withlog0:generatesMimeBoundaries_withlog0:shouldSelectFirstCharsetOnWeirdMultileCharsetsInMetaTags_withlog0:shouldNotThrowExceptionOnEmptyCharset_withlog0:shouldReturnNullForIllegalCharsetNames_withlog0:testQuotedCharset_withlog0:secondMetaElementWithContentTypeContainsCharsetParameter_withlog0:discardsSpuriousByteOrderMarkWhenNoCharsetSet_withlog0:discardsSpuriousByteOrderMark_withlog0:wrongMetaCharsetFallback_withlog0:testCharset_withlog0:shouldCorrectCharsetForDuplicateCharsetString_withlog0:firstMetaElementWithCharsetShouldBeUsedForDecoding_withlog1:generatesMimeBoundaries_withlog1:shouldSelectFirstCharsetOnWeirdMultileCharsetsInMetaTags_withlog1:shouldNotThrowExceptionOnEmptyCharset_withlog1:shouldReturnNullForIllegalCharsetNames_withlog1:testQuotedCharset_withlog1:secondMetaElementWithContentTypeContainsCharsetParameter_withlog1:discardsSpuriousByteOrderMarkWhenNoCharsetSet_withlog1:discardsSpuriousByteOrderMark_withlog1:wrongMetaCharsetFallback_withlog1:testCharset_withlog1:shouldCorrectCharsetForDuplicateCharsetString_withlog1:firstMetaElementWithCharsetShouldBeUsedForDecoding_withlog2:generatesMimeBoundaries_withlog2:shouldSelectFirstCharsetOnWeirdMultileCharsetsInMetaTags_withlog2:shouldNotThrowExceptionOnEmptyCharset_withlog2:shouldReturnNullForIllegalCharsetNames_withlog2:testQuotedCharset_withlog2:secondMetaElementWithContentTypeContainsCharsetParameter_withlog2:discardsSpuriousByteOrderMarkWhenNoCharsetSet_withlog2:discardsSpuriousByteOrderMark_withlog2:wrongMetaCharsetFallback_withlog2:testCharset_withlog2:shouldCorrectCharsetForDuplicateCharsetString_withlog2
File saved to the following path: /tmp/Ex2Amplifier-experiments/dataset/may-2018/jsoup/835_modified/target/dspot/observations.ser
File saved to the following path: /tmp/Ex2Amplifier-experiments/dataset/may-2018/jsoup/835_modified/target/dspot/TestListener.ser
[112678] INFO EntryPoint - Test has been run: discardsSpuriousByteOrderMarkWhenNoCharsetSet_withlog0,discardsSpuriousByteOrderMarkWhenNoCharsetSet_withlog1,discardsSpuriousByteOrderMarkWhenNoCharsetSet_withlog2,shouldSelectFirstCharsetOnWeirdMultileCharsetsInMetaTags_withlog0,shouldSelectFirstCharsetOnWeirdMultileCharsetsInMetaTags_withlog1,shouldSelectFirstCharsetOnWeirdMultileCharsetsInMetaTags_withlog2,discardsSpuriousByteOrderMark_withlog0,discardsSpuriousByteOrderMark_withlog1,discardsSpuriousByteOrderMark_withlog2,secondMetaElementWithContentTypeContainsCharsetParameter_withlog0,secondMetaElementWithContentTypeContainsCharsetParameter_withlog1,secondMetaElementWithContentTypeContainsCharsetParameter_withlog2,firstMetaElementWithCharsetShouldBeUsedForDecoding_withlog0,firstMetaElementWithCharsetShouldBeUsedForDecoding_withlog1,firstMetaElementWithCharsetShouldBeUsedForDecoding_withlog2,shouldCorrectCharsetForDuplicateCharsetString_withlog0,shouldCorrectCharsetForDuplicateCharsetString_withlog1,shouldCorrectCharsetForDuplicateCharsetString_withlog2,generatesMimeBoundaries_withlog0,generatesMimeBoundaries_withlog1,generatesMimeBoundaries_withlog2,wrongMetaCharsetFallback_withlog0,wrongMetaCharsetFallback_withlog1,wrongMetaCharsetFallback_withlog2,testQuotedCharset_withlog0(org.jsoup.helper.DataUtilTest): null,testQuotedCharset_withlog1(org.jsoup.helper.DataUtilTest): null,testQuotedCharset_withlog2(org.jsoup.helper.DataUtilTest): null,testCharset_withlog0(org.jsoup.helper.DataUtilTest): null,testCharset_withlog1(org.jsoup.helper.DataUtilTest): null,testCharset_withlog2(org.jsoup.helper.DataUtilTest): null,shouldReturnNullForIllegalCharsetNames_withlog0(org.jsoup.helper.DataUtilTest): null,shouldReturnNullForIllegalCharsetNames_withlog1(org.jsoup.helper.DataUtilTest): null,shouldReturnNullForIllegalCharsetNames_withlog2(org.jsoup.helper.DataUtilTest): null,shouldNotThrowExceptionOnEmptyCharset_withlog0(org.jsoup.helper.DataUtilTest): null,shouldNotThrowExceptionOnEmptyCharset_withlog1(org.jsoup.helper.DataUtilTest): null,shouldNotThrowExceptionOnEmptyCharset_withlog2(org.jsoup.helper.DataUtilTest): null
[112690] INFO MethodsAssertGenerator - Generating assertions...
[112727] INFO AssertGenerator - 10 new tests with assertions generated
[112855] INFO EntryPoint - Run: java -cp /tmp/Ex2Amplifier-experiments/dataset/may-2018/jsoup/835_modified/target/test-classes:/tmp/Ex2Amplifier-experiments/dataset/may-2018/jsoup/835_modified/target/classes:/home/spirals/danglot/.m2/repository/junit/junit/4.12/junit-4.12.jar:/home/spirals/danglot/.m2/repository/org/hamcrest/hamcrest-core/1.3/hamcrest-core-1.3.jar:/home/spirals/danglot/.m2/repository/com/google/code/gson/gson/2.7/gson-2.7.jar:/tmp/Ex2Amplifier-experiments/target/dspot/dependencies:/home/spirals/danglot/.m2/repository/eu/stamp-project/test-runner/1.0.8/test-runner-1.0.8-jar-with-dependencies.jar eu.stamp_project.testrunner.runner.test.TestRunner org.jsoup.helper.DataUtilTest firstMetaElementWithCharsetShouldBeUsedForDecoding:generatesMimeBoundaries:shouldSelectFirstCharsetOnWeirdMultileCharsetsInMetaTags:testQuotedCharset:secondMetaElementWithContentTypeContainsCharsetParameter:discardsSpuriousByteOrderMarkWhenNoCharsetSet:discardsSpuriousByteOrderMark:wrongMetaCharsetFallback:testCharset:shouldCorrectCharsetForDuplicateCharsetString
File saved to the following path: /tmp/Ex2Amplifier-experiments/dataset/may-2018/jsoup/835_modified/target/dspot/TestListener.ser
[113800] INFO EntryPoint - Test has been run: firstMetaElementWithCharsetShouldBeUsedForDecoding,secondMetaElementWithContentTypeContainsCharsetParameter,generatesMimeBoundaries,discardsSpuriousByteOrderMarkWhenNoCharsetSet,discardsSpuriousByteOrderMark,shouldCorrectCharsetForDuplicateCharsetString,testCharset,testQuotedCharset,wrongMetaCharsetFallback,shouldSelectFirstCharsetOnWeirdMultileCharsetsInMetaTags
[114090] DEBUG Launcher - building sources: [/tmp/Ex2Amplifier-experiments/target/dspot/tmp_test_sources/org/jsoup/helper/DataUtilTest.java]
[114090] DEBUG Launcher - build args: [-encoding, UTF-8, -cp, /home/spirals/danglot/.m2/repository/junit/junit/4.12/junit-4.12.jar:/home/spirals/danglot/.m2/repository/org/hamcrest/hamcrest-core/1.3/hamcrest-core-1.3.jar:/home/spirals/danglot/.m2/repository/com/google/code/gson/gson/2.7/gson-2.7.jar:target/dspot/dependencies/:dataset/may-2018/jsoup/835_modified//target/classes:dataset/may-2018/jsoup/835_modified//target/test-classes:, -1.8, -preserveAllLocals, -noExit, -enableJavadoc, /tmp/Ex2Amplifier-experiments/target/dspot/tmp_test_sources/org/jsoup/helper/DataUtilTest.java]
[114181] DEBUG Launcher - built in 91 ms
[114181] DEBUG Launcher - building templates: []
[114181] DEBUG Launcher - built in 0 ms
[114182] DEBUG Launcher - model built in 92
[114183] DEBUG Launcher - compiling sources: [/tmp/Ex2Amplifier-experiments/target/dspot/tmp_test_sources/org/jsoup/helper/DataUtilTest.java]
[114187] DEBUG Launcher - compile args: [-encoding, UTF-8, -cp, /home/spirals/danglot/.m2/repository/junit/junit/4.12/junit-4.12.jar:/home/spirals/danglot/.m2/repository/org/hamcrest/hamcrest-core/1.3/hamcrest-core-1.3.jar:/home/spirals/danglot/.m2/repository/com/google/code/gson/gson/2.7/gson-2.7.jar:target/dspot/dependencies/:dataset/may-2018/jsoup/835_modified//target/classes:dataset/may-2018/jsoup/835_modified//target/test-classes:, -d, /tmp/Ex2Amplifier-experiments/dataset/may-2018/jsoup/835/target/test-classes, -1.8, -proc:none, -preserveAllLocals, -noExit, -enableJavadoc, /tmp/Ex2Amplifier-experiments/target/dspot/tmp_test_sources/org/jsoup/helper/DataUtilTest.java]
[114313] DEBUG Launcher - compiled in 130 ms
[114315] INFO EntryPoint - Run: java -cp /home/spirals/danglot/.m2/repository/junit/junit/4.12/junit-4.12.jar:/home/spirals/danglot/.m2/repository/org/hamcrest/hamcrest-core/1.3/hamcrest-core-1.3.jar:/home/spirals/danglot/.m2/repository/com/google/code/gson/gson/2.7/gson-2.7.jar:target/dspot/dependencies/:/tmp/Ex2Amplifier-experiments/dataset/may-2018/jsoup/835/target/classes:/tmp/Ex2Amplifier-experiments/dataset/may-2018/jsoup/835/target/test-classes:/home/spirals/danglot/.m2/repository/eu/stamp-project/test-runner/1.0.8/test-runner-1.0.8-jar-with-dependencies.jar eu.stamp_project.testrunner.runner.test.TestRunner org.jsoup.helper.DataUtilTest firstMetaElementWithCharsetShouldBeUsedForDecoding:generatesMimeBoundaries:shouldSelectFirstCharsetOnWeirdMultileCharsetsInMetaTags:testQuotedCharset:secondMetaElementWithContentTypeContainsCharsetParameter:discardsSpuriousByteOrderMarkWhenNoCharsetSet:discardsSpuriousByteOrderMark:wrongMetaCharsetFallback:testCharset:shouldCorrectCharsetForDuplicateCharsetString
File saved to the following path: /tmp/Ex2Amplifier-experiments/dataset/may-2018/jsoup/835_modified/target/dspot/TestListener.ser
[115247] INFO EntryPoint - Test has been run: firstMetaElementWithCharsetShouldBeUsedForDecoding,secondMetaElementWithContentTypeContainsCharsetParameter,generatesMimeBoundaries,discardsSpuriousByteOrderMarkWhenNoCharsetSet,discardsSpuriousByteOrderMark,shouldCorrectCharsetForDuplicateCharsetString,testCharset,testQuotedCharset,wrongMetaCharsetFallback,shouldSelectFirstCharsetOnWeirdMultileCharsetsInMetaTags
[115247] INFO Amplification - 0 amplified test(s) has been selected, global: 0
[115249] INFO Amplification - amp firstMetaElementWithCharsetShouldBeUsedForDecoding (1/12)
[115267] DEBUG Launcher - printing org.jsoup.helper.DataUtilTest to /tmp/Ex2Amplifier-experiments/target/dspot/tmp_test_sources
[115369] INFO EntryPoint - Run: java -cp /tmp/Ex2Amplifier-experiments/dataset/may-2018/jsoup/835_modified/target/test-classes:/tmp/Ex2Amplifier-experiments/dataset/may-2018/jsoup/835_modified/target/classes:/home/spirals/danglot/.m2/repository/junit/junit/4.12/junit-4.12.jar:/home/spirals/danglot/.m2/repository/org/hamcrest/hamcrest-core/1.3/hamcrest-core-1.3.jar:/home/spirals/danglot/.m2/repository/com/google/code/gson/gson/2.7/gson-2.7.jar:/tmp/Ex2Amplifier-experiments/target/dspot/dependencies:/home/spirals/danglot/.m2/repository/eu/stamp-project/test-runner/1.0.8/test-runner-1.0.8-jar-with-dependencies.jar eu.stamp_project.testrunner.runner.test.TestRunner org.jsoup.helper.DataUtilTest firstMetaElementWithCharsetShouldBeUsedForDecoding
File saved to the following path: /tmp/Ex2Amplifier-experiments/dataset/may-2018/jsoup/835_modified/target/dspot/TestListener.ser
[116265] INFO EntryPoint - Test has been run: firstMetaElementWithCharsetShouldBeUsedForDecoding
[116265] INFO Amplification - iteration 0:
[116265] INFO Amplification - 1 tests selected to be amplified over 1 available tests
100% |================================================== ]/
[116334] DEBUG Launcher - printing org.jsoup.helper.DataUtilTest to /tmp/Ex2Amplifier-experiments/target/dspot/tmp_test_sources
[116389] DEBUG Launcher - building sources: [/tmp/Ex2Amplifier-experiments/target/dspot/tmp_test_sources/org/jsoup/helper/DataUtilTest.java]
[116389] DEBUG Launcher - build args: [-encoding, UTF-8, -cp, /home/spirals/danglot/.m2/repository/junit/junit/4.12/junit-4.12.jar:/home/spirals/danglot/.m2/repository/org/hamcrest/hamcrest-core/1.3/hamcrest-core-1.3.jar:/home/spirals/danglot/.m2/repository/com/google/code/gson/gson/2.7/gson-2.7.jar:/tmp/Ex2Amplifier-experiments/dataset/may-2018/jsoup/835_modified/target/classes:/tmp/Ex2Amplifier-experiments/target/dspot/dependencies:/tmp/Ex2Amplifier-experiments/dataset/may-2018/jsoup/835_modified/target/test-classes:lib/catg-dev.jar:, -1.8, -preserveAllLocals, -noExit, -enableJavadoc, /tmp/Ex2Amplifier-experiments/target/dspot/tmp_test_sources/org/jsoup/helper/DataUtilTest.java]
[116487] DEBUG Launcher - built in 98 ms
[116487] DEBUG Launcher - building templates: []
[116487] DEBUG Launcher - built in 0 ms
[116488] DEBUG Launcher - model built in 99
[116489] DEBUG Launcher - compiling sources: [/tmp/Ex2Amplifier-experiments/target/dspot/tmp_test_sources/org/jsoup/helper/DataUtilTest.java]
[116490] DEBUG Launcher - compile args: [-encoding, UTF-8, -cp, /home/spirals/danglot/.m2/repository/junit/junit/4.12/junit-4.12.jar:/home/spirals/danglot/.m2/repository/org/hamcrest/hamcrest-core/1.3/hamcrest-core-1.3.jar:/home/spirals/danglot/.m2/repository/com/google/code/gson/gson/2.7/gson-2.7.jar:/tmp/Ex2Amplifier-experiments/dataset/may-2018/jsoup/835_modified/target/classes:/tmp/Ex2Amplifier-experiments/target/dspot/dependencies:/tmp/Ex2Amplifier-experiments/dataset/may-2018/jsoup/835_modified/target/test-classes:lib/catg-dev.jar:, -d, /tmp/Ex2Amplifier-experiments/dataset/may-2018/jsoup/835_modified/target/test-classes, -1.8, -proc:none, -preserveAllLocals, -noExit, -enableJavadoc, /tmp/Ex2Amplifier-experiments/target/dspot/tmp_test_sources/org/jsoup/helper/DataUtilTest.java]
[116649] DEBUG Launcher - compiled in 160 ms
[116659] INFO CATGExecutor - Running CATG: java -Xmx4096M -Xms2048M -Djanala.loggerClass=janala.logger.DirectConcolicExecution -Djanala.conf=/tmp/Ex2Amplifier-experiments/lib/catg.conf  -javaagent:/tmp/Ex2Amplifier-experiments/lib/catg-dev.jar  -cp /home/spirals/danglot/.m2/repository/junit/junit/4.12/junit-4.12.jar:/home/spirals/danglot/.m2/repository/org/hamcrest/hamcrest-core/1.3/hamcrest-core-1.3.jar:/home/spirals/danglot/.m2/repository/com/google/code/gson/gson/2.7/gson-2.7.jar:/tmp/Ex2Amplifier-experiments/dataset/may-2018/jsoup/835_modified/target/classes:/tmp/Ex2Amplifier-experiments/target/dspot/dependencies:/tmp/Ex2Amplifier-experiments/dataset/may-2018/jsoup/835_modified/target/test-classes:lib/catg-dev.jar:/tmp/Ex2Amplifier-experiments/lib/catg-dev.jar:/tmp/Ex2Amplifier-experiments/lib/asm-all-5.0.4.jar:/tmp/Ex2Amplifier-experiments/lib/automaton-1.11-8.jar -ea org.jsoup.helper.DataUtilTest
WARNING: 
Error: inputs (No such file or directory)
java.lang.ArrayIndexOutOfBoundsException: 9
	at janala.interpreters.ObjectValue.setField(ObjectValue.java:104)
	at janala.interpreters.ConcolicInterpreter.visitPUTFIELD(ConcolicInterpreter.java:1395)
	at janala.logger.inst.PUTFIELD.visit(PUTFIELD.java:16)
	at janala.logger.DirectConcolicExecution.log(DirectConcolicExecution.java:58)
	at janala.logger.AbstractLogger.SPECIAL(AbstractLogger.java:706)
	at janala.logger.DJVM.SPECIAL(DJVM.java:708)
	at org.jsoup.parser.Token$StartTag.<init>(Token.java:219)
	at org.jsoup.parser.TreeBuilder.<init>(TreeBuilder.java:23)
	at org.jsoup.parser.HtmlTreeBuilder.<init>(HtmlTreeBuilder.java:46)
	at org.jsoup.parser.Parser.htmlParser(Parser.java:198)
	at org.jsoup.helper.DataUtilTest.main(DataUtilTest.java:128)
Exception in thread "main" java.lang.ArrayIndexOutOfBoundsException: -1
	at java.util.ArrayList.elementData(ArrayList.java:418)
	at java.util.ArrayList.remove(ArrayList.java:495)
	at janala.interpreters.Frame.pop(Frame.java:77)
	at janala.interpreters.ConcolicInterpreter.visitPUTFIELD(ConcolicInterpreter.java:1380)
	at janala.logger.inst.PUTFIELD.visit(PUTFIELD.java:16)
	at janala.logger.DirectConcolicExecution.log(DirectConcolicExecution.java:58)
	at janala.logger.AbstractLogger.ASTORE(AbstractLogger.java:217)
	at janala.logger.DJVM.ASTORE(DJVM.java:224)
	at org.jsoup.helper.DataUtilTest.main(DataUtilTest.java:130)
Exception in thread "Thread-1" java.lang.ArrayIndexOutOfBoundsException: -1
	at java.util.ArrayList.elementData(ArrayList.java:418)
	at java.util.ArrayList.remove(ArrayList.java:495)
	at janala.interpreters.Frame.pop(Frame.java:77)
	at janala.interpreters.ConcolicInterpreter.visitPUTFIELD(ConcolicInterpreter.java:1380)
	at janala.logger.inst.PUTFIELD.visit(PUTFIELD.java:16)
	at janala.logger.DirectConcolicExecution.log(DirectConcolicExecution.java:58)
	at janala.logger.DirectConcolicExecution.finish(DirectConcolicExecution.java:46)
	at janala.logger.DirectConcolicExecution$Finisher.run(DirectConcolicExecution.java:41)
[117689] INFO Amplification - 0 amplified test(s) has been selected, global: 0
[117689] INFO Amplification - amp generatesMimeBoundaries (2/12)
[117703] DEBUG Launcher - printing org.jsoup.helper.DataUtilTest to /tmp/Ex2Amplifier-experiments/target/dspot/tmp_test_sources
[117810] INFO EntryPoint - Run: java -cp /tmp/Ex2Amplifier-experiments/dataset/may-2018/jsoup/835_modified/target/test-classes:/tmp/Ex2Amplifier-experiments/dataset/may-2018/jsoup/835_modified/target/classes:/home/spirals/danglot/.m2/repository/junit/junit/4.12/junit-4.12.jar:/home/spirals/danglot/.m2/repository/org/hamcrest/hamcrest-core/1.3/hamcrest-core-1.3.jar:/home/spirals/danglot/.m2/repository/com/google/code/gson/gson/2.7/gson-2.7.jar:/tmp/Ex2Amplifier-experiments/target/dspot/dependencies:/home/spirals/danglot/.m2/repository/eu/stamp-project/test-runner/1.0.8/test-runner-1.0.8-jar-with-dependencies.jar eu.stamp_project.testrunner.runner.test.TestRunner org.jsoup.helper.DataUtilTest generatesMimeBoundaries
File saved to the following path: /tmp/Ex2Amplifier-experiments/dataset/may-2018/jsoup/835_modified/target/dspot/TestListener.ser
[118555] INFO EntryPoint - Test has been run: generatesMimeBoundaries
[118556] INFO Amplification - iteration 0:
[118556] INFO Amplification - 1 tests selected to be amplified over 1 available tests
100% |================================================== ]/
[118556] INFO Amplification - 0 amplified test(s) has been selected, global: 0
[118557] INFO Amplification - amp shouldSelectFirstCharsetOnWeirdMultileCharsetsInMetaTags (3/12)
[118569] DEBUG Launcher - printing org.jsoup.helper.DataUtilTest to /tmp/Ex2Amplifier-experiments/target/dspot/tmp_test_sources
[118667] INFO EntryPoint - Run: java -cp /tmp/Ex2Amplifier-experiments/dataset/may-2018/jsoup/835_modified/target/test-classes:/tmp/Ex2Amplifier-experiments/dataset/may-2018/jsoup/835_modified/target/classes:/home/spirals/danglot/.m2/repository/junit/junit/4.12/junit-4.12.jar:/home/spirals/danglot/.m2/repository/org/hamcrest/hamcrest-core/1.3/hamcrest-core-1.3.jar:/home/spirals/danglot/.m2/repository/com/google/code/gson/gson/2.7/gson-2.7.jar:/tmp/Ex2Amplifier-experiments/target/dspot/dependencies:/home/spirals/danglot/.m2/repository/eu/stamp-project/test-runner/1.0.8/test-runner-1.0.8-jar-with-dependencies.jar eu.stamp_project.testrunner.runner.test.TestRunner org.jsoup.helper.DataUtilTest shouldSelectFirstCharsetOnWeirdMultileCharsetsInMetaTags
File saved to the following path: /tmp/Ex2Amplifier-experiments/dataset/may-2018/jsoup/835_modified/target/dspot/TestListener.ser
[119374] INFO EntryPoint - Test has been run: shouldSelectFirstCharsetOnWeirdMultileCharsetsInMetaTags
[119374] INFO Amplification - iteration 0:
[119374] INFO Amplification - 1 tests selected to be amplified over 1 available tests
100% |================================================== ]/
[119384] DEBUG Launcher - printing org.jsoup.helper.DataUtilTest to /tmp/Ex2Amplifier-experiments/target/dspot/tmp_test_sources
[119430] DEBUG Launcher - building sources: [/tmp/Ex2Amplifier-experiments/target/dspot/tmp_test_sources/org/jsoup/helper/DataUtilTest.java]
[119431] DEBUG Launcher - build args: [-encoding, UTF-8, -cp, /home/spirals/danglot/.m2/repository/junit/junit/4.12/junit-4.12.jar:/home/spirals/danglot/.m2/repository/org/hamcrest/hamcrest-core/1.3/hamcrest-core-1.3.jar:/home/spirals/danglot/.m2/repository/com/google/code/gson/gson/2.7/gson-2.7.jar:/tmp/Ex2Amplifier-experiments/dataset/may-2018/jsoup/835_modified/target/classes:/tmp/Ex2Amplifier-experiments/target/dspot/dependencies:/tmp/Ex2Amplifier-experiments/dataset/may-2018/jsoup/835_modified/target/test-classes:lib/catg-dev.jar:, -1.8, -preserveAllLocals, -noExit, -enableJavadoc, /tmp/Ex2Amplifier-experiments/target/dspot/tmp_test_sources/org/jsoup/helper/DataUtilTest.java]
[119523] DEBUG Launcher - built in 93 ms
[119523] DEBUG Launcher - building templates: []
[119523] DEBUG Launcher - built in 0 ms
[119524] DEBUG Launcher - model built in 94
[119524] DEBUG Launcher - compiling sources: [/tmp/Ex2Amplifier-experiments/target/dspot/tmp_test_sources/org/jsoup/helper/DataUtilTest.java]
[119526] DEBUG Launcher - compile args: [-encoding, UTF-8, -cp, /home/spirals/danglot/.m2/repository/junit/junit/4.12/junit-4.12.jar:/home/spirals/danglot/.m2/repository/org/hamcrest/hamcrest-core/1.3/hamcrest-core-1.3.jar:/home/spirals/danglot/.m2/repository/com/google/code/gson/gson/2.7/gson-2.7.jar:/tmp/Ex2Amplifier-experiments/dataset/may-2018/jsoup/835_modified/target/classes:/tmp/Ex2Amplifier-experiments/target/dspot/dependencies:/tmp/Ex2Amplifier-experiments/dataset/may-2018/jsoup/835_modified/target/test-classes:lib/catg-dev.jar:, -d, /tmp/Ex2Amplifier-experiments/dataset/may-2018/jsoup/835_modified/target/test-classes, -1.8, -proc:none, -preserveAllLocals, -noExit, -enableJavadoc, /tmp/Ex2Amplifier-experiments/target/dspot/tmp_test_sources/org/jsoup/helper/DataUtilTest.java]
[119660] DEBUG Launcher - compiled in 136 ms
[119662] INFO CATGExecutor - Running CATG: java -Xmx4096M -Xms2048M -Djanala.loggerClass=janala.logger.DirectConcolicExecution -Djanala.conf=/tmp/Ex2Amplifier-experiments/lib/catg.conf  -javaagent:/tmp/Ex2Amplifier-experiments/lib/catg-dev.jar  -cp /home/spirals/danglot/.m2/repository/junit/junit/4.12/junit-4.12.jar:/home/spirals/danglot/.m2/repository/org/hamcrest/hamcrest-core/1.3/hamcrest-core-1.3.jar:/home/spirals/danglot/.m2/repository/com/google/code/gson/gson/2.7/gson-2.7.jar:/tmp/Ex2Amplifier-experiments/dataset/may-2018/jsoup/835_modified/target/classes:/tmp/Ex2Amplifier-experiments/target/dspot/dependencies:/tmp/Ex2Amplifier-experiments/dataset/may-2018/jsoup/835_modified/target/test-classes:lib/catg-dev.jar:/tmp/Ex2Amplifier-experiments/lib/catg-dev.jar:/tmp/Ex2Amplifier-experiments/lib/asm-all-5.0.4.jar:/tmp/Ex2Amplifier-experiments/lib/automaton-1.11-8.jar -ea org.jsoup.helper.DataUtilTest
WARNING: 
Error: inputs (No such file or directory)
Exception in thread "main" java.lang.NullPointerException
	at janala.interpreters.ConcolicInterpreter.visitGETVALUE_Object(ConcolicInterpreter.java:656)
	at janala.logger.inst.GETVALUE_Object.visit(GETVALUE_Object.java:16)
	at janala.logger.DirectConcolicExecution.log(DirectConcolicExecution.java:58)
	at janala.logger.AbstractLogger.INVOKEMETHOD_EXCEPTION(AbstractLogger.java:694)
	at janala.logger.DJVM.INVOKEMETHOD_EXCEPTION(DJVM.java:700)
	at org.jsoup.helper.DataUtilTest.main(DataUtilTest.java:121)
Exception in thread "Thread-1" java.lang.NullPointerException
	at janala.interpreters.ConcolicInterpreter.visitGETVALUE_Object(ConcolicInterpreter.java:656)
	at janala.logger.inst.GETVALUE_Object.visit(GETVALUE_Object.java:16)
	at janala.logger.DirectConcolicExecution.log(DirectConcolicExecution.java:58)
	at janala.logger.DirectConcolicExecution.finish(DirectConcolicExecution.java:46)
	at janala.logger.DirectConcolicExecution$Finisher.run(DirectConcolicExecution.java:41)
[120415] INFO Amplification - 0 amplified test(s) has been selected, global: 0
[120416] INFO Amplification - amp shouldNotThrowExceptionOnEmptyCharset (4/12)
[120428] DEBUG Launcher - printing org.jsoup.helper.DataUtilTest to /tmp/Ex2Amplifier-experiments/target/dspot/tmp_test_sources
[120525] INFO EntryPoint - Run: java -cp /tmp/Ex2Amplifier-experiments/dataset/may-2018/jsoup/835_modified/target/test-classes:/tmp/Ex2Amplifier-experiments/dataset/may-2018/jsoup/835_modified/target/classes:/home/spirals/danglot/.m2/repository/junit/junit/4.12/junit-4.12.jar:/home/spirals/danglot/.m2/repository/org/hamcrest/hamcrest-core/1.3/hamcrest-core-1.3.jar:/home/spirals/danglot/.m2/repository/com/google/code/gson/gson/2.7/gson-2.7.jar:/tmp/Ex2Amplifier-experiments/target/dspot/dependencies:/home/spirals/danglot/.m2/repository/eu/stamp-project/test-runner/1.0.8/test-runner-1.0.8-jar-with-dependencies.jar eu.stamp_project.testrunner.runner.test.TestRunner org.jsoup.helper.DataUtilTest shouldNotThrowExceptionOnEmptyCharset
File saved to the following path: /tmp/Ex2Amplifier-experiments/dataset/may-2018/jsoup/835_modified/target/dspot/TestListener.ser
[121204] INFO EntryPoint - Test has been run: shouldNotThrowExceptionOnEmptyCharset
[121204] INFO Amplification - iteration 0:
[121204] INFO Amplification - 1 tests selected to be amplified over 1 available tests
100% |================================================== ]/
[121212] DEBUG Launcher - printing org.jsoup.helper.DataUtilTest to /tmp/Ex2Amplifier-experiments/target/dspot/tmp_test_sources
[121243] DEBUG Launcher - building sources: [/tmp/Ex2Amplifier-experiments/target/dspot/tmp_test_sources/org/jsoup/helper/DataUtilTest.java]
[121243] DEBUG Launcher - build args: [-encoding, UTF-8, -cp, /home/spirals/danglot/.m2/repository/junit/junit/4.12/junit-4.12.jar:/home/spirals/danglot/.m2/repository/org/hamcrest/hamcrest-core/1.3/hamcrest-core-1.3.jar:/home/spirals/danglot/.m2/repository/com/google/code/gson/gson/2.7/gson-2.7.jar:/tmp/Ex2Amplifier-experiments/dataset/may-2018/jsoup/835_modified/target/classes:/tmp/Ex2Amplifier-experiments/target/dspot/dependencies:/tmp/Ex2Amplifier-experiments/dataset/may-2018/jsoup/835_modified/target/test-classes:lib/catg-dev.jar:, -1.8, -preserveAllLocals, -noExit, -enableJavadoc, /tmp/Ex2Amplifier-experiments/target/dspot/tmp_test_sources/org/jsoup/helper/DataUtilTest.java]
[121333] DEBUG Launcher - built in 90 ms
[121333] DEBUG Launcher - building templates: []
[121334] DEBUG Launcher - built in 0 ms
[121334] DEBUG Launcher - model built in 91
[121334] DEBUG Launcher - compiling sources: [/tmp/Ex2Amplifier-experiments/target/dspot/tmp_test_sources/org/jsoup/helper/DataUtilTest.java]
[121336] DEBUG Launcher - compile args: [-encoding, UTF-8, -cp, /home/spirals/danglot/.m2/repository/junit/junit/4.12/junit-4.12.jar:/home/spirals/danglot/.m2/repository/org/hamcrest/hamcrest-core/1.3/hamcrest-core-1.3.jar:/home/spirals/danglot/.m2/repository/com/google/code/gson/gson/2.7/gson-2.7.jar:/tmp/Ex2Amplifier-experiments/dataset/may-2018/jsoup/835_modified/target/classes:/tmp/Ex2Amplifier-experiments/target/dspot/dependencies:/tmp/Ex2Amplifier-experiments/dataset/may-2018/jsoup/835_modified/target/test-classes:lib/catg-dev.jar:, -d, /tmp/Ex2Amplifier-experiments/dataset/may-2018/jsoup/835_modified/target/test-classes, -1.8, -proc:none, -preserveAllLocals, -noExit, -enableJavadoc, /tmp/Ex2Amplifier-experiments/target/dspot/tmp_test_sources/org/jsoup/helper/DataUtilTest.java]
[121465] DEBUG Launcher - compiled in 131 ms
[121467] INFO CATGExecutor - Running CATG: java -Xmx4096M -Xms2048M -Djanala.loggerClass=janala.logger.DirectConcolicExecution -Djanala.conf=/tmp/Ex2Amplifier-experiments/lib/catg.conf  -javaagent:/tmp/Ex2Amplifier-experiments/lib/catg-dev.jar  -cp /home/spirals/danglot/.m2/repository/junit/junit/4.12/junit-4.12.jar:/home/spirals/danglot/.m2/repository/org/hamcrest/hamcrest-core/1.3/hamcrest-core-1.3.jar:/home/spirals/danglot/.m2/repository/com/google/code/gson/gson/2.7/gson-2.7.jar:/tmp/Ex2Amplifier-experiments/dataset/may-2018/jsoup/835_modified/target/classes:/tmp/Ex2Amplifier-experiments/target/dspot/dependencies:/tmp/Ex2Amplifier-experiments/dataset/may-2018/jsoup/835_modified/target/test-classes:lib/catg-dev.jar:/tmp/Ex2Amplifier-experiments/lib/catg-dev.jar:/tmp/Ex2Amplifier-experiments/lib/asm-all-5.0.4.jar:/tmp/Ex2Amplifier-experiments/lib/automaton-1.11-8.jar -ea org.jsoup.helper.DataUtilTest
WARNING: 
Error: inputs (No such file or directory)
Exception in thread "main" java.lang.NullPointerException
	at janala.interpreters.ConcolicInterpreter.visitGETVALUE_Object(ConcolicInterpreter.java:656)
	at janala.logger.inst.GETVALUE_Object.visit(GETVALUE_Object.java:16)
	at janala.logger.DirectConcolicExecution.log(DirectConcolicExecution.java:58)
	at janala.logger.AbstractLogger.INVOKEMETHOD_EXCEPTION(AbstractLogger.java:694)
	at janala.logger.DJVM.INVOKEMETHOD_EXCEPTION(DJVM.java:700)
	at org.jsoup.helper.DataUtilTest.main(DataUtilTest.java:122)
Exception in thread "Thread-1" java.lang.NullPointerException
	at janala.interpreters.ConcolicInterpreter.visitGETVALUE_Object(ConcolicInterpreter.java:656)
	at janala.logger.inst.GETVALUE_Object.visit(GETVALUE_Object.java:16)
	at janala.logger.DirectConcolicExecution.log(DirectConcolicExecution.java:58)
	at janala.logger.DirectConcolicExecution.finish(DirectConcolicExecution.java:46)
	at janala.logger.DirectConcolicExecution$Finisher.run(DirectConcolicExecution.java:41)
[122242] INFO Amplification - 0 amplified test(s) has been selected, global: 0
[122242] INFO Amplification - amp shouldReturnNullForIllegalCharsetNames (5/12)
[122254] DEBUG Launcher - printing org.jsoup.helper.DataUtilTest to /tmp/Ex2Amplifier-experiments/target/dspot/tmp_test_sources
[122350] INFO EntryPoint - Run: java -cp /tmp/Ex2Amplifier-experiments/dataset/may-2018/jsoup/835_modified/target/test-classes:/tmp/Ex2Amplifier-experiments/dataset/may-2018/jsoup/835_modified/target/classes:/home/spirals/danglot/.m2/repository/junit/junit/4.12/junit-4.12.jar:/home/spirals/danglot/.m2/repository/org/hamcrest/hamcrest-core/1.3/hamcrest-core-1.3.jar:/home/spirals/danglot/.m2/repository/com/google/code/gson/gson/2.7/gson-2.7.jar:/tmp/Ex2Amplifier-experiments/target/dspot/dependencies:/home/spirals/danglot/.m2/repository/eu/stamp-project/test-runner/1.0.8/test-runner-1.0.8-jar-with-dependencies.jar eu.stamp_project.testrunner.runner.test.TestRunner org.jsoup.helper.DataUtilTest shouldReturnNullForIllegalCharsetNames
File saved to the following path: /tmp/Ex2Amplifier-experiments/dataset/may-2018/jsoup/835_modified/target/dspot/TestListener.ser
[123082] INFO EntryPoint - Test has been run: shouldReturnNullForIllegalCharsetNames
[123083] INFO Amplification - iteration 0:
[123083] INFO Amplification - 1 tests selected to be amplified over 1 available tests
100% |================================================== ]/
[123092] DEBUG Launcher - printing org.jsoup.helper.DataUtilTest to /tmp/Ex2Amplifier-experiments/target/dspot/tmp_test_sources
[123136] DEBUG Launcher - building sources: [/tmp/Ex2Amplifier-experiments/target/dspot/tmp_test_sources/org/jsoup/helper/DataUtilTest.java]
[123137] DEBUG Launcher - build args: [-encoding, UTF-8, -cp, /home/spirals/danglot/.m2/repository/junit/junit/4.12/junit-4.12.jar:/home/spirals/danglot/.m2/repository/org/hamcrest/hamcrest-core/1.3/hamcrest-core-1.3.jar:/home/spirals/danglot/.m2/repository/com/google/code/gson/gson/2.7/gson-2.7.jar:/tmp/Ex2Amplifier-experiments/dataset/may-2018/jsoup/835_modified/target/classes:/tmp/Ex2Amplifier-experiments/target/dspot/dependencies:/tmp/Ex2Amplifier-experiments/dataset/may-2018/jsoup/835_modified/target/test-classes:lib/catg-dev.jar:, -1.8, -preserveAllLocals, -noExit, -enableJavadoc, /tmp/Ex2Amplifier-experiments/target/dspot/tmp_test_sources/org/jsoup/helper/DataUtilTest.java]
[123227] DEBUG Launcher - built in 91 ms
[123227] DEBUG Launcher - building templates: []
[123227] DEBUG Launcher - built in 0 ms
[123227] DEBUG Launcher - model built in 91
[123227] DEBUG Launcher - compiling sources: [/tmp/Ex2Amplifier-experiments/target/dspot/tmp_test_sources/org/jsoup/helper/DataUtilTest.java]
[123229] DEBUG Launcher - compile args: [-encoding, UTF-8, -cp, /home/spirals/danglot/.m2/repository/junit/junit/4.12/junit-4.12.jar:/home/spirals/danglot/.m2/repository/org/hamcrest/hamcrest-core/1.3/hamcrest-core-1.3.jar:/home/spirals/danglot/.m2/repository/com/google/code/gson/gson/2.7/gson-2.7.jar:/tmp/Ex2Amplifier-experiments/dataset/may-2018/jsoup/835_modified/target/classes:/tmp/Ex2Amplifier-experiments/target/dspot/dependencies:/tmp/Ex2Amplifier-experiments/dataset/may-2018/jsoup/835_modified/target/test-classes:lib/catg-dev.jar:, -d, /tmp/Ex2Amplifier-experiments/dataset/may-2018/jsoup/835_modified/target/test-classes, -1.8, -proc:none, -preserveAllLocals, -noExit, -enableJavadoc, /tmp/Ex2Amplifier-experiments/target/dspot/tmp_test_sources/org/jsoup/helper/DataUtilTest.java]
[123355] DEBUG Launcher - compiled in 128 ms
[123357] INFO CATGExecutor - Running CATG: java -Xmx4096M -Xms2048M -Djanala.loggerClass=janala.logger.DirectConcolicExecution -Djanala.conf=/tmp/Ex2Amplifier-experiments/lib/catg.conf  -javaagent:/tmp/Ex2Amplifier-experiments/lib/catg-dev.jar  -cp /home/spirals/danglot/.m2/repository/junit/junit/4.12/junit-4.12.jar:/home/spirals/danglot/.m2/repository/org/hamcrest/hamcrest-core/1.3/hamcrest-core-1.3.jar:/home/spirals/danglot/.m2/repository/com/google/code/gson/gson/2.7/gson-2.7.jar:/tmp/Ex2Amplifier-experiments/dataset/may-2018/jsoup/835_modified/target/classes:/tmp/Ex2Amplifier-experiments/target/dspot/dependencies:/tmp/Ex2Amplifier-experiments/dataset/may-2018/jsoup/835_modified/target/test-classes:lib/catg-dev.jar:/tmp/Ex2Amplifier-experiments/lib/catg-dev.jar:/tmp/Ex2Amplifier-experiments/lib/asm-all-5.0.4.jar:/tmp/Ex2Amplifier-experiments/lib/automaton-1.11-8.jar -ea org.jsoup.helper.DataUtilTest
WARNING: 
Error: inputs (No such file or directory)
Exception in thread "main" java.lang.NullPointerException
	at janala.interpreters.ConcolicInterpreter.visitGETVALUE_Object(ConcolicInterpreter.java:656)
	at janala.logger.inst.GETVALUE_Object.visit(GETVALUE_Object.java:16)
	at janala.logger.DirectConcolicExecution.log(DirectConcolicExecution.java:58)
	at janala.logger.AbstractLogger.INVOKEMETHOD_EXCEPTION(AbstractLogger.java:694)
	at janala.logger.DJVM.INVOKEMETHOD_EXCEPTION(DJVM.java:700)
	at org.jsoup.helper.DataUtilTest.main(DataUtilTest.java:121)
Exception in thread "Thread-1" java.lang.NullPointerException
	at janala.interpreters.ConcolicInterpreter.visitGETVALUE_Object(ConcolicInterpreter.java:656)
	at janala.logger.inst.GETVALUE_Object.visit(GETVALUE_Object.java:16)
	at janala.logger.DirectConcolicExecution.log(DirectConcolicExecution.java:58)
	at janala.logger.DirectConcolicExecution.finish(DirectConcolicExecution.java:46)
	at janala.logger.DirectConcolicExecution$Finisher.run(DirectConcolicExecution.java:41)
[124081] INFO Amplification - 0 amplified test(s) has been selected, global: 0
[124081] INFO Amplification - amp testQuotedCharset (6/12)
[124093] DEBUG Launcher - printing org.jsoup.helper.DataUtilTest to /tmp/Ex2Amplifier-experiments/target/dspot/tmp_test_sources
[124187] INFO EntryPoint - Run: java -cp /tmp/Ex2Amplifier-experiments/dataset/may-2018/jsoup/835_modified/target/test-classes:/tmp/Ex2Amplifier-experiments/dataset/may-2018/jsoup/835_modified/target/classes:/home/spirals/danglot/.m2/repository/junit/junit/4.12/junit-4.12.jar:/home/spirals/danglot/.m2/repository/org/hamcrest/hamcrest-core/1.3/hamcrest-core-1.3.jar:/home/spirals/danglot/.m2/repository/com/google/code/gson/gson/2.7/gson-2.7.jar:/tmp/Ex2Amplifier-experiments/target/dspot/dependencies:/home/spirals/danglot/.m2/repository/eu/stamp-project/test-runner/1.0.8/test-runner-1.0.8-jar-with-dependencies.jar eu.stamp_project.testrunner.runner.test.TestRunner org.jsoup.helper.DataUtilTest testQuotedCharset
File saved to the following path: /tmp/Ex2Amplifier-experiments/dataset/may-2018/jsoup/835_modified/target/dspot/TestListener.ser
[124916] INFO EntryPoint - Test has been run: testQuotedCharset
[124916] INFO Amplification - iteration 0:
[124916] INFO Amplification - 1 tests selected to be amplified over 1 available tests
100% |================================================== ]/
[124931] DEBUG Launcher - printing org.jsoup.helper.DataUtilTest to /tmp/Ex2Amplifier-experiments/target/dspot/tmp_test_sources
[124973] DEBUG Launcher - building sources: [/tmp/Ex2Amplifier-experiments/target/dspot/tmp_test_sources/org/jsoup/helper/DataUtilTest.java]
[124973] DEBUG Launcher - build args: [-encoding, UTF-8, -cp, /home/spirals/danglot/.m2/repository/junit/junit/4.12/junit-4.12.jar:/home/spirals/danglot/.m2/repository/org/hamcrest/hamcrest-core/1.3/hamcrest-core-1.3.jar:/home/spirals/danglot/.m2/repository/com/google/code/gson/gson/2.7/gson-2.7.jar:/tmp/Ex2Amplifier-experiments/dataset/may-2018/jsoup/835_modified/target/classes:/tmp/Ex2Amplifier-experiments/target/dspot/dependencies:/tmp/Ex2Amplifier-experiments/dataset/may-2018/jsoup/835_modified/target/test-classes:lib/catg-dev.jar:, -1.8, -preserveAllLocals, -noExit, -enableJavadoc, /tmp/Ex2Amplifier-experiments/target/dspot/tmp_test_sources/org/jsoup/helper/DataUtilTest.java]
[125063] DEBUG Launcher - built in 90 ms
[125063] DEBUG Launcher - building templates: []
[125063] DEBUG Launcher - built in 0 ms
[125064] DEBUG Launcher - model built in 91
[125064] DEBUG Launcher - compiling sources: [/tmp/Ex2Amplifier-experiments/target/dspot/tmp_test_sources/org/jsoup/helper/DataUtilTest.java]
[125066] DEBUG Launcher - compile args: [-encoding, UTF-8, -cp, /home/spirals/danglot/.m2/repository/junit/junit/4.12/junit-4.12.jar:/home/spirals/danglot/.m2/repository/org/hamcrest/hamcrest-core/1.3/hamcrest-core-1.3.jar:/home/spirals/danglot/.m2/repository/com/google/code/gson/gson/2.7/gson-2.7.jar:/tmp/Ex2Amplifier-experiments/dataset/may-2018/jsoup/835_modified/target/classes:/tmp/Ex2Amplifier-experiments/target/dspot/dependencies:/tmp/Ex2Amplifier-experiments/dataset/may-2018/jsoup/835_modified/target/test-classes:lib/catg-dev.jar:, -d, /tmp/Ex2Amplifier-experiments/dataset/may-2018/jsoup/835_modified/target/test-classes, -1.8, -proc:none, -preserveAllLocals, -noExit, -enableJavadoc, /tmp/Ex2Amplifier-experiments/target/dspot/tmp_test_sources/org/jsoup/helper/DataUtilTest.java]
[125195] DEBUG Launcher - compiled in 131 ms
[125197] INFO CATGExecutor - Running CATG: java -Xmx4096M -Xms2048M -Djanala.loggerClass=janala.logger.DirectConcolicExecution -Djanala.conf=/tmp/Ex2Amplifier-experiments/lib/catg.conf  -javaagent:/tmp/Ex2Amplifier-experiments/lib/catg-dev.jar  -cp /home/spirals/danglot/.m2/repository/junit/junit/4.12/junit-4.12.jar:/home/spirals/danglot/.m2/repository/org/hamcrest/hamcrest-core/1.3/hamcrest-core-1.3.jar:/home/spirals/danglot/.m2/repository/com/google/code/gson/gson/2.7/gson-2.7.jar:/tmp/Ex2Amplifier-experiments/dataset/may-2018/jsoup/835_modified/target/classes:/tmp/Ex2Amplifier-experiments/target/dspot/dependencies:/tmp/Ex2Amplifier-experiments/dataset/may-2018/jsoup/835_modified/target/test-classes:lib/catg-dev.jar:/tmp/Ex2Amplifier-experiments/lib/catg-dev.jar:/tmp/Ex2Amplifier-experiments/lib/asm-all-5.0.4.jar:/tmp/Ex2Amplifier-experiments/lib/automaton-1.11-8.jar -ea org.jsoup.helper.DataUtilTest
WARNING: 
Error: inputs (No such file or directory)
Exception in thread "main" java.lang.NullPointerException
	at janala.interpreters.ConcolicInterpreter.visitGETVALUE_Object(ConcolicInterpreter.java:656)
	at janala.logger.inst.GETVALUE_Object.visit(GETVALUE_Object.java:16)
	at janala.logger.DirectConcolicExecution.log(DirectConcolicExecution.java:58)
	at janala.logger.AbstractLogger.INVOKEMETHOD_EXCEPTION(AbstractLogger.java:694)
	at janala.logger.DJVM.INVOKEMETHOD_EXCEPTION(DJVM.java:700)
	at org.jsoup.helper.DataUtilTest.main(DataUtilTest.java:125)
Exception in thread "Thread-1" java.lang.NullPointerException
	at janala.interpreters.ConcolicInterpreter.visitGETVALUE_Object(ConcolicInterpreter.java:656)
	at janala.logger.inst.GETVALUE_Object.visit(GETVALUE_Object.java:16)
	at janala.logger.DirectConcolicExecution.log(DirectConcolicExecution.java:58)
	at janala.logger.DirectConcolicExecution.finish(DirectConcolicExecution.java:46)
	at janala.logger.DirectConcolicExecution$Finisher.run(DirectConcolicExecution.java:41)
[125913] INFO Amplification - 0 amplified test(s) has been selected, global: 0
[125913] INFO Amplification - amp secondMetaElementWithContentTypeContainsCharsetParameter (7/12)
[125925] DEBUG Launcher - printing org.jsoup.helper.DataUtilTest to /tmp/Ex2Amplifier-experiments/target/dspot/tmp_test_sources
[126017] INFO EntryPoint - Run: java -cp /tmp/Ex2Amplifier-experiments/dataset/may-2018/jsoup/835_modified/target/test-classes:/tmp/Ex2Amplifier-experiments/dataset/may-2018/jsoup/835_modified/target/classes:/home/spirals/danglot/.m2/repository/junit/junit/4.12/junit-4.12.jar:/home/spirals/danglot/.m2/repository/org/hamcrest/hamcrest-core/1.3/hamcrest-core-1.3.jar:/home/spirals/danglot/.m2/repository/com/google/code/gson/gson/2.7/gson-2.7.jar:/tmp/Ex2Amplifier-experiments/target/dspot/dependencies:/home/spirals/danglot/.m2/repository/eu/stamp-project/test-runner/1.0.8/test-runner-1.0.8-jar-with-dependencies.jar eu.stamp_project.testrunner.runner.test.TestRunner org.jsoup.helper.DataUtilTest secondMetaElementWithContentTypeContainsCharsetParameter
File saved to the following path: /tmp/Ex2Amplifier-experiments/dataset/may-2018/jsoup/835_modified/target/dspot/TestListener.ser
[126916] INFO EntryPoint - Test has been run: secondMetaElementWithContentTypeContainsCharsetParameter
[126917] INFO Amplification - iteration 0:
[126917] INFO Amplification - 1 tests selected to be amplified over 1 available tests
100% |================================================== ]/
[126954] DEBUG Launcher - printing org.jsoup.helper.DataUtilTest to /tmp/Ex2Amplifier-experiments/target/dspot/tmp_test_sources
[126996] DEBUG Launcher - building sources: [/tmp/Ex2Amplifier-experiments/target/dspot/tmp_test_sources/org/jsoup/helper/DataUtilTest.java]
[126997] DEBUG Launcher - build args: [-encoding, UTF-8, -cp, /home/spirals/danglot/.m2/repository/junit/junit/4.12/junit-4.12.jar:/home/spirals/danglot/.m2/repository/org/hamcrest/hamcrest-core/1.3/hamcrest-core-1.3.jar:/home/spirals/danglot/.m2/repository/com/google/code/gson/gson/2.7/gson-2.7.jar:/tmp/Ex2Amplifier-experiments/dataset/may-2018/jsoup/835_modified/target/classes:/tmp/Ex2Amplifier-experiments/target/dspot/dependencies:/tmp/Ex2Amplifier-experiments/dataset/may-2018/jsoup/835_modified/target/test-classes:lib/catg-dev.jar:, -1.8, -preserveAllLocals, -noExit, -enableJavadoc, /tmp/Ex2Amplifier-experiments/target/dspot/tmp_test_sources/org/jsoup/helper/DataUtilTest.java]
[127087] DEBUG Launcher - built in 91 ms
[127087] DEBUG Launcher - building templates: []
[127087] DEBUG Launcher - built in 0 ms
[127088] DEBUG Launcher - model built in 92
[127088] DEBUG Launcher - compiling sources: [/tmp/Ex2Amplifier-experiments/target/dspot/tmp_test_sources/org/jsoup/helper/DataUtilTest.java]
[127089] DEBUG Launcher - compile args: [-encoding, UTF-8, -cp, /home/spirals/danglot/.m2/repository/junit/junit/4.12/junit-4.12.jar:/home/spirals/danglot/.m2/repository/org/hamcrest/hamcrest-core/1.3/hamcrest-core-1.3.jar:/home/spirals/danglot/.m2/repository/com/google/code/gson/gson/2.7/gson-2.7.jar:/tmp/Ex2Amplifier-experiments/dataset/may-2018/jsoup/835_modified/target/classes:/tmp/Ex2Amplifier-experiments/target/dspot/dependencies:/tmp/Ex2Amplifier-experiments/dataset/may-2018/jsoup/835_modified/target/test-classes:lib/catg-dev.jar:, -d, /tmp/Ex2Amplifier-experiments/dataset/may-2018/jsoup/835_modified/target/test-classes, -1.8, -proc:none, -preserveAllLocals, -noExit, -enableJavadoc, /tmp/Ex2Amplifier-experiments/target/dspot/tmp_test_sources/org/jsoup/helper/DataUtilTest.java]
[127221] DEBUG Launcher - compiled in 133 ms
[127222] INFO CATGExecutor - Running CATG: java -Xmx4096M -Xms2048M -Djanala.loggerClass=janala.logger.DirectConcolicExecution -Djanala.conf=/tmp/Ex2Amplifier-experiments/lib/catg.conf  -javaagent:/tmp/Ex2Amplifier-experiments/lib/catg-dev.jar  -cp /home/spirals/danglot/.m2/repository/junit/junit/4.12/junit-4.12.jar:/home/spirals/danglot/.m2/repository/org/hamcrest/hamcrest-core/1.3/hamcrest-core-1.3.jar:/home/spirals/danglot/.m2/repository/com/google/code/gson/gson/2.7/gson-2.7.jar:/tmp/Ex2Amplifier-experiments/dataset/may-2018/jsoup/835_modified/target/classes:/tmp/Ex2Amplifier-experiments/target/dspot/dependencies:/tmp/Ex2Amplifier-experiments/dataset/may-2018/jsoup/835_modified/target/test-classes:lib/catg-dev.jar:/tmp/Ex2Amplifier-experiments/lib/catg-dev.jar:/tmp/Ex2Amplifier-experiments/lib/asm-all-5.0.4.jar:/tmp/Ex2Amplifier-experiments/lib/automaton-1.11-8.jar -ea org.jsoup.helper.DataUtilTest
WARNING: 
Error: inputs (No such file or directory)
java.lang.ArrayIndexOutOfBoundsException: 9
	at janala.interpreters.ObjectValue.setField(ObjectValue.java:104)
	at janala.interpreters.ConcolicInterpreter.visitPUTFIELD(ConcolicInterpreter.java:1395)
	at janala.logger.inst.PUTFIELD.visit(PUTFIELD.java:16)
	at janala.logger.DirectConcolicExecution.log(DirectConcolicExecution.java:58)
	at janala.logger.AbstractLogger.SPECIAL(AbstractLogger.java:706)
	at janala.logger.DJVM.SPECIAL(DJVM.java:708)
	at org.jsoup.parser.Token$StartTag.<init>(Token.java:219)
	at org.jsoup.parser.TreeBuilder.<init>(TreeBuilder.java:23)
	at org.jsoup.parser.HtmlTreeBuilder.<init>(HtmlTreeBuilder.java:46)
	at org.jsoup.parser.Parser.htmlParser(Parser.java:198)
	at org.jsoup.helper.DataUtilTest.main(DataUtilTest.java:128)
Exception in thread "main" java.lang.ArrayIndexOutOfBoundsException: -1
	at java.util.ArrayList.elementData(ArrayList.java:418)
	at java.util.ArrayList.remove(ArrayList.java:495)
	at janala.interpreters.Frame.pop(Frame.java:77)
	at janala.interpreters.ConcolicInterpreter.visitPUTFIELD(ConcolicInterpreter.java:1380)
	at janala.logger.inst.PUTFIELD.visit(PUTFIELD.java:16)
	at janala.logger.DirectConcolicExecution.log(DirectConcolicExecution.java:58)
	at janala.logger.AbstractLogger.ASTORE(AbstractLogger.java:217)
	at janala.logger.DJVM.ASTORE(DJVM.java:224)
	at org.jsoup.helper.DataUtilTest.main(DataUtilTest.java:130)
Exception in thread "Thread-1" java.lang.ArrayIndexOutOfBoundsException: -1
	at java.util.ArrayList.elementData(ArrayList.java:418)
	at java.util.ArrayList.remove(ArrayList.java:495)
	at janala.interpreters.Frame.pop(Frame.java:77)
	at janala.interpreters.ConcolicInterpreter.visitPUTFIELD(ConcolicInterpreter.java:1380)
	at janala.logger.inst.PUTFIELD.visit(PUTFIELD.java:16)
	at janala.logger.DirectConcolicExecution.log(DirectConcolicExecution.java:58)
	at janala.logger.DirectConcolicExecution.finish(DirectConcolicExecution.java:46)
	at janala.logger.DirectConcolicExecution$Finisher.run(DirectConcolicExecution.java:41)
[128246] INFO Amplification - 0 amplified test(s) has been selected, global: 0
[128246] INFO Amplification - amp discardsSpuriousByteOrderMarkWhenNoCharsetSet (8/12)
[128257] DEBUG Launcher - printing org.jsoup.helper.DataUtilTest to /tmp/Ex2Amplifier-experiments/target/dspot/tmp_test_sources
[128351] INFO EntryPoint - Run: java -cp /tmp/Ex2Amplifier-experiments/dataset/may-2018/jsoup/835_modified/target/test-classes:/tmp/Ex2Amplifier-experiments/dataset/may-2018/jsoup/835_modified/target/classes:/home/spirals/danglot/.m2/repository/junit/junit/4.12/junit-4.12.jar:/home/spirals/danglot/.m2/repository/org/hamcrest/hamcrest-core/1.3/hamcrest-core-1.3.jar:/home/spirals/danglot/.m2/repository/com/google/code/gson/gson/2.7/gson-2.7.jar:/tmp/Ex2Amplifier-experiments/target/dspot/dependencies:/home/spirals/danglot/.m2/repository/eu/stamp-project/test-runner/1.0.8/test-runner-1.0.8-jar-with-dependencies.jar eu.stamp_project.testrunner.runner.test.TestRunner org.jsoup.helper.DataUtilTest discardsSpuriousByteOrderMarkWhenNoCharsetSet
File saved to the following path: /tmp/Ex2Amplifier-experiments/dataset/may-2018/jsoup/835_modified/target/dspot/TestListener.ser
[129234] INFO EntryPoint - Test has been run: discardsSpuriousByteOrderMarkWhenNoCharsetSet
[129234] INFO Amplification - iteration 0:
[129234] INFO Amplification - 1 tests selected to be amplified over 1 available tests
100% |================================================== ]/
[129275] DEBUG Launcher - printing org.jsoup.helper.DataUtilTest to /tmp/Ex2Amplifier-experiments/target/dspot/tmp_test_sources
[129316] DEBUG Launcher - building sources: [/tmp/Ex2Amplifier-experiments/target/dspot/tmp_test_sources/org/jsoup/helper/DataUtilTest.java]
[129316] DEBUG Launcher - build args: [-encoding, UTF-8, -cp, /home/spirals/danglot/.m2/repository/junit/junit/4.12/junit-4.12.jar:/home/spirals/danglot/.m2/repository/org/hamcrest/hamcrest-core/1.3/hamcrest-core-1.3.jar:/home/spirals/danglot/.m2/repository/com/google/code/gson/gson/2.7/gson-2.7.jar:/tmp/Ex2Amplifier-experiments/dataset/may-2018/jsoup/835_modified/target/classes:/tmp/Ex2Amplifier-experiments/target/dspot/dependencies:/tmp/Ex2Amplifier-experiments/dataset/may-2018/jsoup/835_modified/target/test-classes:lib/catg-dev.jar:, -1.8, -preserveAllLocals, -noExit, -enableJavadoc, /tmp/Ex2Amplifier-experiments/target/dspot/tmp_test_sources/org/jsoup/helper/DataUtilTest.java]
[129405] DEBUG Launcher - built in 89 ms
[129405] DEBUG Launcher - building templates: []
[129405] DEBUG Launcher - built in 0 ms
[129406] DEBUG Launcher - model built in 90
[129406] DEBUG Launcher - compiling sources: [/tmp/Ex2Amplifier-experiments/target/dspot/tmp_test_sources/org/jsoup/helper/DataUtilTest.java]
[129407] DEBUG Launcher - compile args: [-encoding, UTF-8, -cp, /home/spirals/danglot/.m2/repository/junit/junit/4.12/junit-4.12.jar:/home/spirals/danglot/.m2/repository/org/hamcrest/hamcrest-core/1.3/hamcrest-core-1.3.jar:/home/spirals/danglot/.m2/repository/com/google/code/gson/gson/2.7/gson-2.7.jar:/tmp/Ex2Amplifier-experiments/dataset/may-2018/jsoup/835_modified/target/classes:/tmp/Ex2Amplifier-experiments/target/dspot/dependencies:/tmp/Ex2Amplifier-experiments/dataset/may-2018/jsoup/835_modified/target/test-classes:lib/catg-dev.jar:, -d, /tmp/Ex2Amplifier-experiments/dataset/may-2018/jsoup/835_modified/target/test-classes, -1.8, -proc:none, -preserveAllLocals, -noExit, -enableJavadoc, /tmp/Ex2Amplifier-experiments/target/dspot/tmp_test_sources/org/jsoup/helper/DataUtilTest.java]
[129533] DEBUG Launcher - compiled in 127 ms
[129535] INFO CATGExecutor - Running CATG: java -Xmx4096M -Xms2048M -Djanala.loggerClass=janala.logger.DirectConcolicExecution -Djanala.conf=/tmp/Ex2Amplifier-experiments/lib/catg.conf  -javaagent:/tmp/Ex2Amplifier-experiments/lib/catg-dev.jar  -cp /home/spirals/danglot/.m2/repository/junit/junit/4.12/junit-4.12.jar:/home/spirals/danglot/.m2/repository/org/hamcrest/hamcrest-core/1.3/hamcrest-core-1.3.jar:/home/spirals/danglot/.m2/repository/com/google/code/gson/gson/2.7/gson-2.7.jar:/tmp/Ex2Amplifier-experiments/dataset/may-2018/jsoup/835_modified/target/classes:/tmp/Ex2Amplifier-experiments/target/dspot/dependencies:/tmp/Ex2Amplifier-experiments/dataset/may-2018/jsoup/835_modified/target/test-classes:lib/catg-dev.jar:/tmp/Ex2Amplifier-experiments/lib/catg-dev.jar:/tmp/Ex2Amplifier-experiments/lib/asm-all-5.0.4.jar:/tmp/Ex2Amplifier-experiments/lib/automaton-1.11-8.jar -ea org.jsoup.helper.DataUtilTest
WARNING: 
Error: inputs (No such file or directory)
java.lang.ArrayIndexOutOfBoundsException: 9
	at janala.interpreters.ObjectValue.setField(ObjectValue.java:104)
	at janala.interpreters.ConcolicInterpreter.visitPUTFIELD(ConcolicInterpreter.java:1395)
	at janala.logger.inst.PUTFIELD.visit(PUTFIELD.java:16)
	at janala.logger.DirectConcolicExecution.log(DirectConcolicExecution.java:58)
	at janala.logger.AbstractLogger.SPECIAL(AbstractLogger.java:706)
	at janala.logger.DJVM.SPECIAL(DJVM.java:708)
	at org.jsoup.parser.Token$StartTag.<init>(Token.java:219)
	at org.jsoup.parser.TreeBuilder.<init>(TreeBuilder.java:23)
	at org.jsoup.parser.HtmlTreeBuilder.<init>(HtmlTreeBuilder.java:46)
	at org.jsoup.parser.Parser.htmlParser(Parser.java:198)
	at org.jsoup.helper.DataUtilTest.main(DataUtilTest.java:125)
Exception in thread "main" java.lang.ArrayIndexOutOfBoundsException: -1
	at java.util.ArrayList.elementData(ArrayList.java:418)
	at java.util.ArrayList.remove(ArrayList.java:495)
	at janala.interpreters.Frame.pop(Frame.java:77)
	at janala.interpreters.ConcolicInterpreter.visitPUTFIELD(ConcolicInterpreter.java:1380)
	at janala.logger.inst.PUTFIELD.visit(PUTFIELD.java:16)
	at janala.logger.DirectConcolicExecution.log(DirectConcolicExecution.java:58)
	at janala.logger.AbstractLogger.INVOKEMETHOD_EXCEPTION(AbstractLogger.java:694)
	at janala.logger.DJVM.INVOKEMETHOD_EXCEPTION(DJVM.java:700)
	at org.jsoup.helper.DataUtilTest.main(DataUtilTest.java:125)
Exception in thread "Thread-1" java.lang.ArrayIndexOutOfBoundsException: -1
	at java.util.ArrayList.elementData(ArrayList.java:418)
	at java.util.ArrayList.remove(ArrayList.java:495)
	at janala.interpreters.Frame.pop(Frame.java:77)
	at janala.interpreters.ConcolicInterpreter.visitPUTFIELD(ConcolicInterpreter.java:1380)
	at janala.logger.inst.PUTFIELD.visit(PUTFIELD.java:16)
	at janala.logger.DirectConcolicExecution.log(DirectConcolicExecution.java:58)
	at janala.logger.DirectConcolicExecution.finish(DirectConcolicExecution.java:46)
	at janala.logger.DirectConcolicExecution$Finisher.run(DirectConcolicExecution.java:41)
[130541] INFO Amplification - 0 amplified test(s) has been selected, global: 0
[130541] INFO Amplification - amp discardsSpuriousByteOrderMark (9/12)
[130552] DEBUG Launcher - printing org.jsoup.helper.DataUtilTest to /tmp/Ex2Amplifier-experiments/target/dspot/tmp_test_sources
[130645] INFO EntryPoint - Run: java -cp /tmp/Ex2Amplifier-experiments/dataset/may-2018/jsoup/835_modified/target/test-classes:/tmp/Ex2Amplifier-experiments/dataset/may-2018/jsoup/835_modified/target/classes:/home/spirals/danglot/.m2/repository/junit/junit/4.12/junit-4.12.jar:/home/spirals/danglot/.m2/repository/org/hamcrest/hamcrest-core/1.3/hamcrest-core-1.3.jar:/home/spirals/danglot/.m2/repository/com/google/code/gson/gson/2.7/gson-2.7.jar:/tmp/Ex2Amplifier-experiments/target/dspot/dependencies:/home/spirals/danglot/.m2/repository/eu/stamp-project/test-runner/1.0.8/test-runner-1.0.8-jar-with-dependencies.jar eu.stamp_project.testrunner.runner.test.TestRunner org.jsoup.helper.DataUtilTest discardsSpuriousByteOrderMark
File saved to the following path: /tmp/Ex2Amplifier-experiments/dataset/may-2018/jsoup/835_modified/target/dspot/TestListener.ser
[131509] INFO EntryPoint - Test has been run: discardsSpuriousByteOrderMark
[131509] INFO Amplification - iteration 0:
[131509] INFO Amplification - 1 tests selected to be amplified over 1 available tests
100% |================================================== ]/
[131544] DEBUG Launcher - printing org.jsoup.helper.DataUtilTest to /tmp/Ex2Amplifier-experiments/target/dspot/tmp_test_sources
[131584] DEBUG Launcher - building sources: [/tmp/Ex2Amplifier-experiments/target/dspot/tmp_test_sources/org/jsoup/helper/DataUtilTest.java]
[131585] DEBUG Launcher - build args: [-encoding, UTF-8, -cp, /home/spirals/danglot/.m2/repository/junit/junit/4.12/junit-4.12.jar:/home/spirals/danglot/.m2/repository/org/hamcrest/hamcrest-core/1.3/hamcrest-core-1.3.jar:/home/spirals/danglot/.m2/repository/com/google/code/gson/gson/2.7/gson-2.7.jar:/tmp/Ex2Amplifier-experiments/dataset/may-2018/jsoup/835_modified/target/classes:/tmp/Ex2Amplifier-experiments/target/dspot/dependencies:/tmp/Ex2Amplifier-experiments/dataset/may-2018/jsoup/835_modified/target/test-classes:lib/catg-dev.jar:, -1.8, -preserveAllLocals, -noExit, -enableJavadoc, /tmp/Ex2Amplifier-experiments/target/dspot/tmp_test_sources/org/jsoup/helper/DataUtilTest.java]
[131673] DEBUG Launcher - built in 89 ms
[131673] DEBUG Launcher - building templates: []
[131674] DEBUG Launcher - built in 1 ms
[131674] DEBUG Launcher - model built in 90
[131674] DEBUG Launcher - compiling sources: [/tmp/Ex2Amplifier-experiments/target/dspot/tmp_test_sources/org/jsoup/helper/DataUtilTest.java]
[131676] DEBUG Launcher - compile args: [-encoding, UTF-8, -cp, /home/spirals/danglot/.m2/repository/junit/junit/4.12/junit-4.12.jar:/home/spirals/danglot/.m2/repository/org/hamcrest/hamcrest-core/1.3/hamcrest-core-1.3.jar:/home/spirals/danglot/.m2/repository/com/google/code/gson/gson/2.7/gson-2.7.jar:/tmp/Ex2Amplifier-experiments/dataset/may-2018/jsoup/835_modified/target/classes:/tmp/Ex2Amplifier-experiments/target/dspot/dependencies:/tmp/Ex2Amplifier-experiments/dataset/may-2018/jsoup/835_modified/target/test-classes:lib/catg-dev.jar:, -d, /tmp/Ex2Amplifier-experiments/dataset/may-2018/jsoup/835_modified/target/test-classes, -1.8, -proc:none, -preserveAllLocals, -noExit, -enableJavadoc, /tmp/Ex2Amplifier-experiments/target/dspot/tmp_test_sources/org/jsoup/helper/DataUtilTest.java]
[131800] DEBUG Launcher - compiled in 126 ms
[131802] INFO CATGExecutor - Running CATG: java -Xmx4096M -Xms2048M -Djanala.loggerClass=janala.logger.DirectConcolicExecution -Djanala.conf=/tmp/Ex2Amplifier-experiments/lib/catg.conf  -javaagent:/tmp/Ex2Amplifier-experiments/lib/catg-dev.jar  -cp /home/spirals/danglot/.m2/repository/junit/junit/4.12/junit-4.12.jar:/home/spirals/danglot/.m2/repository/org/hamcrest/hamcrest-core/1.3/hamcrest-core-1.3.jar:/home/spirals/danglot/.m2/repository/com/google/code/gson/gson/2.7/gson-2.7.jar:/tmp/Ex2Amplifier-experiments/dataset/may-2018/jsoup/835_modified/target/classes:/tmp/Ex2Amplifier-experiments/target/dspot/dependencies:/tmp/Ex2Amplifier-experiments/dataset/may-2018/jsoup/835_modified/target/test-classes:lib/catg-dev.jar:/tmp/Ex2Amplifier-experiments/lib/catg-dev.jar:/tmp/Ex2Amplifier-experiments/lib/asm-all-5.0.4.jar:/tmp/Ex2Amplifier-experiments/lib/automaton-1.11-8.jar -ea org.jsoup.helper.DataUtilTest
WARNING: 
Error: inputs (No such file or directory)
java.lang.ArrayIndexOutOfBoundsException: 9
	at janala.interpreters.ObjectValue.setField(ObjectValue.java:104)
	at janala.interpreters.ConcolicInterpreter.visitPUTFIELD(ConcolicInterpreter.java:1395)
	at janala.logger.inst.PUTFIELD.visit(PUTFIELD.java:16)
	at janala.logger.DirectConcolicExecution.log(DirectConcolicExecution.java:58)
	at janala.logger.AbstractLogger.SPECIAL(AbstractLogger.java:706)
	at janala.logger.DJVM.SPECIAL(DJVM.java:708)
	at org.jsoup.parser.Token$StartTag.<init>(Token.java:219)
	at org.jsoup.parser.TreeBuilder.<init>(TreeBuilder.java:23)
	at org.jsoup.parser.HtmlTreeBuilder.<init>(HtmlTreeBuilder.java:46)
	at org.jsoup.parser.Parser.htmlParser(Parser.java:198)
	at org.jsoup.helper.DataUtilTest.main(DataUtilTest.java:126)
Exception in thread "main" java.lang.ArrayIndexOutOfBoundsException: -1
	at java.util.ArrayList.elementData(ArrayList.java:418)
	at java.util.ArrayList.remove(ArrayList.java:495)
	at janala.interpreters.Frame.pop(Frame.java:77)
	at janala.interpreters.ConcolicInterpreter.visitPUTFIELD(ConcolicInterpreter.java:1380)
	at janala.logger.inst.PUTFIELD.visit(PUTFIELD.java:16)
	at janala.logger.DirectConcolicExecution.log(DirectConcolicExecution.java:58)
	at janala.logger.AbstractLogger.INVOKEMETHOD_EXCEPTION(AbstractLogger.java:694)
	at janala.logger.DJVM.INVOKEMETHOD_EXCEPTION(DJVM.java:700)
	at org.jsoup.helper.DataUtilTest.main(DataUtilTest.java:126)
Exception in thread "Thread-1" java.lang.ArrayIndexOutOfBoundsException: -1
	at java.util.ArrayList.elementData(ArrayList.java:418)
	at java.util.ArrayList.remove(ArrayList.java:495)
	at janala.interpreters.Frame.pop(Frame.java:77)
	at janala.interpreters.ConcolicInterpreter.visitPUTFIELD(ConcolicInterpreter.java:1380)
	at janala.logger.inst.PUTFIELD.visit(PUTFIELD.java:16)
	at janala.logger.DirectConcolicExecution.log(DirectConcolicExecution.java:58)
	at janala.logger.DirectConcolicExecution.finish(DirectConcolicExecution.java:46)
	at janala.logger.DirectConcolicExecution$Finisher.run(DirectConcolicExecution.java:41)
[132787] INFO Amplification - 0 amplified test(s) has been selected, global: 0
[132787] INFO Amplification - amp wrongMetaCharsetFallback (10/12)
[132798] DEBUG Launcher - printing org.jsoup.helper.DataUtilTest to /tmp/Ex2Amplifier-experiments/target/dspot/tmp_test_sources
[132890] INFO EntryPoint - Run: java -cp /tmp/Ex2Amplifier-experiments/dataset/may-2018/jsoup/835_modified/target/test-classes:/tmp/Ex2Amplifier-experiments/dataset/may-2018/jsoup/835_modified/target/classes:/home/spirals/danglot/.m2/repository/junit/junit/4.12/junit-4.12.jar:/home/spirals/danglot/.m2/repository/org/hamcrest/hamcrest-core/1.3/hamcrest-core-1.3.jar:/home/spirals/danglot/.m2/repository/com/google/code/gson/gson/2.7/gson-2.7.jar:/tmp/Ex2Amplifier-experiments/target/dspot/dependencies:/home/spirals/danglot/.m2/repository/eu/stamp-project/test-runner/1.0.8/test-runner-1.0.8-jar-with-dependencies.jar eu.stamp_project.testrunner.runner.test.TestRunner org.jsoup.helper.DataUtilTest wrongMetaCharsetFallback
File saved to the following path: /tmp/Ex2Amplifier-experiments/dataset/may-2018/jsoup/835_modified/target/dspot/TestListener.ser
[133785] INFO EntryPoint - Test has been run: wrongMetaCharsetFallback
[133785] INFO Amplification - iteration 0:
[133785] INFO Amplification - 1 tests selected to be amplified over 1 available tests
100% |================================================== ]/
[133819] DEBUG Launcher - printing org.jsoup.helper.DataUtilTest to /tmp/Ex2Amplifier-experiments/target/dspot/tmp_test_sources
[133859] DEBUG Launcher - building sources: [/tmp/Ex2Amplifier-experiments/target/dspot/tmp_test_sources/org/jsoup/helper/DataUtilTest.java]
[133860] DEBUG Launcher - build args: [-encoding, UTF-8, -cp, /home/spirals/danglot/.m2/repository/junit/junit/4.12/junit-4.12.jar:/home/spirals/danglot/.m2/repository/org/hamcrest/hamcrest-core/1.3/hamcrest-core-1.3.jar:/home/spirals/danglot/.m2/repository/com/google/code/gson/gson/2.7/gson-2.7.jar:/tmp/Ex2Amplifier-experiments/dataset/may-2018/jsoup/835_modified/target/classes:/tmp/Ex2Amplifier-experiments/target/dspot/dependencies:/tmp/Ex2Amplifier-experiments/dataset/may-2018/jsoup/835_modified/target/test-classes:lib/catg-dev.jar:, -1.8, -preserveAllLocals, -noExit, -enableJavadoc, /tmp/Ex2Amplifier-experiments/target/dspot/tmp_test_sources/org/jsoup/helper/DataUtilTest.java]
[133951] DEBUG Launcher - built in 92 ms
[133951] DEBUG Launcher - building templates: []
[133951] DEBUG Launcher - built in 0 ms
[133952] DEBUG Launcher - model built in 93
[133952] DEBUG Launcher - compiling sources: [/tmp/Ex2Amplifier-experiments/target/dspot/tmp_test_sources/org/jsoup/helper/DataUtilTest.java]
[133954] DEBUG Launcher - compile args: [-encoding, UTF-8, -cp, /home/spirals/danglot/.m2/repository/junit/junit/4.12/junit-4.12.jar:/home/spirals/danglot/.m2/repository/org/hamcrest/hamcrest-core/1.3/hamcrest-core-1.3.jar:/home/spirals/danglot/.m2/repository/com/google/code/gson/gson/2.7/gson-2.7.jar:/tmp/Ex2Amplifier-experiments/dataset/may-2018/jsoup/835_modified/target/classes:/tmp/Ex2Amplifier-experiments/target/dspot/dependencies:/tmp/Ex2Amplifier-experiments/dataset/may-2018/jsoup/835_modified/target/test-classes:lib/catg-dev.jar:, -d, /tmp/Ex2Amplifier-experiments/dataset/may-2018/jsoup/835_modified/target/test-classes, -1.8, -proc:none, -preserveAllLocals, -noExit, -enableJavadoc, /tmp/Ex2Amplifier-experiments/target/dspot/tmp_test_sources/org/jsoup/helper/DataUtilTest.java]
[134087] DEBUG Launcher - compiled in 135 ms
[134088] INFO CATGExecutor - Running CATG: java -Xmx4096M -Xms2048M -Djanala.loggerClass=janala.logger.DirectConcolicExecution -Djanala.conf=/tmp/Ex2Amplifier-experiments/lib/catg.conf  -javaagent:/tmp/Ex2Amplifier-experiments/lib/catg-dev.jar  -cp /home/spirals/danglot/.m2/repository/junit/junit/4.12/junit-4.12.jar:/home/spirals/danglot/.m2/repository/org/hamcrest/hamcrest-core/1.3/hamcrest-core-1.3.jar:/home/spirals/danglot/.m2/repository/com/google/code/gson/gson/2.7/gson-2.7.jar:/tmp/Ex2Amplifier-experiments/dataset/may-2018/jsoup/835_modified/target/classes:/tmp/Ex2Amplifier-experiments/target/dspot/dependencies:/tmp/Ex2Amplifier-experiments/dataset/may-2018/jsoup/835_modified/target/test-classes:lib/catg-dev.jar:/tmp/Ex2Amplifier-experiments/lib/catg-dev.jar:/tmp/Ex2Amplifier-experiments/lib/asm-all-5.0.4.jar:/tmp/Ex2Amplifier-experiments/lib/automaton-1.11-8.jar -ea org.jsoup.helper.DataUtilTest
WARNING: 
Error: inputs (No such file or directory)
java.lang.ArrayIndexOutOfBoundsException: 9
	at janala.interpreters.ObjectValue.setField(ObjectValue.java:104)
	at janala.interpreters.ConcolicInterpreter.visitPUTFIELD(ConcolicInterpreter.java:1395)
	at janala.logger.inst.PUTFIELD.visit(PUTFIELD.java:16)
	at janala.logger.DirectConcolicExecution.log(DirectConcolicExecution.java:58)
	at janala.logger.AbstractLogger.SPECIAL(AbstractLogger.java:706)
	at janala.logger.DJVM.SPECIAL(DJVM.java:708)
	at org.jsoup.parser.Token$StartTag.<init>(Token.java:219)
	at org.jsoup.parser.TreeBuilder.<init>(TreeBuilder.java:23)
	at org.jsoup.parser.HtmlTreeBuilder.<init>(HtmlTreeBuilder.java:46)
	at org.jsoup.parser.Parser.htmlParser(Parser.java:198)
	at org.jsoup.helper.DataUtilTest.main(DataUtilTest.java:132)
Exception in thread "main" java.lang.ArrayIndexOutOfBoundsException: -1
	at java.util.ArrayList.elementData(ArrayList.java:418)
	at java.util.ArrayList.remove(ArrayList.java:495)
	at janala.interpreters.Frame.pop(Frame.java:77)
	at janala.interpreters.ConcolicInterpreter.visitPUTFIELD(ConcolicInterpreter.java:1380)
	at janala.logger.inst.PUTFIELD.visit(PUTFIELD.java:16)
	at janala.logger.DirectConcolicExecution.log(DirectConcolicExecution.java:58)
	at janala.logger.AbstractLogger.INVOKEMETHOD_EXCEPTION(AbstractLogger.java:694)
	at janala.logger.DJVM.INVOKEMETHOD_EXCEPTION(DJVM.java:700)
	at org.jsoup.helper.DataUtilTest.main(DataUtilTest.java:132)
Exception in thread "Thread-1" java.lang.ArrayIndexOutOfBoundsException: -1
	at java.util.ArrayList.elementData(ArrayList.java:418)
	at java.util.ArrayList.remove(ArrayList.java:495)
	at janala.interpreters.Frame.pop(Frame.java:77)
	at janala.interpreters.ConcolicInterpreter.visitPUTFIELD(ConcolicInterpreter.java:1380)
	at janala.logger.inst.PUTFIELD.visit(PUTFIELD.java:16)
	at janala.logger.DirectConcolicExecution.log(DirectConcolicExecution.java:58)
	at janala.logger.DirectConcolicExecution.finish(DirectConcolicExecution.java:46)
	at janala.logger.DirectConcolicExecution$Finisher.run(DirectConcolicExecution.java:41)
[135112] INFO Amplification - 0 amplified test(s) has been selected, global: 0
[135112] INFO Amplification - amp testCharset (11/12)
[135123] DEBUG Launcher - printing org.jsoup.helper.DataUtilTest to /tmp/Ex2Amplifier-experiments/target/dspot/tmp_test_sources
[135214] INFO EntryPoint - Run: java -cp /tmp/Ex2Amplifier-experiments/dataset/may-2018/jsoup/835_modified/target/test-classes:/tmp/Ex2Amplifier-experiments/dataset/may-2018/jsoup/835_modified/target/classes:/home/spirals/danglot/.m2/repository/junit/junit/4.12/junit-4.12.jar:/home/spirals/danglot/.m2/repository/org/hamcrest/hamcrest-core/1.3/hamcrest-core-1.3.jar:/home/spirals/danglot/.m2/repository/com/google/code/gson/gson/2.7/gson-2.7.jar:/tmp/Ex2Amplifier-experiments/target/dspot/dependencies:/home/spirals/danglot/.m2/repository/eu/stamp-project/test-runner/1.0.8/test-runner-1.0.8-jar-with-dependencies.jar eu.stamp_project.testrunner.runner.test.TestRunner org.jsoup.helper.DataUtilTest testCharset
File saved to the following path: /tmp/Ex2Amplifier-experiments/dataset/may-2018/jsoup/835_modified/target/dspot/TestListener.ser
[135934] INFO EntryPoint - Test has been run: testCharset
[135934] INFO Amplification - iteration 0:
[135934] INFO Amplification - 1 tests selected to be amplified over 1 available tests
100% |================================================== ]/
[135949] DEBUG Launcher - printing org.jsoup.helper.DataUtilTest to /tmp/Ex2Amplifier-experiments/target/dspot/tmp_test_sources
[135988] DEBUG Launcher - building sources: [/tmp/Ex2Amplifier-experiments/target/dspot/tmp_test_sources/org/jsoup/helper/DataUtilTest.java]
[135988] DEBUG Launcher - build args: [-encoding, UTF-8, -cp, /home/spirals/danglot/.m2/repository/junit/junit/4.12/junit-4.12.jar:/home/spirals/danglot/.m2/repository/org/hamcrest/hamcrest-core/1.3/hamcrest-core-1.3.jar:/home/spirals/danglot/.m2/repository/com/google/code/gson/gson/2.7/gson-2.7.jar:/tmp/Ex2Amplifier-experiments/dataset/may-2018/jsoup/835_modified/target/classes:/tmp/Ex2Amplifier-experiments/target/dspot/dependencies:/tmp/Ex2Amplifier-experiments/dataset/may-2018/jsoup/835_modified/target/test-classes:lib/catg-dev.jar:, -1.8, -preserveAllLocals, -noExit, -enableJavadoc, /tmp/Ex2Amplifier-experiments/target/dspot/tmp_test_sources/org/jsoup/helper/DataUtilTest.java]
[136076] DEBUG Launcher - built in 88 ms
[136076] DEBUG Launcher - building templates: []
[136076] DEBUG Launcher - built in 0 ms
[136076] DEBUG Launcher - model built in 88
[136077] DEBUG Launcher - compiling sources: [/tmp/Ex2Amplifier-experiments/target/dspot/tmp_test_sources/org/jsoup/helper/DataUtilTest.java]
[136078] DEBUG Launcher - compile args: [-encoding, UTF-8, -cp, /home/spirals/danglot/.m2/repository/junit/junit/4.12/junit-4.12.jar:/home/spirals/danglot/.m2/repository/org/hamcrest/hamcrest-core/1.3/hamcrest-core-1.3.jar:/home/spirals/danglot/.m2/repository/com/google/code/gson/gson/2.7/gson-2.7.jar:/tmp/Ex2Amplifier-experiments/dataset/may-2018/jsoup/835_modified/target/classes:/tmp/Ex2Amplifier-experiments/target/dspot/dependencies:/tmp/Ex2Amplifier-experiments/dataset/may-2018/jsoup/835_modified/target/test-classes:lib/catg-dev.jar:, -d, /tmp/Ex2Amplifier-experiments/dataset/may-2018/jsoup/835_modified/target/test-classes, -1.8, -proc:none, -preserveAllLocals, -noExit, -enableJavadoc, /tmp/Ex2Amplifier-experiments/target/dspot/tmp_test_sources/org/jsoup/helper/DataUtilTest.java]
[136203] DEBUG Launcher - compiled in 126 ms
[136205] INFO CATGExecutor - Running CATG: java -Xmx4096M -Xms2048M -Djanala.loggerClass=janala.logger.DirectConcolicExecution -Djanala.conf=/tmp/Ex2Amplifier-experiments/lib/catg.conf  -javaagent:/tmp/Ex2Amplifier-experiments/lib/catg-dev.jar  -cp /home/spirals/danglot/.m2/repository/junit/junit/4.12/junit-4.12.jar:/home/spirals/danglot/.m2/repository/org/hamcrest/hamcrest-core/1.3/hamcrest-core-1.3.jar:/home/spirals/danglot/.m2/repository/com/google/code/gson/gson/2.7/gson-2.7.jar:/tmp/Ex2Amplifier-experiments/dataset/may-2018/jsoup/835_modified/target/classes:/tmp/Ex2Amplifier-experiments/target/dspot/dependencies:/tmp/Ex2Amplifier-experiments/dataset/may-2018/jsoup/835_modified/target/test-classes:lib/catg-dev.jar:/tmp/Ex2Amplifier-experiments/lib/catg-dev.jar:/tmp/Ex2Amplifier-experiments/lib/asm-all-5.0.4.jar:/tmp/Ex2Amplifier-experiments/lib/automaton-1.11-8.jar -ea org.jsoup.helper.DataUtilTest
WARNING: 
Error: inputs (No such file or directory)
Exception in thread "main" java.lang.NullPointerException
	at janala.interpreters.ConcolicInterpreter.visitGETVALUE_Object(ConcolicInterpreter.java:656)
	at janala.logger.inst.GETVALUE_Object.visit(GETVALUE_Object.java:16)
	at janala.logger.DirectConcolicExecution.log(DirectConcolicExecution.java:58)
	at janala.logger.AbstractLogger.INVOKEMETHOD_EXCEPTION(AbstractLogger.java:694)
	at janala.logger.DJVM.INVOKEMETHOD_EXCEPTION(DJVM.java:700)
	at org.jsoup.helper.DataUtilTest.main(DataUtilTest.java:125)
Exception in thread "Thread-1" java.lang.NullPointerException
	at janala.interpreters.ConcolicInterpreter.visitGETVALUE_Object(ConcolicInterpreter.java:656)
	at janala.logger.inst.GETVALUE_Object.visit(GETVALUE_Object.java:16)
	at janala.logger.DirectConcolicExecution.log(DirectConcolicExecution.java:58)
	at janala.logger.DirectConcolicExecution.finish(DirectConcolicExecution.java:46)
	at janala.logger.DirectConcolicExecution$Finisher.run(DirectConcolicExecution.java:41)
[136950] INFO Amplification - 0 amplified test(s) has been selected, global: 0
[136950] INFO Amplification - amp shouldCorrectCharsetForDuplicateCharsetString (12/12)
[136961] DEBUG Launcher - printing org.jsoup.helper.DataUtilTest to /tmp/Ex2Amplifier-experiments/target/dspot/tmp_test_sources
[137052] INFO EntryPoint - Run: java -cp /tmp/Ex2Amplifier-experiments/dataset/may-2018/jsoup/835_modified/target/test-classes:/tmp/Ex2Amplifier-experiments/dataset/may-2018/jsoup/835_modified/target/classes:/home/spirals/danglot/.m2/repository/junit/junit/4.12/junit-4.12.jar:/home/spirals/danglot/.m2/repository/org/hamcrest/hamcrest-core/1.3/hamcrest-core-1.3.jar:/home/spirals/danglot/.m2/repository/com/google/code/gson/gson/2.7/gson-2.7.jar:/tmp/Ex2Amplifier-experiments/target/dspot/dependencies:/home/spirals/danglot/.m2/repository/eu/stamp-project/test-runner/1.0.8/test-runner-1.0.8-jar-with-dependencies.jar eu.stamp_project.testrunner.runner.test.TestRunner org.jsoup.helper.DataUtilTest shouldCorrectCharsetForDuplicateCharsetString
File saved to the following path: /tmp/Ex2Amplifier-experiments/dataset/may-2018/jsoup/835_modified/target/dspot/TestListener.ser
[137775] INFO EntryPoint - Test has been run: shouldCorrectCharsetForDuplicateCharsetString
[137775] INFO Amplification - iteration 0:
[137775] INFO Amplification - 1 tests selected to be amplified over 1 available tests
100% |================================================== ]/
[137783] DEBUG Launcher - printing org.jsoup.helper.DataUtilTest to /tmp/Ex2Amplifier-experiments/target/dspot/tmp_test_sources
[137820] DEBUG Launcher - building sources: [/tmp/Ex2Amplifier-experiments/target/dspot/tmp_test_sources/org/jsoup/helper/DataUtilTest.java]
[137821] DEBUG Launcher - build args: [-encoding, UTF-8, -cp, /home/spirals/danglot/.m2/repository/junit/junit/4.12/junit-4.12.jar:/home/spirals/danglot/.m2/repository/org/hamcrest/hamcrest-core/1.3/hamcrest-core-1.3.jar:/home/spirals/danglot/.m2/repository/com/google/code/gson/gson/2.7/gson-2.7.jar:/tmp/Ex2Amplifier-experiments/dataset/may-2018/jsoup/835_modified/target/classes:/tmp/Ex2Amplifier-experiments/target/dspot/dependencies:/tmp/Ex2Amplifier-experiments/dataset/may-2018/jsoup/835_modified/target/test-classes:lib/catg-dev.jar:, -1.8, -preserveAllLocals, -noExit, -enableJavadoc, /tmp/Ex2Amplifier-experiments/target/dspot/tmp_test_sources/org/jsoup/helper/DataUtilTest.java]
[137908] DEBUG Launcher - built in 88 ms
[137908] DEBUG Launcher - building templates: []
[137908] DEBUG Launcher - built in 0 ms
[137909] DEBUG Launcher - model built in 89
[137909] DEBUG Launcher - compiling sources: [/tmp/Ex2Amplifier-experiments/target/dspot/tmp_test_sources/org/jsoup/helper/DataUtilTest.java]
[137911] DEBUG Launcher - compile args: [-encoding, UTF-8, -cp, /home/spirals/danglot/.m2/repository/junit/junit/4.12/junit-4.12.jar:/home/spirals/danglot/.m2/repository/org/hamcrest/hamcrest-core/1.3/hamcrest-core-1.3.jar:/home/spirals/danglot/.m2/repository/com/google/code/gson/gson/2.7/gson-2.7.jar:/tmp/Ex2Amplifier-experiments/dataset/may-2018/jsoup/835_modified/target/classes:/tmp/Ex2Amplifier-experiments/target/dspot/dependencies:/tmp/Ex2Amplifier-experiments/dataset/may-2018/jsoup/835_modified/target/test-classes:lib/catg-dev.jar:, -d, /tmp/Ex2Amplifier-experiments/dataset/may-2018/jsoup/835_modified/target/test-classes, -1.8, -proc:none, -preserveAllLocals, -noExit, -enableJavadoc, /tmp/Ex2Amplifier-experiments/target/dspot/tmp_test_sources/org/jsoup/helper/DataUtilTest.java]
[138031] DEBUG Launcher - compiled in 122 ms
[138033] INFO CATGExecutor - Running CATG: java -Xmx4096M -Xms2048M -Djanala.loggerClass=janala.logger.DirectConcolicExecution -Djanala.conf=/tmp/Ex2Amplifier-experiments/lib/catg.conf  -javaagent:/tmp/Ex2Amplifier-experiments/lib/catg-dev.jar  -cp /home/spirals/danglot/.m2/repository/junit/junit/4.12/junit-4.12.jar:/home/spirals/danglot/.m2/repository/org/hamcrest/hamcrest-core/1.3/hamcrest-core-1.3.jar:/home/spirals/danglot/.m2/repository/com/google/code/gson/gson/2.7/gson-2.7.jar:/tmp/Ex2Amplifier-experiments/dataset/may-2018/jsoup/835_modified/target/classes:/tmp/Ex2Amplifier-experiments/target/dspot/dependencies:/tmp/Ex2Amplifier-experiments/dataset/may-2018/jsoup/835_modified/target/test-classes:lib/catg-dev.jar:/tmp/Ex2Amplifier-experiments/lib/catg-dev.jar:/tmp/Ex2Amplifier-experiments/lib/asm-all-5.0.4.jar:/tmp/Ex2Amplifier-experiments/lib/automaton-1.11-8.jar -ea org.jsoup.helper.DataUtilTest
WARNING: 
Error: inputs (No such file or directory)
Exception in thread "main" java.lang.NullPointerException
	at janala.interpreters.ConcolicInterpreter.visitGETVALUE_Object(ConcolicInterpreter.java:656)
	at janala.logger.inst.GETVALUE_Object.visit(GETVALUE_Object.java:16)
	at janala.logger.DirectConcolicExecution.log(DirectConcolicExecution.java:58)
	at janala.logger.AbstractLogger.INVOKEMETHOD_EXCEPTION(AbstractLogger.java:694)
	at janala.logger.DJVM.INVOKEMETHOD_EXCEPTION(DJVM.java:700)
	at org.jsoup.helper.DataUtilTest.main(DataUtilTest.java:121)
Exception in thread "Thread-1" java.lang.NullPointerException
	at janala.interpreters.ConcolicInterpreter.visitGETVALUE_Object(ConcolicInterpreter.java:656)
	at janala.logger.inst.GETVALUE_Object.visit(GETVALUE_Object.java:16)
	at janala.logger.DirectConcolicExecution.log(DirectConcolicExecution.java:58)
	at janala.logger.DirectConcolicExecution.finish(DirectConcolicExecution.java:46)
	at janala.logger.DirectConcolicExecution$Finisher.run(DirectConcolicExecution.java:41)
[138775] INFO Amplification - 0 amplified test(s) has been selected, global: 0
[138775] INFO DSpot - elapsedTime 31192
======= REPORT =======
0 amplified test fails on the new versions.

[139019] INFO DSpot - Print AmplDataUtilTest with 0?amplified test cases in results/may-2018/jsoup/835_modified/CATG
