SLF4J: Class path contains multiple SLF4J bindings.
SLF4J: Found binding in [jar:file:/home/spirals/danglot/.m2/repository/eu/stamp-project/test-runner/1.0.8/test-runner-1.0.8-jar-with-dependencies.jar!/org/slf4j/impl/StaticLoggerBinder.class]
SLF4J: Found binding in [jar:file:/home/spirals/danglot/.m2/repository/org/slf4j/slf4j-log4j12/1.7.25/slf4j-log4j12-1.7.25.jar!/org/slf4j/impl/StaticLoggerBinder.class]
SLF4J: See http://www.slf4j.org/codes.html#multiple_bindings for an explanation.
SLF4J: Actual binding is of type [org.slf4j.impl.Log4jLoggerFactory]
[0] WARN AutomaticBuilderFactory - No automatic builder specified in configuration, going to default.
[1] INFO AutomaticBuilderFactory - Default: provided Maven automatic builder.
[19] INFO MavenAutomaticBuilder - run maven clean test -DskipTests dependency:build-classpath -Dmdep.outputFile=target/dspot/classpath
[WARN] Maven will be executed in interactive mode, but no input stream has been configured for this MavenInvoker instance.
[INFO] Scanning for projects...
[INFO]                                                                         
[INFO] ------------------------------------------------------------------------
[INFO] Building jsoup Java HTML Parser 1.11.3-SNAPSHOT
[INFO] ------------------------------------------------------------------------
[INFO] 
[INFO] --- maven-clean-plugin:2.5:clean (default-clean) @ jsoup ---
[INFO] Deleting /tmp/Ex2Amplifier-experiments/dataset/may-2018/jsoup/1038_modified/target
[INFO] 
[INFO] --- maven-resources-plugin:3.0.1:resources (default-resources) @ jsoup ---
[INFO] Using 'UTF-8' encoding to copy filtered resources.
[INFO] Copying 0 resource
[INFO] Copying 3 resources to META-INF/
[INFO] 
[INFO] --- maven-compiler-plugin:3.5.1:compile (default-compile) @ jsoup ---
[INFO] Changes detected - recompiling the module!
[INFO] Compiling 67 source files to /tmp/Ex2Amplifier-experiments/dataset/may-2018/jsoup/1038_modified/target/classes
[INFO] /tmp/Ex2Amplifier-experiments/dataset/may-2018/jsoup/1038_modified/src/main/java/org/jsoup/nodes/Attributes.java: Some input files use or override a deprecated API.
[INFO] /tmp/Ex2Amplifier-experiments/dataset/may-2018/jsoup/1038_modified/src/main/java/org/jsoup/nodes/Attributes.java: Recompile with -Xlint:deprecation for details.
[INFO] 
[INFO] --- animal-sniffer-maven-plugin:1.16:check (animal-sniffer) @ jsoup ---
[INFO] Checking unresolved references to net.sf.androidscents.signature:android-api-level-8:2.2_r3
[INFO] 
[INFO] >>> maven-bundle-plugin:2.5.4:manifest (bundle-manifest) > process-classes @ jsoup >>>
[INFO] 
[INFO] --- maven-resources-plugin:3.0.1:resources (default-resources) @ jsoup ---
[INFO] Using 'UTF-8' encoding to copy filtered resources.
[INFO] Copying 0 resource
[INFO] Copying 3 resources to META-INF/
[INFO] 
[INFO] --- maven-compiler-plugin:3.5.1:compile (default-compile) @ jsoup ---
[INFO] Changes detected - recompiling the module!
[INFO] Compiling 67 source files to /tmp/Ex2Amplifier-experiments/dataset/may-2018/jsoup/1038_modified/target/classes
[INFO] /tmp/Ex2Amplifier-experiments/dataset/may-2018/jsoup/1038_modified/src/main/java/org/jsoup/nodes/Attributes.java: Some input files use or override a deprecated API.
[INFO] /tmp/Ex2Amplifier-experiments/dataset/may-2018/jsoup/1038_modified/src/main/java/org/jsoup/nodes/Attributes.java: Recompile with -Xlint:deprecation for details.
[INFO] 
[INFO] --- animal-sniffer-maven-plugin:1.16:check (animal-sniffer) @ jsoup ---
[INFO] Checking unresolved references to net.sf.androidscents.signature:android-api-level-8:2.2_r3
[INFO] 
[INFO] <<< maven-bundle-plugin:2.5.4:manifest (bundle-manifest) < process-classes @ jsoup <<<
[INFO] 
[INFO] --- maven-bundle-plugin:2.5.4:manifest (bundle-manifest) @ jsoup ---
[INFO] 
[INFO] --- maven-resources-plugin:3.0.1:testResources (default-testResources) @ jsoup ---
[INFO] Using 'UTF-8' encoding to copy filtered resources.
[INFO] Copying 23 resources
[INFO] 
[INFO] --- maven-compiler-plugin:3.5.1:testCompile (default-testCompile) @ jsoup ---
[INFO] Changes detected - recompiling the module!
[INFO] Compiling 44 source files to /tmp/Ex2Amplifier-experiments/dataset/may-2018/jsoup/1038_modified/target/test-classes
[INFO] /tmp/Ex2Amplifier-experiments/dataset/may-2018/jsoup/1038_modified/src/test/java/org/jsoup/parser/AttributeParseTest.java: Some input files use or override a deprecated API.
[INFO] /tmp/Ex2Amplifier-experiments/dataset/may-2018/jsoup/1038_modified/src/test/java/org/jsoup/parser/AttributeParseTest.java: Recompile with -Xlint:deprecation for details.
[INFO] 
[INFO] --- maven-surefire-plugin:2.12.4:test (default-test) @ jsoup ---
[INFO] Tests are skipped.
[INFO] 
[INFO] --- maven-dependency-plugin:2.8:build-classpath (default-cli) @ jsoup ---
[INFO] Wrote classpath file '/tmp/Ex2Amplifier-experiments/dataset/may-2018/jsoup/1038_modified/target/dspot/classpath'.
[INFO] ------------------------------------------------------------------------
[INFO] BUILD SUCCESS
[INFO] ------------------------------------------------------------------------
[INFO] Total time: 15.156 s
[INFO] Finished at: 2018-05-22T21:28:10+02:00
[INFO] Final Memory: 39M/1544M
[INFO] ------------------------------------------------------------------------
[26231] WARN AutomaticBuilderFactory - No automatic builder specified in configuration, going to default.
[26232] INFO AutomaticBuilderFactory - Default: provided Maven automatic builder.
[26232] INFO MavenAutomaticBuilder - run maven clean test -DskipTests dependency:build-classpath -Dmdep.outputFile=target/dspot/classpath
[WARN] Maven will be executed in interactive mode, but no input stream has been configured for this MavenInvoker instance.
[INFO] Scanning for projects...
[INFO]                                                                         
[INFO] ------------------------------------------------------------------------
[INFO] Building jsoup Java HTML Parser 1.11.3-SNAPSHOT
[INFO] ------------------------------------------------------------------------
[INFO] 
[INFO] --- maven-clean-plugin:2.5:clean (default-clean) @ jsoup ---
[INFO] Deleting /tmp/Ex2Amplifier-experiments/dataset/may-2018/jsoup/1038/target
[INFO] 
[INFO] --- maven-resources-plugin:3.0.1:resources (default-resources) @ jsoup ---
[INFO] Using 'UTF-8' encoding to copy filtered resources.
[INFO] Copying 0 resource
[INFO] Copying 3 resources to META-INF/
[INFO] 
[INFO] --- maven-compiler-plugin:3.5.1:compile (default-compile) @ jsoup ---
[INFO] Changes detected - recompiling the module!
[INFO] Compiling 67 source files to /tmp/Ex2Amplifier-experiments/dataset/may-2018/jsoup/1038/target/classes
[INFO] /tmp/Ex2Amplifier-experiments/dataset/may-2018/jsoup/1038/src/main/java/org/jsoup/nodes/Attributes.java: Some input files use or override a deprecated API.
[INFO] /tmp/Ex2Amplifier-experiments/dataset/may-2018/jsoup/1038/src/main/java/org/jsoup/nodes/Attributes.java: Recompile with -Xlint:deprecation for details.
[INFO] 
[INFO] --- animal-sniffer-maven-plugin:1.16:check (animal-sniffer) @ jsoup ---
[INFO] Checking unresolved references to net.sf.androidscents.signature:android-api-level-8:2.2_r3
[INFO] 
[INFO] >>> maven-bundle-plugin:2.5.4:manifest (bundle-manifest) > process-classes @ jsoup >>>
[INFO] 
[INFO] --- maven-resources-plugin:3.0.1:resources (default-resources) @ jsoup ---
[INFO] Using 'UTF-8' encoding to copy filtered resources.
[INFO] Copying 0 resource
[INFO] Copying 3 resources to META-INF/
[INFO] 
[INFO] --- maven-compiler-plugin:3.5.1:compile (default-compile) @ jsoup ---
[INFO] Changes detected - recompiling the module!
[INFO] Compiling 67 source files to /tmp/Ex2Amplifier-experiments/dataset/may-2018/jsoup/1038/target/classes
[INFO] /tmp/Ex2Amplifier-experiments/dataset/may-2018/jsoup/1038/src/main/java/org/jsoup/nodes/Attributes.java: Some input files use or override a deprecated API.
[INFO] /tmp/Ex2Amplifier-experiments/dataset/may-2018/jsoup/1038/src/main/java/org/jsoup/nodes/Attributes.java: Recompile with -Xlint:deprecation for details.
[INFO] 
[INFO] --- animal-sniffer-maven-plugin:1.16:check (animal-sniffer) @ jsoup ---
[INFO] Checking unresolved references to net.sf.androidscents.signature:android-api-level-8:2.2_r3
[INFO] 
[INFO] <<< maven-bundle-plugin:2.5.4:manifest (bundle-manifest) < process-classes @ jsoup <<<
[INFO] 
[INFO] --- maven-bundle-plugin:2.5.4:manifest (bundle-manifest) @ jsoup ---
[INFO] 
[INFO] --- maven-resources-plugin:3.0.1:testResources (default-testResources) @ jsoup ---
[INFO] Using 'UTF-8' encoding to copy filtered resources.
[INFO] Copying 23 resources
[INFO] 
[INFO] --- maven-compiler-plugin:3.5.1:testCompile (default-testCompile) @ jsoup ---
[INFO] Changes detected - recompiling the module!
[INFO] Compiling 44 source files to /tmp/Ex2Amplifier-experiments/dataset/may-2018/jsoup/1038/target/test-classes
[INFO] /tmp/Ex2Amplifier-experiments/dataset/may-2018/jsoup/1038/src/test/java/org/jsoup/parser/AttributeParseTest.java: Some input files use or override a deprecated API.
[INFO] /tmp/Ex2Amplifier-experiments/dataset/may-2018/jsoup/1038/src/test/java/org/jsoup/parser/AttributeParseTest.java: Recompile with -Xlint:deprecation for details.
[INFO] 
[INFO] --- maven-surefire-plugin:2.12.4:test (default-test) @ jsoup ---
[INFO] Tests are skipped.
[INFO] 
[INFO] --- maven-dependency-plugin:2.8:build-classpath (default-cli) @ jsoup ---
[INFO] Wrote classpath file '/tmp/Ex2Amplifier-experiments/dataset/may-2018/jsoup/1038/target/dspot/classpath'.
[INFO] ------------------------------------------------------------------------
[INFO] BUILD SUCCESS
[INFO] ------------------------------------------------------------------------
[INFO] Total time: 14.229 s
[INFO] Finished at: 2018-05-22T21:28:35+02:00
[INFO] Final Memory: 38M/1535M
[INFO] ------------------------------------------------------------------------
[43709] INFO SelectorOnDiff - Selecting according to a diff between dataset/may-2018/jsoup/1038_modified/ and dataset/may-2018/jsoup/1038/ (f1110a9021c2caa28cbe3177c0c3a0f5ae326eb4)
[43722] INFO SelectorOnDiff - Modified files:
a/src/main/java/org/jsoup/Connection.java
a/src/main/java/org/jsoup/helper/HttpConnection.java
[113140] INFO Amplification - amplification of org.jsoup.helper.HttpConnectionTest (21 test(s))
[113693] INFO EntryPoint - Run: java -cp /tmp/Ex2Amplifier-experiments/dataset/may-2018/jsoup/1038_modified/target/test-classes:/tmp/Ex2Amplifier-experiments/dataset/may-2018/jsoup/1038_modified/target/classes:/home/spirals/danglot/.m2/repository/junit/junit/4.12/junit-4.12.jar:/home/spirals/danglot/.m2/repository/org/hamcrest/hamcrest-core/1.3/hamcrest-core-1.3.jar:/home/spirals/danglot/.m2/repository/com/google/code/gson/gson/2.7/gson-2.7.jar:/home/spirals/danglot/.m2/repository/org/eclipse/jetty/jetty-server/9.2.22.v20170606/jetty-server-9.2.22.v20170606.jar:/home/spirals/danglot/.m2/repository/javax/servlet/javax.servlet-api/3.1.0/javax.servlet-api-3.1.0.jar:/home/spirals/danglot/.m2/repository/org/eclipse/jetty/jetty-http/9.2.22.v20170606/jetty-http-9.2.22.v20170606.jar:/home/spirals/danglot/.m2/repository/org/eclipse/jetty/jetty-util/9.2.22.v20170606/jetty-util-9.2.22.v20170606.jar:/home/spirals/danglot/.m2/repository/org/eclipse/jetty/jetty-io/9.2.22.v20170606/jetty-io-9.2.22.v20170606.jar:/home/spirals/danglot/.m2/repository/org/eclipse/jetty/jetty-servlet/9.2.22.v20170606/jetty-servlet-9.2.22.v20170606.jar:/home/spirals/danglot/.m2/repository/org/eclipse/jetty/jetty-security/9.2.22.v20170606/jetty-security-9.2.22.v20170606.jar:/tmp/Ex2Amplifier-experiments/target/dspot/dependencies:/home/spirals/danglot/.m2/repository/eu/stamp-project/test-runner/1.0.8/test-runner-1.0.8-jar-with-dependencies.jar eu.stamp_project.testrunner.runner.test.TestRunner org.jsoup.helper.HttpConnectionTest headers:throwsExceptionOnParseWithoutExecute:multipleHeaders:throwsOnMalformedUrl:connectWithUrl:cookie:data:ignoresEmptySetCookies:method:caseInsensitiveHeaders:inputStream:throwsExceptionOnBodyWithoutExecute:ignoresEmptyCookieNameAndVals:throwsOnOddData:userAgent:timeout:referrer:sameHeadersCombineWithComma:requestBody:encodeUrl:throwsExceptionOnBodyAsBytesWithoutExecute
File saved to the following path: /tmp/Ex2Amplifier-experiments/dataset/may-2018/jsoup/1038_modified/target/dspot/TestListener.ser
[114590] INFO EntryPoint - Test has been run: throwsExceptionOnParseWithoutExecute,connectWithUrl,ignoresEmptySetCookies,throwsOnMalformedUrl,multipleHeaders,cookie,timeout,method,referrer,sameHeadersCombineWithComma,inputStream,throwsExceptionOnBodyAsBytesWithoutExecute,data,userAgent,throwsExceptionOnBodyWithoutExecute,headers,requestBody,ignoresEmptyCookieNameAndVals,encodeUrl,throwsOnOddData,caseInsensitiveHeaders
[114590] INFO Amplification - Try to add assertions before amplification
[114874] INFO AssertGenerator - Run tests. (21)
[115162] INFO EntryPoint - Run: java -cp /tmp/Ex2Amplifier-experiments/dataset/may-2018/jsoup/1038_modified/target/test-classes:/tmp/Ex2Amplifier-experiments/dataset/may-2018/jsoup/1038_modified/target/classes:/home/spirals/danglot/.m2/repository/junit/junit/4.12/junit-4.12.jar:/home/spirals/danglot/.m2/repository/org/hamcrest/hamcrest-core/1.3/hamcrest-core-1.3.jar:/home/spirals/danglot/.m2/repository/com/google/code/gson/gson/2.7/gson-2.7.jar:/home/spirals/danglot/.m2/repository/org/eclipse/jetty/jetty-server/9.2.22.v20170606/jetty-server-9.2.22.v20170606.jar:/home/spirals/danglot/.m2/repository/javax/servlet/javax.servlet-api/3.1.0/javax.servlet-api-3.1.0.jar:/home/spirals/danglot/.m2/repository/org/eclipse/jetty/jetty-http/9.2.22.v20170606/jetty-http-9.2.22.v20170606.jar:/home/spirals/danglot/.m2/repository/org/eclipse/jetty/jetty-util/9.2.22.v20170606/jetty-util-9.2.22.v20170606.jar:/home/spirals/danglot/.m2/repository/org/eclipse/jetty/jetty-io/9.2.22.v20170606/jetty-io-9.2.22.v20170606.jar:/home/spirals/danglot/.m2/repository/org/eclipse/jetty/jetty-servlet/9.2.22.v20170606/jetty-servlet-9.2.22.v20170606.jar:/home/spirals/danglot/.m2/repository/org/eclipse/jetty/jetty-security/9.2.22.v20170606/jetty-security-9.2.22.v20170606.jar:/tmp/Ex2Amplifier-experiments/target/dspot/dependencies:/home/spirals/danglot/.m2/repository/eu/stamp-project/test-runner/1.0.8/test-runner-1.0.8-jar-with-dependencies.jar eu.stamp_project.testrunner.runner.test.TestRunner org.jsoup.helper.HttpConnectionTest headers:throwsExceptionOnParseWithoutExecute:multipleHeaders:throwsOnMalformedUrl:connectWithUrl:cookie:data:ignoresEmptySetCookies:method:caseInsensitiveHeaders:inputStream:throwsExceptionOnBodyWithoutExecute:ignoresEmptyCookieNameAndVals:throwsOnOddData:userAgent:timeout:referrer:sameHeadersCombineWithComma:requestBody:encodeUrl:throwsExceptionOnBodyAsBytesWithoutExecute
File saved to the following path: /tmp/Ex2Amplifier-experiments/dataset/may-2018/jsoup/1038_modified/target/dspot/TestListener.ser
[116016] INFO EntryPoint - Test has been run: throwsExceptionOnParseWithoutExecute,connectWithUrl,ignoresEmptySetCookies,throwsOnMalformedUrl,multipleHeaders,cookie,timeout,method,referrer,sameHeadersCombineWithComma,inputStream,throwsExceptionOnBodyAsBytesWithoutExecute,data,userAgent,throwsExceptionOnBodyWithoutExecute,headers,requestBody,ignoresEmptyCookieNameAndVals,encodeUrl,throwsOnOddData,caseInsensitiveHeaders
[116019] INFO AssertGenerator - 21 test pass, generating assertion...
[116031] INFO MethodsAssertGenerator - Add observations points in passing tests.
[116031] INFO MethodsAssertGenerator - Instrumentation...
  4% |== ]/  9% |==== ]- 14% |======= ]\ 19% |========= ]| 23% |=========== ]/ 28% |============== ]- 33% |================ ]\ 38% |=================== ]| 42% |===================== ]/ 47% |======================= ]- 52% |========================== ]\ 57% |============================ ]| 61% |============================== ]/ 66% |================================= ]- 71% |=================================== ]\ 76% |====================================== ]| 80% |======================================== ]/ 85% |========================================== ]- 90% |============================================= ]\ 95% |=============================================== ]|100% |================================================== ]/
[116289] INFO MethodsAssertGenerator - Run instrumented tests. (63)
[117087] INFO EntryPoint - Run: java -cp /tmp/Ex2Amplifier-experiments/dataset/may-2018/jsoup/1038_modified/target/test-classes:/tmp/Ex2Amplifier-experiments/dataset/may-2018/jsoup/1038_modified/target/classes:/home/spirals/danglot/.m2/repository/junit/junit/4.12/junit-4.12.jar:/home/spirals/danglot/.m2/repository/org/hamcrest/hamcrest-core/1.3/hamcrest-core-1.3.jar:/home/spirals/danglot/.m2/repository/com/google/code/gson/gson/2.7/gson-2.7.jar:/home/spirals/danglot/.m2/repository/org/eclipse/jetty/jetty-server/9.2.22.v20170606/jetty-server-9.2.22.v20170606.jar:/home/spirals/danglot/.m2/repository/javax/servlet/javax.servlet-api/3.1.0/javax.servlet-api-3.1.0.jar:/home/spirals/danglot/.m2/repository/org/eclipse/jetty/jetty-http/9.2.22.v20170606/jetty-http-9.2.22.v20170606.jar:/home/spirals/danglot/.m2/repository/org/eclipse/jetty/jetty-util/9.2.22.v20170606/jetty-util-9.2.22.v20170606.jar:/home/spirals/danglot/.m2/repository/org/eclipse/jetty/jetty-io/9.2.22.v20170606/jetty-io-9.2.22.v20170606.jar:/home/spirals/danglot/.m2/repository/org/eclipse/jetty/jetty-servlet/9.2.22.v20170606/jetty-servlet-9.2.22.v20170606.jar:/home/spirals/danglot/.m2/repository/org/eclipse/jetty/jetty-security/9.2.22.v20170606/jetty-security-9.2.22.v20170606.jar:/tmp/Ex2Amplifier-experiments/target/dspot/dependencies:/home/spirals/danglot/.m2/repository/eu/stamp-project/test-runner/1.0.8/test-runner-1.0.8-jar-with-dependencies.jar eu.stamp_project.testrunner.runner.test.TestRunner org.jsoup.helper.HttpConnectionTest headers_withlog0:throwsExceptionOnParseWithoutExecute_withlog0:multipleHeaders_withlog0:throwsOnMalformedUrl_withlog0:connectWithUrl_withlog0:cookie_withlog0:data_withlog0:ignoresEmptySetCookies_withlog0:method_withlog0:caseInsensitiveHeaders_withlog0:inputStream_withlog0:throwsExceptionOnBodyWithoutExecute_withlog0:ignoresEmptyCookieNameAndVals_withlog0:throwsOnOddData_withlog0:userAgent_withlog0:timeout_withlog0:referrer_withlog0:sameHeadersCombineWithComma_withlog0:requestBody_withlog0:encodeUrl_withlog0:throwsExceptionOnBodyAsBytesWithoutExecute_withlog0:headers_withlog1:throwsExceptionOnParseWithoutExecute_withlog1:multipleHeaders_withlog1:throwsOnMalformedUrl_withlog1:connectWithUrl_withlog1:cookie_withlog1:data_withlog1:ignoresEmptySetCookies_withlog1:method_withlog1:caseInsensitiveHeaders_withlog1:inputStream_withlog1:throwsExceptionOnBodyWithoutExecute_withlog1:ignoresEmptyCookieNameAndVals_withlog1:throwsOnOddData_withlog1:userAgent_withlog1:timeout_withlog1:referrer_withlog1:sameHeadersCombineWithComma_withlog1:requestBody_withlog1:encodeUrl_withlog1:throwsExceptionOnBodyAsBytesWithoutExecute_withlog1:headers_withlog2:throwsExceptionOnParseWithoutExecute_withlog2:multipleHeaders_withlog2:throwsOnMalformedUrl_withlog2:connectWithUrl_withlog2:cookie_withlog2:data_withlog2:ignoresEmptySetCookies_withlog2:method_withlog2:caseInsensitiveHeaders_withlog2:inputStream_withlog2:throwsExceptionOnBodyWithoutExecute_withlog2:ignoresEmptyCookieNameAndVals_withlog2:throwsOnOddData_withlog2:userAgent_withlog2:timeout_withlog2:referrer_withlog2:sameHeadersCombineWithComma_withlog2:requestBody_withlog2:encodeUrl_withlog2:throwsExceptionOnBodyAsBytesWithoutExecute_withlog2
File saved to the following path: /tmp/Ex2Amplifier-experiments/dataset/may-2018/jsoup/1038_modified/target/dspot/observations.ser
File saved to the following path: /tmp/Ex2Amplifier-experiments/dataset/may-2018/jsoup/1038_modified/target/dspot/TestListener.ser
[4628106] INFO EntryPoint - Test has been run: throwsOnMalformedUrl_withlog0,throwsOnMalformedUrl_withlog1,throwsOnMalformedUrl_withlog2,caseInsensitiveHeaders_withlog0,caseInsensitiveHeaders_withlog1,caseInsensitiveHeaders_withlog2,multipleHeaders_withlog0,multipleHeaders_withlog1,multipleHeaders_withlog2,throwsExceptionOnBodyAsBytesWithoutExecute_withlog0,throwsExceptionOnBodyAsBytesWithoutExecute_withlog1,throwsExceptionOnBodyAsBytesWithoutExecute_withlog2,throwsOnOddData_withlog0,throwsOnOddData_withlog1,throwsOnOddData_withlog2,connectWithUrl_withlog0,connectWithUrl_withlog1,connectWithUrl_withlog2,throwsExceptionOnBodyWithoutExecute_withlog0,throwsExceptionOnBodyWithoutExecute_withlog1,throwsExceptionOnBodyWithoutExecute_withlog2,inputStream_withlog0,inputStream_withlog1,inputStream_withlog2,throwsExceptionOnParseWithoutExecute_withlog0,throwsExceptionOnParseWithoutExecute_withlog1,throwsExceptionOnParseWithoutExecute_withlog2,encodeUrl_withlog0,encodeUrl_withlog1,encodeUrl_withlog2,cookie_withlog0(org.jsoup.helper.HttpConnectionTest): test timed out after 120000 milliseconds,cookie_withlog1(org.jsoup.helper.HttpConnectionTest): test timed out after 120000 milliseconds,cookie_withlog2(org.jsoup.helper.HttpConnectionTest): test timed out after 120000 milliseconds,headers_withlog0(org.jsoup.helper.HttpConnectionTest): null,headers_withlog1(org.jsoup.helper.HttpConnectionTest): null,headers_withlog2(org.jsoup.helper.HttpConnectionTest): null,referrer_withlog0(org.jsoup.helper.HttpConnectionTest): test timed out after 120000 milliseconds,referrer_withlog1(org.jsoup.helper.HttpConnectionTest): test timed out after 120000 milliseconds,referrer_withlog2(org.jsoup.helper.HttpConnectionTest): test timed out after 120000 milliseconds,requestBody_withlog0(org.jsoup.helper.HttpConnectionTest): test timed out after 120000 milliseconds,requestBody_withlog1(org.jsoup.helper.HttpConnectionTest): test timed out after 120000 milliseconds,requestBody_withlog2(org.jsoup.helper.HttpConnectionTest): test timed out after 120000 milliseconds,userAgent_withlog0(org.jsoup.helper.HttpConnectionTest): test timed out after 120000 milliseconds,userAgent_withlog1(org.jsoup.helper.HttpConnectionTest): test timed out after 120000 milliseconds,userAgent_withlog2(org.jsoup.helper.HttpConnectionTest): test timed out after 120000 milliseconds,data_withlog0(org.jsoup.helper.HttpConnectionTest): test timed out after 120000 milliseconds,data_withlog1(org.jsoup.helper.HttpConnectionTest): test timed out after 120000 milliseconds,data_withlog2(org.jsoup.helper.HttpConnectionTest): test timed out after 120000 milliseconds,ignoresEmptySetCookies_withlog0(org.jsoup.helper.HttpConnectionTest): null,ignoresEmptySetCookies_withlog1(org.jsoup.helper.HttpConnectionTest): null,ignoresEmptySetCookies_withlog2(org.jsoup.helper.HttpConnectionTest): null,sameHeadersCombineWithComma_withlog0(org.jsoup.helper.HttpConnectionTest): null,sameHeadersCombineWithComma_withlog1(org.jsoup.helper.HttpConnectionTest): null,sameHeadersCombineWithComma_withlog2(org.jsoup.helper.HttpConnectionTest): null,timeout_withlog0(org.jsoup.helper.HttpConnectionTest): test timed out after 120000 milliseconds,timeout_withlog1(org.jsoup.helper.HttpConnectionTest): test timed out after 120000 milliseconds,timeout_withlog2(org.jsoup.helper.HttpConnectionTest): test timed out after 120000 milliseconds,method_withlog0(org.jsoup.helper.HttpConnectionTest): test timed out after 120000 milliseconds,method_withlog1(org.jsoup.helper.HttpConnectionTest): test timed out after 120000 milliseconds,method_withlog2(org.jsoup.helper.HttpConnectionTest): test timed out after 120000 milliseconds,ignoresEmptyCookieNameAndVals_withlog0(org.jsoup.helper.HttpConnectionTest): null,ignoresEmptyCookieNameAndVals_withlog1(org.jsoup.helper.HttpConnectionTest): null,ignoresEmptyCookieNameAndVals_withlog2(org.jsoup.helper.HttpConnectionTest): null
Exception in thread "main" java.lang.RuntimeException: java.lang.RuntimeException: java.lang.RuntimeException: java.lang.RuntimeException: java.lang.ClassNotFoundException: org.jsoup.select.Elements
	at eu.stamp_project.Main.main(Main.java:99)
Caused by: java.lang.RuntimeException: java.lang.RuntimeException: java.lang.RuntimeException: java.lang.ClassNotFoundException: org.jsoup.select.Elements
	at eu.stamp_project.Main.lambda$run$2(Main.java:156)
	at java.util.stream.ForEachOps$ForEachOp$OfRef.accept(ForEachOps.java:184)
	at java.util.stream.ReferencePipeline$2$1.accept(ReferencePipeline.java:175)
	at java.util.ArrayList$ArrayListSpliterator.forEachRemaining(ArrayList.java:1374)
	at java.util.stream.AbstractPipeline.copyInto(AbstractPipeline.java:481)
	at java.util.stream.AbstractPipeline.wrapAndCopyInto(AbstractPipeline.java:471)
	at java.util.stream.ForEachOps$ForEachOp.evaluateSequential(ForEachOps.java:151)
	at java.util.stream.ForEachOps$ForEachOp$OfRef.evaluateSequential(ForEachOps.java:174)
	at java.util.stream.AbstractPipeline.evaluate(AbstractPipeline.java:234)
	at java.util.stream.ReferencePipeline.forEach(ReferencePipeline.java:418)
	at eu.stamp_project.Main.run(Main.java:120)
	at eu.stamp_project.Main.main(Main.java:91)
Caused by: java.lang.RuntimeException: java.lang.RuntimeException: java.lang.ClassNotFoundException: org.jsoup.select.Elements
	at eu.stamp_project.compare.ObjectLog.load(ObjectLog.java:235)
	at eu.stamp_project.compare.ObjectLog.getObservations(ObjectLog.java:197)
	at eu.stamp_project.dspot.assertGenerator.MethodsAssertGenerator.addAssertions(MethodsAssertGenerator.java:108)
	at eu.stamp_project.dspot.assertGenerator.AssertGenerator.innerAssertionAmplification(AssertGenerator.java:117)
	at eu.stamp_project.dspot.assertGenerator.AssertGenerator.assertionAmplification(AssertGenerator.java:66)
	at eu.stamp_project.dspot.Amplification.preAmplification(Amplification.java:202)
	at eu.stamp_project.dspot.Amplification.amplification(Amplification.java:91)
	at eu.stamp_project.dspot.DSpot.amplifyTest(DSpot.java:191)
	at eu.stamp_project.dspot.DSpot.amplifyTest(DSpot.java:178)
	at eu.stamp_project.Main.lambda$null$1(Main.java:147)
	at java.util.stream.ReferencePipeline$3$1.accept(ReferencePipeline.java:193)
	at java.util.HashMap$KeySpliterator.forEachRemaining(HashMap.java:1548)
	at java.util.stream.AbstractPipeline.copyInto(AbstractPipeline.java:481)
	at java.util.stream.AbstractPipeline.wrapAndCopyInto(AbstractPipeline.java:471)
	at java.util.stream.ReduceOps$ReduceOp.evaluateSequential(ReduceOps.java:708)
	at java.util.stream.AbstractPipeline.evaluate(AbstractPipeline.java:234)
	at java.util.stream.ReferencePipeline.collect(ReferencePipeline.java:499)
	at eu.stamp_project.Main.lambda$run$2(Main.java:148)
	... 11 more
Caused by: java.lang.RuntimeException: java.lang.ClassNotFoundException: org.jsoup.select.Elements
	at eu.stamp_project.compare.ObjectLog.load(ObjectLog.java:232)
	... 28 more
Caused by: java.lang.ClassNotFoundException: org.jsoup.select.Elements
	at java.net.URLClassLoader.findClass(URLClassLoader.java:381)
	at java.lang.ClassLoader.loadClass(ClassLoader.java:424)
	at sun.misc.Launcher$AppClassLoader.loadClass(Launcher.java:331)
	at java.lang.ClassLoader.loadClass(ClassLoader.java:357)
	at java.lang.Class.forName0(Native Method)
	at java.lang.Class.forName(Class.java:348)
	at java.io.ObjectInputStream.resolveClass(ObjectInputStream.java:677)
	at java.io.ObjectInputStream.readNonProxyDesc(ObjectInputStream.java:1819)
	at java.io.ObjectInputStream.readClassDesc(ObjectInputStream.java:1713)
	at java.io.ObjectInputStream.readOrdinaryObject(ObjectInputStream.java:1986)
	at java.io.ObjectInputStream.readObject0(ObjectInputStream.java:1535)
	at java.io.ObjectInputStream.readObject(ObjectInputStream.java:422)
	at java.util.HashMap.readObject(HashMap.java:1404)
	at sun.reflect.NativeMethodAccessorImpl.invoke0(Native Method)
	at sun.reflect.NativeMethodAccessorImpl.invoke(NativeMethodAccessorImpl.java:62)
	at sun.reflect.DelegatingMethodAccessorImpl.invoke(DelegatingMethodAccessorImpl.java:43)
	at java.lang.reflect.Method.invoke(Method.java:498)
	at java.io.ObjectStreamClass.invokeReadObject(ObjectStreamClass.java:1058)
	at java.io.ObjectInputStream.readSerialData(ObjectInputStream.java:2122)
	at java.io.ObjectInputStream.readOrdinaryObject(ObjectInputStream.java:2013)
	at java.io.ObjectInputStream.readObject0(ObjectInputStream.java:1535)
	at java.io.ObjectInputStream.defaultReadFields(ObjectInputStream.java:2231)
	at java.io.ObjectInputStream.readSerialData(ObjectInputStream.java:2155)
	at java.io.ObjectInputStream.readOrdinaryObject(ObjectInputStream.java:2013)
	at java.io.ObjectInputStream.readObject0(ObjectInputStream.java:1535)
	at java.io.ObjectInputStream.readObject(ObjectInputStream.java:422)
	at java.util.HashMap.readObject(HashMap.java:1404)
	at sun.reflect.NativeMethodAccessorImpl.invoke0(Native Method)
	at sun.reflect.NativeMethodAccessorImpl.invoke(NativeMethodAccessorImpl.java:62)
	at sun.reflect.DelegatingMethodAccessorImpl.invoke(DelegatingMethodAccessorImpl.java:43)
	at java.lang.reflect.Method.invoke(Method.java:498)
	at java.io.ObjectStreamClass.invokeReadObject(ObjectStreamClass.java:1058)
	at java.io.ObjectInputStream.readSerialData(ObjectInputStream.java:2122)
	at java.io.ObjectInputStream.readOrdinaryObject(ObjectInputStream.java:2013)
	at java.io.ObjectInputStream.readObject0(ObjectInputStream.java:1535)
	at java.io.ObjectInputStream.readObject(ObjectInputStream.java:422)
	at eu.stamp_project.compare.ObjectLog.load(ObjectLog.java:230)
	... 28 more
