SLF4J: Class path contains multiple SLF4J bindings.
SLF4J: Found binding in [jar:file:/home/spirals/danglot/.m2/repository/eu/stamp-project/test-runner/1.0.8/test-runner-1.0.8-jar-with-dependencies.jar!/org/slf4j/impl/StaticLoggerBinder.class]
SLF4J: Found binding in [jar:file:/home/spirals/danglot/.m2/repository/org/slf4j/slf4j-log4j12/1.7.25/slf4j-log4j12-1.7.25.jar!/org/slf4j/impl/StaticLoggerBinder.class]
SLF4J: See http://www.slf4j.org/codes.html#multiple_bindings for an explanation.
SLF4J: Actual binding is of type [org.slf4j.impl.Log4jLoggerFactory]
[0] WARN AutomaticBuilderFactory - No automatic builder specified in configuration, going to default.
[1] INFO AutomaticBuilderFactory - Default: provided Maven automatic builder.
[18] INFO MavenAutomaticBuilder - run maven clean test -DskipTests dependency:build-classpath -Dmdep.outputFile=target/dspot/classpath
[WARN] Maven will be executed in interactive mode, but no input stream has been configured for this MavenInvoker instance.
[INFO] Scanning for projects...
[INFO]                                                                         
[INFO] ------------------------------------------------------------------------
[INFO] Building jsoup Java HTML Parser 1.11.1-SNAPSHOT
[INFO] ------------------------------------------------------------------------
[INFO] 
[INFO] --- maven-clean-plugin:2.5:clean (default-clean) @ jsoup ---
[INFO] Deleting /tmp/Ex2Amplifier-experiments/dataset/may-2018/jsoup/942/target
[INFO] 
[INFO] --- maven-resources-plugin:3.0.1:resources (default-resources) @ jsoup ---
[INFO] Using 'UTF-8' encoding to copy filtered resources.
[INFO] Copying 3 resources
[INFO] Copying 3 resources to META-INF/
[INFO] 
[INFO] --- maven-compiler-plugin:3.5.1:compile (default-compile) @ jsoup ---
[INFO] Changes detected - recompiling the module!
[INFO] Compiling 62 source files to /tmp/Ex2Amplifier-experiments/dataset/may-2018/jsoup/942/target/classes
[INFO] /tmp/Ex2Amplifier-experiments/dataset/may-2018/jsoup/942/src/main/java/org/jsoup/nodes/Attributes.java: /tmp/Ex2Amplifier-experiments/dataset/may-2018/jsoup/942/src/main/java/org/jsoup/nodes/Attributes.java uses or overrides a deprecated API.
[INFO] /tmp/Ex2Amplifier-experiments/dataset/may-2018/jsoup/942/src/main/java/org/jsoup/nodes/Attributes.java: Recompile with -Xlint:deprecation for details.
[INFO] 
[INFO] --- animal-sniffer-maven-plugin:1.15:check (animal-sniffer) @ jsoup ---
[INFO] Checking unresolved references to org.codehaus.mojo.signature:java17:1.0
[INFO] 
[INFO] >>> maven-bundle-plugin:2.5.4:manifest (bundle-manifest) > process-classes @ jsoup >>>
[INFO] 
[INFO] --- maven-resources-plugin:3.0.1:resources (default-resources) @ jsoup ---
[INFO] Using 'UTF-8' encoding to copy filtered resources.
[INFO] Copying 3 resources
[INFO] Copying 3 resources to META-INF/
[INFO] 
[INFO] --- maven-compiler-plugin:3.5.1:compile (default-compile) @ jsoup ---
[INFO] Changes detected - recompiling the module!
[INFO] Compiling 62 source files to /tmp/Ex2Amplifier-experiments/dataset/may-2018/jsoup/942/target/classes
[INFO] /tmp/Ex2Amplifier-experiments/dataset/may-2018/jsoup/942/src/main/java/org/jsoup/nodes/Attributes.java: /tmp/Ex2Amplifier-experiments/dataset/may-2018/jsoup/942/src/main/java/org/jsoup/nodes/Attributes.java uses or overrides a deprecated API.
[INFO] /tmp/Ex2Amplifier-experiments/dataset/may-2018/jsoup/942/src/main/java/org/jsoup/nodes/Attributes.java: Recompile with -Xlint:deprecation for details.
[INFO] 
[INFO] --- animal-sniffer-maven-plugin:1.15:check (animal-sniffer) @ jsoup ---
[INFO] Checking unresolved references to org.codehaus.mojo.signature:java17:1.0
[INFO] 
[INFO] <<< maven-bundle-plugin:2.5.4:manifest (bundle-manifest) < process-classes @ jsoup <<<
[INFO] 
[INFO] --- maven-bundle-plugin:2.5.4:manifest (bundle-manifest) @ jsoup ---
[INFO] 
[INFO] --- maven-resources-plugin:3.0.1:testResources (default-testResources) @ jsoup ---
[INFO] Using 'UTF-8' encoding to copy filtered resources.
[INFO] Copying 22 resources
[INFO] 
[INFO] --- maven-compiler-plugin:3.5.1:testCompile (default-testCompile) @ jsoup ---
[INFO] Changes detected - recompiling the module!
[INFO] Compiling 31 source files to /tmp/Ex2Amplifier-experiments/dataset/may-2018/jsoup/942/target/test-classes
[INFO] /tmp/Ex2Amplifier-experiments/dataset/may-2018/jsoup/942/src/test/java/org/jsoup/parser/AttributeParseTest.java: Some input files use or override a deprecated API.
[INFO] /tmp/Ex2Amplifier-experiments/dataset/may-2018/jsoup/942/src/test/java/org/jsoup/parser/AttributeParseTest.java: Recompile with -Xlint:deprecation for details.
[INFO] /tmp/Ex2Amplifier-experiments/dataset/may-2018/jsoup/942/src/test/java/org/jsoup/nodes/BuildEntities.java: /tmp/Ex2Amplifier-experiments/dataset/may-2018/jsoup/942/src/test/java/org/jsoup/nodes/BuildEntities.java uses unchecked or unsafe operations.
[INFO] /tmp/Ex2Amplifier-experiments/dataset/may-2018/jsoup/942/src/test/java/org/jsoup/nodes/BuildEntities.java: Recompile with -Xlint:unchecked for details.
[INFO] 
[INFO] --- maven-surefire-plugin:2.12.4:test (default-test) @ jsoup ---
[INFO] Tests are skipped.
[INFO] 
[INFO] --- maven-dependency-plugin:2.8:build-classpath (default-cli) @ jsoup ---
[INFO] Wrote classpath file '/tmp/Ex2Amplifier-experiments/dataset/may-2018/jsoup/942/target/dspot/classpath'.
[INFO] ------------------------------------------------------------------------
[INFO] BUILD SUCCESS
[INFO] ------------------------------------------------------------------------
[INFO] Total time: 13.809 s
[INFO] Finished at: 2018-05-21T23:00:06+02:00
[INFO] Final Memory: 37M/1548M
[INFO] ------------------------------------------------------------------------
[23467] WARN AutomaticBuilderFactory - No automatic builder specified in configuration, going to default.
[23467] INFO AutomaticBuilderFactory - Default: provided Maven automatic builder.
[23468] INFO MavenAutomaticBuilder - run maven clean test -DskipTests dependency:build-classpath -Dmdep.outputFile=target/dspot/classpath
[WARN] Maven will be executed in interactive mode, but no input stream has been configured for this MavenInvoker instance.
[INFO] Scanning for projects...
[INFO]                                                                         
[INFO] ------------------------------------------------------------------------
[INFO] Building jsoup Java HTML Parser 1.11.1-SNAPSHOT
[INFO] ------------------------------------------------------------------------
[INFO] 
[INFO] --- maven-clean-plugin:2.5:clean (default-clean) @ jsoup ---
[INFO] 
[INFO] --- maven-resources-plugin:3.0.1:resources (default-resources) @ jsoup ---
[INFO] Using 'UTF-8' encoding to copy filtered resources.
[INFO] Copying 3 resources
[INFO] Copying 3 resources to META-INF/
[INFO] 
[INFO] --- maven-compiler-plugin:3.5.1:compile (default-compile) @ jsoup ---
[INFO] Changes detected - recompiling the module!
[INFO] Compiling 62 source files to /tmp/Ex2Amplifier-experiments/dataset/may-2018/jsoup/942_modified/target/classes
[INFO] /tmp/Ex2Amplifier-experiments/dataset/may-2018/jsoup/942_modified/src/main/java/org/jsoup/nodes/Attributes.java: /tmp/Ex2Amplifier-experiments/dataset/may-2018/jsoup/942_modified/src/main/java/org/jsoup/nodes/Attributes.java uses or overrides a deprecated API.
[INFO] /tmp/Ex2Amplifier-experiments/dataset/may-2018/jsoup/942_modified/src/main/java/org/jsoup/nodes/Attributes.java: Recompile with -Xlint:deprecation for details.
[INFO] 
[INFO] --- animal-sniffer-maven-plugin:1.15:check (animal-sniffer) @ jsoup ---
[INFO] Checking unresolved references to org.codehaus.mojo.signature:java17:1.0
[INFO] 
[INFO] >>> maven-bundle-plugin:2.5.4:manifest (bundle-manifest) > process-classes @ jsoup >>>
[INFO] 
[INFO] --- maven-resources-plugin:3.0.1:resources (default-resources) @ jsoup ---
[INFO] Using 'UTF-8' encoding to copy filtered resources.
[INFO] Copying 3 resources
[INFO] Copying 3 resources to META-INF/
[INFO] 
[INFO] --- maven-compiler-plugin:3.5.1:compile (default-compile) @ jsoup ---
[INFO] Changes detected - recompiling the module!
[INFO] Compiling 62 source files to /tmp/Ex2Amplifier-experiments/dataset/may-2018/jsoup/942_modified/target/classes
[INFO] /tmp/Ex2Amplifier-experiments/dataset/may-2018/jsoup/942_modified/src/main/java/org/jsoup/nodes/Attributes.java: /tmp/Ex2Amplifier-experiments/dataset/may-2018/jsoup/942_modified/src/main/java/org/jsoup/nodes/Attributes.java uses or overrides a deprecated API.
[INFO] /tmp/Ex2Amplifier-experiments/dataset/may-2018/jsoup/942_modified/src/main/java/org/jsoup/nodes/Attributes.java: Recompile with -Xlint:deprecation for details.
[INFO] 
[INFO] --- animal-sniffer-maven-plugin:1.15:check (animal-sniffer) @ jsoup ---
[INFO] Checking unresolved references to org.codehaus.mojo.signature:java17:1.0
[INFO] 
[INFO] <<< maven-bundle-plugin:2.5.4:manifest (bundle-manifest) < process-classes @ jsoup <<<
[INFO] 
[INFO] --- maven-bundle-plugin:2.5.4:manifest (bundle-manifest) @ jsoup ---
[INFO] 
[INFO] --- maven-resources-plugin:3.0.1:testResources (default-testResources) @ jsoup ---
[INFO] Using 'UTF-8' encoding to copy filtered resources.
[INFO] Copying 22 resources
[INFO] 
[INFO] --- maven-compiler-plugin:3.5.1:testCompile (default-testCompile) @ jsoup ---
[INFO] Changes detected - recompiling the module!
[INFO] Compiling 31 source files to /tmp/Ex2Amplifier-experiments/dataset/may-2018/jsoup/942_modified/target/test-classes
[INFO] /tmp/Ex2Amplifier-experiments/dataset/may-2018/jsoup/942_modified/src/test/java/org/jsoup/parser/AttributeParseTest.java: Some input files use or override a deprecated API.
[INFO] /tmp/Ex2Amplifier-experiments/dataset/may-2018/jsoup/942_modified/src/test/java/org/jsoup/parser/AttributeParseTest.java: Recompile with -Xlint:deprecation for details.
[INFO] /tmp/Ex2Amplifier-experiments/dataset/may-2018/jsoup/942_modified/src/test/java/org/jsoup/nodes/BuildEntities.java: /tmp/Ex2Amplifier-experiments/dataset/may-2018/jsoup/942_modified/src/test/java/org/jsoup/nodes/BuildEntities.java uses unchecked or unsafe operations.
[INFO] /tmp/Ex2Amplifier-experiments/dataset/may-2018/jsoup/942_modified/src/test/java/org/jsoup/nodes/BuildEntities.java: Recompile with -Xlint:unchecked for details.
[INFO] 
[INFO] --- maven-surefire-plugin:2.12.4:test (default-test) @ jsoup ---
[INFO] Tests are skipped.
[INFO] 
[INFO] --- maven-dependency-plugin:2.8:build-classpath (default-cli) @ jsoup ---
[INFO] Wrote classpath file '/tmp/Ex2Amplifier-experiments/dataset/may-2018/jsoup/942_modified/target/dspot/classpath'.
[INFO] ------------------------------------------------------------------------
[INFO] BUILD SUCCESS
[INFO] ------------------------------------------------------------------------
[INFO] Total time: 13.665 s
[INFO] Finished at: 2018-05-21T23:00:29+02:00
[INFO] Final Memory: 34M/1504M
[INFO] ------------------------------------------------------------------------
[40176] INFO SelectorOnDiff - Selecting according to a diff between dataset/may-2018/jsoup/942/ and dataset/may-2018/jsoup/942_modified/ (35e80a779b7908ddcd41a6a7df5f21b30bf999d2)
[40189] INFO SelectorOnDiff - Modified files:
a/src/test/java/org/jsoup/parser/HtmlParserTest.java
a/src/main/java/org/jsoup/parser/HtmlTreeBuilderState.java
[107211] INFO Amplification - amplification of org.jsoup.parser.HtmlParserTest (114 test(s))
[107984] INFO EntryPoint - Run: java -cp /tmp/Ex2Amplifier-experiments/dataset/may-2018/jsoup/942/target/test-classes:/tmp/Ex2Amplifier-experiments/dataset/may-2018/jsoup/942/target/classes:/home/spirals/danglot/.m2/repository/junit/junit/4.12/junit-4.12.jar:/home/spirals/danglot/.m2/repository/org/hamcrest/hamcrest-core/1.3/hamcrest-core-1.3.jar:/home/spirals/danglot/.m2/repository/com/google/code/gson/gson/2.7/gson-2.7.jar:/tmp/Ex2Amplifier-experiments/target/dspot/dependencies:/home/spirals/danglot/.m2/repository/eu/stamp-project/test-runner/1.0.8/test-runner-1.0.8-jar-with-dependencies.jar eu.stamp_project.testrunner.runner.test.TestRunner org.jsoup.parser.HtmlParserTest handlesInvalidDoctypes:noErrorsByDefault:handlesCdata:testNormalisesIsIndex:handlesQuotesInCommentsInScripts:parsesComments:handlesKnownEmptyTitle:tracksErrorsWhenRequested:associatedFormControlsWithDisjointForms:parsesUnterminatedTextarea:selfClosingOnNonvoidIsError:handlesEscapedData:testHgroup:handlesJavadocFont:testFragment:dropsUnterminatedAttribute:handlesKnownEmptyBlocks:handlesUnknownTags:reconstructFormattingElements:preservesSpaceInScript:noTableDirectInTable:normalisesHeadlessBody:preservesSpaceInTextArea:handlesManyChildren:handlesNullInData:handlesProtocolRelativeUrl:parsesRoughAttributes:testRelaxedTags:handlesBlocksInDefinitions:handlesFrames:handlesEscapedScript:createsStructureFromBodySnippet:canPreserveAttributeCase:handlesNestedImplicitTable:handlesSolidusInA:handlesWhitespaceInoDocType:testAFlowContents:handlesWhatWgExpensesTableExample:handlesMultiClosingBody:parsesSimpleDocument:handlesTbodyTable:handlesDataOnlyTags:handlesImplicitCaptionClose:handlesUnexpectedMarkupInTables:handlesControlCodeInAttributeName:normalisesDocument:doesNotFindShortestMatchingEntity:handlesMisnestedTagsBP:testSupportsPartiallyNonAsciiTags:canPreserveTagCase:testNoImagesInNoScriptInHead:handlesMisnestedTagsBI:handlesUnclosedCdataAtEOF:handlesKnownEmptyIframe:handlesInputInTable:handlesKnownEmptyStyle:emptyTdTag:testUsingSingleQuotesInQueries:handlesUnclosedRawtextAtEof:ignoresContentAfterFrameset:discardsNakedTds:testFontFlowContents:handlesNewlinesAndWhitespaceInTag:handlesUnclosedDefinitionLists:findsCharsetInMalformedMeta:selfClosingVoidIsNotAnError:normalisedBodyAfterContent:normalisesEmptyDocument:handlesTextAfterData:testSpanContents:caseSensitiveParseTree:parsesQuiteRoughAttributes:testReinsertionModeForThCelss:testSpaceAfterTag:handlesUnclosedScriptAtEof:handlesUnclosedAnchors:handlesUnknownInlineTags:commentBeforeHtml:noImplicitFormForTextAreas:testInvalidTableContents:createsFormElements:handlesKnownEmptyNoFrames:relaxedBaseEntityMatchAndStrictExtendedMatch:handlesBaseTags:handlesXmlDeclarationAsBogusComment:testHeaderContents:convertsImageToImg:handlesSpanInTbody:doesNotCreateImplicitLists:tracksLimitedErrorsWhenRequested:handlesNullInComments:dropsUnterminatedTag:handlesCommentsInTable:handlesTagsInTextarea:handlesTextArea:handlesUnclosedFormattingElements:ignoresDupeEndTrTag:handlesUnclosedTitleAtEof:parsesBodyFragment:parsesUnterminatedOption:handlesBaseWithoutHref:handlesUnknownNamespaceTags:reconstructFormattingElementsInTable:testSelectWithOption:handlesInvalidStartTags:testSupportsNonAsciiTags:canPreserveBothCase:createsDocumentStructure:handlesSolidusAtAttributeEnd:handles0CharacterAsText:parsesUnterminatedComments:handleNullContextInParseFragment:testHtmlLowerCase:handlesUnclosedTitle
File saved to the following path: /tmp/Ex2Amplifier-experiments/dataset/may-2018/jsoup/942/target/dspot/TestListener.ser
[109505] INFO EntryPoint - Test has been run: normalisesHeadlessBody,parsesUnterminatedOption,handlesProtocolRelativeUrl,dropsUnterminatedTag,canPreserveAttributeCase,handlesNullInComments,handlesTextAfterData,dropsUnterminatedAttribute,testNormalisesIsIndex,noTableDirectInTable,testSupportsPartiallyNonAsciiTags,testSpaceAfterTag,handlesXmlDeclarationAsBogusComment,normalisesDocument,createsStructureFromBodySnippet,canPreserveTagCase,preservesSpaceInScript,testHtmlLowerCase,parsesSimpleDocument,doesNotCreateImplicitLists,parsesUnterminatedTextarea,handlesWhatWgExpensesTableExample,handlesImplicitCaptionClose,handlesQuotesInCommentsInScripts,handlesInputInTable,handlesInvalidStartTags,handlesEscapedData,reconstructFormattingElements,createsDocumentStructure,handlesUnclosedTitle,handleNullContextInParseFragment,parsesUnterminatedComments,emptyTdTag,caseSensitiveParseTree,testFragment,handlesUnclosedScriptAtEof,handlesNewlinesAndWhitespaceInTag,handlesDataOnlyTags,noImplicitFormForTextAreas,commentBeforeHtml,handlesUnclosedCdataAtEOF,handlesCdata,handlesKnownEmptyBlocks,createsFormElements,noErrorsByDefault,testHeaderContents,testRelaxedTags,handlesKnownEmptyStyle,handlesKnownEmptyTitle,preservesSpaceInTextArea,handlesUnexpectedMarkupInTables,handlesKnownEmptyIframe,ignoresContentAfterFrameset,handlesBaseTags,testSpanContents,handles0CharacterAsText,handlesFrames,handlesJavadocFont,testReinsertionModeForThCelss,handlesControlCodeInAttributeName,handlesTagsInTextarea,handlesCommentsInTable,handlesEscapedScript,testInvalidTableContents,handlesUnknownTags,ignoresDupeEndTrTag,associatedFormControlsWithDisjointForms,handlesTbodyTable,normalisedBodyAfterContent,handlesSpanInTbody,handlesUnclosedTitleAtEof,handlesSolidusAtAttributeEnd,handlesUnknownNamespaceTags,handlesKnownEmptyNoFrames,handlesManyChildren,handlesTextArea,convertsImageToImg,selfClosingOnNonvoidIsError,handlesNestedImplicitTable,parsesRoughAttributes,testUsingSingleQuotesInQueries,handlesUnclosedDefinitionLists,handlesWhitespaceInoDocType,reconstructFormattingElementsInTable,selfClosingVoidIsNotAnError,testNoImagesInNoScriptInHead,handlesBaseWithoutHref,handlesUnclosedRawtextAtEof,tracksLimitedErrorsWhenRequested,tracksErrorsWhenRequested,handlesUnclosedAnchors,parsesBodyFragment,handlesUnknownInlineTags,testSelectWithOption,normalisesEmptyDocument,relaxedBaseEntityMatchAndStrictExtendedMatch,handlesUnclosedFormattingElements,handlesSolidusInA,testHgroup,discardsNakedTds,parsesComments,testFontFlowContents,handlesMisnestedTagsBI,handlesMisnestedTagsBP,canPreserveBothCase,findsCharsetInMalformedMeta,handlesMultiClosingBody,handlesBlocksInDefinitions,testAFlowContents,handlesNullInData,parsesQuiteRoughAttributes,testSupportsNonAsciiTags(org.jsoup.parser.HtmlParserTest): Could not parse query '???????': unexpected token at '???????',handlesInvalidDoctypes(org.jsoup.parser.HtmlParserTest): expected:<<!doctype [?]> <html> <head></hea...> but was:<<!doctype [?]> <html> <head></hea...>,doesNotFindShortestMatchingEntity(org.jsoup.parser.HtmlParserTest): expected:<One &amp;clubsuite; [?]> but was:<One &amp;clubsuite; [?]>
[109506] WARN Amplification - 3 tests failed before the amplifications
[109507] WARN Amplification - testSupportsNonAsciiTags(org.jsoup.parser.HtmlParserTest): Could not parse query '???????': unexpected token at '???????'
handlesInvalidDoctypes(org.jsoup.parser.HtmlParserTest): expected:<<!doctype [?]> <html> <head></hea...> but was:<<!doctype [?]> <html> <head></hea...>
doesNotFindShortestMatchingEntity(org.jsoup.parser.HtmlParserTest): expected:<One &amp;clubsuite; [?]> but was:<One &amp;clubsuite; [?]>
[109507] WARN Amplification - Discarding following test cases for the amplification
[109513] WARN Amplification - testSupportsNonAsciiTags
[109513] WARN Amplification - handlesInvalidDoctypes
[109513] WARN Amplification - doesNotFindShortestMatchingEntity
[110024] INFO EntryPoint - Run: java -cp /tmp/Ex2Amplifier-experiments/dataset/may-2018/jsoup/942/target/test-classes:/tmp/Ex2Amplifier-experiments/dataset/may-2018/jsoup/942/target/classes:/home/spirals/danglot/.m2/repository/junit/junit/4.12/junit-4.12.jar:/home/spirals/danglot/.m2/repository/org/hamcrest/hamcrest-core/1.3/hamcrest-core-1.3.jar:/home/spirals/danglot/.m2/repository/com/google/code/gson/gson/2.7/gson-2.7.jar:/tmp/Ex2Amplifier-experiments/target/dspot/dependencies:/home/spirals/danglot/.m2/repository/eu/stamp-project/test-runner/1.0.8/test-runner-1.0.8-jar-with-dependencies.jar eu.stamp_project.testrunner.runner.test.TestRunner org.jsoup.parser.HtmlParserTest noErrorsByDefault:handlesCdata:testNormalisesIsIndex:handlesQuotesInCommentsInScripts:parsesComments:handlesKnownEmptyTitle:tracksErrorsWhenRequested:associatedFormControlsWithDisjointForms:parsesUnterminatedTextarea:selfClosingOnNonvoidIsError:handlesEscapedData:testHgroup:handlesJavadocFont:testFragment:dropsUnterminatedAttribute:handlesKnownEmptyBlocks:handlesUnknownTags:reconstructFormattingElements:preservesSpaceInScript:noTableDirectInTable:normalisesHeadlessBody:preservesSpaceInTextArea:handlesManyChildren:handlesNullInData:handlesProtocolRelativeUrl:parsesRoughAttributes:testRelaxedTags:handlesBlocksInDefinitions:handlesFrames:handlesEscapedScript:createsStructureFromBodySnippet:canPreserveAttributeCase:handlesNestedImplicitTable:handlesSolidusInA:handlesWhitespaceInoDocType:testAFlowContents:handlesWhatWgExpensesTableExample:handlesMultiClosingBody:parsesSimpleDocument:handlesTbodyTable:handlesDataOnlyTags:handlesImplicitCaptionClose:handlesUnexpectedMarkupInTables:handlesControlCodeInAttributeName:normalisesDocument:handlesMisnestedTagsBP:testSupportsPartiallyNonAsciiTags:canPreserveTagCase:testNoImagesInNoScriptInHead:handlesMisnestedTagsBI:handlesUnclosedCdataAtEOF:handlesKnownEmptyIframe:handlesInputInTable:handlesKnownEmptyStyle:emptyTdTag:testUsingSingleQuotesInQueries:handlesUnclosedRawtextAtEof:ignoresContentAfterFrameset:discardsNakedTds:testFontFlowContents:handlesNewlinesAndWhitespaceInTag:handlesUnclosedDefinitionLists:findsCharsetInMalformedMeta:selfClosingVoidIsNotAnError:normalisedBodyAfterContent:normalisesEmptyDocument:handlesTextAfterData:testSpanContents:caseSensitiveParseTree:parsesQuiteRoughAttributes:testReinsertionModeForThCelss:testSpaceAfterTag:handlesUnclosedScriptAtEof:handlesUnclosedAnchors:handlesUnknownInlineTags:commentBeforeHtml:noImplicitFormForTextAreas:testInvalidTableContents:createsFormElements:handlesKnownEmptyNoFrames:relaxedBaseEntityMatchAndStrictExtendedMatch:handlesBaseTags:handlesXmlDeclarationAsBogusComment:testHeaderContents:convertsImageToImg:handlesSpanInTbody:doesNotCreateImplicitLists:tracksLimitedErrorsWhenRequested:handlesNullInComments:dropsUnterminatedTag:handlesCommentsInTable:handlesTagsInTextarea:handlesTextArea:handlesUnclosedFormattingElements:ignoresDupeEndTrTag:handlesUnclosedTitleAtEof:parsesBodyFragment:parsesUnterminatedOption:handlesBaseWithoutHref:handlesUnknownNamespaceTags:reconstructFormattingElementsInTable:testSelectWithOption:handlesInvalidStartTags:canPreserveBothCase:createsDocumentStructure:handlesSolidusAtAttributeEnd:handles0CharacterAsText:parsesUnterminatedComments:handleNullContextInParseFragment:testHtmlLowerCase:handlesUnclosedTitle
File saved to the following path: /tmp/Ex2Amplifier-experiments/dataset/may-2018/jsoup/942/target/dspot/TestListener.ser
[111484] INFO EntryPoint - Test has been run: normalisesHeadlessBody,parsesUnterminatedOption,handlesProtocolRelativeUrl,dropsUnterminatedTag,canPreserveAttributeCase,handlesNullInComments,handlesTextAfterData,dropsUnterminatedAttribute,testNormalisesIsIndex,noTableDirectInTable,testSupportsPartiallyNonAsciiTags,testSpaceAfterTag,handlesXmlDeclarationAsBogusComment,normalisesDocument,createsStructureFromBodySnippet,canPreserveTagCase,preservesSpaceInScript,testHtmlLowerCase,parsesSimpleDocument,doesNotCreateImplicitLists,parsesUnterminatedTextarea,handlesWhatWgExpensesTableExample,handlesImplicitCaptionClose,handlesQuotesInCommentsInScripts,handlesInputInTable,handlesInvalidStartTags,handlesEscapedData,reconstructFormattingElements,createsDocumentStructure,handlesUnclosedTitle,handleNullContextInParseFragment,parsesUnterminatedComments,emptyTdTag,caseSensitiveParseTree,testFragment,handlesUnclosedScriptAtEof,handlesNewlinesAndWhitespaceInTag,handlesDataOnlyTags,noImplicitFormForTextAreas,commentBeforeHtml,handlesUnclosedCdataAtEOF,handlesCdata,handlesKnownEmptyBlocks,createsFormElements,noErrorsByDefault,testHeaderContents,testRelaxedTags,handlesKnownEmptyStyle,handlesKnownEmptyTitle,preservesSpaceInTextArea,handlesUnexpectedMarkupInTables,handlesKnownEmptyIframe,ignoresContentAfterFrameset,handlesBaseTags,testSpanContents,handles0CharacterAsText,handlesFrames,handlesJavadocFont,testReinsertionModeForThCelss,handlesControlCodeInAttributeName,handlesTagsInTextarea,handlesCommentsInTable,handlesEscapedScript,testInvalidTableContents,handlesUnknownTags,ignoresDupeEndTrTag,associatedFormControlsWithDisjointForms,handlesTbodyTable,normalisedBodyAfterContent,handlesSpanInTbody,handlesUnclosedTitleAtEof,handlesSolidusAtAttributeEnd,handlesUnknownNamespaceTags,handlesKnownEmptyNoFrames,handlesManyChildren,handlesTextArea,convertsImageToImg,selfClosingOnNonvoidIsError,handlesNestedImplicitTable,parsesRoughAttributes,testUsingSingleQuotesInQueries,handlesUnclosedDefinitionLists,handlesWhitespaceInoDocType,reconstructFormattingElementsInTable,selfClosingVoidIsNotAnError,testNoImagesInNoScriptInHead,handlesBaseWithoutHref,handlesUnclosedRawtextAtEof,tracksLimitedErrorsWhenRequested,tracksErrorsWhenRequested,handlesUnclosedAnchors,parsesBodyFragment,handlesUnknownInlineTags,testSelectWithOption,normalisesEmptyDocument,relaxedBaseEntityMatchAndStrictExtendedMatch,handlesUnclosedFormattingElements,handlesSolidusInA,testHgroup,discardsNakedTds,parsesComments,testFontFlowContents,handlesMisnestedTagsBI,handlesMisnestedTagsBP,canPreserveBothCase,findsCharsetInMalformedMeta,handlesMultiClosingBody,handlesBlocksInDefinitions,testAFlowContents,handlesNullInData,parsesQuiteRoughAttributes
[111484] INFO Amplification - Try to add assertions before amplification
[112861] INFO AssertGenerator - Run tests. (111)
[113161] INFO EntryPoint - Run: java -cp /tmp/Ex2Amplifier-experiments/dataset/may-2018/jsoup/942/target/test-classes:/tmp/Ex2Amplifier-experiments/dataset/may-2018/jsoup/942/target/classes:/home/spirals/danglot/.m2/repository/junit/junit/4.12/junit-4.12.jar:/home/spirals/danglot/.m2/repository/org/hamcrest/hamcrest-core/1.3/hamcrest-core-1.3.jar:/home/spirals/danglot/.m2/repository/com/google/code/gson/gson/2.7/gson-2.7.jar:/tmp/Ex2Amplifier-experiments/target/dspot/dependencies:/home/spirals/danglot/.m2/repository/eu/stamp-project/test-runner/1.0.8/test-runner-1.0.8-jar-with-dependencies.jar eu.stamp_project.testrunner.runner.test.TestRunner org.jsoup.parser.HtmlParserTest noErrorsByDefault:handlesCdata:testNormalisesIsIndex:handlesQuotesInCommentsInScripts:parsesComments:handlesKnownEmptyTitle:tracksErrorsWhenRequested:associatedFormControlsWithDisjointForms:parsesUnterminatedTextarea:selfClosingOnNonvoidIsError:handlesEscapedData:testHgroup:handlesJavadocFont:testFragment:dropsUnterminatedAttribute:handlesKnownEmptyBlocks:handlesUnknownTags:reconstructFormattingElements:preservesSpaceInScript:noTableDirectInTable:normalisesHeadlessBody:preservesSpaceInTextArea:handlesManyChildren:handlesNullInData:handlesProtocolRelativeUrl:parsesRoughAttributes:testRelaxedTags:handlesBlocksInDefinitions:handlesFrames:handlesEscapedScript:createsStructureFromBodySnippet:canPreserveAttributeCase:handlesNestedImplicitTable:handlesSolidusInA:handlesWhitespaceInoDocType:testAFlowContents:handlesWhatWgExpensesTableExample:handlesMultiClosingBody:parsesSimpleDocument:handlesTbodyTable:handlesDataOnlyTags:handlesImplicitCaptionClose:handlesUnexpectedMarkupInTables:handlesControlCodeInAttributeName:normalisesDocument:handlesMisnestedTagsBP:testSupportsPartiallyNonAsciiTags:canPreserveTagCase:testNoImagesInNoScriptInHead:handlesMisnestedTagsBI:handlesUnclosedCdataAtEOF:handlesKnownEmptyIframe:handlesInputInTable:handlesKnownEmptyStyle:emptyTdTag:testUsingSingleQuotesInQueries:handlesUnclosedRawtextAtEof:ignoresContentAfterFrameset:discardsNakedTds:testFontFlowContents:handlesNewlinesAndWhitespaceInTag:handlesUnclosedDefinitionLists:findsCharsetInMalformedMeta:selfClosingVoidIsNotAnError:normalisedBodyAfterContent:normalisesEmptyDocument:handlesTextAfterData:testSpanContents:caseSensitiveParseTree:parsesQuiteRoughAttributes:testReinsertionModeForThCelss:testSpaceAfterTag:handlesUnclosedScriptAtEof:handlesUnclosedAnchors:handlesUnknownInlineTags:commentBeforeHtml:noImplicitFormForTextAreas:testInvalidTableContents:createsFormElements:handlesKnownEmptyNoFrames:relaxedBaseEntityMatchAndStrictExtendedMatch:handlesBaseTags:handlesXmlDeclarationAsBogusComment:testHeaderContents:convertsImageToImg:handlesSpanInTbody:doesNotCreateImplicitLists:tracksLimitedErrorsWhenRequested:handlesNullInComments:dropsUnterminatedTag:handlesCommentsInTable:handlesTagsInTextarea:handlesTextArea:handlesUnclosedFormattingElements:ignoresDupeEndTrTag:handlesUnclosedTitleAtEof:parsesBodyFragment:parsesUnterminatedOption:handlesBaseWithoutHref:handlesUnknownNamespaceTags:reconstructFormattingElementsInTable:testSelectWithOption:handlesInvalidStartTags:canPreserveBothCase:createsDocumentStructure:handlesSolidusAtAttributeEnd:handles0CharacterAsText:parsesUnterminatedComments:handleNullContextInParseFragment:testHtmlLowerCase:handlesUnclosedTitle
File saved to the following path: /tmp/Ex2Amplifier-experiments/dataset/may-2018/jsoup/942/target/dspot/TestListener.ser
[114600] INFO EntryPoint - Test has been run: normalisesHeadlessBody,parsesUnterminatedOption,handlesProtocolRelativeUrl,dropsUnterminatedTag,canPreserveAttributeCase,handlesNullInComments,handlesTextAfterData,dropsUnterminatedAttribute,testNormalisesIsIndex,noTableDirectInTable,testSupportsPartiallyNonAsciiTags,testSpaceAfterTag,handlesXmlDeclarationAsBogusComment,normalisesDocument,createsStructureFromBodySnippet,canPreserveTagCase,preservesSpaceInScript,testHtmlLowerCase,parsesSimpleDocument,doesNotCreateImplicitLists,parsesUnterminatedTextarea,handlesWhatWgExpensesTableExample,handlesImplicitCaptionClose,handlesQuotesInCommentsInScripts,handlesInputInTable,handlesInvalidStartTags,handlesEscapedData,reconstructFormattingElements,createsDocumentStructure,handlesUnclosedTitle,handleNullContextInParseFragment,parsesUnterminatedComments,emptyTdTag,caseSensitiveParseTree,testFragment,handlesUnclosedScriptAtEof,handlesNewlinesAndWhitespaceInTag,handlesDataOnlyTags,noImplicitFormForTextAreas,commentBeforeHtml,handlesUnclosedCdataAtEOF,handlesCdata,handlesKnownEmptyBlocks,createsFormElements,noErrorsByDefault,testHeaderContents,testRelaxedTags,handlesKnownEmptyStyle,handlesKnownEmptyTitle,preservesSpaceInTextArea,handlesUnexpectedMarkupInTables,handlesKnownEmptyIframe,ignoresContentAfterFrameset,handlesBaseTags,testSpanContents,handles0CharacterAsText,handlesFrames,handlesJavadocFont,testReinsertionModeForThCelss,handlesControlCodeInAttributeName,handlesTagsInTextarea,handlesCommentsInTable,handlesEscapedScript,testInvalidTableContents,handlesUnknownTags,ignoresDupeEndTrTag,associatedFormControlsWithDisjointForms,handlesTbodyTable,normalisedBodyAfterContent,handlesSpanInTbody,handlesUnclosedTitleAtEof,handlesSolidusAtAttributeEnd,handlesUnknownNamespaceTags,handlesKnownEmptyNoFrames,handlesManyChildren,handlesTextArea,convertsImageToImg,selfClosingOnNonvoidIsError,handlesNestedImplicitTable,parsesRoughAttributes,testUsingSingleQuotesInQueries,handlesUnclosedDefinitionLists,handlesWhitespaceInoDocType,reconstructFormattingElementsInTable,selfClosingVoidIsNotAnError,testNoImagesInNoScriptInHead,handlesBaseWithoutHref,handlesUnclosedRawtextAtEof,tracksLimitedErrorsWhenRequested,tracksErrorsWhenRequested,handlesUnclosedAnchors,parsesBodyFragment,handlesUnknownInlineTags,testSelectWithOption,normalisesEmptyDocument,relaxedBaseEntityMatchAndStrictExtendedMatch,handlesUnclosedFormattingElements,handlesSolidusInA,testHgroup,discardsNakedTds,parsesComments,testFontFlowContents,handlesMisnestedTagsBI,handlesMisnestedTagsBP,canPreserveBothCase,findsCharsetInMalformedMeta,handlesMultiClosingBody,handlesBlocksInDefinitions,testAFlowContents,handlesNullInData,parsesQuiteRoughAttributes
[114601] INFO AssertGenerator - 111 test pass, generating assertion...
[114644] INFO MethodsAssertGenerator - Add observations points in passing tests.
[114644] INFO MethodsAssertGenerator - Instrumentation...
  0% | ]/  1% | ]-  2% |= ]\  3% |= ]|  4% |== ]/  5% |== ]-  6% |=== ]\  7% |=== ]|  8% |==== ]/  9% |==== ]-  9% |==== ]\ 10% |===== ]| 11% |===== ]/ 12% |====== ]- 13% |====== ]\ 14% |======= ]| 15% |======= ]/ 16% |======== ]- 17% |======== ]\ 18% |========= ]| 18% |========= ]/ 19% |========= ]- 20% |========== ]\ 21% |========== ]| 22% |=========== ]/ 23% |=========== ]- 24% |============ ]\ 25% |============ ]| 26% |============= ]/ 27% |============= ]- 27% |============= ]\ 28% |============== ]| 29% |============== ]/ 30% |=============== ]- 31% |=============== ]\ 32% |================ ]| 33% |================ ]/ 34% |================= ]- 35% |================= ]\ 36% |================== ]| 36% |================== ]/ 37% |================== ]- 38% |=================== ]\ 39% |=================== ]| 40% |==================== ]/ 41% |==================== ]- 42% |===================== ]\ 43% |===================== ]| 44% |====================== ]/ 45% |====================== ]- 45% |====================== ]\ 46% |======================= ]| 47% |======================= ]/ 48% |======================== ]- 49% |======================== ]\ 50% |========================= ]| 51% |========================= ]/ 52% |========================== ]- 53% |========================== ]\ 54% |=========================== ]| 54% |=========================== ]/ 55% |=========================== ]- 56% |============================ ]\ 57% |============================ ]| 58% |============================= ]/ 59% |============================= ]- 60% |============================== ]\ 61% |============================== ]| 62% |=============================== ]/ 63% |=============================== ]- 63% |=============================== ]\ 64% |================================ ]| 65% |================================ ]/ 66% |================================= ]- 67% |================================= ]\ 68% |================================== ]| 69% |================================== ]/ 70% |=================================== ]- 71% |=================================== ]\ 72% |==================================== ]| 72% |==================================== ]/ 73% |==================================== ]- 74% |===================================== ]\ 75% |===================================== ]| 76% |====================================== ]/ 77% |====================================== ]- 78% |======================================= ]\ 79% |======================================= ]| 80% |======================================== ]/ 81% |======================================== ]- 81% |======================================== ]\ 82% |========================================= ]| 83% |========================================= ]/ 84% |========================================== ]- 85% |========================================== ]\ 86% |=========================================== ]| 87% |=========================================== ]/ 88% |============================================ ]- 89% |============================================ ]\ 90% |============================================= ]| 90% |============================================= ]/ 91% |============================================= ]- 92% |============================================== ]\ 93% |============================================== ]| 94% |=============================================== ]/ 95% |=============================================== ]- 96% |================================================ ]\ 97% |================================================ ]| 98% |================================================= ]/ 99% |================================================= ]-100% |================================================== ]\
[116340] INFO MethodsAssertGenerator - Run instrumented tests. (333)
[117354] INFO EntryPoint - Run: java -cp /tmp/Ex2Amplifier-experiments/dataset/may-2018/jsoup/942/target/test-classes:/tmp/Ex2Amplifier-experiments/dataset/may-2018/jsoup/942/target/classes:/home/spirals/danglot/.m2/repository/junit/junit/4.12/junit-4.12.jar:/home/spirals/danglot/.m2/repository/org/hamcrest/hamcrest-core/1.3/hamcrest-core-1.3.jar:/home/spirals/danglot/.m2/repository/com/google/code/gson/gson/2.7/gson-2.7.jar:/tmp/Ex2Amplifier-experiments/target/dspot/dependencies:/home/spirals/danglot/.m2/repository/eu/stamp-project/test-runner/1.0.8/test-runner-1.0.8-jar-with-dependencies.jar eu.stamp_project.testrunner.runner.test.TestRunner org.jsoup.parser.HtmlParserTest noErrorsByDefault_withlog0:handlesCdata_withlog0:testNormalisesIsIndex_withlog0:handlesQuotesInCommentsInScripts_withlog0:parsesComments_withlog0:handlesKnownEmptyTitle_withlog0:tracksErrorsWhenRequested_withlog0:associatedFormControlsWithDisjointForms_withlog0:parsesUnterminatedTextarea_withlog0:selfClosingOnNonvoidIsError_withlog0:handlesEscapedData_withlog0:testHgroup_withlog0:handlesJavadocFont_withlog0:testFragment_withlog0:dropsUnterminatedAttribute_withlog0:handlesKnownEmptyBlocks_withlog0:handlesUnknownTags_withlog0:reconstructFormattingElements_withlog0:preservesSpaceInScript_withlog0:noTableDirectInTable_withlog0:normalisesHeadlessBody_withlog0:preservesSpaceInTextArea_withlog0:handlesManyChildren_withlog0:handlesNullInData_withlog0:handlesProtocolRelativeUrl_withlog0:parsesRoughAttributes_withlog0:testRelaxedTags_withlog0:handlesBlocksInDefinitions_withlog0:handlesFrames_withlog0:handlesEscapedScript_withlog0:createsStructureFromBodySnippet_withlog0:canPreserveAttributeCase_withlog0:handlesNestedImplicitTable_withlog0:handlesSolidusInA_withlog0:handlesWhitespaceInoDocType_withlog0:testAFlowContents_withlog0:handlesWhatWgExpensesTableExample_withlog0:handlesMultiClosingBody_withlog0:parsesSimpleDocument_withlog0:handlesTbodyTable_withlog0:handlesDataOnlyTags_withlog0:handlesImplicitCaptionClose_withlog0:handlesUnexpectedMarkupInTables_withlog0:handlesControlCodeInAttributeName_withlog0:normalisesDocument_withlog0:handlesMisnestedTagsBP_withlog0:testSupportsPartiallyNonAsciiTags_withlog0:canPreserveTagCase_withlog0:testNoImagesInNoScriptInHead_withlog0:handlesMisnestedTagsBI_withlog0:handlesUnclosedCdataAtEOF_withlog0:handlesKnownEmptyIframe_withlog0:handlesInputInTable_withlog0:handlesKnownEmptyStyle_withlog0:emptyTdTag_withlog0:testUsingSingleQuotesInQueries_withlog0:handlesUnclosedRawtextAtEof_withlog0:ignoresContentAfterFrameset_withlog0:discardsNakedTds_withlog0:testFontFlowContents_withlog0:handlesNewlinesAndWhitespaceInTag_withlog0:handlesUnclosedDefinitionLists_withlog0:findsCharsetInMalformedMeta_withlog0:selfClosingVoidIsNotAnError_withlog0:normalisedBodyAfterContent_withlog0:normalisesEmptyDocument_withlog0:handlesTextAfterData_withlog0:testSpanContents_withlog0:caseSensitiveParseTree_withlog0:parsesQuiteRoughAttributes_withlog0:testReinsertionModeForThCelss_withlog0:testSpaceAfterTag_withlog0:handlesUnclosedScriptAtEof_withlog0:handlesUnclosedAnchors_withlog0:handlesUnknownInlineTags_withlog0:commentBeforeHtml_withlog0:noImplicitFormForTextAreas_withlog0:testInvalidTableContents_withlog0:createsFormElements_withlog0:handlesKnownEmptyNoFrames_withlog0:relaxedBaseEntityMatchAndStrictExtendedMatch_withlog0:handlesBaseTags_withlog0:handlesXmlDeclarationAsBogusComment_withlog0:testHeaderContents_withlog0:convertsImageToImg_withlog0:handlesSpanInTbody_withlog0:doesNotCreateImplicitLists_withlog0:tracksLimitedErrorsWhenRequested_withlog0:handlesNullInComments_withlog0:dropsUnterminatedTag_withlog0:handlesCommentsInTable_withlog0:handlesTagsInTextarea_withlog0:handlesTextArea_withlog0:handlesUnclosedFormattingElements_withlog0:ignoresDupeEndTrTag_withlog0:handlesUnclosedTitleAtEof_withlog0:parsesBodyFragment_withlog0:parsesUnterminatedOption_withlog0:handlesBaseWithoutHref_withlog0:handlesUnknownNamespaceTags_withlog0:reconstructFormattingElementsInTable_withlog0:testSelectWithOption_withlog0:handlesInvalidStartTags_withlog0:canPreserveBothCase_withlog0:createsDocumentStructure_withlog0:handlesSolidusAtAttributeEnd_withlog0:handles0CharacterAsText_withlog0:parsesUnterminatedComments_withlog0:handleNullContextInParseFragment_withlog0:testHtmlLowerCase_withlog0:handlesUnclosedTitle_withlog0:noErrorsByDefault_withlog1:handlesCdata_withlog1:testNormalisesIsIndex_withlog1:handlesQuotesInCommentsInScripts_withlog1:parsesComments_withlog1:handlesKnownEmptyTitle_withlog1:tracksErrorsWhenRequested_withlog1:associatedFormControlsWithDisjointForms_withlog1:parsesUnterminatedTextarea_withlog1:selfClosingOnNonvoidIsError_withlog1:handlesEscapedData_withlog1:testHgroup_withlog1:handlesJavadocFont_withlog1:testFragment_withlog1:dropsUnterminatedAttribute_withlog1:handlesKnownEmptyBlocks_withlog1:handlesUnknownTags_withlog1:reconstructFormattingElements_withlog1:preservesSpaceInScript_withlog1:noTableDirectInTable_withlog1:normalisesHeadlessBody_withlog1:preservesSpaceInTextArea_withlog1:handlesManyChildren_withlog1:handlesNullInData_withlog1:handlesProtocolRelativeUrl_withlog1:parsesRoughAttributes_withlog1:testRelaxedTags_withlog1:handlesBlocksInDefinitions_withlog1:handlesFrames_withlog1:handlesEscapedScript_withlog1:createsStructureFromBodySnippet_withlog1:canPreserveAttributeCase_withlog1:handlesNestedImplicitTable_withlog1:handlesSolidusInA_withlog1:handlesWhitespaceInoDocType_withlog1:testAFlowContents_withlog1:handlesWhatWgExpensesTableExample_withlog1:handlesMultiClosingBody_withlog1:parsesSimpleDocument_withlog1:handlesTbodyTable_withlog1:handlesDataOnlyTags_withlog1:handlesImplicitCaptionClose_withlog1:handlesUnexpectedMarkupInTables_withlog1:handlesControlCodeInAttributeName_withlog1:normalisesDocument_withlog1:handlesMisnestedTagsBP_withlog1:testSupportsPartiallyNonAsciiTags_withlog1:canPreserveTagCase_withlog1:testNoImagesInNoScriptInHead_withlog1:handlesMisnestedTagsBI_withlog1:handlesUnclosedCdataAtEOF_withlog1:handlesKnownEmptyIframe_withlog1:handlesInputInTable_withlog1:handlesKnownEmptyStyle_withlog1:emptyTdTag_withlog1:testUsingSingleQuotesInQueries_withlog1:handlesUnclosedRawtextAtEof_withlog1:ignoresContentAfterFrameset_withlog1:discardsNakedTds_withlog1:testFontFlowContents_withlog1:handlesNewlinesAndWhitespaceInTag_withlog1:handlesUnclosedDefinitionLists_withlog1:findsCharsetInMalformedMeta_withlog1:selfClosingVoidIsNotAnError_withlog1:normalisedBodyAfterContent_withlog1:normalisesEmptyDocument_withlog1:handlesTextAfterData_withlog1:testSpanContents_withlog1:caseSensitiveParseTree_withlog1:parsesQuiteRoughAttributes_withlog1:testReinsertionModeForThCelss_withlog1:testSpaceAfterTag_withlog1:handlesUnclosedScriptAtEof_withlog1:handlesUnclosedAnchors_withlog1:handlesUnknownInlineTags_withlog1:commentBeforeHtml_withlog1:noImplicitFormForTextAreas_withlog1:testInvalidTableContents_withlog1:createsFormElements_withlog1:handlesKnownEmptyNoFrames_withlog1:relaxedBaseEntityMatchAndStrictExtendedMatch_withlog1:handlesBaseTags_withlog1:handlesXmlDeclarationAsBogusComment_withlog1:testHeaderContents_withlog1:convertsImageToImg_withlog1:handlesSpanInTbody_withlog1:doesNotCreateImplicitLists_withlog1:tracksLimitedErrorsWhenRequested_withlog1:handlesNullInComments_withlog1:dropsUnterminatedTag_withlog1:handlesCommentsInTable_withlog1:handlesTagsInTextarea_withlog1:handlesTextArea_withlog1:handlesUnclosedFormattingElements_withlog1:ignoresDupeEndTrTag_withlog1:handlesUnclosedTitleAtEof_withlog1:parsesBodyFragment_withlog1:parsesUnterminatedOption_withlog1:handlesBaseWithoutHref_withlog1:handlesUnknownNamespaceTags_withlog1:reconstructFormattingElementsInTable_withlog1:testSelectWithOption_withlog1:handlesInvalidStartTags_withlog1:canPreserveBothCase_withlog1:createsDocumentStructure_withlog1:handlesSolidusAtAttributeEnd_withlog1:handles0CharacterAsText_withlog1:parsesUnterminatedComments_withlog1:handleNullContextInParseFragment_withlog1:testHtmlLowerCase_withlog1:handlesUnclosedTitle_withlog1:noErrorsByDefault_withlog2:handlesCdata_withlog2:testNormalisesIsIndex_withlog2:handlesQuotesInCommentsInScripts_withlog2:parsesComments_withlog2:handlesKnownEmptyTitle_withlog2:tracksErrorsWhenRequested_withlog2:associatedFormControlsWithDisjointForms_withlog2:parsesUnterminatedTextarea_withlog2:selfClosingOnNonvoidIsError_withlog2:handlesEscapedData_withlog2:testHgroup_withlog2:handlesJavadocFont_withlog2:testFragment_withlog2:dropsUnterminatedAttribute_withlog2:handlesKnownEmptyBlocks_withlog2:handlesUnknownTags_withlog2:reconstructFormattingElements_withlog2:preservesSpaceInScript_withlog2:noTableDirectInTable_withlog2:normalisesHeadlessBody_withlog2:preservesSpaceInTextArea_withlog2:handlesManyChildren_withlog2:handlesNullInData_withlog2:handlesProtocolRelativeUrl_withlog2:parsesRoughAttributes_withlog2:testRelaxedTags_withlog2:handlesBlocksInDefinitions_withlog2:handlesFrames_withlog2:handlesEscapedScript_withlog2:createsStructureFromBodySnippet_withlog2:canPreserveAttributeCase_withlog2:handlesNestedImplicitTable_withlog2:handlesSolidusInA_withlog2:handlesWhitespaceInoDocType_withlog2:testAFlowContents_withlog2:handlesWhatWgExpensesTableExample_withlog2:handlesMultiClosingBody_withlog2:parsesSimpleDocument_withlog2:handlesTbodyTable_withlog2:handlesDataOnlyTags_withlog2:handlesImplicitCaptionClose_withlog2:handlesUnexpectedMarkupInTables_withlog2:handlesControlCodeInAttributeName_withlog2:normalisesDocument_withlog2:handlesMisnestedTagsBP_withlog2:testSupportsPartiallyNonAsciiTags_withlog2:canPreserveTagCase_withlog2:testNoImagesInNoScriptInHead_withlog2:handlesMisnestedTagsBI_withlog2:handlesUnclosedCdataAtEOF_withlog2:handlesKnownEmptyIframe_withlog2:handlesInputInTable_withlog2:handlesKnownEmptyStyle_withlog2:emptyTdTag_withlog2:testUsingSingleQuotesInQueries_withlog2:handlesUnclosedRawtextAtEof_withlog2:ignoresContentAfterFrameset_withlog2:discardsNakedTds_withlog2:testFontFlowContents_withlog2:handlesNewlinesAndWhitespaceInTag_withlog2:handlesUnclosedDefinitionLists_withlog2:findsCharsetInMalformedMeta_withlog2:selfClosingVoidIsNotAnError_withlog2:normalisedBodyAfterContent_withlog2:normalisesEmptyDocument_withlog2:handlesTextAfterData_withlog2:testSpanContents_withlog2:caseSensitiveParseTree_withlog2:parsesQuiteRoughAttributes_withlog2:testReinsertionModeForThCelss_withlog2:testSpaceAfterTag_withlog2:handlesUnclosedScriptAtEof_withlog2:handlesUnclosedAnchors_withlog2:handlesUnknownInlineTags_withlog2:commentBeforeHtml_withlog2:noImplicitFormForTextAreas_withlog2:testInvalidTableContents_withlog2:createsFormElements_withlog2:handlesKnownEmptyNoFrames_withlog2:relaxedBaseEntityMatchAndStrictExtendedMatch_withlog2:handlesBaseTags_withlog2:handlesXmlDeclarationAsBogusComment_withlog2:testHeaderContents_withlog2:convertsImageToImg_withlog2:handlesSpanInTbody_withlog2:doesNotCreateImplicitLists_withlog2:tracksLimitedErrorsWhenRequested_withlog2:handlesNullInComments_withlog2:dropsUnterminatedTag_withlog2:handlesCommentsInTable_withlog2:handlesTagsInTextarea_withlog2:handlesTextArea_withlog2:handlesUnclosedFormattingElements_withlog2:ignoresDupeEndTrTag_withlog2:handlesUnclosedTitleAtEof_withlog2:parsesBodyFragment_withlog2:parsesUnterminatedOption_withlog2:handlesBaseWithoutHref_withlog2:handlesUnknownNamespaceTags_withlog2:reconstructFormattingElementsInTable_withlog2:testSelectWithOption_withlog2:handlesInvalidStartTags_withlog2:canPreserveBothCase_withlog2:createsDocumentStructure_withlog2:handlesSolidusAtAttributeEnd_withlog2:handles0CharacterAsText_withlog2:parsesUnterminatedComments_withlog2:handleNullContextInParseFragment_withlog2:testHtmlLowerCase_withlog2:handlesUnclosedTitle_withlog2
File saved to the following path: /tmp/Ex2Amplifier-experiments/dataset/may-2018/jsoup/942/target/dspot/observations.ser
File saved to the following path: /tmp/Ex2Amplifier-experiments/dataset/may-2018/jsoup/942/target/dspot/TestListener.ser
[180897] INFO EntryPoint - Test has been run: handlesUnknownInlineTags_withlog0,handlesUnknownInlineTags_withlog1,handlesUnknownInlineTags_withlog2,tracksLimitedErrorsWhenRequested_withlog0,tracksLimitedErrorsWhenRequested_withlog1,tracksLimitedErrorsWhenRequested_withlog2,parsesSimpleDocument_withlog0,parsesSimpleDocument_withlog1,parsesSimpleDocument_withlog2,testNormalisesIsIndex_withlog0,testNormalisesIsIndex_withlog1,testNormalisesIsIndex_withlog2,testFontFlowContents_withlog0,testFontFlowContents_withlog1,testFontFlowContents_withlog2,normalisesHeadlessBody_withlog0,normalisesHeadlessBody_withlog1,normalisesHeadlessBody_withlog2,handlesSpanInTbody_withlog0,handlesSpanInTbody_withlog1,handlesSpanInTbody_withlog2,handlesTbodyTable_withlog0,handlesTbodyTable_withlog1,handlesTbodyTable_withlog2,handlesImplicitCaptionClose_withlog0,handlesImplicitCaptionClose_withlog1,handlesImplicitCaptionClose_withlog2,handlesUnknownTags_withlog0,handlesUnknownTags_withlog1,handlesUnknownTags_withlog2,testSelectWithOption_withlog0,testSelectWithOption_withlog1,testSelectWithOption_withlog2,handlesNewlinesAndWhitespaceInTag_withlog0,handlesNewlinesAndWhitespaceInTag_withlog1,handlesNewlinesAndWhitespaceInTag_withlog2,testHgroup_withlog0,testHgroup_withlog1,testHgroup_withlog2,handlesUnclosedDefinitionLists_withlog0,handlesUnclosedDefinitionLists_withlog1,handlesUnclosedDefinitionLists_withlog2,handlesKnownEmptyBlocks_withlog0,handlesKnownEmptyBlocks_withlog1,handlesKnownEmptyBlocks_withlog2,parsesUnterminatedComments_withlog0,parsesUnterminatedComments_withlog1,parsesUnterminatedComments_withlog2,reconstructFormattingElementsInTable_withlog0,reconstructFormattingElementsInTable_withlog1,reconstructFormattingElementsInTable_withlog2,handleNullContextInParseFragment_withlog0,handleNullContextInParseFragment_withlog1,handleNullContextInParseFragment_withlog2,createsDocumentStructure_withlog0,createsDocumentStructure_withlog1,createsDocumentStructure_withlog2,testReinsertionModeForThCelss_withlog0,testReinsertionModeForThCelss_withlog1,testReinsertionModeForThCelss_withlog2,reconstructFormattingElements_withlog0,reconstructFormattingElements_withlog1,reconstructFormattingElements_withlog2,handles0CharacterAsText_withlog0,handles0CharacterAsText_withlog1,handles0CharacterAsText_withlog2,testSpanContents_withlog0,testSpanContents_withlog1,testSpanContents_withlog2,parsesUnterminatedTextarea_withlog0,parsesUnterminatedTextarea_withlog1,parsesUnterminatedTextarea_withlog2,ignoresDupeEndTrTag_withlog0,ignoresDupeEndTrTag_withlog1,ignoresDupeEndTrTag_withlog2,handlesMisnestedTagsBP_withlog0,handlesMisnestedTagsBP_withlog1,handlesMisnestedTagsBP_withlog2,handlesUnclosedTitleAtEof_withlog0,handlesUnclosedTitleAtEof_withlog1,handlesUnclosedTitleAtEof_withlog2,handlesEscapedScript_withlog0,handlesEscapedScript_withlog1,handlesEscapedScript_withlog2,handlesBaseTags_withlog0,handlesBaseTags_withlog1,handlesBaseTags_withlog2,handlesUnclosedCdataAtEOF_withlog0,handlesUnclosedCdataAtEOF_withlog1,handlesUnclosedCdataAtEOF_withlog2,handlesJavadocFont_withlog0,handlesJavadocFont_withlog1,handlesJavadocFont_withlog2,handlesProtocolRelativeUrl_withlog0,handlesProtocolRelativeUrl_withlog1,handlesProtocolRelativeUrl_withlog2,handlesSolidusAtAttributeEnd_withlog0,handlesSolidusAtAttributeEnd_withlog1,handlesSolidusAtAttributeEnd_withlog2,handlesKnownEmptyTitle_withlog0,handlesKnownEmptyTitle_withlog1,handlesKnownEmptyTitle_withlog2,handlesSolidusInA_withlog0,handlesSolidusInA_withlog1,handlesSolidusInA_withlog2,canPreserveBothCase_withlog0,canPreserveBothCase_withlog1,canPreserveBothCase_withlog2,handlesManyChildren_withlog0,handlesManyChildren_withlog1,handlesManyChildren_withlog2,commentBeforeHtml_withlog0,commentBeforeHtml_withlog1,commentBeforeHtml_withlog2,handlesInputInTable_withlog0,handlesInputInTable_withlog1,handlesInputInTable_withlog2,preservesSpaceInTextArea_withlog0,preservesSpaceInTextArea_withlog1,preservesSpaceInTextArea_withlog2,handlesBaseWithoutHref_withlog0,handlesBaseWithoutHref_withlog1,handlesBaseWithoutHref_withlog2,canPreserveAttributeCase_withlog0,canPreserveAttributeCase_withlog1,canPreserveAttributeCase_withlog2,handlesDataOnlyTags_withlog0,handlesDataOnlyTags_withlog1,handlesDataOnlyTags_withlog2,handlesNullInComments_withlog0,handlesNullInComments_withlog1,handlesNullInComments_withlog2,createsStructureFromBodySnippet_withlog0,createsStructureFromBodySnippet_withlog1,createsStructureFromBodySnippet_withlog2,relaxedBaseEntityMatchAndStrictExtendedMatch_withlog0,relaxedBaseEntityMatchAndStrictExtendedMatch_withlog1,relaxedBaseEntityMatchAndStrictExtendedMatch_withlog2,canPreserveTagCase_withlog0,canPreserveTagCase_withlog1,canPreserveTagCase_withlog2,noImplicitFormForTextAreas_withlog0,noImplicitFormForTextAreas_withlog1,noImplicitFormForTextAreas_withlog2,doesNotCreateImplicitLists_withlog0,doesNotCreateImplicitLists_withlog1,doesNotCreateImplicitLists_withlog2,handlesUnclosedAnchors_withlog0,handlesUnclosedAnchors_withlog1,handlesUnclosedAnchors_withlog2,parsesUnterminatedOption_withlog0,parsesUnterminatedOption_withlog1,parsesUnterminatedOption_withlog2,parsesBodyFragment_withlog0,parsesBodyFragment_withlog1,parsesBodyFragment_withlog2,testAFlowContents_withlog0,testAFlowContents_withlog1,testAFlowContents_withlog2,parsesRoughAttributes_withlog0,parsesRoughAttributes_withlog1,parsesRoughAttributes_withlog2,handlesUnknownNamespaceTags_withlog0,handlesUnknownNamespaceTags_withlog1,handlesUnknownNamespaceTags_withlog2,noTableDirectInTable_withlog0,noTableDirectInTable_withlog1,noTableDirectInTable_withlog2,handlesControlCodeInAttributeName_withlog0,handlesControlCodeInAttributeName_withlog1,handlesControlCodeInAttributeName_withlog2,testNoImagesInNoScriptInHead_withlog0,testNoImagesInNoScriptInHead_withlog1,testNoImagesInNoScriptInHead_withlog2,discardsNakedTds_withlog0,discardsNakedTds_withlog1,discardsNakedTds_withlog2,testFragment_withlog0,testFragment_withlog1,testFragment_withlog2,handlesUnclosedRawtextAtEof_withlog0,handlesUnclosedRawtextAtEof_withlog1,handlesUnclosedRawtextAtEof_withlog2,handlesCommentsInTable_withlog0,handlesCommentsInTable_withlog1,handlesCommentsInTable_withlog2,handlesMisnestedTagsBI_withlog0,handlesMisnestedTagsBI_withlog1,handlesMisnestedTagsBI_withlog2,normalisedBodyAfterContent_withlog0,normalisedBodyAfterContent_withlog1,normalisedBodyAfterContent_withlog2,tracksErrorsWhenRequested_withlog0,tracksErrorsWhenRequested_withlog1,tracksErrorsWhenRequested_withlog2,emptyTdTag_withlog0,emptyTdTag_withlog1,emptyTdTag_withlog2,handlesEscapedData_withlog0,handlesEscapedData_withlog1,handlesEscapedData_withlog2,testInvalidTableContents_withlog0,testInvalidTableContents_withlog1,testInvalidTableContents_withlog2,normalisesEmptyDocument_withlog0,normalisesEmptyDocument_withlog1,normalisesEmptyDocument_withlog2,testUsingSingleQuotesInQueries_withlog0,testUsingSingleQuotesInQueries_withlog1,testUsingSingleQuotesInQueries_withlog2,handlesWhatWgExpensesTableExample_withlog0,handlesWhatWgExpensesTableExample_withlog1,handlesWhatWgExpensesTableExample_withlog2,ignoresContentAfterFrameset_withlog0,ignoresContentAfterFrameset_withlog1,ignoresContentAfterFrameset_withlog2,handlesTextAfterData_withlog0,handlesTextAfterData_withlog1,handlesTextAfterData_withlog2,handlesXmlDeclarationAsBogusComment_withlog0,handlesXmlDeclarationAsBogusComment_withlog1,handlesXmlDeclarationAsBogusComment_withlog2,handlesMultiClosingBody_withlog0,handlesMultiClosingBody_withlog1,handlesMultiClosingBody_withlog2,convertsImageToImg_withlog0,convertsImageToImg_withlog1,convertsImageToImg_withlog2,dropsUnterminatedAttribute_withlog0,dropsUnterminatedAttribute_withlog1,dropsUnterminatedAttribute_withlog2,handlesUnexpectedMarkupInTables_withlog0,handlesUnexpectedMarkupInTables_withlog1,handlesUnexpectedMarkupInTables_withlog2,caseSensitiveParseTree_withlog0,caseSensitiveParseTree_withlog1,caseSensitiveParseTree_withlog2,testSpaceAfterTag_withlog0,testSpaceAfterTag_withlog1,testSpaceAfterTag_withlog2,findsCharsetInMalformedMeta_withlog0,findsCharsetInMalformedMeta_withlog1,findsCharsetInMalformedMeta_withlog2,handlesInvalidStartTags_withlog0,handlesInvalidStartTags_withlog1,handlesInvalidStartTags_withlog2,handlesQuotesInCommentsInScripts_withlog0,handlesQuotesInCommentsInScripts_withlog1,handlesQuotesInCommentsInScripts_withlog2,handlesNestedImplicitTable_withlog0,handlesNestedImplicitTable_withlog1,handlesNestedImplicitTable_withlog2,parsesComments_withlog0,parsesComments_withlog1,parsesComments_withlog2,handlesUnclosedTitle_withlog0,handlesUnclosedTitle_withlog1,handlesUnclosedTitle_withlog2,handlesTagsInTextarea_withlog0,handlesTagsInTextarea_withlog1,handlesTagsInTextarea_withlog2,handlesKnownEmptyStyle_withlog0,handlesKnownEmptyStyle_withlog1,handlesKnownEmptyStyle_withlog2,handlesKnownEmptyIframe_withlog0,handlesKnownEmptyIframe_withlog1,handlesKnownEmptyIframe_withlog2,testSupportsPartiallyNonAsciiTags_withlog0,testSupportsPartiallyNonAsciiTags_withlog1,testSupportsPartiallyNonAsciiTags_withlog2,noErrorsByDefault_withlog0,noErrorsByDefault_withlog1,noErrorsByDefault_withlog2,handlesNullInData_withlog0,handlesNullInData_withlog1,handlesNullInData_withlog2,handlesBlocksInDefinitions_withlog0,handlesBlocksInDefinitions_withlog1,handlesBlocksInDefinitions_withlog2,handlesUnclosedFormattingElements_withlog0,handlesUnclosedFormattingElements_withlog1,handlesUnclosedFormattingElements_withlog2,handlesUnclosedScriptAtEof_withlog0,handlesUnclosedScriptAtEof_withlog1,handlesUnclosedScriptAtEof_withlog2,testHtmlLowerCase_withlog0,testHtmlLowerCase_withlog1,testHtmlLowerCase_withlog2,normalisesDocument_withlog0,normalisesDocument_withlog1,normalisesDocument_withlog2,dropsUnterminatedTag_withlog0,dropsUnterminatedTag_withlog1,dropsUnterminatedTag_withlog2,handlesTextArea_withlog0,handlesTextArea_withlog1,handlesTextArea_withlog2,handlesWhitespaceInoDocType_withlog0,handlesWhitespaceInoDocType_withlog1,handlesWhitespaceInoDocType_withlog2,handlesKnownEmptyNoFrames_withlog0,handlesKnownEmptyNoFrames_withlog1,handlesKnownEmptyNoFrames_withlog2,testHeaderContents_withlog0,testHeaderContents_withlog1,testHeaderContents_withlog2,preservesSpaceInScript_withlog0,preservesSpaceInScript_withlog1,preservesSpaceInScript_withlog2,associatedFormControlsWithDisjointForms_withlog0,associatedFormControlsWithDisjointForms_withlog1,associatedFormControlsWithDisjointForms_withlog2,handlesFrames_withlog0,handlesFrames_withlog1,handlesFrames_withlog2,createsFormElements_withlog0,createsFormElements_withlog1,createsFormElements_withlog2,handlesCdata_withlog0,handlesCdata_withlog1,handlesCdata_withlog2,testRelaxedTags_withlog0,testRelaxedTags_withlog1,testRelaxedTags_withlog2,selfClosingVoidIsNotAnError_withlog1,parsesQuiteRoughAttributes_withlog0,parsesQuiteRoughAttributes_withlog1,parsesQuiteRoughAttributes_withlog2,selfClosingOnNonvoidIsError_withlog0(org.jsoup.parser.HtmlParserTest): test timed out after 10000 milliseconds,selfClosingOnNonvoidIsError_withlog1(org.jsoup.parser.HtmlParserTest): test timed out after 10000 milliseconds,selfClosingOnNonvoidIsError_withlog2(org.jsoup.parser.HtmlParserTest): test timed out after 10000 milliseconds,selfClosingVoidIsNotAnError_withlog0(org.jsoup.parser.HtmlParserTest): test timed out after 10000 milliseconds,selfClosingVoidIsNotAnError_withlog2(org.jsoup.parser.HtmlParserTest): test timed out after 10000 milliseconds
Exception in thread "main" java.lang.RuntimeException: java.lang.RuntimeException: java.lang.RuntimeException: java.lang.RuntimeException: java.lang.ClassNotFoundException: org.jsoup.parser.ParseErrorList
	at eu.stamp_project.Main.main(Main.java:96)
Caused by: java.lang.RuntimeException: java.lang.RuntimeException: java.lang.RuntimeException: java.lang.ClassNotFoundException: org.jsoup.parser.ParseErrorList
	at eu.stamp_project.Main.lambda$run$2(Main.java:152)
	at java.util.stream.ForEachOps$ForEachOp$OfRef.accept(ForEachOps.java:184)
	at java.util.stream.ReferencePipeline$2$1.accept(ReferencePipeline.java:175)
	at java.util.ArrayList$ArrayListSpliterator.forEachRemaining(ArrayList.java:1374)
	at java.util.stream.AbstractPipeline.copyInto(AbstractPipeline.java:481)
	at java.util.stream.AbstractPipeline.wrapAndCopyInto(AbstractPipeline.java:471)
	at java.util.stream.ForEachOps$ForEachOp.evaluateSequential(ForEachOps.java:151)
	at java.util.stream.ForEachOps$ForEachOp$OfRef.evaluateSequential(ForEachOps.java:174)
	at java.util.stream.AbstractPipeline.evaluate(AbstractPipeline.java:234)
	at java.util.stream.ReferencePipeline.forEach(ReferencePipeline.java:418)
	at eu.stamp_project.Main.run(Main.java:117)
	at eu.stamp_project.Main.main(Main.java:88)
Caused by: java.lang.RuntimeException: java.lang.RuntimeException: java.lang.ClassNotFoundException: org.jsoup.parser.ParseErrorList
	at eu.stamp_project.compare.ObjectLog.load(ObjectLog.java:235)
	at eu.stamp_project.compare.ObjectLog.getObservations(ObjectLog.java:197)
	at eu.stamp_project.dspot.assertGenerator.MethodsAssertGenerator.addAssertions(MethodsAssertGenerator.java:108)
	at eu.stamp_project.dspot.assertGenerator.AssertGenerator.innerAssertionAmplification(AssertGenerator.java:117)
	at eu.stamp_project.dspot.assertGenerator.AssertGenerator.assertionAmplification(AssertGenerator.java:66)
	at eu.stamp_project.dspot.Amplification.preAmplification(Amplification.java:202)
	at eu.stamp_project.dspot.Amplification.preAmplification(Amplification.java:199)
	at eu.stamp_project.dspot.Amplification.amplification(Amplification.java:91)
	at eu.stamp_project.dspot.DSpot.amplifyTest(DSpot.java:191)
	at eu.stamp_project.dspot.DSpot.amplifyTest(DSpot.java:178)
	at eu.stamp_project.Main.lambda$null$1(Main.java:143)
	at java.util.stream.ReferencePipeline$3$1.accept(ReferencePipeline.java:193)
	at java.util.HashMap$KeySpliterator.forEachRemaining(HashMap.java:1548)
	at java.util.stream.AbstractPipeline.copyInto(AbstractPipeline.java:481)
	at java.util.stream.AbstractPipeline.wrapAndCopyInto(AbstractPipeline.java:471)
	at java.util.stream.ReduceOps$ReduceOp.evaluateSequential(ReduceOps.java:708)
	at java.util.stream.AbstractPipeline.evaluate(AbstractPipeline.java:234)
	at java.util.stream.ReferencePipeline.collect(ReferencePipeline.java:499)
	at eu.stamp_project.Main.lambda$run$2(Main.java:144)
	... 11 more
Caused by: java.lang.RuntimeException: java.lang.ClassNotFoundException: org.jsoup.parser.ParseErrorList
	at eu.stamp_project.compare.ObjectLog.load(ObjectLog.java:232)
	... 29 more
Caused by: java.lang.ClassNotFoundException: org.jsoup.parser.ParseErrorList
	at java.net.URLClassLoader.findClass(URLClassLoader.java:381)
	at java.lang.ClassLoader.loadClass(ClassLoader.java:424)
	at sun.misc.Launcher$AppClassLoader.loadClass(Launcher.java:331)
	at java.lang.ClassLoader.loadClass(ClassLoader.java:357)
	at java.lang.Class.forName0(Native Method)
	at java.lang.Class.forName(Class.java:348)
	at java.io.ObjectInputStream.resolveClass(ObjectInputStream.java:677)
	at java.io.ObjectInputStream.readNonProxyDesc(ObjectInputStream.java:1819)
	at java.io.ObjectInputStream.readClassDesc(ObjectInputStream.java:1713)
	at java.io.ObjectInputStream.readOrdinaryObject(ObjectInputStream.java:1986)
	at java.io.ObjectInputStream.readObject0(ObjectInputStream.java:1535)
	at java.io.ObjectInputStream.readObject(ObjectInputStream.java:422)
	at java.util.HashMap.readObject(HashMap.java:1404)
	at sun.reflect.GeneratedMethodAccessor3.invoke(Unknown Source)
	at sun.reflect.DelegatingMethodAccessorImpl.invoke(DelegatingMethodAccessorImpl.java:43)
	at java.lang.reflect.Method.invoke(Method.java:498)
	at java.io.ObjectStreamClass.invokeReadObject(ObjectStreamClass.java:1058)
	at java.io.ObjectInputStream.readSerialData(ObjectInputStream.java:2122)
	at java.io.ObjectInputStream.readOrdinaryObject(ObjectInputStream.java:2013)
	at java.io.ObjectInputStream.readObject0(ObjectInputStream.java:1535)
	at java.io.ObjectInputStream.defaultReadFields(ObjectInputStream.java:2231)
	at java.io.ObjectInputStream.readSerialData(ObjectInputStream.java:2155)
	at java.io.ObjectInputStream.readOrdinaryObject(ObjectInputStream.java:2013)
	at java.io.ObjectInputStream.readObject0(ObjectInputStream.java:1535)
	at java.io.ObjectInputStream.readObject(ObjectInputStream.java:422)
	at java.util.HashMap.readObject(HashMap.java:1404)
	at sun.reflect.NativeMethodAccessorImpl.invoke0(Native Method)
	at sun.reflect.NativeMethodAccessorImpl.invoke(NativeMethodAccessorImpl.java:62)
	at sun.reflect.DelegatingMethodAccessorImpl.invoke(DelegatingMethodAccessorImpl.java:43)
	at java.lang.reflect.Method.invoke(Method.java:498)
	at java.io.ObjectStreamClass.invokeReadObject(ObjectStreamClass.java:1058)
	at java.io.ObjectInputStream.readSerialData(ObjectInputStream.java:2122)
	at java.io.ObjectInputStream.readOrdinaryObject(ObjectInputStream.java:2013)
	at java.io.ObjectInputStream.readObject0(ObjectInputStream.java:1535)
	at java.io.ObjectInputStream.readObject(ObjectInputStream.java:422)
	at eu.stamp_project.compare.ObjectLog.load(ObjectLog.java:230)
	... 29 more
