SLF4J: Class path contains multiple SLF4J bindings.
SLF4J: Found binding in [jar:file:/home/spirals/danglot/.m2/repository/eu/stamp-project/test-runner/1.0.5/test-runner-1.0.5-jar-with-dependencies.jar!/org/slf4j/impl/StaticLoggerBinder.class]
SLF4J: Found binding in [jar:file:/home/spirals/danglot/.m2/repository/org/slf4j/slf4j-log4j12/1.7.25/slf4j-log4j12-1.7.25.jar!/org/slf4j/impl/StaticLoggerBinder.class]
SLF4J: See http://www.slf4j.org/codes.html#multiple_bindings for an explanation.
SLF4J: Actual binding is of type [org.slf4j.impl.Log4jLoggerFactory]
[0] WARN AutomaticBuilderFactory - No automatic builder specified in configuration, going to default.
[0] INFO AutomaticBuilderFactory - Default: provided Maven automatic builder.
[10] INFO MavenAutomaticBuilder - run maven clean test -DskipTests dependency:build-classpath -Dmdep.outputFile=target/dspot/classpath
[WARN] Maven will be executed in interactive mode, but no input stream has been configured for this MavenInvoker instance.
[INFO] Scanning for projects...
[INFO]                                                                         
[INFO] ------------------------------------------------------------------------
[INFO] Building jsoup Java HTML Parser 1.11.1-SNAPSHOT
[INFO] ------------------------------------------------------------------------
[INFO] 
[INFO] --- maven-clean-plugin:2.5:clean (default-clean) @ jsoup ---
[INFO] Deleting /tmp/Ex2Amplifier-experiments/dataset/may-2018/jsoup/901/target
[INFO] 
[INFO] --- maven-resources-plugin:3.0.1:resources (default-resources) @ jsoup ---
[INFO] Using 'UTF-8' encoding to copy filtered resources.
[INFO] Copying 3 resources
[INFO] Copying 3 resources to META-INF/
[INFO] 
[INFO] --- maven-compiler-plugin:3.5.1:compile (default-compile) @ jsoup ---
[INFO] Changes detected - recompiling the module!
[INFO] Compiling 59 source files to /tmp/Ex2Amplifier-experiments/dataset/may-2018/jsoup/901/target/classes
[INFO] 
[INFO] --- animal-sniffer-maven-plugin:1.15:check (animal-sniffer) @ jsoup ---
[INFO] Checking unresolved references to org.codehaus.mojo.signature:java17:1.0
[INFO] 
[INFO] >>> maven-bundle-plugin:2.5.4:manifest (bundle-manifest) > process-classes @ jsoup >>>
[INFO] 
[INFO] --- maven-resources-plugin:3.0.1:resources (default-resources) @ jsoup ---
[INFO] Using 'UTF-8' encoding to copy filtered resources.
[INFO] Copying 3 resources
[INFO] Copying 3 resources to META-INF/
[INFO] 
[INFO] --- maven-compiler-plugin:3.5.1:compile (default-compile) @ jsoup ---
[INFO] Changes detected - recompiling the module!
[INFO] Compiling 59 source files to /tmp/Ex2Amplifier-experiments/dataset/may-2018/jsoup/901/target/classes
[INFO] 
[INFO] --- animal-sniffer-maven-plugin:1.15:check (animal-sniffer) @ jsoup ---
[INFO] Checking unresolved references to org.codehaus.mojo.signature:java17:1.0
[INFO] 
[INFO] <<< maven-bundle-plugin:2.5.4:manifest (bundle-manifest) < process-classes @ jsoup <<<
[INFO] 
[INFO] --- maven-bundle-plugin:2.5.4:manifest (bundle-manifest) @ jsoup ---
[INFO] 
[INFO] --- maven-resources-plugin:3.0.1:testResources (default-testResources) @ jsoup ---
[INFO] Using 'UTF-8' encoding to copy filtered resources.
[INFO] Copying 22 resources
[INFO] 
[INFO] --- maven-compiler-plugin:3.5.1:testCompile (default-testCompile) @ jsoup ---
[INFO] Changes detected - recompiling the module!
[INFO] Compiling 31 source files to /tmp/Ex2Amplifier-experiments/dataset/may-2018/jsoup/901/target/test-classes
[INFO] /tmp/Ex2Amplifier-experiments/dataset/may-2018/jsoup/901/src/test/java/org/jsoup/nodes/BuildEntities.java: /tmp/Ex2Amplifier-experiments/dataset/may-2018/jsoup/901/src/test/java/org/jsoup/nodes/BuildEntities.java uses unchecked or unsafe operations.
[INFO] /tmp/Ex2Amplifier-experiments/dataset/may-2018/jsoup/901/src/test/java/org/jsoup/nodes/BuildEntities.java: Recompile with -Xlint:unchecked for details.
[INFO] 
[INFO] --- maven-surefire-plugin:2.12.4:test (default-test) @ jsoup ---
[INFO] Tests are skipped.
[INFO] 
[INFO] --- maven-dependency-plugin:2.8:build-classpath (default-cli) @ jsoup ---
[INFO] Wrote classpath file '/tmp/Ex2Amplifier-experiments/dataset/may-2018/jsoup/901/target/dspot/classpath'.
[INFO] ------------------------------------------------------------------------
[INFO] BUILD SUCCESS
[INFO] ------------------------------------------------------------------------
[INFO] Total time: 9.309 s
[INFO] Finished at: 2018-05-17T11:08:32+02:00
[INFO] Final Memory: 34M/403M
[INFO] ------------------------------------------------------------------------
[15070] WARN AutomaticBuilderFactory - No automatic builder specified in configuration, going to default.
[15071] INFO AutomaticBuilderFactory - Default: provided Maven automatic builder.
[15071] INFO MavenAutomaticBuilder - run maven clean test -DskipTests dependency:build-classpath -Dmdep.outputFile=target/dspot/classpath
[WARN] Maven will be executed in interactive mode, but no input stream has been configured for this MavenInvoker instance.
[INFO] Scanning for projects...
[INFO]                                                                         
[INFO] ------------------------------------------------------------------------
[INFO] Building jsoup Java HTML Parser 1.11.1-SNAPSHOT
[INFO] ------------------------------------------------------------------------
[INFO] 
[INFO] --- maven-clean-plugin:2.5:clean (default-clean) @ jsoup ---
[INFO] Deleting /tmp/Ex2Amplifier-experiments/dataset/may-2018/jsoup/901_modified/target
[INFO] 
[INFO] --- maven-resources-plugin:3.0.1:resources (default-resources) @ jsoup ---
[INFO] Using 'UTF-8' encoding to copy filtered resources.
[INFO] Copying 3 resources
[INFO] Copying 3 resources to META-INF/
[INFO] 
[INFO] --- maven-compiler-plugin:3.5.1:compile (default-compile) @ jsoup ---
[INFO] Changes detected - recompiling the module!
[INFO] Compiling 59 source files to /tmp/Ex2Amplifier-experiments/dataset/may-2018/jsoup/901_modified/target/classes
[INFO] 
[INFO] --- animal-sniffer-maven-plugin:1.15:check (animal-sniffer) @ jsoup ---
[INFO] Checking unresolved references to org.codehaus.mojo.signature:java17:1.0
[INFO] 
[INFO] >>> maven-bundle-plugin:2.5.4:manifest (bundle-manifest) > process-classes @ jsoup >>>
[INFO] 
[INFO] --- maven-resources-plugin:3.0.1:resources (default-resources) @ jsoup ---
[INFO] Using 'UTF-8' encoding to copy filtered resources.
[INFO] Copying 3 resources
[INFO] Copying 3 resources to META-INF/
[INFO] 
[INFO] --- maven-compiler-plugin:3.5.1:compile (default-compile) @ jsoup ---
[INFO] Changes detected - recompiling the module!
[INFO] Compiling 59 source files to /tmp/Ex2Amplifier-experiments/dataset/may-2018/jsoup/901_modified/target/classes
[INFO] 
[INFO] --- animal-sniffer-maven-plugin:1.15:check (animal-sniffer) @ jsoup ---
[INFO] Checking unresolved references to org.codehaus.mojo.signature:java17:1.0
[INFO] 
[INFO] <<< maven-bundle-plugin:2.5.4:manifest (bundle-manifest) < process-classes @ jsoup <<<
[INFO] 
[INFO] --- maven-bundle-plugin:2.5.4:manifest (bundle-manifest) @ jsoup ---
[INFO] 
[INFO] --- maven-resources-plugin:3.0.1:testResources (default-testResources) @ jsoup ---
[INFO] Using 'UTF-8' encoding to copy filtered resources.
[INFO] Copying 23 resources
[INFO] 
[INFO] --- maven-compiler-plugin:3.5.1:testCompile (default-testCompile) @ jsoup ---
[INFO] Changes detected - recompiling the module!
[INFO] Compiling 31 source files to /tmp/Ex2Amplifier-experiments/dataset/may-2018/jsoup/901_modified/target/test-classes
[INFO] /tmp/Ex2Amplifier-experiments/dataset/may-2018/jsoup/901_modified/src/test/java/org/jsoup/nodes/BuildEntities.java: /tmp/Ex2Amplifier-experiments/dataset/may-2018/jsoup/901_modified/src/test/java/org/jsoup/nodes/BuildEntities.java uses unchecked or unsafe operations.
[INFO] /tmp/Ex2Amplifier-experiments/dataset/may-2018/jsoup/901_modified/src/test/java/org/jsoup/nodes/BuildEntities.java: Recompile with -Xlint:unchecked for details.
[INFO] 
[INFO] --- maven-surefire-plugin:2.12.4:test (default-test) @ jsoup ---
[INFO] Tests are skipped.
[INFO] 
[INFO] --- maven-dependency-plugin:2.8:build-classpath (default-cli) @ jsoup ---
[INFO] Wrote classpath file '/tmp/Ex2Amplifier-experiments/dataset/may-2018/jsoup/901_modified/target/dspot/classpath'.
[INFO] ------------------------------------------------------------------------
[INFO] BUILD SUCCESS
[INFO] ------------------------------------------------------------------------
[INFO] Total time: 9.103 s
[INFO] Finished at: 2018-05-17T11:08:47+02:00
[INFO] Final Memory: 33M/388M
[INFO] ------------------------------------------------------------------------
[25736] INFO SelectorOnDiff - Selecting according to a diff between dataset/may-2018/jsoup/901/ and dataset/may-2018/jsoup/901_modified/ (ad4a1bee132ee7d1167ac795407345f2bc6a1db8)
[25743] INFO SelectorOnDiff - Modified files:
a/src/test/java/org/jsoup/parser/HtmlParserTest.java
a/src/main/java/org/jsoup/parser/HtmlTreeBuilder.java
a/src/main/java/org/jsoup/parser/HtmlTreeBuilderState.java
[69953] INFO Amplification - amplification of org.jsoup.parser.HtmlParserTest (108 test(s))
[71150] WARN Amplification - 3 tests failed before the amplifications
[71151] WARN Amplification - testSupportsNonAsciiTags(org.jsoup.parser.HtmlParserTest): Could not parse query '???????': unexpected token at '???????'
handlesInvalidDoctypes(org.jsoup.parser.HtmlParserTest): expected:<<!doctype [?]> <html> <head></hea...> but was:<<!doctype [?]> <html> <head></hea...>
doesNotFindShortestMatchingEntity(org.jsoup.parser.HtmlParserTest): expected:<One &amp;clubsuite; [?]> but was:<One &amp;clubsuite; [?]>
[71151] WARN Amplification - Discarding following test cases for the amplification
[71154] WARN Amplification - testSupportsNonAsciiTags
[71154] WARN Amplification - handlesInvalidDoctypes
[71155] WARN Amplification - doesNotFindShortestMatchingEntity
[72203] INFO Amplification - Try to add assertions before amplification
[72805] INFO AssertGenerator - Run tests. (105)
[73722] INFO AssertGenerator - 105 test pass, generating assertion...
[73749] INFO MethodsAssertGenerator - Add observations points in passing tests.
[73749] INFO MethodsAssertGenerator - Instrumentation...
  0% | ]/  1% | ]-  2% |= ]\  3% |= ]|  4% |== ]/  5% |== ]-  6% |=== ]\  7% |=== ]|  8% |==== ]/  9% |==== ]- 10% |===== ]\ 11% |===== ]| 12% |====== ]/ 13% |====== ]- 14% |======= ]\ 15% |======= ]| 16% |======== ]/ 17% |======== ]- 18% |========= ]\ 19% |========= ]| 20% |========== ]/ 20% |========== ]- 21% |========== ]\ 22% |=========== ]| 23% |=========== ]/ 24% |============ ]- 25% |============ ]\ 26% |============= ]| 27% |============= ]/ 28% |============== ]- 29% |============== ]\ 30% |=============== ]| 31% |=============== ]/ 32% |================ ]- 33% |================ ]\ 34% |================= ]| 35% |================= ]/ 36% |================== ]- 37% |================== ]\ 38% |=================== ]| 39% |=================== ]/ 40% |==================== ]- 40% |==================== ]\ 41% |==================== ]| 42% |===================== ]/ 43% |===================== ]- 44% |====================== ]\ 45% |====================== ]| 46% |======================= ]/ 47% |======================= ]- 48% |======================== ]\ 49% |======================== ]| 50% |========================= ]/ 51% |========================= ]- 52% |========================== ]\ 53% |========================== ]| 54% |=========================== ]/ 55% |=========================== ]- 56% |============================ ]\ 57% |============================ ]| 58% |============================= ]/ 59% |============================= ]- 60% |============================== ]\ 60% |============================== ]| 61% |============================== ]/ 62% |=============================== ]- 63% |=============================== ]\ 64% |================================ ]| 65% |================================ ]/ 66% |================================= ]- 67% |================================= ]\ 68% |================================== ]| 69% |================================== ]/ 70% |=================================== ]- 71% |=================================== ]\ 72% |==================================== ]| 73% |==================================== ]/ 74% |===================================== ]- 75% |===================================== ]\ 76% |====================================== ]| 77% |====================================== ]/ 78% |======================================= ]- 79% |======================================= ]\ 80% |======================================== ]| 80% |======================================== ]/ 81% |======================================== ]- 82% |========================================= ]\ 83% |========================================= ]| 84% |========================================== ]/ 85% |========================================== ]- 86% |=========================================== ]\ 87% |=========================================== ]| 88% |============================================ ]/ 89% |============================================ ]- 90% |============================================= ]\ 91% |============================================= ]| 92% |============================================== ]/ 93% |============================================== ]- 94% |=============================================== ]\ 95% |=============================================== ]| 96% |================================================ ]/ 97% |================================================ ]- 98% |================================================= ]\ 99% |================================================= ]|100% |================================================== ]/
[74466] INFO MethodsAssertGenerator - Run instrumented tests. (315)
Exception in thread "main" java.lang.RuntimeException: java.lang.RuntimeException: java.lang.RuntimeException: java.lang.RuntimeException: java.lang.ClassNotFoundException: org.jsoup.parser.ParseErrorList
	at eu.stamp.project.Main.main(Main.java:96)
Caused by: java.lang.RuntimeException: java.lang.RuntimeException: java.lang.RuntimeException: java.lang.ClassNotFoundException: org.jsoup.parser.ParseErrorList
	at eu.stamp.project.Main.lambda$run$2(Main.java:152)
	at java.util.stream.ForEachOps$ForEachOp$OfRef.accept(ForEachOps.java:184)
	at java.util.stream.ReferencePipeline$2$1.accept(ReferencePipeline.java:175)
	at java.util.ArrayList$ArrayListSpliterator.forEachRemaining(ArrayList.java:1374)
	at java.util.stream.AbstractPipeline.copyInto(AbstractPipeline.java:481)
	at java.util.stream.AbstractPipeline.wrapAndCopyInto(AbstractPipeline.java:471)
	at java.util.stream.ForEachOps$ForEachOp.evaluateSequential(ForEachOps.java:151)
	at java.util.stream.ForEachOps$ForEachOp$OfRef.evaluateSequential(ForEachOps.java:174)
	at java.util.stream.AbstractPipeline.evaluate(AbstractPipeline.java:234)
	at java.util.stream.ReferencePipeline.forEach(ReferencePipeline.java:418)
	at eu.stamp.project.Main.run(Main.java:117)
	at eu.stamp.project.Main.main(Main.java:88)
Caused by: java.lang.RuntimeException: java.lang.RuntimeException: java.lang.ClassNotFoundException: org.jsoup.parser.ParseErrorList
	at fr.inria.diversify.compare.ObjectLog.load(ObjectLog.java:221)
	at fr.inria.diversify.compare.ObjectLog.getObservations(ObjectLog.java:193)
	at fr.inria.diversify.dspot.assertGenerator.MethodsAssertGenerator.addAssertions(MethodsAssertGenerator.java:108)
	at fr.inria.diversify.dspot.assertGenerator.AssertGenerator.innerAssertionAmplification(AssertGenerator.java:117)
	at fr.inria.diversify.dspot.assertGenerator.AssertGenerator.assertionAmplification(AssertGenerator.java:66)
	at fr.inria.diversify.dspot.Amplification.preAmplification(Amplification.java:202)
	at fr.inria.diversify.dspot.Amplification.preAmplification(Amplification.java:199)
	at fr.inria.diversify.dspot.Amplification.amplification(Amplification.java:91)
	at fr.inria.diversify.dspot.DSpot.amplifyTest(DSpot.java:183)
	at fr.inria.diversify.dspot.DSpot.amplifyTest(DSpot.java:170)
	at eu.stamp.project.Main.lambda$null$1(Main.java:143)
	at java.util.stream.ReferencePipeline$3$1.accept(ReferencePipeline.java:193)
	at java.util.HashMap$KeySpliterator.forEachRemaining(HashMap.java:1548)
	at java.util.stream.AbstractPipeline.copyInto(AbstractPipeline.java:481)
	at java.util.stream.AbstractPipeline.wrapAndCopyInto(AbstractPipeline.java:471)
	at java.util.stream.ReduceOps$ReduceOp.evaluateSequential(ReduceOps.java:708)
	at java.util.stream.AbstractPipeline.evaluate(AbstractPipeline.java:234)
	at java.util.stream.ReferencePipeline.collect(ReferencePipeline.java:499)
	at eu.stamp.project.Main.lambda$run$2(Main.java:144)
	... 11 more
Caused by: java.lang.RuntimeException: java.lang.ClassNotFoundException: org.jsoup.parser.ParseErrorList
	at fr.inria.diversify.compare.ObjectLog.load(ObjectLog.java:218)
	... 29 more
Caused by: java.lang.ClassNotFoundException: org.jsoup.parser.ParseErrorList
	at java.net.URLClassLoader.findClass(URLClassLoader.java:381)
	at java.lang.ClassLoader.loadClass(ClassLoader.java:424)
	at sun.misc.Launcher$AppClassLoader.loadClass(Launcher.java:331)
	at java.lang.ClassLoader.loadClass(ClassLoader.java:357)
	at java.lang.Class.forName0(Native Method)
	at java.lang.Class.forName(Class.java:348)
	at java.io.ObjectInputStream.resolveClass(ObjectInputStream.java:677)
	at java.io.ObjectInputStream.readNonProxyDesc(ObjectInputStream.java:1819)
	at java.io.ObjectInputStream.readClassDesc(ObjectInputStream.java:1713)
	at java.io.ObjectInputStream.readOrdinaryObject(ObjectInputStream.java:1986)
	at java.io.ObjectInputStream.readObject0(ObjectInputStream.java:1535)
	at java.io.ObjectInputStream.readObject(ObjectInputStream.java:422)
	at java.util.HashMap.readObject(HashMap.java:1404)
	at sun.reflect.GeneratedMethodAccessor3.invoke(Unknown Source)
	at sun.reflect.DelegatingMethodAccessorImpl.invoke(DelegatingMethodAccessorImpl.java:43)
	at java.lang.reflect.Method.invoke(Method.java:498)
	at java.io.ObjectStreamClass.invokeReadObject(ObjectStreamClass.java:1058)
	at java.io.ObjectInputStream.readSerialData(ObjectInputStream.java:2122)
	at java.io.ObjectInputStream.readOrdinaryObject(ObjectInputStream.java:2013)
	at java.io.ObjectInputStream.readObject0(ObjectInputStream.java:1535)
	at java.io.ObjectInputStream.defaultReadFields(ObjectInputStream.java:2231)
	at java.io.ObjectInputStream.readSerialData(ObjectInputStream.java:2155)
	at java.io.ObjectInputStream.readOrdinaryObject(ObjectInputStream.java:2013)
	at java.io.ObjectInputStream.readObject0(ObjectInputStream.java:1535)
	at java.io.ObjectInputStream.readObject(ObjectInputStream.java:422)
	at java.util.HashMap.readObject(HashMap.java:1404)
	at sun.reflect.NativeMethodAccessorImpl.invoke0(Native Method)
	at sun.reflect.NativeMethodAccessorImpl.invoke(NativeMethodAccessorImpl.java:62)
	at sun.reflect.DelegatingMethodAccessorImpl.invoke(DelegatingMethodAccessorImpl.java:43)
	at java.lang.reflect.Method.invoke(Method.java:498)
	at java.io.ObjectStreamClass.invokeReadObject(ObjectStreamClass.java:1058)
	at java.io.ObjectInputStream.readSerialData(ObjectInputStream.java:2122)
	at java.io.ObjectInputStream.readOrdinaryObject(ObjectInputStream.java:2013)
	at java.io.ObjectInputStream.readObject0(ObjectInputStream.java:1535)
	at java.io.ObjectInputStream.readObject(ObjectInputStream.java:422)
	at fr.inria.diversify.compare.ObjectLog.load(ObjectLog.java:216)
	... 29 more
