SLF4J: Class path contains multiple SLF4J bindings.
SLF4J: Found binding in [jar:file:/home/spirals/danglot/.m2/repository/eu/stamp-project/test-runner/1.0.8/test-runner-1.0.8-jar-with-dependencies.jar!/org/slf4j/impl/StaticLoggerBinder.class]
SLF4J: Found binding in [jar:file:/home/spirals/danglot/.m2/repository/org/slf4j/slf4j-log4j12/1.7.25/slf4j-log4j12-1.7.25.jar!/org/slf4j/impl/StaticLoggerBinder.class]
SLF4J: See http://www.slf4j.org/codes.html#multiple_bindings for an explanation.
SLF4J: Actual binding is of type [org.slf4j.impl.Log4jLoggerFactory]
[0] WARN AutomaticBuilderFactory - No automatic builder specified in configuration, going to default.
[0] INFO AutomaticBuilderFactory - Default: provided Maven automatic builder.
[11] INFO MavenAutomaticBuilder - run maven clean test -DskipTests dependency:build-classpath -Dmdep.outputFile=target/dspot/classpath
[WARN] Maven will be executed in interactive mode, but no input stream has been configured for this MavenInvoker instance.
[INFO] Scanning for projects...
[INFO]                                                                         
[INFO] ------------------------------------------------------------------------
[INFO] Building jsoup Java HTML Parser 1.10.3-SNAPSHOT
[INFO] ------------------------------------------------------------------------
[INFO] 
[INFO] --- maven-clean-plugin:2.5:clean (default-clean) @ jsoup ---
[INFO] Deleting /tmp/Ex2Amplifier-experiments/dataset/may-2018/jsoup/881/target
[INFO] 
[INFO] --- maven-resources-plugin:3.0.1:resources (default-resources) @ jsoup ---
[INFO] Using 'UTF-8' encoding to copy filtered resources.
[INFO] Copying 3 resources
[INFO] Copying 3 resources to META-INF/
[INFO] 
[INFO] --- maven-compiler-plugin:3.5.1:compile (default-compile) @ jsoup ---
[INFO] Changes detected - recompiling the module!
[INFO] Compiling 57 source files to /tmp/Ex2Amplifier-experiments/dataset/may-2018/jsoup/881/target/classes
[INFO] 
[INFO] --- animal-sniffer-maven-plugin:1.15:check (animal-sniffer) @ jsoup ---
[INFO] Checking unresolved references to org.codehaus.mojo.signature:java15:1.0
[INFO] 
[INFO] >>> maven-bundle-plugin:2.5.4:manifest (bundle-manifest) > process-classes @ jsoup >>>
[INFO] 
[INFO] --- maven-resources-plugin:3.0.1:resources (default-resources) @ jsoup ---
[INFO] Using 'UTF-8' encoding to copy filtered resources.
[INFO] Copying 3 resources
[INFO] Copying 3 resources to META-INF/
[INFO] 
[INFO] --- maven-compiler-plugin:3.5.1:compile (default-compile) @ jsoup ---
[INFO] Changes detected - recompiling the module!
[INFO] Compiling 57 source files to /tmp/Ex2Amplifier-experiments/dataset/may-2018/jsoup/881/target/classes
[INFO] 
[INFO] --- animal-sniffer-maven-plugin:1.15:check (animal-sniffer) @ jsoup ---
[INFO] Checking unresolved references to org.codehaus.mojo.signature:java15:1.0
[INFO] 
[INFO] <<< maven-bundle-plugin:2.5.4:manifest (bundle-manifest) < process-classes @ jsoup <<<
[INFO] 
[INFO] --- maven-bundle-plugin:2.5.4:manifest (bundle-manifest) @ jsoup ---
[INFO] 
[INFO] --- maven-resources-plugin:3.0.1:testResources (default-testResources) @ jsoup ---
[INFO] Using 'UTF-8' encoding to copy filtered resources.
[INFO] Copying 21 resources
[INFO] 
[INFO] --- maven-compiler-plugin:3.5.1:testCompile (default-testCompile) @ jsoup ---
[INFO] Changes detected - recompiling the module!
[INFO] Compiling 30 source files to /tmp/Ex2Amplifier-experiments/dataset/may-2018/jsoup/881/target/test-classes
[INFO] /tmp/Ex2Amplifier-experiments/dataset/may-2018/jsoup/881/src/test/java/org/jsoup/nodes/BuildEntities.java: /tmp/Ex2Amplifier-experiments/dataset/may-2018/jsoup/881/src/test/java/org/jsoup/nodes/BuildEntities.java uses unchecked or unsafe operations.
[INFO] /tmp/Ex2Amplifier-experiments/dataset/may-2018/jsoup/881/src/test/java/org/jsoup/nodes/BuildEntities.java: Recompile with -Xlint:unchecked for details.
[INFO] 
[INFO] --- maven-surefire-plugin:2.12.4:test (default-test) @ jsoup ---
[INFO] Tests are skipped.
[INFO] 
[INFO] --- maven-dependency-plugin:2.8:build-classpath (default-cli) @ jsoup ---
[INFO] Wrote classpath file '/tmp/Ex2Amplifier-experiments/dataset/may-2018/jsoup/881/target/dspot/classpath'.
[INFO] ------------------------------------------------------------------------
[INFO] BUILD SUCCESS
[INFO] ------------------------------------------------------------------------
[INFO] Total time: 8.575 s
[INFO] Finished at: 2018-06-11T19:06:58+02:00
[INFO] Final Memory: 36M/603M
[INFO] ------------------------------------------------------------------------
[14729] WARN AutomaticBuilderFactory - No automatic builder specified in configuration, going to default.
[14729] INFO AutomaticBuilderFactory - Default: provided Maven automatic builder.
[14730] INFO MavenAutomaticBuilder - run maven clean test -DskipTests dependency:build-classpath -Dmdep.outputFile=target/dspot/classpath
[WARN] Maven will be executed in interactive mode, but no input stream has been configured for this MavenInvoker instance.
[INFO] Scanning for projects...
[INFO]                                                                         
[INFO] ------------------------------------------------------------------------
[INFO] Building jsoup Java HTML Parser 1.10.3-SNAPSHOT
[INFO] ------------------------------------------------------------------------
[INFO] 
[INFO] --- maven-clean-plugin:2.5:clean (default-clean) @ jsoup ---
[INFO] 
[INFO] --- maven-resources-plugin:3.0.1:resources (default-resources) @ jsoup ---
[INFO] Using 'UTF-8' encoding to copy filtered resources.
[INFO] Copying 3 resources
[INFO] Copying 3 resources to META-INF/
[INFO] 
[INFO] --- maven-compiler-plugin:3.5.1:compile (default-compile) @ jsoup ---
[INFO] Changes detected - recompiling the module!
[INFO] Compiling 57 source files to /tmp/Ex2Amplifier-experiments/dataset/may-2018/jsoup/881_modified/target/classes
[INFO] 
[INFO] --- animal-sniffer-maven-plugin:1.15:check (animal-sniffer) @ jsoup ---
[INFO] Checking unresolved references to org.codehaus.mojo.signature:java15:1.0
[INFO] 
[INFO] >>> maven-bundle-plugin:2.5.4:manifest (bundle-manifest) > process-classes @ jsoup >>>
[INFO] 
[INFO] --- maven-resources-plugin:3.0.1:resources (default-resources) @ jsoup ---
[INFO] Using 'UTF-8' encoding to copy filtered resources.
[INFO] Copying 3 resources
[INFO] Copying 3 resources to META-INF/
[INFO] 
[INFO] --- maven-compiler-plugin:3.5.1:compile (default-compile) @ jsoup ---
[INFO] Changes detected - recompiling the module!
[INFO] Compiling 57 source files to /tmp/Ex2Amplifier-experiments/dataset/may-2018/jsoup/881_modified/target/classes
[INFO] 
[INFO] --- animal-sniffer-maven-plugin:1.15:check (animal-sniffer) @ jsoup ---
[INFO] Checking unresolved references to org.codehaus.mojo.signature:java15:1.0
[INFO] 
[INFO] <<< maven-bundle-plugin:2.5.4:manifest (bundle-manifest) < process-classes @ jsoup <<<
[INFO] 
[INFO] --- maven-bundle-plugin:2.5.4:manifest (bundle-manifest) @ jsoup ---
[INFO] 
[INFO] --- maven-resources-plugin:3.0.1:testResources (default-testResources) @ jsoup ---
[INFO] Using 'UTF-8' encoding to copy filtered resources.
[INFO] Copying 21 resources
[INFO] 
[INFO] --- maven-compiler-plugin:3.5.1:testCompile (default-testCompile) @ jsoup ---
[INFO] Changes detected - recompiling the module!
[INFO] Compiling 30 source files to /tmp/Ex2Amplifier-experiments/dataset/may-2018/jsoup/881_modified/target/test-classes
[INFO] /tmp/Ex2Amplifier-experiments/dataset/may-2018/jsoup/881_modified/src/test/java/org/jsoup/nodes/BuildEntities.java: /tmp/Ex2Amplifier-experiments/dataset/may-2018/jsoup/881_modified/src/test/java/org/jsoup/nodes/BuildEntities.java uses unchecked or unsafe operations.
[INFO] /tmp/Ex2Amplifier-experiments/dataset/may-2018/jsoup/881_modified/src/test/java/org/jsoup/nodes/BuildEntities.java: Recompile with -Xlint:unchecked for details.
[INFO] 
[INFO] --- maven-surefire-plugin:2.12.4:test (default-test) @ jsoup ---
[INFO] Tests are skipped.
[INFO] 
[INFO] --- maven-dependency-plugin:2.8:build-classpath (default-cli) @ jsoup ---
[INFO] Wrote classpath file '/tmp/Ex2Amplifier-experiments/dataset/may-2018/jsoup/881_modified/target/dspot/classpath'.
[INFO] ------------------------------------------------------------------------
[INFO] BUILD SUCCESS
[INFO] ------------------------------------------------------------------------
[INFO] Total time: 8.738 s
[INFO] Finished at: 2018-06-11T19:07:13+02:00
[INFO] Final Memory: 36M/596M
[INFO] ------------------------------------------------------------------------
[25330] INFO SelectorOnDiff - Selecting according to a diff between dataset/may-2018/jsoup/881/ and dataset/may-2018/jsoup/881_modified/ (f28c024ba127fd701f0d195a359afbabff04d7a1)
[25341] INFO SelectorOnDiff - Modified files:
a/src/main/java/org/jsoup/helper/HttpConnection.java
[79780] INFO Amplification - amplification of org.jsoup.helper.HttpConnectionTest (19 test(s))
[80048] INFO EntryPoint - Run: java -cp /tmp/Ex2Amplifier-experiments/dataset/may-2018/jsoup/881/target/test-classes:/tmp/Ex2Amplifier-experiments/dataset/may-2018/jsoup/881/target/classes:/home/spirals/danglot/.m2/repository/junit/junit/4.12/junit-4.12.jar:/home/spirals/danglot/.m2/repository/org/hamcrest/hamcrest-core/1.3/hamcrest-core-1.3.jar:/home/spirals/danglot/.m2/repository/com/google/code/gson/gson/2.7/gson-2.7.jar:/tmp/Ex2Amplifier-experiments/target/dspot/dependencies:/home/spirals/danglot/.m2/repository/eu/stamp-project/test-runner/1.0.8/test-runner-1.0.8-jar-with-dependencies.jar eu.stamp_project.testrunner.runner.test.TestRunner org.jsoup.helper.HttpConnectionTest headers:throwsExceptionOnParseWithoutExecute:throwsOnMalformedUrl:connectWithUrl:cookie:data:ignoresEmptySetCookies:method:caseInsensitiveHeaders:inputStream:throwsExceptionOnBodyWithoutExecute:ignoresEmptyCookieNameAndVals:throwsOnOddData:userAgent:timeout:referrer:sameHeadersCombineWithComma:requestBody:throwsExceptionOnBodyAsBytesWithoutExecute
File saved to the following path: /tmp/Ex2Amplifier-experiments/dataset/may-2018/jsoup/881/target/dspot/TestListener.ser
[80569] INFO EntryPoint - Test has been run: throwsExceptionOnParseWithoutExecute,connectWithUrl,ignoresEmptySetCookies,throwsOnMalformedUrl,cookie,timeout,method,referrer,sameHeadersCombineWithComma,inputStream,throwsExceptionOnBodyAsBytesWithoutExecute,data,userAgent,throwsExceptionOnBodyWithoutExecute,headers,requestBody,ignoresEmptyCookieNameAndVals,throwsOnOddData,caseInsensitiveHeaders
[80569] INFO Amplification - Try to add assertions before amplification
[80677] INFO AssertGenerator - Run tests. (19)
[80806] INFO EntryPoint - Run: java -cp /tmp/Ex2Amplifier-experiments/dataset/may-2018/jsoup/881/target/test-classes:/tmp/Ex2Amplifier-experiments/dataset/may-2018/jsoup/881/target/classes:/home/spirals/danglot/.m2/repository/junit/junit/4.12/junit-4.12.jar:/home/spirals/danglot/.m2/repository/org/hamcrest/hamcrest-core/1.3/hamcrest-core-1.3.jar:/home/spirals/danglot/.m2/repository/com/google/code/gson/gson/2.7/gson-2.7.jar:/tmp/Ex2Amplifier-experiments/target/dspot/dependencies:/home/spirals/danglot/.m2/repository/eu/stamp-project/test-runner/1.0.8/test-runner-1.0.8-jar-with-dependencies.jar eu.stamp_project.testrunner.runner.test.TestRunner org.jsoup.helper.HttpConnectionTest headers:throwsExceptionOnParseWithoutExecute:throwsOnMalformedUrl:connectWithUrl:cookie:data:ignoresEmptySetCookies:method:caseInsensitiveHeaders:inputStream:throwsExceptionOnBodyWithoutExecute:ignoresEmptyCookieNameAndVals:throwsOnOddData:userAgent:timeout:referrer:sameHeadersCombineWithComma:requestBody:throwsExceptionOnBodyAsBytesWithoutExecute
File saved to the following path: /tmp/Ex2Amplifier-experiments/dataset/may-2018/jsoup/881/target/dspot/TestListener.ser
[81355] INFO EntryPoint - Test has been run: throwsExceptionOnParseWithoutExecute,connectWithUrl,ignoresEmptySetCookies,throwsOnMalformedUrl,cookie,timeout,method,referrer,sameHeadersCombineWithComma,inputStream,throwsExceptionOnBodyAsBytesWithoutExecute,data,userAgent,throwsExceptionOnBodyWithoutExecute,headers,requestBody,ignoresEmptyCookieNameAndVals,throwsOnOddData,caseInsensitiveHeaders
[81355] INFO AssertGenerator - 19 test pass, generating assertion...
[81360] INFO MethodsAssertGenerator - Add observations points in passing tests.
[81360] INFO MethodsAssertGenerator - Instrumentation...
  5% |== ]/ 10% |===== ]- 15% |======= ]\ 21% |========== ]| 26% |============= ]/ 31% |=============== ]- 36% |================== ]\ 42% |===================== ]| 47% |======================= ]/ 52% |========================== ]- 57% |============================ ]\ 63% |=============================== ]| 68% |================================== ]/ 73% |==================================== ]- 78% |======================================= ]\ 84% |========================================== ]| 89% |============================================ ]/ 94% |=============================================== ]-100% |================================================== ]\
[81460] INFO MethodsAssertGenerator - Run instrumented tests. (57)
[81739] INFO EntryPoint - Run: java -cp /tmp/Ex2Amplifier-experiments/dataset/may-2018/jsoup/881/target/test-classes:/tmp/Ex2Amplifier-experiments/dataset/may-2018/jsoup/881/target/classes:/home/spirals/danglot/.m2/repository/junit/junit/4.12/junit-4.12.jar:/home/spirals/danglot/.m2/repository/org/hamcrest/hamcrest-core/1.3/hamcrest-core-1.3.jar:/home/spirals/danglot/.m2/repository/com/google/code/gson/gson/2.7/gson-2.7.jar:/tmp/Ex2Amplifier-experiments/target/dspot/dependencies:/home/spirals/danglot/.m2/repository/eu/stamp-project/test-runner/1.0.8/test-runner-1.0.8-jar-with-dependencies.jar eu.stamp_project.testrunner.runner.test.TestRunner org.jsoup.helper.HttpConnectionTest headers_withlog0:throwsExceptionOnParseWithoutExecute_withlog0:throwsOnMalformedUrl_withlog0:connectWithUrl_withlog0:cookie_withlog0:data_withlog0:ignoresEmptySetCookies_withlog0:method_withlog0:caseInsensitiveHeaders_withlog0:inputStream_withlog0:throwsExceptionOnBodyWithoutExecute_withlog0:ignoresEmptyCookieNameAndVals_withlog0:throwsOnOddData_withlog0:userAgent_withlog0:timeout_withlog0:referrer_withlog0:sameHeadersCombineWithComma_withlog0:requestBody_withlog0:throwsExceptionOnBodyAsBytesWithoutExecute_withlog0:headers_withlog1:throwsExceptionOnParseWithoutExecute_withlog1:throwsOnMalformedUrl_withlog1:connectWithUrl_withlog1:cookie_withlog1:data_withlog1:ignoresEmptySetCookies_withlog1:method_withlog1:caseInsensitiveHeaders_withlog1:inputStream_withlog1:throwsExceptionOnBodyWithoutExecute_withlog1:ignoresEmptyCookieNameAndVals_withlog1:throwsOnOddData_withlog1:userAgent_withlog1:timeout_withlog1:referrer_withlog1:sameHeadersCombineWithComma_withlog1:requestBody_withlog1:throwsExceptionOnBodyAsBytesWithoutExecute_withlog1:headers_withlog2:throwsExceptionOnParseWithoutExecute_withlog2:throwsOnMalformedUrl_withlog2:connectWithUrl_withlog2:cookie_withlog2:data_withlog2:ignoresEmptySetCookies_withlog2:method_withlog2:caseInsensitiveHeaders_withlog2:inputStream_withlog2:throwsExceptionOnBodyWithoutExecute_withlog2:ignoresEmptyCookieNameAndVals_withlog2:throwsOnOddData_withlog2:userAgent_withlog2:timeout_withlog2:referrer_withlog2:sameHeadersCombineWithComma_withlog2:requestBody_withlog2:throwsExceptionOnBodyAsBytesWithoutExecute_withlog2
File saved to the following path: /tmp/Ex2Amplifier-experiments/dataset/may-2018/jsoup/881/target/dspot/observations.ser
File saved to the following path: /tmp/Ex2Amplifier-experiments/dataset/may-2018/jsoup/881/target/dspot/TestListener.ser
[4810873] INFO EntryPoint - Test has been run: throwsOnMalformedUrl_withlog0,throwsOnMalformedUrl_withlog1,throwsOnMalformedUrl_withlog2,throwsExceptionOnBodyAsBytesWithoutExecute_withlog0,throwsExceptionOnBodyAsBytesWithoutExecute_withlog1,throwsExceptionOnBodyAsBytesWithoutExecute_withlog2,throwsOnOddData_withlog0,throwsOnOddData_withlog1,throwsOnOddData_withlog2,throwsExceptionOnBodyWithoutExecute_withlog0,throwsExceptionOnBodyWithoutExecute_withlog1,throwsExceptionOnBodyWithoutExecute_withlog2,inputStream_withlog0,inputStream_withlog1,inputStream_withlog2,throwsExceptionOnParseWithoutExecute_withlog0,throwsExceptionOnParseWithoutExecute_withlog1,throwsExceptionOnParseWithoutExecute_withlog2,cookie_withlog0(org.jsoup.helper.HttpConnectionTest): test timed out after 120000 milliseconds,cookie_withlog1(org.jsoup.helper.HttpConnectionTest): test timed out after 120000 milliseconds,cookie_withlog2(org.jsoup.helper.HttpConnectionTest): test timed out after 120000 milliseconds,caseInsensitiveHeaders_withlog0(org.jsoup.helper.HttpConnectionTest): null,caseInsensitiveHeaders_withlog1(org.jsoup.helper.HttpConnectionTest): null,caseInsensitiveHeaders_withlog2(org.jsoup.helper.HttpConnectionTest): null,headers_withlog0(org.jsoup.helper.HttpConnectionTest): test timed out after 120000 milliseconds,headers_withlog1(org.jsoup.helper.HttpConnectionTest): test timed out after 120000 milliseconds,headers_withlog2(org.jsoup.helper.HttpConnectionTest): test timed out after 120000 milliseconds,referrer_withlog0(org.jsoup.helper.HttpConnectionTest): test timed out after 120000 milliseconds,referrer_withlog1(org.jsoup.helper.HttpConnectionTest): test timed out after 120000 milliseconds,referrer_withlog2(org.jsoup.helper.HttpConnectionTest): test timed out after 120000 milliseconds,requestBody_withlog0(org.jsoup.helper.HttpConnectionTest): test timed out after 120000 milliseconds,requestBody_withlog1(org.jsoup.helper.HttpConnectionTest): test timed out after 120000 milliseconds,requestBody_withlog2(org.jsoup.helper.HttpConnectionTest): test timed out after 120000 milliseconds,userAgent_withlog0(org.jsoup.helper.HttpConnectionTest): test timed out after 120000 milliseconds,userAgent_withlog1(org.jsoup.helper.HttpConnectionTest): test timed out after 120000 milliseconds,userAgent_withlog2(org.jsoup.helper.HttpConnectionTest): test timed out after 120000 milliseconds,data_withlog0(org.jsoup.helper.HttpConnectionTest): test timed out after 120000 milliseconds,data_withlog1(org.jsoup.helper.HttpConnectionTest): test timed out after 120000 milliseconds,data_withlog2(org.jsoup.helper.HttpConnectionTest): test timed out after 120000 milliseconds,ignoresEmptySetCookies_withlog0(org.jsoup.helper.HttpConnectionTest): null,ignoresEmptySetCookies_withlog1(org.jsoup.helper.HttpConnectionTest): null,ignoresEmptySetCookies_withlog2(org.jsoup.helper.HttpConnectionTest): null,sameHeadersCombineWithComma_withlog0(org.jsoup.helper.HttpConnectionTest): null,sameHeadersCombineWithComma_withlog1(org.jsoup.helper.HttpConnectionTest): null,sameHeadersCombineWithComma_withlog2(org.jsoup.helper.HttpConnectionTest): null,connectWithUrl_withlog0(org.jsoup.helper.HttpConnectionTest): test timed out after 120000 milliseconds,connectWithUrl_withlog1(org.jsoup.helper.HttpConnectionTest): test timed out after 120000 milliseconds,connectWithUrl_withlog2(org.jsoup.helper.HttpConnectionTest): test timed out after 120000 milliseconds,timeout_withlog0(org.jsoup.helper.HttpConnectionTest): test timed out after 120000 milliseconds,timeout_withlog1(org.jsoup.helper.HttpConnectionTest): test timed out after 120000 milliseconds,timeout_withlog2(org.jsoup.helper.HttpConnectionTest): test timed out after 120000 milliseconds,method_withlog0(org.jsoup.helper.HttpConnectionTest): test timed out after 120000 milliseconds,method_withlog1(org.jsoup.helper.HttpConnectionTest): test timed out after 120000 milliseconds,method_withlog2(org.jsoup.helper.HttpConnectionTest): test timed out after 120000 milliseconds,ignoresEmptyCookieNameAndVals_withlog0(org.jsoup.helper.HttpConnectionTest): null,ignoresEmptyCookieNameAndVals_withlog1(org.jsoup.helper.HttpConnectionTest): null,ignoresEmptyCookieNameAndVals_withlog2(org.jsoup.helper.HttpConnectionTest): null
[4810964] INFO MethodsAssertGenerator - Generating assertions...
Exception in thread "main" java.lang.NoClassDefFoundError: eu/stamp_project/dspot/assertGenerator/AssertBuilder
	at eu.stamp_project.dspot.assertGenerator.MethodsAssertGenerator.buildTestWithAssert(MethodsAssertGenerator.java:139)
	at eu.stamp_project.dspot.assertGenerator.MethodsAssertGenerator.lambda$addAssertions$4(MethodsAssertGenerator.java:119)
	at java.util.stream.ReferencePipeline$3$1.accept(ReferencePipeline.java:193)
	at java.util.ArrayList$ArrayListSpliterator.forEachRemaining(ArrayList.java:1374)
	at java.util.stream.AbstractPipeline.copyInto(AbstractPipeline.java:481)
	at java.util.stream.AbstractPipeline.wrapAndCopyInto(AbstractPipeline.java:471)
	at java.util.stream.ReduceOps$ReduceOp.evaluateSequential(ReduceOps.java:708)
	at java.util.stream.AbstractPipeline.evaluate(AbstractPipeline.java:234)
	at java.util.stream.ReferencePipeline.collect(ReferencePipeline.java:499)
	at eu.stamp_project.dspot.assertGenerator.MethodsAssertGenerator.addAssertions(MethodsAssertGenerator.java:120)
	at eu.stamp_project.dspot.assertGenerator.AssertGenerator.innerAssertionAmplification(AssertGenerator.java:120)
	at eu.stamp_project.dspot.assertGenerator.AssertGenerator.assertionAmplification(AssertGenerator.java:74)
	at eu.stamp_project.dspot.Amplification.preAmplification(Amplification.java:218)
	at eu.stamp_project.dspot.Amplification.amplification(Amplification.java:92)
	at eu.stamp_project.dspot.DSpot.amplifyTest(DSpot.java:191)
	at eu.stamp_project.dspot.DSpot.amplifyTest(DSpot.java:178)
	at eu.stamp_project.Main.lambda$null$1(Main.java:151)
	at java.util.stream.ReferencePipeline$3$1.accept(ReferencePipeline.java:193)
	at java.util.HashMap$KeySpliterator.forEachRemaining(HashMap.java:1548)
	at java.util.stream.AbstractPipeline.copyInto(AbstractPipeline.java:481)
	at java.util.stream.AbstractPipeline.wrapAndCopyInto(AbstractPipeline.java:471)
	at java.util.stream.ReduceOps$ReduceOp.evaluateSequential(ReduceOps.java:708)
	at java.util.stream.AbstractPipeline.evaluate(AbstractPipeline.java:234)
	at java.util.stream.ReferencePipeline.collect(ReferencePipeline.java:499)
	at eu.stamp_project.Main.lambda$run$2(Main.java:152)
	at java.util.stream.ForEachOps$ForEachOp$OfRef.accept(ForEachOps.java:184)
	at java.util.stream.ReferencePipeline$2$1.accept(ReferencePipeline.java:175)
	at java.util.ArrayList$ArrayListSpliterator.forEachRemaining(ArrayList.java:1374)
	at java.util.stream.AbstractPipeline.copyInto(AbstractPipeline.java:481)
	at java.util.stream.AbstractPipeline.wrapAndCopyInto(AbstractPipeline.java:471)
	at java.util.stream.ForEachOps$ForEachOp.evaluateSequential(ForEachOps.java:151)
	at java.util.stream.ForEachOps$ForEachOp$OfRef.evaluateSequential(ForEachOps.java:174)
	at java.util.stream.AbstractPipeline.evaluate(AbstractPipeline.java:234)
	at java.util.stream.ReferencePipeline.forEach(ReferencePipeline.java:418)
	at eu.stamp_project.Main.run(Main.java:124)
	at eu.stamp_project.Main.main(Main.java:95)
Caused by: java.lang.ClassNotFoundException: eu.stamp_project.dspot.assertGenerator.AssertBuilder
	at java.net.URLClassLoader$1.run(URLClassLoader.java:370)
	at java.net.URLClassLoader$1.run(URLClassLoader.java:362)
	at java.security.AccessController.doPrivileged(Native Method)
	at java.net.URLClassLoader.findClass(URLClassLoader.java:361)
	at java.lang.ClassLoader.loadClass(ClassLoader.java:424)
	at sun.misc.Launcher$AppClassLoader.loadClass(Launcher.java:331)
	at java.lang.ClassLoader.loadClass(ClassLoader.java:357)
	... 36 more
Caused by: java.util.zip.ZipException: invalid LOC header (bad signature)
	at java.util.zip.ZipFile.read(Native Method)
	at java.util.zip.ZipFile.access$1400(ZipFile.java:60)
	at java.util.zip.ZipFile$ZipFileInputStream.read(ZipFile.java:717)
	at java.util.zip.ZipFile$ZipFileInflaterInputStream.fill(ZipFile.java:419)
	at java.util.zip.InflaterInputStream.read(InflaterInputStream.java:158)
	at sun.misc.Resource.getBytes(Resource.java:124)
	at java.net.URLClassLoader.defineClass(URLClassLoader.java:462)
	at java.net.URLClassLoader.access$100(URLClassLoader.java:73)
	at java.net.URLClassLoader$1.run(URLClassLoader.java:368)
	... 42 more
