# JRE version: Java(TM) SE Runtime Environment (8.0_121-b13) (build 1.8.0_121-b13)
# Java VM: Java HotSpot(TM) 64-Bit Server VM (25.121-b13 mixed mode linux-amd64 )
Heap:
 PSYoungGen      total 7788544K, used 0K [0x00007f29f2580000, 0x00007f2c9d000000, 0x00007f2c9d000000)
  eden space 4392448K, 0% used [0x00007f29f2580000,0x00007f29f2580000,0x00007f2afe700000)
  from space 3396096K, 0% used [0x00007f2afe700000,0x00007f2afe700000,0x00007f2bcdb80000)
  to   space 3331072K, 0% used [0x00007f2bd1b00000,0x00007f2bd1b00000,0x00007f2c9d000000)
 ParOldGen       total 11185152K, used 8981952K [0x00007f249d000000, 0x00007f2747b00000, 0x00007f29f2580000)
  object space 11185152K, 80% used [0x00007f249d000000,0x00007f26c13703f0,0x00007f2747b00000)
 Metaspace       used 25160K, capacity 26254K, committed 26624K, reserved 26624K
GC Heap History (10 events):
Event: 735.400 GC heap after
Heap after GC invocations=18 (full 1):
 PSYoungGen      total 10306048K, used 105591K [0x00007f29f2580000, 0x00007f2c9a780000, 0x00007f2c9d000000)
  eden space 9499136K, 0% used [0x00007f29f2580000,0x00007f29f2580000,0x00007f2c36200000)
  from space 806912K, 13% used [0x00007f2c36200000,0x00007f2c3c91dca8,0x00007f2c67600000)
  to   space 763904K, 0% used [0x00007f2c6bd80000,0x00007f2c6bd80000,0x00007f2c9a780000)
 ParOldGen       total 11185152K, used 2411737K [0x00007f249d000000, 0x00007f2747b00000, 0x00007f29f2580000)
  object space 11185152K, 21% used [0x00007f249d000000,0x00007f2530336540,0x00007f2747b00000)
 Metaspace       used 25124K, capacity 26334K, committed 26368K, reserved 26624K
}
Event: 751.680 GC heap before
{Heap before GC invocations=19 (full 1):
 PSYoungGen      total 10306048K, used 9604727K [0x00007f29f2580000, 0x00007f2c9a780000, 0x00007f2c9d000000)
  eden space 9499136K, 100% used [0x00007f29f2580000,0x00007f2c36200000,0x00007f2c36200000)
  from space 806912K, 13% used [0x00007f2c36200000,0x00007f2c3c91dca8,0x00007f2c67600000)
  to   space 763904K, 0% used [0x00007f2c6bd80000,0x00007f2c6bd80000,0x00007f2c9a780000)
 ParOldGen       total 11185152K, used 2411737K [0x00007f249d000000, 0x00007f2747b00000, 0x00007f29f2580000)
  object space 11185152K, 21% used [0x00007f249d000000,0x00007f2530336540,0x00007f2747b00000)
 Metaspace       used 25203K, capacity 26414K, committed 26624K, reserved 26624K
Event: 752.795 GC heap after
Heap after GC invocations=19 (full 1):
 PSYoungGen      total 9815552K, used 763872K [0x00007f29f2580000, 0x00007f2c9d000000, 0x00007f2c9d000000)
  eden space 9051648K, 0% used [0x00007f29f2580000,0x00007f29f2580000,0x00007f2c1ad00000)
  from space 763904K, 99% used [0x00007f2c6bd80000,0x00007f2c9a778048,0x00007f2c9a780000)
  to   space 1066496K, 0% used [0x00007f2c1ad00000,0x00007f2c1ad00000,0x00007f2c5be80000)
 ParOldGen       total 11185152K, used 2815465K [0x00007f249d000000, 0x00007f2747b00000, 0x00007f29f2580000)
  object space 11185152K, 25% used [0x00007f249d000000,0x00007f2548d7a7d8,0x00007f2747b00000)
 Metaspace       used 25203K, capacity 26414K, committed 26624K, reserved 26624K
}
Event: 757.528 GC heap before
{Heap before GC invocations=20 (full 1):
 PSYoungGen      total 9815552K, used 9815520K [0x00007f29f2580000, 0x00007f2c9d000000, 0x00007f2c9d000000)
  eden space 9051648K, 100% used [0x00007f29f2580000,0x00007f2c1ad00000,0x00007f2c1ad00000)
  from space 763904K, 99% used [0x00007f2c6bd80000,0x00007f2c9a778048,0x00007f2c9a780000)
  to   space 1066496K, 0% used [0x00007f2c1ad00000,0x00007f2c1ad00000,0x00007f2c5be80000)
 ParOldGen       total 11185152K, used 2815465K [0x00007f249d000000, 0x00007f2747b00000, 0x00007f29f2580000)
  object space 11185152K, 25% used [0x00007f249d000000,0x00007f2548d7a7d8,0x00007f2747b00000)
 Metaspace       used 25217K, capacity 26414K, committed 26624K, reserved 26624K
Event: 779.057 GC heap after
Heap after GC invocations=20 (full 1):
 PSYoungGen      total 10118144K, used 1066466K [0x00007f29f2580000, 0x00007f2c9d000000, 0x00007f2c9d000000)
  eden space 9051648K, 0% used [0x00007f29f2580000,0x00007f29f2580000,0x00007f2c1ad00000)
  from space 1066496K, 99% used [0x00007f2c1ad00000,0x00007f2c5be788e0,0x00007f2c5be80000)
  to   space 1066496K, 0% used [0x00007f2c5be80000,0x00007f2c5be80000,0x00007f2c9d000000)
 ParOldGen       total 11185152K, used 5534429K [0x00007f249d000000, 0x00007f2747b00000, 0x00007f29f2580000)
  object space 11185152K, 49% used [0x00007f249d000000,0x00007f25eecb76e8,0x00007f2747b00000)
 Metaspace       used 25217K, capacity 26414K, committed 26624K, reserved 26624K
}
Event: 937.284 GC heap before
{Heap before GC invocations=21 (full 1):
 PSYoungGen      total 10118144K, used 10118114K [0x00007f29f2580000, 0x00007f2c9d000000, 0x00007f2c9d000000)
  eden space 9051648K, 100% used [0x00007f29f2580000,0x00007f2c1ad00000,0x00007f2c1ad00000)
  from space 1066496K, 99% used [0x00007f2c1ad00000,0x00007f2c5be788e0,0x00007f2c5be80000)
  to   space 1066496K, 0% used [0x00007f2c5be80000,0x00007f2c5be80000,0x00007f2c9d000000)
 ParOldGen       total 11185152K, used 5534429K [0x00007f249d000000, 0x00007f2747b00000, 0x00007f29f2580000)
  object space 11185152K, 49% used [0x00007f249d000000,0x00007f25eecb76e8,0x00007f2747b00000)
 Metaspace       used 25218K, capacity 26414K, committed 26624K, reserved 26624K
Event: 1289.559 GC heap after
Heap after GC invocations=21 (full 1):
 PSYoungGen      total 5458944K, used 1066486K [0x00007f29f2580000, 0x00007f2c9d000000, 0x00007f2c9d000000)
  eden space 4392448K, 0% used [0x00007f29f2580000,0x00007f29f2580000,0x00007f2afe700000)
  from space 1066496K, 99% used [0x00007f2c5be80000,0x00007f2c9cffdb70,0x00007f2c9d000000)
  to   space 3396096K, 0% used [0x00007f2afe700000,0x00007f2afe700000,0x00007f2bcdb80000)
 ParOldGen       total 11185152K, used 8566046K [0x00007f249d000000, 0x00007f2747b00000, 0x00007f29f2580000)
  object space 11185152K, 76% used [0x00007f249d000000,0x00007f26a7d47a78,0x00007f2747b00000)
 Metaspace       used 25218K, capacity 26414K, committed 26624K, reserved 26624K
}
Event: 1297.224 GC heap before
{Heap before GC invocations=22 (full 1):
 PSYoungGen      total 5458944K, used 5458934K [0x00007f29f2580000, 0x00007f2c9d000000, 0x00007f2c9d000000)
  eden space 4392448K, 100% used [0x00007f29f2580000,0x00007f2afe700000,0x00007f2afe700000)
  from space 1066496K, 99% used [0x00007f2c5be80000,0x00007f2c9cffdb70,0x00007f2c9d000000)
  to   space 3396096K, 0% used [0x00007f2afe700000,0x00007f2afe700000,0x00007f2bcdb80000)
 ParOldGen       total 11185152K, used 8566046K [0x00007f249d000000, 0x00007f2747b00000, 0x00007f29f2580000)
  object space 11185152K, 76% used [0x00007f249d000000,0x00007f26a7d47a78,0x00007f2747b00000)
 Metaspace       used 25219K, capacity 26414K, committed 26624K, reserved 26624K
Event: 1550.402 GC heap after
Heap after GC invocations=22 (full 1):
 PSYoungGen      total 7788544K, used 1462891K [0x00007f29f2580000, 0x00007f2c9d000000, 0x00007f2c9d000000)
  eden space 4392448K, 0% used [0x00007f29f2580000,0x00007f29f2580000,0x00007f2afe700000)
  from space 3396096K, 43% used [0x00007f2afe700000,0x00007f2b57b9ac68,0x00007f2bcdb80000)
  to   space 3331072K, 0% used [0x00007f2bd1b00000,0x00007f2bd1b00000,0x00007f2c9d000000)
 ParOldGen       total 11185152K, used 9639834K [0x00007f249d000000, 0x00007f2747b00000, 0x00007f29f2580000)
  object space 11185152K, 86% used [0x00007f249d000000,0x00007f26e95e6838,0x00007f2747b00000)
 Metaspace       used 25219K, capacity 26414K, committed 26624K, reserved 26624K
}
Event: 1550.451 GC heap before
{Heap before GC invocations=23 (full 2):
 PSYoungGen      total 7788544K, used 1462891K [0x00007f29f2580000, 0x00007f2c9d000000, 0x00007f2c9d000000)
  eden space 4392448K, 0% used [0x00007f29f2580000,0x00007f29f2580000,0x00007f2afe700000)
  from space 3396096K, 43% used [0x00007f2afe700000,0x00007f2b57b9ac68,0x00007f2bcdb80000)
  to   space 3331072K, 0% used [0x00007f2bd1b00000,0x00007f2bd1b00000,0x00007f2c9d000000)
 ParOldGen       total 11185152K, used 9639834K [0x00007f249d000000, 0x00007f2747b00000, 0x00007f29f2580000)
  object space 11185152K, 86% used [0x00007f249d000000,0x00007f26e95e6838,0x00007f2747b00000)
 Metaspace       used 25219K, capacity 26414K, committed 26624K, reserved 26624K

