SLF4J: Class path contains multiple SLF4J bindings.
SLF4J: Found binding in [jar:file:/home/bdanglot/.m2/repository/eu/stamp-project/test-runner/1.0.5/test-runner-1.0.5-jar-with-dependencies.jar!/org/slf4j/impl/StaticLoggerBinder.class]
SLF4J: Found binding in [jar:file:/home/bdanglot/.m2/repository/org/slf4j/slf4j-log4j12/1.7.25/slf4j-log4j12-1.7.25.jar!/org/slf4j/impl/StaticLoggerBinder.class]
SLF4J: See http://www.slf4j.org/codes.html#multiple_bindings for an explanation.
SLF4J: Actual binding is of type [org.slf4j.impl.Log4jLoggerFactory]
[0] WARN AutomaticBuilderFactory - No automatic builder specified in configuration, going to default.
[0] INFO AutomaticBuilderFactory - Default: provided Maven automatic builder.
[22] INFO MavenAutomaticBuilder - run maven clean test -DskipTests dependency:build-classpath -Dmdep.outputFile=target/dspot/classpath
[WARN] Maven will be executed in interactive mode, but no input stream has been configured for this MavenInvoker instance.
[[1;34mINFO[m] Scanning for projects...
[[1;34mINFO[m] 
[[1;34mINFO[m] [1m------------------------------------------------------------------------[m
[[1;34mINFO[m] [1mBuilding protostuff :: runtime 1.4.3-SNAPSHOT[m
[[1;34mINFO[m] [1m------------------------------------------------------------------------[m
[[1;34mINFO[m] 
[[1;34mINFO[m] [1m--- [0;32mmaven-clean-plugin:2.5:clean[m [1m(default-clean)[m @ [36mprotostuff-runtime[0;1m ---[m
[[1;34mINFO[m] Deleting /home/bdanglot/workspace/Ex2amplifier-experiments/dataset/may-2018/protostuff/184_modified/protostuff-runtime/target
[[1;34mINFO[m] 
[[1;34mINFO[m] [1m--- [0;32mmaven-enforcer-plugin:1.3.1:enforce[m [1m(enforce-versions)[m @ [36mprotostuff-runtime[0;1m ---[m
[[1;34mINFO[m] Skipping Rule Enforcement.
[[1;34mINFO[m] 
[[1;34mINFO[m] [1m--- [0;32mmaven-resources-plugin:2.6:resources[m [1m(default-resources)[m @ [36mprotostuff-runtime[0;1m ---[m
[[1;34mINFO[m] Using 'UTF-8' encoding to copy filtered resources.
[[1;34mINFO[m] skip non existing resourceDirectory /home/bdanglot/workspace/Ex2amplifier-experiments/dataset/may-2018/protostuff/184_modified/protostuff-runtime/src/main/resources
[[1;34mINFO[m] 
[[1;34mINFO[m] [1m--- [0;32mmaven-compiler-plugin:3.1:compile[m [1m(default-compile)[m @ [36mprotostuff-runtime[0;1m ---[m
[[1;34mINFO[m] Changes detected - recompiling the module!
[[1;34mINFO[m] Compiling 40 source files to /home/bdanglot/workspace/Ex2amplifier-experiments/dataset/may-2018/protostuff/184_modified/protostuff-runtime/target/classes
[[1;33mWARNING[m] /home/bdanglot/workspace/Ex2amplifier-experiments/dataset/may-2018/protostuff/184_modified/protostuff-runtime/src/main/java/io/protostuff/runtime/OnDemandSunReflectionFactory.java:[40,44] sun.reflect.ReflectionFactory is internal proprietary API and may be removed in a future release
[[1;33mWARNING[m] /home/bdanglot/workspace/Ex2amplifier-experiments/dataset/may-2018/protostuff/184_modified/protostuff-runtime/src/main/java/io/protostuff/runtime/RuntimeUnsafeFieldFactory.java:[60,34] sun.misc.Unsafe is internal proprietary API and may be removed in a future release
[[1;33mWARNING[m] /home/bdanglot/workspace/Ex2amplifier-experiments/dataset/may-2018/protostuff/184_modified/protostuff-runtime/src/main/java/io/protostuff/runtime/RuntimeUnsafeFieldFactory.java:[62,28] sun.misc.Unsafe is internal proprietary API and may be removed in a future release
[[1;33mWARNING[m] /home/bdanglot/workspace/Ex2amplifier-experiments/dataset/may-2018/protostuff/184_modified/protostuff-runtime/src/main/java/io/protostuff/runtime/RuntimeUnsafeFieldFactory.java:[66,49] sun.misc.Unsafe is internal proprietary API and may be removed in a future release
[[1;33mWARNING[m] /home/bdanglot/workspace/Ex2amplifier-experiments/dataset/may-2018/protostuff/184_modified/protostuff-runtime/src/main/java/io/protostuff/runtime/RuntimeUnsafeFieldFactory.java:[71,29] sun.misc.Unsafe is internal proprietary API and may be removed in a future release
[[1;33mWARNING[m] /home/bdanglot/workspace/Ex2amplifier-experiments/dataset/may-2018/protostuff/184_modified/protostuff-runtime/src/main/java/io/protostuff/runtime/RuntimeUnsafeFieldFactory.java:[86,24] sun.misc.Unsafe is internal proprietary API and may be removed in a future release
[[1;34mINFO[m] 
[[1;34mINFO[m] [1m--- [0;32mmaven-resources-plugin:2.6:testResources[m [1m(default-testResources)[m @ [36mprotostuff-runtime[0;1m ---[m
[[1;34mINFO[m] Using 'UTF-8' encoding to copy filtered resources.
[[1;34mINFO[m] skip non existing resourceDirectory /home/bdanglot/workspace/Ex2amplifier-experiments/dataset/may-2018/protostuff/184_modified/protostuff-runtime/src/test/resources
[[1;34mINFO[m] 
[[1;34mINFO[m] [1m--- [0;32mmaven-compiler-plugin:3.1:testCompile[m [1m(default-testCompile)[m @ [36mprotostuff-runtime[0;1m ---[m
[[1;34mINFO[m] Changes detected - recompiling the module!
[[1;34mINFO[m] Compiling 44 source files to /home/bdanglot/workspace/Ex2amplifier-experiments/dataset/may-2018/protostuff/184_modified/protostuff-runtime/target/test-classes
[[1;33mWARNING[m] /home/bdanglot/workspace/Ex2amplifier-experiments/dataset/may-2018/protostuff/184_modified/protostuff-runtime/src/test/java/io/protostuff/runtime/CollectionTest.java: Some input files use or override a deprecated API.
[[1;33mWARNING[m] /home/bdanglot/workspace/Ex2amplifier-experiments/dataset/may-2018/protostuff/184_modified/protostuff-runtime/src/test/java/io/protostuff/runtime/CollectionTest.java: Recompile with -Xlint:deprecation for details.
[[1;33mWARNING[m] /home/bdanglot/workspace/Ex2amplifier-experiments/dataset/may-2018/protostuff/184_modified/protostuff-runtime/src/test/java/io/protostuff/runtime/AbstractRuntimeObjectSchemaTest.java: Some input files use unchecked or unsafe operations.
[[1;33mWARNING[m] /home/bdanglot/workspace/Ex2amplifier-experiments/dataset/may-2018/protostuff/184_modified/protostuff-runtime/src/test/java/io/protostuff/runtime/AbstractRuntimeObjectSchemaTest.java: Recompile with -Xlint:unchecked for details.
[[1;34mINFO[m] 
[[1;34mINFO[m] [1m--- [0;32mmaven-surefire-plugin:2.18.1:test[m [1m(default-test)[m @ [36mprotostuff-runtime[0;1m ---[m
[[1;34mINFO[m] Tests are skipped.
[[1;34mINFO[m] 
[[1;34mINFO[m] [1m--- [0;32mmaven-dependency-plugin:2.8:build-classpath[m [1m(default-cli)[m @ [36mprotostuff-runtime[0;1m ---[m
[[1;34mINFO[m] Wrote classpath file '/home/bdanglot/workspace/Ex2amplifier-experiments/dataset/may-2018/protostuff/184_modified/protostuff-runtime/target/dspot/classpath'.
[[1;34mINFO[m] [1m------------------------------------------------------------------------[m
[[1;34mINFO[m] [1;32mBUILD SUCCESS[m
[[1;34mINFO[m] [1m------------------------------------------------------------------------[m
[[1;34mINFO[m] Total time: 13.881 s
[[1;34mINFO[m] Finished at: 2018-05-16T18:08:46+02:00
[[1;34mINFO[m] Final Memory: 26M/266M
[[1;34mINFO[m] [1m------------------------------------------------------------------------[m
[31457] WARN AutomaticBuilderFactory - No automatic builder specified in configuration, going to default.
[31459] INFO AutomaticBuilderFactory - Default: provided Maven automatic builder.
[31461] INFO MavenAutomaticBuilder - run maven clean test -DskipTests dependency:build-classpath -Dmdep.outputFile=target/dspot/classpath
[WARN] Maven will be executed in interactive mode, but no input stream has been configured for this MavenInvoker instance.
[[1;34mINFO[m] Scanning for projects...
[[1;34mINFO[m] 
[[1;34mINFO[m] [1m------------------------------------------------------------------------[m
[[1;34mINFO[m] [1mBuilding protostuff :: runtime 1.4.3-SNAPSHOT[m
[[1;34mINFO[m] [1m------------------------------------------------------------------------[m
[[1;34mINFO[m] 
[[1;34mINFO[m] [1m--- [0;32mmaven-clean-plugin:2.5:clean[m [1m(default-clean)[m @ [36mprotostuff-runtime[0;1m ---[m
[[1;34mINFO[m] Deleting /home/bdanglot/workspace/Ex2amplifier-experiments/dataset/may-2018/protostuff/184/protostuff-runtime/target
[[1;34mINFO[m] 
[[1;34mINFO[m] [1m--- [0;32mmaven-enforcer-plugin:1.3.1:enforce[m [1m(enforce-versions)[m @ [36mprotostuff-runtime[0;1m ---[m
[[1;34mINFO[m] Skipping Rule Enforcement.
[[1;34mINFO[m] 
[[1;34mINFO[m] [1m--- [0;32mmaven-resources-plugin:2.6:resources[m [1m(default-resources)[m @ [36mprotostuff-runtime[0;1m ---[m
[[1;34mINFO[m] Using 'UTF-8' encoding to copy filtered resources.
[[1;34mINFO[m] skip non existing resourceDirectory /home/bdanglot/workspace/Ex2amplifier-experiments/dataset/may-2018/protostuff/184/protostuff-runtime/src/main/resources
[[1;34mINFO[m] 
[[1;34mINFO[m] [1m--- [0;32mmaven-compiler-plugin:3.1:compile[m [1m(default-compile)[m @ [36mprotostuff-runtime[0;1m ---[m
[[1;34mINFO[m] Changes detected - recompiling the module!
[[1;34mINFO[m] Compiling 40 source files to /home/bdanglot/workspace/Ex2amplifier-experiments/dataset/may-2018/protostuff/184/protostuff-runtime/target/classes
[[1;33mWARNING[m] /home/bdanglot/workspace/Ex2amplifier-experiments/dataset/may-2018/protostuff/184/protostuff-runtime/src/main/java/io/protostuff/runtime/OnDemandSunReflectionFactory.java:[40,44] sun.reflect.ReflectionFactory is internal proprietary API and may be removed in a future release
[[1;33mWARNING[m] /home/bdanglot/workspace/Ex2amplifier-experiments/dataset/may-2018/protostuff/184/protostuff-runtime/src/main/java/io/protostuff/runtime/RuntimeUnsafeFieldFactory.java:[60,34] sun.misc.Unsafe is internal proprietary API and may be removed in a future release
[[1;33mWARNING[m] /home/bdanglot/workspace/Ex2amplifier-experiments/dataset/may-2018/protostuff/184/protostuff-runtime/src/main/java/io/protostuff/runtime/RuntimeUnsafeFieldFactory.java:[62,28] sun.misc.Unsafe is internal proprietary API and may be removed in a future release
[[1;33mWARNING[m] /home/bdanglot/workspace/Ex2amplifier-experiments/dataset/may-2018/protostuff/184/protostuff-runtime/src/main/java/io/protostuff/runtime/RuntimeUnsafeFieldFactory.java:[66,49] sun.misc.Unsafe is internal proprietary API and may be removed in a future release
[[1;33mWARNING[m] /home/bdanglot/workspace/Ex2amplifier-experiments/dataset/may-2018/protostuff/184/protostuff-runtime/src/main/java/io/protostuff/runtime/RuntimeUnsafeFieldFactory.java:[71,29] sun.misc.Unsafe is internal proprietary API and may be removed in a future release
[[1;33mWARNING[m] /home/bdanglot/workspace/Ex2amplifier-experiments/dataset/may-2018/protostuff/184/protostuff-runtime/src/main/java/io/protostuff/runtime/RuntimeUnsafeFieldFactory.java:[86,24] sun.misc.Unsafe is internal proprietary API and may be removed in a future release
[[1;34mINFO[m] 
[[1;34mINFO[m] [1m--- [0;32mmaven-resources-plugin:2.6:testResources[m [1m(default-testResources)[m @ [36mprotostuff-runtime[0;1m ---[m
[[1;34mINFO[m] Using 'UTF-8' encoding to copy filtered resources.
[[1;34mINFO[m] skip non existing resourceDirectory /home/bdanglot/workspace/Ex2amplifier-experiments/dataset/may-2018/protostuff/184/protostuff-runtime/src/test/resources
[[1;34mINFO[m] 
[[1;34mINFO[m] [1m--- [0;32mmaven-compiler-plugin:3.1:testCompile[m [1m(default-testCompile)[m @ [36mprotostuff-runtime[0;1m ---[m
[[1;34mINFO[m] Changes detected - recompiling the module!
[[1;34mINFO[m] Compiling 44 source files to /home/bdanglot/workspace/Ex2amplifier-experiments/dataset/may-2018/protostuff/184/protostuff-runtime/target/test-classes
[[1;33mWARNING[m] /home/bdanglot/workspace/Ex2amplifier-experiments/dataset/may-2018/protostuff/184/protostuff-runtime/src/test/java/io/protostuff/runtime/AnnotatedFieldsTest.java: Some input files use or override a deprecated API.
[[1;33mWARNING[m] /home/bdanglot/workspace/Ex2amplifier-experiments/dataset/may-2018/protostuff/184/protostuff-runtime/src/test/java/io/protostuff/runtime/AnnotatedFieldsTest.java: Recompile with -Xlint:deprecation for details.
[[1;33mWARNING[m] /home/bdanglot/workspace/Ex2amplifier-experiments/dataset/may-2018/protostuff/184/protostuff-runtime/src/test/java/io/protostuff/runtime/DefaultIdStrategyTest.java: Some input files use unchecked or unsafe operations.
[[1;33mWARNING[m] /home/bdanglot/workspace/Ex2amplifier-experiments/dataset/may-2018/protostuff/184/protostuff-runtime/src/test/java/io/protostuff/runtime/DefaultIdStrategyTest.java: Recompile with -Xlint:unchecked for details.
[[1;34mINFO[m] 
[[1;34mINFO[m] [1m--- [0;32mmaven-surefire-plugin:2.18.1:test[m [1m(default-test)[m @ [36mprotostuff-runtime[0;1m ---[m
[[1;34mINFO[m] Tests are skipped.
[[1;34mINFO[m] 
[[1;34mINFO[m] [1m--- [0;32mmaven-dependency-plugin:2.8:build-classpath[m [1m(default-cli)[m @ [36mprotostuff-runtime[0;1m ---[m
[[1;34mINFO[m] Wrote classpath file '/home/bdanglot/workspace/Ex2amplifier-experiments/dataset/may-2018/protostuff/184/protostuff-runtime/target/dspot/classpath'.
[[1;34mINFO[m] [1m------------------------------------------------------------------------[m
[[1;34mINFO[m] [1;32mBUILD SUCCESS[m
[[1;34mINFO[m] [1m------------------------------------------------------------------------[m
[[1;34mINFO[m] Total time: 13.077 s
[[1;34mINFO[m] Finished at: 2018-05-16T18:09:18+02:00
[[1;34mINFO[m] Final Memory: 24M/206M
[[1;34mINFO[m] [1m------------------------------------------------------------------------[m
[50496] INFO SelectorOnDiff - Selecting according to a diff between dataset/may-2018/protostuff/184_modified/protostuff-runtime and dataset/may-2018/protostuff/184/protostuff-runtime (c5da2cb2028b1ad01f2d70cd06920f74b70945d1)
[50597] INFO SelectorOnDiff - Modified files:
a/protostuff-runtime/src/main/java/io/protostuff/runtime/IdStrategy.java
a/protostuff-runtime/src/test/java/io/protostuff/runtime/ExcludeFieldTest.java
[139626] INFO Amplification - amplification of io.protostuff.runtime.ExcludeFieldTest (4 test(s))
[141281] INFO Amplification - Try to add assertions before amplification
[141403] INFO AssertGenerator - Run tests. (4)
[142461] INFO AssertGenerator - 4 test pass, generating assertion...
[142469] INFO MethodsAssertGenerator - Add observations points in passing tests.
[142469] INFO MethodsAssertGenerator - Instrumentation...
 25% |============ ]/ 50% |========================= ]- 75% |===================================== ]\100% |================================================== ]|
[142584] INFO MethodsAssertGenerator - Run instrumented tests. (12)
[144643] INFO MethodsAssertGenerator - Generating assertions...
[144759] INFO AssertGenerator - 4 new tests with assertions generated
[146812] DEBUG Launcher - building sources: [/home/bdanglot/workspace/Ex2amplifier-experiments/target/dspot/tmp_test_sources/io/protostuff/runtime/ExcludeFieldTest.java]
[146815] DEBUG Launcher - build args: [-encoding, UTF-8, -cp, /home/bdanglot/.m2/repository/junit/junit/4.11/junit-4.11.jar:/home/bdanglot/.m2/repository/org/hamcrest/hamcrest-core/1.3/hamcrest-core-1.3.jar:/home/bdanglot/.m2/repository/org/mockito/mockito-core/1.10.8/mockito-core-1.10.8.jar:/home/bdanglot/.m2/repository/org/objenesis/objenesis/2.1/objenesis-2.1.jar:/home/bdanglot/.m2/repository/io/protostuff/protostuff-core/1.4.3-SNAPSHOT/protostuff-core-1.4.3-SNAPSHOT.jar:/home/bdanglot/.m2/repository/io/protostuff/protostuff-core/1.4.3-SNAPSHOT/protostuff-core-1.4.3-SNAPSHOT-tests.jar:/home/bdanglot/.m2/repository/io/protostuff/protostuff-api/1.4.3-SNAPSHOT/protostuff-api-1.4.3-SNAPSHOT.jar:/home/bdanglot/.m2/repository/io/protostuff/protostuff-collectionschema/1.4.3-SNAPSHOT/protostuff-collectionschema-1.4.3-SNAPSHOT.jar:target/dspot/dependencies/:dataset/may-2018/protostuff/184_modified/protostuff-runtime//target/classes:dataset/may-2018/protostuff/184_modified/protostuff-runtime//target/test-classes:, -1.8, -preserveAllLocals, -noExit, -enableJavadoc, /home/bdanglot/workspace/Ex2amplifier-experiments/target/dspot/tmp_test_sources/io/protostuff/runtime/ExcludeFieldTest.java]
[146987] DEBUG Launcher - built in 174 ms
[146988] DEBUG Launcher - building templates: []
[146988] DEBUG Launcher - built in 0 ms
[146990] DEBUG Launcher - model built in 178
[146993] DEBUG Launcher - compiling sources: [/home/bdanglot/workspace/Ex2amplifier-experiments/target/dspot/tmp_test_sources/io/protostuff/runtime/ExcludeFieldTest.java]
[147002] DEBUG Launcher - compile args: [-encoding, UTF-8, -cp, /home/bdanglot/.m2/repository/junit/junit/4.11/junit-4.11.jar:/home/bdanglot/.m2/repository/org/hamcrest/hamcrest-core/1.3/hamcrest-core-1.3.jar:/home/bdanglot/.m2/repository/org/mockito/mockito-core/1.10.8/mockito-core-1.10.8.jar:/home/bdanglot/.m2/repository/org/objenesis/objenesis/2.1/objenesis-2.1.jar:/home/bdanglot/.m2/repository/io/protostuff/protostuff-core/1.4.3-SNAPSHOT/protostuff-core-1.4.3-SNAPSHOT.jar:/home/bdanglot/.m2/repository/io/protostuff/protostuff-core/1.4.3-SNAPSHOT/protostuff-core-1.4.3-SNAPSHOT-tests.jar:/home/bdanglot/.m2/repository/io/protostuff/protostuff-api/1.4.3-SNAPSHOT/protostuff-api-1.4.3-SNAPSHOT.jar:/home/bdanglot/.m2/repository/io/protostuff/protostuff-collectionschema/1.4.3-SNAPSHOT/protostuff-collectionschema-1.4.3-SNAPSHOT.jar:target/dspot/dependencies/:dataset/may-2018/protostuff/184_modified/protostuff-runtime//target/classes:dataset/may-2018/protostuff/184_modified/protostuff-runtime//target/test-classes:, -d, /home/bdanglot/workspace/Ex2amplifier-experiments/dataset/may-2018/protostuff/184/protostuff-runtime/target/test-classes, -1.8, -proc:none, -preserveAllLocals, -noExit, -enableJavadoc, /home/bdanglot/workspace/Ex2amplifier-experiments/target/dspot/tmp_test_sources/io/protostuff/runtime/ExcludeFieldTest.java]
[147323] DEBUG Launcher - compiled in 329 ms
[148588] INFO Amplification - 4 amplified test(s) has been selected, global: 4
[148589] INFO Amplification - amp testMuchExcludedEntity (1/4)
[148615] DEBUG Launcher - printing io.protostuff.runtime.ExcludeFieldTest to /home/bdanglot/workspace/Ex2amplifier-experiments/target/dspot/tmp_test_sources
[150269] INFO Amplification - iteration 0:
[150269] INFO Amplification - 1 tests selected to be amplified over 1 available tests
[150270] INFO Amplification - Amplification of inputs...
100% |================================================== ]/
[150405] DEBUG Launcher - printing io.protostuff.runtime.ExcludeFieldTest to /home/bdanglot/workspace/Ex2amplifier-experiments/target/dspot/tmp_test_sources
[150568] DEBUG Launcher - building sources: [/home/bdanglot/workspace/Ex2amplifier-experiments/target/dspot/tmp_test_sources/io/protostuff/runtime/ExcludeFieldTest.java]
[150569] DEBUG Launcher - build args: [-encoding, UTF-8, -cp, /home/bdanglot/.m2/repository/junit/junit/4.11/junit-4.11.jar:/home/bdanglot/.m2/repository/org/hamcrest/hamcrest-core/1.3/hamcrest-core-1.3.jar:/home/bdanglot/.m2/repository/org/mockito/mockito-core/1.10.8/mockito-core-1.10.8.jar:/home/bdanglot/.m2/repository/org/objenesis/objenesis/2.1/objenesis-2.1.jar:/home/bdanglot/.m2/repository/io/protostuff/protostuff-core/1.4.3-SNAPSHOT/protostuff-core-1.4.3-SNAPSHOT.jar:/home/bdanglot/.m2/repository/io/protostuff/protostuff-core/1.4.3-SNAPSHOT/protostuff-core-1.4.3-SNAPSHOT-tests.jar:/home/bdanglot/.m2/repository/io/protostuff/protostuff-api/1.4.3-SNAPSHOT/protostuff-api-1.4.3-SNAPSHOT.jar:/home/bdanglot/.m2/repository/io/protostuff/protostuff-collectionschema/1.4.3-SNAPSHOT/protostuff-collectionschema-1.4.3-SNAPSHOT.jar:dataset/may-2018/protostuff/184_modified/protostuff-runtime//target/classes:target/dspot/dependencies/:dataset/may-2018/protostuff/184_modified/protostuff-runtime//target/test-classes:, -1.8, -preserveAllLocals, -noExit, -enableJavadoc, /home/bdanglot/workspace/Ex2amplifier-experiments/target/dspot/tmp_test_sources/io/protostuff/runtime/ExcludeFieldTest.java]
[150758] WARN Launcher - warning: The operator == is undefined for the argument type(s) int, boolean at /home/bdanglot/workspace/Ex2amplifier-experiments/target/dspot/tmp_test_sources/io/protostuff/runtime/ExcludeFieldTest.java:86
[150758] WARN Launcher - warning: The operator == is undefined for the argument type(s) int, boolean at /home/bdanglot/workspace/Ex2amplifier-experiments/target/dspot/tmp_test_sources/io/protostuff/runtime/ExcludeFieldTest.java:87
[150759] WARN Launcher - warning: The operator == is undefined for the argument type(s) int, boolean at /home/bdanglot/workspace/Ex2amplifier-experiments/target/dspot/tmp_test_sources/io/protostuff/runtime/ExcludeFieldTest.java:89
[150759] WARN Launcher - warning: The operator == is undefined for the argument type(s) int, boolean at /home/bdanglot/workspace/Ex2amplifier-experiments/target/dspot/tmp_test_sources/io/protostuff/runtime/ExcludeFieldTest.java:91
[150759] DEBUG Launcher - built in 191 ms
[150759] DEBUG Launcher - building templates: []
[150759] DEBUG Launcher - built in 0 ms
[150762] DEBUG Launcher - model built in 194
[150764] DEBUG Launcher - compiling sources: [/home/bdanglot/workspace/Ex2amplifier-experiments/target/dspot/tmp_test_sources/io/protostuff/runtime/ExcludeFieldTest.java]
[150767] DEBUG Launcher - compile args: [-encoding, UTF-8, -cp, /home/bdanglot/.m2/repository/junit/junit/4.11/junit-4.11.jar:/home/bdanglot/.m2/repository/org/hamcrest/hamcrest-core/1.3/hamcrest-core-1.3.jar:/home/bdanglot/.m2/repository/org/mockito/mockito-core/1.10.8/mockito-core-1.10.8.jar:/home/bdanglot/.m2/repository/org/objenesis/objenesis/2.1/objenesis-2.1.jar:/home/bdanglot/.m2/repository/io/protostuff/protostuff-core/1.4.3-SNAPSHOT/protostuff-core-1.4.3-SNAPSHOT.jar:/home/bdanglot/.m2/repository/io/protostuff/protostuff-core/1.4.3-SNAPSHOT/protostuff-core-1.4.3-SNAPSHOT-tests.jar:/home/bdanglot/.m2/repository/io/protostuff/protostuff-api/1.4.3-SNAPSHOT/protostuff-api-1.4.3-SNAPSHOT.jar:/home/bdanglot/.m2/repository/io/protostuff/protostuff-collectionschema/1.4.3-SNAPSHOT/protostuff-collectionschema-1.4.3-SNAPSHOT.jar:dataset/may-2018/protostuff/184_modified/protostuff-runtime//target/classes:target/dspot/dependencies/:dataset/may-2018/protostuff/184_modified/protostuff-runtime//target/test-classes:, -d, /home/bdanglot/workspace/Ex2amplifier-experiments/dataset/may-2018/protostuff/184_modified/protostuff-runtime/target/test-classes, -1.8, -proc:none, -preserveAllLocals, -noExit, -enableJavadoc, /home/bdanglot/workspace/Ex2amplifier-experiments/target/dspot/tmp_test_sources/io/protostuff/runtime/ExcludeFieldTest.java]
[150946] WARN Launcher - warning: The operator == is undefined for the argument type(s) int, boolean at /home/bdanglot/workspace/Ex2amplifier-experiments/ExcludeFieldTest.java:80
[150946] WARN Launcher - warning: The operator == is undefined for the argument type(s) int, boolean at /home/bdanglot/workspace/Ex2amplifier-experiments/ExcludeFieldTest.java:81
[150946] WARN Launcher - warning: The operator == is undefined for the argument type(s) int, boolean at /home/bdanglot/workspace/Ex2amplifier-experiments/ExcludeFieldTest.java:83
[150946] WARN Launcher - warning: The operator == is undefined for the argument type(s) int, boolean at /home/bdanglot/workspace/Ex2amplifier-experiments/ExcludeFieldTest.java:85
[150948] DEBUG Launcher - compiled in 184 ms
This is the Java Bytecode Symbolic Executor's Run Tool (JBSE v.0.8.0-SNAPSHOT).
Connecting to Z3 at lib/z3/build/bin/z3.
Failed initialization of the symbolic execution.
jbse.jvm.exc.InitializationException: jbse.bc.exc.ClassFileNotFoundException: io/protostuff/runtime/ExcludeFieldTest
	at jbse.algo.Algo_INIT.createInitialState(Algo_INIT.java:56)
	at jbse.algo.Algo_INIT.exec(Algo_INIT.java:33)
	at jbse.jvm.Engine.init(Engine.java:153)
	at jbse.jvm.EngineBuilder.build(EngineBuilder.java:63)
	at jbse.jvm.RunnerBuilder.build(RunnerBuilder.java:48)
	at jbse.apps.run.Run.build(Run.java:715)
	at jbse.apps.run.Run.run(Run.java:591)
	at eu.stamp.project.ex2amplifier.jbse.JBSERunner.runJBSE(JBSERunner.java:82)
	at eu.stamp.project.ex2amplifier.amplifier.JBSEAmplifier.internalApply(JBSEAmplifier.java:44)
	at eu.stamp.project.ex2amplifier.amplifier.Ex2Amplifier.apply(Ex2Amplifier.java:68)
	at fr.inria.diversify.dspot.Amplification.lambda$inputAmplifyTest$7(Amplification.java:245)
	at java.util.stream.ReferencePipeline$7$1.accept(ReferencePipeline.java:267)
	at java.util.ArrayList$ArrayListSpliterator.forEachRemaining(ArrayList.java:1374)
	at java.util.stream.AbstractPipeline.copyInto(AbstractPipeline.java:481)
	at java.util.stream.AbstractPipeline.wrapAndCopyInto(AbstractPipeline.java:471)
	at java.util.stream.ForEachOps$ForEachOp.evaluateSequential(ForEachOps.java:151)
	at java.util.stream.ForEachOps$ForEachOp$OfRef.evaluateSequential(ForEachOps.java:174)
	at java.util.stream.AbstractPipeline.evaluate(AbstractPipeline.java:234)
	at java.util.stream.ReferencePipeline.forEach(ReferencePipeline.java:418)
	at java.util.stream.ReferencePipeline$7$1.accept(ReferencePipeline.java:270)
	at java.util.ArrayList$ArrayListSpliterator.forEachRemaining(ArrayList.java:1374)
	at java.util.stream.AbstractPipeline.copyInto(AbstractPipeline.java:481)
	at java.util.stream.AbstractPipeline.wrapAndCopyInto(AbstractPipeline.java:471)
	at java.util.stream.ReduceOps$ReduceTask.doLeaf(ReduceOps.java:747)
	at java.util.stream.ReduceOps$ReduceTask.doLeaf(ReduceOps.java:721)
	at java.util.stream.AbstractTask.compute(AbstractTask.java:316)
	at java.util.concurrent.CountedCompleter.exec(CountedCompleter.java:731)
	at java.util.concurrent.ForkJoinTask.doExec(ForkJoinTask.java:289)
	at java.util.concurrent.ForkJoinTask.doInvoke(ForkJoinTask.java:401)
	at java.util.concurrent.ForkJoinTask.invoke(ForkJoinTask.java:734)
	at java.util.stream.ReduceOps$ReduceOp.evaluateParallel(ReduceOps.java:714)
	at java.util.stream.AbstractPipeline.evaluate(AbstractPipeline.java:233)
	at java.util.stream.ReferencePipeline.collect(ReferencePipeline.java:499)
	at fr.inria.diversify.dspot.Amplification.inputAmplifyTests(Amplification.java:226)
	at fr.inria.diversify.dspot.Amplification.amplification(Amplification.java:139)
	at fr.inria.diversify.dspot.Amplification.amplification(Amplification.java:103)
	at fr.inria.diversify.dspot.DSpot.amplifyTest(DSpot.java:183)
	at fr.inria.diversify.dspot.DSpot.amplifyTest(DSpot.java:170)
	at eu.stamp.project.Main.lambda$null$1(Main.java:143)
	at java.util.stream.ReferencePipeline$3$1.accept(ReferencePipeline.java:193)
	at java.util.HashMap$KeySpliterator.forEachRemaining(HashMap.java:1548)
	at java.util.stream.AbstractPipeline.copyInto(AbstractPipeline.java:481)
	at java.util.stream.AbstractPipeline.wrapAndCopyInto(AbstractPipeline.java:471)
	at java.util.stream.ReduceOps$ReduceOp.evaluateSequential(ReduceOps.java:708)
	at java.util.stream.AbstractPipeline.evaluate(AbstractPipeline.java:234)
	at java.util.stream.ReferencePipeline.collect(ReferencePipeline.java:499)
	at eu.stamp.project.Main.lambda$run$2(Main.java:144)
	at java.util.stream.ForEachOps$ForEachOp$OfRef.accept(ForEachOps.java:184)
	at java.util.stream.ReferencePipeline$2$1.accept(ReferencePipeline.java:175)
	at java.util.ArrayList$ArrayListSpliterator.forEachRemaining(ArrayList.java:1374)
	at java.util.stream.AbstractPipeline.copyInto(AbstractPipeline.java:481)
	at java.util.stream.AbstractPipeline.wrapAndCopyInto(AbstractPipeline.java:471)
	at java.util.stream.ForEachOps$ForEachOp.evaluateSequential(ForEachOps.java:151)
	at java.util.stream.ForEachOps$ForEachOp$OfRef.evaluateSequential(ForEachOps.java:174)
	at java.util.stream.AbstractPipeline.evaluate(AbstractPipeline.java:234)
	at java.util.stream.ReferencePipeline.forEach(ReferencePipeline.java:418)
	at eu.stamp.project.Main.run(Main.java:117)
	at eu.stamp.project.Main.main(Main.java:88)
Caused by: jbse.bc.exc.ClassFileNotFoundException: io/protostuff/runtime/ExcludeFieldTest
	at jbse.bc.ClassFileJavassist.<init>(ClassFileJavassist.java:39)
	at jbse.bc.ClassFileFactoryJavassist.newClassFileClass(ClassFileFactoryJavassist.java:26)
	at jbse.bc.ClassFileFactory.newClassFile(ClassFileFactory.java:60)
	at jbse.bc.ClassFileStore.getClassFile(ClassFileStore.java:65)
	at jbse.bc.ClassHierarchy.getClassFile(ClassHierarchy.java:87)
	at jbse.mem.State.pushFrameSymbolic(State.java:1095)
	at jbse.algo.Algo_INIT.createInitialState(Algo_INIT.java:49)
	... 57 more
[151776] INFO Amplification - 0 new tests generated
[151776] INFO Amplification - 0 amplified test(s) has been selected, global: 4
[151782] INFO Amplification - amp testIt (2/4)
[151795] DEBUG Launcher - printing io.protostuff.runtime.ExcludeFieldTest to /home/bdanglot/workspace/Ex2amplifier-experiments/target/dspot/tmp_test_sources
[152689] INFO Amplification - iteration 0:
[152689] INFO Amplification - 1 tests selected to be amplified over 1 available tests
[152689] INFO Amplification - Amplification of inputs...
100% |================================================== ]/
[152718] DEBUG Launcher - printing io.protostuff.runtime.ExcludeFieldTest to /home/bdanglot/workspace/Ex2amplifier-experiments/target/dspot/tmp_test_sources
[152817] DEBUG Launcher - building sources: [/home/bdanglot/workspace/Ex2amplifier-experiments/target/dspot/tmp_test_sources/io/protostuff/runtime/ExcludeFieldTest.java]
[152817] DEBUG Launcher - build args: [-encoding, UTF-8, -cp, /home/bdanglot/.m2/repository/junit/junit/4.11/junit-4.11.jar:/home/bdanglot/.m2/repository/org/hamcrest/hamcrest-core/1.3/hamcrest-core-1.3.jar:/home/bdanglot/.m2/repository/org/mockito/mockito-core/1.10.8/mockito-core-1.10.8.jar:/home/bdanglot/.m2/repository/org/objenesis/objenesis/2.1/objenesis-2.1.jar:/home/bdanglot/.m2/repository/io/protostuff/protostuff-core/1.4.3-SNAPSHOT/protostuff-core-1.4.3-SNAPSHOT.jar:/home/bdanglot/.m2/repository/io/protostuff/protostuff-core/1.4.3-SNAPSHOT/protostuff-core-1.4.3-SNAPSHOT-tests.jar:/home/bdanglot/.m2/repository/io/protostuff/protostuff-api/1.4.3-SNAPSHOT/protostuff-api-1.4.3-SNAPSHOT.jar:/home/bdanglot/.m2/repository/io/protostuff/protostuff-collectionschema/1.4.3-SNAPSHOT/protostuff-collectionschema-1.4.3-SNAPSHOT.jar:dataset/may-2018/protostuff/184_modified/protostuff-runtime//target/classes:target/dspot/dependencies/:dataset/may-2018/protostuff/184_modified/protostuff-runtime//target/test-classes:, -1.8, -preserveAllLocals, -noExit, -enableJavadoc, /home/bdanglot/workspace/Ex2amplifier-experiments/target/dspot/tmp_test_sources/io/protostuff/runtime/ExcludeFieldTest.java]
[152929] WARN Launcher - warning: The operator == is undefined for the argument type(s) int, boolean at /home/bdanglot/workspace/Ex2amplifier-experiments/target/dspot/tmp_test_sources/io/protostuff/runtime/ExcludeFieldTest.java:86
[152930] WARN Launcher - warning: The operator == is undefined for the argument type(s) int, boolean at /home/bdanglot/workspace/Ex2amplifier-experiments/target/dspot/tmp_test_sources/io/protostuff/runtime/ExcludeFieldTest.java:87
[152930] DEBUG Launcher - built in 113 ms
[152930] DEBUG Launcher - building templates: []
[152932] DEBUG Launcher - built in 0 ms
[152932] DEBUG Launcher - model built in 116
[152932] DEBUG Launcher - compiling sources: [/home/bdanglot/workspace/Ex2amplifier-experiments/target/dspot/tmp_test_sources/io/protostuff/runtime/ExcludeFieldTest.java]
[152933] DEBUG Launcher - compile args: [-encoding, UTF-8, -cp, /home/bdanglot/.m2/repository/junit/junit/4.11/junit-4.11.jar:/home/bdanglot/.m2/repository/org/hamcrest/hamcrest-core/1.3/hamcrest-core-1.3.jar:/home/bdanglot/.m2/repository/org/mockito/mockito-core/1.10.8/mockito-core-1.10.8.jar:/home/bdanglot/.m2/repository/org/objenesis/objenesis/2.1/objenesis-2.1.jar:/home/bdanglot/.m2/repository/io/protostuff/protostuff-core/1.4.3-SNAPSHOT/protostuff-core-1.4.3-SNAPSHOT.jar:/home/bdanglot/.m2/repository/io/protostuff/protostuff-core/1.4.3-SNAPSHOT/protostuff-core-1.4.3-SNAPSHOT-tests.jar:/home/bdanglot/.m2/repository/io/protostuff/protostuff-api/1.4.3-SNAPSHOT/protostuff-api-1.4.3-SNAPSHOT.jar:/home/bdanglot/.m2/repository/io/protostuff/protostuff-collectionschema/1.4.3-SNAPSHOT/protostuff-collectionschema-1.4.3-SNAPSHOT.jar:dataset/may-2018/protostuff/184_modified/protostuff-runtime//target/classes:target/dspot/dependencies/:dataset/may-2018/protostuff/184_modified/protostuff-runtime//target/test-classes:, -d, /home/bdanglot/workspace/Ex2amplifier-experiments/dataset/may-2018/protostuff/184_modified/protostuff-runtime/target/test-classes, -1.8, -proc:none, -preserveAllLocals, -noExit, -enableJavadoc, /home/bdanglot/workspace/Ex2amplifier-experiments/target/dspot/tmp_test_sources/io/protostuff/runtime/ExcludeFieldTest.java]
[153031] WARN Launcher - warning: The operator == is undefined for the argument type(s) int, boolean at /home/bdanglot/workspace/Ex2amplifier-experiments/ExcludeFieldTest.java:80
[153031] WARN Launcher - warning: The operator == is undefined for the argument type(s) int, boolean at /home/bdanglot/workspace/Ex2amplifier-experiments/ExcludeFieldTest.java:81
[153031] DEBUG Launcher - compiled in 99 ms
This is the Java Bytecode Symbolic Executor's Run Tool (JBSE v.0.8.0-SNAPSHOT).
Connecting to Z3 at lib/z3/build/bin/z3.
Failed initialization of the symbolic execution.
jbse.jvm.exc.InitializationException: jbse.bc.exc.ClassFileNotFoundException: io/protostuff/runtime/ExcludeFieldTest
	at jbse.algo.Algo_INIT.createInitialState(Algo_INIT.java:56)
	at jbse.algo.Algo_INIT.exec(Algo_INIT.java:33)
	at jbse.jvm.Engine.init(Engine.java:153)
	at jbse.jvm.EngineBuilder.build(EngineBuilder.java:63)
	at jbse.jvm.RunnerBuilder.build(RunnerBuilder.java:48)
	at jbse.apps.run.Run.build(Run.java:715)
	at jbse.apps.run.Run.run(Run.java:591)
	at eu.stamp.project.ex2amplifier.jbse.JBSERunner.runJBSE(JBSERunner.java:82)
	at eu.stamp.project.ex2amplifier.amplifier.JBSEAmplifier.internalApply(JBSEAmplifier.java:44)
	at eu.stamp.project.ex2amplifier.amplifier.Ex2Amplifier.apply(Ex2Amplifier.java:68)
	at fr.inria.diversify.dspot.Amplification.lambda$inputAmplifyTest$7(Amplification.java:245)
	at java.util.stream.ReferencePipeline$7$1.accept(ReferencePipeline.java:267)
	at java.util.ArrayList$ArrayListSpliterator.forEachRemaining(ArrayList.java:1374)
	at java.util.stream.AbstractPipeline.copyInto(AbstractPipeline.java:481)
	at java.util.stream.AbstractPipeline.wrapAndCopyInto(AbstractPipeline.java:471)
	at java.util.stream.ForEachOps$ForEachOp.evaluateSequential(ForEachOps.java:151)
	at java.util.stream.ForEachOps$ForEachOp$OfRef.evaluateSequential(ForEachOps.java:174)
	at java.util.stream.AbstractPipeline.evaluate(AbstractPipeline.java:234)
	at java.util.stream.ReferencePipeline.forEach(ReferencePipeline.java:418)
	at java.util.stream.ReferencePipeline$7$1.accept(ReferencePipeline.java:270)
	at java.util.ArrayList$ArrayListSpliterator.forEachRemaining(ArrayList.java:1374)
	at java.util.stream.AbstractPipeline.copyInto(AbstractPipeline.java:481)
	at java.util.stream.AbstractPipeline.wrapAndCopyInto(AbstractPipeline.java:471)
	at java.util.stream.ReduceOps$ReduceTask.doLeaf(ReduceOps.java:747)
	at java.util.stream.ReduceOps$ReduceTask.doLeaf(ReduceOps.java:721)
	at java.util.stream.AbstractTask.compute(AbstractTask.java:316)
	at java.util.concurrent.CountedCompleter.exec(CountedCompleter.java:731)
	at java.util.concurrent.ForkJoinTask.doExec(ForkJoinTask.java:289)
	at java.util.concurrent.ForkJoinTask.doInvoke(ForkJoinTask.java:401)
	at java.util.concurrent.ForkJoinTask.invoke(ForkJoinTask.java:734)
	at java.util.stream.ReduceOps$ReduceOp.evaluateParallel(ReduceOps.java:714)
	at java.util.stream.AbstractPipeline.evaluate(AbstractPipeline.java:233)
	at java.util.stream.ReferencePipeline.collect(ReferencePipeline.java:499)
	at fr.inria.diversify.dspot.Amplification.inputAmplifyTests(Amplification.java:226)
	at fr.inria.diversify.dspot.Amplification.amplification(Amplification.java:139)
	at fr.inria.diversify.dspot.Amplification.amplification(Amplification.java:103)
	at fr.inria.diversify.dspot.DSpot.amplifyTest(DSpot.java:183)
	at fr.inria.diversify.dspot.DSpot.amplifyTest(DSpot.java:170)
	at eu.stamp.project.Main.lambda$null$1(Main.java:143)
	at java.util.stream.ReferencePipeline$3$1.accept(ReferencePipeline.java:193)
	at java.util.HashMap$KeySpliterator.forEachRemaining(HashMap.java:1548)
	at java.util.stream.AbstractPipeline.copyInto(AbstractPipeline.java:481)
	at java.util.stream.AbstractPipeline.wrapAndCopyInto(AbstractPipeline.java:471)
	at java.util.stream.ReduceOps$ReduceOp.evaluateSequential(ReduceOps.java:708)
	at java.util.stream.AbstractPipeline.evaluate(AbstractPipeline.java:234)
	at java.util.stream.ReferencePipeline.collect(ReferencePipeline.java:499)
	at eu.stamp.project.Main.lambda$run$2(Main.java:144)
	at java.util.stream.ForEachOps$ForEachOp$OfRef.accept(ForEachOps.java:184)
	at java.util.stream.ReferencePipeline$2$1.accept(ReferencePipeline.java:175)
	at java.util.ArrayList$ArrayListSpliterator.forEachRemaining(ArrayList.java:1374)
	at java.util.stream.AbstractPipeline.copyInto(AbstractPipeline.java:481)
	at java.util.stream.AbstractPipeline.wrapAndCopyInto(AbstractPipeline.java:471)
	at java.util.stream.ForEachOps$ForEachOp.evaluateSequential(ForEachOps.java:151)
	at java.util.stream.ForEachOps$ForEachOp$OfRef.evaluateSequential(ForEachOps.java:174)
	at java.util.stream.AbstractPipeline.evaluate(AbstractPipeline.java:234)
	at java.util.stream.ReferencePipeline.forEach(ReferencePipeline.java:418)
	at eu.stamp.project.Main.run(Main.java:117)
	at eu.stamp.project.Main.main(Main.java:88)
Caused by: jbse.bc.exc.ClassFileNotFoundException: io/protostuff/runtime/ExcludeFieldTest
	at jbse.bc.ClassFileJavassist.<init>(ClassFileJavassist.java:39)
	at jbse.bc.ClassFileFactoryJavassist.newClassFileClass(ClassFileFactoryJavassist.java:26)
	at jbse.bc.ClassFileFactory.newClassFile(ClassFileFactory.java:60)
	at jbse.bc.ClassFileStore.getClassFile(ClassFileStore.java:65)
	at jbse.bc.ClassHierarchy.getClassFile(ClassHierarchy.java:87)
	at jbse.mem.State.pushFrameSymbolic(State.java:1095)
	at jbse.algo.Algo_INIT.createInitialState(Algo_INIT.java:49)
	... 57 more
[153055] INFO Amplification - 0 new tests generated
[153055] INFO Amplification - 0 amplified test(s) has been selected, global: 4
[153055] INFO Amplification - amp testEmptyMessage (3/4)
[153060] DEBUG Launcher - printing io.protostuff.runtime.ExcludeFieldTest to /home/bdanglot/workspace/Ex2amplifier-experiments/target/dspot/tmp_test_sources
[153898] INFO Amplification - iteration 0:
[153898] INFO Amplification - 1 tests selected to be amplified over 1 available tests
[153898] INFO Amplification - Amplification of inputs...
100% |================================================== ]/
[153898] INFO Amplification - 0 new tests generated
[153898] INFO Amplification - 0 amplified test(s) has been selected, global: 4
[153898] INFO Amplification - amp testTaggedAndExcludedEntity (4/4)
[153920] DEBUG Launcher - printing io.protostuff.runtime.ExcludeFieldTest to /home/bdanglot/workspace/Ex2amplifier-experiments/target/dspot/tmp_test_sources
[155263] INFO Amplification - iteration 0:
[155263] INFO Amplification - 1 tests selected to be amplified over 1 available tests
[155263] INFO Amplification - Amplification of inputs...
100% |================================================== ]/
[155308] DEBUG Launcher - printing io.protostuff.runtime.ExcludeFieldTest to /home/bdanglot/workspace/Ex2amplifier-experiments/target/dspot/tmp_test_sources
[155483] DEBUG Launcher - building sources: [/home/bdanglot/workspace/Ex2amplifier-experiments/target/dspot/tmp_test_sources/io/protostuff/runtime/ExcludeFieldTest.java]
[155484] DEBUG Launcher - build args: [-encoding, UTF-8, -cp, /home/bdanglot/.m2/repository/junit/junit/4.11/junit-4.11.jar:/home/bdanglot/.m2/repository/org/hamcrest/hamcrest-core/1.3/hamcrest-core-1.3.jar:/home/bdanglot/.m2/repository/org/mockito/mockito-core/1.10.8/mockito-core-1.10.8.jar:/home/bdanglot/.m2/repository/org/objenesis/objenesis/2.1/objenesis-2.1.jar:/home/bdanglot/.m2/repository/io/protostuff/protostuff-core/1.4.3-SNAPSHOT/protostuff-core-1.4.3-SNAPSHOT.jar:/home/bdanglot/.m2/repository/io/protostuff/protostuff-core/1.4.3-SNAPSHOT/protostuff-core-1.4.3-SNAPSHOT-tests.jar:/home/bdanglot/.m2/repository/io/protostuff/protostuff-api/1.4.3-SNAPSHOT/protostuff-api-1.4.3-SNAPSHOT.jar:/home/bdanglot/.m2/repository/io/protostuff/protostuff-collectionschema/1.4.3-SNAPSHOT/protostuff-collectionschema-1.4.3-SNAPSHOT.jar:dataset/may-2018/protostuff/184_modified/protostuff-runtime//target/classes:target/dspot/dependencies/:dataset/may-2018/protostuff/184_modified/protostuff-runtime//target/test-classes:, -1.8, -preserveAllLocals, -noExit, -enableJavadoc, /home/bdanglot/workspace/Ex2amplifier-experiments/target/dspot/tmp_test_sources/io/protostuff/runtime/ExcludeFieldTest.java]
[155643] WARN Launcher - warning: The operator == is undefined for the argument type(s) int, boolean at /home/bdanglot/workspace/Ex2amplifier-experiments/target/dspot/tmp_test_sources/io/protostuff/runtime/ExcludeFieldTest.java:89
[155643] DEBUG Launcher - built in 160 ms
[155643] DEBUG Launcher - building templates: []
[155643] DEBUG Launcher - built in 0 ms
[155644] DEBUG Launcher - model built in 161
[155644] DEBUG Launcher - compiling sources: [/home/bdanglot/workspace/Ex2amplifier-experiments/target/dspot/tmp_test_sources/io/protostuff/runtime/ExcludeFieldTest.java]
[155647] DEBUG Launcher - compile args: [-encoding, UTF-8, -cp, /home/bdanglot/.m2/repository/junit/junit/4.11/junit-4.11.jar:/home/bdanglot/.m2/repository/org/hamcrest/hamcrest-core/1.3/hamcrest-core-1.3.jar:/home/bdanglot/.m2/repository/org/mockito/mockito-core/1.10.8/mockito-core-1.10.8.jar:/home/bdanglot/.m2/repository/org/objenesis/objenesis/2.1/objenesis-2.1.jar:/home/bdanglot/.m2/repository/io/protostuff/protostuff-core/1.4.3-SNAPSHOT/protostuff-core-1.4.3-SNAPSHOT.jar:/home/bdanglot/.m2/repository/io/protostuff/protostuff-core/1.4.3-SNAPSHOT/protostuff-core-1.4.3-SNAPSHOT-tests.jar:/home/bdanglot/.m2/repository/io/protostuff/protostuff-api/1.4.3-SNAPSHOT/protostuff-api-1.4.3-SNAPSHOT.jar:/home/bdanglot/.m2/repository/io/protostuff/protostuff-collectionschema/1.4.3-SNAPSHOT/protostuff-collectionschema-1.4.3-SNAPSHOT.jar:dataset/may-2018/protostuff/184_modified/protostuff-runtime//target/classes:target/dspot/dependencies/:dataset/may-2018/protostuff/184_modified/protostuff-runtime//target/test-classes:, -d, /home/bdanglot/workspace/Ex2amplifier-experiments/dataset/may-2018/protostuff/184_modified/protostuff-runtime/target/test-classes, -1.8, -proc:none, -preserveAllLocals, -noExit, -enableJavadoc, /home/bdanglot/workspace/Ex2amplifier-experiments/target/dspot/tmp_test_sources/io/protostuff/runtime/ExcludeFieldTest.java]
[155863] WARN Launcher - warning: The operator == is undefined for the argument type(s) int, boolean at /home/bdanglot/workspace/Ex2amplifier-experiments/ExcludeFieldTest.java:83
[155863] DEBUG Launcher - compiled in 219 ms
This is the Java Bytecode Symbolic Executor's Run Tool (JBSE v.0.8.0-SNAPSHOT).
Connecting to Z3 at lib/z3/build/bin/z3.
Failed initialization of the symbolic execution.
jbse.jvm.exc.InitializationException: jbse.bc.exc.ClassFileNotFoundException: io/protostuff/runtime/ExcludeFieldTest
	at jbse.algo.Algo_INIT.createInitialState(Algo_INIT.java:56)
	at jbse.algo.Algo_INIT.exec(Algo_INIT.java:33)
	at jbse.jvm.Engine.init(Engine.java:153)
	at jbse.jvm.EngineBuilder.build(EngineBuilder.java:63)
	at jbse.jvm.RunnerBuilder.build(RunnerBuilder.java:48)
	at jbse.apps.run.Run.build(Run.java:715)
	at jbse.apps.run.Run.run(Run.java:591)
	at eu.stamp.project.ex2amplifier.jbse.JBSERunner.runJBSE(JBSERunner.java:82)
	at eu.stamp.project.ex2amplifier.amplifier.JBSEAmplifier.internalApply(JBSEAmplifier.java:44)
	at eu.stamp.project.ex2amplifier.amplifier.Ex2Amplifier.apply(Ex2Amplifier.java:68)
	at fr.inria.diversify.dspot.Amplification.lambda$inputAmplifyTest$7(Amplification.java:245)
	at java.util.stream.ReferencePipeline$7$1.accept(ReferencePipeline.java:267)
	at java.util.ArrayList$ArrayListSpliterator.forEachRemaining(ArrayList.java:1374)
	at java.util.stream.AbstractPipeline.copyInto(AbstractPipeline.java:481)
	at java.util.stream.AbstractPipeline.wrapAndCopyInto(AbstractPipeline.java:471)
	at java.util.stream.ForEachOps$ForEachOp.evaluateSequential(ForEachOps.java:151)
	at java.util.stream.ForEachOps$ForEachOp$OfRef.evaluateSequential(ForEachOps.java:174)
	at java.util.stream.AbstractPipeline.evaluate(AbstractPipeline.java:234)
	at java.util.stream.ReferencePipeline.forEach(ReferencePipeline.java:418)
	at java.util.stream.ReferencePipeline$7$1.accept(ReferencePipeline.java:270)
	at java.util.ArrayList$ArrayListSpliterator.forEachRemaining(ArrayList.java:1374)
	at java.util.stream.AbstractPipeline.copyInto(AbstractPipeline.java:481)
	at java.util.stream.AbstractPipeline.wrapAndCopyInto(AbstractPipeline.java:471)
	at java.util.stream.ReduceOps$ReduceTask.doLeaf(ReduceOps.java:747)
	at java.util.stream.ReduceOps$ReduceTask.doLeaf(ReduceOps.java:721)
	at java.util.stream.AbstractTask.compute(AbstractTask.java:316)
	at java.util.concurrent.CountedCompleter.exec(CountedCompleter.java:731)
	at java.util.concurrent.ForkJoinTask.doExec(ForkJoinTask.java:289)
	at java.util.concurrent.ForkJoinTask.doInvoke(ForkJoinTask.java:401)
	at java.util.concurrent.ForkJoinTask.invoke(ForkJoinTask.java:734)
	at java.util.stream.ReduceOps$ReduceOp.evaluateParallel(ReduceOps.java:714)
	at java.util.stream.AbstractPipeline.evaluate(AbstractPipeline.java:233)
	at java.util.stream.ReferencePipeline.collect(ReferencePipeline.java:499)
	at fr.inria.diversify.dspot.Amplification.inputAmplifyTests(Amplification.java:226)
	at fr.inria.diversify.dspot.Amplification.amplification(Amplification.java:139)
	at fr.inria.diversify.dspot.Amplification.amplification(Amplification.java:103)
	at fr.inria.diversify.dspot.DSpot.amplifyTest(DSpot.java:183)
	at fr.inria.diversify.dspot.DSpot.amplifyTest(DSpot.java:170)
	at eu.stamp.project.Main.lambda$null$1(Main.java:143)
	at java.util.stream.ReferencePipeline$3$1.accept(ReferencePipeline.java:193)
	at java.util.HashMap$KeySpliterator.forEachRemaining(HashMap.java:1548)
	at java.util.stream.AbstractPipeline.copyInto(AbstractPipeline.java:481)
	at java.util.stream.AbstractPipeline.wrapAndCopyInto(AbstractPipeline.java:471)
	at java.util.stream.ReduceOps$ReduceOp.evaluateSequential(ReduceOps.java:708)
	at java.util.stream.AbstractPipeline.evaluate(AbstractPipeline.java:234)
	at java.util.stream.ReferencePipeline.collect(ReferencePipeline.java:499)
	at eu.stamp.project.Main.lambda$run$2(Main.java:144)
	at java.util.stream.ForEachOps$ForEachOp$OfRef.accept(ForEachOps.java:184)
	at java.util.stream.ReferencePipeline$2$1.accept(ReferencePipeline.java:175)
	at java.util.ArrayList$ArrayListSpliterator.forEachRemaining(ArrayList.java:1374)
	at java.util.stream.AbstractPipeline.copyInto(AbstractPipeline.java:481)
	at java.util.stream.AbstractPipeline.wrapAndCopyInto(AbstractPipeline.java:471)
	at java.util.stream.ForEachOps$ForEachOp.evaluateSequential(ForEachOps.java:151)
	at java.util.stream.ForEachOps$ForEachOp$OfRef.evaluateSequential(ForEachOps.java:174)
	at java.util.stream.AbstractPipeline.evaluate(AbstractPipeline.java:234)
	at java.util.stream.ReferencePipeline.forEach(ReferencePipeline.java:418)
	at eu.stamp.project.Main.run(Main.java:117)
	at eu.stamp.project.Main.main(Main.java:88)
Caused by: jbse.bc.exc.ClassFileNotFoundException: io/protostuff/runtime/ExcludeFieldTest
	at jbse.bc.ClassFileJavassist.<init>(ClassFileJavassist.java:39)
	at jbse.bc.ClassFileFactoryJavassist.newClassFileClass(ClassFileFactoryJavassist.java:26)
	at jbse.bc.ClassFileFactory.newClassFile(ClassFileFactory.java:60)
	at jbse.bc.ClassFileStore.getClassFile(ClassFileStore.java:65)
	at jbse.bc.ClassHierarchy.getClassFile(ClassHierarchy.java:87)
	at jbse.mem.State.pushFrameSymbolic(State.java:1095)
	at jbse.algo.Algo_INIT.createInitialState(Algo_INIT.java:49)
	... 57 more
[155881] INFO Amplification - 0 new tests generated
[155881] INFO Amplification - 0 amplified test(s) has been selected, global: 4
[155881] INFO DSpot - elapsedTime 16267
======= REPORT =======
4 amplified test fails on the new versions.
testMuchExcludedEntity(io.protostuff.runtime.ExcludeFieldTest): expected:<905636395> but was:<665573954>
testIt(io.protostuff.runtime.ExcludeFieldTest): expected:<1957839178> but was:<518544791>
testEmptyMessage(io.protostuff.runtime.ExcludeFieldTest): All fields were excluded for io.protostuff.runtime.ExcludeFieldTest$Empty on group 0
testTaggedAndExcludedEntity(io.protostuff.runtime.ExcludeFieldTest): expected:<-967170590> but was:<-1488793577>

[155907] INFO DSpot - Print AmplExcludeFieldTest with 4Â amplified test cases in results/may-2018/protostuff/184_modified/JBSE
[155908] DEBUG Launcher - printing io.protostuff.runtime.AmplExcludeFieldTest to /home/bdanglot/workspace/Ex2amplifier-experiments/results/may-2018/protostuff/184_modified/JBSE
