SLF4J: Class path contains multiple SLF4J bindings.
SLF4J: Found binding in [jar:file:/home/spirals/danglot/.m2/repository/eu/stamp-project/test-runner/1.0.5/test-runner-1.0.5-jar-with-dependencies.jar!/org/slf4j/impl/StaticLoggerBinder.class]
SLF4J: Found binding in [jar:file:/home/spirals/danglot/.m2/repository/org/slf4j/slf4j-log4j12/1.7.25/slf4j-log4j12-1.7.25.jar!/org/slf4j/impl/StaticLoggerBinder.class]
SLF4J: See http://www.slf4j.org/codes.html#multiple_bindings for an explanation.
SLF4J: Actual binding is of type [org.slf4j.impl.Log4jLoggerFactory]
[0] WARN AutomaticBuilderFactory - No automatic builder specified in configuration, going to default.
[1] INFO AutomaticBuilderFactory - Default: provided Maven automatic builder.
[10] INFO MavenAutomaticBuilder - run maven clean test -DskipTests dependency:build-classpath -Dmdep.outputFile=target/dspot/classpath
[WARN] Maven will be executed in interactive mode, but no input stream has been configured for this MavenInvoker instance.
[INFO] Scanning for projects...
[INFO]                                                                         
[INFO] ------------------------------------------------------------------------
[INFO] Building protostuff :: runtime 1.4.3-SNAPSHOT
[INFO] ------------------------------------------------------------------------
[INFO] 
[INFO] --- maven-clean-plugin:2.5:clean (default-clean) @ protostuff-runtime ---
[INFO] Deleting /tmp/Ex2Amplifier-experiments/dataset/may-2018/protostuff/184/protostuff-runtime/target
[INFO] 
[INFO] --- maven-enforcer-plugin:1.3.1:enforce (enforce-versions) @ protostuff-runtime ---
[INFO] Skipping Rule Enforcement.
[INFO] 
[INFO] --- maven-resources-plugin:2.6:resources (default-resources) @ protostuff-runtime ---
[INFO] Using 'UTF-8' encoding to copy filtered resources.
[INFO] skip non existing resourceDirectory /tmp/Ex2Amplifier-experiments/dataset/may-2018/protostuff/184/protostuff-runtime/src/main/resources
[INFO] 
[INFO] --- maven-compiler-plugin:3.1:compile (default-compile) @ protostuff-runtime ---
[INFO] Changes detected - recompiling the module!
[INFO] Compiling 40 source files to /tmp/Ex2Amplifier-experiments/dataset/may-2018/protostuff/184/protostuff-runtime/target/classes
[WARNING] /tmp/Ex2Amplifier-experiments/dataset/may-2018/protostuff/184/protostuff-runtime/src/main/java/io/protostuff/runtime/RuntimeUnsafeFieldFactory.java:[60,34] sun.misc.Unsafe is internal proprietary API and may be removed in a future release
[WARNING] /tmp/Ex2Amplifier-experiments/dataset/may-2018/protostuff/184/protostuff-runtime/src/main/java/io/protostuff/runtime/RuntimeUnsafeFieldFactory.java:[62,28] sun.misc.Unsafe is internal proprietary API and may be removed in a future release
[WARNING] /tmp/Ex2Amplifier-experiments/dataset/may-2018/protostuff/184/protostuff-runtime/src/main/java/io/protostuff/runtime/RuntimeUnsafeFieldFactory.java:[66,49] sun.misc.Unsafe is internal proprietary API and may be removed in a future release
[WARNING] /tmp/Ex2Amplifier-experiments/dataset/may-2018/protostuff/184/protostuff-runtime/src/main/java/io/protostuff/runtime/RuntimeUnsafeFieldFactory.java:[71,29] sun.misc.Unsafe is internal proprietary API and may be removed in a future release
[WARNING] /tmp/Ex2Amplifier-experiments/dataset/may-2018/protostuff/184/protostuff-runtime/src/main/java/io/protostuff/runtime/RuntimeUnsafeFieldFactory.java:[86,24] sun.misc.Unsafe is internal proprietary API and may be removed in a future release
[WARNING] /tmp/Ex2Amplifier-experiments/dataset/may-2018/protostuff/184/protostuff-runtime/src/main/java/io/protostuff/runtime/OnDemandSunReflectionFactory.java:[40,44] sun.reflect.ReflectionFactory is internal proprietary API and may be removed in a future release
[INFO] 
[INFO] --- maven-resources-plugin:2.6:testResources (default-testResources) @ protostuff-runtime ---
[INFO] Using 'UTF-8' encoding to copy filtered resources.
[INFO] skip non existing resourceDirectory /tmp/Ex2Amplifier-experiments/dataset/may-2018/protostuff/184/protostuff-runtime/src/test/resources
[INFO] 
[INFO] --- maven-compiler-plugin:3.1:testCompile (default-testCompile) @ protostuff-runtime ---
[INFO] Changes detected - recompiling the module!
[INFO] Compiling 44 source files to /tmp/Ex2Amplifier-experiments/dataset/may-2018/protostuff/184/protostuff-runtime/target/test-classes
[WARNING] /tmp/Ex2Amplifier-experiments/dataset/may-2018/protostuff/184/protostuff-runtime/src/test/java/io/protostuff/runtime/SerializableObjects.java: Some input files use or override a deprecated API.
[WARNING] /tmp/Ex2Amplifier-experiments/dataset/may-2018/protostuff/184/protostuff-runtime/src/test/java/io/protostuff/runtime/SerializableObjects.java: Recompile with -Xlint:deprecation for details.
[WARNING] /tmp/Ex2Amplifier-experiments/dataset/may-2018/protostuff/184/protostuff-runtime/src/test/java/io/protostuff/runtime/ObjectSchemaTest.java: Some input files use unchecked or unsafe operations.
[WARNING] /tmp/Ex2Amplifier-experiments/dataset/may-2018/protostuff/184/protostuff-runtime/src/test/java/io/protostuff/runtime/ObjectSchemaTest.java: Recompile with -Xlint:unchecked for details.
[INFO] 
[INFO] --- maven-surefire-plugin:2.18.1:test (default-test) @ protostuff-runtime ---
[INFO] Tests are skipped.
[INFO] 
[INFO] --- maven-dependency-plugin:2.8:build-classpath (default-cli) @ protostuff-runtime ---
[INFO] Wrote classpath file '/tmp/Ex2Amplifier-experiments/dataset/may-2018/protostuff/184/protostuff-runtime/target/dspot/classpath'.
[INFO] ------------------------------------------------------------------------
[INFO] BUILD SUCCESS
[INFO] ------------------------------------------------------------------------
[INFO] Total time: 6.285 s
[INFO] Finished at: 2018-05-16T17:41:07+02:00
[INFO] Final Memory: 26M/315M
[INFO] ------------------------------------------------------------------------
[13215] WARN AutomaticBuilderFactory - No automatic builder specified in configuration, going to default.
[13215] INFO AutomaticBuilderFactory - Default: provided Maven automatic builder.
[13216] INFO MavenAutomaticBuilder - run maven clean test -DskipTests dependency:build-classpath -Dmdep.outputFile=target/dspot/classpath
[WARN] Maven will be executed in interactive mode, but no input stream has been configured for this MavenInvoker instance.
[INFO] Scanning for projects...
[INFO]                                                                         
[INFO] ------------------------------------------------------------------------
[INFO] Building protostuff :: runtime 1.4.3-SNAPSHOT
[INFO] ------------------------------------------------------------------------
[INFO] 
[INFO] --- maven-clean-plugin:2.5:clean (default-clean) @ protostuff-runtime ---
[INFO] Deleting /tmp/Ex2Amplifier-experiments/dataset/may-2018/protostuff/184_modified/protostuff-runtime/target
[INFO] 
[INFO] --- maven-enforcer-plugin:1.3.1:enforce (enforce-versions) @ protostuff-runtime ---
[INFO] Skipping Rule Enforcement.
[INFO] 
[INFO] --- maven-resources-plugin:2.6:resources (default-resources) @ protostuff-runtime ---
[INFO] Using 'UTF-8' encoding to copy filtered resources.
[INFO] skip non existing resourceDirectory /tmp/Ex2Amplifier-experiments/dataset/may-2018/protostuff/184_modified/protostuff-runtime/src/main/resources
[INFO] 
[INFO] --- maven-compiler-plugin:3.1:compile (default-compile) @ protostuff-runtime ---
[INFO] Changes detected - recompiling the module!
[INFO] Compiling 40 source files to /tmp/Ex2Amplifier-experiments/dataset/may-2018/protostuff/184_modified/protostuff-runtime/target/classes
[WARNING] /tmp/Ex2Amplifier-experiments/dataset/may-2018/protostuff/184_modified/protostuff-runtime/src/main/java/io/protostuff/runtime/RuntimeUnsafeFieldFactory.java:[60,34] sun.misc.Unsafe is internal proprietary API and may be removed in a future release
[WARNING] /tmp/Ex2Amplifier-experiments/dataset/may-2018/protostuff/184_modified/protostuff-runtime/src/main/java/io/protostuff/runtime/RuntimeUnsafeFieldFactory.java:[62,28] sun.misc.Unsafe is internal proprietary API and may be removed in a future release
[WARNING] /tmp/Ex2Amplifier-experiments/dataset/may-2018/protostuff/184_modified/protostuff-runtime/src/main/java/io/protostuff/runtime/RuntimeUnsafeFieldFactory.java:[66,49] sun.misc.Unsafe is internal proprietary API and may be removed in a future release
[WARNING] /tmp/Ex2Amplifier-experiments/dataset/may-2018/protostuff/184_modified/protostuff-runtime/src/main/java/io/protostuff/runtime/RuntimeUnsafeFieldFactory.java:[71,29] sun.misc.Unsafe is internal proprietary API and may be removed in a future release
[WARNING] /tmp/Ex2Amplifier-experiments/dataset/may-2018/protostuff/184_modified/protostuff-runtime/src/main/java/io/protostuff/runtime/RuntimeUnsafeFieldFactory.java:[86,24] sun.misc.Unsafe is internal proprietary API and may be removed in a future release
[WARNING] /tmp/Ex2Amplifier-experiments/dataset/may-2018/protostuff/184_modified/protostuff-runtime/src/main/java/io/protostuff/runtime/OnDemandSunReflectionFactory.java:[40,44] sun.reflect.ReflectionFactory is internal proprietary API and may be removed in a future release
[INFO] 
[INFO] --- maven-resources-plugin:2.6:testResources (default-testResources) @ protostuff-runtime ---
[INFO] Using 'UTF-8' encoding to copy filtered resources.
[INFO] skip non existing resourceDirectory /tmp/Ex2Amplifier-experiments/dataset/may-2018/protostuff/184_modified/protostuff-runtime/src/test/resources
[INFO] 
[INFO] --- maven-compiler-plugin:3.1:testCompile (default-testCompile) @ protostuff-runtime ---
[INFO] Changes detected - recompiling the module!
[INFO] Compiling 44 source files to /tmp/Ex2Amplifier-experiments/dataset/may-2018/protostuff/184_modified/protostuff-runtime/target/test-classes
[WARNING] /tmp/Ex2Amplifier-experiments/dataset/may-2018/protostuff/184_modified/protostuff-runtime/src/test/java/io/protostuff/runtime/CollectionTest.java: Some input files use or override a deprecated API.
[WARNING] /tmp/Ex2Amplifier-experiments/dataset/may-2018/protostuff/184_modified/protostuff-runtime/src/test/java/io/protostuff/runtime/CollectionTest.java: Recompile with -Xlint:deprecation for details.
[WARNING] /tmp/Ex2Amplifier-experiments/dataset/may-2018/protostuff/184_modified/protostuff-runtime/src/test/java/io/protostuff/runtime/AbstractRuntimeObjectSchemaTest.java: Some input files use unchecked or unsafe operations.
[WARNING] /tmp/Ex2Amplifier-experiments/dataset/may-2018/protostuff/184_modified/protostuff-runtime/src/test/java/io/protostuff/runtime/AbstractRuntimeObjectSchemaTest.java: Recompile with -Xlint:unchecked for details.
[INFO] 
[INFO] --- maven-surefire-plugin:2.18.1:test (default-test) @ protostuff-runtime ---
[INFO] Tests are skipped.
[INFO] 
[INFO] --- maven-dependency-plugin:2.8:build-classpath (default-cli) @ protostuff-runtime ---
[INFO] Wrote classpath file '/tmp/Ex2Amplifier-experiments/dataset/may-2018/protostuff/184_modified/protostuff-runtime/target/dspot/classpath'.
[INFO] ------------------------------------------------------------------------
[INFO] BUILD SUCCESS
[INFO] ------------------------------------------------------------------------
[INFO] Total time: 6.346 s
[INFO] Finished at: 2018-05-16T17:41:20+02:00
[INFO] Final Memory: 26M/307M
[INFO] ------------------------------------------------------------------------
[21103] INFO SelectorOnDiff - Selecting according to a diff between dataset/may-2018/protostuff/184/protostuff-runtime and dataset/may-2018/protostuff/184_modified/protostuff-runtime (09422597e78e63b9f8eb18eb51429c634ba53346)
[21109] INFO SelectorOnDiff - Modified files:
a/protostuff-runtime/src/main/java/io/protostuff/runtime/IdStrategy.java
a/protostuff-runtime/src/test/java/io/protostuff/runtime/ExcludeFieldTest.java
[99929] INFO Amplification - amplification of io.protostuff.runtime.ExcludeFieldTest (3 test(s))
[100566] INFO Amplification - Try to add assertions before amplification
[100610] INFO AssertGenerator - Run tests. (3)
[101115] INFO AssertGenerator - 3 test pass, generating assertion...
[101118] INFO MethodsAssertGenerator - Add observations points in passing tests.
[101118] INFO MethodsAssertGenerator - Instrumentation...
 33% |================ ]/ 66% |================================= ]-100% |================================================== ]\
[101154] INFO MethodsAssertGenerator - Run instrumented tests. (9)
[101880] INFO MethodsAssertGenerator - Generating assertions...
[101896] INFO AssertGenerator - 3 new tests with assertions generated
[102480] DEBUG Launcher - building sources: [/tmp/Ex2Amplifier-experiments/target/dspot/tmp_test_sources/io/protostuff/runtime/ExcludeFieldTest.java]
[102480] DEBUG Launcher - build args: [-encoding, UTF-8, -cp, /home/spirals/danglot/.m2/repository/junit/junit/4.11/junit-4.11.jar:/home/spirals/danglot/.m2/repository/org/hamcrest/hamcrest-core/1.3/hamcrest-core-1.3.jar:/home/spirals/danglot/.m2/repository/org/mockito/mockito-core/1.10.8/mockito-core-1.10.8.jar:/home/spirals/danglot/.m2/repository/org/objenesis/objenesis/2.1/objenesis-2.1.jar:/home/spirals/danglot/.m2/repository/io/protostuff/protostuff-core/1.4.3-SNAPSHOT/protostuff-core-1.4.3-SNAPSHOT.jar:/home/spirals/danglot/.m2/repository/io/protostuff/protostuff-core/1.4.3-SNAPSHOT/protostuff-core-1.4.3-SNAPSHOT-tests.jar:/home/spirals/danglot/.m2/repository/io/protostuff/protostuff-api/1.4.3-SNAPSHOT/protostuff-api-1.4.3-SNAPSHOT.jar:/home/spirals/danglot/.m2/repository/io/protostuff/protostuff-collectionschema/1.4.3-SNAPSHOT/protostuff-collectionschema-1.4.3-SNAPSHOT.jar:target/dspot/dependencies/:dataset/may-2018/protostuff/184/protostuff-runtime//target/classes:dataset/may-2018/protostuff/184/protostuff-runtime//target/test-classes:, -1.8, -preserveAllLocals, -noExit, -enableJavadoc, /tmp/Ex2Amplifier-experiments/target/dspot/tmp_test_sources/io/protostuff/runtime/ExcludeFieldTest.java]
[102532] DEBUG Launcher - built in 52 ms
[102532] DEBUG Launcher - building templates: []
[102532] DEBUG Launcher - built in 0 ms
[102533] DEBUG Launcher - model built in 53
[102534] DEBUG Launcher - compiling sources: [/tmp/Ex2Amplifier-experiments/target/dspot/tmp_test_sources/io/protostuff/runtime/ExcludeFieldTest.java]
[102537] DEBUG Launcher - compile args: [-encoding, UTF-8, -cp, /home/spirals/danglot/.m2/repository/junit/junit/4.11/junit-4.11.jar:/home/spirals/danglot/.m2/repository/org/hamcrest/hamcrest-core/1.3/hamcrest-core-1.3.jar:/home/spirals/danglot/.m2/repository/org/mockito/mockito-core/1.10.8/mockito-core-1.10.8.jar:/home/spirals/danglot/.m2/repository/org/objenesis/objenesis/2.1/objenesis-2.1.jar:/home/spirals/danglot/.m2/repository/io/protostuff/protostuff-core/1.4.3-SNAPSHOT/protostuff-core-1.4.3-SNAPSHOT.jar:/home/spirals/danglot/.m2/repository/io/protostuff/protostuff-core/1.4.3-SNAPSHOT/protostuff-core-1.4.3-SNAPSHOT-tests.jar:/home/spirals/danglot/.m2/repository/io/protostuff/protostuff-api/1.4.3-SNAPSHOT/protostuff-api-1.4.3-SNAPSHOT.jar:/home/spirals/danglot/.m2/repository/io/protostuff/protostuff-collectionschema/1.4.3-SNAPSHOT/protostuff-collectionschema-1.4.3-SNAPSHOT.jar:target/dspot/dependencies/:dataset/may-2018/protostuff/184/protostuff-runtime//target/classes:dataset/may-2018/protostuff/184/protostuff-runtime//target/test-classes:, -d, /tmp/Ex2Amplifier-experiments/dataset/may-2018/protostuff/184_modified/protostuff-runtime/target/test-classes, -1.8, -proc:none, -preserveAllLocals, -noExit, -enableJavadoc, /tmp/Ex2Amplifier-experiments/target/dspot/tmp_test_sources/io/protostuff/runtime/ExcludeFieldTest.java]
[102627] DEBUG Launcher - compiled in 93 ms
[103083] INFO Amplification - 3 amplified test(s) has been selected, global: 3
[103086] INFO Amplification - amp testMuchExcludedEntity (1/3)
[103093] DEBUG Launcher - printing io.protostuff.runtime.ExcludeFieldTest to /tmp/Ex2Amplifier-experiments/target/dspot/tmp_test_sources
[103548] INFO Amplification - iteration 0:
[103548] INFO Amplification - 1 tests selected to be amplified over 1 available tests
[103548] INFO Amplification - Amplification of inputs...
100% |================================================== ]/
[104658] INFO Amplification - 98 new tests generated
[105006] INFO AssertGenerator - Run tests. (98)
[105043] DEBUG Launcher - printing io.protostuff.runtime.ExcludeFieldTest to /tmp/Ex2Amplifier-experiments/target/dspot/tmp_test_sources
[105301] WARN TestCompiler - 6 errors during compilation, discarding involved test methods
[105589] ERROR TestCompiler - Pb(55) Duplicate local variable boolean_68
[105589] ERROR TestCompiler - Pb(55) Duplicate local variable boolean_88
[105589] ERROR TestCompiler - Pb(55) Duplicate local variable boolean_160
[105589] ERROR TestCompiler - Pb(55) Duplicate local variable boolean_169
[105589] ERROR TestCompiler - Pb(55) Duplicate local variable boolean_237
[105589] ERROR TestCompiler - Pb(55) Duplicate local variable boolean_248
[106481] INFO AssertGenerator - 91 test pass, generating assertion...
[106510] INFO MethodsAssertGenerator - Add observations points in passing tests.
[106510] INFO MethodsAssertGenerator - Instrumentation...
  1% | ]/  2% |= ]-  3% |= ]\  4% |== ]|  5% |== ]/  6% |=== ]-  7% |=== ]\  8% |==== ]|  9% |==== ]/ 10% |===== ]- 12% |====== ]\ 13% |====== ]| 14% |======= ]/ 15% |======= ]- 16% |======== ]\ 17% |======== ]| 18% |========= ]/ 19% |========= ]- 20% |========== ]\ 21% |========== ]| 23% |=========== ]/ 24% |============ ]- 25% |============ ]\ 26% |============= ]| 27% |============= ]/ 28% |============== ]- 29% |============== ]\ 30% |=============== ]| 31% |=============== ]/ 32% |================ ]- 34% |================= ]\ 35% |================= ]| 36% |================== ]/ 37% |================== ]- 38% |=================== ]\ 39% |=================== ]| 40% |==================== ]/ 41% |==================== ]- 42% |===================== ]\ 43% |===================== ]| 45% |====================== ]/ 46% |======================= ]- 47% |======================= ]\ 48% |======================== ]| 49% |======================== ]/ 50% |========================= ]- 51% |========================= ]\ 52% |========================== ]| 53% |========================== ]/ 54% |=========================== ]- 56% |============================ ]\ 57% |============================ ]| 58% |============================= ]/ 59% |============================= ]- 60% |============================== ]\ 61% |============================== ]| 62% |=============================== ]/ 63% |=============================== ]- 64% |================================ ]\ 65% |================================ ]| 67% |================================= ]/ 68% |================================== ]- 69% |================================== ]\ 70% |=================================== ]| 71% |=================================== ]/ 72% |==================================== ]- 73% |==================================== ]\ 74% |===================================== ]| 75% |===================================== ]/ 76% |====================================== ]- 78% |======================================= ]\ 79% |======================================= ]| 80% |======================================== ]/ 81% |======================================== ]- 82% |========================================= ]\ 83% |========================================= ]| 84% |========================================== ]/ 85% |========================================== ]- 86% |=========================================== ]\ 87% |=========================================== ]| 89% |============================================ ]/ 90% |============================================= ]- 91% |============================================= ]\ 92% |============================================== ]| 93% |============================================== ]/ 94% |=============================================== ]- 95% |=============================================== ]\ 96% |================================================ ]| 97% |================================================ ]/ 98% |================================================= ]-100% |================================================== ]\
[107077] INFO MethodsAssertGenerator - Run instrumented tests. (273)
[108240] WARN TestCompiler - 9 errors during compilation, discarding involved test methods
[109467] ERROR TestCompiler - Pb(2) T cannot be resolved to a type
[109467] ERROR TestCompiler - Pb(2) T cannot be resolved to a type
[109467] ERROR TestCompiler - Pb(2) T cannot be resolved to a type
[109467] ERROR TestCompiler - Pb(2) T cannot be resolved to a type
[109467] ERROR TestCompiler - Pb(2) T cannot be resolved to a type
[109467] ERROR TestCompiler - Pb(2) T cannot be resolved to a type
[109467] ERROR TestCompiler - Pb(2) T cannot be resolved to a type
[109467] ERROR TestCompiler - Pb(2) T cannot be resolved to a type
[109467] ERROR TestCompiler - Pb(2) T cannot be resolved to a type
[113024] INFO MethodsAssertGenerator - Generating assertions...
[113123] INFO AssertGenerator - 1 test fail, generating try/catch/fail blocks...
[113131] INFO AssertGenerator - 89 new tests with assertions generated
[114083] WARN Amplification - Discarding failing test cases
[114084] INFO Amplification - 1 test method(s) has been successfully generated
[114128] DEBUG Launcher - building sources: [/tmp/Ex2Amplifier-experiments/target/dspot/tmp_test_sources/io/protostuff/runtime/ExcludeFieldTest.java]
[114128] DEBUG Launcher - build args: [-encoding, UTF-8, -cp, /home/spirals/danglot/.m2/repository/junit/junit/4.11/junit-4.11.jar:/home/spirals/danglot/.m2/repository/org/hamcrest/hamcrest-core/1.3/hamcrest-core-1.3.jar:/home/spirals/danglot/.m2/repository/org/mockito/mockito-core/1.10.8/mockito-core-1.10.8.jar:/home/spirals/danglot/.m2/repository/org/objenesis/objenesis/2.1/objenesis-2.1.jar:/home/spirals/danglot/.m2/repository/io/protostuff/protostuff-core/1.4.3-SNAPSHOT/protostuff-core-1.4.3-SNAPSHOT.jar:/home/spirals/danglot/.m2/repository/io/protostuff/protostuff-core/1.4.3-SNAPSHOT/protostuff-core-1.4.3-SNAPSHOT-tests.jar:/home/spirals/danglot/.m2/repository/io/protostuff/protostuff-api/1.4.3-SNAPSHOT/protostuff-api-1.4.3-SNAPSHOT.jar:/home/spirals/danglot/.m2/repository/io/protostuff/protostuff-collectionschema/1.4.3-SNAPSHOT/protostuff-collectionschema-1.4.3-SNAPSHOT.jar:target/dspot/dependencies/:dataset/may-2018/protostuff/184/protostuff-runtime//target/classes:dataset/may-2018/protostuff/184/protostuff-runtime//target/test-classes:, -1.8, -preserveAllLocals, -noExit, -enableJavadoc, /tmp/Ex2Amplifier-experiments/target/dspot/tmp_test_sources/io/protostuff/runtime/ExcludeFieldTest.java]
[114168] DEBUG Launcher - built in 40 ms
[114168] DEBUG Launcher - building templates: []
[114168] DEBUG Launcher - built in 0 ms
[114168] DEBUG Launcher - model built in 40
[114168] DEBUG Launcher - compiling sources: [/tmp/Ex2Amplifier-experiments/target/dspot/tmp_test_sources/io/protostuff/runtime/ExcludeFieldTest.java]
[114169] DEBUG Launcher - compile args: [-encoding, UTF-8, -cp, /home/spirals/danglot/.m2/repository/junit/junit/4.11/junit-4.11.jar:/home/spirals/danglot/.m2/repository/org/hamcrest/hamcrest-core/1.3/hamcrest-core-1.3.jar:/home/spirals/danglot/.m2/repository/org/mockito/mockito-core/1.10.8/mockito-core-1.10.8.jar:/home/spirals/danglot/.m2/repository/org/objenesis/objenesis/2.1/objenesis-2.1.jar:/home/spirals/danglot/.m2/repository/io/protostuff/protostuff-core/1.4.3-SNAPSHOT/protostuff-core-1.4.3-SNAPSHOT.jar:/home/spirals/danglot/.m2/repository/io/protostuff/protostuff-core/1.4.3-SNAPSHOT/protostuff-core-1.4.3-SNAPSHOT-tests.jar:/home/spirals/danglot/.m2/repository/io/protostuff/protostuff-api/1.4.3-SNAPSHOT/protostuff-api-1.4.3-SNAPSHOT.jar:/home/spirals/danglot/.m2/repository/io/protostuff/protostuff-collectionschema/1.4.3-SNAPSHOT/protostuff-collectionschema-1.4.3-SNAPSHOT.jar:target/dspot/dependencies/:dataset/may-2018/protostuff/184/protostuff-runtime//target/classes:dataset/may-2018/protostuff/184/protostuff-runtime//target/test-classes:, -d, /tmp/Ex2Amplifier-experiments/dataset/may-2018/protostuff/184_modified/protostuff-runtime/target/test-classes, -1.8, -proc:none, -preserveAllLocals, -noExit, -enableJavadoc, /tmp/Ex2Amplifier-experiments/target/dspot/tmp_test_sources/io/protostuff/runtime/ExcludeFieldTest.java]
[114210] DEBUG Launcher - compiled in 42 ms
[114601] INFO Amplification - iteration 1:
[114601] INFO Amplification - 1 tests selected to be amplified over 1 available tests
[114601] INFO Amplification - Amplification of inputs...
100% |================================================== ]/
[115329] WARN TypeUtils - Error during check isString on io.protostuff.runtime.Field<io.protostuff.runtime.ExcludeFieldTest.MuchExcludedEntity>
[115330] WARN TypeUtils - Error during check isString on io.protostuff.runtime.Field<io.protostuff.runtime.ExcludeFieldTest.MuchExcludedEntity>
[115330] WARN TypeUtils - Error during check isString on io.protostuff.runtime.Field<io.protostuff.runtime.ExcludeFieldTest.MuchExcludedEntity>
[115331] WARN TypeUtils - Error during check isString on io.protostuff.runtime.Field<T>
[115539] INFO Amplification - 95 new tests generated
[115680] INFO AssertGenerator - Run tests. (95)
[115715] DEBUG Launcher - printing io.protostuff.runtime.ExcludeFieldTest to /tmp/Ex2Amplifier-experiments/target/dspot/tmp_test_sources
[116504] INFO AssertGenerator - 93 test pass, generating assertion...
[116537] INFO MethodsAssertGenerator - Add observations points in passing tests.
[116537] INFO MethodsAssertGenerator - Instrumentation...
  1% | ]/  2% |= ]-  3% |= ]\  4% |== ]|  5% |== ]/  6% |=== ]-  7% |=== ]\  8% |==== ]|  9% |==== ]/ 10% |===== ]- 11% |===== ]\ 12% |====== ]| 13% |====== ]/ 15% |======= ]- 16% |======== ]\ 17% |======== ]| 18% |========= ]/ 19% |========= ]- 20% |========== ]\ 21% |========== ]| 22% |=========== ]/ 23% |=========== ]- 24% |============ ]\ 25% |============ ]| 26% |============= ]/ 27% |============= ]- 29% |============== ]\ 30% |=============== ]| 31% |=============== ]/ 32% |================ ]- 33% |================ ]\ 34% |================= ]| 35% |================= ]/ 36% |================== ]- 37% |================== ]\ 38% |=================== ]| 39% |=================== ]/ 40% |==================== ]- 41% |==================== ]\ 43% |===================== ]| 44% |====================== ]/ 45% |====================== ]- 46% |======================= ]\ 47% |======================= ]| 48% |======================== ]/ 49% |======================== ]- 50% |========================= ]\ 51% |========================= ]| 52% |========================== ]/ 53% |========================== ]- 54% |=========================== ]\ 55% |=========================== ]| 56% |============================ ]/ 58% |============================= ]- 59% |============================= ]\ 60% |============================== ]| 61% |============================== ]/ 62% |=============================== ]- 63% |=============================== ]\ 64% |================================ ]| 65% |================================ ]/ 66% |================================= ]- 67% |================================= ]\ 68% |================================== ]| 69% |================================== ]/ 70% |=================================== ]- 72% |==================================== ]\ 73% |==================================== ]| 74% |===================================== ]/ 75% |===================================== ]- 76% |====================================== ]\ 77% |====================================== ]| 78% |======================================= ]/ 79% |======================================= ]- 80% |======================================== ]\ 81% |======================================== ]| 82% |========================================= ]/ 83% |========================================= ]- 84% |========================================== ]\ 86% |=========================================== ]| 87% |=========================================== ]/ 88% |============================================ ]- 89% |============================================ ]\ 90% |============================================= ]| 91% |============================================= ]/ 92% |============================================== ]- 93% |============================================== ]\ 94% |=============================================== ]| 95% |=============================================== ]/ 96% |================================================ ]- 97% |================================================ ]\ 98% |================================================= ]|100% |================================================== ]/
[117151] INFO MethodsAssertGenerator - Run instrumented tests. (279)
[117465] DEBUG Launcher - printing io.protostuff.runtime.ExcludeFieldTest to /tmp/Ex2Amplifier-experiments/target/dspot/tmp_test_sources
[118329] WARN TestCompiler - 100 errors during compilation, discarding involved test methods
[119617] ERROR TestCompiler - Pb(2) T cannot be resolved to a type
[119617] ERROR TestCompiler - Pb(2) T cannot be resolved to a type
[119617] ERROR TestCompiler - Pb(2) T cannot be resolved to a type
[119617] ERROR TestCompiler - Pb(2) T cannot be resolved to a type
[119617] ERROR TestCompiler - Pb(2) T cannot be resolved to a type
[119617] ERROR TestCompiler - Pb(2) T cannot be resolved to a type
[119617] ERROR TestCompiler - Pb(2) T cannot be resolved to a type
[119617] ERROR TestCompiler - Pb(2) T cannot be resolved to a type
[119617] ERROR TestCompiler - Pb(2) T cannot be resolved to a type
[119617] ERROR TestCompiler - Pb(2) T cannot be resolved to a type
[119617] ERROR TestCompiler - Pb(2) T cannot be resolved to a type
[119617] ERROR TestCompiler - Pb(2) T cannot be resolved to a type
[119617] ERROR TestCompiler - Pb(2) T cannot be resolved to a type
[119617] ERROR TestCompiler - Pb(2) T cannot be resolved to a type
[119617] ERROR TestCompiler - Pb(2) T cannot be resolved to a type
[119617] ERROR TestCompiler - Pb(2) T cannot be resolved to a type
[119617] ERROR TestCompiler - Pb(2) T cannot be resolved to a type
[119617] ERROR TestCompiler - Pb(2) T cannot be resolved to a type
[119617] ERROR TestCompiler - Pb(2) T cannot be resolved to a type
[119617] ERROR TestCompiler - Pb(2) T cannot be resolved to a type
[120817] WARN TestCompiler - 100 errors during compilation, discarding involved test methods
[121608] ERROR TestCompiler - Pb(2) T cannot be resolved to a type
[121608] ERROR TestCompiler - Pb(2) T cannot be resolved to a type
[121608] ERROR TestCompiler - Pb(2) T cannot be resolved to a type
[121608] ERROR TestCompiler - Pb(2) T cannot be resolved to a type
[121608] ERROR TestCompiler - Pb(2) T cannot be resolved to a type
[121608] ERROR TestCompiler - Pb(2) T cannot be resolved to a type
[121608] ERROR TestCompiler - Pb(2) T cannot be resolved to a type
[121608] ERROR TestCompiler - Pb(2) T cannot be resolved to a type
[121608] ERROR TestCompiler - Pb(2) T cannot be resolved to a type
[121609] ERROR TestCompiler - Pb(2) T cannot be resolved to a type
[121609] ERROR TestCompiler - Pb(2) T cannot be resolved to a type
[121609] ERROR TestCompiler - Pb(2) T cannot be resolved to a type
[121609] ERROR TestCompiler - Pb(2) T cannot be resolved to a type
[121609] ERROR TestCompiler - Pb(2) T cannot be resolved to a type
[121609] ERROR TestCompiler - Pb(2) T cannot be resolved to a type
[121609] ERROR TestCompiler - Pb(2) T cannot be resolved to a type
[121609] ERROR TestCompiler - Pb(2) T cannot be resolved to a type
[121609] ERROR TestCompiler - Pb(2) T cannot be resolved to a type
[121609] ERROR TestCompiler - Pb(2) T cannot be resolved to a type
[121609] ERROR TestCompiler - Pb(2) T cannot be resolved to a type
[122415] WARN TestCompiler - 79 errors during compilation, discarding involved test methods
[122822] ERROR TestCompiler - Pb(2) T cannot be resolved to a type
[122822] ERROR TestCompiler - Pb(2) T cannot be resolved to a type
[122822] ERROR TestCompiler - Pb(2) T cannot be resolved to a type
[122822] ERROR TestCompiler - Pb(2) T cannot be resolved to a type
[122823] ERROR TestCompiler - Pb(2) T cannot be resolved to a type
[122823] ERROR TestCompiler - Pb(2) T cannot be resolved to a type
[122823] ERROR TestCompiler - Pb(2) T cannot be resolved to a type
[122823] ERROR TestCompiler - Pb(2) T cannot be resolved to a type
[122823] ERROR TestCompiler - Pb(2) T cannot be resolved to a type
[122823] ERROR TestCompiler - Pb(2) T cannot be resolved to a type
[122823] ERROR TestCompiler - Pb(2) T cannot be resolved to a type
[122823] ERROR TestCompiler - Pb(2) T cannot be resolved to a type
[122823] ERROR TestCompiler - Pb(2) T cannot be resolved to a type
[122823] ERROR TestCompiler - Pb(2) T cannot be resolved to a type
[122823] ERROR TestCompiler - Pb(2) T cannot be resolved to a type
[122823] ERROR TestCompiler - Pb(2) T cannot be resolved to a type
[122823] ERROR TestCompiler - Pb(2) T cannot be resolved to a type
[122823] ERROR TestCompiler - Pb(2) T cannot be resolved to a type
[122823] ERROR TestCompiler - Pb(2) T cannot be resolved to a type
[122823] ERROR TestCompiler - Pb(2) T cannot be resolved to a type
fr.inria.diversify.dspot.AmplificationException: Every test methods are uncompilable
	at fr.inria.diversify.utils.compilation.TestCompiler.compileAndRun(TestCompiler.java:76)
	at fr.inria.diversify.dspot.assertGenerator.MethodsAssertGenerator.addAssertions(MethodsAssertGenerator.java:99)
	at fr.inria.diversify.dspot.assertGenerator.AssertGenerator.innerAssertionAmplification(AssertGenerator.java:117)
	at fr.inria.diversify.dspot.assertGenerator.AssertGenerator.assertionAmplification(AssertGenerator.java:66)
	at fr.inria.diversify.dspot.Amplification.amplification(Amplification.java:140)
	at fr.inria.diversify.dspot.Amplification.amplification(Amplification.java:103)
	at fr.inria.diversify.dspot.DSpot.amplifyTest(DSpot.java:183)
	at fr.inria.diversify.dspot.DSpot.amplifyTest(DSpot.java:170)
	at eu.stamp.project.Main.lambda$null$1(Main.java:143)
	at java.util.stream.ReferencePipeline$3$1.accept(ReferencePipeline.java:193)
	at java.util.HashMap$KeySpliterator.forEachRemaining(HashMap.java:1548)
	at java.util.stream.AbstractPipeline.copyInto(AbstractPipeline.java:481)
	at java.util.stream.AbstractPipeline.wrapAndCopyInto(AbstractPipeline.java:471)
	at java.util.stream.ReduceOps$ReduceOp.evaluateSequential(ReduceOps.java:708)
	at java.util.stream.AbstractPipeline.evaluate(AbstractPipeline.java:234)
	at java.util.stream.ReferencePipeline.collect(ReferencePipeline.java:499)
	at eu.stamp.project.Main.lambda$run$2(Main.java:144)
	at java.util.stream.ForEachOps$ForEachOp$OfRef.accept(ForEachOps.java:184)
	at java.util.stream.ReferencePipeline$2$1.accept(ReferencePipeline.java:175)
	at java.util.ArrayList$ArrayListSpliterator.forEachRemaining(ArrayList.java:1374)
	at java.util.stream.AbstractPipeline.copyInto(AbstractPipeline.java:481)
	at java.util.stream.AbstractPipeline.wrapAndCopyInto(AbstractPipeline.java:471)
	at java.util.stream.ForEachOps$ForEachOp.evaluateSequential(ForEachOps.java:151)
	at java.util.stream.ForEachOps$ForEachOp$OfRef.evaluateSequential(ForEachOps.java:174)
	at java.util.stream.AbstractPipeline.evaluate(AbstractPipeline.java:234)
	at java.util.stream.ReferencePipeline.forEach(ReferencePipeline.java:418)
	at eu.stamp.project.Main.run(Main.java:117)
	at eu.stamp.project.Main.main(Main.java:88)
[123821] INFO AssertGenerator - 2 test fail, generating try/catch/fail blocks...
[123822] INFO AssertGenerator - Could not generate any test with assertions
[123822] INFO Amplification - iteration 2:
[123822] INFO Amplification - 95 tests selected to be amplified over 95 available tests
[123822] INFO Amplification - Amplification of inputs...
 15% |======= ]\ 20% |========== ]\ 91% |============================================= ]\ 16% |============================================= ]| 17% |============================================= ]/ 32% |============================================= ]\ 57% |============================================= ]\ 22% |============================================= ]/ 13% |============================================= ]/ 53% |============================================= ]\ 45% |============================================= ]\ 83% |============================================= ]\  7% |============================================= ]\ 24% |============================================= ]\ 66% |============================================= ]\ 72% |============================================= ]/[130087] WARN TypeUtils - Error during check isString on io.protostuff.runtime.Field<io.protostuff.runtime.ExcludeFieldTest.MuchExcludedEntity>
[130090] WARN TypeUtils - Error during check isString on io.protostuff.runtime.Field<io.protostuff.runtime.ExcludeFieldTest.MuchExcludedEntity>
[130101] WARN TypeUtils - Error during check isString on io.protostuff.runtime.Field<io.protostuff.runtime.ExcludeFieldTest.MuchExcludedEntity>
[130106] WARN TypeUtils - Error during check isString on io.protostuff.runtime.Field<T>
[130158] WARN TypeUtils - Error during check isString on io.protostuff.runtime.Field<io.protostuff.runtime.ExcludeFieldTest.MuchExcludedEntity>
[130162] WARN TypeUtils - Error during check isString on io.protostuff.runtime.Field<io.protostuff.runtime.ExcludeFieldTest.MuchExcludedEntity>
[130174] WARN TypeUtils - Error during check isString on io.protostuff.runtime.Field<io.protostuff.runtime.ExcludeFieldTest.MuchExcludedEntity>
[130178] WARN TypeUtils - Error during check isString on io.protostuff.runtime.Field<T>
[130191] WARN TypeUtils - Error during check isString on io.protostuff.runtime.Field<io.protostuff.runtime.ExcludeFieldTest.MuchExcludedEntity>
[130181] WARN TypeUtils - Error during check isString on io.protostuff.runtime.Field<io.protostuff.runtime.ExcludeFieldTest.MuchExcludedEntity>
[130196] WARN TypeUtils - Error during check isString on io.protostuff.runtime.Field<io.protostuff.runtime.ExcludeFieldTest.MuchExcludedEntity>
[130206] WARN TypeUtils - Error during check isString on io.protostuff.runtime.Field<io.protostuff.runtime.ExcludeFieldTest.MuchExcludedEntity>
[130207] WARN TypeUtils - Error during check isString on io.protostuff.runtime.Field<io.protostuff.runtime.ExcludeFieldTest.MuchExcludedEntity>
[130210] WARN TypeUtils - Error during check isString on io.protostuff.runtime.Field<T>
[130227] WARN TypeUtils - Error during check isString on io.protostuff.runtime.Field<io.protostuff.runtime.ExcludeFieldTest.MuchExcludedEntity>
[130242] WARN TypeUtils - Error during check isString on io.protostuff.runtime.Field<T>
[130256] WARN TypeUtils - Error during check isString on io.protostuff.runtime.Field<io.protostuff.runtime.ExcludeFieldTest.MuchExcludedEntity>
[130259] WARN TypeUtils - Error during check isString on io.protostuff.runtime.Field<io.protostuff.runtime.ExcludeFieldTest.MuchExcludedEntity>
[130262] WARN TypeUtils - Error during check isString on io.protostuff.runtime.Field<io.protostuff.runtime.ExcludeFieldTest.MuchExcludedEntity>
[130265] WARN TypeUtils - Error during check isString on io.protostuff.runtime.Field<T>
[130347] WARN TypeUtils - Error during check isString on io.protostuff.runtime.Field<io.protostuff.runtime.ExcludeFieldTest.MuchExcludedEntity>
[130357] WARN TypeUtils - Error during check isString on io.protostuff.runtime.Field<io.protostuff.runtime.ExcludeFieldTest.MuchExcludedEntity>
[130360] WARN TypeUtils - Error during check isString on io.protostuff.runtime.Field<io.protostuff.runtime.ExcludeFieldTest.MuchExcludedEntity>
[130361] WARN TypeUtils - Error during check isString on io.protostuff.runtime.Field<T>
[130468] WARN TypeUtils - Error during check isString on io.protostuff.runtime.Field<io.protostuff.runtime.ExcludeFieldTest.MuchExcludedEntity>
[130470] WARN TypeUtils - Error during check isString on io.protostuff.runtime.Field<io.protostuff.runtime.ExcludeFieldTest.MuchExcludedEntity>
[130472] WARN TypeUtils - Error during check isString on io.protostuff.runtime.Field<io.protostuff.runtime.ExcludeFieldTest.MuchExcludedEntity>
[130474] WARN TypeUtils - Error during check isString on io.protostuff.runtime.Field<T>
[130651] WARN TypeUtils - Error during check isString on io.protostuff.runtime.Field<io.protostuff.runtime.ExcludeFieldTest.MuchExcludedEntity>
[130652] WARN TypeUtils - Error during check isString on io.protostuff.runtime.Field<io.protostuff.runtime.ExcludeFieldTest.MuchExcludedEntity>
[130654] WARN TypeUtils - Error during check isString on io.protostuff.runtime.Field<io.protostuff.runtime.ExcludeFieldTest.MuchExcludedEntity>
[130656] WARN TypeUtils - Error during check isString on io.protostuff.runtime.Field<T>
[130870] WARN TypeUtils - Error during check isString on io.protostuff.runtime.Field<io.protostuff.runtime.ExcludeFieldTest.MuchExcludedEntity>
[130871] WARN TypeUtils - Error during check isString on io.protostuff.runtime.Field<io.protostuff.runtime.ExcludeFieldTest.MuchExcludedEntity>
[130871] WARN TypeUtils - Error during check isString on io.protostuff.runtime.Field<io.protostuff.runtime.ExcludeFieldTest.MuchExcludedEntity>
[130872] WARN TypeUtils - Error during check isString on io.protostuff.runtime.Field<T>
[131025] WARN TypeUtils - Error during check isString on io.protostuff.runtime.Field<io.protostuff.runtime.ExcludeFieldTest.MuchExcludedEntity>
[131027] WARN TypeUtils - Error during check isString on io.protostuff.runtime.Field<io.protostuff.runtime.ExcludeFieldTest.MuchExcludedEntity>
[131029] WARN TypeUtils - Error during check isString on io.protostuff.runtime.Field<io.protostuff.runtime.ExcludeFieldTest.MuchExcludedEntity>
[131031] WARN TypeUtils - Error during check isString on io.protostuff.runtime.Field<T>
[131040] WARN TypeUtils - Error during check isString on io.protostuff.runtime.Field<io.protostuff.runtime.ExcludeFieldTest.MuchExcludedEntity>
[131042] WARN TypeUtils - Error during check isString on io.protostuff.runtime.Field<io.protostuff.runtime.ExcludeFieldTest.MuchExcludedEntity>
[131044] WARN TypeUtils - Error during check isString on io.protostuff.runtime.Field<io.protostuff.runtime.ExcludeFieldTest.MuchExcludedEntity>
[131046] WARN TypeUtils - Error during check isString on io.protostuff.runtime.Field<T>
[131079] WARN TypeUtils - Error during check isString on io.protostuff.runtime.Field<io.protostuff.runtime.ExcludeFieldTest.MuchExcludedEntity>
[131080] WARN TypeUtils - Error during check isString on io.protostuff.runtime.Field<io.protostuff.runtime.ExcludeFieldTest.MuchExcludedEntity>
[131081] WARN TypeUtils - Error during check isString on io.protostuff.runtime.Field<io.protostuff.runtime.ExcludeFieldTest.MuchExcludedEntity>
[131081] WARN TypeUtils - Error during check isString on io.protostuff.runtime.Field<T>
[131124] WARN TypeUtils - Error during check isString on io.protostuff.runtime.Field<io.protostuff.runtime.ExcludeFieldTest.MuchExcludedEntity>
[131126] WARN TypeUtils - Error during check isString on io.protostuff.runtime.Field<io.protostuff.runtime.ExcludeFieldTest.MuchExcludedEntity>
[131126] WARN TypeUtils - Error during check isString on io.protostuff.runtime.Field<io.protostuff.runtime.ExcludeFieldTest.MuchExcludedEntity>
[131127] WARN TypeUtils - Error during check isString on io.protostuff.runtime.Field<T>
 33% |============================================= ]|[131188] WARN TypeUtils - Error during check isString on io.protostuff.runtime.Field<io.protostuff.runtime.ExcludeFieldTest.MuchExcludedEntity>
[131189] WARN TypeUtils - Error during check isString on io.protostuff.runtime.Field<io.protostuff.runtime.ExcludeFieldTest.MuchExcludedEntity>
[131189] WARN TypeUtils - Error during check isString on io.protostuff.runtime.Field<io.protostuff.runtime.ExcludeFieldTest.MuchExcludedEntity>
[131190] WARN TypeUtils - Error during check isString on io.protostuff.runtime.Field<io.protostuff.runtime.ExcludeFieldTest.MuchExcludedEntity>
[131191] WARN TypeUtils - Error during check isString on io.protostuff.runtime.Field<io.protostuff.runtime.ExcludeFieldTest.MuchExcludedEntity>
[131191] WARN TypeUtils - Error during check isString on io.protostuff.runtime.Field<T>
[131208] WARN TypeUtils - Error during check isString on io.protostuff.runtime.Field<io.protostuff.runtime.ExcludeFieldTest.MuchExcludedEntity>
[131209] WARN TypeUtils - Error during check isString on io.protostuff.runtime.Field<T>
[131241] WARN TypeUtils - Error during check isString on io.protostuff.runtime.Field<io.protostuff.runtime.ExcludeFieldTest.MuchExcludedEntity>
[131242] WARN TypeUtils - Error during check isString on io.protostuff.runtime.Field<io.protostuff.runtime.ExcludeFieldTest.MuchExcludedEntity>
[131243] WARN TypeUtils - Error during check isString on io.protostuff.runtime.Field<io.protostuff.runtime.ExcludeFieldTest.MuchExcludedEntity>
[131249] WARN TypeUtils - Error during check isString on io.protostuff.runtime.Field<T>
 93% |============================================== ]/ 97% |================================================ ]/ 23% |================================================ ]-  8% |================================================ ]| 84% |================================================ ]| 21% |================================================ ]| 58% |================================================ ]| 89% |================================================ ]/ 14% |================================================ ]- 68% |================================================ ]/ 61% |================================================ ]- 78% |================================================ ]\ 46% |================================================ ]| 74% |================================================ ]\ 55% |================================================ ]/[137294] WARN TypeUtils - Error during check isString on io.protostuff.runtime.Field<io.protostuff.runtime.ExcludeFieldTest.MuchExcludedEntity>
[137298] WARN TypeUtils - Error during check isString on io.protostuff.runtime.Field<io.protostuff.runtime.ExcludeFieldTest.MuchExcludedEntity>
[137303] WARN TypeUtils - Error during check isString on io.protostuff.runtime.Field<io.protostuff.runtime.ExcludeFieldTest.MuchExcludedEntity>
[137306] WARN TypeUtils - Error during check isString on io.protostuff.runtime.Field<T>
[137353] WARN TypeUtils - Error during check isString on io.protostuff.runtime.Field<io.protostuff.runtime.ExcludeFieldTest.MuchExcludedEntity>
[137357] WARN TypeUtils - Error during check isString on io.protostuff.runtime.Field<io.protostuff.runtime.ExcludeFieldTest.MuchExcludedEntity>
[137361] WARN TypeUtils - Error during check isString on io.protostuff.runtime.Field<io.protostuff.runtime.ExcludeFieldTest.MuchExcludedEntity>
[137364] WARN TypeUtils - Error during check isString on io.protostuff.runtime.Field<T>
[137450] WARN TypeUtils - Error during check isString on io.protostuff.runtime.Field<io.protostuff.runtime.ExcludeFieldTest.MuchExcludedEntity>
[137452] WARN TypeUtils - Error during check isString on io.protostuff.runtime.Field<io.protostuff.runtime.ExcludeFieldTest.MuchExcludedEntity>
[137453] WARN TypeUtils - Error during check isString on io.protostuff.runtime.Field<io.protostuff.runtime.ExcludeFieldTest.MuchExcludedEntity>
[137454] WARN TypeUtils - Error during check isString on io.protostuff.runtime.Field<T>
[137544] WARN TypeUtils - Error during check isString on io.protostuff.runtime.Field<io.protostuff.runtime.ExcludeFieldTest.MuchExcludedEntity>
[137561] WARN TypeUtils - Error during check isString on io.protostuff.runtime.Field<io.protostuff.runtime.ExcludeFieldTest.MuchExcludedEntity>
[137573] WARN TypeUtils - Error during check isString on io.protostuff.runtime.Field<io.protostuff.runtime.ExcludeFieldTest.MuchExcludedEntity>
[137588] WARN TypeUtils - Error during check isString on io.protostuff.runtime.Field<T>
[137760] WARN TypeUtils - Error during check isString on io.protostuff.runtime.Field<io.protostuff.runtime.ExcludeFieldTest.MuchExcludedEntity>
[137761] WARN TypeUtils - Error during check isString on io.protostuff.runtime.Field<io.protostuff.runtime.ExcludeFieldTest.MuchExcludedEntity>
[137763] WARN TypeUtils - Error during check isString on io.protostuff.runtime.Field<io.protostuff.runtime.ExcludeFieldTest.MuchExcludedEntity>
[137764] WARN TypeUtils - Error during check isString on io.protostuff.runtime.Field<T>
[137901] WARN TypeUtils - Error during check isString on io.protostuff.runtime.Field<io.protostuff.runtime.ExcludeFieldTest.MuchExcludedEntity>
[137903] WARN TypeUtils - Error during check isString on io.protostuff.runtime.Field<io.protostuff.runtime.ExcludeFieldTest.MuchExcludedEntity>
[137904] WARN TypeUtils - Error during check isString on io.protostuff.runtime.Field<io.protostuff.runtime.ExcludeFieldTest.MuchExcludedEntity>
[137905] WARN TypeUtils - Error during check isString on io.protostuff.runtime.Field<T>
[138234] WARN TypeUtils - Error during check isString on io.protostuff.runtime.Field<io.protostuff.runtime.ExcludeFieldTest.MuchExcludedEntity>
[138236] WARN TypeUtils - Error during check isString on io.protostuff.runtime.Field<io.protostuff.runtime.ExcludeFieldTest.MuchExcludedEntity>
[138238] WARN TypeUtils - Error during check isString on io.protostuff.runtime.Field<io.protostuff.runtime.ExcludeFieldTest.MuchExcludedEntity>
[138239] WARN TypeUtils - Error during check isString on io.protostuff.runtime.Field<T>
 95% |================================================ ]\ 92% |================================================ ]| 31% |================================================ ]-[138423] WARN TypeUtils - Error during check isString on io.protostuff.runtime.Field<io.protostuff.runtime.ExcludeFieldTest.MuchExcludedEntity>
[138425] WARN TypeUtils - Error during check isString on io.protostuff.runtime.Field<io.protostuff.runtime.ExcludeFieldTest.MuchExcludedEntity>
[138427] WARN TypeUtils - Error during check isString on io.protostuff.runtime.Field<io.protostuff.runtime.ExcludeFieldTest.MuchExcludedEntity>
[138428] WARN TypeUtils - Error during check isString on io.protostuff.runtime.Field<T>
  6% |================================================ ]-100% |================================================== ]\
 56% |============================ ]-[138969] WARN TypeUtils - Error during check isString on io.protostuff.runtime.Field<io.protostuff.runtime.ExcludeFieldTest.MuchExcludedEntity>
[138983] WARN TypeUtils - Error during check isString on io.protostuff.runtime.Field<io.protostuff.runtime.ExcludeFieldTest.MuchExcludedEntity>
[138989] WARN TypeUtils - Error during check isString on io.protostuff.runtime.Field<io.protostuff.runtime.ExcludeFieldTest.MuchExcludedEntity>
[138994] WARN TypeUtils - Error during check isString on io.protostuff.runtime.Field<T>
[139327] WARN TypeUtils - Error during check isString on io.protostuff.runtime.Field<io.protostuff.runtime.ExcludeFieldTest.MuchExcludedEntity>
[139330] WARN TypeUtils - Error during check isString on io.protostuff.runtime.Field<io.protostuff.runtime.ExcludeFieldTest.MuchExcludedEntity>
[139333] WARN TypeUtils - Error during check isString on io.protostuff.runtime.Field<io.protostuff.runtime.ExcludeFieldTest.MuchExcludedEntity>
[139335] WARN TypeUtils - Error during check isString on io.protostuff.runtime.Field<T>
[139499] WARN TypeUtils - Error during check isString on io.protostuff.runtime.Field<io.protostuff.runtime.ExcludeFieldTest.MuchExcludedEntity>
[139501] WARN TypeUtils - Error during check isString on io.protostuff.runtime.Field<io.protostuff.runtime.ExcludeFieldTest.MuchExcludedEntity>
[139503] WARN TypeUtils - Error during check isString on io.protostuff.runtime.Field<io.protostuff.runtime.ExcludeFieldTest.MuchExcludedEntity>
[139504] WARN TypeUtils - Error during check isString on io.protostuff.runtime.Field<T>
[139510] WARN TypeUtils - Error during check isString on io.protostuff.runtime.Field<io.protostuff.runtime.ExcludeFieldTest.MuchExcludedEntity>
[139512] WARN TypeUtils - Error during check isString on io.protostuff.runtime.Field<io.protostuff.runtime.ExcludeFieldTest.MuchExcludedEntity>
[139514] WARN TypeUtils - Error during check isString on io.protostuff.runtime.Field<io.protostuff.runtime.ExcludeFieldTest.MuchExcludedEntity>
[139516] WARN TypeUtils - Error during check isString on io.protostuff.runtime.Field<T>
 44% |============================ ]-[139769] WARN TypeUtils - Error during check isString on io.protostuff.runtime.Field<io.protostuff.runtime.ExcludeFieldTest.MuchExcludedEntity>
[139773] WARN TypeUtils - Error during check isString on io.protostuff.runtime.Field<io.protostuff.runtime.ExcludeFieldTest.MuchExcludedEntity>
[139777] WARN TypeUtils - Error during check isString on io.protostuff.runtime.Field<io.protostuff.runtime.ExcludeFieldTest.MuchExcludedEntity>
[139781] WARN TypeUtils - Error during check isString on io.protostuff.runtime.Field<T>
 12% |============================ ]|[139881] WARN TypeUtils - Error during check isString on io.protostuff.runtime.Field<io.protostuff.runtime.ExcludeFieldTest.MuchExcludedEntity>
[139882] WARN TypeUtils - Error during check isString on io.protostuff.runtime.Field<io.protostuff.runtime.ExcludeFieldTest.MuchExcludedEntity>
[139883] WARN TypeUtils - Error during check isString on io.protostuff.runtime.Field<io.protostuff.runtime.ExcludeFieldTest.MuchExcludedEntity>
[139883] WARN TypeUtils - Error during check isString on io.protostuff.runtime.Field<T>
[139887] WARN TypeUtils - Error during check isString on io.protostuff.runtime.Field<io.protostuff.runtime.ExcludeFieldTest.MuchExcludedEntity>
[139888] WARN TypeUtils - Error during check isString on io.protostuff.runtime.Field<io.protostuff.runtime.ExcludeFieldTest.MuchExcludedEntity>
[139889] WARN TypeUtils - Error during check isString on io.protostuff.runtime.Field<io.protostuff.runtime.ExcludeFieldTest.MuchExcludedEntity>
[139890] WARN TypeUtils - Error during check isString on io.protostuff.runtime.Field<T>
[139983] WARN TypeUtils - Error during check isString on io.protostuff.runtime.Field<io.protostuff.runtime.ExcludeFieldTest.MuchExcludedEntity>
[139984] WARN TypeUtils - Error during check isString on io.protostuff.runtime.Field<io.protostuff.runtime.ExcludeFieldTest.MuchExcludedEntity>
[139985] WARN TypeUtils - Error during check isString on io.protostuff.runtime.Field<io.protostuff.runtime.ExcludeFieldTest.MuchExcludedEntity>
[139986] WARN TypeUtils - Error during check isString on io.protostuff.runtime.Field<T>
 82% |========================================= ]- 90% |============================================= ]- 81% |============================================= ]/ 62% |============================================= ]\ 54% |============================================= ]| 67% |============================================= ]| 18% |============================================= ]- 73% |============================================= ]-[144617] WARN TypeUtils - Error during check isString on io.protostuff.runtime.Field<io.protostuff.runtime.ExcludeFieldTest.MuchExcludedEntity>
[144620] WARN TypeUtils - Error during check isString on io.protostuff.runtime.Field<io.protostuff.runtime.ExcludeFieldTest.MuchExcludedEntity>
[144624] WARN TypeUtils - Error during check isString on io.protostuff.runtime.Field<io.protostuff.runtime.ExcludeFieldTest.MuchExcludedEntity>
[144626] WARN TypeUtils - Error during check isString on io.protostuff.runtime.Field<T>
[144642] WARN TypeUtils - Error during check isString on io.protostuff.runtime.Field<io.protostuff.runtime.ExcludeFieldTest.MuchExcludedEntity>
[144646] WARN TypeUtils - Error during check isString on io.protostuff.runtime.Field<io.protostuff.runtime.ExcludeFieldTest.MuchExcludedEntity>
[144649] WARN TypeUtils - Error during check isString on io.protostuff.runtime.Field<io.protostuff.runtime.ExcludeFieldTest.MuchExcludedEntity>
[144652] WARN TypeUtils - Error during check isString on io.protostuff.runtime.Field<T>
[144685] WARN TypeUtils - Error during check isString on io.protostuff.runtime.Field<io.protostuff.runtime.ExcludeFieldTest.MuchExcludedEntity>
[144689] WARN TypeUtils - Error during check isString on io.protostuff.runtime.Field<io.protostuff.runtime.ExcludeFieldTest.MuchExcludedEntity>
[144692] WARN TypeUtils - Error during check isString on io.protostuff.runtime.Field<io.protostuff.runtime.ExcludeFieldTest.MuchExcludedEntity>
[144695] WARN TypeUtils - Error during check isString on io.protostuff.runtime.Field<T>
[145192] WARN TypeUtils - Error during check isString on io.protostuff.runtime.Field<io.protostuff.runtime.ExcludeFieldTest.MuchExcludedEntity>
[145194] WARN TypeUtils - Error during check isString on io.protostuff.runtime.Field<io.protostuff.runtime.ExcludeFieldTest.MuchExcludedEntity>
[145195] WARN TypeUtils - Error during check isString on io.protostuff.runtime.Field<io.protostuff.runtime.ExcludeFieldTest.MuchExcludedEntity>
[145197] WARN TypeUtils - Error during check isString on io.protostuff.runtime.Field<T>
[145451] WARN TypeUtils - Error during check isString on io.protostuff.runtime.Field<io.protostuff.runtime.ExcludeFieldTest.MuchExcludedEntity>
[145453] WARN TypeUtils - Error during check isString on io.protostuff.runtime.Field<io.protostuff.runtime.ExcludeFieldTest.MuchExcludedEntity>
[145455] WARN TypeUtils - Error during check isString on io.protostuff.runtime.Field<io.protostuff.runtime.ExcludeFieldTest.MuchExcludedEntity>
[145456] WARN TypeUtils - Error during check isString on io.protostuff.runtime.Field<T>
[145572] WARN TypeUtils - Error during check isString on io.protostuff.runtime.Field<io.protostuff.runtime.ExcludeFieldTest.MuchExcludedEntity>
[145574] WARN TypeUtils - Error during check isString on io.protostuff.runtime.Field<io.protostuff.runtime.ExcludeFieldTest.MuchExcludedEntity>
[145576] WARN TypeUtils - Error during check isString on io.protostuff.runtime.Field<io.protostuff.runtime.ExcludeFieldTest.MuchExcludedEntity>
[145577] WARN TypeUtils - Error during check isString on io.protostuff.runtime.Field<T>
 35% |============================================= ]-[145883] WARN TypeUtils - Error during check isString on io.protostuff.runtime.Field<io.protostuff.runtime.ExcludeFieldTest.MuchExcludedEntity>
[145886] WARN TypeUtils - Error during check isString on io.protostuff.runtime.Field<io.protostuff.runtime.ExcludeFieldTest.MuchExcludedEntity>
[145888] WARN TypeUtils - Error during check isString on io.protostuff.runtime.Field<io.protostuff.runtime.ExcludeFieldTest.MuchExcludedEntity>
[145889] WARN TypeUtils - Error during check isString on io.protostuff.runtime.Field<T>
[146213] WARN TypeUtils - Error during check isString on io.protostuff.runtime.Field<io.protostuff.runtime.ExcludeFieldTest.MuchExcludedEntity>
[146214] WARN TypeUtils - Error during check isString on io.protostuff.runtime.Field<io.protostuff.runtime.ExcludeFieldTest.MuchExcludedEntity>
[146215] WARN TypeUtils - Error during check isString on io.protostuff.runtime.Field<io.protostuff.runtime.ExcludeFieldTest.MuchExcludedEntity>
[146215] WARN TypeUtils - Error during check isString on io.protostuff.runtime.Field<T>
 98% |================================================= ]- 96% |================================================= ]| 48% |================================================= ]- 10% |================================================= ]- 28% |================================================= ]\  3% |================================================= ]\[147147] WARN TypeUtils - Error during check isString on io.protostuff.runtime.Field<io.protostuff.runtime.ExcludeFieldTest.MuchExcludedEntity>
[147153] WARN TypeUtils - Error during check isString on io.protostuff.runtime.Field<io.protostuff.runtime.ExcludeFieldTest.MuchExcludedEntity>
[147159] WARN TypeUtils - Error during check isString on io.protostuff.runtime.Field<io.protostuff.runtime.ExcludeFieldTest.MuchExcludedEntity>
[147163] WARN TypeUtils - Error during check isString on io.protostuff.runtime.Field<T>
 76% |================================================= ]/[147980] WARN TypeUtils - Error during check isString on io.protostuff.runtime.Field<io.protostuff.runtime.ExcludeFieldTest.MuchExcludedEntity>
[147987] WARN TypeUtils - Error during check isString on io.protostuff.runtime.Field<io.protostuff.runtime.ExcludeFieldTest.MuchExcludedEntity>
[147993] WARN TypeUtils - Error during check isString on io.protostuff.runtime.Field<io.protostuff.runtime.ExcludeFieldTest.MuchExcludedEntity>
[147998] WARN TypeUtils - Error during check isString on io.protostuff.runtime.Field<T>
[148055] WARN TypeUtils - Error during check isString on io.protostuff.runtime.Field<io.protostuff.runtime.ExcludeFieldTest.MuchExcludedEntity>
[148057] WARN TypeUtils - Error during check isString on io.protostuff.runtime.Field<io.protostuff.runtime.ExcludeFieldTest.MuchExcludedEntity>
[148059] WARN TypeUtils - Error during check isString on io.protostuff.runtime.Field<io.protostuff.runtime.ExcludeFieldTest.MuchExcludedEntity>
[148061] WARN TypeUtils - Error during check isString on io.protostuff.runtime.Field<T>
[148169] WARN TypeUtils - Error during check isString on io.protostuff.runtime.Field<io.protostuff.runtime.ExcludeFieldTest.MuchExcludedEntity>
[148175] WARN TypeUtils - Error during check isString on io.protostuff.runtime.Field<io.protostuff.runtime.ExcludeFieldTest.MuchExcludedEntity>
[148180] WARN TypeUtils - Error during check isString on io.protostuff.runtime.Field<io.protostuff.runtime.ExcludeFieldTest.MuchExcludedEntity>
[148184] WARN TypeUtils - Error during check isString on io.protostuff.runtime.Field<io.protostuff.runtime.ExcludeFieldTest.MuchExcludedEntity>
[148186] WARN TypeUtils - Error during check isString on io.protostuff.runtime.Field<T>
[148188] WARN TypeUtils - Error during check isString on io.protostuff.runtime.Field<io.protostuff.runtime.ExcludeFieldTest.MuchExcludedEntity>
[148192] WARN TypeUtils - Error during check isString on io.protostuff.runtime.Field<io.protostuff.runtime.ExcludeFieldTest.MuchExcludedEntity>
[148194] WARN TypeUtils - Error during check isString on io.protostuff.runtime.Field<T>
[148448] WARN TypeUtils - Error during check isString on io.protostuff.runtime.Field<io.protostuff.runtime.ExcludeFieldTest.MuchExcludedEntity>
[148454] WARN TypeUtils - Error during check isString on io.protostuff.runtime.Field<io.protostuff.runtime.ExcludeFieldTest.MuchExcludedEntity>
[148459] WARN TypeUtils - Error during check isString on io.protostuff.runtime.Field<io.protostuff.runtime.ExcludeFieldTest.MuchExcludedEntity>
[148462] WARN TypeUtils - Error during check isString on io.protostuff.runtime.Field<T>
[148491] WARN TypeUtils - Error during check isString on io.protostuff.runtime.Field<io.protostuff.runtime.ExcludeFieldTest.MuchExcludedEntity>
[148496] WARN TypeUtils - Error during check isString on io.protostuff.runtime.Field<io.protostuff.runtime.ExcludeFieldTest.MuchExcludedEntity>
[148501] WARN TypeUtils - Error during check isString on io.protostuff.runtime.Field<io.protostuff.runtime.ExcludeFieldTest.MuchExcludedEntity>
[148504] WARN TypeUtils - Error during check isString on io.protostuff.runtime.Field<T>
 70% |================================================= ]\[148553] WARN TypeUtils - Error during check isString on io.protostuff.runtime.Field<io.protostuff.runtime.ExcludeFieldTest.MuchExcludedEntity>
[148556] WARN TypeUtils - Error during check isString on io.protostuff.runtime.Field<io.protostuff.runtime.ExcludeFieldTest.MuchExcludedEntity>
[148559] WARN TypeUtils - Error during check isString on io.protostuff.runtime.Field<io.protostuff.runtime.ExcludeFieldTest.MuchExcludedEntity>
[148561] WARN TypeUtils - Error during check isString on io.protostuff.runtime.Field<T>
 51% |================================================= ]/ 64% |================================================= ]/ 88% |================================================= ]| 94% |================================================= ]- 60% |================================================= ]/ 86% |================================================= ]- 80% |================================================= ]|[151985] WARN TypeUtils - Error during check isString on io.protostuff.runtime.Field<io.protostuff.runtime.ExcludeFieldTest.MuchExcludedEntity>
[151992] WARN TypeUtils - Error during check isString on io.protostuff.runtime.Field<io.protostuff.runtime.ExcludeFieldTest.MuchExcludedEntity>
[151999] WARN TypeUtils - Error during check isString on io.protostuff.runtime.Field<io.protostuff.runtime.ExcludeFieldTest.MuchExcludedEntity>
[152004] WARN TypeUtils - Error during check isString on io.protostuff.runtime.Field<T>
[152362] WARN TypeUtils - Error during check isString on io.protostuff.runtime.Field<io.protostuff.runtime.ExcludeFieldTest.MuchExcludedEntity>
[152365] WARN TypeUtils - Error during check isString on io.protostuff.runtime.Field<io.protostuff.runtime.ExcludeFieldTest.MuchExcludedEntity>
[152369] WARN TypeUtils - Error during check isString on io.protostuff.runtime.Field<io.protostuff.runtime.ExcludeFieldTest.MuchExcludedEntity>
[152372] WARN TypeUtils - Error during check isString on io.protostuff.runtime.Field<T>
[153182] WARN TypeUtils - Error during check isString on io.protostuff.runtime.Field<io.protostuff.runtime.ExcludeFieldTest.MuchExcludedEntity>
[153184] WARN TypeUtils - Error during check isString on io.protostuff.runtime.Field<io.protostuff.runtime.ExcludeFieldTest.MuchExcludedEntity>
[153186] WARN TypeUtils - Error during check isString on io.protostuff.runtime.Field<io.protostuff.runtime.ExcludeFieldTest.MuchExcludedEntity>
[153188] WARN TypeUtils - Error during check isString on io.protostuff.runtime.Field<T>
[153260] WARN TypeUtils - Error during check isString on io.protostuff.runtime.Field<io.protostuff.runtime.ExcludeFieldTest.MuchExcludedEntity>
[153261] WARN TypeUtils - Error during check isString on io.protostuff.runtime.Field<io.protostuff.runtime.ExcludeFieldTest.MuchExcludedEntity>
[153262] WARN TypeUtils - Error during check isString on io.protostuff.runtime.Field<io.protostuff.runtime.ExcludeFieldTest.MuchExcludedEntity>
[153263] WARN TypeUtils - Error during check isString on io.protostuff.runtime.Field<T>
[153441] WARN TypeUtils - Error during check isString on io.protostuff.runtime.Field<io.protostuff.runtime.ExcludeFieldTest.MuchExcludedEntity>
[153443] WARN TypeUtils - Error during check isString on io.protostuff.runtime.Field<io.protostuff.runtime.ExcludeFieldTest.MuchExcludedEntity>
[153445] WARN TypeUtils - Error during check isString on io.protostuff.runtime.Field<io.protostuff.runtime.ExcludeFieldTest.MuchExcludedEntity>
[153446] WARN TypeUtils - Error during check isString on io.protostuff.runtime.Field<T>
[153602] WARN TypeUtils - Error during check isString on io.protostuff.runtime.Field<io.protostuff.runtime.ExcludeFieldTest.MuchExcludedEntity>
[153604] WARN TypeUtils - Error during check isString on io.protostuff.runtime.Field<io.protostuff.runtime.ExcludeFieldTest.MuchExcludedEntity>
[153606] WARN TypeUtils - Error during check isString on io.protostuff.runtime.Field<io.protostuff.runtime.ExcludeFieldTest.MuchExcludedEntity>
[153607] WARN TypeUtils - Error during check isString on io.protostuff.runtime.Field<T>
[153682] WARN TypeUtils - Error during check isString on io.protostuff.runtime.Field<io.protostuff.runtime.ExcludeFieldTest.MuchExcludedEntity>
[153684] WARN TypeUtils - Error during check isString on io.protostuff.runtime.Field<io.protostuff.runtime.ExcludeFieldTest.MuchExcludedEntity>
[153685] WARN TypeUtils - Error during check isString on io.protostuff.runtime.Field<io.protostuff.runtime.ExcludeFieldTest.MuchExcludedEntity>
[153687] WARN TypeUtils - Error during check isString on io.protostuff.runtime.Field<T>
 85% |================================================= ]/[153964] WARN TypeUtils - Error during check isString on io.protostuff.runtime.Field<io.protostuff.runtime.ExcludeFieldTest.MuchExcludedEntity>
[153966] WARN TypeUtils - Error during check isString on io.protostuff.runtime.Field<io.protostuff.runtime.ExcludeFieldTest.MuchExcludedEntity>
[153968] WARN TypeUtils - Error during check isString on io.protostuff.runtime.Field<io.protostuff.runtime.ExcludeFieldTest.MuchExcludedEntity>
[153969] WARN TypeUtils - Error during check isString on io.protostuff.runtime.Field<T>
 36% |================================================= ]\ 30% |================================================= ]/ 77% |================================================= ]- 11% |================================================= ]\ 50% |================================================= ]|  5% |================================================= ]/[155309] WARN TypeUtils - Error during check isString on io.protostuff.runtime.Field<io.protostuff.runtime.ExcludeFieldTest.MuchExcludedEntity>
[155315] WARN TypeUtils - Error during check isString on io.protostuff.runtime.Field<io.protostuff.runtime.ExcludeFieldTest.MuchExcludedEntity>
[155321] WARN TypeUtils - Error during check isString on io.protostuff.runtime.Field<io.protostuff.runtime.ExcludeFieldTest.MuchExcludedEntity>
[155326] WARN TypeUtils - Error during check isString on io.protostuff.runtime.Field<T>
[155976] WARN TypeUtils - Error during check isString on io.protostuff.runtime.Field<io.protostuff.runtime.ExcludeFieldTest.MuchExcludedEntity>
[155979] WARN TypeUtils - Error during check isString on io.protostuff.runtime.Field<io.protostuff.runtime.ExcludeFieldTest.MuchExcludedEntity>
[155981] WARN TypeUtils - Error during check isString on io.protostuff.runtime.Field<io.protostuff.runtime.ExcludeFieldTest.MuchExcludedEntity>
[155988] WARN TypeUtils - Error during check isString on io.protostuff.runtime.Field<T>
[156005] WARN TypeUtils - Error during check isString on io.protostuff.runtime.Field<io.protostuff.runtime.ExcludeFieldTest.MuchExcludedEntity>
[156007] WARN TypeUtils - Error during check isString on io.protostuff.runtime.Field<io.protostuff.runtime.ExcludeFieldTest.MuchExcludedEntity>
[156009] WARN TypeUtils - Error during check isString on io.protostuff.runtime.Field<io.protostuff.runtime.ExcludeFieldTest.MuchExcludedEntity>
[156011] WARN TypeUtils - Error during check isString on io.protostuff.runtime.Field<T>
[156019] WARN TypeUtils - Error during check isString on io.protostuff.runtime.Field<io.protostuff.runtime.ExcludeFieldTest.MuchExcludedEntity>
[156022] WARN TypeUtils - Error during check isString on io.protostuff.runtime.Field<io.protostuff.runtime.ExcludeFieldTest.MuchExcludedEntity>
[156024] WARN TypeUtils - Error during check isString on io.protostuff.runtime.Field<io.protostuff.runtime.ExcludeFieldTest.MuchExcludedEntity>
[156026] WARN TypeUtils - Error during check isString on io.protostuff.runtime.Field<T>
 49% |================================================= ]\[156493] WARN TypeUtils - Error during check isString on io.protostuff.runtime.Field<io.protostuff.runtime.ExcludeFieldTest.MuchExcludedEntity>
[156494] WARN TypeUtils - Error during check isString on io.protostuff.runtime.Field<io.protostuff.runtime.ExcludeFieldTest.MuchExcludedEntity>
[156496] WARN TypeUtils - Error during check isString on io.protostuff.runtime.Field<io.protostuff.runtime.ExcludeFieldTest.MuchExcludedEntity>
[156496] WARN TypeUtils - Error during check isString on io.protostuff.runtime.Field<T>
[156704] WARN TypeUtils - Error during check isString on io.protostuff.runtime.Field<io.protostuff.runtime.ExcludeFieldTest.MuchExcludedEntity>
[156710] WARN TypeUtils - Error during check isString on io.protostuff.runtime.Field<io.protostuff.runtime.ExcludeFieldTest.MuchExcludedEntity>
[156715] WARN TypeUtils - Error during check isString on io.protostuff.runtime.Field<io.protostuff.runtime.ExcludeFieldTest.MuchExcludedEntity>
[156719] WARN TypeUtils - Error during check isString on io.protostuff.runtime.Field<T>
[156905] WARN TypeUtils - Error during check isString on io.protostuff.runtime.Field<io.protostuff.runtime.ExcludeFieldTest.MuchExcludedEntity>
[156908] WARN TypeUtils - Error during check isString on io.protostuff.runtime.Field<io.protostuff.runtime.ExcludeFieldTest.MuchExcludedEntity>
[156910] WARN TypeUtils - Error during check isString on io.protostuff.runtime.Field<io.protostuff.runtime.ExcludeFieldTest.MuchExcludedEntity>
[156911] WARN TypeUtils - Error during check isString on io.protostuff.runtime.Field<T>
[157081] WARN TypeUtils - Error during check isString on io.protostuff.runtime.Field<io.protostuff.runtime.ExcludeFieldTest.MuchExcludedEntity>
[157082] WARN TypeUtils - Error during check isString on io.protostuff.runtime.Field<io.protostuff.runtime.ExcludeFieldTest.MuchExcludedEntity>
[157084] WARN TypeUtils - Error during check isString on io.protostuff.runtime.Field<io.protostuff.runtime.ExcludeFieldTest.MuchExcludedEntity>
[157085] WARN TypeUtils - Error during check isString on io.protostuff.runtime.Field<T>
 65% |================================================= ]- 71% |================================================= ]| 52% |================================================= ]- 26% |================================================= ]/ 29% |================================================= ]| 87% |================================================= ]\  2% |================================================= ]-  1% |================================================= ]/[159928] WARN TypeUtils - Error during check isString on io.protostuff.runtime.Field<io.protostuff.runtime.ExcludeFieldTest.MuchExcludedEntity>
[159930] WARN TypeUtils - Error during check isString on io.protostuff.runtime.Field<io.protostuff.runtime.ExcludeFieldTest.MuchExcludedEntity>
[159934] WARN TypeUtils - Error during check isString on io.protostuff.runtime.Field<io.protostuff.runtime.ExcludeFieldTest.MuchExcludedEntity>
[159936] WARN TypeUtils - Error during check isString on io.protostuff.runtime.Field<T>
[160837] WARN TypeUtils - Error during check isString on io.protostuff.runtime.Field<io.protostuff.runtime.ExcludeFieldTest.MuchExcludedEntity>
[160843] WARN TypeUtils - Error during check isString on io.protostuff.runtime.Field<io.protostuff.runtime.ExcludeFieldTest.MuchExcludedEntity>
[160848] WARN TypeUtils - Error during check isString on io.protostuff.runtime.Field<io.protostuff.runtime.ExcludeFieldTest.MuchExcludedEntity>
[160851] WARN TypeUtils - Error during check isString on io.protostuff.runtime.Field<T>
[160882] WARN TypeUtils - Error during check isString on io.protostuff.runtime.Field<io.protostuff.runtime.ExcludeFieldTest.MuchExcludedEntity>
[160886] WARN TypeUtils - Error during check isString on io.protostuff.runtime.Field<io.protostuff.runtime.ExcludeFieldTest.MuchExcludedEntity>
[160889] WARN TypeUtils - Error during check isString on io.protostuff.runtime.Field<io.protostuff.runtime.ExcludeFieldTest.MuchExcludedEntity>
[160891] WARN TypeUtils - Error during check isString on io.protostuff.runtime.Field<T>
[161117] WARN TypeUtils - Error during check isString on io.protostuff.runtime.Field<io.protostuff.runtime.ExcludeFieldTest.MuchExcludedEntity>
[161119] WARN TypeUtils - Error during check isString on io.protostuff.runtime.Field<io.protostuff.runtime.ExcludeFieldTest.MuchExcludedEntity>
[161120] WARN TypeUtils - Error during check isString on io.protostuff.runtime.Field<io.protostuff.runtime.ExcludeFieldTest.MuchExcludedEntity>
[161121] WARN TypeUtils - Error during check isString on io.protostuff.runtime.Field<T>
[161355] WARN TypeUtils - Error during check isString on io.protostuff.runtime.Field<io.protostuff.runtime.ExcludeFieldTest.MuchExcludedEntity>
[161358] WARN TypeUtils - Error during check isString on io.protostuff.runtime.Field<io.protostuff.runtime.ExcludeFieldTest.MuchExcludedEntity>
[161360] WARN TypeUtils - Error during check isString on io.protostuff.runtime.Field<io.protostuff.runtime.ExcludeFieldTest.MuchExcludedEntity>
[161361] WARN TypeUtils - Error during check isString on io.protostuff.runtime.Field<T>
 41% |================================================= ]\[162216] WARN TypeUtils - Error during check isString on io.protostuff.runtime.Field<io.protostuff.runtime.ExcludeFieldTest.MuchExcludedEntity>
[162221] WARN TypeUtils - Error during check isString on io.protostuff.runtime.Field<io.protostuff.runtime.ExcludeFieldTest.MuchExcludedEntity>
[162226] WARN TypeUtils - Error during check isString on io.protostuff.runtime.Field<io.protostuff.runtime.ExcludeFieldTest.MuchExcludedEntity>
[162230] WARN TypeUtils - Error during check isString on io.protostuff.runtime.Field<T>
 34% |================================================= ]/[162307] WARN TypeUtils - Error during check isString on io.protostuff.runtime.Field<io.protostuff.runtime.ExcludeFieldTest.MuchExcludedEntity>
[162313] WARN TypeUtils - Error during check isString on io.protostuff.runtime.Field<io.protostuff.runtime.ExcludeFieldTest.MuchExcludedEntity>
[162317] WARN TypeUtils - Error during check isString on io.protostuff.runtime.Field<io.protostuff.runtime.ExcludeFieldTest.MuchExcludedEntity>
[162320] WARN TypeUtils - Error during check isString on io.protostuff.runtime.Field<T>
[162383] WARN TypeUtils - Error during check isString on io.protostuff.runtime.Field<io.protostuff.runtime.ExcludeFieldTest.MuchExcludedEntity>
[162387] WARN TypeUtils - Error during check isString on io.protostuff.runtime.Field<io.protostuff.runtime.ExcludeFieldTest.MuchExcludedEntity>
[162390] WARN TypeUtils - Error during check isString on io.protostuff.runtime.Field<io.protostuff.runtime.ExcludeFieldTest.MuchExcludedEntity>
[162393] WARN TypeUtils - Error during check isString on io.protostuff.runtime.Field<T>
  4% |================================================= ]| 75% |================================================= ]| 38% |================================================= ]/[163187] WARN TypeUtils - Error during check isString on io.protostuff.runtime.Field<io.protostuff.runtime.ExcludeFieldTest.MuchExcludedEntity>
[163189] WARN TypeUtils - Error during check isString on io.protostuff.runtime.Field<io.protostuff.runtime.ExcludeFieldTest.MuchExcludedEntity>
[163191] WARN TypeUtils - Error during check isString on io.protostuff.runtime.Field<io.protostuff.runtime.ExcludeFieldTest.MuchExcludedEntity>
[163192] WARN TypeUtils - Error during check isString on io.protostuff.runtime.Field<T>
[163290] WARN TypeUtils - Error during check isString on io.protostuff.runtime.Field<io.protostuff.runtime.ExcludeFieldTest.MuchExcludedEntity>
[163291] WARN TypeUtils - Error during check isString on io.protostuff.runtime.Field<io.protostuff.runtime.ExcludeFieldTest.MuchExcludedEntity>
[163292] WARN TypeUtils - Error during check isString on io.protostuff.runtime.Field<io.protostuff.runtime.ExcludeFieldTest.MuchExcludedEntity>
[163293] WARN TypeUtils - Error during check isString on io.protostuff.runtime.Field<T>
[163306] WARN TypeUtils - Error during check isString on io.protostuff.runtime.Field<io.protostuff.runtime.ExcludeFieldTest.MuchExcludedEntity>
[163307] WARN TypeUtils - Error during check isString on io.protostuff.runtime.Field<io.protostuff.runtime.ExcludeFieldTest.MuchExcludedEntity>
[163308] WARN TypeUtils - Error during check isString on io.protostuff.runtime.Field<io.protostuff.runtime.ExcludeFieldTest.MuchExcludedEntity>
[163309] WARN TypeUtils - Error during check isString on io.protostuff.runtime.Field<T>
 47% |================================================= ]/[163824] WARN TypeUtils - Error during check isString on io.protostuff.runtime.Field<io.protostuff.runtime.ExcludeFieldTest.MuchExcludedEntity>
[163826] WARN TypeUtils - Error during check isString on io.protostuff.runtime.Field<io.protostuff.runtime.ExcludeFieldTest.MuchExcludedEntity>
[163827] WARN TypeUtils - Error during check isString on io.protostuff.runtime.Field<io.protostuff.runtime.ExcludeFieldTest.MuchExcludedEntity>
[163828] WARN TypeUtils - Error during check isString on io.protostuff.runtime.Field<T>
 69% |================================================= ]- 63% |================================================= ]| 25% |================================================= ]| 27% |================================================= ]- 43% |================================================= ]/[164903] WARN TypeUtils - Error during check isString on io.protostuff.runtime.Field<io.protostuff.runtime.ExcludeFieldTest.MuchExcludedEntity>
[164909] WARN TypeUtils - Error during check isString on io.protostuff.runtime.Field<io.protostuff.runtime.ExcludeFieldTest.MuchExcludedEntity>
[164915] WARN TypeUtils - Error during check isString on io.protostuff.runtime.Field<io.protostuff.runtime.ExcludeFieldTest.MuchExcludedEntity>
[164920] WARN TypeUtils - Error during check isString on io.protostuff.runtime.Field<T>
  9% |================================================= ]/[165610] WARN TypeUtils - Error during check isString on io.protostuff.runtime.Field<io.protostuff.runtime.ExcludeFieldTest.MuchExcludedEntity>
[165616] WARN TypeUtils - Error during check isString on io.protostuff.runtime.Field<io.protostuff.runtime.ExcludeFieldTest.MuchExcludedEntity>
[165622] WARN TypeUtils - Error during check isString on io.protostuff.runtime.Field<io.protostuff.runtime.ExcludeFieldTest.MuchExcludedEntity>
[165626] WARN TypeUtils - Error during check isString on io.protostuff.runtime.Field<T>
[166017] WARN TypeUtils - Error during check isString on io.protostuff.runtime.Field<io.protostuff.runtime.ExcludeFieldTest.MuchExcludedEntity>
[166022] WARN TypeUtils - Error during check isString on io.protostuff.runtime.Field<io.protostuff.runtime.ExcludeFieldTest.MuchExcludedEntity>
[166023] WARN TypeUtils - Error during check isString on io.protostuff.runtime.Field<io.protostuff.runtime.ExcludeFieldTest.MuchExcludedEntity>
[166027] WARN TypeUtils - Error during check isString on io.protostuff.runtime.Field<io.protostuff.runtime.ExcludeFieldTest.MuchExcludedEntity>
[166027] WARN TypeUtils - Error during check isString on io.protostuff.runtime.Field<io.protostuff.runtime.ExcludeFieldTest.MuchExcludedEntity>
[166029] WARN TypeUtils - Error during check isString on io.protostuff.runtime.Field<io.protostuff.runtime.ExcludeFieldTest.MuchExcludedEntity>
[166031] WARN TypeUtils - Error during check isString on io.protostuff.runtime.Field<T>
[166031] WARN TypeUtils - Error during check isString on io.protostuff.runtime.Field<T>
[166034] WARN TypeUtils - Error during check isString on io.protostuff.runtime.Field<T>
[166034] WARN TypeUtils - Error during check isString on io.protostuff.runtime.Field<T>
 42% |================================================= ]| 37% |================================================= ]| 40% |================================================= ]-[167507] WARN TypeUtils - Error during check isString on io.protostuff.runtime.Field<io.protostuff.runtime.ExcludeFieldTest.MuchExcludedEntity>
[167512] WARN TypeUtils - Error during check isString on io.protostuff.runtime.Field<io.protostuff.runtime.ExcludeFieldTest.MuchExcludedEntity>
[167515] WARN TypeUtils - Error during check isString on io.protostuff.runtime.Field<io.protostuff.runtime.ExcludeFieldTest.MuchExcludedEntity>
[167517] WARN TypeUtils - Error during check isString on io.protostuff.runtime.Field<T>
[168183] WARN TypeUtils - Error during check isString on io.protostuff.runtime.Field<io.protostuff.runtime.ExcludeFieldTest.MuchExcludedEntity>
[168186] WARN TypeUtils - Error during check isString on io.protostuff.runtime.Field<io.protostuff.runtime.ExcludeFieldTest.MuchExcludedEntity>
[168190] WARN TypeUtils - Error during check isString on io.protostuff.runtime.Field<io.protostuff.runtime.ExcludeFieldTest.MuchExcludedEntity>
[168192] WARN TypeUtils - Error during check isString on io.protostuff.runtime.Field<T>
[169389] WARN TypeUtils - Error during check isString on io.protostuff.runtime.Field<io.protostuff.runtime.ExcludeFieldTest.MuchExcludedEntity>
[169395] WARN TypeUtils - Error during check isString on io.protostuff.runtime.Field<io.protostuff.runtime.ExcludeFieldTest.MuchExcludedEntity>
[169403] WARN TypeUtils - Error during check isString on io.protostuff.runtime.Field<io.protostuff.runtime.ExcludeFieldTest.MuchExcludedEntity>
[169409] WARN TypeUtils - Error during check isString on io.protostuff.runtime.Field<T>
[169700] WARN TypeUtils - Error during check isString on io.protostuff.runtime.Field<io.protostuff.runtime.ExcludeFieldTest.MuchExcludedEntity>
[169704] WARN TypeUtils - Error during check isString on io.protostuff.runtime.Field<io.protostuff.runtime.ExcludeFieldTest.MuchExcludedEntity>
[169707] WARN TypeUtils - Error during check isString on io.protostuff.runtime.Field<io.protostuff.runtime.ExcludeFieldTest.MuchExcludedEntity>
[169709] WARN TypeUtils - Error during check isString on io.protostuff.runtime.Field<T>
[169800] WARN TypeUtils - Error during check isString on io.protostuff.runtime.Field<io.protostuff.runtime.ExcludeFieldTest.MuchExcludedEntity>
[169802] WARN TypeUtils - Error during check isString on io.protostuff.runtime.Field<io.protostuff.runtime.ExcludeFieldTest.MuchExcludedEntity>
[169803] WARN TypeUtils - Error during check isString on io.protostuff.runtime.Field<io.protostuff.runtime.ExcludeFieldTest.MuchExcludedEntity>
[169804] WARN TypeUtils - Error during check isString on io.protostuff.runtime.Field<T>
[169900] WARN TypeUtils - Error during check isString on io.protostuff.runtime.Field<io.protostuff.runtime.ExcludeFieldTest.MuchExcludedEntity>
[169901] WARN TypeUtils - Error during check isString on io.protostuff.runtime.Field<io.protostuff.runtime.ExcludeFieldTest.MuchExcludedEntity>
[169903] WARN TypeUtils - Error during check isString on io.protostuff.runtime.Field<io.protostuff.runtime.ExcludeFieldTest.MuchExcludedEntity>
[169904] WARN TypeUtils - Error during check isString on io.protostuff.runtime.Field<T>
[170002] WARN TypeUtils - Error during check isString on io.protostuff.runtime.Field<io.protostuff.runtime.ExcludeFieldTest.MuchExcludedEntity>
[170004] WARN TypeUtils - Error during check isString on io.protostuff.runtime.Field<io.protostuff.runtime.ExcludeFieldTest.MuchExcludedEntity>
[170004] WARN TypeUtils - Error during check isString on io.protostuff.runtime.Field<io.protostuff.runtime.ExcludeFieldTest.MuchExcludedEntity>
[170005] WARN TypeUtils - Error during check isString on io.protostuff.runtime.Field<T>
[170032] WARN TypeUtils - Error during check isString on io.protostuff.runtime.Field<io.protostuff.runtime.ExcludeFieldTest.MuchExcludedEntity>
[170035] WARN TypeUtils - Error during check isString on io.protostuff.runtime.Field<io.protostuff.runtime.ExcludeFieldTest.MuchExcludedEntity>
[170036] WARN TypeUtils - Error during check isString on io.protostuff.runtime.Field<io.protostuff.runtime.ExcludeFieldTest.MuchExcludedEntity>
[170038] WARN TypeUtils - Error during check isString on io.protostuff.runtime.Field<T>
[170346] WARN TypeUtils - Error during check isString on io.protostuff.runtime.Field<io.protostuff.runtime.ExcludeFieldTest.MuchExcludedEntity>
[170348] WARN TypeUtils - Error during check isString on io.protostuff.runtime.Field<io.protostuff.runtime.ExcludeFieldTest.MuchExcludedEntity>
[170349] WARN TypeUtils - Error during check isString on io.protostuff.runtime.Field<io.protostuff.runtime.ExcludeFieldTest.MuchExcludedEntity>
[170349] WARN TypeUtils - Error during check isString on io.protostuff.runtime.Field<T>
[170378] WARN TypeUtils - Error during check isString on io.protostuff.runtime.Field<io.protostuff.runtime.ExcludeFieldTest.MuchExcludedEntity>
[170379] WARN TypeUtils - Error during check isString on io.protostuff.runtime.Field<io.protostuff.runtime.ExcludeFieldTest.MuchExcludedEntity>
[170379] WARN TypeUtils - Error during check isString on io.protostuff.runtime.Field<io.protostuff.runtime.ExcludeFieldTest.MuchExcludedEntity>
[170380] WARN TypeUtils - Error during check isString on io.protostuff.runtime.Field<T>
[170858] WARN TypeUtils - Error during check isString on io.protostuff.runtime.Field<io.protostuff.runtime.ExcludeFieldTest.MuchExcludedEntity>
[170859] WARN TypeUtils - Error during check isString on io.protostuff.runtime.Field<io.protostuff.runtime.ExcludeFieldTest.MuchExcludedEntity>
[170860] WARN TypeUtils - Error during check isString on io.protostuff.runtime.Field<io.protostuff.runtime.ExcludeFieldTest.MuchExcludedEntity>
[170861] WARN TypeUtils - Error during check isString on io.protostuff.runtime.Field<T>
[171015] WARN TypeUtils - Error during check isString on io.protostuff.runtime.Field<io.protostuff.runtime.ExcludeFieldTest.MuchExcludedEntity>
[171016] WARN TypeUtils - Error during check isString on io.protostuff.runtime.Field<io.protostuff.runtime.ExcludeFieldTest.MuchExcludedEntity>
[171017] WARN TypeUtils - Error during check isString on io.protostuff.runtime.Field<io.protostuff.runtime.ExcludeFieldTest.MuchExcludedEntity>
[171018] WARN TypeUtils - Error during check isString on io.protostuff.runtime.Field<T>
[171128] WARN TypeUtils - Error during check isString on io.protostuff.runtime.Field<io.protostuff.runtime.ExcludeFieldTest.MuchExcludedEntity>
[171128] WARN TypeUtils - Error during check isString on io.protostuff.runtime.Field<io.protostuff.runtime.ExcludeFieldTest.MuchExcludedEntity>
[171129] WARN TypeUtils - Error during check isString on io.protostuff.runtime.Field<io.protostuff.runtime.ExcludeFieldTest.MuchExcludedEntity>
[171129] WARN TypeUtils - Error during check isString on io.protostuff.runtime.Field<T>
[171378] WARN TypeUtils - Error during check isString on io.protostuff.runtime.Field<io.protostuff.runtime.ExcludeFieldTest.MuchExcludedEntity>
[171379] WARN TypeUtils - Error during check isString on io.protostuff.runtime.Field<io.protostuff.runtime.ExcludeFieldTest.MuchExcludedEntity>
[171379] WARN TypeUtils - Error during check isString on io.protostuff.runtime.Field<io.protostuff.runtime.ExcludeFieldTest.MuchExcludedEntity>
[171379] WARN TypeUtils - Error during check isString on io.protostuff.runtime.Field<T>
[171548] WARN TypeUtils - Error during check isString on io.protostuff.runtime.Field<io.protostuff.runtime.ExcludeFieldTest.MuchExcludedEntity>
[171548] WARN TypeUtils - Error during check isString on io.protostuff.runtime.Field<io.protostuff.runtime.ExcludeFieldTest.MuchExcludedEntity>
[171548] WARN TypeUtils - Error during check isString on io.protostuff.runtime.Field<io.protostuff.runtime.ExcludeFieldTest.MuchExcludedEntity>
[171549] WARN TypeUtils - Error during check isString on io.protostuff.runtime.Field<T>
[171730] INFO Amplification - 9100 new tests generated
[171730] WARN AmplificationHelper - Too many tests have been generated: 9100
[175505] INFO AmplificationHelper - Number of generated test reduced to 200
[181323] INFO AssertGenerator - Run tests. (200)
[181752] WARN TestCompiler - 15 errors during compilation, discarding involved test methods
[182183] ERROR TestCompiler - Pb(2) T cannot be resolved to a type
[182183] ERROR TestCompiler - Pb(2) T cannot be resolved to a type
[182183] ERROR TestCompiler - Pb(2) T cannot be resolved to a type
[182183] ERROR TestCompiler - Pb(2) T cannot be resolved to a type
[182183] ERROR TestCompiler - Pb(2) T cannot be resolved to a type
[182183] ERROR TestCompiler - Pb(2) T cannot be resolved to a type
[182183] ERROR TestCompiler - Pb(2) T cannot be resolved to a type
[182183] ERROR TestCompiler - Pb(2) T cannot be resolved to a type
[182183] ERROR TestCompiler - Pb(2) T cannot be resolved to a type
[182183] ERROR TestCompiler - Pb(2) T cannot be resolved to a type
[182183] ERROR TestCompiler - Pb(2) T cannot be resolved to a type
[182183] ERROR TestCompiler - Pb(2) T cannot be resolved to a type
[182183] ERROR TestCompiler - Pb(2) T cannot be resolved to a type
[182183] ERROR TestCompiler - Pb(2) T cannot be resolved to a type
[182183] ERROR TestCompiler - Pb(2) T cannot be resolved to a type
[183476] INFO AssertGenerator - 184 test pass, generating assertion...
[183560] INFO MethodsAssertGenerator - Add observations points in passing tests.
[183560] INFO MethodsAssertGenerator - Instrumentation...
  0% |================================================= ]/  1% |================================================= ]-  1% |================================================= ]\  2% |================================================= ]|  2% |================================================= ]/  3% |================================================= ]-  3% |================================================= ]\  4% |================================================= ]|  4% |================================================= ]/  5% |================================================= ]-  5% |================================================= ]\  6% |================================================= ]|  7% |================================================= ]/  7% |================================================= ]-  8% |================================================= ]\  8% |================================================= ]|  9% |================================================= ]/  9% |================================================= ]- 10% |================================================= ]\ 10% |================================================= ]| 11% |================================================= ]/ 11% |================================================= ]- 12% |================================================= ]\ 13% |================================================= ]| 13% |================================================= ]/ 14% |================================================= ]- 14% |================================================= ]\ 15% |================================================= ]| 15% |================================================= ]/ 16% |================================================= ]- 16% |================================================= ]\ 17% |================================================= ]| 17% |================================================= ]/ 18% |================================================= ]- 19% |================================================= ]\ 19% |================================================= ]| 20% |================================================= ]/ 20% |================================================= ]- 21% |================================================= ]\ 21% |================================================= ]| 22% |================================================= ]/ 22% |================================================= ]- 23% |================================================= ]\ 23% |================================================= ]| 24% |================================================= ]/ 25% |================================================= ]- 25% |================================================= ]\ 26% |================================================= ]| 26% |================================================= ]/ 27% |================================================= ]- 27% |================================================= ]\ 28% |================================================= ]| 28% |================================================= ]/ 29% |================================================= ]- 29% |================================================= ]\ 30% |================================================= ]| 30% |================================================= ]/ 31% |================================================= ]- 32% |================================================= ]\ 32% |================================================= ]| 33% |================================================= ]/ 33% |================================================= ]- 34% |================================================= ]\ 34% |================================================= ]| 35% |================================================= ]/ 35% |================================================= ]- 36% |================================================= ]\ 36% |================================================= ]| 37% |================================================= ]/ 38% |================================================= ]- 38% |================================================= ]\ 39% |================================================= ]| 39% |================================================= ]/ 40% |================================================= ]- 40% |================================================= ]\ 41% |================================================= ]| 41% |================================================= ]/ 42% |================================================= ]- 42% |================================================= ]\ 43% |================================================= ]| 44% |================================================= ]/ 44% |================================================= ]- 45% |================================================= ]\ 45% |================================================= ]| 46% |================================================= ]/ 46% |================================================= ]- 47% |================================================= ]\ 47% |================================================= ]| 48% |================================================= ]/ 48% |================================================= ]- 49% |================================================= ]\ 50% |================================================= ]| 50% |================================================= ]/ 51% |================================================= ]- 51% |================================================= ]\ 52% |================================================= ]| 52% |================================================= ]/ 53% |================================================= ]- 53% |================================================= ]\ 54% |================================================= ]| 54% |================================================= ]/ 55% |================================================= ]- 55% |================================================= ]\ 56% |================================================= ]| 57% |================================================= ]/ 57% |================================================= ]- 58% |================================================= ]\ 58% |================================================= ]| 59% |================================================= ]/ 59% |================================================= ]- 60% |================================================= ]\ 60% |================================================= ]| 61% |================================================= ]/ 61% |================================================= ]- 62% |================================================= ]\ 63% |================================================= ]| 63% |================================================= ]/ 64% |================================================= ]- 64% |================================================= ]\ 65% |================================================= ]| 65% |================================================= ]/ 66% |================================================= ]- 66% |================================================= ]\ 67% |================================================= ]| 67% |================================================= ]/ 68% |================================================= ]- 69% |================================================= ]\ 69% |================================================= ]| 70% |================================================= ]/ 70% |================================================= ]- 71% |================================================= ]\ 71% |================================================= ]| 72% |================================================= ]/ 72% |================================================= ]- 73% |================================================= ]\ 73% |================================================= ]| 74% |================================================= ]/ 75% |================================================= ]- 75% |================================================= ]\ 76% |================================================= ]| 76% |================================================= ]/ 77% |================================================= ]- 77% |================================================= ]\ 78% |================================================= ]| 78% |================================================= ]/ 79% |================================================= ]- 79% |================================================= ]\ 80% |================================================= ]| 80% |================================================= ]/ 81% |================================================= ]- 82% |================================================= ]\ 82% |================================================= ]| 83% |================================================= ]/ 83% |================================================= ]- 84% |================================================= ]\ 84% |================================================= ]| 85% |================================================= ]/ 85% |================================================= ]- 86% |================================================= ]\ 86% |================================================= ]| 87% |================================================= ]/ 88% |================================================= ]- 88% |================================================= ]\ 89% |================================================= ]| 89% |================================================= ]/ 90% |================================================= ]- 90% |================================================= ]\ 91% |================================================= ]| 91% |================================================= ]/ 92% |================================================= ]- 92% |================================================= ]\ 93% |================================================= ]| 94% |================================================= ]/ 94% |================================================= ]- 95% |================================================= ]\ 95% |================================================= ]| 96% |================================================= ]/ 96% |================================================= ]- 97% |================================================= ]\ 97% |================================================= ]| 98% |================================================= ]/ 98% |================================================= ]- 99% |================================================= ]\100% |================================================== ]|
[185654] INFO MethodsAssertGenerator - Run instrumented tests. (552)
[188351] WARN TestCompiler - 100 errors during compilation, discarding involved test methods
[192439] ERROR TestCompiler - Pb(2) T cannot be resolved to a type
[192439] ERROR TestCompiler - Pb(2) T cannot be resolved to a type
[192439] ERROR TestCompiler - Pb(2) T cannot be resolved to a type
[192439] ERROR TestCompiler - Pb(2) T cannot be resolved to a type
[192439] ERROR TestCompiler - Pb(2) T cannot be resolved to a type
[192439] ERROR TestCompiler - Pb(2) T cannot be resolved to a type
[192439] ERROR TestCompiler - Pb(2) T cannot be resolved to a type
[192439] ERROR TestCompiler - Pb(2) T cannot be resolved to a type
[192439] ERROR TestCompiler - Pb(2) T cannot be resolved to a type
[192440] ERROR TestCompiler - Pb(2) T cannot be resolved to a type
[192440] ERROR TestCompiler - Pb(2) T cannot be resolved to a type
[192440] ERROR TestCompiler - Pb(2) T cannot be resolved to a type
[192440] ERROR TestCompiler - Pb(2) T cannot be resolved to a type
[192440] ERROR TestCompiler - Pb(2) T cannot be resolved to a type
[192440] ERROR TestCompiler - Pb(2) T cannot be resolved to a type
[192440] ERROR TestCompiler - Pb(2) T cannot be resolved to a type
[192440] ERROR TestCompiler - Pb(2) T cannot be resolved to a type
[192440] ERROR TestCompiler - Pb(2) T cannot be resolved to a type
[192440] ERROR TestCompiler - Pb(2) T cannot be resolved to a type
[192440] ERROR TestCompiler - Pb(2) T cannot be resolved to a type
[196039] WARN TestCompiler - 100 errors during compilation, discarding involved test methods
[199104] ERROR TestCompiler - Pb(2) T cannot be resolved to a type
[199104] ERROR TestCompiler - Pb(2) T cannot be resolved to a type
[199104] ERROR TestCompiler - Pb(2) T cannot be resolved to a type
[199104] ERROR TestCompiler - Pb(2) T cannot be resolved to a type
[199104] ERROR TestCompiler - Pb(2) T cannot be resolved to a type
[199105] ERROR TestCompiler - Pb(2) T cannot be resolved to a type
[199105] ERROR TestCompiler - Pb(2) T cannot be resolved to a type
[199105] ERROR TestCompiler - Pb(2) T cannot be resolved to a type
[199105] ERROR TestCompiler - Pb(2) T cannot be resolved to a type
[199105] ERROR TestCompiler - Pb(2) T cannot be resolved to a type
[199105] ERROR TestCompiler - Pb(2) T cannot be resolved to a type
[199105] ERROR TestCompiler - Pb(2) T cannot be resolved to a type
[199105] ERROR TestCompiler - Pb(2) T cannot be resolved to a type
[199105] ERROR TestCompiler - Pb(2) T cannot be resolved to a type
[199105] ERROR TestCompiler - Pb(2) T cannot be resolved to a type
[199105] ERROR TestCompiler - Pb(2) T cannot be resolved to a type
[199105] ERROR TestCompiler - Pb(2) T cannot be resolved to a type
[199105] ERROR TestCompiler - Pb(2) T cannot be resolved to a type
[199105] ERROR TestCompiler - Pb(2) T cannot be resolved to a type
[199105] ERROR TestCompiler - Pb(2) T cannot be resolved to a type
[201893] WARN TestCompiler - 100 errors during compilation, discarding involved test methods
[204238] ERROR TestCompiler - Pb(2) T cannot be resolved to a type
[204238] ERROR TestCompiler - Pb(2) T cannot be resolved to a type
[204238] ERROR TestCompiler - Pb(2) T cannot be resolved to a type
[204238] ERROR TestCompiler - Pb(2) T cannot be resolved to a type
[204238] ERROR TestCompiler - Pb(2) T cannot be resolved to a type
[204238] ERROR TestCompiler - Pb(2) T cannot be resolved to a type
[204238] ERROR TestCompiler - Pb(2) T cannot be resolved to a type
[204238] ERROR TestCompiler - Pb(2) T cannot be resolved to a type
[204238] ERROR TestCompiler - Pb(2) T cannot be resolved to a type
[204238] ERROR TestCompiler - Pb(2) T cannot be resolved to a type
[204238] ERROR TestCompiler - Pb(2) T cannot be resolved to a type
[204238] ERROR TestCompiler - Pb(2) T cannot be resolved to a type
[204238] ERROR TestCompiler - Pb(2) T cannot be resolved to a type
[204238] ERROR TestCompiler - Pb(2) T cannot be resolved to a type
[204238] ERROR TestCompiler - Pb(2) T cannot be resolved to a type
[204238] ERROR TestCompiler - Pb(2) T cannot be resolved to a type
[204238] ERROR TestCompiler - Pb(2) T cannot be resolved to a type
[204238] ERROR TestCompiler - Pb(2) T cannot be resolved to a type
[204238] ERROR TestCompiler - Pb(2) T cannot be resolved to a type
[204238] ERROR TestCompiler - Pb(2) T cannot be resolved to a type
[206255] WARN TestCompiler - 100 errors during compilation, discarding involved test methods
[207827] ERROR TestCompiler - Pb(2) T cannot be resolved to a type
[207827] ERROR TestCompiler - Pb(2) T cannot be resolved to a type
[207827] ERROR TestCompiler - Pb(2) T cannot be resolved to a type
[207827] ERROR TestCompiler - Pb(2) T cannot be resolved to a type
[207827] ERROR TestCompiler - Pb(2) T cannot be resolved to a type
[207827] ERROR TestCompiler - Pb(2) T cannot be resolved to a type
[207827] ERROR TestCompiler - Pb(2) T cannot be resolved to a type
[207827] ERROR TestCompiler - Pb(2) T cannot be resolved to a type
[207827] ERROR TestCompiler - Pb(2) T cannot be resolved to a type
[207827] ERROR TestCompiler - Pb(2) T cannot be resolved to a type
[207827] ERROR TestCompiler - Pb(2) T cannot be resolved to a type
[207827] ERROR TestCompiler - Pb(2) T cannot be resolved to a type
[207827] ERROR TestCompiler - Pb(2) T cannot be resolved to a type
[207827] ERROR TestCompiler - Pb(2) T cannot be resolved to a type
[207827] ERROR TestCompiler - Pb(2) T cannot be resolved to a type
[207827] ERROR TestCompiler - Pb(2) T cannot be resolved to a type
[207827] ERROR TestCompiler - Pb(2) T cannot be resolved to a type
[207827] ERROR TestCompiler - Pb(2) T cannot be resolved to a type
[207827] ERROR TestCompiler - Pb(2) T cannot be resolved to a type
[207827] ERROR TestCompiler - Pb(2) T cannot be resolved to a type
[209331] WARN TestCompiler - 100 errors during compilation, discarding involved test methods
[210330] ERROR TestCompiler - Pb(2) T cannot be resolved to a type
[210330] ERROR TestCompiler - Pb(2) T cannot be resolved to a type
[210330] ERROR TestCompiler - Pb(2) T cannot be resolved to a type
[210330] ERROR TestCompiler - Pb(2) T cannot be resolved to a type
[210330] ERROR TestCompiler - Pb(2) T cannot be resolved to a type
[210330] ERROR TestCompiler - Pb(2) T cannot be resolved to a type
[210330] ERROR TestCompiler - Pb(2) T cannot be resolved to a type
[210330] ERROR TestCompiler - Pb(2) T cannot be resolved to a type
[210330] ERROR TestCompiler - Pb(2) T cannot be resolved to a type
[210330] ERROR TestCompiler - Pb(2) T cannot be resolved to a type
[210330] ERROR TestCompiler - Pb(2) T cannot be resolved to a type
[210330] ERROR TestCompiler - Pb(2) T cannot be resolved to a type
[210330] ERROR TestCompiler - Pb(2) T cannot be resolved to a type
[210330] ERROR TestCompiler - Pb(2) T cannot be resolved to a type
[210330] ERROR TestCompiler - Pb(2) T cannot be resolved to a type
[210330] ERROR TestCompiler - Pb(2) T cannot be resolved to a type
[210330] ERROR TestCompiler - Pb(2) T cannot be resolved to a type
[210330] ERROR TestCompiler - Pb(2) T cannot be resolved to a type
[210330] ERROR TestCompiler - Pb(2) T cannot be resolved to a type
[210330] ERROR TestCompiler - Pb(2) T cannot be resolved to a type
[211325] WARN TestCompiler - 96 errors during compilation, discarding involved test methods
[211859] ERROR TestCompiler - Pb(2) T cannot be resolved to a type
[211860] ERROR TestCompiler - Pb(2) T cannot be resolved to a type
[211860] ERROR TestCompiler - Pb(2) T cannot be resolved to a type
[211860] ERROR TestCompiler - Pb(2) T cannot be resolved to a type
[211860] ERROR TestCompiler - Pb(2) T cannot be resolved to a type
[211860] ERROR TestCompiler - Pb(2) T cannot be resolved to a type
[211860] ERROR TestCompiler - Pb(2) T cannot be resolved to a type
[211860] ERROR TestCompiler - Pb(2) T cannot be resolved to a type
[211860] ERROR TestCompiler - Pb(2) T cannot be resolved to a type
[211860] ERROR TestCompiler - Pb(2) T cannot be resolved to a type
[211860] ERROR TestCompiler - Pb(2) T cannot be resolved to a type
[211860] ERROR TestCompiler - Pb(2) T cannot be resolved to a type
[211860] ERROR TestCompiler - Pb(2) T cannot be resolved to a type
[211860] ERROR TestCompiler - Pb(2) T cannot be resolved to a type
[211860] ERROR TestCompiler - Pb(2) T cannot be resolved to a type
[211860] ERROR TestCompiler - Pb(2) T cannot be resolved to a type
[211860] ERROR TestCompiler - Pb(2) T cannot be resolved to a type
[211860] ERROR TestCompiler - Pb(2) T cannot be resolved to a type
[211860] ERROR TestCompiler - Pb(2) T cannot be resolved to a type
[211860] ERROR TestCompiler - Pb(2) T cannot be resolved to a type
fr.inria.diversify.dspot.AmplificationException: Every test methods are uncompilable
	at fr.inria.diversify.utils.compilation.TestCompiler.compileAndRun(TestCompiler.java:76)
	at fr.inria.diversify.dspot.assertGenerator.MethodsAssertGenerator.addAssertions(MethodsAssertGenerator.java:99)
	at fr.inria.diversify.dspot.assertGenerator.AssertGenerator.innerAssertionAmplification(AssertGenerator.java:117)
	at fr.inria.diversify.dspot.assertGenerator.AssertGenerator.assertionAmplification(AssertGenerator.java:66)
	at fr.inria.diversify.dspot.Amplification.amplification(Amplification.java:140)
	at fr.inria.diversify.dspot.Amplification.amplification(Amplification.java:103)
	at fr.inria.diversify.dspot.DSpot.amplifyTest(DSpot.java:183)
	at fr.inria.diversify.dspot.DSpot.amplifyTest(DSpot.java:170)
	at eu.stamp.project.Main.lambda$null$1(Main.java:143)
	at java.util.stream.ReferencePipeline$3$1.accept(ReferencePipeline.java:193)
	at java.util.HashMap$KeySpliterator.forEachRemaining(HashMap.java:1548)
	at java.util.stream.AbstractPipeline.copyInto(AbstractPipeline.java:481)
	at java.util.stream.AbstractPipeline.wrapAndCopyInto(AbstractPipeline.java:471)
	at java.util.stream.ReduceOps$ReduceOp.evaluateSequential(ReduceOps.java:708)
	at java.util.stream.AbstractPipeline.evaluate(AbstractPipeline.java:234)
	at java.util.stream.ReferencePipeline.collect(ReferencePipeline.java:499)
	at eu.stamp.project.Main.lambda$run$2(Main.java:144)
	at java.util.stream.ForEachOps$ForEachOp$OfRef.accept(ForEachOps.java:184)
	at java.util.stream.ReferencePipeline$2$1.accept(ReferencePipeline.java:175)
	at java.util.ArrayList$ArrayListSpliterator.forEachRemaining(ArrayList.java:1374)
	at java.util.stream.AbstractPipeline.copyInto(AbstractPipeline.java:481)
	at java.util.stream.AbstractPipeline.wrapAndCopyInto(AbstractPipeline.java:471)
	at java.util.stream.ForEachOps$ForEachOp.evaluateSequential(ForEachOps.java:151)
	at java.util.stream.ForEachOps$ForEachOp$OfRef.evaluateSequential(ForEachOps.java:174)
	at java.util.stream.AbstractPipeline.evaluate(AbstractPipeline.java:234)
	at java.util.stream.ReferencePipeline.forEach(ReferencePipeline.java:418)
	at eu.stamp.project.Main.run(Main.java:117)
	at eu.stamp.project.Main.main(Main.java:88)
[214537] INFO AssertGenerator - 1 test fail, generating try/catch/fail blocks...
[214538] INFO AssertGenerator - Could not generate any test with assertions
[214538] INFO Amplification - 0 amplified test(s) has been selected, global: 3
[214538] INFO Amplification - amp testIt (2/3)
[214997] INFO Amplification - iteration 0:
[214997] INFO Amplification - 1 tests selected to be amplified over 1 available tests
[214997] INFO Amplification - Amplification of inputs...
100% |================================================== ]/
[215841] INFO Amplification - 69 new tests generated
[215960] INFO AssertGenerator - Run tests. (69)
[216602] INFO AssertGenerator - 69 test pass, generating assertion...
[216614] INFO MethodsAssertGenerator - Add observations points in passing tests.
[216614] INFO MethodsAssertGenerator - Instrumentation...
  1% | ]/  2% |= ]-  4% |== ]\  5% |== ]|  7% |=== ]/  8% |==== ]- 10% |===== ]\ 11% |===== ]| 13% |====== ]/ 14% |======= ]- 15% |======= ]\ 17% |======== ]| 18% |========= ]/ 20% |========== ]- 21% |========== ]\ 23% |=========== ]| 24% |============ ]/ 26% |============= ]- 27% |============= ]\ 28% |============== ]| 30% |=============== ]/ 31% |=============== ]- 33% |================ ]\ 34% |================= ]| 36% |================== ]/ 37% |================== ]- 39% |=================== ]\ 40% |==================== ]| 42% |===================== ]/ 43% |===================== ]- 44% |====================== ]\ 46% |======================= ]| 47% |======================= ]/ 49% |======================== ]- 50% |========================= ]\ 52% |========================== ]| 53% |========================== ]/ 55% |=========================== ]- 56% |============================ ]\ 57% |============================ ]| 59% |============================= ]/ 60% |============================== ]- 62% |=============================== ]\ 63% |=============================== ]| 65% |================================ ]/ 66% |================================= ]- 68% |================================== ]\ 69% |================================== ]| 71% |=================================== ]/ 72% |==================================== ]- 73% |==================================== ]\ 75% |===================================== ]| 76% |====================================== ]/ 78% |======================================= ]- 79% |======================================= ]\ 81% |======================================== ]| 82% |========================================= ]/ 84% |========================================== ]- 85% |========================================== ]\ 86% |=========================================== ]| 88% |============================================ ]/ 89% |============================================ ]- 91% |============================================= ]\ 92% |============================================== ]| 94% |=============================================== ]/ 95% |=============================================== ]- 97% |================================================ ]\ 98% |================================================= ]|100% |================================================== ]/
[216888] INFO MethodsAssertGenerator - Run instrumented tests. (207)
[217345] WARN TestCompiler - 12 errors during compilation, discarding involved test methods
[217891] ERROR TestCompiler - Pb(2) T cannot be resolved to a type
[217891] ERROR TestCompiler - Pb(2) T cannot be resolved to a type
[217891] ERROR TestCompiler - Pb(2) T cannot be resolved to a type
[217891] ERROR TestCompiler - Pb(2) T cannot be resolved to a type
[217891] ERROR TestCompiler - Pb(2) T cannot be resolved to a type
[217891] ERROR TestCompiler - Pb(2) T cannot be resolved to a type
[217891] ERROR TestCompiler - Pb(2) T cannot be resolved to a type
[217891] ERROR TestCompiler - Pb(2) T cannot be resolved to a type
[217891] ERROR TestCompiler - Pb(2) T cannot be resolved to a type
[217891] ERROR TestCompiler - Pb(2) T cannot be resolved to a type
[217891] ERROR TestCompiler - Pb(2) T cannot be resolved to a type
[217891] ERROR TestCompiler - Pb(2) T cannot be resolved to a type
[220300] INFO MethodsAssertGenerator - Generating assertions...
[220342] INFO AssertGenerator - 65 new tests with assertions generated
[221084] WARN Amplification - Discarding failing test cases
[221084] INFO Amplification - 0 test method(s) has been successfully generated
[221084] INFO Amplification - iteration 1:
[221084] INFO Amplification - No test could be generated from selected test
[221084] INFO Amplification - iteration 2:
[221084] INFO Amplification - No test could be generated from selected test
[221084] INFO Amplification - 0 amplified test(s) has been selected, global: 3
[221084] INFO Amplification - amp testTaggedAndExcludedEntity (3/3)
[221550] INFO Amplification - iteration 0:
[221550] INFO Amplification - 1 tests selected to be amplified over 1 available tests
[221550] INFO Amplification - Amplification of inputs...
100% |================================================== ]/
[222377] INFO Amplification - 72 new tests generated
[222528] INFO AssertGenerator - Run tests. (72)
[223201] INFO AssertGenerator - 72 test pass, generating assertion...
[223215] INFO MethodsAssertGenerator - Add observations points in passing tests.
[223215] INFO MethodsAssertGenerator - Instrumentation...
  1% | ]/  2% |= ]-  4% |== ]\  5% |== ]|  6% |=== ]/  8% |==== ]-  9% |==== ]\ 11% |===== ]| 12% |====== ]/ 13% |====== ]- 15% |======= ]\ 16% |======== ]| 18% |========= ]/ 19% |========= ]- 20% |========== ]\ 22% |=========== ]| 23% |=========== ]/ 25% |============ ]- 26% |============= ]\ 27% |============= ]| 29% |============== ]/ 30% |=============== ]- 31% |=============== ]\ 33% |================ ]| 34% |================= ]/ 36% |================== ]- 37% |================== ]\ 38% |=================== ]| 40% |==================== ]/ 41% |==================== ]- 43% |===================== ]\ 44% |====================== ]| 45% |====================== ]/ 47% |======================= ]- 48% |======================== ]\ 50% |========================= ]| 51% |========================= ]/ 52% |========================== ]- 54% |=========================== ]\ 55% |=========================== ]| 56% |============================ ]/ 58% |============================= ]- 59% |============================= ]\ 61% |============================== ]| 62% |=============================== ]/ 63% |=============================== ]- 65% |================================ ]\ 66% |================================= ]| 68% |================================== ]/ 69% |================================== ]- 70% |=================================== ]\ 72% |==================================== ]| 73% |==================================== ]/ 75% |===================================== ]- 76% |====================================== ]\ 77% |====================================== ]| 79% |======================================= ]/ 80% |======================================== ]- 81% |======================================== ]\ 83% |========================================= ]| 84% |========================================== ]/ 86% |=========================================== ]- 87% |=========================================== ]\ 88% |============================================ ]| 90% |============================================= ]/ 91% |============================================= ]- 93% |============================================== ]\ 94% |=============================================== ]| 95% |=============================================== ]/ 97% |================================================ ]- 98% |================================================= ]\100% |================================================== ]|
[223636] INFO MethodsAssertGenerator - Run instrumented tests. (216)
[224289] WARN TestCompiler - 12 errors during compilation, discarding involved test methods
[224946] ERROR TestCompiler - Pb(2) T cannot be resolved to a type
[224946] ERROR TestCompiler - Pb(2) T cannot be resolved to a type
[224946] ERROR TestCompiler - Pb(2) T cannot be resolved to a type
[224946] ERROR TestCompiler - Pb(2) T cannot be resolved to a type
[224946] ERROR TestCompiler - Pb(2) T cannot be resolved to a type
[224946] ERROR TestCompiler - Pb(2) T cannot be resolved to a type
[224946] ERROR TestCompiler - Pb(2) T cannot be resolved to a type
[224946] ERROR TestCompiler - Pb(2) T cannot be resolved to a type
[224946] ERROR TestCompiler - Pb(2) T cannot be resolved to a type
[224946] ERROR TestCompiler - Pb(2) T cannot be resolved to a type
[224946] ERROR TestCompiler - Pb(2) T cannot be resolved to a type
[224946] ERROR TestCompiler - Pb(2) T cannot be resolved to a type
[227536] INFO MethodsAssertGenerator - Generating assertions...
[227590] INFO AssertGenerator - 68 new tests with assertions generated
[228333] WARN Amplification - Discarding failing test cases
[228334] INFO Amplification - 0 test method(s) has been successfully generated
[228334] INFO Amplification - iteration 1:
[228334] INFO Amplification - No test could be generated from selected test
[228334] INFO Amplification - iteration 2:
[228334] INFO Amplification - No test could be generated from selected test
[228334] INFO Amplification - 0 amplified test(s) has been selected, global: 3
[228334] INFO DSpot - elapsedTime 128409
======= REPORT =======
3 amplified test fails on the new versions.
testMuchExcludedEntity(io.protostuff.runtime.ExcludeFieldTest): expected:<357436546> but was:<1286109424>
testIt(io.protostuff.runtime.ExcludeFieldTest): expected:<-1959590454> but was:<-259388244>
testTaggedAndExcludedEntity(io.protostuff.runtime.ExcludeFieldTest): expected:<-700529235> but was:<-788558358>

[228347] INFO DSpot - Print AmplExcludeFieldTest with 3?amplified test cases in results/may-2018/protostuff/184/I_ampl
