SLF4J: Class path contains multiple SLF4J bindings.
SLF4J: Found binding in [jar:file:/home/spirals/danglot/.m2/repository/eu/stamp-project/test-runner/1.0.8/test-runner-1.0.8-jar-with-dependencies.jar!/org/slf4j/impl/StaticLoggerBinder.class]
SLF4J: Found binding in [jar:file:/home/spirals/danglot/.m2/repository/org/slf4j/slf4j-log4j12/1.7.25/slf4j-log4j12-1.7.25.jar!/org/slf4j/impl/StaticLoggerBinder.class]
SLF4J: See http://www.slf4j.org/codes.html#multiple_bindings for an explanation.
SLF4J: Actual binding is of type [org.slf4j.impl.Log4jLoggerFactory]
[0] WARN AutomaticBuilderFactory - No automatic builder specified in configuration, going to default.
[0] INFO AutomaticBuilderFactory - Default: provided Maven automatic builder.
[8] INFO MavenAutomaticBuilder - run maven clean test -DskipTests dependency:build-classpath -Dmdep.outputFile=target/dspot/classpath
[WARN] Maven will be executed in interactive mode, but no input stream has been configured for this MavenInvoker instance.
[INFO] Scanning for projects...
[INFO]                                                                         
[INFO] ------------------------------------------------------------------------
[INFO] Building protostuff :: runtime 1.4.5-SNAPSHOT
[INFO] ------------------------------------------------------------------------
[INFO] 
[INFO] --- maven-clean-plugin:2.5:clean (default-clean) @ protostuff-runtime ---
[INFO] Deleting /tmp/Ex2Amplifier-experiments/dataset/may-2018/protostuff/189_modified/protostuff-runtime/target
[INFO] 
[INFO] --- maven-enforcer-plugin:1.3.1:enforce (enforce-versions) @ protostuff-runtime ---
[INFO] Skipping Rule Enforcement.
[INFO] 
[INFO] --- maven-resources-plugin:2.6:resources (default-resources) @ protostuff-runtime ---
[INFO] Using 'UTF-8' encoding to copy filtered resources.
[INFO] skip non existing resourceDirectory /tmp/Ex2Amplifier-experiments/dataset/may-2018/protostuff/189_modified/protostuff-runtime/src/main/resources
[INFO] 
[INFO] --- maven-compiler-plugin:3.1:compile (default-compile) @ protostuff-runtime ---
[INFO] Changes detected - recompiling the module!
[INFO] Compiling 40 source files to /tmp/Ex2Amplifier-experiments/dataset/may-2018/protostuff/189_modified/protostuff-runtime/target/classes
[WARNING] /tmp/Ex2Amplifier-experiments/dataset/may-2018/protostuff/189_modified/protostuff-runtime/src/main/java/io/protostuff/runtime/OnDemandSunReflectionFactory.java:[40,44] sun.reflect.ReflectionFactory is internal proprietary API and may be removed in a future release
[WARNING] /tmp/Ex2Amplifier-experiments/dataset/may-2018/protostuff/189_modified/protostuff-runtime/src/main/java/io/protostuff/runtime/RuntimeUnsafeFieldFactory.java:[60,34] sun.misc.Unsafe is internal proprietary API and may be removed in a future release
[WARNING] /tmp/Ex2Amplifier-experiments/dataset/may-2018/protostuff/189_modified/protostuff-runtime/src/main/java/io/protostuff/runtime/RuntimeUnsafeFieldFactory.java:[62,28] sun.misc.Unsafe is internal proprietary API and may be removed in a future release
[WARNING] /tmp/Ex2Amplifier-experiments/dataset/may-2018/protostuff/189_modified/protostuff-runtime/src/main/java/io/protostuff/runtime/RuntimeUnsafeFieldFactory.java:[66,49] sun.misc.Unsafe is internal proprietary API and may be removed in a future release
[WARNING] /tmp/Ex2Amplifier-experiments/dataset/may-2018/protostuff/189_modified/protostuff-runtime/src/main/java/io/protostuff/runtime/RuntimeUnsafeFieldFactory.java:[71,29] sun.misc.Unsafe is internal proprietary API and may be removed in a future release
[WARNING] /tmp/Ex2Amplifier-experiments/dataset/may-2018/protostuff/189_modified/protostuff-runtime/src/main/java/io/protostuff/runtime/RuntimeUnsafeFieldFactory.java:[86,24] sun.misc.Unsafe is internal proprietary API and may be removed in a future release
[INFO] 
[INFO] --- maven-resources-plugin:2.6:testResources (default-testResources) @ protostuff-runtime ---
[INFO] Using 'UTF-8' encoding to copy filtered resources.
[INFO] skip non existing resourceDirectory /tmp/Ex2Amplifier-experiments/dataset/may-2018/protostuff/189_modified/protostuff-runtime/src/test/resources
[INFO] 
[INFO] --- maven-compiler-plugin:3.1:testCompile (default-testCompile) @ protostuff-runtime ---
[INFO] Changes detected - recompiling the module!
[INFO] Compiling 44 source files to /tmp/Ex2Amplifier-experiments/dataset/may-2018/protostuff/189_modified/protostuff-runtime/target/test-classes
[WARNING] /tmp/Ex2Amplifier-experiments/dataset/may-2018/protostuff/189_modified/protostuff-runtime/src/test/java/io/protostuff/runtime/CollectionTest.java: Some input files use or override a deprecated API.
[WARNING] /tmp/Ex2Amplifier-experiments/dataset/may-2018/protostuff/189_modified/protostuff-runtime/src/test/java/io/protostuff/runtime/CollectionTest.java: Recompile with -Xlint:deprecation for details.
[WARNING] /tmp/Ex2Amplifier-experiments/dataset/may-2018/protostuff/189_modified/protostuff-runtime/src/test/java/io/protostuff/runtime/AbstractRuntimeObjectSchemaTest.java: Some input files use unchecked or unsafe operations.
[WARNING] /tmp/Ex2Amplifier-experiments/dataset/may-2018/protostuff/189_modified/protostuff-runtime/src/test/java/io/protostuff/runtime/AbstractRuntimeObjectSchemaTest.java: Recompile with -Xlint:unchecked for details.
[INFO] 
[INFO] --- maven-surefire-plugin:2.18.1:test (default-test) @ protostuff-runtime ---
[INFO] Tests are skipped.
[INFO] 
[INFO] --- maven-dependency-plugin:2.8:build-classpath (default-cli) @ protostuff-runtime ---
[INFO] Wrote classpath file '/tmp/Ex2Amplifier-experiments/dataset/may-2018/protostuff/189_modified/protostuff-runtime/target/dspot/classpath'.
[INFO] ------------------------------------------------------------------------
[INFO] BUILD SUCCESS
[INFO] ------------------------------------------------------------------------
[INFO] Total time: 6.844 s
[INFO] Finished at: 2018-05-21T21:01:11+02:00
[INFO] Final Memory: 26M/317M
[INFO] ------------------------------------------------------------------------
[13686] WARN AutomaticBuilderFactory - No automatic builder specified in configuration, going to default.
[13686] INFO AutomaticBuilderFactory - Default: provided Maven automatic builder.
[13687] INFO MavenAutomaticBuilder - run maven clean test -DskipTests dependency:build-classpath -Dmdep.outputFile=target/dspot/classpath
[WARN] Maven will be executed in interactive mode, but no input stream has been configured for this MavenInvoker instance.
[INFO] Scanning for projects...
[INFO]                                                                         
[INFO] ------------------------------------------------------------------------
[INFO] Building protostuff :: runtime 1.4.5-SNAPSHOT
[INFO] ------------------------------------------------------------------------
[INFO] 
[INFO] --- maven-clean-plugin:2.5:clean (default-clean) @ protostuff-runtime ---
[INFO] Deleting /tmp/Ex2Amplifier-experiments/dataset/may-2018/protostuff/189/protostuff-runtime/target
[INFO] 
[INFO] --- maven-enforcer-plugin:1.3.1:enforce (enforce-versions) @ protostuff-runtime ---
[INFO] Skipping Rule Enforcement.
[INFO] 
[INFO] --- maven-resources-plugin:2.6:resources (default-resources) @ protostuff-runtime ---
[INFO] Using 'UTF-8' encoding to copy filtered resources.
[INFO] skip non existing resourceDirectory /tmp/Ex2Amplifier-experiments/dataset/may-2018/protostuff/189/protostuff-runtime/src/main/resources
[INFO] 
[INFO] --- maven-compiler-plugin:3.1:compile (default-compile) @ protostuff-runtime ---
[INFO] Changes detected - recompiling the module!
[INFO] Compiling 40 source files to /tmp/Ex2Amplifier-experiments/dataset/may-2018/protostuff/189/protostuff-runtime/target/classes
[WARNING] /tmp/Ex2Amplifier-experiments/dataset/may-2018/protostuff/189/protostuff-runtime/src/main/java/io/protostuff/runtime/OnDemandSunReflectionFactory.java:[40,44] sun.reflect.ReflectionFactory is internal proprietary API and may be removed in a future release
[WARNING] /tmp/Ex2Amplifier-experiments/dataset/may-2018/protostuff/189/protostuff-runtime/src/main/java/io/protostuff/runtime/RuntimeUnsafeFieldFactory.java:[60,34] sun.misc.Unsafe is internal proprietary API and may be removed in a future release
[WARNING] /tmp/Ex2Amplifier-experiments/dataset/may-2018/protostuff/189/protostuff-runtime/src/main/java/io/protostuff/runtime/RuntimeUnsafeFieldFactory.java:[62,28] sun.misc.Unsafe is internal proprietary API and may be removed in a future release
[WARNING] /tmp/Ex2Amplifier-experiments/dataset/may-2018/protostuff/189/protostuff-runtime/src/main/java/io/protostuff/runtime/RuntimeUnsafeFieldFactory.java:[66,49] sun.misc.Unsafe is internal proprietary API and may be removed in a future release
[WARNING] /tmp/Ex2Amplifier-experiments/dataset/may-2018/protostuff/189/protostuff-runtime/src/main/java/io/protostuff/runtime/RuntimeUnsafeFieldFactory.java:[71,29] sun.misc.Unsafe is internal proprietary API and may be removed in a future release
[WARNING] /tmp/Ex2Amplifier-experiments/dataset/may-2018/protostuff/189/protostuff-runtime/src/main/java/io/protostuff/runtime/RuntimeUnsafeFieldFactory.java:[86,24] sun.misc.Unsafe is internal proprietary API and may be removed in a future release
[INFO] 
[INFO] --- maven-resources-plugin:2.6:testResources (default-testResources) @ protostuff-runtime ---
[INFO] Using 'UTF-8' encoding to copy filtered resources.
[INFO] skip non existing resourceDirectory /tmp/Ex2Amplifier-experiments/dataset/may-2018/protostuff/189/protostuff-runtime/src/test/resources
[INFO] 
[INFO] --- maven-compiler-plugin:3.1:testCompile (default-testCompile) @ protostuff-runtime ---
[INFO] Changes detected - recompiling the module!
[INFO] Compiling 44 source files to /tmp/Ex2Amplifier-experiments/dataset/may-2018/protostuff/189/protostuff-runtime/target/test-classes
[WARNING] /tmp/Ex2Amplifier-experiments/dataset/may-2018/protostuff/189/protostuff-runtime/src/test/java/io/protostuff/runtime/CollectionTest.java: Some input files use or override a deprecated API.
[WARNING] /tmp/Ex2Amplifier-experiments/dataset/may-2018/protostuff/189/protostuff-runtime/src/test/java/io/protostuff/runtime/CollectionTest.java: Recompile with -Xlint:deprecation for details.
[WARNING] /tmp/Ex2Amplifier-experiments/dataset/may-2018/protostuff/189/protostuff-runtime/src/test/java/io/protostuff/runtime/AbstractRuntimeObjectSchemaTest.java: Some input files use unchecked or unsafe operations.
[WARNING] /tmp/Ex2Amplifier-experiments/dataset/may-2018/protostuff/189/protostuff-runtime/src/test/java/io/protostuff/runtime/AbstractRuntimeObjectSchemaTest.java: Recompile with -Xlint:unchecked for details.
[INFO] 
[INFO] --- maven-surefire-plugin:2.18.1:test (default-test) @ protostuff-runtime ---
[INFO] Tests are skipped.
[INFO] 
[INFO] --- maven-dependency-plugin:2.8:build-classpath (default-cli) @ protostuff-runtime ---
[INFO] Wrote classpath file '/tmp/Ex2Amplifier-experiments/dataset/may-2018/protostuff/189/protostuff-runtime/target/dspot/classpath'.
[INFO] ------------------------------------------------------------------------
[INFO] BUILD SUCCESS
[INFO] ------------------------------------------------------------------------
[INFO] Total time: 6.574 s
[INFO] Finished at: 2018-05-21T21:01:24+02:00
[INFO] Final Memory: 26M/312M
[INFO] ------------------------------------------------------------------------
[21898] INFO SelectorOnDiff - Selecting according to a diff between dataset/may-2018/protostuff/189_modified/protostuff-runtime and dataset/may-2018/protostuff/189/protostuff-runtime (0a73677ba0cb310cb242cac74d890ee889a739ee)
[21907] INFO SelectorOnDiff - Modified files:
a/protostuff-runtime/src/test/java/io/protostuff/runtime/NullArrayElementTest.java
a/protostuff-runtime/src/main/java/io/protostuff/runtime/IdStrategy.java
a/protostuff-runtime/src/main/java/io/protostuff/runtime/ArraySchemas.java
[103893] INFO Amplification - amplification of io.protostuff.runtime.NullArrayElementTest (10 test(s))
[105197] INFO EntryPoint - Run: java -cp /tmp/Ex2Amplifier-experiments/dataset/may-2018/protostuff/189_modified/protostuff-runtime/target/test-classes:/tmp/Ex2Amplifier-experiments/dataset/may-2018/protostuff/189_modified/protostuff-runtime/target/classes:/home/spirals/danglot/.m2/repository/junit/junit/4.11/junit-4.11.jar:/home/spirals/danglot/.m2/repository/org/hamcrest/hamcrest-core/1.3/hamcrest-core-1.3.jar:/home/spirals/danglot/.m2/repository/org/mockito/mockito-core/1.10.8/mockito-core-1.10.8.jar:/home/spirals/danglot/.m2/repository/org/objenesis/objenesis/2.1/objenesis-2.1.jar:/home/spirals/danglot/.m2/repository/io/protostuff/protostuff-core/1.4.5-SNAPSHOT/protostuff-core-1.4.5-SNAPSHOT.jar:/home/spirals/danglot/.m2/repository/io/protostuff/protostuff-core/1.4.5-SNAPSHOT/protostuff-core-1.4.5-SNAPSHOT-tests.jar:/home/spirals/danglot/.m2/repository/io/protostuff/protostuff-api/1.4.5-SNAPSHOT/protostuff-api-1.4.5-SNAPSHOT.jar:/home/spirals/danglot/.m2/repository/io/protostuff/protostuff-collectionschema/1.4.5-SNAPSHOT/protostuff-collectionschema-1.4.5-SNAPSHOT.jar:/tmp/Ex2Amplifier-experiments/target/dspot/dependencies:/home/spirals/danglot/.m2/repository/eu/stamp-project/test-runner/1.0.8/test-runner-1.0.8-jar-with-dependencies.jar eu.stamp_project.testrunner.runner.test.TestRunner io.protostuff.runtime.ProtobufNullArrayElementTest testArrayPrimitiveInList:testArrayInMap:testNullMid:testArrayInList:testNullInBetween:testNullAll:testArrayPrimitiveInMap:testNullFirst:testNullFirstAndLast:testNullLast
File saved to the following path: /tmp/Ex2Amplifier-experiments/dataset/may-2018/protostuff/189_modified/protostuff-runtime/target/dspot/TestListener.ser
Skipping ProtobufNullArrayElementTest::testNullInBetween
Skipping ProtobufNullArrayElementTest::testNullLast
Skipping ProtobufNullArrayElementTest::testNullFirst
Skipping ProtobufNullArrayElementTest::testNullAll
Skipping ProtobufNullArrayElementTest::testNullMid
Skipping ProtobufNullArrayElementTest::testNullFirstAndLast
[105763] INFO EntryPoint - Test has been run: testArrayInMap,testNullInBetween,testNullLast,testArrayInList,testArrayPrimitiveInList,testArrayPrimitiveInMap,testNullFirst,testNullAll,testNullMid,testNullFirstAndLast
[105763] INFO EntryPoint - Run: java -cp /tmp/Ex2Amplifier-experiments/dataset/may-2018/protostuff/189_modified/protostuff-runtime/target/test-classes:/tmp/Ex2Amplifier-experiments/dataset/may-2018/protostuff/189_modified/protostuff-runtime/target/classes:/home/spirals/danglot/.m2/repository/junit/junit/4.11/junit-4.11.jar:/home/spirals/danglot/.m2/repository/org/hamcrest/hamcrest-core/1.3/hamcrest-core-1.3.jar:/home/spirals/danglot/.m2/repository/org/mockito/mockito-core/1.10.8/mockito-core-1.10.8.jar:/home/spirals/danglot/.m2/repository/org/objenesis/objenesis/2.1/objenesis-2.1.jar:/home/spirals/danglot/.m2/repository/io/protostuff/protostuff-core/1.4.5-SNAPSHOT/protostuff-core-1.4.5-SNAPSHOT.jar:/home/spirals/danglot/.m2/repository/io/protostuff/protostuff-core/1.4.5-SNAPSHOT/protostuff-core-1.4.5-SNAPSHOT-tests.jar:/home/spirals/danglot/.m2/repository/io/protostuff/protostuff-api/1.4.5-SNAPSHOT/protostuff-api-1.4.5-SNAPSHOT.jar:/home/spirals/danglot/.m2/repository/io/protostuff/protostuff-collectionschema/1.4.5-SNAPSHOT/protostuff-collectionschema-1.4.5-SNAPSHOT.jar:/tmp/Ex2Amplifier-experiments/target/dspot/dependencies:/home/spirals/danglot/.m2/repository/eu/stamp-project/test-runner/1.0.8/test-runner-1.0.8-jar-with-dependencies.jar eu.stamp_project.testrunner.runner.test.TestRunner io.protostuff.runtime.ProtostuffNullArrayElementTest testArrayPrimitiveInList:testArrayInMap:testNullMid:testArrayInList:testNullInBetween:testNullAll:testArrayPrimitiveInMap:testNullFirst:testNullFirstAndLast:testNullLast
File saved to the following path: /tmp/Ex2Amplifier-experiments/dataset/may-2018/protostuff/189_modified/protostuff-runtime/target/dspot/TestListener.ser
Skipping ProtostuffNullArrayElementTest::testNullInBetween
Skipping ProtostuffNullArrayElementTest::testNullLast
Skipping ProtostuffNullArrayElementTest::testNullFirst
Skipping ProtostuffNullArrayElementTest::testNullAll
Skipping ProtostuffNullArrayElementTest::testNullMid
Skipping ProtostuffNullArrayElementTest::testNullFirstAndLast
[106264] INFO EntryPoint - Test has been run: testArrayInMap,testNullInBetween,testNullLast,testArrayInList,testArrayPrimitiveInList,testArrayPrimitiveInMap,testNullFirst,testNullAll,testNullMid,testNullFirstAndLast
[106264] INFO Amplification - Try to add assertions before amplification
[106329] INFO AssertGenerator - Run tests. (10)
[107144] INFO EntryPoint - Run: java -cp /tmp/Ex2Amplifier-experiments/dataset/may-2018/protostuff/189_modified/protostuff-runtime/target/test-classes:/tmp/Ex2Amplifier-experiments/dataset/may-2018/protostuff/189_modified/protostuff-runtime/target/classes:/home/spirals/danglot/.m2/repository/junit/junit/4.11/junit-4.11.jar:/home/spirals/danglot/.m2/repository/org/hamcrest/hamcrest-core/1.3/hamcrest-core-1.3.jar:/home/spirals/danglot/.m2/repository/org/mockito/mockito-core/1.10.8/mockito-core-1.10.8.jar:/home/spirals/danglot/.m2/repository/org/objenesis/objenesis/2.1/objenesis-2.1.jar:/home/spirals/danglot/.m2/repository/io/protostuff/protostuff-core/1.4.5-SNAPSHOT/protostuff-core-1.4.5-SNAPSHOT.jar:/home/spirals/danglot/.m2/repository/io/protostuff/protostuff-core/1.4.5-SNAPSHOT/protostuff-core-1.4.5-SNAPSHOT-tests.jar:/home/spirals/danglot/.m2/repository/io/protostuff/protostuff-api/1.4.5-SNAPSHOT/protostuff-api-1.4.5-SNAPSHOT.jar:/home/spirals/danglot/.m2/repository/io/protostuff/protostuff-collectionschema/1.4.5-SNAPSHOT/protostuff-collectionschema-1.4.5-SNAPSHOT.jar:/tmp/Ex2Amplifier-experiments/target/dspot/dependencies:/home/spirals/danglot/.m2/repository/eu/stamp-project/test-runner/1.0.8/test-runner-1.0.8-jar-with-dependencies.jar eu.stamp_project.testrunner.runner.test.TestRunner io.protostuff.runtime.ProtobufNullArrayElementTest testArrayPrimitiveInList:testArrayInMap:testNullMid:testArrayInList:testNullInBetween:testNullAll:testArrayPrimitiveInMap:testNullFirst:testNullFirstAndLast:testNullLast
File saved to the following path: /tmp/Ex2Amplifier-experiments/dataset/may-2018/protostuff/189_modified/protostuff-runtime/target/dspot/TestListener.ser
Skipping ProtobufNullArrayElementTest::testNullInBetween
Skipping ProtobufNullArrayElementTest::testNullLast
Skipping ProtobufNullArrayElementTest::testNullFirst
Skipping ProtobufNullArrayElementTest::testNullAll
Skipping ProtobufNullArrayElementTest::testNullMid
Skipping ProtobufNullArrayElementTest::testNullFirstAndLast
[107668] INFO EntryPoint - Test has been run: testArrayInMap,testNullInBetween,testNullLast,testArrayInList,testArrayPrimitiveInList,testArrayPrimitiveInMap,testNullFirst,testNullAll,testNullMid,testNullFirstAndLast
[107668] INFO EntryPoint - Run: java -cp /tmp/Ex2Amplifier-experiments/dataset/may-2018/protostuff/189_modified/protostuff-runtime/target/test-classes:/tmp/Ex2Amplifier-experiments/dataset/may-2018/protostuff/189_modified/protostuff-runtime/target/classes:/home/spirals/danglot/.m2/repository/junit/junit/4.11/junit-4.11.jar:/home/spirals/danglot/.m2/repository/org/hamcrest/hamcrest-core/1.3/hamcrest-core-1.3.jar:/home/spirals/danglot/.m2/repository/org/mockito/mockito-core/1.10.8/mockito-core-1.10.8.jar:/home/spirals/danglot/.m2/repository/org/objenesis/objenesis/2.1/objenesis-2.1.jar:/home/spirals/danglot/.m2/repository/io/protostuff/protostuff-core/1.4.5-SNAPSHOT/protostuff-core-1.4.5-SNAPSHOT.jar:/home/spirals/danglot/.m2/repository/io/protostuff/protostuff-core/1.4.5-SNAPSHOT/protostuff-core-1.4.5-SNAPSHOT-tests.jar:/home/spirals/danglot/.m2/repository/io/protostuff/protostuff-api/1.4.5-SNAPSHOT/protostuff-api-1.4.5-SNAPSHOT.jar:/home/spirals/danglot/.m2/repository/io/protostuff/protostuff-collectionschema/1.4.5-SNAPSHOT/protostuff-collectionschema-1.4.5-SNAPSHOT.jar:/tmp/Ex2Amplifier-experiments/target/dspot/dependencies:/home/spirals/danglot/.m2/repository/eu/stamp-project/test-runner/1.0.8/test-runner-1.0.8-jar-with-dependencies.jar eu.stamp_project.testrunner.runner.test.TestRunner io.protostuff.runtime.ProtostuffNullArrayElementTest testArrayPrimitiveInList:testArrayInMap:testNullMid:testArrayInList:testNullInBetween:testNullAll:testArrayPrimitiveInMap:testNullFirst:testNullFirstAndLast:testNullLast
File saved to the following path: /tmp/Ex2Amplifier-experiments/dataset/may-2018/protostuff/189_modified/protostuff-runtime/target/dspot/TestListener.ser
Skipping ProtostuffNullArrayElementTest::testNullInBetween
Skipping ProtostuffNullArrayElementTest::testNullLast
Skipping ProtostuffNullArrayElementTest::testNullFirst
Skipping ProtostuffNullArrayElementTest::testNullAll
Skipping ProtostuffNullArrayElementTest::testNullMid
Skipping ProtostuffNullArrayElementTest::testNullFirstAndLast
[108143] INFO EntryPoint - Test has been run: testArrayInMap,testNullInBetween,testNullLast,testArrayInList,testArrayPrimitiveInList,testArrayPrimitiveInMap,testNullFirst,testNullAll,testNullMid,testNullFirstAndLast
[108145] INFO AssertGenerator - 20 test pass, generating assertion...
[108167] INFO MethodsAssertGenerator - Add observations points in passing tests.
[108167] INFO MethodsAssertGenerator - Instrumentation...
 10% |===== ]/ 20% |========== ]- 30% |=============== ]\ 40% |==================== ]| 50% |========================= ]/ 60% |============================== ]- 70% |=================================== ]\ 80% |======================================== ]| 90% |============================================= ]/100% |================================================== ]-
[108257] INFO MethodsAssertGenerator - Run instrumented tests. (30)
[109666] INFO EntryPoint - Run: java -cp /tmp/Ex2Amplifier-experiments/dataset/may-2018/protostuff/189_modified/protostuff-runtime/target/test-classes:/tmp/Ex2Amplifier-experiments/dataset/may-2018/protostuff/189_modified/protostuff-runtime/target/classes:/home/spirals/danglot/.m2/repository/junit/junit/4.11/junit-4.11.jar:/home/spirals/danglot/.m2/repository/org/hamcrest/hamcrest-core/1.3/hamcrest-core-1.3.jar:/home/spirals/danglot/.m2/repository/org/mockito/mockito-core/1.10.8/mockito-core-1.10.8.jar:/home/spirals/danglot/.m2/repository/org/objenesis/objenesis/2.1/objenesis-2.1.jar:/home/spirals/danglot/.m2/repository/io/protostuff/protostuff-core/1.4.5-SNAPSHOT/protostuff-core-1.4.5-SNAPSHOT.jar:/home/spirals/danglot/.m2/repository/io/protostuff/protostuff-core/1.4.5-SNAPSHOT/protostuff-core-1.4.5-SNAPSHOT-tests.jar:/home/spirals/danglot/.m2/repository/io/protostuff/protostuff-api/1.4.5-SNAPSHOT/protostuff-api-1.4.5-SNAPSHOT.jar:/home/spirals/danglot/.m2/repository/io/protostuff/protostuff-collectionschema/1.4.5-SNAPSHOT/protostuff-collectionschema-1.4.5-SNAPSHOT.jar:/tmp/Ex2Amplifier-experiments/target/dspot/dependencies:/home/spirals/danglot/.m2/repository/eu/stamp-project/test-runner/1.0.8/test-runner-1.0.8-jar-with-dependencies.jar eu.stamp_project.testrunner.runner.test.TestRunner io.protostuff.runtime.ProtobufNullArrayElementTest testArrayPrimitiveInList_withlog0:testArrayInMap_withlog0:testNullMid_withlog0:testArrayInList_withlog0:testNullInBetween_withlog0:testNullAll_withlog0:testArrayPrimitiveInMap_withlog0:testNullFirst_withlog0:testNullFirstAndLast_withlog0:testNullLast_withlog0:testArrayPrimitiveInList_withlog1:testArrayInMap_withlog1:testNullMid_withlog1:testArrayInList_withlog1:testNullInBetween_withlog1:testNullAll_withlog1:testArrayPrimitiveInMap_withlog1:testNullFirst_withlog1:testNullFirstAndLast_withlog1:testNullLast_withlog1:testArrayPrimitiveInList_withlog2:testArrayInMap_withlog2:testNullMid_withlog2:testArrayInList_withlog2:testNullInBetween_withlog2:testNullAll_withlog2:testArrayPrimitiveInMap_withlog2:testNullFirst_withlog2:testNullFirstAndLast_withlog2:testNullLast_withlog2
File saved to the following path: /tmp/Ex2Amplifier-experiments/dataset/may-2018/protostuff/189_modified/protostuff-runtime/target/dspot/TestListener.ser
Skipping ProtobufNullArrayElementTest::testNullLast
Skipping ProtobufNullArrayElementTest::testNullLast
Skipping ProtobufNullArrayElementTest::testNullLast
Skipping ProtobufNullArrayElementTest::testNullFirstAndLast
Skipping ProtobufNullArrayElementTest::testNullFirstAndLast
Skipping ProtobufNullArrayElementTest::testNullFirstAndLast
Skipping ProtobufNullArrayElementTest::testNullInBetween
Skipping ProtobufNullArrayElementTest::testNullInBetween
Skipping ProtobufNullArrayElementTest::testNullInBetween
Skipping ProtobufNullArrayElementTest::testNullMid
Skipping ProtobufNullArrayElementTest::testNullMid
Skipping ProtobufNullArrayElementTest::testNullMid
Skipping ProtobufNullArrayElementTest::testNullAll
Skipping ProtobufNullArrayElementTest::testNullAll
Skipping ProtobufNullArrayElementTest::testNullAll
Skipping ProtobufNullArrayElementTest::testNullFirst
Skipping ProtobufNullArrayElementTest::testNullFirst
Skipping ProtobufNullArrayElementTest::testNullFirst
[110331] INFO EntryPoint - Test has been run: testNullLast_withlog0,testNullLast_withlog1,testNullLast_withlog2,testArrayInList_withlog0,testArrayInList_withlog1,testArrayInList_withlog2,testNullFirstAndLast_withlog0,testNullFirstAndLast_withlog1,testNullFirstAndLast_withlog2,testNullInBetween_withlog0,testNullInBetween_withlog1,testNullInBetween_withlog2,testArrayPrimitiveInList_withlog0,testArrayPrimitiveInList_withlog1,testArrayPrimitiveInList_withlog2,testNullMid_withlog0,testNullMid_withlog1,testNullMid_withlog2,testNullAll_withlog0,testNullAll_withlog1,testNullAll_withlog2,testNullFirst_withlog0,testNullFirst_withlog1,testNullFirst_withlog2,testArrayPrimitiveInMap_withlog0(io.protostuff.runtime.ProtobufNullArrayElementTest): null,testArrayPrimitiveInMap_withlog1(io.protostuff.runtime.ProtobufNullArrayElementTest): null,testArrayPrimitiveInMap_withlog2(io.protostuff.runtime.ProtobufNullArrayElementTest): null,testArrayInMap_withlog0(io.protostuff.runtime.ProtobufNullArrayElementTest): null,testArrayInMap_withlog1(io.protostuff.runtime.ProtobufNullArrayElementTest): null,testArrayInMap_withlog2(io.protostuff.runtime.ProtobufNullArrayElementTest): null
[110332] INFO EntryPoint - Run: java -cp /tmp/Ex2Amplifier-experiments/dataset/may-2018/protostuff/189_modified/protostuff-runtime/target/test-classes:/tmp/Ex2Amplifier-experiments/dataset/may-2018/protostuff/189_modified/protostuff-runtime/target/classes:/home/spirals/danglot/.m2/repository/junit/junit/4.11/junit-4.11.jar:/home/spirals/danglot/.m2/repository/org/hamcrest/hamcrest-core/1.3/hamcrest-core-1.3.jar:/home/spirals/danglot/.m2/repository/org/mockito/mockito-core/1.10.8/mockito-core-1.10.8.jar:/home/spirals/danglot/.m2/repository/org/objenesis/objenesis/2.1/objenesis-2.1.jar:/home/spirals/danglot/.m2/repository/io/protostuff/protostuff-core/1.4.5-SNAPSHOT/protostuff-core-1.4.5-SNAPSHOT.jar:/home/spirals/danglot/.m2/repository/io/protostuff/protostuff-core/1.4.5-SNAPSHOT/protostuff-core-1.4.5-SNAPSHOT-tests.jar:/home/spirals/danglot/.m2/repository/io/protostuff/protostuff-api/1.4.5-SNAPSHOT/protostuff-api-1.4.5-SNAPSHOT.jar:/home/spirals/danglot/.m2/repository/io/protostuff/protostuff-collectionschema/1.4.5-SNAPSHOT/protostuff-collectionschema-1.4.5-SNAPSHOT.jar:/tmp/Ex2Amplifier-experiments/target/dspot/dependencies:/home/spirals/danglot/.m2/repository/eu/stamp-project/test-runner/1.0.8/test-runner-1.0.8-jar-with-dependencies.jar eu.stamp_project.testrunner.runner.test.TestRunner io.protostuff.runtime.ProtostuffNullArrayElementTest testArrayPrimitiveInList_withlog0:testArrayInMap_withlog0:testNullMid_withlog0:testArrayInList_withlog0:testNullInBetween_withlog0:testNullAll_withlog0:testArrayPrimitiveInMap_withlog0:testNullFirst_withlog0:testNullFirstAndLast_withlog0:testNullLast_withlog0:testArrayPrimitiveInList_withlog1:testArrayInMap_withlog1:testNullMid_withlog1:testArrayInList_withlog1:testNullInBetween_withlog1:testNullAll_withlog1:testArrayPrimitiveInMap_withlog1:testNullFirst_withlog1:testNullFirstAndLast_withlog1:testNullLast_withlog1:testArrayPrimitiveInList_withlog2:testArrayInMap_withlog2:testNullMid_withlog2:testArrayInList_withlog2:testNullInBetween_withlog2:testNullAll_withlog2:testArrayPrimitiveInMap_withlog2:testNullFirst_withlog2:testNullFirstAndLast_withlog2:testNullLast_withlog2
File saved to the following path: /tmp/Ex2Amplifier-experiments/dataset/may-2018/protostuff/189_modified/protostuff-runtime/target/dspot/TestListener.ser
Skipping ProtostuffNullArrayElementTest::testNullLast
Skipping ProtostuffNullArrayElementTest::testNullLast
Skipping ProtostuffNullArrayElementTest::testNullLast
Skipping ProtostuffNullArrayElementTest::testNullFirstAndLast
Skipping ProtostuffNullArrayElementTest::testNullFirstAndLast
Skipping ProtostuffNullArrayElementTest::testNullFirstAndLast
Skipping ProtostuffNullArrayElementTest::testNullInBetween
Skipping ProtostuffNullArrayElementTest::testNullInBetween
Skipping ProtostuffNullArrayElementTest::testNullInBetween
Skipping ProtostuffNullArrayElementTest::testNullMid
Skipping ProtostuffNullArrayElementTest::testNullMid
Skipping ProtostuffNullArrayElementTest::testNullMid
Skipping ProtostuffNullArrayElementTest::testNullAll
Skipping ProtostuffNullArrayElementTest::testNullAll
Skipping ProtostuffNullArrayElementTest::testNullAll
Skipping ProtostuffNullArrayElementTest::testNullFirst
Skipping ProtostuffNullArrayElementTest::testNullFirst
Skipping ProtostuffNullArrayElementTest::testNullFirst
[110945] INFO EntryPoint - Test has been run: testNullLast_withlog0,testNullLast_withlog1,testNullLast_withlog2,testArrayInList_withlog0,testArrayInList_withlog1,testArrayInList_withlog2,testNullFirstAndLast_withlog0,testNullFirstAndLast_withlog1,testNullFirstAndLast_withlog2,testNullInBetween_withlog0,testNullInBetween_withlog1,testNullInBetween_withlog2,testArrayPrimitiveInList_withlog0,testArrayPrimitiveInList_withlog1,testArrayPrimitiveInList_withlog2,testNullMid_withlog0,testNullMid_withlog1,testNullMid_withlog2,testNullAll_withlog0,testNullAll_withlog1,testNullAll_withlog2,testNullFirst_withlog0,testNullFirst_withlog1,testNullFirst_withlog2,testArrayPrimitiveInMap_withlog0(io.protostuff.runtime.ProtostuffNullArrayElementTest): null,testArrayPrimitiveInMap_withlog1(io.protostuff.runtime.ProtostuffNullArrayElementTest): null,testArrayPrimitiveInMap_withlog2(io.protostuff.runtime.ProtostuffNullArrayElementTest): null,testArrayInMap_withlog0(io.protostuff.runtime.ProtostuffNullArrayElementTest): null,testArrayInMap_withlog1(io.protostuff.runtime.ProtostuffNullArrayElementTest): null,testArrayInMap_withlog2(io.protostuff.runtime.ProtostuffNullArrayElementTest): null
Exception in thread "main" java.lang.RuntimeException: java.lang.RuntimeException: java.lang.RuntimeException: java.io.FileNotFoundException: /tmp/Ex2Amplifier-experiments/dataset/may-2018/protostuff/189_modified/protostuff-runtime/target/dspot/observations.ser (No such file or directory)
	at eu.stamp_project.Main.main(Main.java:97)
Caused by: java.lang.RuntimeException: java.lang.RuntimeException: java.io.FileNotFoundException: /tmp/Ex2Amplifier-experiments/dataset/may-2018/protostuff/189_modified/protostuff-runtime/target/dspot/observations.ser (No such file or directory)
	at eu.stamp_project.Main.lambda$run$2(Main.java:154)
	at java.util.stream.ForEachOps$ForEachOp$OfRef.accept(ForEachOps.java:184)
	at java.util.stream.ReferencePipeline$2$1.accept(ReferencePipeline.java:175)
	at java.util.ArrayList$ArrayListSpliterator.forEachRemaining(ArrayList.java:1374)
	at java.util.stream.AbstractPipeline.copyInto(AbstractPipeline.java:481)
	at java.util.stream.AbstractPipeline.wrapAndCopyInto(AbstractPipeline.java:471)
	at java.util.stream.ForEachOps$ForEachOp.evaluateSequential(ForEachOps.java:151)
	at java.util.stream.ForEachOps$ForEachOp$OfRef.evaluateSequential(ForEachOps.java:174)
	at java.util.stream.AbstractPipeline.evaluate(AbstractPipeline.java:234)
	at java.util.stream.ReferencePipeline.forEach(ReferencePipeline.java:418)
	at eu.stamp_project.Main.run(Main.java:118)
	at eu.stamp_project.Main.main(Main.java:89)
Caused by: java.lang.RuntimeException: java.io.FileNotFoundException: /tmp/Ex2Amplifier-experiments/dataset/may-2018/protostuff/189_modified/protostuff-runtime/target/dspot/observations.ser (No such file or directory)
	at eu.stamp_project.compare.ObjectLog.load(ObjectLog.java:235)
	at eu.stamp_project.compare.ObjectLog.getObservations(ObjectLog.java:197)
	at eu.stamp_project.dspot.assertGenerator.MethodsAssertGenerator.addAssertions(MethodsAssertGenerator.java:108)
	at eu.stamp_project.dspot.assertGenerator.AssertGenerator.innerAssertionAmplification(AssertGenerator.java:117)
	at eu.stamp_project.dspot.assertGenerator.AssertGenerator.assertionAmplification(AssertGenerator.java:66)
	at eu.stamp_project.dspot.Amplification.preAmplification(Amplification.java:202)
	at eu.stamp_project.dspot.Amplification.amplification(Amplification.java:91)
	at eu.stamp_project.dspot.DSpot.amplifyTest(DSpot.java:191)
	at eu.stamp_project.dspot.DSpot.amplifyTest(DSpot.java:178)
	at eu.stamp_project.Main.lambda$null$1(Main.java:145)
	at java.util.stream.ReferencePipeline$3$1.accept(ReferencePipeline.java:193)
	at java.util.HashMap$KeySpliterator.forEachRemaining(HashMap.java:1548)
	at java.util.stream.AbstractPipeline.copyInto(AbstractPipeline.java:481)
	at java.util.stream.AbstractPipeline.wrapAndCopyInto(AbstractPipeline.java:471)
	at java.util.stream.ReduceOps$ReduceOp.evaluateSequential(ReduceOps.java:708)
	at java.util.stream.AbstractPipeline.evaluate(AbstractPipeline.java:234)
	at java.util.stream.ReferencePipeline.collect(ReferencePipeline.java:499)
	at eu.stamp_project.Main.lambda$run$2(Main.java:146)
	... 11 more
Caused by: java.io.FileNotFoundException: /tmp/Ex2Amplifier-experiments/dataset/may-2018/protostuff/189_modified/protostuff-runtime/target/dspot/observations.ser (No such file or directory)
	at java.io.FileInputStream.open0(Native Method)
	at java.io.FileInputStream.open(FileInputStream.java:195)
	at java.io.FileInputStream.<init>(FileInputStream.java:138)
	at eu.stamp_project.compare.ObjectLog.load(ObjectLog.java:227)
	... 28 more
