SLF4J: Class path contains multiple SLF4J bindings.
SLF4J: Found binding in [jar:file:/home/spirals/danglot/.m2/repository/eu/stamp-project/test-runner/1.0.8/test-runner-1.0.8-jar-with-dependencies.jar!/org/slf4j/impl/StaticLoggerBinder.class]
SLF4J: Found binding in [jar:file:/home/spirals/danglot/.m2/repository/org/slf4j/slf4j-log4j12/1.7.25/slf4j-log4j12-1.7.25.jar!/org/slf4j/impl/StaticLoggerBinder.class]
SLF4J: See http://www.slf4j.org/codes.html#multiple_bindings for an explanation.
SLF4J: Actual binding is of type [org.slf4j.impl.Log4jLoggerFactory]
[0] WARN AutomaticBuilderFactory - No automatic builder specified in configuration, going to default.
[0] INFO AutomaticBuilderFactory - Default: provided Maven automatic builder.
[7] INFO MavenAutomaticBuilder - run maven clean test -DskipTests dependency:build-classpath -Dmdep.outputFile=target/dspot/classpath
[WARN] Maven will be executed in interactive mode, but no input stream has been configured for this MavenInvoker instance.
[INFO] Scanning for projects...
[INFO]                                                                         
[INFO] ------------------------------------------------------------------------
[INFO] Building protostuff :: parser 1.3.4-SNAPSHOT
[INFO] ------------------------------------------------------------------------
[INFO] 
[INFO] --- maven-clean-plugin:2.5:clean (default-clean) @ protostuff-parser ---
[INFO] Deleting /tmp/Ex2Amplifier-experiments/dataset/may-2018/protostuff/119/protostuff-parser/target
[INFO] 
[INFO] --- maven-enforcer-plugin:1.3.1:enforce (enforce-versions) @ protostuff-parser ---
[INFO] Skipping Rule Enforcement.
[INFO] 
[INFO] --- antlr3-maven-plugin:3.2:antlr (default) @ protostuff-parser ---
[INFO] ANTLR: Processing source directory /tmp/Ex2Amplifier-experiments/dataset/may-2018/protostuff/119/protostuff-parser/src/main/antlr3
ANTLR Parser Generator  Version 3.2 Sep 23, 2009 14:05:07
Grammar /tmp/Ex2Amplifier-experiments/dataset/may-2018/protostuff/119/protostuff-parser/src/main/antlr3/io/protostuff/parser/ProtoLexer.g is up to date - build skipped
Grammar /tmp/Ex2Amplifier-experiments/dataset/may-2018/protostuff/119/protostuff-parser/src/main/antlr3/io/protostuff/parser/ProtoParser.g is up to date - build skipped
[INFO] 
[INFO] --- maven-resources-plugin:2.6:resources (default-resources) @ protostuff-parser ---
[INFO] Using 'UTF-8' encoding to copy filtered resources.
[INFO] skip non existing resourceDirectory /tmp/Ex2Amplifier-experiments/dataset/may-2018/protostuff/119/protostuff-parser/src/main/resources
[INFO] 
[INFO] --- maven-compiler-plugin:3.1:compile (default-compile) @ protostuff-parser ---
[INFO] Changes detected - recompiling the module!
[INFO] Compiling 26 source files to /tmp/Ex2Amplifier-experiments/dataset/may-2018/protostuff/119/protostuff-parser/target/classes
[WARNING] /tmp/Ex2Amplifier-experiments/dataset/may-2018/protostuff/119/protostuff-parser/src/main/java/io/protostuff/parser/ProtoParser.java: /tmp/Ex2Amplifier-experiments/dataset/may-2018/protostuff/119/protostuff-parser/src/main/java/io/protostuff/parser/ProtoParser.java uses unchecked or unsafe operations.
[WARNING] /tmp/Ex2Amplifier-experiments/dataset/may-2018/protostuff/119/protostuff-parser/src/main/java/io/protostuff/parser/ProtoParser.java: Recompile with -Xlint:unchecked for details.
[INFO] 
[INFO] --- maven-resources-plugin:2.6:testResources (default-testResources) @ protostuff-parser ---
[INFO] Using 'UTF-8' encoding to copy filtered resources.
[INFO] Copying 18 resources
[INFO] 
[INFO] --- maven-compiler-plugin:3.1:testCompile (default-testCompile) @ protostuff-parser ---
[INFO] Changes detected - recompiling the module!
[INFO] Compiling 11 source files to /tmp/Ex2Amplifier-experiments/dataset/may-2018/protostuff/119/protostuff-parser/target/test-classes
[INFO] 
[INFO] --- maven-surefire-plugin:2.12.4:test (default-test) @ protostuff-parser ---
[INFO] Tests are skipped.
[INFO] 
[INFO] --- maven-dependency-plugin:2.8:build-classpath (default-cli) @ protostuff-parser ---
[INFO] Wrote classpath file '/tmp/Ex2Amplifier-experiments/dataset/may-2018/protostuff/119/protostuff-parser/target/dspot/classpath'.
[INFO] ------------------------------------------------------------------------
[INFO] BUILD SUCCESS
[INFO] ------------------------------------------------------------------------
[INFO] Total time: 5.416 s
[INFO] Finished at: 2018-06-11T23:11:58+02:00
[INFO] Final Memory: 27M/311M
[INFO] ------------------------------------------------------------------------
[10706] WARN AutomaticBuilderFactory - No automatic builder specified in configuration, going to default.
[10707] INFO AutomaticBuilderFactory - Default: provided Maven automatic builder.
[10707] INFO MavenAutomaticBuilder - run maven clean test -DskipTests dependency:build-classpath -Dmdep.outputFile=target/dspot/classpath
[WARN] Maven will be executed in interactive mode, but no input stream has been configured for this MavenInvoker instance.
[INFO] Scanning for projects...
[INFO]                                                                         
[INFO] ------------------------------------------------------------------------
[INFO] Building protostuff :: parser 1.3.4-SNAPSHOT
[INFO] ------------------------------------------------------------------------
[INFO] 
[INFO] --- maven-clean-plugin:2.5:clean (default-clean) @ protostuff-parser ---
[INFO] Deleting /tmp/Ex2Amplifier-experiments/dataset/may-2018/protostuff/119_modified/protostuff-parser/target
[INFO] 
[INFO] --- maven-enforcer-plugin:1.3.1:enforce (enforce-versions) @ protostuff-parser ---
[INFO] Skipping Rule Enforcement.
[INFO] 
[INFO] --- antlr3-maven-plugin:3.2:antlr (default) @ protostuff-parser ---
[INFO] ANTLR: Processing source directory /tmp/Ex2Amplifier-experiments/dataset/may-2018/protostuff/119_modified/protostuff-parser/src/main/antlr3
ANTLR Parser Generator  Version 3.2 Sep 23, 2009 14:05:07
Grammar /tmp/Ex2Amplifier-experiments/dataset/may-2018/protostuff/119_modified/protostuff-parser/src/main/antlr3/io/protostuff/parser/ProtoLexer.g is up to date - build skipped
Grammar /tmp/Ex2Amplifier-experiments/dataset/may-2018/protostuff/119_modified/protostuff-parser/src/main/antlr3/io/protostuff/parser/ProtoParser.g is up to date - build skipped
[INFO] 
[INFO] --- maven-resources-plugin:2.6:resources (default-resources) @ protostuff-parser ---
[INFO] Using 'UTF-8' encoding to copy filtered resources.
[INFO] skip non existing resourceDirectory /tmp/Ex2Amplifier-experiments/dataset/may-2018/protostuff/119_modified/protostuff-parser/src/main/resources
[INFO] 
[INFO] --- maven-compiler-plugin:3.1:compile (default-compile) @ protostuff-parser ---
[INFO] Changes detected - recompiling the module!
[INFO] Compiling 26 source files to /tmp/Ex2Amplifier-experiments/dataset/may-2018/protostuff/119_modified/protostuff-parser/target/classes
[WARNING] /tmp/Ex2Amplifier-experiments/dataset/may-2018/protostuff/119_modified/protostuff-parser/src/main/java/io/protostuff/parser/ProtoParser.java: /tmp/Ex2Amplifier-experiments/dataset/may-2018/protostuff/119_modified/protostuff-parser/src/main/java/io/protostuff/parser/ProtoParser.java uses unchecked or unsafe operations.
[WARNING] /tmp/Ex2Amplifier-experiments/dataset/may-2018/protostuff/119_modified/protostuff-parser/src/main/java/io/protostuff/parser/ProtoParser.java: Recompile with -Xlint:unchecked for details.
[INFO] 
[INFO] --- maven-resources-plugin:2.6:testResources (default-testResources) @ protostuff-parser ---
[INFO] Using 'UTF-8' encoding to copy filtered resources.
[INFO] Copying 20 resources
[INFO] 
[INFO] --- maven-compiler-plugin:3.1:testCompile (default-testCompile) @ protostuff-parser ---
[INFO] Changes detected - recompiling the module!
[INFO] Compiling 11 source files to /tmp/Ex2Amplifier-experiments/dataset/may-2018/protostuff/119_modified/protostuff-parser/target/test-classes
[INFO] 
[INFO] --- maven-surefire-plugin:2.12.4:test (default-test) @ protostuff-parser ---
[INFO] Tests are skipped.
[INFO] 
[INFO] --- maven-dependency-plugin:2.8:build-classpath (default-cli) @ protostuff-parser ---
[INFO] Wrote classpath file '/tmp/Ex2Amplifier-experiments/dataset/may-2018/protostuff/119_modified/protostuff-parser/target/dspot/classpath'.
[INFO] ------------------------------------------------------------------------
[INFO] BUILD SUCCESS
[INFO] ------------------------------------------------------------------------
[INFO] Total time: 5.182 s
[INFO] Finished at: 2018-06-11T23:12:09+02:00
[INFO] Final Memory: 27M/312M
[INFO] ------------------------------------------------------------------------
[17487] INFO SelectorOnDiff - Selecting according to a diff between dataset/may-2018/protostuff/119/protostuff-parser and dataset/may-2018/protostuff/119_modified/protostuff-parser (c0ac15ea8b19534ee4dc65c77f2204fdea9a2af4)
[17511] INFO SelectorOnDiff - Modified files:
a/protostuff-parser/src/main/java/io/protostuff/parser/AnnotationContainer.java
a/protostuff-parser/src/main/java/io/protostuff/parser/Proto.java
a/protostuff-parser/src/main/java/io/protostuff/parser/ProtoParser.java
a/protostuff-parser/src/main/java/io/protostuff/parser/ProtoLexer.java
a/protostuff-parser/src/test/java/io/protostuff/parser/AnnotationTest.java
a/protostuff-parser/src/main/java/io/protostuff/parser/Message.java
[19696] INFO Amplification - amplification of io.protostuff.parser.ProtoParserTest (4 test(s))
[20090] INFO EntryPoint - Run: java -cp /tmp/Ex2Amplifier-experiments/dataset/may-2018/protostuff/119/protostuff-parser/target/test-classes:/tmp/Ex2Amplifier-experiments/dataset/may-2018/protostuff/119/protostuff-parser/target/classes:/home/spirals/danglot/.m2/repository/junit/junit/4.11/junit-4.11.jar:/home/spirals/danglot/.m2/repository/org/hamcrest/hamcrest-core/1.3/hamcrest-core-1.3.jar:/home/spirals/danglot/.m2/repository/org/antlr/antlr-runtime/3.2/antlr-runtime-3.2.jar:/home/spirals/danglot/.m2/repository/org/antlr/stringtemplate/3.2.1/stringtemplate-3.2.1.jar:/home/spirals/danglot/.m2/repository/antlr/antlr/2.7.7/antlr-2.7.7.jar:/tmp/Ex2Amplifier-experiments/target/dspot/dependencies:/home/spirals/danglot/.m2/repository/eu/stamp-project/test-runner/1.0.8/test-runner-1.0.8-jar-with-dependencies.jar eu.stamp_project.testrunner.runner.test.TestRunner io.protostuff.parser.ProtoParserTest testDescriptorProto:testSimple:testEnumWithTrailingSemicolon:testImport
File saved to the following path: /tmp/Ex2Amplifier-experiments/dataset/may-2018/protostuff/119/protostuff-parser/target/dspot/TestListener.ser
'group' not supported @ line 19 of enum_with_semicolon.proto
[20624] INFO EntryPoint - Test has been run: testEnumWithTrailingSemicolon,testDescriptorProto,testImport(io.protostuff.parser.ProtoParserTest): java.lang.IllegalStateException: Imported proto google/protobuf/unittest_import.proto not found. (src/test/resources/unittest.proto),testSimple(io.protostuff.parser.ProtoParserTest): null
[20624] WARN Amplification - 2 tests failed before the amplifications
[20625] WARN Amplification - testImport(io.protostuff.parser.ProtoParserTest): java.lang.IllegalStateException: Imported proto google/protobuf/unittest_import.proto not found. (src/test/resources/unittest.proto)
testSimple(io.protostuff.parser.ProtoParserTest): null
[20625] WARN Amplification - Discarding following test cases for the amplification
[20627] WARN Amplification - testImport
[20627] WARN Amplification - testSimple
[20924] INFO EntryPoint - Run: java -cp /tmp/Ex2Amplifier-experiments/dataset/may-2018/protostuff/119/protostuff-parser/target/test-classes:/tmp/Ex2Amplifier-experiments/dataset/may-2018/protostuff/119/protostuff-parser/target/classes:/home/spirals/danglot/.m2/repository/junit/junit/4.11/junit-4.11.jar:/home/spirals/danglot/.m2/repository/org/hamcrest/hamcrest-core/1.3/hamcrest-core-1.3.jar:/home/spirals/danglot/.m2/repository/org/antlr/antlr-runtime/3.2/antlr-runtime-3.2.jar:/home/spirals/danglot/.m2/repository/org/antlr/stringtemplate/3.2.1/stringtemplate-3.2.1.jar:/home/spirals/danglot/.m2/repository/antlr/antlr/2.7.7/antlr-2.7.7.jar:/tmp/Ex2Amplifier-experiments/target/dspot/dependencies:/home/spirals/danglot/.m2/repository/eu/stamp-project/test-runner/1.0.8/test-runner-1.0.8-jar-with-dependencies.jar eu.stamp_project.testrunner.runner.test.TestRunner io.protostuff.parser.ProtoParserTest testDescriptorProto:testEnumWithTrailingSemicolon
File saved to the following path: /tmp/Ex2Amplifier-experiments/dataset/may-2018/protostuff/119/protostuff-parser/target/dspot/TestListener.ser
'group' not supported @ line 19 of enum_with_semicolon.proto
[21441] INFO EntryPoint - Test has been run: testEnumWithTrailingSemicolon,testDescriptorProto
[21441] INFO Amplification - 0 amplified test(s) has been selected, global: 0
[21448] INFO Amplification - amp testDescriptorProto (1/2)
[21675] INFO EntryPoint - Run: java -cp /tmp/Ex2Amplifier-experiments/dataset/may-2018/protostuff/119/protostuff-parser/target/test-classes:/tmp/Ex2Amplifier-experiments/dataset/may-2018/protostuff/119/protostuff-parser/target/classes:/home/spirals/danglot/.m2/repository/junit/junit/4.11/junit-4.11.jar:/home/spirals/danglot/.m2/repository/org/hamcrest/hamcrest-core/1.3/hamcrest-core-1.3.jar:/home/spirals/danglot/.m2/repository/org/antlr/antlr-runtime/3.2/antlr-runtime-3.2.jar:/home/spirals/danglot/.m2/repository/org/antlr/stringtemplate/3.2.1/stringtemplate-3.2.1.jar:/home/spirals/danglot/.m2/repository/antlr/antlr/2.7.7/antlr-2.7.7.jar:/tmp/Ex2Amplifier-experiments/target/dspot/dependencies:/home/spirals/danglot/.m2/repository/eu/stamp-project/test-runner/1.0.8/test-runner-1.0.8-jar-with-dependencies.jar eu.stamp_project.testrunner.runner.test.TestRunner io.protostuff.parser.ProtoParserTest testDescriptorProto
File saved to the following path: /tmp/Ex2Amplifier-experiments/dataset/may-2018/protostuff/119/protostuff-parser/target/dspot/TestListener.ser
[22182] INFO EntryPoint - Test has been run: testDescriptorProto
[22182] INFO Amplification - iteration 0:
[22182] INFO Amplification - 1 tests selected to be amplified over 1 available tests
[22297] INFO AssertGenerator - Run tests. (8)
[22563] INFO EntryPoint - Run: java -cp /tmp/Ex2Amplifier-experiments/dataset/may-2018/protostuff/119/protostuff-parser/target/test-classes:/tmp/Ex2Amplifier-experiments/dataset/may-2018/protostuff/119/protostuff-parser/target/classes:/home/spirals/danglot/.m2/repository/junit/junit/4.11/junit-4.11.jar:/home/spirals/danglot/.m2/repository/org/hamcrest/hamcrest-core/1.3/hamcrest-core-1.3.jar:/home/spirals/danglot/.m2/repository/org/antlr/antlr-runtime/3.2/antlr-runtime-3.2.jar:/home/spirals/danglot/.m2/repository/org/antlr/stringtemplate/3.2.1/stringtemplate-3.2.1.jar:/home/spirals/danglot/.m2/repository/antlr/antlr/2.7.7/antlr-2.7.7.jar:/tmp/Ex2Amplifier-experiments/target/dspot/dependencies:/home/spirals/danglot/.m2/repository/eu/stamp-project/test-runner/1.0.8/test-runner-1.0.8-jar-with-dependencies.jar eu.stamp_project.testrunner.runner.test.TestRunner io.protostuff.parser.ProtoParserTest testDescriptorProtolitString1:testDescriptorProtolitString2:testDescriptorProtolitString3:testDescriptorProtolitString4:testDescriptorProtolitString5:testDescriptorProtolitString6:testDescriptorProtolitString7:testDescriptorProtolitString8
File saved to the following path: /tmp/Ex2Amplifier-experiments/dataset/may-2018/protostuff/119/protostuff-parser/target/dspot/TestListener.ser
[22988] INFO EntryPoint - Test has been run: testDescriptorProtolitString1(io.protostuff.parser.ProtoParserTest): src/test/resources (Is a directory),testDescriptorProtolitString2(io.protostuff.parser.ProtoParserTest): src/test/resources/ctype (No such file or directory),testDescriptorProtolitString3(io.protostuff.parser.ProtoParserTest): src/test/resources/descriptor.poto (No such file or directory),testDescriptorProtolitString4(io.protostuff.parser.ProtoParserTest): src/test/resources/dhscbCS@!x*zH_,y (No such file or directory),testDescriptorProtolitString5(io.protostuff.parser.ProtoParserTest): src/test/resources/desc,riptor.proto (No such file or directory),testDescriptorProtolitString6(io.protostuff.parser.ProtoParserTest): src/test/resources/descriptor.pkoto (No such file or directory),testDescriptorProtolitString7(io.protostuff.parser.ProtoParserTest): src/test/resources/
 (No such file or directory),testDescriptorProtolitString8(io.protostuff.parser.ProtoParserTest): src/test/resources/: (No such file or directory)
[22991] INFO AssertGenerator - 1 test fail, generating try/catch/fail blocks...
[23011] INFO AssertGenerator - 1 new tests with assertions generated
[23245] INFO EntryPoint - Run: java -cp /tmp/Ex2Amplifier-experiments/dataset/may-2018/protostuff/119/protostuff-parser/target/test-classes:/tmp/Ex2Amplifier-experiments/dataset/may-2018/protostuff/119/protostuff-parser/target/classes:/home/spirals/danglot/.m2/repository/junit/junit/4.11/junit-4.11.jar:/home/spirals/danglot/.m2/repository/org/hamcrest/hamcrest-core/1.3/hamcrest-core-1.3.jar:/home/spirals/danglot/.m2/repository/org/antlr/antlr-runtime/3.2/antlr-runtime-3.2.jar:/home/spirals/danglot/.m2/repository/org/antlr/stringtemplate/3.2.1/stringtemplate-3.2.1.jar:/home/spirals/danglot/.m2/repository/antlr/antlr/2.7.7/antlr-2.7.7.jar:/tmp/Ex2Amplifier-experiments/target/dspot/dependencies:/home/spirals/danglot/.m2/repository/eu/stamp-project/test-runner/1.0.8/test-runner-1.0.8-jar-with-dependencies.jar eu.stamp_project.testrunner.runner.test.TestRunner io.protostuff.parser.ProtoParserTest testDescriptorProtolitString1_failAssert0
File saved to the following path: /tmp/Ex2Amplifier-experiments/dataset/may-2018/protostuff/119/protostuff-parser/target/dspot/TestListener.ser
[23633] INFO EntryPoint - Test has been run: testDescriptorProtolitString1_failAssert0
[23634] INFO Amplification - 1 test method(s) has been successfully generated
[23741] DEBUG Launcher - building sources: [/tmp/Ex2Amplifier-experiments/target/dspot/tmp_test_sources/io/protostuff/parser/ProtoParserTest.java]
[23742] DEBUG Launcher - build args: [-encoding, UTF-8, -cp, /home/spirals/danglot/.m2/repository/junit/junit/4.11/junit-4.11.jar:/home/spirals/danglot/.m2/repository/org/hamcrest/hamcrest-core/1.3/hamcrest-core-1.3.jar:/home/spirals/danglot/.m2/repository/org/antlr/antlr-runtime/3.2/antlr-runtime-3.2.jar:/home/spirals/danglot/.m2/repository/org/antlr/stringtemplate/3.2.1/stringtemplate-3.2.1.jar:/home/spirals/danglot/.m2/repository/antlr/antlr/2.7.7/antlr-2.7.7.jar:target/dspot/dependencies/:dataset/may-2018/protostuff/119/protostuff-parser//target/classes:dataset/may-2018/protostuff/119/protostuff-parser//target/test-classes:, -1.8, -preserveAllLocals, -noExit, -enableJavadoc, /tmp/Ex2Amplifier-experiments/target/dspot/tmp_test_sources/io/protostuff/parser/ProtoParserTest.java]
[23802] DEBUG Launcher - built in 61 ms
[23802] DEBUG Launcher - building templates: []
[23802] DEBUG Launcher - built in 0 ms
[23802] DEBUG Launcher - model built in 61
[23803] DEBUG Launcher - compiling sources: [/tmp/Ex2Amplifier-experiments/target/dspot/tmp_test_sources/io/protostuff/parser/ProtoParserTest.java]
[23806] DEBUG Launcher - compile args: [-encoding, UTF-8, -cp, /home/spirals/danglot/.m2/repository/junit/junit/4.11/junit-4.11.jar:/home/spirals/danglot/.m2/repository/org/hamcrest/hamcrest-core/1.3/hamcrest-core-1.3.jar:/home/spirals/danglot/.m2/repository/org/antlr/antlr-runtime/3.2/antlr-runtime-3.2.jar:/home/spirals/danglot/.m2/repository/org/antlr/stringtemplate/3.2.1/stringtemplate-3.2.1.jar:/home/spirals/danglot/.m2/repository/antlr/antlr/2.7.7/antlr-2.7.7.jar:target/dspot/dependencies/:dataset/may-2018/protostuff/119/protostuff-parser//target/classes:dataset/may-2018/protostuff/119/protostuff-parser//target/test-classes:, -d, /tmp/Ex2Amplifier-experiments/dataset/may-2018/protostuff/119_modified/protostuff-parser/target/test-classes, -1.8, -proc:none, -preserveAllLocals, -noExit, -enableJavadoc, /tmp/Ex2Amplifier-experiments/target/dspot/tmp_test_sources/io/protostuff/parser/ProtoParserTest.java]
[23865] DEBUG Launcher - compiled in 62 ms
[23867] INFO EntryPoint - Run: java -cp /home/spirals/danglot/.m2/repository/junit/junit/4.11/junit-4.11.jar:/home/spirals/danglot/.m2/repository/org/hamcrest/hamcrest-core/1.3/hamcrest-core-1.3.jar:/home/spirals/danglot/.m2/repository/org/antlr/antlr-runtime/3.2/antlr-runtime-3.2.jar:/home/spirals/danglot/.m2/repository/org/antlr/stringtemplate/3.2.1/stringtemplate-3.2.1.jar:/home/spirals/danglot/.m2/repository/antlr/antlr/2.7.7/antlr-2.7.7.jar:target/dspot/dependencies/:/tmp/Ex2Amplifier-experiments/dataset/may-2018/protostuff/119_modified/protostuff-parser/target/classes:/tmp/Ex2Amplifier-experiments/dataset/may-2018/protostuff/119_modified/protostuff-parser/target/test-classes:/home/spirals/danglot/.m2/repository/eu/stamp-project/test-runner/1.0.8/test-runner-1.0.8-jar-with-dependencies.jar eu.stamp_project.testrunner.runner.test.TestRunner io.protostuff.parser.ProtoParserTest testDescriptorProtolitString1_failAssert0
File saved to the following path: /tmp/Ex2Amplifier-experiments/dataset/may-2018/protostuff/119/protostuff-parser/target/dspot/TestListener.ser
[24237] INFO EntryPoint - Test has been run: testDescriptorProtolitString1_failAssert0
[24237] INFO Amplification - iteration 1:
[24237] INFO Amplification - 1 tests selected to be amplified over 1 available tests
[24240] INFO Amplification - iteration 2:
[24240] INFO Amplification - No test could be generated from selected test
[24240] INFO Amplification - 0 amplified test(s) has been selected, global: 0
[24240] INFO Amplification - amp testEnumWithTrailingSemicolon (2/2)
[24259] DEBUG Launcher - printing io.protostuff.parser.ProtoParserTest to /tmp/Ex2Amplifier-experiments/target/dspot/tmp_test_sources
[24476] INFO EntryPoint - Run: java -cp /tmp/Ex2Amplifier-experiments/dataset/may-2018/protostuff/119/protostuff-parser/target/test-classes:/tmp/Ex2Amplifier-experiments/dataset/may-2018/protostuff/119/protostuff-parser/target/classes:/home/spirals/danglot/.m2/repository/junit/junit/4.11/junit-4.11.jar:/home/spirals/danglot/.m2/repository/org/hamcrest/hamcrest-core/1.3/hamcrest-core-1.3.jar:/home/spirals/danglot/.m2/repository/org/antlr/antlr-runtime/3.2/antlr-runtime-3.2.jar:/home/spirals/danglot/.m2/repository/org/antlr/stringtemplate/3.2.1/stringtemplate-3.2.1.jar:/home/spirals/danglot/.m2/repository/antlr/antlr/2.7.7/antlr-2.7.7.jar:/tmp/Ex2Amplifier-experiments/target/dspot/dependencies:/home/spirals/danglot/.m2/repository/eu/stamp-project/test-runner/1.0.8/test-runner-1.0.8-jar-with-dependencies.jar eu.stamp_project.testrunner.runner.test.TestRunner io.protostuff.parser.ProtoParserTest testEnumWithTrailingSemicolon
File saved to the following path: /tmp/Ex2Amplifier-experiments/dataset/may-2018/protostuff/119/protostuff-parser/target/dspot/TestListener.ser
'group' not supported @ line 19 of enum_with_semicolon.proto
[24916] INFO EntryPoint - Test has been run: testEnumWithTrailingSemicolon
[24916] INFO Amplification - iteration 0:
[24916] INFO Amplification - 1 tests selected to be amplified over 1 available tests
[24966] INFO AssertGenerator - Run tests. (5)
[24978] DEBUG Launcher - printing io.protostuff.parser.ProtoParserTest to /tmp/Ex2Amplifier-experiments/target/dspot/tmp_test_sources
[25175] INFO EntryPoint - Run: java -cp /tmp/Ex2Amplifier-experiments/dataset/may-2018/protostuff/119/protostuff-parser/target/test-classes:/tmp/Ex2Amplifier-experiments/dataset/may-2018/protostuff/119/protostuff-parser/target/classes:/home/spirals/danglot/.m2/repository/junit/junit/4.11/junit-4.11.jar:/home/spirals/danglot/.m2/repository/org/hamcrest/hamcrest-core/1.3/hamcrest-core-1.3.jar:/home/spirals/danglot/.m2/repository/org/antlr/antlr-runtime/3.2/antlr-runtime-3.2.jar:/home/spirals/danglot/.m2/repository/org/antlr/stringtemplate/3.2.1/stringtemplate-3.2.1.jar:/home/spirals/danglot/.m2/repository/antlr/antlr/2.7.7/antlr-2.7.7.jar:/tmp/Ex2Amplifier-experiments/target/dspot/dependencies:/home/spirals/danglot/.m2/repository/eu/stamp-project/test-runner/1.0.8/test-runner-1.0.8-jar-with-dependencies.jar eu.stamp_project.testrunner.runner.test.TestRunner io.protostuff.parser.ProtoParserTest testEnumWithTrailingSemicolonlitString18:testEnumWithTrailingSemicolonlitString19:testEnumWithTrailingSemicolonlitString20:testEnumWithTrailingSemicolonlitString21:testEnumWithTrailingSemicolonlitString22
File saved to the following path: /tmp/Ex2Amplifier-experiments/dataset/may-2018/protostuff/119/protostuff-parser/target/dspot/TestListener.ser
[25564] INFO EntryPoint - Test has been run: testEnumWithTrailingSemicolonlitString18(io.protostuff.parser.ProtoParserTest): src/test/resources/SgpbL[{$QV5:Wz2[|+mr6#-Vt (No such file or directory),testEnumWithTrailingSemicolonlitString19(io.protostuff.parser.ProtoParserTest): src/test/resources/optional_import_message (No such file or directory),testEnumWithTrailingSemicolonlitString20(io.protostuff.parser.ProtoParserTest): src/test/resources/enum_with_semicolon2proto (No such file or directory),testEnumWithTrailingSemicolonlitString21(io.protostuff.parser.ProtoParserTest): src/test/resources/e5num_with_semicolon.proto (No such file or directory),testEnumWithTrailingSemicolonlitString22(io.protostuff.parser.ProtoParserTest): src/test/resources/enum_with_semicoln.proto (No such file or directory)
[25564] INFO AssertGenerator - 1 test fail, generating try/catch/fail blocks...
[25566] INFO AssertGenerator - 1 new tests with assertions generated
[25584] DEBUG Launcher - printing io.protostuff.parser.ProtoParserTest to /tmp/Ex2Amplifier-experiments/target/dspot/tmp_test_sources
[25776] INFO EntryPoint - Run: java -cp /tmp/Ex2Amplifier-experiments/dataset/may-2018/protostuff/119/protostuff-parser/target/test-classes:/tmp/Ex2Amplifier-experiments/dataset/may-2018/protostuff/119/protostuff-parser/target/classes:/home/spirals/danglot/.m2/repository/junit/junit/4.11/junit-4.11.jar:/home/spirals/danglot/.m2/repository/org/hamcrest/hamcrest-core/1.3/hamcrest-core-1.3.jar:/home/spirals/danglot/.m2/repository/org/antlr/antlr-runtime/3.2/antlr-runtime-3.2.jar:/home/spirals/danglot/.m2/repository/org/antlr/stringtemplate/3.2.1/stringtemplate-3.2.1.jar:/home/spirals/danglot/.m2/repository/antlr/antlr/2.7.7/antlr-2.7.7.jar:/tmp/Ex2Amplifier-experiments/target/dspot/dependencies:/home/spirals/danglot/.m2/repository/eu/stamp-project/test-runner/1.0.8/test-runner-1.0.8-jar-with-dependencies.jar eu.stamp_project.testrunner.runner.test.TestRunner io.protostuff.parser.ProtoParserTest testEnumWithTrailingSemicolonlitString18_failAssert1
File saved to the following path: /tmp/Ex2Amplifier-experiments/dataset/may-2018/protostuff/119/protostuff-parser/target/dspot/TestListener.ser
[26160] INFO EntryPoint - Test has been run: testEnumWithTrailingSemicolonlitString18_failAssert1
[26160] INFO Amplification - 1 test method(s) has been successfully generated
[26233] DEBUG Launcher - printing io.protostuff.parser.ProtoParserTest to /tmp/Ex2Amplifier-experiments/target/dspot/tmp_test_sources
[26245] DEBUG Launcher - building sources: [/tmp/Ex2Amplifier-experiments/target/dspot/tmp_test_sources/io/protostuff/parser/ProtoParserTest.java]
[26246] DEBUG Launcher - build args: [-encoding, UTF-8, -cp, /home/spirals/danglot/.m2/repository/junit/junit/4.11/junit-4.11.jar:/home/spirals/danglot/.m2/repository/org/hamcrest/hamcrest-core/1.3/hamcrest-core-1.3.jar:/home/spirals/danglot/.m2/repository/org/antlr/antlr-runtime/3.2/antlr-runtime-3.2.jar:/home/spirals/danglot/.m2/repository/org/antlr/stringtemplate/3.2.1/stringtemplate-3.2.1.jar:/home/spirals/danglot/.m2/repository/antlr/antlr/2.7.7/antlr-2.7.7.jar:target/dspot/dependencies/:dataset/may-2018/protostuff/119/protostuff-parser//target/classes:dataset/may-2018/protostuff/119/protostuff-parser//target/test-classes:, -1.8, -preserveAllLocals, -noExit, -enableJavadoc, /tmp/Ex2Amplifier-experiments/target/dspot/tmp_test_sources/io/protostuff/parser/ProtoParserTest.java]
[26302] DEBUG Launcher - built in 57 ms
[26302] DEBUG Launcher - building templates: []
[26302] DEBUG Launcher - built in 0 ms
[26302] DEBUG Launcher - model built in 57
[26302] DEBUG Launcher - compiling sources: [/tmp/Ex2Amplifier-experiments/target/dspot/tmp_test_sources/io/protostuff/parser/ProtoParserTest.java]
[26303] DEBUG Launcher - compile args: [-encoding, UTF-8, -cp, /home/spirals/danglot/.m2/repository/junit/junit/4.11/junit-4.11.jar:/home/spirals/danglot/.m2/repository/org/hamcrest/hamcrest-core/1.3/hamcrest-core-1.3.jar:/home/spirals/danglot/.m2/repository/org/antlr/antlr-runtime/3.2/antlr-runtime-3.2.jar:/home/spirals/danglot/.m2/repository/org/antlr/stringtemplate/3.2.1/stringtemplate-3.2.1.jar:/home/spirals/danglot/.m2/repository/antlr/antlr/2.7.7/antlr-2.7.7.jar:target/dspot/dependencies/:dataset/may-2018/protostuff/119/protostuff-parser//target/classes:dataset/may-2018/protostuff/119/protostuff-parser//target/test-classes:, -d, /tmp/Ex2Amplifier-experiments/dataset/may-2018/protostuff/119_modified/protostuff-parser/target/test-classes, -1.8, -proc:none, -preserveAllLocals, -noExit, -enableJavadoc, /tmp/Ex2Amplifier-experiments/target/dspot/tmp_test_sources/io/protostuff/parser/ProtoParserTest.java]
[26358] DEBUG Launcher - compiled in 56 ms
[26358] INFO EntryPoint - Run: java -cp /home/spirals/danglot/.m2/repository/junit/junit/4.11/junit-4.11.jar:/home/spirals/danglot/.m2/repository/org/hamcrest/hamcrest-core/1.3/hamcrest-core-1.3.jar:/home/spirals/danglot/.m2/repository/org/antlr/antlr-runtime/3.2/antlr-runtime-3.2.jar:/home/spirals/danglot/.m2/repository/org/antlr/stringtemplate/3.2.1/stringtemplate-3.2.1.jar:/home/spirals/danglot/.m2/repository/antlr/antlr/2.7.7/antlr-2.7.7.jar:target/dspot/dependencies/:/tmp/Ex2Amplifier-experiments/dataset/may-2018/protostuff/119_modified/protostuff-parser/target/classes:/tmp/Ex2Amplifier-experiments/dataset/may-2018/protostuff/119_modified/protostuff-parser/target/test-classes:/home/spirals/danglot/.m2/repository/eu/stamp-project/test-runner/1.0.8/test-runner-1.0.8-jar-with-dependencies.jar eu.stamp_project.testrunner.runner.test.TestRunner io.protostuff.parser.ProtoParserTest testEnumWithTrailingSemicolonlitString18_failAssert1
File saved to the following path: /tmp/Ex2Amplifier-experiments/dataset/may-2018/protostuff/119/protostuff-parser/target/dspot/TestListener.ser
[26701] INFO EntryPoint - Test has been run: testEnumWithTrailingSemicolonlitString18_failAssert1
[26701] INFO Amplification - iteration 1:
[26701] INFO Amplification - 1 tests selected to be amplified over 1 available tests
[26703] INFO Amplification - iteration 2:
[26703] INFO Amplification - No test could be generated from selected test
[26703] INFO Amplification - 0 amplified test(s) has been selected, global: 0
[26703] INFO DSpot - elapsedTime 7058
======= REPORT =======
0 amplified test fails on the new versions.

[26790] INFO DSpot - Print AmplProtoParserTest with 0?amplified test cases in results/may-2018/protostuff/119/I_ampl
[26790] DEBUG Launcher - printing io.protostuff.parser.AmplProtoParserTest to /tmp/Ex2Amplifier-experiments/results/may-2018/protostuff/119/I_ampl
