SLF4J: Class path contains multiple SLF4J bindings.
SLF4J: Found binding in [jar:file:/home/bdanglot/.m2/repository/eu/stamp-project/test-runner/1.0.5/test-runner-1.0.5-jar-with-dependencies.jar!/org/slf4j/impl/StaticLoggerBinder.class]
SLF4J: Found binding in [jar:file:/home/bdanglot/.m2/repository/org/slf4j/slf4j-log4j12/1.7.25/slf4j-log4j12-1.7.25.jar!/org/slf4j/impl/StaticLoggerBinder.class]
SLF4J: See http://www.slf4j.org/codes.html#multiple_bindings for an explanation.
SLF4J: Actual binding is of type [org.slf4j.impl.Log4jLoggerFactory]
[0] WARN AutomaticBuilderFactory - No automatic builder specified in configuration, going to default.
[0] INFO AutomaticBuilderFactory - Default: provided Maven automatic builder.
[26] INFO MavenAutomaticBuilder - run maven clean test -DskipTests dependency:build-classpath -Dmdep.outputFile=target/dspot/classpath
[WARN] Maven will be executed in interactive mode, but no input stream has been configured for this MavenInvoker instance.
[[1;34mINFO[m] Scanning for projects...
[[1;34mINFO[m] 
[[1;34mINFO[m] [1m------------------------------------------------------------------------[m
[[1;34mINFO[m] [1mBuilding protostuff :: parser 1.3.4-SNAPSHOT[m
[[1;34mINFO[m] [1m------------------------------------------------------------------------[m
[[1;34mINFO[m] 
[[1;34mINFO[m] [1m--- [0;32mmaven-clean-plugin:2.5:clean[m [1m(default-clean)[m @ [36mprotostuff-parser[0;1m ---[m
[[1;34mINFO[m] Deleting /home/bdanglot/workspace/Ex2amplifier-experiments/dataset/may-2018/protostuff/119/protostuff-parser/target
[[1;34mINFO[m] 
[[1;34mINFO[m] [1m--- [0;32mmaven-enforcer-plugin:1.3.1:enforce[m [1m(enforce-versions)[m @ [36mprotostuff-parser[0;1m ---[m
[[1;34mINFO[m] Skipping Rule Enforcement.
[[1;34mINFO[m] 
[[1;34mINFO[m] [1m--- [0;32mantlr3-maven-plugin:3.2:antlr[m [1m(default)[m @ [36mprotostuff-parser[0;1m ---[m
[[1;34mINFO[m] ANTLR: Processing source directory /home/bdanglot/workspace/Ex2amplifier-experiments/dataset/may-2018/protostuff/119/protostuff-parser/src/main/antlr3
ANTLR Parser Generator  Version 3.2 Sep 23, 2009 14:05:07
Grammar /home/bdanglot/workspace/Ex2amplifier-experiments/dataset/may-2018/protostuff/119/protostuff-parser/src/main/antlr3/io/protostuff/parser/ProtoLexer.g is up to date - build skipped
Grammar /home/bdanglot/workspace/Ex2amplifier-experiments/dataset/may-2018/protostuff/119/protostuff-parser/src/main/antlr3/io/protostuff/parser/ProtoParser.g is up to date - build skipped
[[1;34mINFO[m] 
[[1;34mINFO[m] [1m--- [0;32mmaven-resources-plugin:2.6:resources[m [1m(default-resources)[m @ [36mprotostuff-parser[0;1m ---[m
[[1;34mINFO[m] Using 'UTF-8' encoding to copy filtered resources.
[[1;34mINFO[m] skip non existing resourceDirectory /home/bdanglot/workspace/Ex2amplifier-experiments/dataset/may-2018/protostuff/119/protostuff-parser/src/main/resources
[[1;34mINFO[m] 
[[1;34mINFO[m] [1m--- [0;32mmaven-compiler-plugin:3.1:compile[m [1m(default-compile)[m @ [36mprotostuff-parser[0;1m ---[m
[[1;34mINFO[m] Changes detected - recompiling the module!
[[1;34mINFO[m] Compiling 26 source files to /home/bdanglot/workspace/Ex2amplifier-experiments/dataset/may-2018/protostuff/119/protostuff-parser/target/classes
[[1;33mWARNING[m] /home/bdanglot/workspace/Ex2amplifier-experiments/dataset/may-2018/protostuff/119/protostuff-parser/src/main/java/io/protostuff/parser/ProtoParser.java: /home/bdanglot/workspace/Ex2amplifier-experiments/dataset/may-2018/protostuff/119/protostuff-parser/src/main/java/io/protostuff/parser/ProtoParser.java uses unchecked or unsafe operations.
[[1;33mWARNING[m] /home/bdanglot/workspace/Ex2amplifier-experiments/dataset/may-2018/protostuff/119/protostuff-parser/src/main/java/io/protostuff/parser/ProtoParser.java: Recompile with -Xlint:unchecked for details.
[[1;34mINFO[m] 
[[1;34mINFO[m] [1m--- [0;32mmaven-resources-plugin:2.6:testResources[m [1m(default-testResources)[m @ [36mprotostuff-parser[0;1m ---[m
[[1;34mINFO[m] Using 'UTF-8' encoding to copy filtered resources.
[[1;34mINFO[m] Copying 20 resources
[[1;34mINFO[m] 
[[1;34mINFO[m] [1m--- [0;32mmaven-compiler-plugin:3.1:testCompile[m [1m(default-testCompile)[m @ [36mprotostuff-parser[0;1m ---[m
[[1;34mINFO[m] Changes detected - recompiling the module!
[[1;34mINFO[m] Compiling 11 source files to /home/bdanglot/workspace/Ex2amplifier-experiments/dataset/may-2018/protostuff/119/protostuff-parser/target/test-classes
[[1;34mINFO[m] 
[[1;34mINFO[m] [1m--- [0;32mmaven-surefire-plugin:2.12.4:test[m [1m(default-test)[m @ [36mprotostuff-parser[0;1m ---[m
[[1;34mINFO[m] Tests are skipped.
[[1;34mINFO[m] 
[[1;34mINFO[m] [1m--- [0;32mmaven-dependency-plugin:2.8:build-classpath[m [1m(default-cli)[m @ [36mprotostuff-parser[0;1m ---[m
[[1;34mINFO[m] Wrote classpath file '/home/bdanglot/workspace/Ex2amplifier-experiments/dataset/may-2018/protostuff/119/protostuff-parser/target/dspot/classpath'.
[[1;34mINFO[m] [1m------------------------------------------------------------------------[m
[[1;34mINFO[m] [1;32mBUILD SUCCESS[m
[[1;34mINFO[m] [1m------------------------------------------------------------------------[m
[[1;34mINFO[m] Total time: 10.722 s
[[1;34mINFO[m] Finished at: 2018-05-16T18:28:20+02:00
[[1;34mINFO[m] Final Memory: 27M/294M
[[1;34mINFO[m] [1m------------------------------------------------------------------------[m
[23051] WARN AutomaticBuilderFactory - No automatic builder specified in configuration, going to default.
[23051] INFO AutomaticBuilderFactory - Default: provided Maven automatic builder.
[23052] INFO MavenAutomaticBuilder - run maven clean test -DskipTests dependency:build-classpath -Dmdep.outputFile=target/dspot/classpath
[WARN] Maven will be executed in interactive mode, but no input stream has been configured for this MavenInvoker instance.
[[1;34mINFO[m] Scanning for projects...
[[1;34mINFO[m] 
[[1;34mINFO[m] [1m------------------------------------------------------------------------[m
[[1;34mINFO[m] [1mBuilding protostuff :: parser 1.3.4-SNAPSHOT[m
[[1;34mINFO[m] [1m------------------------------------------------------------------------[m
[[1;34mINFO[m] 
[[1;34mINFO[m] [1m--- [0;32mmaven-clean-plugin:2.5:clean[m [1m(default-clean)[m @ [36mprotostuff-parser[0;1m ---[m
[[1;34mINFO[m] Deleting /home/bdanglot/workspace/Ex2amplifier-experiments/dataset/may-2018/protostuff/119_modified/protostuff-parser/target
[[1;34mINFO[m] 
[[1;34mINFO[m] [1m--- [0;32mmaven-enforcer-plugin:1.3.1:enforce[m [1m(enforce-versions)[m @ [36mprotostuff-parser[0;1m ---[m
[[1;34mINFO[m] Skipping Rule Enforcement.
[[1;34mINFO[m] 
[[1;34mINFO[m] [1m--- [0;32mantlr3-maven-plugin:3.2:antlr[m [1m(default)[m @ [36mprotostuff-parser[0;1m ---[m
[[1;34mINFO[m] ANTLR: Processing source directory /home/bdanglot/workspace/Ex2amplifier-experiments/dataset/may-2018/protostuff/119_modified/protostuff-parser/src/main/antlr3
ANTLR Parser Generator  Version 3.2 Sep 23, 2009 14:05:07
Grammar /home/bdanglot/workspace/Ex2amplifier-experiments/dataset/may-2018/protostuff/119_modified/protostuff-parser/src/main/antlr3/io/protostuff/parser/ProtoLexer.g is up to date - build skipped
Grammar /home/bdanglot/workspace/Ex2amplifier-experiments/dataset/may-2018/protostuff/119_modified/protostuff-parser/src/main/antlr3/io/protostuff/parser/ProtoParser.g is up to date - build skipped
[[1;34mINFO[m] 
[[1;34mINFO[m] [1m--- [0;32mmaven-resources-plugin:2.6:resources[m [1m(default-resources)[m @ [36mprotostuff-parser[0;1m ---[m
[[1;34mINFO[m] Using 'UTF-8' encoding to copy filtered resources.
[[1;34mINFO[m] skip non existing resourceDirectory /home/bdanglot/workspace/Ex2amplifier-experiments/dataset/may-2018/protostuff/119_modified/protostuff-parser/src/main/resources
[[1;34mINFO[m] 
[[1;34mINFO[m] [1m--- [0;32mmaven-compiler-plugin:3.1:compile[m [1m(default-compile)[m @ [36mprotostuff-parser[0;1m ---[m
[[1;34mINFO[m] Changes detected - recompiling the module!
[[1;34mINFO[m] Compiling 26 source files to /home/bdanglot/workspace/Ex2amplifier-experiments/dataset/may-2018/protostuff/119_modified/protostuff-parser/target/classes
[[1;33mWARNING[m] /home/bdanglot/workspace/Ex2amplifier-experiments/dataset/may-2018/protostuff/119_modified/protostuff-parser/src/main/java/io/protostuff/parser/ProtoParser.java: /home/bdanglot/workspace/Ex2amplifier-experiments/dataset/may-2018/protostuff/119_modified/protostuff-parser/src/main/java/io/protostuff/parser/ProtoParser.java uses unchecked or unsafe operations.
[[1;33mWARNING[m] /home/bdanglot/workspace/Ex2amplifier-experiments/dataset/may-2018/protostuff/119_modified/protostuff-parser/src/main/java/io/protostuff/parser/ProtoParser.java: Recompile with -Xlint:unchecked for details.
[[1;34mINFO[m] 
[[1;34mINFO[m] [1m--- [0;32mmaven-resources-plugin:2.6:testResources[m [1m(default-testResources)[m @ [36mprotostuff-parser[0;1m ---[m
[[1;34mINFO[m] Using 'UTF-8' encoding to copy filtered resources.
[[1;34mINFO[m] Copying 20 resources
[[1;34mINFO[m] 
[[1;34mINFO[m] [1m--- [0;32mmaven-compiler-plugin:3.1:testCompile[m [1m(default-testCompile)[m @ [36mprotostuff-parser[0;1m ---[m
[[1;34mINFO[m] Changes detected - recompiling the module!
[[1;34mINFO[m] Compiling 11 source files to /home/bdanglot/workspace/Ex2amplifier-experiments/dataset/may-2018/protostuff/119_modified/protostuff-parser/target/test-classes
[[1;34mINFO[m] 
[[1;34mINFO[m] [1m--- [0;32mmaven-surefire-plugin:2.12.4:test[m [1m(default-test)[m @ [36mprotostuff-parser[0;1m ---[m
[[1;34mINFO[m] Tests are skipped.
[[1;34mINFO[m] 
[[1;34mINFO[m] [1m--- [0;32mmaven-dependency-plugin:2.8:build-classpath[m [1m(default-cli)[m @ [36mprotostuff-parser[0;1m ---[m
[[1;34mINFO[m] Wrote classpath file '/home/bdanglot/workspace/Ex2amplifier-experiments/dataset/may-2018/protostuff/119_modified/protostuff-parser/target/dspot/classpath'.
[[1;34mINFO[m] [1m------------------------------------------------------------------------[m
[[1;34mINFO[m] [1;32mBUILD SUCCESS[m
[[1;34mINFO[m] [1m------------------------------------------------------------------------[m
[[1;34mINFO[m] Total time: 11.081 s
[[1;34mINFO[m] Finished at: 2018-05-16T18:28:43+02:00
[[1;34mINFO[m] Final Memory: 27M/295M
[[1;34mINFO[m] [1m------------------------------------------------------------------------[m
[39437] INFO SelectorOnDiff - Selecting according to a diff between dataset/may-2018/protostuff/119/protostuff-parser and dataset/may-2018/protostuff/119_modified/protostuff-parser (c0ac15ea8b19534ee4dc65c77f2204fdea9a2af4)
[39512] INFO SelectorOnDiff - Modified files:
a/protostuff-parser/src/main/java/io/protostuff/parser/AnnotationContainer.java
a/protostuff-parser/src/main/java/io/protostuff/parser/Proto.java
a/protostuff-parser/src/main/java/io/protostuff/parser/ProtoParser.java
a/protostuff-parser/src/main/java/io/protostuff/parser/ProtoLexer.java
a/protostuff-parser/src/test/java/io/protostuff/parser/AnnotationTest.java
a/protostuff-parser/src/main/java/io/protostuff/parser/Message.java
[43935] INFO Amplification - amplification of io.protostuff.parser.ProtoParserTest (4 test(s))
[45359] WARN Amplification - 4 tests failed before the amplifications
[45363] WARN Amplification - testEnumWithTrailingSemicolon(io.protostuff.parser.ProtoParserTest): null
testImport(io.protostuff.parser.ProtoParserTest): null
testSimple(io.protostuff.parser.ProtoParserTest): null
testDescriptorProto(io.protostuff.parser.ProtoParserTest): null
[45364] WARN Amplification - Discarding following test cases for the amplification
[45367] WARN Amplification - testEnumWithTrailingSemicolon
[45368] WARN Amplification - testImport
[45369] WARN Amplification - testSimple
[45369] WARN Amplification - testDescriptorProto
Exception in thread "main" java.lang.RuntimeException: java.lang.RuntimeException: java.lang.RuntimeException: fr.inria.diversify.dspot.AmplificationException: Every test methods are uncompilable
	at eu.stamp_project.Main.main(Main.java:96)
Caused by: java.lang.RuntimeException: java.lang.RuntimeException: fr.inria.diversify.dspot.AmplificationException: Every test methods are uncompilable
	at eu.stamp_project.Main.lambda$run$2(Main.java:152)
	at java.util.stream.ForEachOps$ForEachOp$OfRef.accept(ForEachOps.java:184)
	at java.util.stream.ReferencePipeline$2$1.accept(ReferencePipeline.java:175)
	at java.util.ArrayList$ArrayListSpliterator.forEachRemaining(ArrayList.java:1374)
	at java.util.stream.AbstractPipeline.copyInto(AbstractPipeline.java:481)
	at java.util.stream.AbstractPipeline.wrapAndCopyInto(AbstractPipeline.java:471)
	at java.util.stream.ForEachOps$ForEachOp.evaluateSequential(ForEachOps.java:151)
	at java.util.stream.ForEachOps$ForEachOp$OfRef.evaluateSequential(ForEachOps.java:174)
	at java.util.stream.AbstractPipeline.evaluate(AbstractPipeline.java:234)
	at java.util.stream.ReferencePipeline.forEach(ReferencePipeline.java:418)
	at eu.stamp_project.Main.run(Main.java:117)
	at eu.stamp_project.Main.main(Main.java:88)
Caused by: java.lang.RuntimeException: fr.inria.diversify.dspot.AmplificationException: Every test methods are uncompilable
	at fr.inria.diversify.dspot.Amplification.compileAndRunTests(Amplification.java:275)
	at fr.inria.diversify.dspot.Amplification.preAmplification(Amplification.java:177)
	at fr.inria.diversify.dspot.Amplification.preAmplification(Amplification.java:199)
	at fr.inria.diversify.dspot.Amplification.amplification(Amplification.java:91)
	at fr.inria.diversify.dspot.DSpot.amplifyTest(DSpot.java:183)
	at fr.inria.diversify.dspot.DSpot.amplifyTest(DSpot.java:170)
	at eu.stamp_project.Main.lambda$null$1(Main.java:143)
	at java.util.stream.ReferencePipeline$3$1.accept(ReferencePipeline.java:193)
	at java.util.HashMap$KeySpliterator.forEachRemaining(HashMap.java:1548)
	at java.util.stream.AbstractPipeline.copyInto(AbstractPipeline.java:481)
	at java.util.stream.AbstractPipeline.wrapAndCopyInto(AbstractPipeline.java:471)
	at java.util.stream.ReduceOps$ReduceOp.evaluateSequential(ReduceOps.java:708)
	at java.util.stream.AbstractPipeline.evaluate(AbstractPipeline.java:234)
	at java.util.stream.ReferencePipeline.collect(ReferencePipeline.java:499)
	at eu.stamp_project.Main.lambda$run$2(Main.java:144)
	... 11 more
Caused by: fr.inria.diversify.dspot.AmplificationException: Every test methods are uncompilable
	at fr.inria.diversify.utils.compilation.TestCompiler.compileAndRun(TestCompiler.java:76)
	at fr.inria.diversify.dspot.Amplification.compileAndRunTests(Amplification.java:268)
	... 25 more
