SLF4J: Class path contains multiple SLF4J bindings.
SLF4J: Found binding in [jar:file:/home/spirals/danglot/.m2/repository/eu/stamp-project/test-runner/1.0.8/test-runner-1.0.8-jar-with-dependencies.jar!/org/slf4j/impl/StaticLoggerBinder.class]
SLF4J: Found binding in [jar:file:/home/spirals/danglot/.m2/repository/org/slf4j/slf4j-log4j12/1.7.25/slf4j-log4j12-1.7.25.jar!/org/slf4j/impl/StaticLoggerBinder.class]
SLF4J: See http://www.slf4j.org/codes.html#multiple_bindings for an explanation.
SLF4J: Actual binding is of type [org.slf4j.impl.Log4jLoggerFactory]
[0] WARN AutomaticBuilderFactory - No automatic builder specified in configuration, going to default.
[1] INFO AutomaticBuilderFactory - Default: provided Maven automatic builder.
[9] INFO MavenAutomaticBuilder - run maven clean test -DskipTests dependency:build-classpath -Dmdep.outputFile=target/dspot/classpath
[WARN] Maven will be executed in interactive mode, but no input stream has been configured for this MavenInvoker instance.
[INFO] Scanning for projects...
[INFO]                                                                         
[INFO] ------------------------------------------------------------------------
[INFO] Building protostuff :: parser 1.3.4-SNAPSHOT
[INFO] ------------------------------------------------------------------------
[INFO] 
[INFO] --- maven-clean-plugin:2.5:clean (default-clean) @ protostuff-parser ---
[INFO] Deleting /tmp/Ex2Amplifier-experiments/dataset/may-2018/protostuff/119_modified/protostuff-parser/target
[INFO] 
[INFO] --- maven-enforcer-plugin:1.3.1:enforce (enforce-versions) @ protostuff-parser ---
[INFO] Skipping Rule Enforcement.
[INFO] 
[INFO] --- antlr3-maven-plugin:3.2:antlr (default) @ protostuff-parser ---
[INFO] ANTLR: Processing source directory /tmp/Ex2Amplifier-experiments/dataset/may-2018/protostuff/119_modified/protostuff-parser/src/main/antlr3
ANTLR Parser Generator  Version 3.2 Sep 23, 2009 14:05:07
Grammar /tmp/Ex2Amplifier-experiments/dataset/may-2018/protostuff/119_modified/protostuff-parser/src/main/antlr3/io/protostuff/parser/ProtoLexer.g is up to date - build skipped
Grammar /tmp/Ex2Amplifier-experiments/dataset/may-2018/protostuff/119_modified/protostuff-parser/src/main/antlr3/io/protostuff/parser/ProtoParser.g is up to date - build skipped
[INFO] 
[INFO] --- maven-resources-plugin:2.6:resources (default-resources) @ protostuff-parser ---
[INFO] Using 'UTF-8' encoding to copy filtered resources.
[INFO] skip non existing resourceDirectory /tmp/Ex2Amplifier-experiments/dataset/may-2018/protostuff/119_modified/protostuff-parser/src/main/resources
[INFO] 
[INFO] --- maven-compiler-plugin:3.1:compile (default-compile) @ protostuff-parser ---
[INFO] Changes detected - recompiling the module!
[INFO] Compiling 26 source files to /tmp/Ex2Amplifier-experiments/dataset/may-2018/protostuff/119_modified/protostuff-parser/target/classes
[WARNING] /tmp/Ex2Amplifier-experiments/dataset/may-2018/protostuff/119_modified/protostuff-parser/src/main/java/io/protostuff/parser/ProtoParser.java: /tmp/Ex2Amplifier-experiments/dataset/may-2018/protostuff/119_modified/protostuff-parser/src/main/java/io/protostuff/parser/ProtoParser.java uses unchecked or unsafe operations.
[WARNING] /tmp/Ex2Amplifier-experiments/dataset/may-2018/protostuff/119_modified/protostuff-parser/src/main/java/io/protostuff/parser/ProtoParser.java: Recompile with -Xlint:unchecked for details.
[INFO] 
[INFO] --- maven-resources-plugin:2.6:testResources (default-testResources) @ protostuff-parser ---
[INFO] Using 'UTF-8' encoding to copy filtered resources.
[INFO] Copying 18 resources
[INFO] 
[INFO] --- maven-compiler-plugin:3.1:testCompile (default-testCompile) @ protostuff-parser ---
[INFO] Changes detected - recompiling the module!
[INFO] Compiling 11 source files to /tmp/Ex2Amplifier-experiments/dataset/may-2018/protostuff/119_modified/protostuff-parser/target/test-classes
[INFO] 
[INFO] --- maven-surefire-plugin:2.12.4:test (default-test) @ protostuff-parser ---
[INFO] Tests are skipped.
[INFO] 
[INFO] --- maven-dependency-plugin:2.8:build-classpath (default-cli) @ protostuff-parser ---
[INFO] Wrote classpath file '/tmp/Ex2Amplifier-experiments/dataset/may-2018/protostuff/119_modified/protostuff-parser/target/dspot/classpath'.
[INFO] ------------------------------------------------------------------------
[INFO] BUILD SUCCESS
[INFO] ------------------------------------------------------------------------
[INFO] Total time: 5.618 s
[INFO] Finished at: 2018-05-21T17:59:26+02:00
[INFO] Final Memory: 27M/313M
[INFO] ------------------------------------------------------------------------
[10620] WARN AutomaticBuilderFactory - No automatic builder specified in configuration, going to default.
[10620] INFO AutomaticBuilderFactory - Default: provided Maven automatic builder.
[10621] INFO MavenAutomaticBuilder - run maven clean test -DskipTests dependency:build-classpath -Dmdep.outputFile=target/dspot/classpath
[WARN] Maven will be executed in interactive mode, but no input stream has been configured for this MavenInvoker instance.
[INFO] Scanning for projects...
[INFO]                                                                         
[INFO] ------------------------------------------------------------------------
[INFO] Building protostuff :: parser 1.3.4-SNAPSHOT
[INFO] ------------------------------------------------------------------------
[INFO] 
[INFO] --- maven-clean-plugin:2.5:clean (default-clean) @ protostuff-parser ---
[INFO] Deleting /tmp/Ex2Amplifier-experiments/dataset/may-2018/protostuff/119/protostuff-parser/target
[INFO] 
[INFO] --- maven-enforcer-plugin:1.3.1:enforce (enforce-versions) @ protostuff-parser ---
[INFO] Skipping Rule Enforcement.
[INFO] 
[INFO] --- antlr3-maven-plugin:3.2:antlr (default) @ protostuff-parser ---
[INFO] ANTLR: Processing source directory /tmp/Ex2Amplifier-experiments/dataset/may-2018/protostuff/119/protostuff-parser/src/main/antlr3
ANTLR Parser Generator  Version 3.2 Sep 23, 2009 14:05:07
Grammar /tmp/Ex2Amplifier-experiments/dataset/may-2018/protostuff/119/protostuff-parser/src/main/antlr3/io/protostuff/parser/ProtoLexer.g is up to date - build skipped
Grammar /tmp/Ex2Amplifier-experiments/dataset/may-2018/protostuff/119/protostuff-parser/src/main/antlr3/io/protostuff/parser/ProtoParser.g is up to date - build skipped
[INFO] 
[INFO] --- maven-resources-plugin:2.6:resources (default-resources) @ protostuff-parser ---
[INFO] Using 'UTF-8' encoding to copy filtered resources.
[INFO] skip non existing resourceDirectory /tmp/Ex2Amplifier-experiments/dataset/may-2018/protostuff/119/protostuff-parser/src/main/resources
[INFO] 
[INFO] --- maven-compiler-plugin:3.1:compile (default-compile) @ protostuff-parser ---
[INFO] Changes detected - recompiling the module!
[INFO] Compiling 26 source files to /tmp/Ex2Amplifier-experiments/dataset/may-2018/protostuff/119/protostuff-parser/target/classes
[WARNING] /tmp/Ex2Amplifier-experiments/dataset/may-2018/protostuff/119/protostuff-parser/src/main/java/io/protostuff/parser/ProtoParser.java: /tmp/Ex2Amplifier-experiments/dataset/may-2018/protostuff/119/protostuff-parser/src/main/java/io/protostuff/parser/ProtoParser.java uses unchecked or unsafe operations.
[WARNING] /tmp/Ex2Amplifier-experiments/dataset/may-2018/protostuff/119/protostuff-parser/src/main/java/io/protostuff/parser/ProtoParser.java: Recompile with -Xlint:unchecked for details.
[INFO] 
[INFO] --- maven-resources-plugin:2.6:testResources (default-testResources) @ protostuff-parser ---
[INFO] Using 'UTF-8' encoding to copy filtered resources.
[INFO] Copying 18 resources
[INFO] 
[INFO] --- maven-compiler-plugin:3.1:testCompile (default-testCompile) @ protostuff-parser ---
[INFO] Changes detected - recompiling the module!
[INFO] Compiling 11 source files to /tmp/Ex2Amplifier-experiments/dataset/may-2018/protostuff/119/protostuff-parser/target/test-classes
[INFO] 
[INFO] --- maven-surefire-plugin:2.12.4:test (default-test) @ protostuff-parser ---
[INFO] Tests are skipped.
[INFO] 
[INFO] --- maven-dependency-plugin:2.8:build-classpath (default-cli) @ protostuff-parser ---
[INFO] Wrote classpath file '/tmp/Ex2Amplifier-experiments/dataset/may-2018/protostuff/119/protostuff-parser/target/dspot/classpath'.
[INFO] ------------------------------------------------------------------------
[INFO] BUILD SUCCESS
[INFO] ------------------------------------------------------------------------
[INFO] Total time: 5.104 s
[INFO] Finished at: 2018-05-21T17:59:36+02:00
[INFO] Final Memory: 27M/312M
[INFO] ------------------------------------------------------------------------
[17339] INFO SelectorOnDiff - Selecting according to a diff between dataset/may-2018/protostuff/119_modified/protostuff-parser and dataset/may-2018/protostuff/119/protostuff-parser (829edec21f805cdc8fea2993561ac4e77994f647)
[17371] INFO SelectorOnDiff - Modified files:
a/protostuff-parser/src/main/java/io/protostuff/parser/AnnotationContainer.java
a/protostuff-parser/src/main/java/io/protostuff/parser/Proto.java
a/protostuff-parser/src/main/java/io/protostuff/parser/ProtoParser.java
a/protostuff-parser/src/main/java/io/protostuff/parser/ProtoLexer.java
a/protostuff-parser/src/test/java/io/protostuff/parser/AnnotationTest.java
a/protostuff-parser/src/main/java/io/protostuff/parser/Message.java
[19290] INFO Amplification - amplification of io.protostuff.parser.ProtoParserTest (4 test(s))
[19687] INFO EntryPoint - Run: java -cp /tmp/Ex2Amplifier-experiments/dataset/may-2018/protostuff/119_modified/protostuff-parser/target/test-classes:/tmp/Ex2Amplifier-experiments/dataset/may-2018/protostuff/119_modified/protostuff-parser/target/classes:/home/spirals/danglot/.m2/repository/junit/junit/4.11/junit-4.11.jar:/home/spirals/danglot/.m2/repository/org/hamcrest/hamcrest-core/1.3/hamcrest-core-1.3.jar:/home/spirals/danglot/.m2/repository/org/antlr/antlr-runtime/3.2/antlr-runtime-3.2.jar:/home/spirals/danglot/.m2/repository/org/antlr/stringtemplate/3.2.1/stringtemplate-3.2.1.jar:/home/spirals/danglot/.m2/repository/antlr/antlr/2.7.7/antlr-2.7.7.jar:/tmp/Ex2Amplifier-experiments/target/dspot/dependencies:/home/spirals/danglot/.m2/repository/eu/stamp-project/test-runner/1.0.8/test-runner-1.0.8-jar-with-dependencies.jar eu.stamp_project.testrunner.runner.test.TestRunner io.protostuff.parser.ProtoParserTest testDescriptorProto:testSimple:testEnumWithTrailingSemicolon:testImport
File saved to the following path: /tmp/Ex2Amplifier-experiments/dataset/may-2018/protostuff/119_modified/protostuff-parser/target/dspot/TestListener.ser
'group' not supported @ line 19 of enum_with_semicolon.proto
[20323] INFO EntryPoint - Test has been run: testEnumWithTrailingSemicolon,testDescriptorProto,testImport(io.protostuff.parser.ProtoParserTest): java.lang.IllegalStateException: Imported proto google/protobuf/unittest_import.proto not found. (src/test/resources/unittest.proto),testSimple(io.protostuff.parser.ProtoParserTest): null
[20323] WARN Amplification - 2 tests failed before the amplifications
[20323] WARN Amplification - testImport(io.protostuff.parser.ProtoParserTest): java.lang.IllegalStateException: Imported proto google/protobuf/unittest_import.proto not found. (src/test/resources/unittest.proto)
testSimple(io.protostuff.parser.ProtoParserTest): null
[20324] WARN Amplification - Discarding following test cases for the amplification
[20325] WARN Amplification - testImport
[20325] WARN Amplification - testSimple
[20600] INFO EntryPoint - Run: java -cp /tmp/Ex2Amplifier-experiments/dataset/may-2018/protostuff/119_modified/protostuff-parser/target/test-classes:/tmp/Ex2Amplifier-experiments/dataset/may-2018/protostuff/119_modified/protostuff-parser/target/classes:/home/spirals/danglot/.m2/repository/junit/junit/4.11/junit-4.11.jar:/home/spirals/danglot/.m2/repository/org/hamcrest/hamcrest-core/1.3/hamcrest-core-1.3.jar:/home/spirals/danglot/.m2/repository/org/antlr/antlr-runtime/3.2/antlr-runtime-3.2.jar:/home/spirals/danglot/.m2/repository/org/antlr/stringtemplate/3.2.1/stringtemplate-3.2.1.jar:/home/spirals/danglot/.m2/repository/antlr/antlr/2.7.7/antlr-2.7.7.jar:/tmp/Ex2Amplifier-experiments/target/dspot/dependencies:/home/spirals/danglot/.m2/repository/eu/stamp-project/test-runner/1.0.8/test-runner-1.0.8-jar-with-dependencies.jar eu.stamp_project.testrunner.runner.test.TestRunner io.protostuff.parser.ProtoParserTest testDescriptorProto:testEnumWithTrailingSemicolon
File saved to the following path: /tmp/Ex2Amplifier-experiments/dataset/may-2018/protostuff/119_modified/protostuff-parser/target/dspot/TestListener.ser
'group' not supported @ line 19 of enum_with_semicolon.proto
[21050] INFO EntryPoint - Test has been run: testEnumWithTrailingSemicolon,testDescriptorProto
[21050] INFO Amplification - Try to add assertions before amplification
[21078] INFO AssertGenerator - Run tests. (2)
[21281] INFO EntryPoint - Run: java -cp /tmp/Ex2Amplifier-experiments/dataset/may-2018/protostuff/119_modified/protostuff-parser/target/test-classes:/tmp/Ex2Amplifier-experiments/dataset/may-2018/protostuff/119_modified/protostuff-parser/target/classes:/home/spirals/danglot/.m2/repository/junit/junit/4.11/junit-4.11.jar:/home/spirals/danglot/.m2/repository/org/hamcrest/hamcrest-core/1.3/hamcrest-core-1.3.jar:/home/spirals/danglot/.m2/repository/org/antlr/antlr-runtime/3.2/antlr-runtime-3.2.jar:/home/spirals/danglot/.m2/repository/org/antlr/stringtemplate/3.2.1/stringtemplate-3.2.1.jar:/home/spirals/danglot/.m2/repository/antlr/antlr/2.7.7/antlr-2.7.7.jar:/tmp/Ex2Amplifier-experiments/target/dspot/dependencies:/home/spirals/danglot/.m2/repository/eu/stamp-project/test-runner/1.0.8/test-runner-1.0.8-jar-with-dependencies.jar eu.stamp_project.testrunner.runner.test.TestRunner io.protostuff.parser.ProtoParserTest testDescriptorProto:testEnumWithTrailingSemicolon
File saved to the following path: /tmp/Ex2Amplifier-experiments/dataset/may-2018/protostuff/119_modified/protostuff-parser/target/dspot/TestListener.ser
'group' not supported @ line 19 of enum_with_semicolon.proto
[21730] INFO EntryPoint - Test has been run: testEnumWithTrailingSemicolon,testDescriptorProto
[21731] INFO AssertGenerator - 2 test pass, generating assertion...
[21740] INFO MethodsAssertGenerator - Add observations points in passing tests.
[21740] INFO MethodsAssertGenerator - Instrumentation...
 50% |========================= ]/100% |================================================== ]-
[21766] INFO MethodsAssertGenerator - Run instrumented tests. (6)
[21993] INFO EntryPoint - Run: java -cp /tmp/Ex2Amplifier-experiments/dataset/may-2018/protostuff/119_modified/protostuff-parser/target/test-classes:/tmp/Ex2Amplifier-experiments/dataset/may-2018/protostuff/119_modified/protostuff-parser/target/classes:/home/spirals/danglot/.m2/repository/junit/junit/4.11/junit-4.11.jar:/home/spirals/danglot/.m2/repository/org/hamcrest/hamcrest-core/1.3/hamcrest-core-1.3.jar:/home/spirals/danglot/.m2/repository/org/antlr/antlr-runtime/3.2/antlr-runtime-3.2.jar:/home/spirals/danglot/.m2/repository/org/antlr/stringtemplate/3.2.1/stringtemplate-3.2.1.jar:/home/spirals/danglot/.m2/repository/antlr/antlr/2.7.7/antlr-2.7.7.jar:/tmp/Ex2Amplifier-experiments/target/dspot/dependencies:/home/spirals/danglot/.m2/repository/eu/stamp-project/test-runner/1.0.8/test-runner-1.0.8-jar-with-dependencies.jar eu.stamp_project.testrunner.runner.test.TestRunner io.protostuff.parser.ProtoParserTest testDescriptorProto_withlog0:testEnumWithTrailingSemicolon_withlog0:testDescriptorProto_withlog1:testEnumWithTrailingSemicolon_withlog1:testDescriptorProto_withlog2:testEnumWithTrailingSemicolon_withlog2
File saved to the following path: /tmp/Ex2Amplifier-experiments/dataset/may-2018/protostuff/119_modified/protostuff-parser/target/dspot/observations.ser
File saved to the following path: /tmp/Ex2Amplifier-experiments/dataset/may-2018/protostuff/119_modified/protostuff-parser/target/dspot/TestListener.ser
'group' not supported @ line 19 of enum_with_semicolon.proto
'group' not supported @ line 19 of enum_with_semicolon.proto
'group' not supported @ line 19 of enum_with_semicolon.proto
[27017] INFO EntryPoint - Test has been run: testDescriptorProto_withlog0,testDescriptorProto_withlog1,testDescriptorProto_withlog2,testEnumWithTrailingSemicolon_withlog0,testEnumWithTrailingSemicolon_withlog1,testEnumWithTrailingSemicolon_withlog2
[27047] INFO MethodsAssertGenerator - Generating assertions...
[27186] INFO AssertGenerator - 2 new tests with assertions generated
[27792] INFO EntryPoint - Run: java -cp /tmp/Ex2Amplifier-experiments/dataset/may-2018/protostuff/119_modified/protostuff-parser/target/test-classes:/tmp/Ex2Amplifier-experiments/dataset/may-2018/protostuff/119_modified/protostuff-parser/target/classes:/home/spirals/danglot/.m2/repository/junit/junit/4.11/junit-4.11.jar:/home/spirals/danglot/.m2/repository/org/hamcrest/hamcrest-core/1.3/hamcrest-core-1.3.jar:/home/spirals/danglot/.m2/repository/org/antlr/antlr-runtime/3.2/antlr-runtime-3.2.jar:/home/spirals/danglot/.m2/repository/org/antlr/stringtemplate/3.2.1/stringtemplate-3.2.1.jar:/home/spirals/danglot/.m2/repository/antlr/antlr/2.7.7/antlr-2.7.7.jar:/tmp/Ex2Amplifier-experiments/target/dspot/dependencies:/home/spirals/danglot/.m2/repository/eu/stamp-project/test-runner/1.0.8/test-runner-1.0.8-jar-with-dependencies.jar eu.stamp_project.testrunner.runner.test.TestRunner io.protostuff.parser.ProtoParserTest testDescriptorProto:testEnumWithTrailingSemicolon
File saved to the following path: /tmp/Ex2Amplifier-experiments/dataset/may-2018/protostuff/119_modified/protostuff-parser/target/dspot/TestListener.ser
[28166] INFO EntryPoint - Test has been run: testEnumWithTrailingSemicolon(io.protostuff.parser.ProtoParserTest): expected:<127748997120> but was:<127748636672>,testDescriptorProto(io.protostuff.parser.ProtoParserTest): expected:<127748997120> but was:<127748636672>
[28463] DEBUG Launcher - building sources: [/tmp/Ex2Amplifier-experiments/target/dspot/tmp_test_sources/io/protostuff/parser/ProtoParserTest.java]
[28465] DEBUG Launcher - build args: [-encoding, UTF-8, -cp, /home/spirals/danglot/.m2/repository/junit/junit/4.11/junit-4.11.jar:/home/spirals/danglot/.m2/repository/org/hamcrest/hamcrest-core/1.3/hamcrest-core-1.3.jar:/home/spirals/danglot/.m2/repository/org/antlr/antlr-runtime/3.2/antlr-runtime-3.2.jar:/home/spirals/danglot/.m2/repository/org/antlr/stringtemplate/3.2.1/stringtemplate-3.2.1.jar:/home/spirals/danglot/.m2/repository/antlr/antlr/2.7.7/antlr-2.7.7.jar:target/dspot/dependencies/:dataset/may-2018/protostuff/119_modified/protostuff-parser//target/classes:dataset/may-2018/protostuff/119_modified/protostuff-parser//target/test-classes:, -1.8, -preserveAllLocals, -noExit, -enableJavadoc, /tmp/Ex2Amplifier-experiments/target/dspot/tmp_test_sources/io/protostuff/parser/ProtoParserTest.java]
[28607] DEBUG Launcher - built in 144 ms
[28607] DEBUG Launcher - building templates: []
[28607] DEBUG Launcher - built in 0 ms
[28617] DEBUG Launcher - model built in 154
[28618] DEBUG Launcher - compiling sources: [/tmp/Ex2Amplifier-experiments/target/dspot/tmp_test_sources/io/protostuff/parser/ProtoParserTest.java]
[28632] DEBUG Launcher - compile args: [-encoding, UTF-8, -cp, /home/spirals/danglot/.m2/repository/junit/junit/4.11/junit-4.11.jar:/home/spirals/danglot/.m2/repository/org/hamcrest/hamcrest-core/1.3/hamcrest-core-1.3.jar:/home/spirals/danglot/.m2/repository/org/antlr/antlr-runtime/3.2/antlr-runtime-3.2.jar:/home/spirals/danglot/.m2/repository/org/antlr/stringtemplate/3.2.1/stringtemplate-3.2.1.jar:/home/spirals/danglot/.m2/repository/antlr/antlr/2.7.7/antlr-2.7.7.jar:target/dspot/dependencies/:dataset/may-2018/protostuff/119_modified/protostuff-parser//target/classes:dataset/may-2018/protostuff/119_modified/protostuff-parser//target/test-classes:, -d, /tmp/Ex2Amplifier-experiments/dataset/may-2018/protostuff/119/protostuff-parser/target/test-classes, -1.8, -proc:none, -preserveAllLocals, -noExit, -enableJavadoc, /tmp/Ex2Amplifier-experiments/target/dspot/tmp_test_sources/io/protostuff/parser/ProtoParserTest.java]
[31126] DEBUG Launcher - compiled in 2508 ms
[31127] INFO EntryPoint - Run: java -cp /home/spirals/danglot/.m2/repository/junit/junit/4.11/junit-4.11.jar:/home/spirals/danglot/.m2/repository/org/hamcrest/hamcrest-core/1.3/hamcrest-core-1.3.jar:/home/spirals/danglot/.m2/repository/org/antlr/antlr-runtime/3.2/antlr-runtime-3.2.jar:/home/spirals/danglot/.m2/repository/org/antlr/stringtemplate/3.2.1/stringtemplate-3.2.1.jar:/home/spirals/danglot/.m2/repository/antlr/antlr/2.7.7/antlr-2.7.7.jar:target/dspot/dependencies/:/tmp/Ex2Amplifier-experiments/dataset/may-2018/protostuff/119/protostuff-parser/target/classes:/tmp/Ex2Amplifier-experiments/dataset/may-2018/protostuff/119/protostuff-parser/target/test-classes:/home/spirals/danglot/.m2/repository/eu/stamp-project/test-runner/1.0.8/test-runner-1.0.8-jar-with-dependencies.jar eu.stamp_project.testrunner.runner.test.TestRunner io.protostuff.parser.ProtoParserTest testDescriptorProto:testEnumWithTrailingSemicolon
File saved to the following path: /tmp/Ex2Amplifier-experiments/dataset/may-2018/protostuff/119_modified/protostuff-parser/target/dspot/TestListener.ser
[31466] INFO EntryPoint - Test has been run: testEnumWithTrailingSemicolon(io.protostuff.parser.ProtoParserTest): expected:<127748997120> but was:<127748648960>,testDescriptorProto(io.protostuff.parser.ProtoParserTest): expected:<127748997120> but was:<127748648960>
[31468] INFO Amplification - 2 amplified test(s) has been selected, global: 2
[31468] INFO DSpot - elapsedTime 12219
======= REPORT =======
2 amplified test fails on the new versions.
testDescriptorProto(io.protostuff.parser.ProtoParserTest): expected:<127748997120> but was:<127748648960>
testEnumWithTrailingSemicolon(io.protostuff.parser.ProtoParserTest): expected:<127748997120> but was:<127748648960>

[31561] INFO DSpot - Print AmplProtoParserTest with 2?amplified test cases in results/may-2018/protostuff/119_modified/A_ampl
SLF4J: Class path contains multiple SLF4J bindings.
SLF4J: Found binding in [jar:file:/home/spirals/danglot/.m2/repository/eu/stamp-project/test-runner/1.0.8/test-runner-1.0.8-jar-with-dependencies.jar!/org/slf4j/impl/StaticLoggerBinder.class]
SLF4J: Found binding in [jar:file:/home/spirals/danglot/.m2/repository/org/slf4j/slf4j-log4j12/1.7.25/slf4j-log4j12-1.7.25.jar!/org/slf4j/impl/StaticLoggerBinder.class]
SLF4J: See http://www.slf4j.org/codes.html#multiple_bindings for an explanation.
SLF4J: Actual binding is of type [org.slf4j.impl.Log4jLoggerFactory]
[0] WARN AutomaticBuilderFactory - No automatic builder specified in configuration, going to default.
[1] INFO AutomaticBuilderFactory - Default: provided Maven automatic builder.
[9] INFO MavenAutomaticBuilder - run maven clean test -DskipTests dependency:build-classpath -Dmdep.outputFile=target/dspot/classpath
[WARN] Maven will be executed in interactive mode, but no input stream has been configured for this MavenInvoker instance.
[INFO] Scanning for projects...
[INFO]                                                                         
[INFO] ------------------------------------------------------------------------
[INFO] Building protostuff :: parser 1.3.4-SNAPSHOT
[INFO] ------------------------------------------------------------------------
[INFO] 
[INFO] --- maven-clean-plugin:2.5:clean (default-clean) @ protostuff-parser ---
[INFO] Deleting /tmp/Ex2Amplifier-experiments/dataset/may-2018/protostuff/119_modified/protostuff-parser/target
[INFO] 
[INFO] --- maven-enforcer-plugin:1.3.1:enforce (enforce-versions) @ protostuff-parser ---
[INFO] Skipping Rule Enforcement.
[INFO] 
[INFO] --- antlr3-maven-plugin:3.2:antlr (default) @ protostuff-parser ---
[INFO] ANTLR: Processing source directory /tmp/Ex2Amplifier-experiments/dataset/may-2018/protostuff/119_modified/protostuff-parser/src/main/antlr3
ANTLR Parser Generator  Version 3.2 Sep 23, 2009 14:05:07
Grammar /tmp/Ex2Amplifier-experiments/dataset/may-2018/protostuff/119_modified/protostuff-parser/src/main/antlr3/io/protostuff/parser/ProtoLexer.g is up to date - build skipped
Grammar /tmp/Ex2Amplifier-experiments/dataset/may-2018/protostuff/119_modified/protostuff-parser/src/main/antlr3/io/protostuff/parser/ProtoParser.g is up to date - build skipped
[INFO] 
[INFO] --- maven-resources-plugin:2.6:resources (default-resources) @ protostuff-parser ---
[INFO] Using 'UTF-8' encoding to copy filtered resources.
[INFO] skip non existing resourceDirectory /tmp/Ex2Amplifier-experiments/dataset/may-2018/protostuff/119_modified/protostuff-parser/src/main/resources
[INFO] 
[INFO] --- maven-compiler-plugin:3.1:compile (default-compile) @ protostuff-parser ---
[INFO] Changes detected - recompiling the module!
[INFO] Compiling 26 source files to /tmp/Ex2Amplifier-experiments/dataset/may-2018/protostuff/119_modified/protostuff-parser/target/classes
[WARNING] /tmp/Ex2Amplifier-experiments/dataset/may-2018/protostuff/119_modified/protostuff-parser/src/main/java/io/protostuff/parser/ProtoParser.java: /tmp/Ex2Amplifier-experiments/dataset/may-2018/protostuff/119_modified/protostuff-parser/src/main/java/io/protostuff/parser/ProtoParser.java uses unchecked or unsafe operations.
[WARNING] /tmp/Ex2Amplifier-experiments/dataset/may-2018/protostuff/119_modified/protostuff-parser/src/main/java/io/protostuff/parser/ProtoParser.java: Recompile with -Xlint:unchecked for details.
[INFO] 
[INFO] --- maven-resources-plugin:2.6:testResources (default-testResources) @ protostuff-parser ---
[INFO] Using 'UTF-8' encoding to copy filtered resources.
[INFO] Copying 18 resources
[INFO] 
[INFO] --- maven-compiler-plugin:3.1:testCompile (default-testCompile) @ protostuff-parser ---
[INFO] Changes detected - recompiling the module!
[INFO] Compiling 11 source files to /tmp/Ex2Amplifier-experiments/dataset/may-2018/protostuff/119_modified/protostuff-parser/target/test-classes
[INFO] 
[INFO] --- maven-surefire-plugin:2.12.4:test (default-test) @ protostuff-parser ---
[INFO] Tests are skipped.
[INFO] 
[INFO] --- maven-dependency-plugin:2.8:build-classpath (default-cli) @ protostuff-parser ---
[INFO] Wrote classpath file '/tmp/Ex2Amplifier-experiments/dataset/may-2018/protostuff/119_modified/protostuff-parser/target/dspot/classpath'.
[INFO] ------------------------------------------------------------------------
[INFO] BUILD SUCCESS
[INFO] ------------------------------------------------------------------------
[INFO] Total time: 5.432 s
[INFO] Finished at: 2018-05-21T20:44:53+02:00
[INFO] Final Memory: 27M/317M
[INFO] ------------------------------------------------------------------------
[10299] WARN AutomaticBuilderFactory - No automatic builder specified in configuration, going to default.
[10299] INFO AutomaticBuilderFactory - Default: provided Maven automatic builder.
[10299] INFO MavenAutomaticBuilder - run maven clean test -DskipTests dependency:build-classpath -Dmdep.outputFile=target/dspot/classpath
[WARN] Maven will be executed in interactive mode, but no input stream has been configured for this MavenInvoker instance.
[INFO] Scanning for projects...
[INFO]                                                                         
[INFO] ------------------------------------------------------------------------
[INFO] Building protostuff :: parser 1.3.4-SNAPSHOT
[INFO] ------------------------------------------------------------------------
[INFO] 
[INFO] --- maven-clean-plugin:2.5:clean (default-clean) @ protostuff-parser ---
[INFO] Deleting /tmp/Ex2Amplifier-experiments/dataset/may-2018/protostuff/119/protostuff-parser/target
[INFO] 
[INFO] --- maven-enforcer-plugin:1.3.1:enforce (enforce-versions) @ protostuff-parser ---
[INFO] Skipping Rule Enforcement.
[INFO] 
[INFO] --- antlr3-maven-plugin:3.2:antlr (default) @ protostuff-parser ---
[INFO] ANTLR: Processing source directory /tmp/Ex2Amplifier-experiments/dataset/may-2018/protostuff/119/protostuff-parser/src/main/antlr3
ANTLR Parser Generator  Version 3.2 Sep 23, 2009 14:05:07
Grammar /tmp/Ex2Amplifier-experiments/dataset/may-2018/protostuff/119/protostuff-parser/src/main/antlr3/io/protostuff/parser/ProtoLexer.g is up to date - build skipped
Grammar /tmp/Ex2Amplifier-experiments/dataset/may-2018/protostuff/119/protostuff-parser/src/main/antlr3/io/protostuff/parser/ProtoParser.g is up to date - build skipped
[INFO] 
[INFO] --- maven-resources-plugin:2.6:resources (default-resources) @ protostuff-parser ---
[INFO] Using 'UTF-8' encoding to copy filtered resources.
[INFO] skip non existing resourceDirectory /tmp/Ex2Amplifier-experiments/dataset/may-2018/protostuff/119/protostuff-parser/src/main/resources
[INFO] 
[INFO] --- maven-compiler-plugin:3.1:compile (default-compile) @ protostuff-parser ---
[INFO] Changes detected - recompiling the module!
[INFO] Compiling 26 source files to /tmp/Ex2Amplifier-experiments/dataset/may-2018/protostuff/119/protostuff-parser/target/classes
[WARNING] /tmp/Ex2Amplifier-experiments/dataset/may-2018/protostuff/119/protostuff-parser/src/main/java/io/protostuff/parser/ProtoParser.java: /tmp/Ex2Amplifier-experiments/dataset/may-2018/protostuff/119/protostuff-parser/src/main/java/io/protostuff/parser/ProtoParser.java uses unchecked or unsafe operations.
[WARNING] /tmp/Ex2Amplifier-experiments/dataset/may-2018/protostuff/119/protostuff-parser/src/main/java/io/protostuff/parser/ProtoParser.java: Recompile with -Xlint:unchecked for details.
[INFO] 
[INFO] --- maven-resources-plugin:2.6:testResources (default-testResources) @ protostuff-parser ---
[INFO] Using 'UTF-8' encoding to copy filtered resources.
[INFO] Copying 18 resources
[INFO] 
[INFO] --- maven-compiler-plugin:3.1:testCompile (default-testCompile) @ protostuff-parser ---
[INFO] Changes detected - recompiling the module!
[INFO] Compiling 11 source files to /tmp/Ex2Amplifier-experiments/dataset/may-2018/protostuff/119/protostuff-parser/target/test-classes
[INFO] 
[INFO] --- maven-surefire-plugin:2.12.4:test (default-test) @ protostuff-parser ---
[INFO] Tests are skipped.
[INFO] 
[INFO] --- maven-dependency-plugin:2.8:build-classpath (default-cli) @ protostuff-parser ---
[INFO] Wrote classpath file '/tmp/Ex2Amplifier-experiments/dataset/may-2018/protostuff/119/protostuff-parser/target/dspot/classpath'.
[INFO] ------------------------------------------------------------------------
[INFO] BUILD SUCCESS
[INFO] ------------------------------------------------------------------------
[INFO] Total time: 5.276 s
[INFO] Finished at: 2018-05-21T20:45:03+02:00
[INFO] Final Memory: 27M/312M
[INFO] ------------------------------------------------------------------------
[17211] INFO SelectorOnDiff - Selecting according to a diff between dataset/may-2018/protostuff/119_modified/protostuff-parser and dataset/may-2018/protostuff/119/protostuff-parser (829edec21f805cdc8fea2993561ac4e77994f647)
[17242] INFO SelectorOnDiff - Modified files:
a/protostuff-parser/src/main/java/io/protostuff/parser/AnnotationContainer.java
a/protostuff-parser/src/main/java/io/protostuff/parser/Proto.java
a/protostuff-parser/src/main/java/io/protostuff/parser/ProtoParser.java
a/protostuff-parser/src/main/java/io/protostuff/parser/ProtoLexer.java
a/protostuff-parser/src/test/java/io/protostuff/parser/AnnotationTest.java
a/protostuff-parser/src/main/java/io/protostuff/parser/Message.java
[19154] INFO Amplification - amplification of io.protostuff.parser.ProtoParserTest (4 test(s))
[19592] INFO EntryPoint - Run: java -cp /tmp/Ex2Amplifier-experiments/dataset/may-2018/protostuff/119_modified/protostuff-parser/target/test-classes:/tmp/Ex2Amplifier-experiments/dataset/may-2018/protostuff/119_modified/protostuff-parser/target/classes:/home/spirals/danglot/.m2/repository/junit/junit/4.11/junit-4.11.jar:/home/spirals/danglot/.m2/repository/org/hamcrest/hamcrest-core/1.3/hamcrest-core-1.3.jar:/home/spirals/danglot/.m2/repository/org/antlr/antlr-runtime/3.2/antlr-runtime-3.2.jar:/home/spirals/danglot/.m2/repository/org/antlr/stringtemplate/3.2.1/stringtemplate-3.2.1.jar:/home/spirals/danglot/.m2/repository/antlr/antlr/2.7.7/antlr-2.7.7.jar:/tmp/Ex2Amplifier-experiments/target/dspot/dependencies:/home/spirals/danglot/.m2/repository/eu/stamp-project/test-runner/1.0.8/test-runner-1.0.8-jar-with-dependencies.jar eu.stamp_project.testrunner.runner.test.TestRunner io.protostuff.parser.ProtoParserTest testDescriptorProto:testSimple:testEnumWithTrailingSemicolon:testImport
File saved to the following path: /tmp/Ex2Amplifier-experiments/dataset/may-2018/protostuff/119_modified/protostuff-parser/target/dspot/TestListener.ser
'group' not supported @ line 19 of enum_with_semicolon.proto
[20115] INFO EntryPoint - Test has been run: testEnumWithTrailingSemicolon,testDescriptorProto,testImport(io.protostuff.parser.ProtoParserTest): java.lang.IllegalStateException: Imported proto google/protobuf/unittest_import.proto not found. (src/test/resources/unittest.proto),testSimple(io.protostuff.parser.ProtoParserTest): null
[20115] WARN Amplification - 2 tests failed before the amplifications
[20115] WARN Amplification - testImport(io.protostuff.parser.ProtoParserTest): java.lang.IllegalStateException: Imported proto google/protobuf/unittest_import.proto not found. (src/test/resources/unittest.proto)
testSimple(io.protostuff.parser.ProtoParserTest): null
[20116] WARN Amplification - Discarding following test cases for the amplification
[20117] WARN Amplification - testImport
[20117] WARN Amplification - testSimple
[20382] INFO EntryPoint - Run: java -cp /tmp/Ex2Amplifier-experiments/dataset/may-2018/protostuff/119_modified/protostuff-parser/target/test-classes:/tmp/Ex2Amplifier-experiments/dataset/may-2018/protostuff/119_modified/protostuff-parser/target/classes:/home/spirals/danglot/.m2/repository/junit/junit/4.11/junit-4.11.jar:/home/spirals/danglot/.m2/repository/org/hamcrest/hamcrest-core/1.3/hamcrest-core-1.3.jar:/home/spirals/danglot/.m2/repository/org/antlr/antlr-runtime/3.2/antlr-runtime-3.2.jar:/home/spirals/danglot/.m2/repository/org/antlr/stringtemplate/3.2.1/stringtemplate-3.2.1.jar:/home/spirals/danglot/.m2/repository/antlr/antlr/2.7.7/antlr-2.7.7.jar:/tmp/Ex2Amplifier-experiments/target/dspot/dependencies:/home/spirals/danglot/.m2/repository/eu/stamp-project/test-runner/1.0.8/test-runner-1.0.8-jar-with-dependencies.jar eu.stamp_project.testrunner.runner.test.TestRunner io.protostuff.parser.ProtoParserTest testDescriptorProto:testEnumWithTrailingSemicolon
File saved to the following path: /tmp/Ex2Amplifier-experiments/dataset/may-2018/protostuff/119_modified/protostuff-parser/target/dspot/TestListener.ser
'group' not supported @ line 19 of enum_with_semicolon.proto
[20845] INFO EntryPoint - Test has been run: testEnumWithTrailingSemicolon,testDescriptorProto
[20846] INFO Amplification - Try to add assertions before amplification
[20874] INFO AssertGenerator - Run tests. (2)
[21104] INFO EntryPoint - Run: java -cp /tmp/Ex2Amplifier-experiments/dataset/may-2018/protostuff/119_modified/protostuff-parser/target/test-classes:/tmp/Ex2Amplifier-experiments/dataset/may-2018/protostuff/119_modified/protostuff-parser/target/classes:/home/spirals/danglot/.m2/repository/junit/junit/4.11/junit-4.11.jar:/home/spirals/danglot/.m2/repository/org/hamcrest/hamcrest-core/1.3/hamcrest-core-1.3.jar:/home/spirals/danglot/.m2/repository/org/antlr/antlr-runtime/3.2/antlr-runtime-3.2.jar:/home/spirals/danglot/.m2/repository/org/antlr/stringtemplate/3.2.1/stringtemplate-3.2.1.jar:/home/spirals/danglot/.m2/repository/antlr/antlr/2.7.7/antlr-2.7.7.jar:/tmp/Ex2Amplifier-experiments/target/dspot/dependencies:/home/spirals/danglot/.m2/repository/eu/stamp-project/test-runner/1.0.8/test-runner-1.0.8-jar-with-dependencies.jar eu.stamp_project.testrunner.runner.test.TestRunner io.protostuff.parser.ProtoParserTest testDescriptorProto:testEnumWithTrailingSemicolon
File saved to the following path: /tmp/Ex2Amplifier-experiments/dataset/may-2018/protostuff/119_modified/protostuff-parser/target/dspot/TestListener.ser
'group' not supported @ line 19 of enum_with_semicolon.proto
[21536] INFO EntryPoint - Test has been run: testEnumWithTrailingSemicolon,testDescriptorProto
[21536] INFO AssertGenerator - 2 test pass, generating assertion...
[21548] INFO MethodsAssertGenerator - Add observations points in passing tests.
[21548] INFO MethodsAssertGenerator - Instrumentation...
 50% |========================= ]/100% |================================================== ]-
[21574] INFO MethodsAssertGenerator - Run instrumented tests. (6)
[21803] INFO EntryPoint - Run: java -cp /tmp/Ex2Amplifier-experiments/dataset/may-2018/protostuff/119_modified/protostuff-parser/target/test-classes:/tmp/Ex2Amplifier-experiments/dataset/may-2018/protostuff/119_modified/protostuff-parser/target/classes:/home/spirals/danglot/.m2/repository/junit/junit/4.11/junit-4.11.jar:/home/spirals/danglot/.m2/repository/org/hamcrest/hamcrest-core/1.3/hamcrest-core-1.3.jar:/home/spirals/danglot/.m2/repository/org/antlr/antlr-runtime/3.2/antlr-runtime-3.2.jar:/home/spirals/danglot/.m2/repository/org/antlr/stringtemplate/3.2.1/stringtemplate-3.2.1.jar:/home/spirals/danglot/.m2/repository/antlr/antlr/2.7.7/antlr-2.7.7.jar:/tmp/Ex2Amplifier-experiments/target/dspot/dependencies:/home/spirals/danglot/.m2/repository/eu/stamp-project/test-runner/1.0.8/test-runner-1.0.8-jar-with-dependencies.jar eu.stamp_project.testrunner.runner.test.TestRunner io.protostuff.parser.ProtoParserTest testDescriptorProto_withlog0:testEnumWithTrailingSemicolon_withlog0:testDescriptorProto_withlog1:testEnumWithTrailingSemicolon_withlog1:testDescriptorProto_withlog2:testEnumWithTrailingSemicolon_withlog2
File saved to the following path: /tmp/Ex2Amplifier-experiments/dataset/may-2018/protostuff/119_modified/protostuff-parser/target/dspot/observations.ser
File saved to the following path: /tmp/Ex2Amplifier-experiments/dataset/may-2018/protostuff/119_modified/protostuff-parser/target/dspot/TestListener.ser
'group' not supported @ line 19 of enum_with_semicolon.proto
'group' not supported @ line 19 of enum_with_semicolon.proto
'group' not supported @ line 19 of enum_with_semicolon.proto
[26775] INFO EntryPoint - Test has been run: testDescriptorProto_withlog0,testDescriptorProto_withlog1,testDescriptorProto_withlog2,testEnumWithTrailingSemicolon_withlog0,testEnumWithTrailingSemicolon_withlog1,testEnumWithTrailingSemicolon_withlog2
[26800] INFO MethodsAssertGenerator - Generating assertions...
[26955] INFO AssertGenerator - 2 new tests with assertions generated
[27542] INFO EntryPoint - Run: java -cp /tmp/Ex2Amplifier-experiments/dataset/may-2018/protostuff/119_modified/protostuff-parser/target/test-classes:/tmp/Ex2Amplifier-experiments/dataset/may-2018/protostuff/119_modified/protostuff-parser/target/classes:/home/spirals/danglot/.m2/repository/junit/junit/4.11/junit-4.11.jar:/home/spirals/danglot/.m2/repository/org/hamcrest/hamcrest-core/1.3/hamcrest-core-1.3.jar:/home/spirals/danglot/.m2/repository/org/antlr/antlr-runtime/3.2/antlr-runtime-3.2.jar:/home/spirals/danglot/.m2/repository/org/antlr/stringtemplate/3.2.1/stringtemplate-3.2.1.jar:/home/spirals/danglot/.m2/repository/antlr/antlr/2.7.7/antlr-2.7.7.jar:/tmp/Ex2Amplifier-experiments/target/dspot/dependencies:/home/spirals/danglot/.m2/repository/eu/stamp-project/test-runner/1.0.8/test-runner-1.0.8-jar-with-dependencies.jar eu.stamp_project.testrunner.runner.test.TestRunner io.protostuff.parser.ProtoParserTest testDescriptorProto:testEnumWithTrailingSemicolon
File saved to the following path: /tmp/Ex2Amplifier-experiments/dataset/may-2018/protostuff/119_modified/protostuff-parser/target/dspot/TestListener.ser
[28003] INFO EntryPoint - Test has been run: testEnumWithTrailingSemicolon(io.protostuff.parser.ProtoParserTest): expected:<127745286144> but was:<127744933888>,testDescriptorProto(io.protostuff.parser.ProtoParserTest): expected:<127745286144> but was:<127744933888>
[28308] DEBUG Launcher - building sources: [/tmp/Ex2Amplifier-experiments/target/dspot/tmp_test_sources/io/protostuff/parser/ProtoParserTest.java]
[28310] DEBUG Launcher - build args: [-encoding, UTF-8, -cp, /home/spirals/danglot/.m2/repository/junit/junit/4.11/junit-4.11.jar:/home/spirals/danglot/.m2/repository/org/hamcrest/hamcrest-core/1.3/hamcrest-core-1.3.jar:/home/spirals/danglot/.m2/repository/org/antlr/antlr-runtime/3.2/antlr-runtime-3.2.jar:/home/spirals/danglot/.m2/repository/org/antlr/stringtemplate/3.2.1/stringtemplate-3.2.1.jar:/home/spirals/danglot/.m2/repository/antlr/antlr/2.7.7/antlr-2.7.7.jar:target/dspot/dependencies/:dataset/may-2018/protostuff/119_modified/protostuff-parser//target/classes:dataset/may-2018/protostuff/119_modified/protostuff-parser//target/test-classes:, -1.8, -preserveAllLocals, -noExit, -enableJavadoc, /tmp/Ex2Amplifier-experiments/target/dspot/tmp_test_sources/io/protostuff/parser/ProtoParserTest.java]
[28444] DEBUG Launcher - built in 135 ms
[28444] DEBUG Launcher - building templates: []
[28444] DEBUG Launcher - built in 0 ms
[28452] DEBUG Launcher - model built in 144
[28453] DEBUG Launcher - compiling sources: [/tmp/Ex2Amplifier-experiments/target/dspot/tmp_test_sources/io/protostuff/parser/ProtoParserTest.java]
[28467] DEBUG Launcher - compile args: [-encoding, UTF-8, -cp, /home/spirals/danglot/.m2/repository/junit/junit/4.11/junit-4.11.jar:/home/spirals/danglot/.m2/repository/org/hamcrest/hamcrest-core/1.3/hamcrest-core-1.3.jar:/home/spirals/danglot/.m2/repository/org/antlr/antlr-runtime/3.2/antlr-runtime-3.2.jar:/home/spirals/danglot/.m2/repository/org/antlr/stringtemplate/3.2.1/stringtemplate-3.2.1.jar:/home/spirals/danglot/.m2/repository/antlr/antlr/2.7.7/antlr-2.7.7.jar:target/dspot/dependencies/:dataset/may-2018/protostuff/119_modified/protostuff-parser//target/classes:dataset/may-2018/protostuff/119_modified/protostuff-parser//target/test-classes:, -d, /tmp/Ex2Amplifier-experiments/dataset/may-2018/protostuff/119/protostuff-parser/target/test-classes, -1.8, -proc:none, -preserveAllLocals, -noExit, -enableJavadoc, /tmp/Ex2Amplifier-experiments/target/dspot/tmp_test_sources/io/protostuff/parser/ProtoParserTest.java]
[30970] DEBUG Launcher - compiled in 2517 ms
[30971] INFO EntryPoint - Run: java -cp /home/spirals/danglot/.m2/repository/junit/junit/4.11/junit-4.11.jar:/home/spirals/danglot/.m2/repository/org/hamcrest/hamcrest-core/1.3/hamcrest-core-1.3.jar:/home/spirals/danglot/.m2/repository/org/antlr/antlr-runtime/3.2/antlr-runtime-3.2.jar:/home/spirals/danglot/.m2/repository/org/antlr/stringtemplate/3.2.1/stringtemplate-3.2.1.jar:/home/spirals/danglot/.m2/repository/antlr/antlr/2.7.7/antlr-2.7.7.jar:target/dspot/dependencies/:/tmp/Ex2Amplifier-experiments/dataset/may-2018/protostuff/119/protostuff-parser/target/classes:/tmp/Ex2Amplifier-experiments/dataset/may-2018/protostuff/119/protostuff-parser/target/test-classes:/home/spirals/danglot/.m2/repository/eu/stamp-project/test-runner/1.0.8/test-runner-1.0.8-jar-with-dependencies.jar eu.stamp_project.testrunner.runner.test.TestRunner io.protostuff.parser.ProtoParserTest testDescriptorProto:testEnumWithTrailingSemicolon
File saved to the following path: /tmp/Ex2Amplifier-experiments/dataset/may-2018/protostuff/119_modified/protostuff-parser/target/dspot/TestListener.ser
[31308] INFO EntryPoint - Test has been run: testEnumWithTrailingSemicolon(io.protostuff.parser.ProtoParserTest): expected:<127745286144> but was:<127744929792>,testDescriptorProto(io.protostuff.parser.ProtoParserTest): io.protostuff.parser.Proto.getDocs()Ljava/util/ArrayList;
[31310] INFO Amplification - 2 amplified test(s) has been selected, global: 2
[31310] INFO DSpot - elapsedTime 12202
======= REPORT =======
2 amplified test fails on the new versions.
testDescriptorProto(io.protostuff.parser.ProtoParserTest): io.protostuff.parser.Proto.getDocs()Ljava/util/ArrayList;
testEnumWithTrailingSemicolon(io.protostuff.parser.ProtoParserTest): expected:<127745286144> but was:<127744929792>

[31402] INFO DSpot - Print AmplProtoParserTest with 2?amplified test cases in results/may-2018/protostuff/119_modified/A_ampl
