SLF4J: Class path contains multiple SLF4J bindings.
SLF4J: Found binding in [jar:file:/home/bdanglot/.m2/repository/eu/stamp-project/test-runner/1.0.8/test-runner-1.0.8-jar-with-dependencies.jar!/org/slf4j/impl/StaticLoggerBinder.class]
SLF4J: Found binding in [jar:file:/home/bdanglot/.m2/repository/org/slf4j/slf4j-log4j12/1.7.25/slf4j-log4j12-1.7.25.jar!/org/slf4j/impl/StaticLoggerBinder.class]
SLF4J: See http://www.slf4j.org/codes.html#multiple_bindings for an explanation.
SLF4J: Actual binding is of type [org.slf4j.impl.Log4jLoggerFactory]
[0] WARN AutomaticBuilderFactory - No automatic builder specified in configuration, going to default.
[0] INFO AutomaticBuilderFactory - Default: provided Maven automatic builder.
[10] INFO MavenAutomaticBuilder - run maven clean test -DskipTests dependency:build-classpath -Dmdep.outputFile=target/dspot/classpath
[WARN] Maven will be executed in interactive mode, but no input stream has been configured for this MavenInvoker instance.
[[1;34mINFO[m] Scanning for projects...
[[1;34mINFO[m] 
[[1;34mINFO[m] [1m------------------------------------------------------------------------[m
[[1;34mINFO[m] [1mBuilding protostuff :: runtime 1.4.3-SNAPSHOT[m
[[1;34mINFO[m] [1m------------------------------------------------------------------------[m
[[1;34mINFO[m] 
[[1;34mINFO[m] [1m--- [0;32mmaven-clean-plugin:2.5:clean[m [1m(default-clean)[m @ [36mprotostuff-runtime[0;1m ---[m
[[1;34mINFO[m] Deleting /home/bdanglot/workspace/Ex2amplifier-experiments/dataset/may-2018/protostuff/184/protostuff-runtime/target
[[1;34mINFO[m] 
[[1;34mINFO[m] [1m--- [0;32mmaven-enforcer-plugin:1.3.1:enforce[m [1m(enforce-versions)[m @ [36mprotostuff-runtime[0;1m ---[m
[[1;34mINFO[m] Skipping Rule Enforcement.
[[1;34mINFO[m] 
[[1;34mINFO[m] [1m--- [0;32mmaven-resources-plugin:2.6:resources[m [1m(default-resources)[m @ [36mprotostuff-runtime[0;1m ---[m
[[1;34mINFO[m] Using 'UTF-8' encoding to copy filtered resources.
[[1;34mINFO[m] skip non existing resourceDirectory /home/bdanglot/workspace/Ex2amplifier-experiments/dataset/may-2018/protostuff/184/protostuff-runtime/src/main/resources
[[1;34mINFO[m] 
[[1;34mINFO[m] [1m--- [0;32mmaven-compiler-plugin:3.1:compile[m [1m(default-compile)[m @ [36mprotostuff-runtime[0;1m ---[m
[[1;34mINFO[m] Changes detected - recompiling the module!
[[1;34mINFO[m] Compiling 40 source files to /home/bdanglot/workspace/Ex2amplifier-experiments/dataset/may-2018/protostuff/184/protostuff-runtime/target/classes
[[1;33mWARNING[m] /home/bdanglot/workspace/Ex2amplifier-experiments/dataset/may-2018/protostuff/184/protostuff-runtime/src/main/java/io/protostuff/runtime/OnDemandSunReflectionFactory.java:[40,44] sun.reflect.ReflectionFactory is internal proprietary API and may be removed in a future release
[[1;33mWARNING[m] /home/bdanglot/workspace/Ex2amplifier-experiments/dataset/may-2018/protostuff/184/protostuff-runtime/src/main/java/io/protostuff/runtime/RuntimeUnsafeFieldFactory.java:[60,34] sun.misc.Unsafe is internal proprietary API and may be removed in a future release
[[1;33mWARNING[m] /home/bdanglot/workspace/Ex2amplifier-experiments/dataset/may-2018/protostuff/184/protostuff-runtime/src/main/java/io/protostuff/runtime/RuntimeUnsafeFieldFactory.java:[62,28] sun.misc.Unsafe is internal proprietary API and may be removed in a future release
[[1;33mWARNING[m] /home/bdanglot/workspace/Ex2amplifier-experiments/dataset/may-2018/protostuff/184/protostuff-runtime/src/main/java/io/protostuff/runtime/RuntimeUnsafeFieldFactory.java:[66,49] sun.misc.Unsafe is internal proprietary API and may be removed in a future release
[[1;33mWARNING[m] /home/bdanglot/workspace/Ex2amplifier-experiments/dataset/may-2018/protostuff/184/protostuff-runtime/src/main/java/io/protostuff/runtime/RuntimeUnsafeFieldFactory.java:[71,29] sun.misc.Unsafe is internal proprietary API and may be removed in a future release
[[1;33mWARNING[m] /home/bdanglot/workspace/Ex2amplifier-experiments/dataset/may-2018/protostuff/184/protostuff-runtime/src/main/java/io/protostuff/runtime/RuntimeUnsafeFieldFactory.java:[86,24] sun.misc.Unsafe is internal proprietary API and may be removed in a future release
[[1;34mINFO[m] 
[[1;34mINFO[m] [1m--- [0;32mmaven-resources-plugin:2.6:testResources[m [1m(default-testResources)[m @ [36mprotostuff-runtime[0;1m ---[m
[[1;34mINFO[m] Using 'UTF-8' encoding to copy filtered resources.
[[1;34mINFO[m] skip non existing resourceDirectory /home/bdanglot/workspace/Ex2amplifier-experiments/dataset/may-2018/protostuff/184/protostuff-runtime/src/test/resources
[[1;34mINFO[m] 
[[1;34mINFO[m] [1m--- [0;32mmaven-compiler-plugin:3.1:testCompile[m [1m(default-testCompile)[m @ [36mprotostuff-runtime[0;1m ---[m
[[1;34mINFO[m] Changes detected - recompiling the module!
[[1;34mINFO[m] Compiling 44 source files to /home/bdanglot/workspace/Ex2amplifier-experiments/dataset/may-2018/protostuff/184/protostuff-runtime/target/test-classes
[[1;33mWARNING[m] /home/bdanglot/workspace/Ex2amplifier-experiments/dataset/may-2018/protostuff/184/protostuff-runtime/src/test/java/io/protostuff/runtime/AnnotatedFieldsTest.java: Some input files use or override a deprecated API.
[[1;33mWARNING[m] /home/bdanglot/workspace/Ex2amplifier-experiments/dataset/may-2018/protostuff/184/protostuff-runtime/src/test/java/io/protostuff/runtime/AnnotatedFieldsTest.java: Recompile with -Xlint:deprecation for details.
[[1;33mWARNING[m] /home/bdanglot/workspace/Ex2amplifier-experiments/dataset/may-2018/protostuff/184/protostuff-runtime/src/test/java/io/protostuff/runtime/DefaultIdStrategyTest.java: Some input files use unchecked or unsafe operations.
[[1;33mWARNING[m] /home/bdanglot/workspace/Ex2amplifier-experiments/dataset/may-2018/protostuff/184/protostuff-runtime/src/test/java/io/protostuff/runtime/DefaultIdStrategyTest.java: Recompile with -Xlint:unchecked for details.
[[1;34mINFO[m] 
[[1;34mINFO[m] [1m--- [0;32mmaven-surefire-plugin:2.18.1:test[m [1m(default-test)[m @ [36mprotostuff-runtime[0;1m ---[m
[[1;34mINFO[m] Tests are skipped.
[[1;34mINFO[m] 
[[1;34mINFO[m] [1m--- [0;32mmaven-dependency-plugin:2.8:build-classpath[m [1m(default-cli)[m @ [36mprotostuff-runtime[0;1m ---[m
[[1;34mINFO[m] Wrote classpath file '/home/bdanglot/workspace/Ex2amplifier-experiments/dataset/may-2018/protostuff/184/protostuff-runtime/target/dspot/classpath'.
[[1;34mINFO[m] [1m------------------------------------------------------------------------[m
[[1;34mINFO[m] [1;32mBUILD SUCCESS[m
[[1;34mINFO[m] [1m------------------------------------------------------------------------[m
[[1;34mINFO[m] Total time: 4.287 s
[[1;34mINFO[m] Finished at: 2018-05-24T08:12:17+02:00
[[1;34mINFO[m] Final Memory: 26M/347M
[[1;34mINFO[m] [1m------------------------------------------------------------------------[m
[9609] WARN AutomaticBuilderFactory - No automatic builder specified in configuration, going to default.
[9609] INFO AutomaticBuilderFactory - Default: provided Maven automatic builder.
[9609] INFO MavenAutomaticBuilder - run maven clean test -DskipTests dependency:build-classpath -Dmdep.outputFile=target/dspot/classpath
[WARN] Maven will be executed in interactive mode, but no input stream has been configured for this MavenInvoker instance.
[[1;34mINFO[m] Scanning for projects...
[[1;34mINFO[m] 
[[1;34mINFO[m] [1m------------------------------------------------------------------------[m
[[1;34mINFO[m] [1mBuilding protostuff :: runtime 1.4.3-SNAPSHOT[m
[[1;34mINFO[m] [1m------------------------------------------------------------------------[m
[[1;34mINFO[m] 
[[1;34mINFO[m] [1m--- [0;32mmaven-clean-plugin:2.5:clean[m [1m(default-clean)[m @ [36mprotostuff-runtime[0;1m ---[m
[[1;34mINFO[m] Deleting /home/bdanglot/workspace/Ex2amplifier-experiments/dataset/may-2018/protostuff/184_modified/protostuff-runtime/target
[[1;34mINFO[m] 
[[1;34mINFO[m] [1m--- [0;32mmaven-enforcer-plugin:1.3.1:enforce[m [1m(enforce-versions)[m @ [36mprotostuff-runtime[0;1m ---[m
[[1;34mINFO[m] Skipping Rule Enforcement.
[[1;34mINFO[m] 
[[1;34mINFO[m] [1m--- [0;32mmaven-resources-plugin:2.6:resources[m [1m(default-resources)[m @ [36mprotostuff-runtime[0;1m ---[m
[[1;34mINFO[m] Using 'UTF-8' encoding to copy filtered resources.
[[1;34mINFO[m] skip non existing resourceDirectory /home/bdanglot/workspace/Ex2amplifier-experiments/dataset/may-2018/protostuff/184_modified/protostuff-runtime/src/main/resources
[[1;34mINFO[m] 
[[1;34mINFO[m] [1m--- [0;32mmaven-compiler-plugin:3.1:compile[m [1m(default-compile)[m @ [36mprotostuff-runtime[0;1m ---[m
[[1;34mINFO[m] Changes detected - recompiling the module!
[[1;34mINFO[m] Compiling 40 source files to /home/bdanglot/workspace/Ex2amplifier-experiments/dataset/may-2018/protostuff/184_modified/protostuff-runtime/target/classes
[[1;33mWARNING[m] /home/bdanglot/workspace/Ex2amplifier-experiments/dataset/may-2018/protostuff/184_modified/protostuff-runtime/src/main/java/io/protostuff/runtime/OnDemandSunReflectionFactory.java:[40,44] sun.reflect.ReflectionFactory is internal proprietary API and may be removed in a future release
[[1;33mWARNING[m] /home/bdanglot/workspace/Ex2amplifier-experiments/dataset/may-2018/protostuff/184_modified/protostuff-runtime/src/main/java/io/protostuff/runtime/RuntimeUnsafeFieldFactory.java:[60,34] sun.misc.Unsafe is internal proprietary API and may be removed in a future release
[[1;33mWARNING[m] /home/bdanglot/workspace/Ex2amplifier-experiments/dataset/may-2018/protostuff/184_modified/protostuff-runtime/src/main/java/io/protostuff/runtime/RuntimeUnsafeFieldFactory.java:[62,28] sun.misc.Unsafe is internal proprietary API and may be removed in a future release
[[1;33mWARNING[m] /home/bdanglot/workspace/Ex2amplifier-experiments/dataset/may-2018/protostuff/184_modified/protostuff-runtime/src/main/java/io/protostuff/runtime/RuntimeUnsafeFieldFactory.java:[66,49] sun.misc.Unsafe is internal proprietary API and may be removed in a future release
[[1;33mWARNING[m] /home/bdanglot/workspace/Ex2amplifier-experiments/dataset/may-2018/protostuff/184_modified/protostuff-runtime/src/main/java/io/protostuff/runtime/RuntimeUnsafeFieldFactory.java:[71,29] sun.misc.Unsafe is internal proprietary API and may be removed in a future release
[[1;33mWARNING[m] /home/bdanglot/workspace/Ex2amplifier-experiments/dataset/may-2018/protostuff/184_modified/protostuff-runtime/src/main/java/io/protostuff/runtime/RuntimeUnsafeFieldFactory.java:[86,24] sun.misc.Unsafe is internal proprietary API and may be removed in a future release
[[1;34mINFO[m] 
[[1;34mINFO[m] [1m--- [0;32mmaven-resources-plugin:2.6:testResources[m [1m(default-testResources)[m @ [36mprotostuff-runtime[0;1m ---[m
[[1;34mINFO[m] Using 'UTF-8' encoding to copy filtered resources.
[[1;34mINFO[m] skip non existing resourceDirectory /home/bdanglot/workspace/Ex2amplifier-experiments/dataset/may-2018/protostuff/184_modified/protostuff-runtime/src/test/resources
[[1;34mINFO[m] 
[[1;34mINFO[m] [1m--- [0;32mmaven-compiler-plugin:3.1:testCompile[m [1m(default-testCompile)[m @ [36mprotostuff-runtime[0;1m ---[m
[[1;34mINFO[m] Changes detected - recompiling the module!
[[1;34mINFO[m] Compiling 44 source files to /home/bdanglot/workspace/Ex2amplifier-experiments/dataset/may-2018/protostuff/184_modified/protostuff-runtime/target/test-classes
[[1;33mWARNING[m] /home/bdanglot/workspace/Ex2amplifier-experiments/dataset/may-2018/protostuff/184_modified/protostuff-runtime/src/test/java/io/protostuff/runtime/CollectionTest.java: Some input files use or override a deprecated API.
[[1;33mWARNING[m] /home/bdanglot/workspace/Ex2amplifier-experiments/dataset/may-2018/protostuff/184_modified/protostuff-runtime/src/test/java/io/protostuff/runtime/CollectionTest.java: Recompile with -Xlint:deprecation for details.
[[1;33mWARNING[m] /home/bdanglot/workspace/Ex2amplifier-experiments/dataset/may-2018/protostuff/184_modified/protostuff-runtime/src/test/java/io/protostuff/runtime/AbstractRuntimeObjectSchemaTest.java: Some input files use unchecked or unsafe operations.
[[1;33mWARNING[m] /home/bdanglot/workspace/Ex2amplifier-experiments/dataset/may-2018/protostuff/184_modified/protostuff-runtime/src/test/java/io/protostuff/runtime/AbstractRuntimeObjectSchemaTest.java: Recompile with -Xlint:unchecked for details.
[[1;34mINFO[m] 
[[1;34mINFO[m] [1m--- [0;32mmaven-surefire-plugin:2.18.1:test[m [1m(default-test)[m @ [36mprotostuff-runtime[0;1m ---[m
[[1;34mINFO[m] Tests are skipped.
[[1;34mINFO[m] 
[[1;34mINFO[m] [1m--- [0;32mmaven-dependency-plugin:2.8:build-classpath[m [1m(default-cli)[m @ [36mprotostuff-runtime[0;1m ---[m
[[1;34mINFO[m] Wrote classpath file '/home/bdanglot/workspace/Ex2amplifier-experiments/dataset/may-2018/protostuff/184_modified/protostuff-runtime/target/dspot/classpath'.
[[1;34mINFO[m] [1m------------------------------------------------------------------------[m
[[1;34mINFO[m] [1;32mBUILD SUCCESS[m
[[1;34mINFO[m] [1m------------------------------------------------------------------------[m
[[1;34mINFO[m] Total time: 4.477 s
[[1;34mINFO[m] Finished at: 2018-05-24T08:12:27+02:00
[[1;34mINFO[m] Final Memory: 26M/260M
[[1;34mINFO[m] [1m------------------------------------------------------------------------[m
[15521] INFO SelectorOnDiff - Selecting according to a diff between dataset/may-2018/protostuff/184/protostuff-runtime and dataset/may-2018/protostuff/184_modified/protostuff-runtime (09422597e78e63b9f8eb18eb51429c634ba53346)
[15526] INFO SelectorOnDiff - Modified files:
a/protostuff-runtime/src/main/java/io/protostuff/runtime/IdStrategy.java
a/protostuff-runtime/src/test/java/io/protostuff/runtime/ExcludeFieldTest.java
[49756] INFO Amplification - amplification of io.protostuff.runtime.ExcludeFieldTest (3 test(s))
[49888] INFO EntryPoint - Run: java -cp /home/bdanglot/workspace/Ex2amplifier-experiments/dataset/may-2018/protostuff/184/protostuff-runtime/target/test-classes:/home/bdanglot/workspace/Ex2amplifier-experiments/dataset/may-2018/protostuff/184/protostuff-runtime/target/classes:/home/bdanglot/.m2/repository/junit/junit/4.11/junit-4.11.jar:/home/bdanglot/.m2/repository/org/hamcrest/hamcrest-core/1.3/hamcrest-core-1.3.jar:/home/bdanglot/.m2/repository/org/mockito/mockito-core/1.10.8/mockito-core-1.10.8.jar:/home/bdanglot/.m2/repository/org/objenesis/objenesis/2.1/objenesis-2.1.jar:/home/bdanglot/.m2/repository/io/protostuff/protostuff-core/1.4.3-SNAPSHOT/protostuff-core-1.4.3-SNAPSHOT.jar:/home/bdanglot/.m2/repository/io/protostuff/protostuff-core/1.4.3-SNAPSHOT/protostuff-core-1.4.3-SNAPSHOT-tests.jar:/home/bdanglot/.m2/repository/io/protostuff/protostuff-api/1.4.3-SNAPSHOT/protostuff-api-1.4.3-SNAPSHOT.jar:/home/bdanglot/.m2/repository/io/protostuff/protostuff-collectionschema/1.4.3-SNAPSHOT/protostuff-collectionschema-1.4.3-SNAPSHOT.jar:/home/bdanglot/workspace/Ex2amplifier-experiments/target/dspot/dependencies:/home/bdanglot/.m2/repository/eu/stamp-project/test-runner/1.0.8/test-runner-1.0.8-jar-with-dependencies.jar eu.stamp_project.testrunner.runner.test.TestRunner io.protostuff.runtime.ExcludeFieldTest testMuchExcludedEntity:testIt:testTaggedAndExcludedEntity
File saved to the following path: /home/bdanglot/workspace/Ex2amplifier-experiments/dataset/may-2018/protostuff/184/protostuff-runtime/target/dspot/TestListener.ser
[50254] INFO EntryPoint - Test has been run: testIt,testMuchExcludedEntity,testTaggedAndExcludedEntity
[50255] INFO Amplification - Try to add assertions before amplification
[50287] INFO AssertGenerator - Run tests. (3)
[50347] INFO EntryPoint - Run: java -cp /home/bdanglot/workspace/Ex2amplifier-experiments/dataset/may-2018/protostuff/184/protostuff-runtime/target/test-classes:/home/bdanglot/workspace/Ex2amplifier-experiments/dataset/may-2018/protostuff/184/protostuff-runtime/target/classes:/home/bdanglot/.m2/repository/junit/junit/4.11/junit-4.11.jar:/home/bdanglot/.m2/repository/org/hamcrest/hamcrest-core/1.3/hamcrest-core-1.3.jar:/home/bdanglot/.m2/repository/org/mockito/mockito-core/1.10.8/mockito-core-1.10.8.jar:/home/bdanglot/.m2/repository/org/objenesis/objenesis/2.1/objenesis-2.1.jar:/home/bdanglot/.m2/repository/io/protostuff/protostuff-core/1.4.3-SNAPSHOT/protostuff-core-1.4.3-SNAPSHOT.jar:/home/bdanglot/.m2/repository/io/protostuff/protostuff-core/1.4.3-SNAPSHOT/protostuff-core-1.4.3-SNAPSHOT-tests.jar:/home/bdanglot/.m2/repository/io/protostuff/protostuff-api/1.4.3-SNAPSHOT/protostuff-api-1.4.3-SNAPSHOT.jar:/home/bdanglot/.m2/repository/io/protostuff/protostuff-collectionschema/1.4.3-SNAPSHOT/protostuff-collectionschema-1.4.3-SNAPSHOT.jar:/home/bdanglot/workspace/Ex2amplifier-experiments/target/dspot/dependencies:/home/bdanglot/.m2/repository/eu/stamp-project/test-runner/1.0.8/test-runner-1.0.8-jar-with-dependencies.jar eu.stamp_project.testrunner.runner.test.TestRunner io.protostuff.runtime.ExcludeFieldTest testMuchExcludedEntity:testIt:testTaggedAndExcludedEntity
File saved to the following path: /home/bdanglot/workspace/Ex2amplifier-experiments/dataset/may-2018/protostuff/184/protostuff-runtime/target/dspot/TestListener.ser
[50665] INFO EntryPoint - Test has been run: testIt,testMuchExcludedEntity,testTaggedAndExcludedEntity
[50666] INFO AssertGenerator - 3 test pass, generating assertion...
[50667] INFO MethodsAssertGenerator - Add observations points in passing tests.
[50667] INFO MethodsAssertGenerator - Instrumentation...
 33% |================ ]/ 66% |================================= ]-100% |================================================== ]\
[50696] INFO MethodsAssertGenerator - Run instrumented tests. (9)
[50797] INFO EntryPoint - Run: java -cp /home/bdanglot/workspace/Ex2amplifier-experiments/dataset/may-2018/protostuff/184/protostuff-runtime/target/test-classes:/home/bdanglot/workspace/Ex2amplifier-experiments/dataset/may-2018/protostuff/184/protostuff-runtime/target/classes:/home/bdanglot/.m2/repository/junit/junit/4.11/junit-4.11.jar:/home/bdanglot/.m2/repository/org/hamcrest/hamcrest-core/1.3/hamcrest-core-1.3.jar:/home/bdanglot/.m2/repository/org/mockito/mockito-core/1.10.8/mockito-core-1.10.8.jar:/home/bdanglot/.m2/repository/org/objenesis/objenesis/2.1/objenesis-2.1.jar:/home/bdanglot/.m2/repository/io/protostuff/protostuff-core/1.4.3-SNAPSHOT/protostuff-core-1.4.3-SNAPSHOT.jar:/home/bdanglot/.m2/repository/io/protostuff/protostuff-core/1.4.3-SNAPSHOT/protostuff-core-1.4.3-SNAPSHOT-tests.jar:/home/bdanglot/.m2/repository/io/protostuff/protostuff-api/1.4.3-SNAPSHOT/protostuff-api-1.4.3-SNAPSHOT.jar:/home/bdanglot/.m2/repository/io/protostuff/protostuff-collectionschema/1.4.3-SNAPSHOT/protostuff-collectionschema-1.4.3-SNAPSHOT.jar:/home/bdanglot/workspace/Ex2amplifier-experiments/target/dspot/dependencies:/home/bdanglot/.m2/repository/eu/stamp-project/test-runner/1.0.8/test-runner-1.0.8-jar-with-dependencies.jar eu.stamp_project.testrunner.runner.test.TestRunner io.protostuff.runtime.ExcludeFieldTest testMuchExcludedEntity_withlog0:testIt_withlog0:testTaggedAndExcludedEntity_withlog0:testMuchExcludedEntity_withlog1:testIt_withlog1:testTaggedAndExcludedEntity_withlog1:testMuchExcludedEntity_withlog2:testIt_withlog2:testTaggedAndExcludedEntity_withlog2
File saved to the following path: /home/bdanglot/workspace/Ex2amplifier-experiments/dataset/may-2018/protostuff/184/protostuff-runtime/target/dspot/observations.ser
File saved to the following path: /home/bdanglot/workspace/Ex2amplifier-experiments/dataset/may-2018/protostuff/184/protostuff-runtime/target/dspot/TestListener.ser
[51210] INFO EntryPoint - Test has been run: testMuchExcludedEntity_withlog0(io.protostuff.runtime.ExcludeFieldTest): null,testMuchExcludedEntity_withlog1(io.protostuff.runtime.ExcludeFieldTest): null,testMuchExcludedEntity_withlog2(io.protostuff.runtime.ExcludeFieldTest): null,testTaggedAndExcludedEntity_withlog0(io.protostuff.runtime.ExcludeFieldTest): null,testTaggedAndExcludedEntity_withlog1(io.protostuff.runtime.ExcludeFieldTest): null,testTaggedAndExcludedEntity_withlog2(io.protostuff.runtime.ExcludeFieldTest): null,testIt_withlog0(io.protostuff.runtime.ExcludeFieldTest): null,testIt_withlog1(io.protostuff.runtime.ExcludeFieldTest): null,testIt_withlog2(io.protostuff.runtime.ExcludeFieldTest): null
[51215] INFO MethodsAssertGenerator - Generating assertions...
[51230] INFO AssertGenerator - 3 new tests with assertions generated
[51394] INFO EntryPoint - Run: java -cp /home/bdanglot/workspace/Ex2amplifier-experiments/dataset/may-2018/protostuff/184/protostuff-runtime/target/test-classes:/home/bdanglot/workspace/Ex2amplifier-experiments/dataset/may-2018/protostuff/184/protostuff-runtime/target/classes:/home/bdanglot/.m2/repository/junit/junit/4.11/junit-4.11.jar:/home/bdanglot/.m2/repository/org/hamcrest/hamcrest-core/1.3/hamcrest-core-1.3.jar:/home/bdanglot/.m2/repository/org/mockito/mockito-core/1.10.8/mockito-core-1.10.8.jar:/home/bdanglot/.m2/repository/org/objenesis/objenesis/2.1/objenesis-2.1.jar:/home/bdanglot/.m2/repository/io/protostuff/protostuff-core/1.4.3-SNAPSHOT/protostuff-core-1.4.3-SNAPSHOT.jar:/home/bdanglot/.m2/repository/io/protostuff/protostuff-core/1.4.3-SNAPSHOT/protostuff-core-1.4.3-SNAPSHOT-tests.jar:/home/bdanglot/.m2/repository/io/protostuff/protostuff-api/1.4.3-SNAPSHOT/protostuff-api-1.4.3-SNAPSHOT.jar:/home/bdanglot/.m2/repository/io/protostuff/protostuff-collectionschema/1.4.3-SNAPSHOT/protostuff-collectionschema-1.4.3-SNAPSHOT.jar:/home/bdanglot/workspace/Ex2amplifier-experiments/target/dspot/dependencies:/home/bdanglot/.m2/repository/eu/stamp-project/test-runner/1.0.8/test-runner-1.0.8-jar-with-dependencies.jar eu.stamp_project.testrunner.runner.test.TestRunner io.protostuff.runtime.ExcludeFieldTest testMuchExcludedEntity:testIt:testTaggedAndExcludedEntity
File saved to the following path: /home/bdanglot/workspace/Ex2amplifier-experiments/dataset/may-2018/protostuff/184/protostuff-runtime/target/dspot/TestListener.ser
[51714] INFO EntryPoint - Test has been run: testIt,testMuchExcludedEntity,testTaggedAndExcludedEntity
[51750] DEBUG Launcher - building sources: [/home/bdanglot/workspace/Ex2amplifier-experiments/target/dspot/tmp_test_sources/io/protostuff/runtime/ExcludeFieldTest.java]
[51750] DEBUG Launcher - build args: [-encoding, UTF-8, -cp, /home/bdanglot/.m2/repository/junit/junit/4.11/junit-4.11.jar:/home/bdanglot/.m2/repository/org/hamcrest/hamcrest-core/1.3/hamcrest-core-1.3.jar:/home/bdanglot/.m2/repository/org/mockito/mockito-core/1.10.8/mockito-core-1.10.8.jar:/home/bdanglot/.m2/repository/org/objenesis/objenesis/2.1/objenesis-2.1.jar:/home/bdanglot/.m2/repository/io/protostuff/protostuff-core/1.4.3-SNAPSHOT/protostuff-core-1.4.3-SNAPSHOT.jar:/home/bdanglot/.m2/repository/io/protostuff/protostuff-core/1.4.3-SNAPSHOT/protostuff-core-1.4.3-SNAPSHOT-tests.jar:/home/bdanglot/.m2/repository/io/protostuff/protostuff-api/1.4.3-SNAPSHOT/protostuff-api-1.4.3-SNAPSHOT.jar:/home/bdanglot/.m2/repository/io/protostuff/protostuff-collectionschema/1.4.3-SNAPSHOT/protostuff-collectionschema-1.4.3-SNAPSHOT.jar:target/dspot/dependencies/:dataset/may-2018/protostuff/184/protostuff-runtime//target/classes:dataset/may-2018/protostuff/184/protostuff-runtime//target/test-classes:, -1.8, -preserveAllLocals, -noExit, -enableJavadoc, /home/bdanglot/workspace/Ex2amplifier-experiments/target/dspot/tmp_test_sources/io/protostuff/runtime/ExcludeFieldTest.java]
[51789] DEBUG Launcher - built in 39 ms
[51790] DEBUG Launcher - building templates: []
[51790] DEBUG Launcher - built in 0 ms
[51790] DEBUG Launcher - model built in 40
[51791] DEBUG Launcher - compiling sources: [/home/bdanglot/workspace/Ex2amplifier-experiments/target/dspot/tmp_test_sources/io/protostuff/runtime/ExcludeFieldTest.java]
[51793] DEBUG Launcher - compile args: [-encoding, UTF-8, -cp, /home/bdanglot/.m2/repository/junit/junit/4.11/junit-4.11.jar:/home/bdanglot/.m2/repository/org/hamcrest/hamcrest-core/1.3/hamcrest-core-1.3.jar:/home/bdanglot/.m2/repository/org/mockito/mockito-core/1.10.8/mockito-core-1.10.8.jar:/home/bdanglot/.m2/repository/org/objenesis/objenesis/2.1/objenesis-2.1.jar:/home/bdanglot/.m2/repository/io/protostuff/protostuff-core/1.4.3-SNAPSHOT/protostuff-core-1.4.3-SNAPSHOT.jar:/home/bdanglot/.m2/repository/io/protostuff/protostuff-core/1.4.3-SNAPSHOT/protostuff-core-1.4.3-SNAPSHOT-tests.jar:/home/bdanglot/.m2/repository/io/protostuff/protostuff-api/1.4.3-SNAPSHOT/protostuff-api-1.4.3-SNAPSHOT.jar:/home/bdanglot/.m2/repository/io/protostuff/protostuff-collectionschema/1.4.3-SNAPSHOT/protostuff-collectionschema-1.4.3-SNAPSHOT.jar:target/dspot/dependencies/:dataset/may-2018/protostuff/184/protostuff-runtime//target/classes:dataset/may-2018/protostuff/184/protostuff-runtime//target/test-classes:, -d, /home/bdanglot/workspace/Ex2amplifier-experiments/dataset/may-2018/protostuff/184_modified/protostuff-runtime/target/test-classes, -1.8, -proc:none, -preserveAllLocals, -noExit, -enableJavadoc, /home/bdanglot/workspace/Ex2amplifier-experiments/target/dspot/tmp_test_sources/io/protostuff/runtime/ExcludeFieldTest.java]
[51860] DEBUG Launcher - compiled in 69 ms
[51861] INFO EntryPoint - Run: java -cp /home/bdanglot/.m2/repository/junit/junit/4.11/junit-4.11.jar:/home/bdanglot/.m2/repository/org/hamcrest/hamcrest-core/1.3/hamcrest-core-1.3.jar:/home/bdanglot/.m2/repository/org/mockito/mockito-core/1.10.8/mockito-core-1.10.8.jar:/home/bdanglot/.m2/repository/org/objenesis/objenesis/2.1/objenesis-2.1.jar:/home/bdanglot/.m2/repository/io/protostuff/protostuff-core/1.4.3-SNAPSHOT/protostuff-core-1.4.3-SNAPSHOT.jar:/home/bdanglot/.m2/repository/io/protostuff/protostuff-core/1.4.3-SNAPSHOT/protostuff-core-1.4.3-SNAPSHOT-tests.jar:/home/bdanglot/.m2/repository/io/protostuff/protostuff-api/1.4.3-SNAPSHOT/protostuff-api-1.4.3-SNAPSHOT.jar:/home/bdanglot/.m2/repository/io/protostuff/protostuff-collectionschema/1.4.3-SNAPSHOT/protostuff-collectionschema-1.4.3-SNAPSHOT.jar:target/dspot/dependencies/:/home/bdanglot/workspace/Ex2amplifier-experiments/dataset/may-2018/protostuff/184_modified/protostuff-runtime/target/classes:/home/bdanglot/workspace/Ex2amplifier-experiments/dataset/may-2018/protostuff/184_modified/protostuff-runtime/target/test-classes:/home/bdanglot/.m2/repository/eu/stamp-project/test-runner/1.0.8/test-runner-1.0.8-jar-with-dependencies.jar eu.stamp_project.testrunner.runner.test.TestRunner io.protostuff.runtime.ExcludeFieldTest testMuchExcludedEntity:testIt:testTaggedAndExcludedEntity
File saved to the following path: /home/bdanglot/workspace/Ex2amplifier-experiments/dataset/may-2018/protostuff/184/protostuff-runtime/target/dspot/TestListener.ser
[52188] INFO EntryPoint - Test has been run: testIt,testMuchExcludedEntity,testTaggedAndExcludedEntity
[52189] INFO Amplification - 0 amplified test(s) has been selected, global: 0
[52190] INFO Amplification - amp testMuchExcludedEntity (1/3)
[52196] DEBUG Launcher - printing io.protostuff.runtime.ExcludeFieldTest to /home/bdanglot/workspace/Ex2amplifier-experiments/target/dspot/tmp_test_sources
[52254] INFO EntryPoint - Run: java -cp /home/bdanglot/workspace/Ex2amplifier-experiments/dataset/may-2018/protostuff/184/protostuff-runtime/target/test-classes:/home/bdanglot/workspace/Ex2amplifier-experiments/dataset/may-2018/protostuff/184/protostuff-runtime/target/classes:/home/bdanglot/.m2/repository/junit/junit/4.11/junit-4.11.jar:/home/bdanglot/.m2/repository/org/hamcrest/hamcrest-core/1.3/hamcrest-core-1.3.jar:/home/bdanglot/.m2/repository/org/mockito/mockito-core/1.10.8/mockito-core-1.10.8.jar:/home/bdanglot/.m2/repository/org/objenesis/objenesis/2.1/objenesis-2.1.jar:/home/bdanglot/.m2/repository/io/protostuff/protostuff-core/1.4.3-SNAPSHOT/protostuff-core-1.4.3-SNAPSHOT.jar:/home/bdanglot/.m2/repository/io/protostuff/protostuff-core/1.4.3-SNAPSHOT/protostuff-core-1.4.3-SNAPSHOT-tests.jar:/home/bdanglot/.m2/repository/io/protostuff/protostuff-api/1.4.3-SNAPSHOT/protostuff-api-1.4.3-SNAPSHOT.jar:/home/bdanglot/.m2/repository/io/protostuff/protostuff-collectionschema/1.4.3-SNAPSHOT/protostuff-collectionschema-1.4.3-SNAPSHOT.jar:/home/bdanglot/workspace/Ex2amplifier-experiments/target/dspot/dependencies:/home/bdanglot/.m2/repository/eu/stamp-project/test-runner/1.0.8/test-runner-1.0.8-jar-with-dependencies.jar eu.stamp_project.testrunner.runner.test.TestRunner io.protostuff.runtime.ExcludeFieldTest testMuchExcludedEntity
File saved to the following path: /home/bdanglot/workspace/Ex2amplifier-experiments/dataset/may-2018/protostuff/184/protostuff-runtime/target/dspot/TestListener.ser
[52532] INFO EntryPoint - Test has been run: testMuchExcludedEntity
[52533] INFO Amplification - iteration 0:
[52533] INFO Amplification - 1 tests selected to be amplified over 1 available tests
[52533] INFO Amplification - Amplification of inputs...
100% |================================================== ]/
[52549] DEBUG Launcher - printing io.protostuff.runtime.ExcludeFieldTest to /home/bdanglot/workspace/Ex2amplifier-experiments/target/dspot/tmp_test_sources
[52579] DEBUG Launcher - building sources: [/home/bdanglot/workspace/Ex2amplifier-experiments/target/dspot/tmp_test_sources/io/protostuff/runtime/ExcludeFieldTest.java]
[52579] DEBUG Launcher - build args: [-encoding, UTF-8, -cp, /home/bdanglot/.m2/repository/junit/junit/4.11/junit-4.11.jar:/home/bdanglot/.m2/repository/org/hamcrest/hamcrest-core/1.3/hamcrest-core-1.3.jar:/home/bdanglot/.m2/repository/org/mockito/mockito-core/1.10.8/mockito-core-1.10.8.jar:/home/bdanglot/.m2/repository/org/objenesis/objenesis/2.1/objenesis-2.1.jar:/home/bdanglot/.m2/repository/io/protostuff/protostuff-core/1.4.3-SNAPSHOT/protostuff-core-1.4.3-SNAPSHOT.jar:/home/bdanglot/.m2/repository/io/protostuff/protostuff-core/1.4.3-SNAPSHOT/protostuff-core-1.4.3-SNAPSHOT-tests.jar:/home/bdanglot/.m2/repository/io/protostuff/protostuff-api/1.4.3-SNAPSHOT/protostuff-api-1.4.3-SNAPSHOT.jar:/home/bdanglot/.m2/repository/io/protostuff/protostuff-collectionschema/1.4.3-SNAPSHOT/protostuff-collectionschema-1.4.3-SNAPSHOT.jar:/home/bdanglot/workspace/Ex2amplifier-experiments/dataset/may-2018/protostuff/184/protostuff-runtime/target/classes:/home/bdanglot/workspace/Ex2amplifier-experiments/target/dspot/dependencies:/home/bdanglot/workspace/Ex2amplifier-experiments/dataset/may-2018/protostuff/184/protostuff-runtime/target/test-classes:, -1.8, -preserveAllLocals, -noExit, -enableJavadoc, /home/bdanglot/workspace/Ex2amplifier-experiments/target/dspot/tmp_test_sources/io/protostuff/runtime/ExcludeFieldTest.java]
[52620] WARN Launcher - warning: The operator == is undefined for the argument type(s) int, boolean at /home/bdanglot/workspace/Ex2amplifier-experiments/target/dspot/tmp_test_sources/io/protostuff/runtime/ExcludeFieldTest.java:79
[52620] WARN Launcher - warning: The operator == is undefined for the argument type(s) int, boolean at /home/bdanglot/workspace/Ex2amplifier-experiments/target/dspot/tmp_test_sources/io/protostuff/runtime/ExcludeFieldTest.java:80
[52620] WARN Launcher - warning: The operator == is undefined for the argument type(s) int, boolean at /home/bdanglot/workspace/Ex2amplifier-experiments/target/dspot/tmp_test_sources/io/protostuff/runtime/ExcludeFieldTest.java:82
[52620] WARN Launcher - warning: The operator == is undefined for the argument type(s) int, boolean at /home/bdanglot/workspace/Ex2amplifier-experiments/target/dspot/tmp_test_sources/io/protostuff/runtime/ExcludeFieldTest.java:84
[52620] DEBUG Launcher - built in 41 ms
[52620] DEBUG Launcher - building templates: []
[52620] DEBUG Launcher - built in 0 ms
[52620] DEBUG Launcher - model built in 41
[52621] DEBUG Launcher - compiling sources: [/home/bdanglot/workspace/Ex2amplifier-experiments/target/dspot/tmp_test_sources/io/protostuff/runtime/ExcludeFieldTest.java]
[52621] DEBUG Launcher - compile args: [-encoding, UTF-8, -cp, /home/bdanglot/.m2/repository/junit/junit/4.11/junit-4.11.jar:/home/bdanglot/.m2/repository/org/hamcrest/hamcrest-core/1.3/hamcrest-core-1.3.jar:/home/bdanglot/.m2/repository/org/mockito/mockito-core/1.10.8/mockito-core-1.10.8.jar:/home/bdanglot/.m2/repository/org/objenesis/objenesis/2.1/objenesis-2.1.jar:/home/bdanglot/.m2/repository/io/protostuff/protostuff-core/1.4.3-SNAPSHOT/protostuff-core-1.4.3-SNAPSHOT.jar:/home/bdanglot/.m2/repository/io/protostuff/protostuff-core/1.4.3-SNAPSHOT/protostuff-core-1.4.3-SNAPSHOT-tests.jar:/home/bdanglot/.m2/repository/io/protostuff/protostuff-api/1.4.3-SNAPSHOT/protostuff-api-1.4.3-SNAPSHOT.jar:/home/bdanglot/.m2/repository/io/protostuff/protostuff-collectionschema/1.4.3-SNAPSHOT/protostuff-collectionschema-1.4.3-SNAPSHOT.jar:/home/bdanglot/workspace/Ex2amplifier-experiments/dataset/may-2018/protostuff/184/protostuff-runtime/target/classes:/home/bdanglot/workspace/Ex2amplifier-experiments/target/dspot/dependencies:/home/bdanglot/workspace/Ex2amplifier-experiments/dataset/may-2018/protostuff/184/protostuff-runtime/target/test-classes:, -d, /home/bdanglot/workspace/Ex2amplifier-experiments/dataset/may-2018/protostuff/184/protostuff-runtime/target/test-classes, -1.8, -proc:none, -preserveAllLocals, -noExit, -enableJavadoc, /home/bdanglot/workspace/Ex2amplifier-experiments/target/dspot/tmp_test_sources/io/protostuff/runtime/ExcludeFieldTest.java]
[52684] WARN Launcher - warning: The operator == is undefined for the argument type(s) int, boolean at /home/bdanglot/workspace/Ex2amplifier-experiments/ExcludeFieldTest.java:73
[52684] WARN Launcher - warning: The operator == is undefined for the argument type(s) int, boolean at /home/bdanglot/workspace/Ex2amplifier-experiments/ExcludeFieldTest.java:74
[52684] WARN Launcher - warning: The operator == is undefined for the argument type(s) int, boolean at /home/bdanglot/workspace/Ex2amplifier-experiments/ExcludeFieldTest.java:76
[52684] WARN Launcher - warning: The operator == is undefined for the argument type(s) int, boolean at /home/bdanglot/workspace/Ex2amplifier-experiments/ExcludeFieldTest.java:78
[52684] DEBUG Launcher - compiled in 63 ms
This is the Java Bytecode Symbolic Executor's Run Tool (JBSE v.0.8.0-SNAPSHOT).
Connecting to Z3 at lib/z3/build/bin/z3.
Failed initialization of the symbolic execution.
jbse.jvm.exc.InitializationException: jbse.bc.exc.ClassFileNotFoundException: io/protostuff/runtime/ExcludeFieldTest
	at jbse.algo.Algo_INIT.createInitialState(Algo_INIT.java:56)
	at jbse.algo.Algo_INIT.exec(Algo_INIT.java:33)
	at jbse.jvm.Engine.init(Engine.java:153)
	at jbse.jvm.EngineBuilder.build(EngineBuilder.java:63)
	at jbse.jvm.RunnerBuilder.build(RunnerBuilder.java:48)
	at jbse.apps.run.Run.build(Run.java:715)
	at jbse.apps.run.Run.run(Run.java:591)
	at eu.stamp_project.ex2amplifier.jbse.JBSERunner.runJBSE(JBSERunner.java:82)
	at eu.stamp_project.ex2amplifier.amplifier.JBSEAmplifier.internalApply(JBSEAmplifier.java:44)
	at eu.stamp_project.ex2amplifier.amplifier.Ex2Amplifier.apply(Ex2Amplifier.java:68)
	at eu.stamp_project.dspot.Amplification.lambda$inputAmplifyTest$7(Amplification.java:245)
	at java.util.stream.ReferencePipeline$7$1.accept(ReferencePipeline.java:267)
	at java.util.ArrayList$ArrayListSpliterator.forEachRemaining(ArrayList.java:1374)
	at java.util.stream.AbstractPipeline.copyInto(AbstractPipeline.java:481)
	at java.util.stream.AbstractPipeline.wrapAndCopyInto(AbstractPipeline.java:471)
	at java.util.stream.ForEachOps$ForEachOp.evaluateSequential(ForEachOps.java:151)
	at java.util.stream.ForEachOps$ForEachOp$OfRef.evaluateSequential(ForEachOps.java:174)
	at java.util.stream.AbstractPipeline.evaluate(AbstractPipeline.java:234)
	at java.util.stream.ReferencePipeline.forEach(ReferencePipeline.java:418)
	at java.util.stream.ReferencePipeline$7$1.accept(ReferencePipeline.java:270)
	at java.util.ArrayList$ArrayListSpliterator.forEachRemaining(ArrayList.java:1374)
	at java.util.stream.AbstractPipeline.copyInto(AbstractPipeline.java:481)
	at java.util.stream.AbstractPipeline.wrapAndCopyInto(AbstractPipeline.java:471)
	at java.util.stream.ReduceOps$ReduceTask.doLeaf(ReduceOps.java:747)
	at java.util.stream.ReduceOps$ReduceTask.doLeaf(ReduceOps.java:721)
	at java.util.stream.AbstractTask.compute(AbstractTask.java:316)
	at java.util.concurrent.CountedCompleter.exec(CountedCompleter.java:731)
	at java.util.concurrent.ForkJoinTask.doExec(ForkJoinTask.java:289)
	at java.util.concurrent.ForkJoinTask.doInvoke(ForkJoinTask.java:401)
	at java.util.concurrent.ForkJoinTask.invoke(ForkJoinTask.java:734)
	at java.util.stream.ReduceOps$ReduceOp.evaluateParallel(ReduceOps.java:714)
	at java.util.stream.AbstractPipeline.evaluate(AbstractPipeline.java:233)
	at java.util.stream.ReferencePipeline.collect(ReferencePipeline.java:499)
	at eu.stamp_project.dspot.Amplification.inputAmplifyTests(Amplification.java:226)
	at eu.stamp_project.dspot.Amplification.amplification(Amplification.java:139)
	at eu.stamp_project.dspot.Amplification.amplification(Amplification.java:103)
	at eu.stamp_project.dspot.DSpot.amplifyTest(DSpot.java:191)
	at eu.stamp_project.dspot.DSpot.amplifyTest(DSpot.java:178)
	at eu.stamp_project.Main.lambda$null$1(Main.java:147)
	at java.util.stream.ReferencePipeline$3$1.accept(ReferencePipeline.java:193)
	at java.util.HashMap$KeySpliterator.forEachRemaining(HashMap.java:1548)
	at java.util.stream.AbstractPipeline.copyInto(AbstractPipeline.java:481)
	at java.util.stream.AbstractPipeline.wrapAndCopyInto(AbstractPipeline.java:471)
	at java.util.stream.ReduceOps$ReduceOp.evaluateSequential(ReduceOps.java:708)
	at java.util.stream.AbstractPipeline.evaluate(AbstractPipeline.java:234)
	at java.util.stream.ReferencePipeline.collect(ReferencePipeline.java:499)
	at eu.stamp_project.Main.lambda$run$2(Main.java:148)
	at java.util.stream.ForEachOps$ForEachOp$OfRef.accept(ForEachOps.java:184)
	at java.util.stream.ReferencePipeline$2$1.accept(ReferencePipeline.java:175)
	at java.util.ArrayList$ArrayListSpliterator.forEachRemaining(ArrayList.java:1374)
	at java.util.stream.AbstractPipeline.copyInto(AbstractPipeline.java:481)
	at java.util.stream.AbstractPipeline.wrapAndCopyInto(AbstractPipeline.java:471)
	at java.util.stream.ForEachOps$ForEachOp.evaluateSequential(ForEachOps.java:151)
	at java.util.stream.ForEachOps$ForEachOp$OfRef.evaluateSequential(ForEachOps.java:174)
	at java.util.stream.AbstractPipeline.evaluate(AbstractPipeline.java:234)
	at java.util.stream.ReferencePipeline.forEach(ReferencePipeline.java:418)
	at eu.stamp_project.Main.run(Main.java:120)
	at eu.stamp_project.Main.main(Main.java:91)
Caused by: jbse.bc.exc.ClassFileNotFoundException: io/protostuff/runtime/ExcludeFieldTest
	at jbse.bc.ClassFileJavassist.<init>(ClassFileJavassist.java:39)
	at jbse.bc.ClassFileFactoryJavassist.newClassFileClass(ClassFileFactoryJavassist.java:26)
	at jbse.bc.ClassFileFactory.newClassFile(ClassFileFactory.java:60)
	at jbse.bc.ClassFileStore.getClassFile(ClassFileStore.java:65)
	at jbse.bc.ClassHierarchy.getClassFile(ClassHierarchy.java:87)
	at jbse.mem.State.pushFrameSymbolic(State.java:1095)
	at jbse.algo.Algo_INIT.createInitialState(Algo_INIT.java:49)
	... 57 more
[52878] INFO Amplification - 0 new tests generated
[52878] INFO Amplification - 0 amplified test(s) has been selected, global: 0
[52878] INFO Amplification - amp testIt (2/3)
[52893] DEBUG Launcher - printing io.protostuff.runtime.ExcludeFieldTest to /home/bdanglot/workspace/Ex2amplifier-experiments/target/dspot/tmp_test_sources
[52943] INFO EntryPoint - Run: java -cp /home/bdanglot/workspace/Ex2amplifier-experiments/dataset/may-2018/protostuff/184/protostuff-runtime/target/test-classes:/home/bdanglot/workspace/Ex2amplifier-experiments/dataset/may-2018/protostuff/184/protostuff-runtime/target/classes:/home/bdanglot/.m2/repository/junit/junit/4.11/junit-4.11.jar:/home/bdanglot/.m2/repository/org/hamcrest/hamcrest-core/1.3/hamcrest-core-1.3.jar:/home/bdanglot/.m2/repository/org/mockito/mockito-core/1.10.8/mockito-core-1.10.8.jar:/home/bdanglot/.m2/repository/org/objenesis/objenesis/2.1/objenesis-2.1.jar:/home/bdanglot/.m2/repository/io/protostuff/protostuff-core/1.4.3-SNAPSHOT/protostuff-core-1.4.3-SNAPSHOT.jar:/home/bdanglot/.m2/repository/io/protostuff/protostuff-core/1.4.3-SNAPSHOT/protostuff-core-1.4.3-SNAPSHOT-tests.jar:/home/bdanglot/.m2/repository/io/protostuff/protostuff-api/1.4.3-SNAPSHOT/protostuff-api-1.4.3-SNAPSHOT.jar:/home/bdanglot/.m2/repository/io/protostuff/protostuff-collectionschema/1.4.3-SNAPSHOT/protostuff-collectionschema-1.4.3-SNAPSHOT.jar:/home/bdanglot/workspace/Ex2amplifier-experiments/target/dspot/dependencies:/home/bdanglot/.m2/repository/eu/stamp-project/test-runner/1.0.8/test-runner-1.0.8-jar-with-dependencies.jar eu.stamp_project.testrunner.runner.test.TestRunner io.protostuff.runtime.ExcludeFieldTest testIt
File saved to the following path: /home/bdanglot/workspace/Ex2amplifier-experiments/dataset/may-2018/protostuff/184/protostuff-runtime/target/dspot/TestListener.ser
[53185] INFO EntryPoint - Test has been run: testIt
[53185] INFO Amplification - iteration 0:
[53185] INFO Amplification - 1 tests selected to be amplified over 1 available tests
[53185] INFO Amplification - Amplification of inputs...
100% |================================================== ]/
[53190] DEBUG Launcher - printing io.protostuff.runtime.ExcludeFieldTest to /home/bdanglot/workspace/Ex2amplifier-experiments/target/dspot/tmp_test_sources
[53226] DEBUG Launcher - building sources: [/home/bdanglot/workspace/Ex2amplifier-experiments/target/dspot/tmp_test_sources/io/protostuff/runtime/ExcludeFieldTest.java]
[53226] DEBUG Launcher - build args: [-encoding, UTF-8, -cp, /home/bdanglot/.m2/repository/junit/junit/4.11/junit-4.11.jar:/home/bdanglot/.m2/repository/org/hamcrest/hamcrest-core/1.3/hamcrest-core-1.3.jar:/home/bdanglot/.m2/repository/org/mockito/mockito-core/1.10.8/mockito-core-1.10.8.jar:/home/bdanglot/.m2/repository/org/objenesis/objenesis/2.1/objenesis-2.1.jar:/home/bdanglot/.m2/repository/io/protostuff/protostuff-core/1.4.3-SNAPSHOT/protostuff-core-1.4.3-SNAPSHOT.jar:/home/bdanglot/.m2/repository/io/protostuff/protostuff-core/1.4.3-SNAPSHOT/protostuff-core-1.4.3-SNAPSHOT-tests.jar:/home/bdanglot/.m2/repository/io/protostuff/protostuff-api/1.4.3-SNAPSHOT/protostuff-api-1.4.3-SNAPSHOT.jar:/home/bdanglot/.m2/repository/io/protostuff/protostuff-collectionschema/1.4.3-SNAPSHOT/protostuff-collectionschema-1.4.3-SNAPSHOT.jar:/home/bdanglot/workspace/Ex2amplifier-experiments/dataset/may-2018/protostuff/184/protostuff-runtime/target/classes:/home/bdanglot/workspace/Ex2amplifier-experiments/target/dspot/dependencies:/home/bdanglot/workspace/Ex2amplifier-experiments/dataset/may-2018/protostuff/184/protostuff-runtime/target/test-classes:, -1.8, -preserveAllLocals, -noExit, -enableJavadoc, /home/bdanglot/workspace/Ex2amplifier-experiments/target/dspot/tmp_test_sources/io/protostuff/runtime/ExcludeFieldTest.java]
[53258] WARN Launcher - warning: The operator == is undefined for the argument type(s) int, boolean at /home/bdanglot/workspace/Ex2amplifier-experiments/target/dspot/tmp_test_sources/io/protostuff/runtime/ExcludeFieldTest.java:79
[53259] WARN Launcher - warning: The operator == is undefined for the argument type(s) int, boolean at /home/bdanglot/workspace/Ex2amplifier-experiments/target/dspot/tmp_test_sources/io/protostuff/runtime/ExcludeFieldTest.java:80
[53259] DEBUG Launcher - built in 33 ms
[53259] DEBUG Launcher - building templates: []
[53259] DEBUG Launcher - built in 0 ms
[53259] DEBUG Launcher - model built in 33
[53259] DEBUG Launcher - compiling sources: [/home/bdanglot/workspace/Ex2amplifier-experiments/target/dspot/tmp_test_sources/io/protostuff/runtime/ExcludeFieldTest.java]
[53259] DEBUG Launcher - compile args: [-encoding, UTF-8, -cp, /home/bdanglot/.m2/repository/junit/junit/4.11/junit-4.11.jar:/home/bdanglot/.m2/repository/org/hamcrest/hamcrest-core/1.3/hamcrest-core-1.3.jar:/home/bdanglot/.m2/repository/org/mockito/mockito-core/1.10.8/mockito-core-1.10.8.jar:/home/bdanglot/.m2/repository/org/objenesis/objenesis/2.1/objenesis-2.1.jar:/home/bdanglot/.m2/repository/io/protostuff/protostuff-core/1.4.3-SNAPSHOT/protostuff-core-1.4.3-SNAPSHOT.jar:/home/bdanglot/.m2/repository/io/protostuff/protostuff-core/1.4.3-SNAPSHOT/protostuff-core-1.4.3-SNAPSHOT-tests.jar:/home/bdanglot/.m2/repository/io/protostuff/protostuff-api/1.4.3-SNAPSHOT/protostuff-api-1.4.3-SNAPSHOT.jar:/home/bdanglot/.m2/repository/io/protostuff/protostuff-collectionschema/1.4.3-SNAPSHOT/protostuff-collectionschema-1.4.3-SNAPSHOT.jar:/home/bdanglot/workspace/Ex2amplifier-experiments/dataset/may-2018/protostuff/184/protostuff-runtime/target/classes:/home/bdanglot/workspace/Ex2amplifier-experiments/target/dspot/dependencies:/home/bdanglot/workspace/Ex2amplifier-experiments/dataset/may-2018/protostuff/184/protostuff-runtime/target/test-classes:, -d, /home/bdanglot/workspace/Ex2amplifier-experiments/dataset/may-2018/protostuff/184/protostuff-runtime/target/test-classes, -1.8, -proc:none, -preserveAllLocals, -noExit, -enableJavadoc, /home/bdanglot/workspace/Ex2amplifier-experiments/target/dspot/tmp_test_sources/io/protostuff/runtime/ExcludeFieldTest.java]
[53307] WARN Launcher - warning: The operator == is undefined for the argument type(s) int, boolean at /home/bdanglot/workspace/Ex2amplifier-experiments/ExcludeFieldTest.java:73
[53307] WARN Launcher - warning: The operator == is undefined for the argument type(s) int, boolean at /home/bdanglot/workspace/Ex2amplifier-experiments/ExcludeFieldTest.java:74
[53307] DEBUG Launcher - compiled in 48 ms
This is the Java Bytecode Symbolic Executor's Run Tool (JBSE v.0.8.0-SNAPSHOT).
Connecting to Z3 at lib/z3/build/bin/z3.
Failed initialization of the symbolic execution.
jbse.jvm.exc.InitializationException: jbse.bc.exc.ClassFileNotFoundException: io/protostuff/runtime/ExcludeFieldTest
	at jbse.algo.Algo_INIT.createInitialState(Algo_INIT.java:56)
	at jbse.algo.Algo_INIT.exec(Algo_INIT.java:33)
	at jbse.jvm.Engine.init(Engine.java:153)
	at jbse.jvm.EngineBuilder.build(EngineBuilder.java:63)
	at jbse.jvm.RunnerBuilder.build(RunnerBuilder.java:48)
	at jbse.apps.run.Run.build(Run.java:715)
	at jbse.apps.run.Run.run(Run.java:591)
	at eu.stamp_project.ex2amplifier.jbse.JBSERunner.runJBSE(JBSERunner.java:82)
	at eu.stamp_project.ex2amplifier.amplifier.JBSEAmplifier.internalApply(JBSEAmplifier.java:44)
	at eu.stamp_project.ex2amplifier.amplifier.Ex2Amplifier.apply(Ex2Amplifier.java:68)
	at eu.stamp_project.dspot.Amplification.lambda$inputAmplifyTest$7(Amplification.java:245)
	at java.util.stream.ReferencePipeline$7$1.accept(ReferencePipeline.java:267)
	at java.util.ArrayList$ArrayListSpliterator.forEachRemaining(ArrayList.java:1374)
	at java.util.stream.AbstractPipeline.copyInto(AbstractPipeline.java:481)
	at java.util.stream.AbstractPipeline.wrapAndCopyInto(AbstractPipeline.java:471)
	at java.util.stream.ForEachOps$ForEachOp.evaluateSequential(ForEachOps.java:151)
	at java.util.stream.ForEachOps$ForEachOp$OfRef.evaluateSequential(ForEachOps.java:174)
	at java.util.stream.AbstractPipeline.evaluate(AbstractPipeline.java:234)
	at java.util.stream.ReferencePipeline.forEach(ReferencePipeline.java:418)
	at java.util.stream.ReferencePipeline$7$1.accept(ReferencePipeline.java:270)
	at java.util.ArrayList$ArrayListSpliterator.forEachRemaining(ArrayList.java:1374)
	at java.util.stream.AbstractPipeline.copyInto(AbstractPipeline.java:481)
	at java.util.stream.AbstractPipeline.wrapAndCopyInto(AbstractPipeline.java:471)
	at java.util.stream.ReduceOps$ReduceTask.doLeaf(ReduceOps.java:747)
	at java.util.stream.ReduceOps$ReduceTask.doLeaf(ReduceOps.java:721)
	at java.util.stream.AbstractTask.compute(AbstractTask.java:316)
	at java.util.concurrent.CountedCompleter.exec(CountedCompleter.java:731)
	at java.util.concurrent.ForkJoinTask.doExec(ForkJoinTask.java:289)
	at java.util.concurrent.ForkJoinTask.doInvoke(ForkJoinTask.java:401)
	at java.util.concurrent.ForkJoinTask.invoke(ForkJoinTask.java:734)
	at java.util.stream.ReduceOps$ReduceOp.evaluateParallel(ReduceOps.java:714)
	at java.util.stream.AbstractPipeline.evaluate(AbstractPipeline.java:233)
	at java.util.stream.ReferencePipeline.collect(ReferencePipeline.java:499)
	at eu.stamp_project.dspot.Amplification.inputAmplifyTests(Amplification.java:226)
	at eu.stamp_project.dspot.Amplification.amplification(Amplification.java:139)
	at eu.stamp_project.dspot.Amplification.amplification(Amplification.java:103)
	at eu.stamp_project.dspot.DSpot.amplifyTest(DSpot.java:191)
	at eu.stamp_project.dspot.DSpot.amplifyTest(DSpot.java:178)
	at eu.stamp_project.Main.lambda$null$1(Main.java:147)
	at java.util.stream.ReferencePipeline$3$1.accept(ReferencePipeline.java:193)
	at java.util.HashMap$KeySpliterator.forEachRemaining(HashMap.java:1548)
	at java.util.stream.AbstractPipeline.copyInto(AbstractPipeline.java:481)
	at java.util.stream.AbstractPipeline.wrapAndCopyInto(AbstractPipeline.java:471)
	at java.util.stream.ReduceOps$ReduceOp.evaluateSequential(ReduceOps.java:708)
	at java.util.stream.AbstractPipeline.evaluate(AbstractPipeline.java:234)
	at java.util.stream.ReferencePipeline.collect(ReferencePipeline.java:499)
	at eu.stamp_project.Main.lambda$run$2(Main.java:148)
	at java.util.stream.ForEachOps$ForEachOp$OfRef.accept(ForEachOps.java:184)
	at java.util.stream.ReferencePipeline$2$1.accept(ReferencePipeline.java:175)
	at java.util.ArrayList$ArrayListSpliterator.forEachRemaining(ArrayList.java:1374)
	at java.util.stream.AbstractPipeline.copyInto(AbstractPipeline.java:481)
	at java.util.stream.AbstractPipeline.wrapAndCopyInto(AbstractPipeline.java:471)
	at java.util.stream.ForEachOps$ForEachOp.evaluateSequential(ForEachOps.java:151)
	at java.util.stream.ForEachOps$ForEachOp$OfRef.evaluateSequential(ForEachOps.java:174)
	at java.util.stream.AbstractPipeline.evaluate(AbstractPipeline.java:234)
	at java.util.stream.ReferencePipeline.forEach(ReferencePipeline.java:418)
	at eu.stamp_project.Main.run(Main.java:120)
	at eu.stamp_project.Main.main(Main.java:91)
Caused by: jbse.bc.exc.ClassFileNotFoundException: io/protostuff/runtime/ExcludeFieldTest
	at jbse.bc.ClassFileJavassist.<init>(ClassFileJavassist.java:39)
	at jbse.bc.ClassFileFactoryJavassist.newClassFileClass(ClassFileFactoryJavassist.java:26)
	at jbse.bc.ClassFileFactory.newClassFile(ClassFileFactory.java:60)
	at jbse.bc.ClassFileStore.getClassFile(ClassFileStore.java:65)
	at jbse.bc.ClassHierarchy.getClassFile(ClassHierarchy.java:87)
	at jbse.mem.State.pushFrameSymbolic(State.java:1095)
	at jbse.algo.Algo_INIT.createInitialState(Algo_INIT.java:49)
	... 57 more
[53315] INFO Amplification - 0 new tests generated
[53315] INFO Amplification - 0 amplified test(s) has been selected, global: 0
[53315] INFO Amplification - amp testTaggedAndExcludedEntity (3/3)
[53320] DEBUG Launcher - printing io.protostuff.runtime.ExcludeFieldTest to /home/bdanglot/workspace/Ex2amplifier-experiments/target/dspot/tmp_test_sources
[53367] INFO EntryPoint - Run: java -cp /home/bdanglot/workspace/Ex2amplifier-experiments/dataset/may-2018/protostuff/184/protostuff-runtime/target/test-classes:/home/bdanglot/workspace/Ex2amplifier-experiments/dataset/may-2018/protostuff/184/protostuff-runtime/target/classes:/home/bdanglot/.m2/repository/junit/junit/4.11/junit-4.11.jar:/home/bdanglot/.m2/repository/org/hamcrest/hamcrest-core/1.3/hamcrest-core-1.3.jar:/home/bdanglot/.m2/repository/org/mockito/mockito-core/1.10.8/mockito-core-1.10.8.jar:/home/bdanglot/.m2/repository/org/objenesis/objenesis/2.1/objenesis-2.1.jar:/home/bdanglot/.m2/repository/io/protostuff/protostuff-core/1.4.3-SNAPSHOT/protostuff-core-1.4.3-SNAPSHOT.jar:/home/bdanglot/.m2/repository/io/protostuff/protostuff-core/1.4.3-SNAPSHOT/protostuff-core-1.4.3-SNAPSHOT-tests.jar:/home/bdanglot/.m2/repository/io/protostuff/protostuff-api/1.4.3-SNAPSHOT/protostuff-api-1.4.3-SNAPSHOT.jar:/home/bdanglot/.m2/repository/io/protostuff/protostuff-collectionschema/1.4.3-SNAPSHOT/protostuff-collectionschema-1.4.3-SNAPSHOT.jar:/home/bdanglot/workspace/Ex2amplifier-experiments/target/dspot/dependencies:/home/bdanglot/.m2/repository/eu/stamp-project/test-runner/1.0.8/test-runner-1.0.8-jar-with-dependencies.jar eu.stamp_project.testrunner.runner.test.TestRunner io.protostuff.runtime.ExcludeFieldTest testTaggedAndExcludedEntity
File saved to the following path: /home/bdanglot/workspace/Ex2amplifier-experiments/dataset/may-2018/protostuff/184/protostuff-runtime/target/dspot/TestListener.ser
[53642] INFO EntryPoint - Test has been run: testTaggedAndExcludedEntity
[53642] INFO Amplification - iteration 0:
[53642] INFO Amplification - 1 tests selected to be amplified over 1 available tests
[53643] INFO Amplification - Amplification of inputs...
100% |================================================== ]/
[53648] DEBUG Launcher - printing io.protostuff.runtime.ExcludeFieldTest to /home/bdanglot/workspace/Ex2amplifier-experiments/target/dspot/tmp_test_sources
[53676] DEBUG Launcher - building sources: [/home/bdanglot/workspace/Ex2amplifier-experiments/target/dspot/tmp_test_sources/io/protostuff/runtime/ExcludeFieldTest.java]
[53676] DEBUG Launcher - build args: [-encoding, UTF-8, -cp, /home/bdanglot/.m2/repository/junit/junit/4.11/junit-4.11.jar:/home/bdanglot/.m2/repository/org/hamcrest/hamcrest-core/1.3/hamcrest-core-1.3.jar:/home/bdanglot/.m2/repository/org/mockito/mockito-core/1.10.8/mockito-core-1.10.8.jar:/home/bdanglot/.m2/repository/org/objenesis/objenesis/2.1/objenesis-2.1.jar:/home/bdanglot/.m2/repository/io/protostuff/protostuff-core/1.4.3-SNAPSHOT/protostuff-core-1.4.3-SNAPSHOT.jar:/home/bdanglot/.m2/repository/io/protostuff/protostuff-core/1.4.3-SNAPSHOT/protostuff-core-1.4.3-SNAPSHOT-tests.jar:/home/bdanglot/.m2/repository/io/protostuff/protostuff-api/1.4.3-SNAPSHOT/protostuff-api-1.4.3-SNAPSHOT.jar:/home/bdanglot/.m2/repository/io/protostuff/protostuff-collectionschema/1.4.3-SNAPSHOT/protostuff-collectionschema-1.4.3-SNAPSHOT.jar:/home/bdanglot/workspace/Ex2amplifier-experiments/dataset/may-2018/protostuff/184/protostuff-runtime/target/classes:/home/bdanglot/workspace/Ex2amplifier-experiments/target/dspot/dependencies:/home/bdanglot/workspace/Ex2amplifier-experiments/dataset/may-2018/protostuff/184/protostuff-runtime/target/test-classes:, -1.8, -preserveAllLocals, -noExit, -enableJavadoc, /home/bdanglot/workspace/Ex2amplifier-experiments/target/dspot/tmp_test_sources/io/protostuff/runtime/ExcludeFieldTest.java]
[53709] WARN Launcher - warning: The operator == is undefined for the argument type(s) int, boolean at /home/bdanglot/workspace/Ex2amplifier-experiments/target/dspot/tmp_test_sources/io/protostuff/runtime/ExcludeFieldTest.java:82
[53709] DEBUG Launcher - built in 33 ms
[53709] DEBUG Launcher - building templates: []
[53709] DEBUG Launcher - built in 0 ms
[53710] DEBUG Launcher - model built in 34
[53710] DEBUG Launcher - compiling sources: [/home/bdanglot/workspace/Ex2amplifier-experiments/target/dspot/tmp_test_sources/io/protostuff/runtime/ExcludeFieldTest.java]
[53710] DEBUG Launcher - compile args: [-encoding, UTF-8, -cp, /home/bdanglot/.m2/repository/junit/junit/4.11/junit-4.11.jar:/home/bdanglot/.m2/repository/org/hamcrest/hamcrest-core/1.3/hamcrest-core-1.3.jar:/home/bdanglot/.m2/repository/org/mockito/mockito-core/1.10.8/mockito-core-1.10.8.jar:/home/bdanglot/.m2/repository/org/objenesis/objenesis/2.1/objenesis-2.1.jar:/home/bdanglot/.m2/repository/io/protostuff/protostuff-core/1.4.3-SNAPSHOT/protostuff-core-1.4.3-SNAPSHOT.jar:/home/bdanglot/.m2/repository/io/protostuff/protostuff-core/1.4.3-SNAPSHOT/protostuff-core-1.4.3-SNAPSHOT-tests.jar:/home/bdanglot/.m2/repository/io/protostuff/protostuff-api/1.4.3-SNAPSHOT/protostuff-api-1.4.3-SNAPSHOT.jar:/home/bdanglot/.m2/repository/io/protostuff/protostuff-collectionschema/1.4.3-SNAPSHOT/protostuff-collectionschema-1.4.3-SNAPSHOT.jar:/home/bdanglot/workspace/Ex2amplifier-experiments/dataset/may-2018/protostuff/184/protostuff-runtime/target/classes:/home/bdanglot/workspace/Ex2amplifier-experiments/target/dspot/dependencies:/home/bdanglot/workspace/Ex2amplifier-experiments/dataset/may-2018/protostuff/184/protostuff-runtime/target/test-classes:, -d, /home/bdanglot/workspace/Ex2amplifier-experiments/dataset/may-2018/protostuff/184/protostuff-runtime/target/test-classes, -1.8, -proc:none, -preserveAllLocals, -noExit, -enableJavadoc, /home/bdanglot/workspace/Ex2amplifier-experiments/target/dspot/tmp_test_sources/io/protostuff/runtime/ExcludeFieldTest.java]
[53764] WARN Launcher - warning: The operator == is undefined for the argument type(s) int, boolean at /home/bdanglot/workspace/Ex2amplifier-experiments/ExcludeFieldTest.java:76
[53764] DEBUG Launcher - compiled in 54 ms
This is the Java Bytecode Symbolic Executor's Run Tool (JBSE v.0.8.0-SNAPSHOT).
Connecting to Z3 at lib/z3/build/bin/z3.
Failed initialization of the symbolic execution.
jbse.jvm.exc.InitializationException: jbse.bc.exc.ClassFileNotFoundException: io/protostuff/runtime/ExcludeFieldTest
	at jbse.algo.Algo_INIT.createInitialState(Algo_INIT.java:56)
	at jbse.algo.Algo_INIT.exec(Algo_INIT.java:33)
	at jbse.jvm.Engine.init(Engine.java:153)
	at jbse.jvm.EngineBuilder.build(EngineBuilder.java:63)
	at jbse.jvm.RunnerBuilder.build(RunnerBuilder.java:48)
	at jbse.apps.run.Run.build(Run.java:715)
	at jbse.apps.run.Run.run(Run.java:591)
	at eu.stamp_project.ex2amplifier.jbse.JBSERunner.runJBSE(JBSERunner.java:82)
	at eu.stamp_project.ex2amplifier.amplifier.JBSEAmplifier.internalApply(JBSEAmplifier.java:44)
	at eu.stamp_project.ex2amplifier.amplifier.Ex2Amplifier.apply(Ex2Amplifier.java:68)
	at eu.stamp_project.dspot.Amplification.lambda$inputAmplifyTest$7(Amplification.java:245)
	at java.util.stream.ReferencePipeline$7$1.accept(ReferencePipeline.java:267)
	at java.util.ArrayList$ArrayListSpliterator.forEachRemaining(ArrayList.java:1374)
	at java.util.stream.AbstractPipeline.copyInto(AbstractPipeline.java:481)
	at java.util.stream.AbstractPipeline.wrapAndCopyInto(AbstractPipeline.java:471)
	at java.util.stream.ForEachOps$ForEachOp.evaluateSequential(ForEachOps.java:151)
	at java.util.stream.ForEachOps$ForEachOp$OfRef.evaluateSequential(ForEachOps.java:174)
	at java.util.stream.AbstractPipeline.evaluate(AbstractPipeline.java:234)
	at java.util.stream.ReferencePipeline.forEach(ReferencePipeline.java:418)
	at java.util.stream.ReferencePipeline$7$1.accept(ReferencePipeline.java:270)
	at java.util.ArrayList$ArrayListSpliterator.forEachRemaining(ArrayList.java:1374)
	at java.util.stream.AbstractPipeline.copyInto(AbstractPipeline.java:481)
	at java.util.stream.AbstractPipeline.wrapAndCopyInto(AbstractPipeline.java:471)
	at java.util.stream.ReduceOps$ReduceTask.doLeaf(ReduceOps.java:747)
	at java.util.stream.ReduceOps$ReduceTask.doLeaf(ReduceOps.java:721)
	at java.util.stream.AbstractTask.compute(AbstractTask.java:316)
	at java.util.concurrent.CountedCompleter.exec(CountedCompleter.java:731)
	at java.util.concurrent.ForkJoinTask.doExec(ForkJoinTask.java:289)
	at java.util.concurrent.ForkJoinTask.doInvoke(ForkJoinTask.java:401)
	at java.util.concurrent.ForkJoinTask.invoke(ForkJoinTask.java:734)
	at java.util.stream.ReduceOps$ReduceOp.evaluateParallel(ReduceOps.java:714)
	at java.util.stream.AbstractPipeline.evaluate(AbstractPipeline.java:233)
	at java.util.stream.ReferencePipeline.collect(ReferencePipeline.java:499)
	at eu.stamp_project.dspot.Amplification.inputAmplifyTests(Amplification.java:226)
	at eu.stamp_project.dspot.Amplification.amplification(Amplification.java:139)
	at eu.stamp_project.dspot.Amplification.amplification(Amplification.java:103)
	at eu.stamp_project.dspot.DSpot.amplifyTest(DSpot.java:191)
	at eu.stamp_project.dspot.DSpot.amplifyTest(DSpot.java:178)
	at eu.stamp_project.Main.lambda$null$1(Main.java:147)
	at java.util.stream.ReferencePipeline$3$1.accept(ReferencePipeline.java:193)
	at java.util.HashMap$KeySpliterator.forEachRemaining(HashMap.java:1548)
	at java.util.stream.AbstractPipeline.copyInto(AbstractPipeline.java:481)
	at java.util.stream.AbstractPipeline.wrapAndCopyInto(AbstractPipeline.java:471)
	at java.util.stream.ReduceOps$ReduceOp.evaluateSequential(ReduceOps.java:708)
	at java.util.stream.AbstractPipeline.evaluate(AbstractPipeline.java:234)
	at java.util.stream.ReferencePipeline.collect(ReferencePipeline.java:499)
	at eu.stamp_project.Main.lambda$run$2(Main.java:148)
	at java.util.stream.ForEachOps$ForEachOp$OfRef.accept(ForEachOps.java:184)
	at java.util.stream.ReferencePipeline$2$1.accept(ReferencePipeline.java:175)
	at java.util.ArrayList$ArrayListSpliterator.forEachRemaining(ArrayList.java:1374)
	at java.util.stream.AbstractPipeline.copyInto(AbstractPipeline.java:481)
	at java.util.stream.AbstractPipeline.wrapAndCopyInto(AbstractPipeline.java:471)
	at java.util.stream.ForEachOps$ForEachOp.evaluateSequential(ForEachOps.java:151)
	at java.util.stream.ForEachOps$ForEachOp$OfRef.evaluateSequential(ForEachOps.java:174)
	at java.util.stream.AbstractPipeline.evaluate(AbstractPipeline.java:234)
	at java.util.stream.ReferencePipeline.forEach(ReferencePipeline.java:418)
	at eu.stamp_project.Main.run(Main.java:120)
	at eu.stamp_project.Main.main(Main.java:91)
Caused by: jbse.bc.exc.ClassFileNotFoundException: io/protostuff/runtime/ExcludeFieldTest
	at jbse.bc.ClassFileJavassist.<init>(ClassFileJavassist.java:39)
	at jbse.bc.ClassFileFactoryJavassist.newClassFileClass(ClassFileFactoryJavassist.java:26)
	at jbse.bc.ClassFileFactory.newClassFile(ClassFileFactory.java:60)
	at jbse.bc.ClassFileStore.getClassFile(ClassFileStore.java:65)
	at jbse.bc.ClassHierarchy.getClassFile(ClassHierarchy.java:87)
	at jbse.mem.State.pushFrameSymbolic(State.java:1095)
	at jbse.algo.Algo_INIT.createInitialState(Algo_INIT.java:49)
	... 57 more
[53772] INFO Amplification - 0 new tests generated
[53772] INFO Amplification - 0 amplified test(s) has been selected, global: 0
[53772] INFO DSpot - elapsedTime 4019
======= REPORT =======
0 amplified test fails on the new versions.

[53788] INFO DSpot - Print AmplExcludeFieldTest with 0 amplified test cases in results/may-2018/protostuff/184/JBSE
