SLF4J: Class path contains multiple SLF4J bindings.
SLF4J: Found binding in [jar:file:/home/spirals/danglot/.m2/repository/eu/stamp-project/test-runner/1.0.5/test-runner-1.0.5-jar-with-dependencies.jar!/org/slf4j/impl/StaticLoggerBinder.class]
SLF4J: Found binding in [jar:file:/home/spirals/danglot/.m2/repository/org/slf4j/slf4j-log4j12/1.7.25/slf4j-log4j12-1.7.25.jar!/org/slf4j/impl/StaticLoggerBinder.class]
SLF4J: See http://www.slf4j.org/codes.html#multiple_bindings for an explanation.
SLF4J: Actual binding is of type [org.slf4j.impl.Log4jLoggerFactory]
[0] WARN AutomaticBuilderFactory - No automatic builder specified in configuration, going to default.
[0] INFO AutomaticBuilderFactory - Default: provided Maven automatic builder.
[10] INFO MavenAutomaticBuilder - run maven clean test -DskipTests dependency:build-classpath -Dmdep.outputFile=target/dspot/classpath
[WARN] Maven will be executed in interactive mode, but no input stream has been configured for this MavenInvoker instance.
[INFO] Scanning for projects...
[INFO]                                                                         
[INFO] ------------------------------------------------------------------------
[INFO] Building protostuff :: runtime 1.4.3-SNAPSHOT
[INFO] ------------------------------------------------------------------------
[INFO] 
[INFO] --- maven-clean-plugin:2.5:clean (default-clean) @ protostuff-runtime ---
[INFO] Deleting /tmp/Ex2Amplifier-experiments/dataset/may-2018/protostuff/184_modified/protostuff-runtime/target
[INFO] 
[INFO] --- maven-enforcer-plugin:1.3.1:enforce (enforce-versions) @ protostuff-runtime ---
[INFO] Skipping Rule Enforcement.
[INFO] 
[INFO] --- maven-resources-plugin:2.6:resources (default-resources) @ protostuff-runtime ---
[INFO] Using 'UTF-8' encoding to copy filtered resources.
[INFO] skip non existing resourceDirectory /tmp/Ex2Amplifier-experiments/dataset/may-2018/protostuff/184_modified/protostuff-runtime/src/main/resources
[INFO] 
[INFO] --- maven-compiler-plugin:3.1:compile (default-compile) @ protostuff-runtime ---
[INFO] Changes detected - recompiling the module!
[INFO] Compiling 40 source files to /tmp/Ex2Amplifier-experiments/dataset/may-2018/protostuff/184_modified/protostuff-runtime/target/classes
[WARNING] /tmp/Ex2Amplifier-experiments/dataset/may-2018/protostuff/184_modified/protostuff-runtime/src/main/java/io/protostuff/runtime/RuntimeUnsafeFieldFactory.java:[60,34] sun.misc.Unsafe is internal proprietary API and may be removed in a future release
[WARNING] /tmp/Ex2Amplifier-experiments/dataset/may-2018/protostuff/184_modified/protostuff-runtime/src/main/java/io/protostuff/runtime/RuntimeUnsafeFieldFactory.java:[62,28] sun.misc.Unsafe is internal proprietary API and may be removed in a future release
[WARNING] /tmp/Ex2Amplifier-experiments/dataset/may-2018/protostuff/184_modified/protostuff-runtime/src/main/java/io/protostuff/runtime/RuntimeUnsafeFieldFactory.java:[66,49] sun.misc.Unsafe is internal proprietary API and may be removed in a future release
[WARNING] /tmp/Ex2Amplifier-experiments/dataset/may-2018/protostuff/184_modified/protostuff-runtime/src/main/java/io/protostuff/runtime/RuntimeUnsafeFieldFactory.java:[71,29] sun.misc.Unsafe is internal proprietary API and may be removed in a future release
[WARNING] /tmp/Ex2Amplifier-experiments/dataset/may-2018/protostuff/184_modified/protostuff-runtime/src/main/java/io/protostuff/runtime/RuntimeUnsafeFieldFactory.java:[86,24] sun.misc.Unsafe is internal proprietary API and may be removed in a future release
[WARNING] /tmp/Ex2Amplifier-experiments/dataset/may-2018/protostuff/184_modified/protostuff-runtime/src/main/java/io/protostuff/runtime/OnDemandSunReflectionFactory.java:[40,44] sun.reflect.ReflectionFactory is internal proprietary API and may be removed in a future release
[INFO] 
[INFO] --- maven-resources-plugin:2.6:testResources (default-testResources) @ protostuff-runtime ---
[INFO] Using 'UTF-8' encoding to copy filtered resources.
[INFO] skip non existing resourceDirectory /tmp/Ex2Amplifier-experiments/dataset/may-2018/protostuff/184_modified/protostuff-runtime/src/test/resources
[INFO] 
[INFO] --- maven-compiler-plugin:3.1:testCompile (default-testCompile) @ protostuff-runtime ---
[INFO] Changes detected - recompiling the module!
[INFO] Compiling 44 source files to /tmp/Ex2Amplifier-experiments/dataset/may-2018/protostuff/184_modified/protostuff-runtime/target/test-classes
[WARNING] /tmp/Ex2Amplifier-experiments/dataset/may-2018/protostuff/184_modified/protostuff-runtime/src/test/java/io/protostuff/runtime/CollectionTest.java: Some input files use or override a deprecated API.
[WARNING] /tmp/Ex2Amplifier-experiments/dataset/may-2018/protostuff/184_modified/protostuff-runtime/src/test/java/io/protostuff/runtime/CollectionTest.java: Recompile with -Xlint:deprecation for details.
[WARNING] /tmp/Ex2Amplifier-experiments/dataset/may-2018/protostuff/184_modified/protostuff-runtime/src/test/java/io/protostuff/runtime/AbstractRuntimeObjectSchemaTest.java: Some input files use unchecked or unsafe operations.
[WARNING] /tmp/Ex2Amplifier-experiments/dataset/may-2018/protostuff/184_modified/protostuff-runtime/src/test/java/io/protostuff/runtime/AbstractRuntimeObjectSchemaTest.java: Recompile with -Xlint:unchecked for details.
[INFO] 
[INFO] --- maven-surefire-plugin:2.18.1:test (default-test) @ protostuff-runtime ---
[INFO] Tests are skipped.
[INFO] 
[INFO] --- maven-dependency-plugin:2.8:build-classpath (default-cli) @ protostuff-runtime ---
[INFO] Wrote classpath file '/tmp/Ex2Amplifier-experiments/dataset/may-2018/protostuff/184_modified/protostuff-runtime/target/dspot/classpath'.
[INFO] ------------------------------------------------------------------------
[INFO] BUILD SUCCESS
[INFO] ------------------------------------------------------------------------
[INFO] Total time: 6.540 s
[INFO] Finished at: 2018-05-16T17:44:57+02:00
[INFO] Final Memory: 27M/321M
[INFO] ------------------------------------------------------------------------
[13421] WARN AutomaticBuilderFactory - No automatic builder specified in configuration, going to default.
[13421] INFO AutomaticBuilderFactory - Default: provided Maven automatic builder.
[13421] INFO MavenAutomaticBuilder - run maven clean test -DskipTests dependency:build-classpath -Dmdep.outputFile=target/dspot/classpath
[WARN] Maven will be executed in interactive mode, but no input stream has been configured for this MavenInvoker instance.
[INFO] Scanning for projects...
[INFO]                                                                         
[INFO] ------------------------------------------------------------------------
[INFO] Building protostuff :: runtime 1.4.3-SNAPSHOT
[INFO] ------------------------------------------------------------------------
[INFO] 
[INFO] --- maven-clean-plugin:2.5:clean (default-clean) @ protostuff-runtime ---
[INFO] Deleting /tmp/Ex2Amplifier-experiments/dataset/may-2018/protostuff/184/protostuff-runtime/target
[INFO] 
[INFO] --- maven-enforcer-plugin:1.3.1:enforce (enforce-versions) @ protostuff-runtime ---
[INFO] Skipping Rule Enforcement.
[INFO] 
[INFO] --- maven-resources-plugin:2.6:resources (default-resources) @ protostuff-runtime ---
[INFO] Using 'UTF-8' encoding to copy filtered resources.
[INFO] skip non existing resourceDirectory /tmp/Ex2Amplifier-experiments/dataset/may-2018/protostuff/184/protostuff-runtime/src/main/resources
[INFO] 
[INFO] --- maven-compiler-plugin:3.1:compile (default-compile) @ protostuff-runtime ---
[INFO] Changes detected - recompiling the module!
[INFO] Compiling 40 source files to /tmp/Ex2Amplifier-experiments/dataset/may-2018/protostuff/184/protostuff-runtime/target/classes
[WARNING] /tmp/Ex2Amplifier-experiments/dataset/may-2018/protostuff/184/protostuff-runtime/src/main/java/io/protostuff/runtime/RuntimeUnsafeFieldFactory.java:[60,34] sun.misc.Unsafe is internal proprietary API and may be removed in a future release
[WARNING] /tmp/Ex2Amplifier-experiments/dataset/may-2018/protostuff/184/protostuff-runtime/src/main/java/io/protostuff/runtime/RuntimeUnsafeFieldFactory.java:[62,28] sun.misc.Unsafe is internal proprietary API and may be removed in a future release
[WARNING] /tmp/Ex2Amplifier-experiments/dataset/may-2018/protostuff/184/protostuff-runtime/src/main/java/io/protostuff/runtime/RuntimeUnsafeFieldFactory.java:[66,49] sun.misc.Unsafe is internal proprietary API and may be removed in a future release
[WARNING] /tmp/Ex2Amplifier-experiments/dataset/may-2018/protostuff/184/protostuff-runtime/src/main/java/io/protostuff/runtime/RuntimeUnsafeFieldFactory.java:[71,29] sun.misc.Unsafe is internal proprietary API and may be removed in a future release
[WARNING] /tmp/Ex2Amplifier-experiments/dataset/may-2018/protostuff/184/protostuff-runtime/src/main/java/io/protostuff/runtime/RuntimeUnsafeFieldFactory.java:[86,24] sun.misc.Unsafe is internal proprietary API and may be removed in a future release
[WARNING] /tmp/Ex2Amplifier-experiments/dataset/may-2018/protostuff/184/protostuff-runtime/src/main/java/io/protostuff/runtime/OnDemandSunReflectionFactory.java:[40,44] sun.reflect.ReflectionFactory is internal proprietary API and may be removed in a future release
[INFO] 
[INFO] --- maven-resources-plugin:2.6:testResources (default-testResources) @ protostuff-runtime ---
[INFO] Using 'UTF-8' encoding to copy filtered resources.
[INFO] skip non existing resourceDirectory /tmp/Ex2Amplifier-experiments/dataset/may-2018/protostuff/184/protostuff-runtime/src/test/resources
[INFO] 
[INFO] --- maven-compiler-plugin:3.1:testCompile (default-testCompile) @ protostuff-runtime ---
[INFO] Changes detected - recompiling the module!
[INFO] Compiling 44 source files to /tmp/Ex2Amplifier-experiments/dataset/may-2018/protostuff/184/protostuff-runtime/target/test-classes
[WARNING] /tmp/Ex2Amplifier-experiments/dataset/may-2018/protostuff/184/protostuff-runtime/src/test/java/io/protostuff/runtime/SerializableObjects.java: Some input files use or override a deprecated API.
[WARNING] /tmp/Ex2Amplifier-experiments/dataset/may-2018/protostuff/184/protostuff-runtime/src/test/java/io/protostuff/runtime/SerializableObjects.java: Recompile with -Xlint:deprecation for details.
[WARNING] /tmp/Ex2Amplifier-experiments/dataset/may-2018/protostuff/184/protostuff-runtime/src/test/java/io/protostuff/runtime/ObjectSchemaTest.java: Some input files use unchecked or unsafe operations.
[WARNING] /tmp/Ex2Amplifier-experiments/dataset/may-2018/protostuff/184/protostuff-runtime/src/test/java/io/protostuff/runtime/ObjectSchemaTest.java: Recompile with -Xlint:unchecked for details.
[INFO] 
[INFO] --- maven-surefire-plugin:2.18.1:test (default-test) @ protostuff-runtime ---
[INFO] Tests are skipped.
[INFO] 
[INFO] --- maven-dependency-plugin:2.8:build-classpath (default-cli) @ protostuff-runtime ---
[INFO] Wrote classpath file '/tmp/Ex2Amplifier-experiments/dataset/may-2018/protostuff/184/protostuff-runtime/target/dspot/classpath'.
[INFO] ------------------------------------------------------------------------
[INFO] BUILD SUCCESS
[INFO] ------------------------------------------------------------------------
[INFO] Total time: 6.306 s
[INFO] Finished at: 2018-05-16T17:45:10+02:00
[INFO] Final Memory: 26M/310M
[INFO] ------------------------------------------------------------------------
[21331] INFO SelectorOnDiff - Selecting according to a diff between dataset/may-2018/protostuff/184_modified/protostuff-runtime and dataset/may-2018/protostuff/184/protostuff-runtime (c5da2cb2028b1ad01f2d70cd06920f74b70945d1)
[21347] INFO SelectorOnDiff - Modified files:
a/protostuff-runtime/src/main/java/io/protostuff/runtime/IdStrategy.java
a/protostuff-runtime/src/test/java/io/protostuff/runtime/ExcludeFieldTest.java
[93667] INFO Amplification - amplification of io.protostuff.runtime.ExcludeFieldTest (4 test(s))
[94368] INFO Amplification - Try to add assertions before amplification
[94405] INFO AssertGenerator - Run tests. (4)
[94906] INFO AssertGenerator - 4 test pass, generating assertion...
[94908] INFO MethodsAssertGenerator - Add observations points in passing tests.
[94908] INFO MethodsAssertGenerator - Instrumentation...

 25% |============ ]/
 50% |========================= ]-
 75% |===================================== ]\
100% |================================================== ]|
[94942] INFO MethodsAssertGenerator - Run instrumented tests. (12)
[95724] INFO MethodsAssertGenerator - Generating assertions...
[95746] INFO AssertGenerator - 4 new tests with assertions generated
[96343] DEBUG Launcher - building sources: [/tmp/Ex2Amplifier-experiments/target/dspot/tmp_test_sources/io/protostuff/runtime/ExcludeFieldTest.java]
[96344] DEBUG Launcher - build args: [-encoding, UTF-8, -cp, /home/spirals/danglot/.m2/repository/junit/junit/4.11/junit-4.11.jar:/home/spirals/danglot/.m2/repository/org/hamcrest/hamcrest-core/1.3/hamcrest-core-1.3.jar:/home/spirals/danglot/.m2/repository/org/mockito/mockito-core/1.10.8/mockito-core-1.10.8.jar:/home/spirals/danglot/.m2/repository/org/objenesis/objenesis/2.1/objenesis-2.1.jar:/home/spirals/danglot/.m2/repository/io/protostuff/protostuff-core/1.4.3-SNAPSHOT/protostuff-core-1.4.3-SNAPSHOT.jar:/home/spirals/danglot/.m2/repository/io/protostuff/protostuff-core/1.4.3-SNAPSHOT/protostuff-core-1.4.3-SNAPSHOT-tests.jar:/home/spirals/danglot/.m2/repository/io/protostuff/protostuff-api/1.4.3-SNAPSHOT/protostuff-api-1.4.3-SNAPSHOT.jar:/home/spirals/danglot/.m2/repository/io/protostuff/protostuff-collectionschema/1.4.3-SNAPSHOT/protostuff-collectionschema-1.4.3-SNAPSHOT.jar:target/dspot/dependencies/:dataset/may-2018/protostuff/184_modified/protostuff-runtime//target/classes:dataset/may-2018/protostuff/184_modified/protostuff-runtime//target/test-classes:, -1.8, -preserveAllLocals, -noExit, -enableJavadoc, /tmp/Ex2Amplifier-experiments/target/dspot/tmp_test_sources/io/protostuff/runtime/ExcludeFieldTest.java]
[96398] DEBUG Launcher - built in 55 ms
[96398] DEBUG Launcher - building templates: []
[96398] DEBUG Launcher - built in 0 ms
[96399] DEBUG Launcher - model built in 56
[96400] DEBUG Launcher - compiling sources: [/tmp/Ex2Amplifier-experiments/target/dspot/tmp_test_sources/io/protostuff/runtime/ExcludeFieldTest.java]
[96403] DEBUG Launcher - compile args: [-encoding, UTF-8, -cp, /home/spirals/danglot/.m2/repository/junit/junit/4.11/junit-4.11.jar:/home/spirals/danglot/.m2/repository/org/hamcrest/hamcrest-core/1.3/hamcrest-core-1.3.jar:/home/spirals/danglot/.m2/repository/org/mockito/mockito-core/1.10.8/mockito-core-1.10.8.jar:/home/spirals/danglot/.m2/repository/org/objenesis/objenesis/2.1/objenesis-2.1.jar:/home/spirals/danglot/.m2/repository/io/protostuff/protostuff-core/1.4.3-SNAPSHOT/protostuff-core-1.4.3-SNAPSHOT.jar:/home/spirals/danglot/.m2/repository/io/protostuff/protostuff-core/1.4.3-SNAPSHOT/protostuff-core-1.4.3-SNAPSHOT-tests.jar:/home/spirals/danglot/.m2/repository/io/protostuff/protostuff-api/1.4.3-SNAPSHOT/protostuff-api-1.4.3-SNAPSHOT.jar:/home/spirals/danglot/.m2/repository/io/protostuff/protostuff-collectionschema/1.4.3-SNAPSHOT/protostuff-collectionschema-1.4.3-SNAPSHOT.jar:target/dspot/dependencies/:dataset/may-2018/protostuff/184_modified/protostuff-runtime//target/classes:dataset/may-2018/protostuff/184_modified/protostuff-runtime//target/test-classes:, -d, /tmp/Ex2Amplifier-experiments/dataset/may-2018/protostuff/184/protostuff-runtime/target/test-classes, -1.8, -proc:none, -preserveAllLocals, -noExit, -enableJavadoc, /tmp/Ex2Amplifier-experiments/target/dspot/tmp_test_sources/io/protostuff/runtime/ExcludeFieldTest.java]
[96506] DEBUG Launcher - compiled in 106 ms
[96936] INFO Amplification - 4 amplified test(s) has been selected, global: 4
[96939] INFO Amplification - amp testMuchExcludedEntity (1/4)
[96945] DEBUG Launcher - printing io.protostuff.runtime.ExcludeFieldTest to /tmp/Ex2Amplifier-experiments/target/dspot/tmp_test_sources
[97430] INFO Amplification - iteration 0:
[97430] INFO Amplification - 1 tests selected to be amplified over 1 available tests
[97430] INFO Amplification - Amplification of inputs...

100% |================================================== ]/
[98440] INFO Amplification - 98 new tests generated
[98812] INFO AssertGenerator - Run tests. (98)
[98851] DEBUG Launcher - printing io.protostuff.runtime.ExcludeFieldTest to /tmp/Ex2Amplifier-experiments/target/dspot/tmp_test_sources
[99098] WARN TestCompiler - 6 errors during compilation, discarding involved test methods
[99393] ERROR TestCompiler - Pb(55) Duplicate local variable boolean_68
[99393] ERROR TestCompiler - Pb(55) Duplicate local variable boolean_88
[99393] ERROR TestCompiler - Pb(55) Duplicate local variable boolean_160
[99393] ERROR TestCompiler - Pb(55) Duplicate local variable boolean_169
[99393] ERROR TestCompiler - Pb(55) Duplicate local variable boolean_237
[99393] ERROR TestCompiler - Pb(55) Duplicate local variable boolean_248
[100272] INFO AssertGenerator - 91 test pass, generating assertion...
[100302] INFO MethodsAssertGenerator - Add observations points in passing tests.
[100302] INFO MethodsAssertGenerator - Instrumentation...

  1% | ]/
  2% |= ]-
  3% |= ]\
  4% |== ]|
  5% |== ]/
  6% |=== ]-
  7% |=== ]\
  8% |==== ]|
  9% |==== ]/
 10% |===== ]-
 12% |====== ]\
 13% |====== ]|
 14% |======= ]/
 15% |======= ]-
 16% |======== ]\
 17% |======== ]|
 18% |========= ]/
 19% |========= ]-
 20% |========== ]\
 21% |========== ]|
 23% |=========== ]/
 24% |============ ]-
 25% |============ ]\
 26% |============= ]|
 27% |============= ]/
 28% |============== ]-
 29% |============== ]\
 30% |=============== ]|
 31% |=============== ]/
 32% |================ ]-
 34% |================= ]\
 35% |================= ]|
 36% |================== ]/
 37% |================== ]-
 38% |=================== ]\
 39% |=================== ]|
 40% |==================== ]/
 41% |==================== ]-
 42% |===================== ]\
 43% |===================== ]|
 45% |====================== ]/
 46% |======================= ]-
 47% |======================= ]\
 48% |======================== ]|
 49% |======================== ]/
 50% |========================= ]-
 51% |========================= ]\
 52% |========================== ]|
 53% |========================== ]/
 54% |=========================== ]-
 56% |============================ ]\
 57% |============================ ]|
 58% |============================= ]/
 59% |============================= ]-
 60% |============================== ]\
 61% |============================== ]|
 62% |=============================== ]/
 63% |=============================== ]-
 64% |================================ ]\
 65% |================================ ]|
 67% |================================= ]/
 68% |================================== ]-
 69% |================================== ]\
 70% |=================================== ]|
 71% |=================================== ]/
 72% |==================================== ]-
 73% |==================================== ]\
 74% |===================================== ]|
 75% |===================================== ]/
 76% |====================================== ]-
 78% |======================================= ]\
 79% |======================================= ]|
 80% |======================================== ]/
 81% |======================================== ]-
 82% |========================================= ]\
 83% |========================================= ]|
 84% |========================================== ]/
 85% |========================================== ]-
 86% |=========================================== ]\
 87% |=========================================== ]|
 89% |============================================ ]/
 90% |============================================= ]-
 91% |============================================= ]\
 92% |============================================== ]|
 93% |============================================== ]/
 94% |=============================================== ]-
 95% |=============================================== ]\
 96% |================================================ ]|
 97% |================================================ ]/
 98% |================================================= ]-
100% |================================================== ]\
[100878] INFO MethodsAssertGenerator - Run instrumented tests. (273)
[102073] WARN TestCompiler - 9 errors during compilation, discarding involved test methods
[103341] ERROR TestCompiler - Pb(2) T cannot be resolved to a type
[103341] ERROR TestCompiler - Pb(2) T cannot be resolved to a type
[103341] ERROR TestCompiler - Pb(2) T cannot be resolved to a type
[103341] ERROR TestCompiler - Pb(2) T cannot be resolved to a type
[103341] ERROR TestCompiler - Pb(2) T cannot be resolved to a type
[103341] ERROR TestCompiler - Pb(2) T cannot be resolved to a type
[103341] ERROR TestCompiler - Pb(2) T cannot be resolved to a type
[103341] ERROR TestCompiler - Pb(2) T cannot be resolved to a type
[103341] ERROR TestCompiler - Pb(2) T cannot be resolved to a type
[106813] INFO MethodsAssertGenerator - Generating assertions...
[106914] INFO AssertGenerator - 1 test fail, generating try/catch/fail blocks...
[106925] INFO AssertGenerator - 89 new tests with assertions generated
[107809] WARN Amplification - Discarding failing test cases
[107810] INFO Amplification - 1 test method(s) has been successfully generated
[107841] DEBUG Launcher - building sources: [/tmp/Ex2Amplifier-experiments/target/dspot/tmp_test_sources/io/protostuff/runtime/ExcludeFieldTest.java]
[107842] DEBUG Launcher - build args: [-encoding, UTF-8, -cp, /home/spirals/danglot/.m2/repository/junit/junit/4.11/junit-4.11.jar:/home/spirals/danglot/.m2/repository/org/hamcrest/hamcrest-core/1.3/hamcrest-core-1.3.jar:/home/spirals/danglot/.m2/repository/org/mockito/mockito-core/1.10.8/mockito-core-1.10.8.jar:/home/spirals/danglot/.m2/repository/org/objenesis/objenesis/2.1/objenesis-2.1.jar:/home/spirals/danglot/.m2/repository/io/protostuff/protostuff-core/1.4.3-SNAPSHOT/protostuff-core-1.4.3-SNAPSHOT.jar:/home/spirals/danglot/.m2/repository/io/protostuff/protostuff-core/1.4.3-SNAPSHOT/protostuff-core-1.4.3-SNAPSHOT-tests.jar:/home/spirals/danglot/.m2/repository/io/protostuff/protostuff-api/1.4.3-SNAPSHOT/protostuff-api-1.4.3-SNAPSHOT.jar:/home/spirals/danglot/.m2/repository/io/protostuff/protostuff-collectionschema/1.4.3-SNAPSHOT/protostuff-collectionschema-1.4.3-SNAPSHOT.jar:target/dspot/dependencies/:dataset/may-2018/protostuff/184_modified/protostuff-runtime//target/classes:dataset/may-2018/protostuff/184_modified/protostuff-runtime//target/test-classes:, -1.8, -preserveAllLocals, -noExit, -enableJavadoc, /tmp/Ex2Amplifier-experiments/target/dspot/tmp_test_sources/io/protostuff/runtime/ExcludeFieldTest.java]
[107886] DEBUG Launcher - built in 45 ms
[107886] DEBUG Launcher - building templates: []
[107886] DEBUG Launcher - built in 0 ms
[107886] DEBUG Launcher - model built in 45
[107886] DEBUG Launcher - compiling sources: [/tmp/Ex2Amplifier-experiments/target/dspot/tmp_test_sources/io/protostuff/runtime/ExcludeFieldTest.java]
[107887] DEBUG Launcher - compile args: [-encoding, UTF-8, -cp, /home/spirals/danglot/.m2/repository/junit/junit/4.11/junit-4.11.jar:/home/spirals/danglot/.m2/repository/org/hamcrest/hamcrest-core/1.3/hamcrest-core-1.3.jar:/home/spirals/danglot/.m2/repository/org/mockito/mockito-core/1.10.8/mockito-core-1.10.8.jar:/home/spirals/danglot/.m2/repository/org/objenesis/objenesis/2.1/objenesis-2.1.jar:/home/spirals/danglot/.m2/repository/io/protostuff/protostuff-core/1.4.3-SNAPSHOT/protostuff-core-1.4.3-SNAPSHOT.jar:/home/spirals/danglot/.m2/repository/io/protostuff/protostuff-core/1.4.3-SNAPSHOT/protostuff-core-1.4.3-SNAPSHOT-tests.jar:/home/spirals/danglot/.m2/repository/io/protostuff/protostuff-api/1.4.3-SNAPSHOT/protostuff-api-1.4.3-SNAPSHOT.jar:/home/spirals/danglot/.m2/repository/io/protostuff/protostuff-collectionschema/1.4.3-SNAPSHOT/protostuff-collectionschema-1.4.3-SNAPSHOT.jar:target/dspot/dependencies/:dataset/may-2018/protostuff/184_modified/protostuff-runtime//target/classes:dataset/may-2018/protostuff/184_modified/protostuff-runtime//target/test-classes:, -d, /tmp/Ex2Amplifier-experiments/dataset/may-2018/protostuff/184/protostuff-runtime/target/test-classes, -1.8, -proc:none, -preserveAllLocals, -noExit, -enableJavadoc, /tmp/Ex2Amplifier-experiments/target/dspot/tmp_test_sources/io/protostuff/runtime/ExcludeFieldTest.java]
[107944] DEBUG Launcher - compiled in 58 ms
[108350] INFO Amplification - iteration 1:
[108350] INFO Amplification - 1 tests selected to be amplified over 1 available tests
[108350] INFO Amplification - Amplification of inputs...

100% |================================================== ]/
[108961] WARN TypeUtils - Error during check isString on io.protostuff.runtime.Field<io.protostuff.runtime.ExcludeFieldTest.MuchExcludedEntity>
[108962] WARN TypeUtils - Error during check isString on io.protostuff.runtime.Field<io.protostuff.runtime.ExcludeFieldTest.MuchExcludedEntity>
[108962] WARN TypeUtils - Error during check isString on io.protostuff.runtime.Field<io.protostuff.runtime.ExcludeFieldTest.MuchExcludedEntity>
[108962] WARN TypeUtils - Error during check isString on io.protostuff.runtime.Field<T>
[109178] INFO Amplification - 95 new tests generated
[109317] INFO AssertGenerator - Run tests. (95)
[109354] DEBUG Launcher - printing io.protostuff.runtime.ExcludeFieldTest to /tmp/Ex2Amplifier-experiments/target/dspot/tmp_test_sources
[110156] INFO AssertGenerator - 93 test pass, generating assertion...
[110187] INFO MethodsAssertGenerator - Add observations points in passing tests.
[110188] INFO MethodsAssertGenerator - Instrumentation...

  1% | ]/
  2% |= ]-
  3% |= ]\
  4% |== ]|
  5% |== ]/
  6% |=== ]-
  7% |=== ]\
  8% |==== ]|
  9% |==== ]/
 10% |===== ]-
 11% |===== ]\
 12% |====== ]|
 13% |====== ]/
 15% |======= ]-
 16% |======== ]\
 17% |======== ]|
 18% |========= ]/
 19% |========= ]-
 20% |========== ]\
 21% |========== ]|
 22% |=========== ]/
 23% |=========== ]-
 24% |============ ]\
 25% |============ ]|
 26% |============= ]/
 27% |============= ]-
 29% |============== ]\
 30% |=============== ]|
 31% |=============== ]/
 32% |================ ]-
 33% |================ ]\
 34% |================= ]|
 35% |================= ]/
 36% |================== ]-
 37% |================== ]\
 38% |=================== ]|
 39% |=================== ]/
 40% |==================== ]-
 41% |==================== ]\
 43% |===================== ]|
 44% |====================== ]/
 45% |====================== ]-
 46% |======================= ]\
 47% |======================= ]|
 48% |======================== ]/
 49% |======================== ]-
 50% |========================= ]\
 51% |========================= ]|
 52% |========================== ]/
 53% |========================== ]-
 54% |=========================== ]\
 55% |=========================== ]|
 56% |============================ ]/
 58% |============================= ]-
 59% |============================= ]\
 60% |============================== ]|
 61% |============================== ]/
 62% |=============================== ]-
 63% |=============================== ]\
 64% |================================ ]|
 65% |================================ ]/
 66% |================================= ]-
 67% |================================= ]\
 68% |================================== ]|
 69% |================================== ]/
 70% |=================================== ]-
 72% |==================================== ]\
 73% |==================================== ]|
 74% |===================================== ]/
 75% |===================================== ]-
 76% |====================================== ]\
 77% |====================================== ]|
 78% |======================================= ]/
 79% |======================================= ]-
 80% |======================================== ]\
 81% |======================================== ]|
 82% |========================================= ]/
 83% |========================================= ]-
 84% |========================================== ]\
 86% |=========================================== ]|
 87% |=========================================== ]/
 88% |============================================ ]-
 89% |============================================ ]\
 90% |============================================= ]|
 91% |============================================= ]/
 92% |============================================== ]-
 93% |============================================== ]\
 94% |=============================================== ]|
 95% |=============================================== ]/
 96% |================================================ ]-
 97% |================================================ ]\
 98% |================================================= ]|
100% |================================================== ]/
[110797] INFO MethodsAssertGenerator - Run instrumented tests. (279)
[111119] DEBUG Launcher - printing io.protostuff.runtime.ExcludeFieldTest to /tmp/Ex2Amplifier-experiments/target/dspot/tmp_test_sources
[111987] WARN TestCompiler - 100 errors during compilation, discarding involved test methods
[113284] ERROR TestCompiler - Pb(2) T cannot be resolved to a type
[113284] ERROR TestCompiler - Pb(2) T cannot be resolved to a type
[113284] ERROR TestCompiler - Pb(2) T cannot be resolved to a type
[113284] ERROR TestCompiler - Pb(2) T cannot be resolved to a type
[113284] ERROR TestCompiler - Pb(2) T cannot be resolved to a type
[113284] ERROR TestCompiler - Pb(2) T cannot be resolved to a type
[113284] ERROR TestCompiler - Pb(2) T cannot be resolved to a type
[113284] ERROR TestCompiler - Pb(2) T cannot be resolved to a type
[113284] ERROR TestCompiler - Pb(2) T cannot be resolved to a type
[113285] ERROR TestCompiler - Pb(2) T cannot be resolved to a type
[113285] ERROR TestCompiler - Pb(2) T cannot be resolved to a type
[113285] ERROR TestCompiler - Pb(2) T cannot be resolved to a type
[113285] ERROR TestCompiler - Pb(2) T cannot be resolved to a type
[113285] ERROR TestCompiler - Pb(2) T cannot be resolved to a type
[113285] ERROR TestCompiler - Pb(2) T cannot be resolved to a type
[113285] ERROR TestCompiler - Pb(2) T cannot be resolved to a type
[113285] ERROR TestCompiler - Pb(2) T cannot be resolved to a type
[113285] ERROR TestCompiler - Pb(2) T cannot be resolved to a type
[113285] ERROR TestCompiler - Pb(2) T cannot be resolved to a type
[113285] ERROR TestCompiler - Pb(2) T cannot be resolved to a type
[114572] WARN TestCompiler - 100 errors during compilation, discarding involved test methods
[115357] ERROR TestCompiler - Pb(2) T cannot be resolved to a type
[115357] ERROR TestCompiler - Pb(2) T cannot be resolved to a type
[115357] ERROR TestCompiler - Pb(2) T cannot be resolved to a type
[115357] ERROR TestCompiler - Pb(2) T cannot be resolved to a type
[115357] ERROR TestCompiler - Pb(2) T cannot be resolved to a type
[115357] ERROR TestCompiler - Pb(2) T cannot be resolved to a type
[115357] ERROR TestCompiler - Pb(2) T cannot be resolved to a type
[115357] ERROR TestCompiler - Pb(2) T cannot be resolved to a type
[115357] ERROR TestCompiler - Pb(2) T cannot be resolved to a type
[115357] ERROR TestCompiler - Pb(2) T cannot be resolved to a type
[115357] ERROR TestCompiler - Pb(2) T cannot be resolved to a type
[115357] ERROR TestCompiler - Pb(2) T cannot be resolved to a type
[115357] ERROR TestCompiler - Pb(2) T cannot be resolved to a type
[115357] ERROR TestCompiler - Pb(2) T cannot be resolved to a type
[115357] ERROR TestCompiler - Pb(2) T cannot be resolved to a type
[115357] ERROR TestCompiler - Pb(2) T cannot be resolved to a type
[115357] ERROR TestCompiler - Pb(2) T cannot be resolved to a type
[115358] ERROR TestCompiler - Pb(2) T cannot be resolved to a type
[115358] ERROR TestCompiler - Pb(2) T cannot be resolved to a type
[115358] ERROR TestCompiler - Pb(2) T cannot be resolved to a type
[116091] WARN TestCompiler - 79 errors during compilation, discarding involved test methods
[116505] ERROR TestCompiler - Pb(2) T cannot be resolved to a type
[116505] ERROR TestCompiler - Pb(2) T cannot be resolved to a type
[116506] ERROR TestCompiler - Pb(2) T cannot be resolved to a type
[116506] ERROR TestCompiler - Pb(2) T cannot be resolved to a type
[116506] ERROR TestCompiler - Pb(2) T cannot be resolved to a type
[116506] ERROR TestCompiler - Pb(2) T cannot be resolved to a type
[116506] ERROR TestCompiler - Pb(2) T cannot be resolved to a type
[116506] ERROR TestCompiler - Pb(2) T cannot be resolved to a type
[116506] ERROR TestCompiler - Pb(2) T cannot be resolved to a type
[116506] ERROR TestCompiler - Pb(2) T cannot be resolved to a type
[116506] ERROR TestCompiler - Pb(2) T cannot be resolved to a type
[116506] ERROR TestCompiler - Pb(2) T cannot be resolved to a type
[116506] ERROR TestCompiler - Pb(2) T cannot be resolved to a type
[116506] ERROR TestCompiler - Pb(2) T cannot be resolved to a type
[116506] ERROR TestCompiler - Pb(2) T cannot be resolved to a type
[116506] ERROR TestCompiler - Pb(2) T cannot be resolved to a type
[116506] ERROR TestCompiler - Pb(2) T cannot be resolved to a type
[116506] ERROR TestCompiler - Pb(2) T cannot be resolved to a type
[116506] ERROR TestCompiler - Pb(2) T cannot be resolved to a type
[116506] ERROR TestCompiler - Pb(2) T cannot be resolved to a type
fr.inria.diversify.dspot.AmplificationException: Every test methods are uncompilable
	at fr.inria.diversify.utils.compilation.TestCompiler.compileAndRun(TestCompiler.java:76)
	at fr.inria.diversify.dspot.assertGenerator.MethodsAssertGenerator.addAssertions(MethodsAssertGenerator.java:99)
	at fr.inria.diversify.dspot.assertGenerator.AssertGenerator.innerAssertionAmplification(AssertGenerator.java:117)
	at fr.inria.diversify.dspot.assertGenerator.AssertGenerator.assertionAmplification(AssertGenerator.java:66)
	at fr.inria.diversify.dspot.Amplification.amplification(Amplification.java:140)
	at fr.inria.diversify.dspot.Amplification.amplification(Amplification.java:103)
	at fr.inria.diversify.dspot.DSpot.amplifyTest(DSpot.java:183)
	at fr.inria.diversify.dspot.DSpot.amplifyTest(DSpot.java:170)
	at eu.stamp_project.Main.lambda$null$1(Main.java:143)
	at java.util.stream.ReferencePipeline$3$1.accept(ReferencePipeline.java:193)
	at java.util.HashMap$KeySpliterator.forEachRemaining(HashMap.java:1548)
	at java.util.stream.AbstractPipeline.copyInto(AbstractPipeline.java:481)
	at java.util.stream.AbstractPipeline.wrapAndCopyInto(AbstractPipeline.java:471)
	at java.util.stream.ReduceOps$ReduceOp.evaluateSequential(ReduceOps.java:708)
	at java.util.stream.AbstractPipeline.evaluate(AbstractPipeline.java:234)
	at java.util.stream.ReferencePipeline.collect(ReferencePipeline.java:499)
	at eu.stamp_project.Main.lambda$run$2(Main.java:144)
	at java.util.stream.ForEachOps$ForEachOp$OfRef.accept(ForEachOps.java:184)
	at java.util.stream.ReferencePipeline$2$1.accept(ReferencePipeline.java:175)
	at java.util.ArrayList$ArrayListSpliterator.forEachRemaining(ArrayList.java:1374)
	at java.util.stream.AbstractPipeline.copyInto(AbstractPipeline.java:481)
	at java.util.stream.AbstractPipeline.wrapAndCopyInto(AbstractPipeline.java:471)
	at java.util.stream.ForEachOps$ForEachOp.evaluateSequential(ForEachOps.java:151)
	at java.util.stream.ForEachOps$ForEachOp$OfRef.evaluateSequential(ForEachOps.java:174)
	at java.util.stream.AbstractPipeline.evaluate(AbstractPipeline.java:234)
	at java.util.stream.ReferencePipeline.forEach(ReferencePipeline.java:418)
	at eu.stamp_project.Main.run(Main.java:117)
	at eu.stamp_project.Main.main(Main.java:88)
[117543] INFO AssertGenerator - 2 test fail, generating try/catch/fail blocks...
[117544] INFO AssertGenerator - Could not generate any test with assertions
[117544] INFO Amplification - iteration 2:
[117544] INFO Amplification - 95 tests selected to be amplified over 95 available tests
[117544] INFO Amplification - Amplification of inputs...

 97% |================================================ ]/
  7% |================================================ ]\
 66% |================================================ ]\
 78% |================================================ ]\
 91% |================================================ ]\
 94% |================================================ ]-
 15% |================================================ ]\
 95% |================================================ ]\
 86% |================================================ ]-
 83% |================================================ ]\
 57% |================================================ ]\
 53% |================================================ ]\
 89% |================================================ ]/
 22% |================================================ ]/
 32% |================================================ ]\
  3% |================================================ ]\[123453] WARN TypeUtils - Error during check isString on io.protostuff.runtime.Field<io.protostuff.runtime.ExcludeFieldTest.MuchExcludedEntity>
[123458] WARN TypeUtils - Error during check isString on io.protostuff.runtime.Field<io.protostuff.runtime.ExcludeFieldTest.MuchExcludedEntity>
[123462] WARN TypeUtils - Error during check isString on io.protostuff.runtime.Field<io.protostuff.runtime.ExcludeFieldTest.MuchExcludedEntity>
[123466] WARN TypeUtils - Error during check isString on io.protostuff.runtime.Field<T>
[123611] WARN TypeUtils - Error during check isString on io.protostuff.runtime.Field<io.protostuff.runtime.ExcludeFieldTest.MuchExcludedEntity>
[123614] WARN TypeUtils - Error during check isString on io.protostuff.runtime.Field<io.protostuff.runtime.ExcludeFieldTest.MuchExcludedEntity>
[123618] WARN TypeUtils - Error during check isString on io.protostuff.runtime.Field<io.protostuff.runtime.ExcludeFieldTest.MuchExcludedEntity>
[123620] WARN TypeUtils - Error during check isString on io.protostuff.runtime.Field<T>
[123627] WARN TypeUtils - Error during check isString on io.protostuff.runtime.Field<io.protostuff.runtime.ExcludeFieldTest.MuchExcludedEntity>
[123629] WARN TypeUtils - Error during check isString on io.protostuff.runtime.Field<io.protostuff.runtime.ExcludeFieldTest.MuchExcludedEntity>
[123632] WARN TypeUtils - Error during check isString on io.protostuff.runtime.Field<io.protostuff.runtime.ExcludeFieldTest.MuchExcludedEntity>
[123639] WARN TypeUtils - Error during check isString on io.protostuff.runtime.Field<io.protostuff.runtime.ExcludeFieldTest.MuchExcludedEntity>
[123643] WARN TypeUtils - Error during check isString on io.protostuff.runtime.Field<io.protostuff.runtime.ExcludeFieldTest.MuchExcludedEntity>
[123643] WARN TypeUtils - Error during check isString on io.protostuff.runtime.Field<T>
[123653] WARN TypeUtils - Error during check isString on io.protostuff.runtime.Field<io.protostuff.runtime.ExcludeFieldTest.MuchExcludedEntity>
[123658] WARN TypeUtils - Error during check isString on io.protostuff.runtime.Field<io.protostuff.runtime.ExcludeFieldTest.MuchExcludedEntity>
[123666] WARN TypeUtils - Error during check isString on io.protostuff.runtime.Field<io.protostuff.runtime.ExcludeFieldTest.MuchExcludedEntity>
[123669] WARN TypeUtils - Error during check isString on io.protostuff.runtime.Field<T>
[123667] WARN TypeUtils - Error during check isString on io.protostuff.runtime.Field<io.protostuff.runtime.ExcludeFieldTest.MuchExcludedEntity>
[123682] WARN TypeUtils - Error during check isString on io.protostuff.runtime.Field<T>
[123791] WARN TypeUtils - Error during check isString on io.protostuff.runtime.Field<io.protostuff.runtime.ExcludeFieldTest.MuchExcludedEntity>
[123795] WARN TypeUtils - Error during check isString on io.protostuff.runtime.Field<io.protostuff.runtime.ExcludeFieldTest.MuchExcludedEntity>
[123799] WARN TypeUtils - Error during check isString on io.protostuff.runtime.Field<io.protostuff.runtime.ExcludeFieldTest.MuchExcludedEntity>
[123802] WARN TypeUtils - Error during check isString on io.protostuff.runtime.Field<T>
[123858] WARN TypeUtils - Error during check isString on io.protostuff.runtime.Field<io.protostuff.runtime.ExcludeFieldTest.MuchExcludedEntity>
[123861] WARN TypeUtils - Error during check isString on io.protostuff.runtime.Field<io.protostuff.runtime.ExcludeFieldTest.MuchExcludedEntity>
[123864] WARN TypeUtils - Error during check isString on io.protostuff.runtime.Field<io.protostuff.runtime.ExcludeFieldTest.MuchExcludedEntity>
[123866] WARN TypeUtils - Error during check isString on io.protostuff.runtime.Field<T>
[123981] WARN TypeUtils - Error during check isString on io.protostuff.runtime.Field<io.protostuff.runtime.ExcludeFieldTest.MuchExcludedEntity>
[124000] WARN TypeUtils - Error during check isString on io.protostuff.runtime.Field<io.protostuff.runtime.ExcludeFieldTest.MuchExcludedEntity>
[124003] WARN TypeUtils - Error during check isString on io.protostuff.runtime.Field<io.protostuff.runtime.ExcludeFieldTest.MuchExcludedEntity>
[124005] WARN TypeUtils - Error during check isString on io.protostuff.runtime.Field<T>
[124239] WARN TypeUtils - Error during check isString on io.protostuff.runtime.Field<io.protostuff.runtime.ExcludeFieldTest.MuchExcludedEntity>
[124241] WARN TypeUtils - Error during check isString on io.protostuff.runtime.Field<io.protostuff.runtime.ExcludeFieldTest.MuchExcludedEntity>
[124242] WARN TypeUtils - Error during check isString on io.protostuff.runtime.Field<io.protostuff.runtime.ExcludeFieldTest.MuchExcludedEntity>
[124243] WARN TypeUtils - Error during check isString on io.protostuff.runtime.Field<T>
[124332] WARN TypeUtils - Error during check isString on io.protostuff.runtime.Field<io.protostuff.runtime.ExcludeFieldTest.MuchExcludedEntity>
[124333] WARN TypeUtils - Error during check isString on io.protostuff.runtime.Field<io.protostuff.runtime.ExcludeFieldTest.MuchExcludedEntity>
[124333] WARN TypeUtils - Error during check isString on io.protostuff.runtime.Field<io.protostuff.runtime.ExcludeFieldTest.MuchExcludedEntity>
[124334] WARN TypeUtils - Error during check isString on io.protostuff.runtime.Field<io.protostuff.runtime.ExcludeFieldTest.MuchExcludedEntity>
[124334] WARN TypeUtils - Error during check isString on io.protostuff.runtime.Field<T>
[124347] WARN TypeUtils - Error during check isString on io.protostuff.runtime.Field<io.protostuff.runtime.ExcludeFieldTest.MuchExcludedEntity>
[124348] WARN TypeUtils - Error during check isString on io.protostuff.runtime.Field<io.protostuff.runtime.ExcludeFieldTest.MuchExcludedEntity>
[124349] WARN TypeUtils - Error during check isString on io.protostuff.runtime.Field<T>
[124362] WARN TypeUtils - Error during check isString on io.protostuff.runtime.Field<io.protostuff.runtime.ExcludeFieldTest.MuchExcludedEntity>
[124364] WARN TypeUtils - Error during check isString on io.protostuff.runtime.Field<io.protostuff.runtime.ExcludeFieldTest.MuchExcludedEntity>
[124365] WARN TypeUtils - Error during check isString on io.protostuff.runtime.Field<io.protostuff.runtime.ExcludeFieldTest.MuchExcludedEntity>
[124365] WARN TypeUtils - Error during check isString on io.protostuff.runtime.Field<T>
[124415] WARN TypeUtils - Error during check isString on io.protostuff.runtime.Field<io.protostuff.runtime.ExcludeFieldTest.MuchExcludedEntity>
[124416] WARN TypeUtils - Error during check isString on io.protostuff.runtime.Field<io.protostuff.runtime.ExcludeFieldTest.MuchExcludedEntity>
[124418] WARN TypeUtils - Error during check isString on io.protostuff.runtime.Field<io.protostuff.runtime.ExcludeFieldTest.MuchExcludedEntity>
[124418] WARN TypeUtils - Error during check isString on io.protostuff.runtime.Field<T>
[124431] WARN TypeUtils - Error during check isString on io.protostuff.runtime.Field<io.protostuff.runtime.ExcludeFieldTest.MuchExcludedEntity>
[124432] WARN TypeUtils - Error during check isString on io.protostuff.runtime.Field<io.protostuff.runtime.ExcludeFieldTest.MuchExcludedEntity>
[124432] WARN TypeUtils - Error during check isString on io.protostuff.runtime.Field<io.protostuff.runtime.ExcludeFieldTest.MuchExcludedEntity>
[124433] WARN TypeUtils - Error during check isString on io.protostuff.runtime.Field<T>
[124469] WARN TypeUtils - Error during check isString on io.protostuff.runtime.Field<io.protostuff.runtime.ExcludeFieldTest.MuchExcludedEntity>
[124470] WARN TypeUtils - Error during check isString on io.protostuff.runtime.Field<io.protostuff.runtime.ExcludeFieldTest.MuchExcludedEntity>
[124470] WARN TypeUtils - Error during check isString on io.protostuff.runtime.Field<io.protostuff.runtime.ExcludeFieldTest.MuchExcludedEntity>
[124471] WARN TypeUtils - Error during check isString on io.protostuff.runtime.Field<T>
[124538] WARN TypeUtils - Error during check isString on io.protostuff.runtime.Field<io.protostuff.runtime.ExcludeFieldTest.MuchExcludedEntity>
[124538] WARN TypeUtils - Error during check isString on io.protostuff.runtime.Field<io.protostuff.runtime.ExcludeFieldTest.MuchExcludedEntity>
[124539] WARN TypeUtils - Error during check isString on io.protostuff.runtime.Field<io.protostuff.runtime.ExcludeFieldTest.MuchExcludedEntity>
[124539] WARN TypeUtils - Error during check isString on io.protostuff.runtime.Field<T>

 33% |================================================ ]|
 81% |================================================ ]/
 93% |================================================ ]/
 87% |================================================ ]\
 55% |================================================ ]/
  8% |================================================ ]|
 24% |================================================ ]\
 90% |================================================ ]-
 96% |================================================ ]|
 17% |================================================ ]/
 58% |================================================ ]|
100% |================================================== ]\

 68% |================================== ]/
 10% |================================== ]-
 84% |========================================== ]|
  5% |========================================== ]/[130345] WARN TypeUtils - Error during check isString on io.protostuff.runtime.Field<io.protostuff.runtime.ExcludeFieldTest.MuchExcludedEntity>
[130353] WARN TypeUtils - Error during check isString on io.protostuff.runtime.Field<io.protostuff.runtime.ExcludeFieldTest.MuchExcludedEntity>
[130360] WARN TypeUtils - Error during check isString on io.protostuff.runtime.Field<io.protostuff.runtime.ExcludeFieldTest.MuchExcludedEntity>
[130366] WARN TypeUtils - Error during check isString on io.protostuff.runtime.Field<T>
[131191] WARN TypeUtils - Error during check isString on io.protostuff.runtime.Field<io.protostuff.runtime.ExcludeFieldTest.MuchExcludedEntity>
[131195] WARN TypeUtils - Error during check isString on io.protostuff.runtime.Field<io.protostuff.runtime.ExcludeFieldTest.MuchExcludedEntity>
[131199] WARN TypeUtils - Error during check isString on io.protostuff.runtime.Field<io.protostuff.runtime.ExcludeFieldTest.MuchExcludedEntity>
[131202] WARN TypeUtils - Error during check isString on io.protostuff.runtime.Field<T>
[131214] WARN TypeUtils - Error during check isString on io.protostuff.runtime.Field<io.protostuff.runtime.ExcludeFieldTest.MuchExcludedEntity>
[131217] WARN TypeUtils - Error during check isString on io.protostuff.runtime.Field<io.protostuff.runtime.ExcludeFieldTest.MuchExcludedEntity>
[131220] WARN TypeUtils - Error during check isString on io.protostuff.runtime.Field<io.protostuff.runtime.ExcludeFieldTest.MuchExcludedEntity>
[131236] WARN TypeUtils - Error during check isString on io.protostuff.runtime.Field<T>
[131343] WARN TypeUtils - Error during check isString on io.protostuff.runtime.Field<io.protostuff.runtime.ExcludeFieldTest.MuchExcludedEntity>
[131345] WARN TypeUtils - Error during check isString on io.protostuff.runtime.Field<io.protostuff.runtime.ExcludeFieldTest.MuchExcludedEntity>
[131346] WARN TypeUtils - Error during check isString on io.protostuff.runtime.Field<io.protostuff.runtime.ExcludeFieldTest.MuchExcludedEntity>
[131347] WARN TypeUtils - Error during check isString on io.protostuff.runtime.Field<T>
[131352] WARN TypeUtils - Error during check isString on io.protostuff.runtime.Field<io.protostuff.runtime.ExcludeFieldTest.MuchExcludedEntity>
[131354] WARN TypeUtils - Error during check isString on io.protostuff.runtime.Field<io.protostuff.runtime.ExcludeFieldTest.MuchExcludedEntity>
[131356] WARN TypeUtils - Error during check isString on io.protostuff.runtime.Field<io.protostuff.runtime.ExcludeFieldTest.MuchExcludedEntity>
[131357] WARN TypeUtils - Error during check isString on io.protostuff.runtime.Field<T>
[131415] WARN TypeUtils - Error during check isString on io.protostuff.runtime.Field<io.protostuff.runtime.ExcludeFieldTest.MuchExcludedEntity>
[131416] WARN TypeUtils - Error during check isString on io.protostuff.runtime.Field<io.protostuff.runtime.ExcludeFieldTest.MuchExcludedEntity>
[131417] WARN TypeUtils - Error during check isString on io.protostuff.runtime.Field<io.protostuff.runtime.ExcludeFieldTest.MuchExcludedEntity>
[131418] WARN TypeUtils - Error during check isString on io.protostuff.runtime.Field<T>
[131554] WARN TypeUtils - Error during check isString on io.protostuff.runtime.Field<io.protostuff.runtime.ExcludeFieldTest.MuchExcludedEntity>
[131556] WARN TypeUtils - Error during check isString on io.protostuff.runtime.Field<io.protostuff.runtime.ExcludeFieldTest.MuchExcludedEntity>
[131557] WARN TypeUtils - Error during check isString on io.protostuff.runtime.Field<io.protostuff.runtime.ExcludeFieldTest.MuchExcludedEntity>
[131558] WARN TypeUtils - Error during check isString on io.protostuff.runtime.Field<T>
[131595] WARN TypeUtils - Error during check isString on io.protostuff.runtime.Field<io.protostuff.runtime.ExcludeFieldTest.MuchExcludedEntity>
[131597] WARN TypeUtils - Error during check isString on io.protostuff.runtime.Field<io.protostuff.runtime.ExcludeFieldTest.MuchExcludedEntity>
[131598] WARN TypeUtils - Error during check isString on io.protostuff.runtime.Field<io.protostuff.runtime.ExcludeFieldTest.MuchExcludedEntity>
[131600] WARN TypeUtils - Error during check isString on io.protostuff.runtime.Field<T>
[131707] WARN TypeUtils - Error during check isString on io.protostuff.runtime.Field<io.protostuff.runtime.ExcludeFieldTest.MuchExcludedEntity>
[131709] WARN TypeUtils - Error during check isString on io.protostuff.runtime.Field<io.protostuff.runtime.ExcludeFieldTest.MuchExcludedEntity>
[131710] WARN TypeUtils - Error during check isString on io.protostuff.runtime.Field<io.protostuff.runtime.ExcludeFieldTest.MuchExcludedEntity>
[131711] WARN TypeUtils - Error during check isString on io.protostuff.runtime.Field<T>

 80% |========================================== ]|[131811] WARN TypeUtils - Error during check isString on io.protostuff.runtime.Field<io.protostuff.runtime.ExcludeFieldTest.MuchExcludedEntity>
[131813] WARN TypeUtils - Error during check isString on io.protostuff.runtime.Field<io.protostuff.runtime.ExcludeFieldTest.MuchExcludedEntity>
[131814] WARN TypeUtils - Error during check isString on io.protostuff.runtime.Field<io.protostuff.runtime.ExcludeFieldTest.MuchExcludedEntity>
[131815] WARN TypeUtils - Error during check isString on io.protostuff.runtime.Field<T>
[132059] WARN TypeUtils - Error during check isString on io.protostuff.runtime.Field<io.protostuff.runtime.ExcludeFieldTest.MuchExcludedEntity>
[132062] WARN TypeUtils - Error during check isString on io.protostuff.runtime.Field<io.protostuff.runtime.ExcludeFieldTest.MuchExcludedEntity>
[132064] WARN TypeUtils - Error during check isString on io.protostuff.runtime.Field<io.protostuff.runtime.ExcludeFieldTest.MuchExcludedEntity>
[132065] WARN TypeUtils - Error during check isString on io.protostuff.runtime.Field<T>
[132080] WARN TypeUtils - Error during check isString on io.protostuff.runtime.Field<io.protostuff.runtime.ExcludeFieldTest.MuchExcludedEntity>
[132081] WARN TypeUtils - Error during check isString on io.protostuff.runtime.Field<io.protostuff.runtime.ExcludeFieldTest.MuchExcludedEntity>
[132082] WARN TypeUtils - Error during check isString on io.protostuff.runtime.Field<io.protostuff.runtime.ExcludeFieldTest.MuchExcludedEntity>
[132082] WARN TypeUtils - Error during check isString on io.protostuff.runtime.Field<T>
[132141] WARN TypeUtils - Error during check isString on io.protostuff.runtime.Field<io.protostuff.runtime.ExcludeFieldTest.MuchExcludedEntity>
[132143] WARN TypeUtils - Error during check isString on io.protostuff.runtime.Field<io.protostuff.runtime.ExcludeFieldTest.MuchExcludedEntity>

 92% |============================================== ]|[132145] WARN TypeUtils - Error during check isString on io.protostuff.runtime.Field<io.protostuff.runtime.ExcludeFieldTest.MuchExcludedEntity>
[132147] WARN TypeUtils - Error during check isString on io.protostuff.runtime.Field<T>

 23% |============================================== ]-
 88% |============================================== ]|[132430] WARN TypeUtils - Error during check isString on io.protostuff.runtime.Field<io.protostuff.runtime.ExcludeFieldTest.MuchExcludedEntity>
[132434] WARN TypeUtils - Error during check isString on io.protostuff.runtime.Field<io.protostuff.runtime.ExcludeFieldTest.MuchExcludedEntity>
[132435] WARN TypeUtils - Error during check isString on io.protostuff.runtime.Field<io.protostuff.runtime.ExcludeFieldTest.MuchExcludedEntity>
[132437] WARN TypeUtils - Error during check isString on io.protostuff.runtime.Field<T>

 11% |============================================== ]\
 85% |============================================== ]/[132572] WARN TypeUtils - Error during check isString on io.protostuff.runtime.Field<io.protostuff.runtime.ExcludeFieldTest.MuchExcludedEntity>
[132573] WARN TypeUtils - Error during check isString on io.protostuff.runtime.Field<io.protostuff.runtime.ExcludeFieldTest.MuchExcludedEntity>
[132575] WARN TypeUtils - Error during check isString on io.protostuff.runtime.Field<io.protostuff.runtime.ExcludeFieldTest.MuchExcludedEntity>
[132576] WARN TypeUtils - Error during check isString on io.protostuff.runtime.Field<T>

 54% |============================================== ]|
 16% |============================================== ]|
 31% |============================================== ]-[132811] WARN TypeUtils - Error during check isString on io.protostuff.runtime.Field<io.protostuff.runtime.ExcludeFieldTest.MuchExcludedEntity>
[132813] WARN TypeUtils - Error during check isString on io.protostuff.runtime.Field<io.protostuff.runtime.ExcludeFieldTest.MuchExcludedEntity>
[132815] WARN TypeUtils - Error during check isString on io.protostuff.runtime.Field<io.protostuff.runtime.ExcludeFieldTest.MuchExcludedEntity>
[132816] WARN TypeUtils - Error during check isString on io.protostuff.runtime.Field<T>

 98% |================================================= ]-
 56% |================================================= ]-
  6% |================================================= ]-
 51% |================================================= ]/
  4% |================================================= ]|
 67% |================================================= ]|
 82% |================================================= ]-[137754] WARN TypeUtils - Error during check isString on io.protostuff.runtime.Field<io.protostuff.runtime.ExcludeFieldTest.MuchExcludedEntity>
[137758] WARN TypeUtils - Error during check isString on io.protostuff.runtime.Field<io.protostuff.runtime.ExcludeFieldTest.MuchExcludedEntity>
[137762] WARN TypeUtils - Error during check isString on io.protostuff.runtime.Field<io.protostuff.runtime.ExcludeFieldTest.MuchExcludedEntity>
[137765] WARN TypeUtils - Error during check isString on io.protostuff.runtime.Field<T>
[138101] WARN TypeUtils - Error during check isString on io.protostuff.runtime.Field<io.protostuff.runtime.ExcludeFieldTest.MuchExcludedEntity>
[138107] WARN TypeUtils - Error during check isString on io.protostuff.runtime.Field<io.protostuff.runtime.ExcludeFieldTest.MuchExcludedEntity>
[138113] WARN TypeUtils - Error during check isString on io.protostuff.runtime.Field<io.protostuff.runtime.ExcludeFieldTest.MuchExcludedEntity>
[138118] WARN TypeUtils - Error during check isString on io.protostuff.runtime.Field<T>
[138155] WARN TypeUtils - Error during check isString on io.protostuff.runtime.Field<io.protostuff.runtime.ExcludeFieldTest.MuchExcludedEntity>
[138160] WARN TypeUtils - Error during check isString on io.protostuff.runtime.Field<io.protostuff.runtime.ExcludeFieldTest.MuchExcludedEntity>
[138164] WARN TypeUtils - Error during check isString on io.protostuff.runtime.Field<io.protostuff.runtime.ExcludeFieldTest.MuchExcludedEntity>
[138166] WARN TypeUtils - Error during check isString on io.protostuff.runtime.Field<T>
[138594] WARN TypeUtils - Error during check isString on io.protostuff.runtime.Field<io.protostuff.runtime.ExcludeFieldTest.MuchExcludedEntity>
[138597] WARN TypeUtils - Error during check isString on io.protostuff.runtime.Field<io.protostuff.runtime.ExcludeFieldTest.MuchExcludedEntity>
[138600] WARN TypeUtils - Error during check isString on io.protostuff.runtime.Field<io.protostuff.runtime.ExcludeFieldTest.MuchExcludedEntity>
[138603] WARN TypeUtils - Error during check isString on io.protostuff.runtime.Field<T>
[138671] WARN TypeUtils - Error during check isString on io.protostuff.runtime.Field<io.protostuff.runtime.ExcludeFieldTest.MuchExcludedEntity>
[138674] WARN TypeUtils - Error during check isString on io.protostuff.runtime.Field<io.protostuff.runtime.ExcludeFieldTest.MuchExcludedEntity>
[138676] WARN TypeUtils - Error during check isString on io.protostuff.runtime.Field<io.protostuff.runtime.ExcludeFieldTest.MuchExcludedEntity>
[138678] WARN TypeUtils - Error during check isString on io.protostuff.runtime.Field<T>
[138791] WARN TypeUtils - Error during check isString on io.protostuff.runtime.Field<io.protostuff.runtime.ExcludeFieldTest.MuchExcludedEntity>
[138793] WARN TypeUtils - Error during check isString on io.protostuff.runtime.Field<io.protostuff.runtime.ExcludeFieldTest.MuchExcludedEntity>
[138795] WARN TypeUtils - Error during check isString on io.protostuff.runtime.Field<io.protostuff.runtime.ExcludeFieldTest.MuchExcludedEntity>
[138796] WARN TypeUtils - Error during check isString on io.protostuff.runtime.Field<T>
[138807] WARN TypeUtils - Error during check isString on io.protostuff.runtime.Field<io.protostuff.runtime.ExcludeFieldTest.MuchExcludedEntity>
[138809] WARN TypeUtils - Error during check isString on io.protostuff.runtime.Field<io.protostuff.runtime.ExcludeFieldTest.MuchExcludedEntity>
[138810] WARN TypeUtils - Error during check isString on io.protostuff.runtime.Field<io.protostuff.runtime.ExcludeFieldTest.MuchExcludedEntity>
[138811] WARN TypeUtils - Error during check isString on io.protostuff.runtime.Field<T>
[138929] WARN TypeUtils - Error during check isString on io.protostuff.runtime.Field<io.protostuff.runtime.ExcludeFieldTest.MuchExcludedEntity>
[138935] WARN TypeUtils - Error during check isString on io.protostuff.runtime.Field<io.protostuff.runtime.ExcludeFieldTest.MuchExcludedEntity>
[138940] WARN TypeUtils - Error during check isString on io.protostuff.runtime.Field<io.protostuff.runtime.ExcludeFieldTest.MuchExcludedEntity>
[138943] WARN TypeUtils - Error during check isString on io.protostuff.runtime.Field<T>
[139090] WARN TypeUtils - Error during check isString on io.protostuff.runtime.Field<io.protostuff.runtime.ExcludeFieldTest.MuchExcludedEntity>
[139091] WARN TypeUtils - Error during check isString on io.protostuff.runtime.Field<io.protostuff.runtime.ExcludeFieldTest.MuchExcludedEntity>
[139091] WARN TypeUtils - Error during check isString on io.protostuff.runtime.Field<io.protostuff.runtime.ExcludeFieldTest.MuchExcludedEntity>
[139092] WARN TypeUtils - Error during check isString on io.protostuff.runtime.Field<T>

 20% |================================================= ]\[139239] WARN TypeUtils - Error during check isString on io.protostuff.runtime.Field<io.protostuff.runtime.ExcludeFieldTest.MuchExcludedEntity>
[139243] WARN TypeUtils - Error during check isString on io.protostuff.runtime.Field<io.protostuff.runtime.ExcludeFieldTest.MuchExcludedEntity>
[139245] WARN TypeUtils - Error during check isString on io.protostuff.runtime.Field<io.protostuff.runtime.ExcludeFieldTest.MuchExcludedEntity>
[139247] WARN TypeUtils - Error during check isString on io.protostuff.runtime.Field<T>

 45% |================================================= ]\
 18% |================================================= ]-[139598] WARN TypeUtils - Error during check isString on io.protostuff.runtime.Field<io.protostuff.runtime.ExcludeFieldTest.MuchExcludedEntity>
[139600] WARN TypeUtils - Error during check isString on io.protostuff.runtime.Field<io.protostuff.runtime.ExcludeFieldTest.MuchExcludedEntity>
[139602] WARN TypeUtils - Error during check isString on io.protostuff.runtime.Field<io.protostuff.runtime.ExcludeFieldTest.MuchExcludedEntity>
[139603] WARN TypeUtils - Error during check isString on io.protostuff.runtime.Field<T>

 13% |================================================= ]/
 61% |================================================= ]-
 21% |================================================= ]|
 76% |================================================= ]/
 60% |================================================= ]/[140414] WARN TypeUtils - Error during check isString on io.protostuff.runtime.Field<io.protostuff.runtime.ExcludeFieldTest.MuchExcludedEntity>
[140418] WARN TypeUtils - Error during check isString on io.protostuff.runtime.Field<io.protostuff.runtime.ExcludeFieldTest.MuchExcludedEntity>
[140422] WARN TypeUtils - Error during check isString on io.protostuff.runtime.Field<io.protostuff.runtime.ExcludeFieldTest.MuchExcludedEntity>
[140425] WARN TypeUtils - Error during check isString on io.protostuff.runtime.Field<T>
[140547] WARN TypeUtils - Error during check isString on io.protostuff.runtime.Field<io.protostuff.runtime.ExcludeFieldTest.MuchExcludedEntity>
[140551] WARN TypeUtils - Error during check isString on io.protostuff.runtime.Field<io.protostuff.runtime.ExcludeFieldTest.MuchExcludedEntity>
[140553] WARN TypeUtils - Error during check isString on io.protostuff.runtime.Field<io.protostuff.runtime.ExcludeFieldTest.MuchExcludedEntity>
[140555] WARN TypeUtils - Error during check isString on io.protostuff.runtime.Field<T>

 62% |================================================= ]\[140889] WARN TypeUtils - Error during check isString on io.protostuff.runtime.Field<io.protostuff.runtime.ExcludeFieldTest.MuchExcludedEntity>
[140891] WARN TypeUtils - Error during check isString on io.protostuff.runtime.Field<io.protostuff.runtime.ExcludeFieldTest.MuchExcludedEntity>
[140892] WARN TypeUtils - Error during check isString on io.protostuff.runtime.Field<io.protostuff.runtime.ExcludeFieldTest.MuchExcludedEntity>
[140893] WARN TypeUtils - Error during check isString on io.protostuff.runtime.Field<T>

 35% |================================================= ]-[140956] WARN TypeUtils - Error during check isString on io.protostuff.runtime.Field<io.protostuff.runtime.ExcludeFieldTest.MuchExcludedEntity>
[140958] WARN TypeUtils - Error during check isString on io.protostuff.runtime.Field<io.protostuff.runtime.ExcludeFieldTest.MuchExcludedEntity>
[140959] WARN TypeUtils - Error during check isString on io.protostuff.runtime.Field<io.protostuff.runtime.ExcludeFieldTest.MuchExcludedEntity>
[140961] WARN TypeUtils - Error during check isString on io.protostuff.runtime.Field<T>
[141410] WARN TypeUtils - Error during check isString on io.protostuff.runtime.Field<io.protostuff.runtime.ExcludeFieldTest.MuchExcludedEntity>
[141412] WARN TypeUtils - Error during check isString on io.protostuff.runtime.Field<io.protostuff.runtime.ExcludeFieldTest.MuchExcludedEntity>
[141414] WARN TypeUtils - Error during check isString on io.protostuff.runtime.Field<io.protostuff.runtime.ExcludeFieldTest.MuchExcludedEntity>
[141415] WARN TypeUtils - Error during check isString on io.protostuff.runtime.Field<T>

 64% |================================================= ]/
  9% |================================================= ]/
  2% |================================================= ]-
 41% |================================================= ]\
 50% |================================================= ]|
 52% |================================================= ]-[144250] WARN TypeUtils - Error during check isString on io.protostuff.runtime.Field<io.protostuff.runtime.ExcludeFieldTest.MuchExcludedEntity>
[144254] WARN TypeUtils - Error during check isString on io.protostuff.runtime.Field<io.protostuff.runtime.ExcludeFieldTest.MuchExcludedEntity>
[144257] WARN TypeUtils - Error during check isString on io.protostuff.runtime.Field<io.protostuff.runtime.ExcludeFieldTest.MuchExcludedEntity>
[144260] WARN TypeUtils - Error during check isString on io.protostuff.runtime.Field<T>
[144411] WARN TypeUtils - Error during check isString on io.protostuff.runtime.Field<io.protostuff.runtime.ExcludeFieldTest.MuchExcludedEntity>
[144415] WARN TypeUtils - Error during check isString on io.protostuff.runtime.Field<io.protostuff.runtime.ExcludeFieldTest.MuchExcludedEntity>
[144420] WARN TypeUtils - Error during check isString on io.protostuff.runtime.Field<io.protostuff.runtime.ExcludeFieldTest.MuchExcludedEntity>
[144423] WARN TypeUtils - Error during check isString on io.protostuff.runtime.Field<T>

 28% |================================================= ]\[145746] WARN TypeUtils - Error during check isString on io.protostuff.runtime.Field<io.protostuff.runtime.ExcludeFieldTest.MuchExcludedEntity>
[145750] WARN TypeUtils - Error during check isString on io.protostuff.runtime.Field<io.protostuff.runtime.ExcludeFieldTest.MuchExcludedEntity>
[145754] WARN TypeUtils - Error during check isString on io.protostuff.runtime.Field<io.protostuff.runtime.ExcludeFieldTest.MuchExcludedEntity>
[145757] WARN TypeUtils - Error during check isString on io.protostuff.runtime.Field<T>
[145846] WARN TypeUtils - Error during check isString on io.protostuff.runtime.Field<io.protostuff.runtime.ExcludeFieldTest.MuchExcludedEntity>
[145849] WARN TypeUtils - Error during check isString on io.protostuff.runtime.Field<io.protostuff.runtime.ExcludeFieldTest.MuchExcludedEntity>
[145853] WARN TypeUtils - Error during check isString on io.protostuff.runtime.Field<io.protostuff.runtime.ExcludeFieldTest.MuchExcludedEntity>
[145855] WARN TypeUtils - Error during check isString on io.protostuff.runtime.Field<T>
[145945] WARN TypeUtils - Error during check isString on io.protostuff.runtime.Field<io.protostuff.runtime.ExcludeFieldTest.MuchExcludedEntity>
[145948] WARN TypeUtils - Error during check isString on io.protostuff.runtime.Field<io.protostuff.runtime.ExcludeFieldTest.MuchExcludedEntity>
[145952] WARN TypeUtils - Error during check isString on io.protostuff.runtime.Field<io.protostuff.runtime.ExcludeFieldTest.MuchExcludedEntity>
[145954] WARN TypeUtils - Error during check isString on io.protostuff.runtime.Field<T>

 46% |================================================= ]|[146157] WARN TypeUtils - Error during check isString on io.protostuff.runtime.Field<io.protostuff.runtime.ExcludeFieldTest.MuchExcludedEntity>
[146160] WARN TypeUtils - Error during check isString on io.protostuff.runtime.Field<io.protostuff.runtime.ExcludeFieldTest.MuchExcludedEntity>
[146164] WARN TypeUtils - Error during check isString on io.protostuff.runtime.Field<io.protostuff.runtime.ExcludeFieldTest.MuchExcludedEntity>
[146166] WARN TypeUtils - Error during check isString on io.protostuff.runtime.Field<T>
[146212] WARN TypeUtils - Error during check isString on io.protostuff.runtime.Field<io.protostuff.runtime.ExcludeFieldTest.MuchExcludedEntity>
[146214] WARN TypeUtils - Error during check isString on io.protostuff.runtime.Field<io.protostuff.runtime.ExcludeFieldTest.MuchExcludedEntity>
[146216] WARN TypeUtils - Error during check isString on io.protostuff.runtime.Field<io.protostuff.runtime.ExcludeFieldTest.MuchExcludedEntity>
[146217] WARN TypeUtils - Error during check isString on io.protostuff.runtime.Field<T>
[146358] WARN TypeUtils - Error during check isString on io.protostuff.runtime.Field<io.protostuff.runtime.ExcludeFieldTest.MuchExcludedEntity>
[146362] WARN TypeUtils - Error during check isString on io.protostuff.runtime.Field<io.protostuff.runtime.ExcludeFieldTest.MuchExcludedEntity>
[146367] WARN TypeUtils - Error during check isString on io.protostuff.runtime.Field<io.protostuff.runtime.ExcludeFieldTest.MuchExcludedEntity>
[146371] WARN TypeUtils - Error during check isString on io.protostuff.runtime.Field<T>
[146542] WARN TypeUtils - Error during check isString on io.protostuff.runtime.Field<io.protostuff.runtime.ExcludeFieldTest.MuchExcludedEntity>
[146544] WARN TypeUtils - Error during check isString on io.protostuff.runtime.Field<io.protostuff.runtime.ExcludeFieldTest.MuchExcludedEntity>
[146546] WARN TypeUtils - Error during check isString on io.protostuff.runtime.Field<io.protostuff.runtime.ExcludeFieldTest.MuchExcludedEntity>
[146548] WARN TypeUtils - Error during check isString on io.protostuff.runtime.Field<T>
[146905] WARN TypeUtils - Error during check isString on io.protostuff.runtime.Field<io.protostuff.runtime.ExcludeFieldTest.MuchExcludedEntity>
[146908] WARN TypeUtils - Error during check isString on io.protostuff.runtime.Field<io.protostuff.runtime.ExcludeFieldTest.MuchExcludedEntity>
[146913] WARN TypeUtils - Error during check isString on io.protostuff.runtime.Field<io.protostuff.runtime.ExcludeFieldTest.MuchExcludedEntity>
[146920] WARN TypeUtils - Error during check isString on io.protostuff.runtime.Field<T>

 77% |================================================= ]-
 26% |================================================= ]/
 30% |================================================= ]/
 14% |================================================= ]-[147932] WARN TypeUtils - Error during check isString on io.protostuff.runtime.Field<io.protostuff.runtime.ExcludeFieldTest.MuchExcludedEntity>
[147934] WARN TypeUtils - Error during check isString on io.protostuff.runtime.Field<io.protostuff.runtime.ExcludeFieldTest.MuchExcludedEntity>
[147935] WARN TypeUtils - Error during check isString on io.protostuff.runtime.Field<io.protostuff.runtime.ExcludeFieldTest.MuchExcludedEntity>
[147937] WARN TypeUtils - Error during check isString on io.protostuff.runtime.Field<T>
[147937] WARN TypeUtils - Error during check isString on io.protostuff.runtime.Field<T>

 48% |================================================= ]-[148043] WARN TypeUtils - Error during check isString on io.protostuff.runtime.Field<io.protostuff.runtime.ExcludeFieldTest.MuchExcludedEntity>
[148046] WARN TypeUtils - Error during check isString on io.protostuff.runtime.Field<io.protostuff.runtime.ExcludeFieldTest.MuchExcludedEntity>
[148048] WARN TypeUtils - Error during check isString on io.protostuff.runtime.Field<io.protostuff.runtime.ExcludeFieldTest.MuchExcludedEntity>
[148050] WARN TypeUtils - Error during check isString on io.protostuff.runtime.Field<T>
[148054] WARN TypeUtils - Error during check isString on io.protostuff.runtime.Field<io.protostuff.runtime.ExcludeFieldTest.MuchExcludedEntity>
[148056] WARN TypeUtils - Error during check isString on io.protostuff.runtime.Field<io.protostuff.runtime.ExcludeFieldTest.MuchExcludedEntity>
[148058] WARN TypeUtils - Error during check isString on io.protostuff.runtime.Field<io.protostuff.runtime.ExcludeFieldTest.MuchExcludedEntity>
[148059] WARN TypeUtils - Error during check isString on io.protostuff.runtime.Field<T>
[148070] WARN TypeUtils - Error during check isString on io.protostuff.runtime.Field<io.protostuff.runtime.ExcludeFieldTest.MuchExcludedEntity>
[148073] WARN TypeUtils - Error during check isString on io.protostuff.runtime.Field<io.protostuff.runtime.ExcludeFieldTest.MuchExcludedEntity>
[148076] WARN TypeUtils - Error during check isString on io.protostuff.runtime.Field<io.protostuff.runtime.ExcludeFieldTest.MuchExcludedEntity>
[148078] WARN TypeUtils - Error during check isString on io.protostuff.runtime.Field<T>

 34% |================================================= ]/
  1% |================================================= ]/
 36% |================================================= ]\[149081] WARN TypeUtils - Error during check isString on io.protostuff.runtime.Field<io.protostuff.runtime.ExcludeFieldTest.MuchExcludedEntity>
[149084] WARN TypeUtils - Error during check isString on io.protostuff.runtime.Field<io.protostuff.runtime.ExcludeFieldTest.MuchExcludedEntity>
[149087] WARN TypeUtils - Error during check isString on io.protostuff.runtime.Field<io.protostuff.runtime.ExcludeFieldTest.MuchExcludedEntity>
[149089] WARN TypeUtils - Error during check isString on io.protostuff.runtime.Field<T>
[149212] WARN TypeUtils - Error during check isString on io.protostuff.runtime.Field<io.protostuff.runtime.ExcludeFieldTest.MuchExcludedEntity>
[149215] WARN TypeUtils - Error during check isString on io.protostuff.runtime.Field<io.protostuff.runtime.ExcludeFieldTest.MuchExcludedEntity>
[149217] WARN TypeUtils - Error during check isString on io.protostuff.runtime.Field<io.protostuff.runtime.ExcludeFieldTest.MuchExcludedEntity>
[149219] WARN TypeUtils - Error during check isString on io.protostuff.runtime.Field<T>

 25% |================================================= ]|
 65% |================================================= ]-
 47% |================================================= ]/
 38% |================================================= ]/
 29% |================================================= ]|
 43% |================================================= ]/[152541] WARN TypeUtils - Error during check isString on io.protostuff.runtime.Field<io.protostuff.runtime.ExcludeFieldTest.MuchExcludedEntity>
[152545] WARN TypeUtils - Error during check isString on io.protostuff.runtime.Field<io.protostuff.runtime.ExcludeFieldTest.MuchExcludedEntity>
[152549] WARN TypeUtils - Error during check isString on io.protostuff.runtime.Field<io.protostuff.runtime.ExcludeFieldTest.MuchExcludedEntity>
[152552] WARN TypeUtils - Error during check isString on io.protostuff.runtime.Field<T>
[152623] WARN TypeUtils - Error during check isString on io.protostuff.runtime.Field<io.protostuff.runtime.ExcludeFieldTest.MuchExcludedEntity>
[152627] WARN TypeUtils - Error during check isString on io.protostuff.runtime.Field<io.protostuff.runtime.ExcludeFieldTest.MuchExcludedEntity>
[152631] WARN TypeUtils - Error during check isString on io.protostuff.runtime.Field<io.protostuff.runtime.ExcludeFieldTest.MuchExcludedEntity>
[152633] WARN TypeUtils - Error during check isString on io.protostuff.runtime.Field<T>
[152685] WARN TypeUtils - Error during check isString on io.protostuff.runtime.Field<io.protostuff.runtime.ExcludeFieldTest.MuchExcludedEntity>
[152688] WARN TypeUtils - Error during check isString on io.protostuff.runtime.Field<io.protostuff.runtime.ExcludeFieldTest.MuchExcludedEntity>
[152691] WARN TypeUtils - Error during check isString on io.protostuff.runtime.Field<io.protostuff.runtime.ExcludeFieldTest.MuchExcludedEntity>
[152694] WARN TypeUtils - Error during check isString on io.protostuff.runtime.Field<T>
[152892] WARN TypeUtils - Error during check isString on io.protostuff.runtime.Field<io.protostuff.runtime.ExcludeFieldTest.MuchExcludedEntity>
[152894] WARN TypeUtils - Error during check isString on io.protostuff.runtime.Field<io.protostuff.runtime.ExcludeFieldTest.MuchExcludedEntity>
[152895] WARN TypeUtils - Error during check isString on io.protostuff.runtime.Field<io.protostuff.runtime.ExcludeFieldTest.MuchExcludedEntity>
[152897] WARN TypeUtils - Error during check isString on io.protostuff.runtime.Field<T>
[152902] WARN TypeUtils - Error during check isString on io.protostuff.runtime.Field<io.protostuff.runtime.ExcludeFieldTest.MuchExcludedEntity>
[152905] WARN TypeUtils - Error during check isString on io.protostuff.runtime.Field<io.protostuff.runtime.ExcludeFieldTest.MuchExcludedEntity>
[152908] WARN TypeUtils - Error during check isString on io.protostuff.runtime.Field<io.protostuff.runtime.ExcludeFieldTest.MuchExcludedEntity>
[152910] WARN TypeUtils - Error during check isString on io.protostuff.runtime.Field<T>
[153614] WARN TypeUtils - Error during check isString on io.protostuff.runtime.Field<io.protostuff.runtime.ExcludeFieldTest.MuchExcludedEntity>
[153617] WARN TypeUtils - Error during check isString on io.protostuff.runtime.Field<io.protostuff.runtime.ExcludeFieldTest.MuchExcludedEntity>
[153619] WARN TypeUtils - Error during check isString on io.protostuff.runtime.Field<io.protostuff.runtime.ExcludeFieldTest.MuchExcludedEntity>
[153621] WARN TypeUtils - Error during check isString on io.protostuff.runtime.Field<T>
[153668] WARN TypeUtils - Error during check isString on io.protostuff.runtime.Field<io.protostuff.runtime.ExcludeFieldTest.MuchExcludedEntity>
[153673] WARN TypeUtils - Error during check isString on io.protostuff.runtime.Field<io.protostuff.runtime.ExcludeFieldTest.MuchExcludedEntity>
[153676] WARN TypeUtils - Error during check isString on io.protostuff.runtime.Field<io.protostuff.runtime.ExcludeFieldTest.MuchExcludedEntity>
[153678] WARN TypeUtils - Error during check isString on io.protostuff.runtime.Field<T>

 27% |================================================= ]-
 75% |================================================= ]|
 44% |================================================= ]-[154563] WARN TypeUtils - Error during check isString on io.protostuff.runtime.Field<io.protostuff.runtime.ExcludeFieldTest.MuchExcludedEntity>
[154565] WARN TypeUtils - Error during check isString on io.protostuff.runtime.Field<io.protostuff.runtime.ExcludeFieldTest.MuchExcludedEntity>
[154567] WARN TypeUtils - Error during check isString on io.protostuff.runtime.Field<io.protostuff.runtime.ExcludeFieldTest.MuchExcludedEntity>
[154568] WARN TypeUtils - Error during check isString on io.protostuff.runtime.Field<T>
[154607] WARN TypeUtils - Error during check isString on io.protostuff.runtime.Field<io.protostuff.runtime.ExcludeFieldTest.MuchExcludedEntity>
[154610] WARN TypeUtils - Error during check isString on io.protostuff.runtime.Field<io.protostuff.runtime.ExcludeFieldTest.MuchExcludedEntity>
[154613] WARN TypeUtils - Error during check isString on io.protostuff.runtime.Field<io.protostuff.runtime.ExcludeFieldTest.MuchExcludedEntity>
[154616] WARN TypeUtils - Error during check isString on io.protostuff.runtime.Field<T>

 42% |================================================= ]|[154895] WARN TypeUtils - Error during check isString on io.protostuff.runtime.Field<io.protostuff.runtime.ExcludeFieldTest.MuchExcludedEntity>
[154897] WARN TypeUtils - Error during check isString on io.protostuff.runtime.Field<io.protostuff.runtime.ExcludeFieldTest.MuchExcludedEntity>
[154898] WARN TypeUtils - Error during check isString on io.protostuff.runtime.Field<io.protostuff.runtime.ExcludeFieldTest.MuchExcludedEntity>
[154899] WARN TypeUtils - Error during check isString on io.protostuff.runtime.Field<T>
[154900] WARN TypeUtils - Error during check isString on io.protostuff.runtime.Field<T>

 12% |================================================= ]|[155204] WARN TypeUtils - Error during check isString on io.protostuff.runtime.Field<io.protostuff.runtime.ExcludeFieldTest.MuchExcludedEntity>
[155207] WARN TypeUtils - Error during check isString on io.protostuff.runtime.Field<io.protostuff.runtime.ExcludeFieldTest.MuchExcludedEntity>
[155210] WARN TypeUtils - Error during check isString on io.protostuff.runtime.Field<io.protostuff.runtime.ExcludeFieldTest.MuchExcludedEntity>
[155211] WARN TypeUtils - Error during check isString on io.protostuff.runtime.Field<T>

 49% |================================================= ]\
 37% |================================================= ]|[155461] WARN TypeUtils - Error during check isString on io.protostuff.runtime.Field<io.protostuff.runtime.ExcludeFieldTest.MuchExcludedEntity>
[155463] WARN TypeUtils - Error during check isString on io.protostuff.runtime.Field<io.protostuff.runtime.ExcludeFieldTest.MuchExcludedEntity>
[155465] WARN TypeUtils - Error during check isString on io.protostuff.runtime.Field<io.protostuff.runtime.ExcludeFieldTest.MuchExcludedEntity>
[155466] WARN TypeUtils - Error during check isString on io.protostuff.runtime.Field<T>

 72% |================================================= ]/[155898] WARN TypeUtils - Error during check isString on io.protostuff.runtime.Field<io.protostuff.runtime.ExcludeFieldTest.MuchExcludedEntity>
[155901] WARN TypeUtils - Error during check isString on io.protostuff.runtime.Field<io.protostuff.runtime.ExcludeFieldTest.MuchExcludedEntity>
[155903] WARN TypeUtils - Error during check isString on io.protostuff.runtime.Field<io.protostuff.runtime.ExcludeFieldTest.MuchExcludedEntity>
[155904] WARN TypeUtils - Error during check isString on io.protostuff.runtime.Field<T>
[156079] WARN TypeUtils - Error during check isString on io.protostuff.runtime.Field<io.protostuff.runtime.ExcludeFieldTest.MuchExcludedEntity>
[156082] WARN TypeUtils - Error during check isString on io.protostuff.runtime.Field<io.protostuff.runtime.ExcludeFieldTest.MuchExcludedEntity>
[156086] WARN TypeUtils - Error during check isString on io.protostuff.runtime.Field<io.protostuff.runtime.ExcludeFieldTest.MuchExcludedEntity>
[156088] WARN TypeUtils - Error during check isString on io.protostuff.runtime.Field<T>

 70% |================================================= ]\
 40% |================================================= ]-
 74% |================================================= ]\
 73% |================================================= ]-[157020] WARN TypeUtils - Error during check isString on io.protostuff.runtime.Field<io.protostuff.runtime.ExcludeFieldTest.MuchExcludedEntity>
[157024] WARN TypeUtils - Error during check isString on io.protostuff.runtime.Field<io.protostuff.runtime.ExcludeFieldTest.MuchExcludedEntity>
[157027] WARN TypeUtils - Error during check isString on io.protostuff.runtime.Field<io.protostuff.runtime.ExcludeFieldTest.MuchExcludedEntity>
[157029] WARN TypeUtils - Error during check isString on io.protostuff.runtime.Field<T>

 69% |================================================= ]-[157390] WARN TypeUtils - Error during check isString on io.protostuff.runtime.Field<io.protostuff.runtime.ExcludeFieldTest.MuchExcludedEntity>
[157393] WARN TypeUtils - Error during check isString on io.protostuff.runtime.Field<io.protostuff.runtime.ExcludeFieldTest.MuchExcludedEntity>
[157394] WARN TypeUtils - Error during check isString on io.protostuff.runtime.Field<io.protostuff.runtime.ExcludeFieldTest.MuchExcludedEntity>
[157396] WARN TypeUtils - Error during check isString on io.protostuff.runtime.Field<T>

 63% |================================================= ]|
 71% |================================================= ]|[159736] WARN TypeUtils - Error during check isString on io.protostuff.runtime.Field<io.protostuff.runtime.ExcludeFieldTest.MuchExcludedEntity>
[159740] WARN TypeUtils - Error during check isString on io.protostuff.runtime.Field<io.protostuff.runtime.ExcludeFieldTest.MuchExcludedEntity>
[159744] WARN TypeUtils - Error during check isString on io.protostuff.runtime.Field<io.protostuff.runtime.ExcludeFieldTest.MuchExcludedEntity>
[159747] WARN TypeUtils - Error during check isString on io.protostuff.runtime.Field<T>
[160081] WARN TypeUtils - Error during check isString on io.protostuff.runtime.Field<io.protostuff.runtime.ExcludeFieldTest.MuchExcludedEntity>
[160082] WARN TypeUtils - Error during check isString on io.protostuff.runtime.Field<io.protostuff.runtime.ExcludeFieldTest.MuchExcludedEntity>
[160083] WARN TypeUtils - Error during check isString on io.protostuff.runtime.Field<io.protostuff.runtime.ExcludeFieldTest.MuchExcludedEntity>
[160084] WARN TypeUtils - Error during check isString on io.protostuff.runtime.Field<T>
[160619] WARN TypeUtils - Error during check isString on io.protostuff.runtime.Field<io.protostuff.runtime.ExcludeFieldTest.MuchExcludedEntity>
[160622] WARN TypeUtils - Error during check isString on io.protostuff.runtime.Field<io.protostuff.runtime.ExcludeFieldTest.MuchExcludedEntity>
[160625] WARN TypeUtils - Error during check isString on io.protostuff.runtime.Field<io.protostuff.runtime.ExcludeFieldTest.MuchExcludedEntity>
[160627] WARN TypeUtils - Error during check isString on io.protostuff.runtime.Field<T>
[160760] WARN TypeUtils - Error during check isString on io.protostuff.runtime.Field<io.protostuff.runtime.ExcludeFieldTest.MuchExcludedEntity>
[160764] WARN TypeUtils - Error during check isString on io.protostuff.runtime.Field<io.protostuff.runtime.ExcludeFieldTest.MuchExcludedEntity>
[160768] WARN TypeUtils - Error during check isString on io.protostuff.runtime.Field<io.protostuff.runtime.ExcludeFieldTest.MuchExcludedEntity>
[160770] WARN TypeUtils - Error during check isString on io.protostuff.runtime.Field<T>
[160920] WARN TypeUtils - Error during check isString on io.protostuff.runtime.Field<io.protostuff.runtime.ExcludeFieldTest.MuchExcludedEntity>
[160925] WARN TypeUtils - Error during check isString on io.protostuff.runtime.Field<io.protostuff.runtime.ExcludeFieldTest.MuchExcludedEntity>
[160930] WARN TypeUtils - Error during check isString on io.protostuff.runtime.Field<io.protostuff.runtime.ExcludeFieldTest.MuchExcludedEntity>
[160934] WARN TypeUtils - Error during check isString on io.protostuff.runtime.Field<T>
[161184] WARN TypeUtils - Error during check isString on io.protostuff.runtime.Field<io.protostuff.runtime.ExcludeFieldTest.MuchExcludedEntity>
[161187] WARN TypeUtils - Error during check isString on io.protostuff.runtime.Field<io.protostuff.runtime.ExcludeFieldTest.MuchExcludedEntity>
[161189] WARN TypeUtils - Error during check isString on io.protostuff.runtime.Field<io.protostuff.runtime.ExcludeFieldTest.MuchExcludedEntity>
[161190] WARN TypeUtils - Error during check isString on io.protostuff.runtime.Field<T>
[161266] WARN TypeUtils - Error during check isString on io.protostuff.runtime.Field<io.protostuff.runtime.ExcludeFieldTest.MuchExcludedEntity>
[161268] WARN TypeUtils - Error during check isString on io.protostuff.runtime.Field<io.protostuff.runtime.ExcludeFieldTest.MuchExcludedEntity>
[161270] WARN TypeUtils - Error during check isString on io.protostuff.runtime.Field<io.protostuff.runtime.ExcludeFieldTest.MuchExcludedEntity>
[161271] WARN TypeUtils - Error during check isString on io.protostuff.runtime.Field<T>
[161711] WARN TypeUtils - Error during check isString on io.protostuff.runtime.Field<io.protostuff.runtime.ExcludeFieldTest.MuchExcludedEntity>
[161713] WARN TypeUtils - Error during check isString on io.protostuff.runtime.Field<io.protostuff.runtime.ExcludeFieldTest.MuchExcludedEntity>
[161715] WARN TypeUtils - Error during check isString on io.protostuff.runtime.Field<io.protostuff.runtime.ExcludeFieldTest.MuchExcludedEntity>
[161717] WARN TypeUtils - Error during check isString on io.protostuff.runtime.Field<T>
[161992] WARN TypeUtils - Error during check isString on io.protostuff.runtime.Field<io.protostuff.runtime.ExcludeFieldTest.MuchExcludedEntity>
[161993] WARN TypeUtils - Error during check isString on io.protostuff.runtime.Field<io.protostuff.runtime.ExcludeFieldTest.MuchExcludedEntity>
[161995] WARN TypeUtils - Error during check isString on io.protostuff.runtime.Field<io.protostuff.runtime.ExcludeFieldTest.MuchExcludedEntity>
[161995] WARN TypeUtils - Error during check isString on io.protostuff.runtime.Field<T>
[162020] WARN TypeUtils - Error during check isString on io.protostuff.runtime.Field<io.protostuff.runtime.ExcludeFieldTest.MuchExcludedEntity>
[162020] WARN TypeUtils - Error during check isString on io.protostuff.runtime.Field<io.protostuff.runtime.ExcludeFieldTest.MuchExcludedEntity>
[162021] WARN TypeUtils - Error during check isString on io.protostuff.runtime.Field<io.protostuff.runtime.ExcludeFieldTest.MuchExcludedEntity>
[162022] WARN TypeUtils - Error during check isString on io.protostuff.runtime.Field<T>
[162069] WARN TypeUtils - Error during check isString on io.protostuff.runtime.Field<io.protostuff.runtime.ExcludeFieldTest.MuchExcludedEntity>
[162070] WARN TypeUtils - Error during check isString on io.protostuff.runtime.Field<io.protostuff.runtime.ExcludeFieldTest.MuchExcludedEntity>
[162071] WARN TypeUtils - Error during check isString on io.protostuff.runtime.Field<io.protostuff.runtime.ExcludeFieldTest.MuchExcludedEntity>
[162072] WARN TypeUtils - Error during check isString on io.protostuff.runtime.Field<T>
[162233] WARN TypeUtils - Error during check isString on io.protostuff.runtime.Field<io.protostuff.runtime.ExcludeFieldTest.MuchExcludedEntity>
[162234] WARN TypeUtils - Error during check isString on io.protostuff.runtime.Field<io.protostuff.runtime.ExcludeFieldTest.MuchExcludedEntity>
[162234] WARN TypeUtils - Error during check isString on io.protostuff.runtime.Field<io.protostuff.runtime.ExcludeFieldTest.MuchExcludedEntity>
[162235] WARN TypeUtils - Error during check isString on io.protostuff.runtime.Field<T>
[162427] WARN TypeUtils - Error during check isString on io.protostuff.runtime.Field<io.protostuff.runtime.ExcludeFieldTest.MuchExcludedEntity>
[162427] WARN TypeUtils - Error during check isString on io.protostuff.runtime.Field<io.protostuff.runtime.ExcludeFieldTest.MuchExcludedEntity>
[162428] WARN TypeUtils - Error during check isString on io.protostuff.runtime.Field<io.protostuff.runtime.ExcludeFieldTest.MuchExcludedEntity>
[162428] WARN TypeUtils - Error during check isString on io.protostuff.runtime.Field<T>
[162844] WARN TypeUtils - Error during check isString on io.protostuff.runtime.Field<io.protostuff.runtime.ExcludeFieldTest.MuchExcludedEntity>
[162844] WARN TypeUtils - Error during check isString on io.protostuff.runtime.Field<io.protostuff.runtime.ExcludeFieldTest.MuchExcludedEntity>
[162845] WARN TypeUtils - Error during check isString on io.protostuff.runtime.Field<io.protostuff.runtime.ExcludeFieldTest.MuchExcludedEntity>
[162845] WARN TypeUtils - Error during check isString on io.protostuff.runtime.Field<T>
[162972] WARN TypeUtils - Error during check isString on io.protostuff.runtime.Field<io.protostuff.runtime.ExcludeFieldTest.MuchExcludedEntity>
[162972] WARN TypeUtils - Error during check isString on io.protostuff.runtime.Field<io.protostuff.runtime.ExcludeFieldTest.MuchExcludedEntity>
[162973] WARN TypeUtils - Error during check isString on io.protostuff.runtime.Field<io.protostuff.runtime.ExcludeFieldTest.MuchExcludedEntity>
[162973] WARN TypeUtils - Error during check isString on io.protostuff.runtime.Field<T>
[163160] INFO Amplification - 9097 new tests generated
[163161] WARN AmplificationHelper - Too many tests have been generated: 9097
[166933] INFO AmplificationHelper - Number of generated test reduced to 200
[172830] INFO AssertGenerator - Run tests. (200)
[173246] WARN TestCompiler - 15 errors during compilation, discarding involved test methods
[173691] ERROR TestCompiler - Pb(2) T cannot be resolved to a type
[173691] ERROR TestCompiler - Pb(2) T cannot be resolved to a type
[173691] ERROR TestCompiler - Pb(2) T cannot be resolved to a type
[173691] ERROR TestCompiler - Pb(2) T cannot be resolved to a type
[173691] ERROR TestCompiler - Pb(2) T cannot be resolved to a type
[173691] ERROR TestCompiler - Pb(2) T cannot be resolved to a type
[173691] ERROR TestCompiler - Pb(2) T cannot be resolved to a type
[173691] ERROR TestCompiler - Pb(2) T cannot be resolved to a type
[173691] ERROR TestCompiler - Pb(2) T cannot be resolved to a type
[173691] ERROR TestCompiler - Pb(2) T cannot be resolved to a type
[173691] ERROR TestCompiler - Pb(2) T cannot be resolved to a type
[173691] ERROR TestCompiler - Pb(2) T cannot be resolved to a type
[173691] ERROR TestCompiler - Pb(2) T cannot be resolved to a type
[173691] ERROR TestCompiler - Pb(2) T cannot be resolved to a type
[173691] ERROR TestCompiler - Pb(2) T cannot be resolved to a type
[174967] INFO AssertGenerator - 185 test pass, generating assertion...
[175045] INFO MethodsAssertGenerator - Add observations points in passing tests.
[175045] INFO MethodsAssertGenerator - Instrumentation...

  0% |================================================= ]/
  1% |================================================= ]-
  1% |================================================= ]\
  2% |================================================= ]|
  2% |================================================= ]/
  3% |================================================= ]-
  3% |================================================= ]\
  4% |================================================= ]|
  4% |================================================= ]/
  5% |================================================= ]-
  5% |================================================= ]\
  6% |================================================= ]|
  7% |================================================= ]/
  7% |================================================= ]-
  8% |================================================= ]\
  8% |================================================= ]|
  9% |================================================= ]/
  9% |================================================= ]-
 10% |================================================= ]\
 10% |================================================= ]|
 11% |================================================= ]/
 11% |================================================= ]-
 12% |================================================= ]\
 12% |================================================= ]|
 13% |================================================= ]/
 14% |================================================= ]-
 14% |================================================= ]\
 15% |================================================= ]|
 15% |================================================= ]/
 16% |================================================= ]-
 16% |================================================= ]\
 17% |================================================= ]|
 17% |================================================= ]/
 18% |================================================= ]-
 18% |================================================= ]\
 19% |================================================= ]|
 20% |================================================= ]/
 20% |================================================= ]-
 21% |================================================= ]\
 21% |================================================= ]|
 22% |================================================= ]/
 22% |================================================= ]-
 23% |================================================= ]\
 23% |================================================= ]|
 24% |================================================= ]/
 24% |================================================= ]-
 25% |================================================= ]\
 25% |================================================= ]|
 26% |================================================= ]/
 27% |================================================= ]-
 27% |================================================= ]\
 28% |================================================= ]|
 28% |================================================= ]/
 29% |================================================= ]-
 29% |================================================= ]\
 30% |================================================= ]|
 30% |================================================= ]/
 31% |================================================= ]-
 31% |================================================= ]\
 32% |================================================= ]|
 32% |================================================= ]/
 33% |================================================= ]-
 34% |================================================= ]\
 34% |================================================= ]|
 35% |================================================= ]/
 35% |================================================= ]-
 36% |================================================= ]\
 36% |================================================= ]|
 37% |================================================= ]/
 37% |================================================= ]-
 38% |================================================= ]\
 38% |================================================= ]|
 39% |================================================= ]/
 40% |================================================= ]-
 40% |================================================= ]\
 41% |================================================= ]|
 41% |================================================= ]/
 42% |================================================= ]-
 42% |================================================= ]\
 43% |================================================= ]|
 43% |================================================= ]/
 44% |================================================= ]-
 44% |================================================= ]\
 45% |================================================= ]|
 45% |================================================= ]/
 46% |================================================= ]-
 47% |================================================= ]\
 47% |================================================= ]|
 48% |================================================= ]/
 48% |================================================= ]-
 49% |================================================= ]\
 49% |================================================= ]|
 50% |================================================= ]/
 50% |================================================= ]-
 51% |================================================= ]\
 51% |================================================= ]|
 52% |================================================= ]/
 52% |================================================= ]-
 53% |================================================= ]\
 54% |================================================= ]|
 54% |================================================= ]/
 55% |================================================= ]-
 55% |================================================= ]\
 56% |================================================= ]|
 56% |================================================= ]/
 57% |================================================= ]-
 57% |================================================= ]\
 58% |================================================= ]|
 58% |================================================= ]/
 59% |================================================= ]-
 60% |================================================= ]\
 60% |================================================= ]|
 61% |================================================= ]/
 61% |================================================= ]-
 62% |================================================= ]\
 62% |================================================= ]|
 63% |================================================= ]/
 63% |================================================= ]-
 64% |================================================= ]\
 64% |================================================= ]|
 65% |================================================= ]/
 65% |================================================= ]-
 66% |================================================= ]\
 67% |================================================= ]|
 67% |================================================= ]/
 68% |================================================= ]-
 68% |================================================= ]\
 69% |================================================= ]|
 69% |================================================= ]/
 70% |================================================= ]-
 70% |================================================= ]\
 71% |================================================= ]|
 71% |================================================= ]/
 72% |================================================= ]-
 72% |================================================= ]\
 73% |================================================= ]|
 74% |================================================= ]/
 74% |================================================= ]-
 75% |================================================= ]\
 75% |================================================= ]|
 76% |================================================= ]/
 76% |================================================= ]-
 77% |================================================= ]\
 77% |================================================= ]|
 78% |================================================= ]/
 78% |================================================= ]-
 79% |================================================= ]\
 80% |================================================= ]|
 80% |================================================= ]/
 81% |================================================= ]-
 81% |================================================= ]\
 82% |================================================= ]|
 82% |================================================= ]/
 83% |================================================= ]-
 83% |================================================= ]\
 84% |================================================= ]|
 84% |================================================= ]/
 85% |================================================= ]-
 85% |================================================= ]\
 86% |================================================= ]|
 87% |================================================= ]/
 87% |================================================= ]-
 88% |================================================= ]\
 88% |================================================= ]|
 89% |================================================= ]/
 89% |================================================= ]-
 90% |================================================= ]\
 90% |================================================= ]|
 91% |================================================= ]/
 91% |================================================= ]-
 92% |================================================= ]\
 92% |================================================= ]|
 93% |================================================= ]/
 94% |================================================= ]-
 94% |================================================= ]\
 95% |================================================= ]|
 95% |================================================= ]/
 96% |================================================= ]-
 96% |================================================= ]\
 97% |================================================= ]|
 97% |================================================= ]/
 98% |================================================= ]-
 98% |================================================= ]\
 99% |================================================= ]|
100% |================================================== ]/
[177121] INFO MethodsAssertGenerator - Run instrumented tests. (555)
[179979] WARN TestCompiler - 100 errors during compilation, discarding involved test methods
[184193] ERROR TestCompiler - Pb(2) T cannot be resolved to a type
[184194] ERROR TestCompiler - Pb(2) T cannot be resolved to a type
[184194] ERROR TestCompiler - Pb(2) T cannot be resolved to a type
[184194] ERROR TestCompiler - Pb(2) T cannot be resolved to a type
[184194] ERROR TestCompiler - Pb(2) T cannot be resolved to a type
[184194] ERROR TestCompiler - Pb(2) T cannot be resolved to a type
[184194] ERROR TestCompiler - Pb(2) T cannot be resolved to a type
[184194] ERROR TestCompiler - Pb(2) T cannot be resolved to a type
[184194] ERROR TestCompiler - Pb(2) T cannot be resolved to a type
[184194] ERROR TestCompiler - Pb(2) T cannot be resolved to a type
[184194] ERROR TestCompiler - Pb(2) T cannot be resolved to a type
[184194] ERROR TestCompiler - Pb(2) T cannot be resolved to a type
[184194] ERROR TestCompiler - Pb(2) T cannot be resolved to a type
[184194] ERROR TestCompiler - Pb(2) T cannot be resolved to a type
[184194] ERROR TestCompiler - Pb(2) T cannot be resolved to a type
[184194] ERROR TestCompiler - Pb(2) T cannot be resolved to a type
[184194] ERROR TestCompiler - Pb(2) T cannot be resolved to a type
[184194] ERROR TestCompiler - Pb(2) T cannot be resolved to a type
[184194] ERROR TestCompiler - Pb(2) T cannot be resolved to a type
[184194] ERROR TestCompiler - Pb(2) T cannot be resolved to a type
[187654] WARN TestCompiler - 100 errors during compilation, discarding involved test methods
[190994] ERROR TestCompiler - Pb(2) T cannot be resolved to a type
[190995] ERROR TestCompiler - Pb(2) T cannot be resolved to a type
[190995] ERROR TestCompiler - Pb(2) T cannot be resolved to a type
[190995] ERROR TestCompiler - Pb(2) T cannot be resolved to a type
[190995] ERROR TestCompiler - Pb(2) T cannot be resolved to a type
[190995] ERROR TestCompiler - Pb(2) T cannot be resolved to a type
[190995] ERROR TestCompiler - Pb(2) T cannot be resolved to a type
[190995] ERROR TestCompiler - Pb(2) T cannot be resolved to a type
[190995] ERROR TestCompiler - Pb(2) T cannot be resolved to a type
[190995] ERROR TestCompiler - Pb(2) T cannot be resolved to a type
[190995] ERROR TestCompiler - Pb(2) T cannot be resolved to a type
[190995] ERROR TestCompiler - Pb(2) T cannot be resolved to a type
[190995] ERROR TestCompiler - Pb(2) T cannot be resolved to a type
[190995] ERROR TestCompiler - Pb(2) T cannot be resolved to a type
[190995] ERROR TestCompiler - Pb(2) T cannot be resolved to a type
[190995] ERROR TestCompiler - Pb(2) T cannot be resolved to a type
[190995] ERROR TestCompiler - Pb(2) T cannot be resolved to a type
[190995] ERROR TestCompiler - Pb(2) T cannot be resolved to a type
[190995] ERROR TestCompiler - Pb(2) T cannot be resolved to a type
[190995] ERROR TestCompiler - Pb(2) T cannot be resolved to a type
[193749] WARN TestCompiler - 100 errors during compilation, discarding involved test methods
[196018] ERROR TestCompiler - Pb(2) T cannot be resolved to a type
[196019] ERROR TestCompiler - Pb(2) T cannot be resolved to a type
[196019] ERROR TestCompiler - Pb(2) T cannot be resolved to a type
[196019] ERROR TestCompiler - Pb(2) T cannot be resolved to a type
[196019] ERROR TestCompiler - Pb(2) T cannot be resolved to a type
[196019] ERROR TestCompiler - Pb(2) T cannot be resolved to a type
[196019] ERROR TestCompiler - Pb(2) T cannot be resolved to a type
[196019] ERROR TestCompiler - Pb(2) T cannot be resolved to a type
[196019] ERROR TestCompiler - Pb(2) T cannot be resolved to a type
[196019] ERROR TestCompiler - Pb(2) T cannot be resolved to a type
[196019] ERROR TestCompiler - Pb(2) T cannot be resolved to a type
[196019] ERROR TestCompiler - Pb(2) T cannot be resolved to a type
[196019] ERROR TestCompiler - Pb(2) T cannot be resolved to a type
[196019] ERROR TestCompiler - Pb(2) T cannot be resolved to a type
[196019] ERROR TestCompiler - Pb(2) T cannot be resolved to a type
[196019] ERROR TestCompiler - Pb(2) T cannot be resolved to a type
[196019] ERROR TestCompiler - Pb(2) T cannot be resolved to a type
[196019] ERROR TestCompiler - Pb(2) T cannot be resolved to a type
[196019] ERROR TestCompiler - Pb(2) T cannot be resolved to a type
[196019] ERROR TestCompiler - Pb(2) T cannot be resolved to a type
[198297] WARN TestCompiler - 100 errors during compilation, discarding involved test methods
[199930] ERROR TestCompiler - Pb(2) T cannot be resolved to a type
[199930] ERROR TestCompiler - Pb(2) T cannot be resolved to a type
[199930] ERROR TestCompiler - Pb(2) T cannot be resolved to a type
[199930] ERROR TestCompiler - Pb(2) T cannot be resolved to a type
[199930] ERROR TestCompiler - Pb(2) T cannot be resolved to a type
[199930] ERROR TestCompiler - Pb(2) T cannot be resolved to a type
[199930] ERROR TestCompiler - Pb(2) T cannot be resolved to a type
[199930] ERROR TestCompiler - Pb(2) T cannot be resolved to a type
[199930] ERROR TestCompiler - Pb(2) T cannot be resolved to a type
[199930] ERROR TestCompiler - Pb(2) T cannot be resolved to a type
[199930] ERROR TestCompiler - Pb(2) T cannot be resolved to a type
[199930] ERROR TestCompiler - Pb(2) T cannot be resolved to a type
[199930] ERROR TestCompiler - Pb(2) T cannot be resolved to a type
[199930] ERROR TestCompiler - Pb(2) T cannot be resolved to a type
[199930] ERROR TestCompiler - Pb(2) T cannot be resolved to a type
[199930] ERROR TestCompiler - Pb(2) T cannot be resolved to a type
[199930] ERROR TestCompiler - Pb(2) T cannot be resolved to a type
[199930] ERROR TestCompiler - Pb(2) T cannot be resolved to a type
[199930] ERROR TestCompiler - Pb(2) T cannot be resolved to a type
[199930] ERROR TestCompiler - Pb(2) T cannot be resolved to a type
[201450] WARN TestCompiler - 100 errors during compilation, discarding involved test methods
[202475] ERROR TestCompiler - Pb(2) T cannot be resolved to a type
[202475] ERROR TestCompiler - Pb(2) T cannot be resolved to a type
[202475] ERROR TestCompiler - Pb(2) T cannot be resolved to a type
[202475] ERROR TestCompiler - Pb(2) T cannot be resolved to a type
[202475] ERROR TestCompiler - Pb(2) T cannot be resolved to a type
[202475] ERROR TestCompiler - Pb(2) T cannot be resolved to a type
[202475] ERROR TestCompiler - Pb(2) T cannot be resolved to a type
[202475] ERROR TestCompiler - Pb(2) T cannot be resolved to a type
[202475] ERROR TestCompiler - Pb(2) T cannot be resolved to a type
[202475] ERROR TestCompiler - Pb(2) T cannot be resolved to a type
[202475] ERROR TestCompiler - Pb(2) T cannot be resolved to a type
[202475] ERROR TestCompiler - Pb(2) T cannot be resolved to a type
[202475] ERROR TestCompiler - Pb(2) T cannot be resolved to a type
[202475] ERROR TestCompiler - Pb(2) T cannot be resolved to a type
[202475] ERROR TestCompiler - Pb(2) T cannot be resolved to a type
[202475] ERROR TestCompiler - Pb(2) T cannot be resolved to a type
[202475] ERROR TestCompiler - Pb(2) T cannot be resolved to a type
[202475] ERROR TestCompiler - Pb(2) T cannot be resolved to a type
[202475] ERROR TestCompiler - Pb(2) T cannot be resolved to a type
[202475] ERROR TestCompiler - Pb(2) T cannot be resolved to a type
[203496] WARN TestCompiler - 100 errors during compilation, discarding involved test methods
[204052] ERROR TestCompiler - Pb(2) T cannot be resolved to a type
[204052] ERROR TestCompiler - Pb(2) T cannot be resolved to a type
[204052] ERROR TestCompiler - Pb(2) T cannot be resolved to a type
[204053] ERROR TestCompiler - Pb(2) T cannot be resolved to a type
[204053] ERROR TestCompiler - Pb(2) T cannot be resolved to a type
[204053] ERROR TestCompiler - Pb(2) T cannot be resolved to a type
[204053] ERROR TestCompiler - Pb(2) T cannot be resolved to a type
[204053] ERROR TestCompiler - Pb(2) T cannot be resolved to a type
[204053] ERROR TestCompiler - Pb(2) T cannot be resolved to a type
[204053] ERROR TestCompiler - Pb(2) T cannot be resolved to a type
[204053] ERROR TestCompiler - Pb(2) T cannot be resolved to a type
[204053] ERROR TestCompiler - Pb(2) T cannot be resolved to a type
[204053] ERROR TestCompiler - Pb(2) T cannot be resolved to a type
[204053] ERROR TestCompiler - Pb(2) T cannot be resolved to a type
[204053] ERROR TestCompiler - Pb(2) T cannot be resolved to a type
[204053] ERROR TestCompiler - Pb(2) T cannot be resolved to a type
[204053] ERROR TestCompiler - Pb(2) T cannot be resolved to a type
[204053] ERROR TestCompiler - Pb(2) T cannot be resolved to a type
[204053] ERROR TestCompiler - Pb(2) T cannot be resolved to a type
[204053] ERROR TestCompiler - Pb(2) T cannot be resolved to a type
fr.inria.diversify.dspot.AmplificationException: Every test methods are uncompilable
	at fr.inria.diversify.utils.compilation.TestCompiler.compileAndRun(TestCompiler.java:76)
	at fr.inria.diversify.dspot.assertGenerator.MethodsAssertGenerator.addAssertions(MethodsAssertGenerator.java:99)
	at fr.inria.diversify.dspot.assertGenerator.AssertGenerator.innerAssertionAmplification(AssertGenerator.java:117)
	at fr.inria.diversify.dspot.assertGenerator.AssertGenerator.assertionAmplification(AssertGenerator.java:66)
	at fr.inria.diversify.dspot.Amplification.amplification(Amplification.java:140)
	at fr.inria.diversify.dspot.Amplification.amplification(Amplification.java:103)
	at fr.inria.diversify.dspot.DSpot.amplifyTest(DSpot.java:183)
	at fr.inria.diversify.dspot.DSpot.amplifyTest(DSpot.java:170)
	at eu.stamp_project.Main.lambda$null$1(Main.java:143)
	at java.util.stream.ReferencePipeline$3$1.accept(ReferencePipeline.java:193)
	at java.util.HashMap$KeySpliterator.forEachRemaining(HashMap.java:1548)
	at java.util.stream.AbstractPipeline.copyInto(AbstractPipeline.java:481)
	at java.util.stream.AbstractPipeline.wrapAndCopyInto(AbstractPipeline.java:471)
	at java.util.stream.ReduceOps$ReduceOp.evaluateSequential(ReduceOps.java:708)
	at java.util.stream.AbstractPipeline.evaluate(AbstractPipeline.java:234)
	at java.util.stream.ReferencePipeline.collect(ReferencePipeline.java:499)
	at eu.stamp_project.Main.lambda$run$2(Main.java:144)
	at java.util.stream.ForEachOps$ForEachOp$OfRef.accept(ForEachOps.java:184)
	at java.util.stream.ReferencePipeline$2$1.accept(ReferencePipeline.java:175)
	at java.util.ArrayList$ArrayListSpliterator.forEachRemaining(ArrayList.java:1374)
	at java.util.stream.AbstractPipeline.copyInto(AbstractPipeline.java:481)
	at java.util.stream.AbstractPipeline.wrapAndCopyInto(AbstractPipeline.java:471)
	at java.util.stream.ForEachOps$ForEachOp.evaluateSequential(ForEachOps.java:151)
	at java.util.stream.ForEachOps$ForEachOp$OfRef.evaluateSequential(ForEachOps.java:174)
	at java.util.stream.AbstractPipeline.evaluate(AbstractPipeline.java:234)
	at java.util.stream.ReferencePipeline.forEach(ReferencePipeline.java:418)
	at eu.stamp_project.Main.run(Main.java:117)
	at eu.stamp_project.Main.main(Main.java:88)
[206798] INFO AssertGenerator - Could not generate any test with assertions
[206798] INFO Amplification - 0 amplified test(s) has been selected, global: 4
[206798] INFO Amplification - amp testIt (2/4)
[207262] INFO Amplification - iteration 0:
[207263] INFO Amplification - 1 tests selected to be amplified over 1 available tests
[207263] INFO Amplification - Amplification of inputs...

100% |================================================== ]/
[208057] INFO Amplification - 69 new tests generated
[208174] INFO AssertGenerator - Run tests. (69)
[208813] INFO AssertGenerator - 68 test pass, generating assertion...
[208827] INFO MethodsAssertGenerator - Add observations points in passing tests.
[208827] INFO MethodsAssertGenerator - Instrumentation...

  1% | ]/
  2% |= ]-
  4% |== ]\
  5% |== ]|
  7% |=== ]/
  8% |==== ]-
 10% |===== ]\
 11% |===== ]|
 13% |====== ]/
 14% |======= ]-
 16% |======== ]\
 17% |======== ]|
 19% |========= ]/
 20% |========== ]-
 22% |=========== ]\
 23% |=========== ]|
 25% |============ ]/
 26% |============= ]-
 27% |============= ]\
 29% |============== ]|
 30% |=============== ]/
 32% |================ ]-
 33% |================ ]\
 35% |================= ]|
 36% |================== ]/
 38% |=================== ]-
 39% |=================== ]\
 41% |==================== ]|
 42% |===================== ]/
 44% |====================== ]-
 45% |====================== ]\
 47% |======================= ]|
 48% |======================== ]/
 50% |========================= ]-
 51% |========================= ]\
 52% |========================== ]|
 54% |=========================== ]/
 55% |=========================== ]-
 57% |============================ ]\
 58% |============================= ]|
 60% |============================== ]/
 61% |============================== ]-
 63% |=============================== ]\
 64% |================================ ]|
 66% |================================= ]/
 67% |================================= ]-
 69% |================================== ]\
 70% |=================================== ]|
 72% |==================================== ]/
 73% |==================================== ]-
 75% |===================================== ]\
 76% |====================================== ]|
 77% |====================================== ]/
 79% |======================================= ]-
 80% |======================================== ]\
 82% |========================================= ]|
 83% |========================================= ]/
 85% |========================================== ]-
 86% |=========================================== ]\
 88% |============================================ ]|
 89% |============================================ ]/
 91% |============================================= ]-
 92% |============================================== ]\
 94% |=============================================== ]|
 95% |=============================================== ]/
 97% |================================================ ]-
 98% |================================================= ]\
100% |================================================== ]|
[209100] INFO MethodsAssertGenerator - Run instrumented tests. (204)
[209552] WARN TestCompiler - 9 errors during compilation, discarding involved test methods
[210094] ERROR TestCompiler - Pb(2) T cannot be resolved to a type
[210094] ERROR TestCompiler - Pb(2) T cannot be resolved to a type
[210094] ERROR TestCompiler - Pb(2) T cannot be resolved to a type
[210094] ERROR TestCompiler - Pb(2) T cannot be resolved to a type
[210094] ERROR TestCompiler - Pb(2) T cannot be resolved to a type
[210094] ERROR TestCompiler - Pb(2) T cannot be resolved to a type
[210094] ERROR TestCompiler - Pb(2) T cannot be resolved to a type
[210094] ERROR TestCompiler - Pb(2) T cannot be resolved to a type
[210094] ERROR TestCompiler - Pb(2) T cannot be resolved to a type
[212408] INFO MethodsAssertGenerator - Generating assertions...
[212450] INFO AssertGenerator - 1 test fail, generating try/catch/fail blocks...
[212450] INFO AssertGenerator - 66 new tests with assertions generated
[213185] WARN Amplification - Discarding failing test cases
[213185] INFO Amplification - 1 test method(s) has been successfully generated
[213213] DEBUG Launcher - building sources: [/tmp/Ex2Amplifier-experiments/target/dspot/tmp_test_sources/io/protostuff/runtime/ExcludeFieldTest.java]
[213213] DEBUG Launcher - build args: [-encoding, UTF-8, -cp, /home/spirals/danglot/.m2/repository/junit/junit/4.11/junit-4.11.jar:/home/spirals/danglot/.m2/repository/org/hamcrest/hamcrest-core/1.3/hamcrest-core-1.3.jar:/home/spirals/danglot/.m2/repository/org/mockito/mockito-core/1.10.8/mockito-core-1.10.8.jar:/home/spirals/danglot/.m2/repository/org/objenesis/objenesis/2.1/objenesis-2.1.jar:/home/spirals/danglot/.m2/repository/io/protostuff/protostuff-core/1.4.3-SNAPSHOT/protostuff-core-1.4.3-SNAPSHOT.jar:/home/spirals/danglot/.m2/repository/io/protostuff/protostuff-core/1.4.3-SNAPSHOT/protostuff-core-1.4.3-SNAPSHOT-tests.jar:/home/spirals/danglot/.m2/repository/io/protostuff/protostuff-api/1.4.3-SNAPSHOT/protostuff-api-1.4.3-SNAPSHOT.jar:/home/spirals/danglot/.m2/repository/io/protostuff/protostuff-collectionschema/1.4.3-SNAPSHOT/protostuff-collectionschema-1.4.3-SNAPSHOT.jar:target/dspot/dependencies/:dataset/may-2018/protostuff/184_modified/protostuff-runtime//target/classes:dataset/may-2018/protostuff/184_modified/protostuff-runtime//target/test-classes:, -1.8, -preserveAllLocals, -noExit, -enableJavadoc, /tmp/Ex2Amplifier-experiments/target/dspot/tmp_test_sources/io/protostuff/runtime/ExcludeFieldTest.java]
[213250] DEBUG Launcher - built in 37 ms
[213250] DEBUG Launcher - building templates: []
[213250] DEBUG Launcher - built in 0 ms
[213250] DEBUG Launcher - model built in 37
[213250] DEBUG Launcher - compiling sources: [/tmp/Ex2Amplifier-experiments/target/dspot/tmp_test_sources/io/protostuff/runtime/ExcludeFieldTest.java]
[213250] DEBUG Launcher - compile args: [-encoding, UTF-8, -cp, /home/spirals/danglot/.m2/repository/junit/junit/4.11/junit-4.11.jar:/home/spirals/danglot/.m2/repository/org/hamcrest/hamcrest-core/1.3/hamcrest-core-1.3.jar:/home/spirals/danglot/.m2/repository/org/mockito/mockito-core/1.10.8/mockito-core-1.10.8.jar:/home/spirals/danglot/.m2/repository/org/objenesis/objenesis/2.1/objenesis-2.1.jar:/home/spirals/danglot/.m2/repository/io/protostuff/protostuff-core/1.4.3-SNAPSHOT/protostuff-core-1.4.3-SNAPSHOT.jar:/home/spirals/danglot/.m2/repository/io/protostuff/protostuff-core/1.4.3-SNAPSHOT/protostuff-core-1.4.3-SNAPSHOT-tests.jar:/home/spirals/danglot/.m2/repository/io/protostuff/protostuff-api/1.4.3-SNAPSHOT/protostuff-api-1.4.3-SNAPSHOT.jar:/home/spirals/danglot/.m2/repository/io/protostuff/protostuff-collectionschema/1.4.3-SNAPSHOT/protostuff-collectionschema-1.4.3-SNAPSHOT.jar:target/dspot/dependencies/:dataset/may-2018/protostuff/184_modified/protostuff-runtime//target/classes:dataset/may-2018/protostuff/184_modified/protostuff-runtime//target/test-classes:, -d, /tmp/Ex2Amplifier-experiments/dataset/may-2018/protostuff/184/protostuff-runtime/target/test-classes, -1.8, -proc:none, -preserveAllLocals, -noExit, -enableJavadoc, /tmp/Ex2Amplifier-experiments/target/dspot/tmp_test_sources/io/protostuff/runtime/ExcludeFieldTest.java]
[213289] DEBUG Launcher - compiled in 39 ms
[213673] INFO Amplification - iteration 1:
[213673] INFO Amplification - 1 tests selected to be amplified over 1 available tests
[213673] INFO Amplification - Amplification of inputs...

100% |================================================== ]/
[214328] WARN TypeUtils - Error during check isString on io.protostuff.runtime.Field<io.protostuff.runtime.ExcludeFieldTest.Entity>
[214328] WARN TypeUtils - Error during check isString on io.protostuff.runtime.Field<T>
[214355] INFO Amplification - 48 new tests generated
[214395] INFO AssertGenerator - Run tests. (48)
[214407] DEBUG Launcher - printing io.protostuff.runtime.ExcludeFieldTest to /tmp/Ex2Amplifier-experiments/target/dspot/tmp_test_sources
[214992] INFO AssertGenerator - 46 test pass, generating assertion...
[215002] INFO MethodsAssertGenerator - Add observations points in passing tests.
[215002] INFO MethodsAssertGenerator - Instrumentation...

  2% |= ]/
  4% |== ]-
  6% |=== ]\
  8% |==== ]|
 10% |===== ]/
 13% |====== ]-
 15% |======= ]\
 17% |======== ]|
 19% |========= ]/
 21% |========== ]-
 23% |=========== ]\
 26% |============= ]|
 28% |============== ]/
 30% |=============== ]-
 32% |================ ]\
 34% |================= ]|
 36% |================== ]/
 39% |=================== ]-
 41% |==================== ]\
 43% |===================== ]|
 45% |====================== ]/
 47% |======================= ]-
 50% |========================= ]\
 52% |========================== ]|
 54% |=========================== ]/
 56% |============================ ]-
 58% |============================= ]\
 60% |============================== ]|
 63% |=============================== ]/
 65% |================================ ]-
 67% |================================= ]\
 69% |================================== ]|
 71% |=================================== ]/
 73% |==================================== ]-
 76% |====================================== ]\
 78% |======================================= ]|
 80% |======================================== ]/
 82% |========================================= ]-
 84% |========================================== ]\
 86% |=========================================== ]|
 89% |============================================ ]/
 91% |============================================= ]-
 93% |============================================== ]\
 95% |=============================================== ]|
 97% |================================================ ]/
100% |================================================== ]-
[215164] INFO MethodsAssertGenerator - Run instrumented tests. (138)
[215252] DEBUG Launcher - printing io.protostuff.runtime.ExcludeFieldTest to /tmp/Ex2Amplifier-experiments/target/dspot/tmp_test_sources
[215536] WARN TestCompiler - 100 errors during compilation, discarding involved test methods
[215969] ERROR TestCompiler - Pb(2) T cannot be resolved to a type
[215969] ERROR TestCompiler - Pb(2) T cannot be resolved to a type
[215969] ERROR TestCompiler - Pb(2) T cannot be resolved to a type
[215969] ERROR TestCompiler - Pb(2) T cannot be resolved to a type
[215969] ERROR TestCompiler - Pb(2) T cannot be resolved to a type
[215969] ERROR TestCompiler - Pb(2) T cannot be resolved to a type
[215969] ERROR TestCompiler - Pb(2) T cannot be resolved to a type
[215969] ERROR TestCompiler - Pb(2) T cannot be resolved to a type
[215969] ERROR TestCompiler - Pb(2) T cannot be resolved to a type
[215969] ERROR TestCompiler - Pb(2) T cannot be resolved to a type
[215969] ERROR TestCompiler - Pb(2) T cannot be resolved to a type
[215969] ERROR TestCompiler - Pb(2) T cannot be resolved to a type
[215969] ERROR TestCompiler - Pb(2) T cannot be resolved to a type
[215969] ERROR TestCompiler - Pb(2) T cannot be resolved to a type
[215969] ERROR TestCompiler - Pb(2) T cannot be resolved to a type
[215969] ERROR TestCompiler - Pb(2) T cannot be resolved to a type
[215969] ERROR TestCompiler - Pb(2) T cannot be resolved to a type
[215969] ERROR TestCompiler - Pb(2) T cannot be resolved to a type
[215969] ERROR TestCompiler - Pb(2) T cannot be resolved to a type
[215969] ERROR TestCompiler - Pb(2) T cannot be resolved to a type
[216297] WARN TestCompiler - 40 errors during compilation, discarding involved test methods
[216485] ERROR TestCompiler - Pb(2) T cannot be resolved to a type
[216485] ERROR TestCompiler - Pb(2) T cannot be resolved to a type
[216485] ERROR TestCompiler - Pb(2) T cannot be resolved to a type
[216485] ERROR TestCompiler - Pb(2) T cannot be resolved to a type
[216485] ERROR TestCompiler - Pb(2) T cannot be resolved to a type
[216485] ERROR TestCompiler - Pb(2) T cannot be resolved to a type
[216485] ERROR TestCompiler - Pb(2) T cannot be resolved to a type
[216485] ERROR TestCompiler - Pb(2) T cannot be resolved to a type
[216485] ERROR TestCompiler - Pb(2) T cannot be resolved to a type
[216486] ERROR TestCompiler - Pb(2) T cannot be resolved to a type
[216486] ERROR TestCompiler - Pb(2) T cannot be resolved to a type
[216486] ERROR TestCompiler - Pb(2) T cannot be resolved to a type
[216486] ERROR TestCompiler - Pb(2) T cannot be resolved to a type
[216486] ERROR TestCompiler - Pb(2) T cannot be resolved to a type
[216486] ERROR TestCompiler - Pb(2) T cannot be resolved to a type
[216486] ERROR TestCompiler - Pb(2) T cannot be resolved to a type
[216486] ERROR TestCompiler - Pb(2) T cannot be resolved to a type
[216486] ERROR TestCompiler - Pb(2) T cannot be resolved to a type
[216486] ERROR TestCompiler - Pb(2) T cannot be resolved to a type
[216486] ERROR TestCompiler - Pb(2) T cannot be resolved to a type
fr.inria.diversify.dspot.AmplificationException: Every test methods are uncompilable
	at fr.inria.diversify.utils.compilation.TestCompiler.compileAndRun(TestCompiler.java:76)
	at fr.inria.diversify.dspot.assertGenerator.MethodsAssertGenerator.addAssertions(MethodsAssertGenerator.java:99)
	at fr.inria.diversify.dspot.assertGenerator.AssertGenerator.innerAssertionAmplification(AssertGenerator.java:117)
	at fr.inria.diversify.dspot.assertGenerator.AssertGenerator.assertionAmplification(AssertGenerator.java:66)
	at fr.inria.diversify.dspot.Amplification.amplification(Amplification.java:140)
	at fr.inria.diversify.dspot.Amplification.amplification(Amplification.java:103)
	at fr.inria.diversify.dspot.DSpot.amplifyTest(DSpot.java:183)
	at fr.inria.diversify.dspot.DSpot.amplifyTest(DSpot.java:170)
	at eu.stamp_project.Main.lambda$null$1(Main.java:143)
	at java.util.stream.ReferencePipeline$3$1.accept(ReferencePipeline.java:193)
	at java.util.HashMap$KeySpliterator.forEachRemaining(HashMap.java:1548)
	at java.util.stream.AbstractPipeline.copyInto(AbstractPipeline.java:481)
	at java.util.stream.AbstractPipeline.wrapAndCopyInto(AbstractPipeline.java:471)
	at java.util.stream.ReduceOps$ReduceOp.evaluateSequential(ReduceOps.java:708)
	at java.util.stream.AbstractPipeline.evaluate(AbstractPipeline.java:234)
	at java.util.stream.ReferencePipeline.collect(ReferencePipeline.java:499)
	at eu.stamp_project.Main.lambda$run$2(Main.java:144)
	at java.util.stream.ForEachOps$ForEachOp$OfRef.accept(ForEachOps.java:184)
	at java.util.stream.ReferencePipeline$2$1.accept(ReferencePipeline.java:175)
	at java.util.ArrayList$ArrayListSpliterator.forEachRemaining(ArrayList.java:1374)
	at java.util.stream.AbstractPipeline.copyInto(AbstractPipeline.java:481)
	at java.util.stream.AbstractPipeline.wrapAndCopyInto(AbstractPipeline.java:471)
	at java.util.stream.ForEachOps$ForEachOp.evaluateSequential(ForEachOps.java:151)
	at java.util.stream.ForEachOps$ForEachOp$OfRef.evaluateSequential(ForEachOps.java:174)
	at java.util.stream.AbstractPipeline.evaluate(AbstractPipeline.java:234)
	at java.util.stream.ReferencePipeline.forEach(ReferencePipeline.java:418)
	at eu.stamp_project.Main.run(Main.java:117)
	at eu.stamp_project.Main.main(Main.java:88)
[216838] INFO AssertGenerator - 2 test fail, generating try/catch/fail blocks...
[216839] INFO AssertGenerator - Could not generate any test with assertions
[216839] INFO Amplification - iteration 2:
[216839] INFO Amplification - 48 tests selected to be amplified over 48 available tests
[216839] INFO Amplification - Amplification of inputs...

 66% |================================= ]|
 33% |================================= ]|
 52% |================================= ]/
 79% |======================================= ]-
 83% |========================================= ]|
 16% |========================================= ]|
 45% |========================================= ]-
 54% |========================================= ]-
 91% |============================================= ]|
 77% |============================================= ]/
 87% |============================================= ]-
 89% |================================================ ]\
 41% |================================================ ]|
 97% |================================================ ]\
 58% |================================================ ]|
 39% |================================================ ]\[223011] WARN TypeUtils - Error during check isString on io.protostuff.runtime.Field<io.protostuff.runtime.ExcludeFieldTest.Entity>
[223017] WARN TypeUtils - Error during check isString on io.protostuff.runtime.Field<T>
[223073] WARN TypeUtils - Error during check isString on io.protostuff.runtime.Field<io.protostuff.runtime.ExcludeFieldTest.Entity>
[223074] WARN TypeUtils - Error during check isString on io.protostuff.runtime.Field<T>
[223148] WARN TypeUtils - Error during check isString on io.protostuff.runtime.Field<io.protostuff.runtime.ExcludeFieldTest.Entity>
[223150] WARN TypeUtils - Error during check isString on io.protostuff.runtime.Field<T>
[223152] WARN TypeUtils - Error during check isString on io.protostuff.runtime.Field<io.protostuff.runtime.ExcludeFieldTest.Entity>
[223153] WARN TypeUtils - Error during check isString on io.protostuff.runtime.Field<T>

 18% |================================================ ]/[223205] WARN TypeUtils - Error during check isString on io.protostuff.runtime.Field<io.protostuff.runtime.ExcludeFieldTest.Entity>
[223207] WARN TypeUtils - Error during check isString on io.protostuff.runtime.Field<T>

 93% |================================================ ]/[223253] WARN TypeUtils - Error during check isString on io.protostuff.runtime.Field<io.protostuff.runtime.ExcludeFieldTest.Entity>
[223256] WARN TypeUtils - Error during check isString on io.protostuff.runtime.Field<T>

 50% |================================================ ]|[223294] WARN TypeUtils - Error during check isString on io.protostuff.runtime.Field<io.protostuff.runtime.ExcludeFieldTest.Entity>
[223295] WARN TypeUtils - Error during check isString on io.protostuff.runtime.Field<T>

 81% |================================================ ]\
 56% |================================================ ]\[223393] WARN TypeUtils - Error during check isString on io.protostuff.runtime.Field<io.protostuff.runtime.ExcludeFieldTest.Entity>
[223396] WARN TypeUtils - Error during check isString on io.protostuff.runtime.Field<T>

100% |================================================== ]|

  8% |==== ]|[223666] WARN TypeUtils - Error during check isString on io.protostuff.runtime.Field<io.protostuff.runtime.ExcludeFieldTest.Entity>
[223666] WARN TypeUtils - Error during check isString on io.protostuff.runtime.Field<io.protostuff.runtime.ExcludeFieldTest.Entity>
[223667] WARN TypeUtils - Error during check isString on io.protostuff.runtime.Field<T>
[223667] WARN TypeUtils - Error during check isString on io.protostuff.runtime.Field<T>

 43% |===================== ]/[223671] WARN TypeUtils - Error during check isString on io.protostuff.runtime.Field<io.protostuff.runtime.ExcludeFieldTest.Entity>
[223674] WARN TypeUtils - Error during check isString on io.protostuff.runtime.Field<T>
[223744] WARN TypeUtils - Error during check isString on io.protostuff.runtime.Field<io.protostuff.runtime.ExcludeFieldTest.Entity>
[223746] WARN TypeUtils - Error during check isString on io.protostuff.runtime.Field<T>

 68% |================================== ]/
  4% |================================== ]-[223815] WARN TypeUtils - Error during check isString on io.protostuff.runtime.Field<io.protostuff.runtime.ExcludeFieldTest.Entity>
[223817] WARN TypeUtils - Error during check isString on io.protostuff.runtime.Field<T>

 62% |================================== ]-[223862] WARN TypeUtils - Error during check isString on io.protostuff.runtime.Field<io.protostuff.runtime.ExcludeFieldTest.Entity>
[223864] WARN TypeUtils - Error during check isString on io.protostuff.runtime.Field<T>

 85% |========================================== ]/[224016] WARN TypeUtils - Error during check isString on io.protostuff.runtime.Field<io.protostuff.runtime.ExcludeFieldTest.Entity>
[224020] WARN TypeUtils - Error during check isString on io.protostuff.runtime.Field<T>

 37% |========================================== ]-[224052] WARN TypeUtils - Error during check isString on io.protostuff.runtime.Field<io.protostuff.runtime.ExcludeFieldTest.Entity>

 29% |========================================== ]-[224056] WARN TypeUtils - Error during check isString on io.protostuff.runtime.Field<T>

 95% |=============================================== ]-
 12% |=============================================== ]-[229489] WARN TypeUtils - Error during check isString on io.protostuff.runtime.Field<io.protostuff.runtime.ExcludeFieldTest.Entity>
[229493] WARN TypeUtils - Error during check isString on io.protostuff.runtime.Field<T>
[229637] WARN TypeUtils - Error during check isString on io.protostuff.runtime.Field<io.protostuff.runtime.ExcludeFieldTest.Entity>
[229640] WARN TypeUtils - Error during check isString on io.protostuff.runtime.Field<T>
[229694] WARN TypeUtils - Error during check isString on io.protostuff.runtime.Field<io.protostuff.runtime.ExcludeFieldTest.Entity>
[229696] WARN TypeUtils - Error during check isString on io.protostuff.runtime.Field<T>

 14% |=============================================== ]\[229720] WARN TypeUtils - Error during check isString on io.protostuff.runtime.Field<io.protostuff.runtime.ExcludeFieldTest.Entity>
[229722] WARN TypeUtils - Error during check isString on io.protostuff.runtime.Field<io.protostuff.runtime.ExcludeFieldTest.Entity>
[229723] WARN TypeUtils - Error during check isString on io.protostuff.runtime.Field<T>
[229724] WARN TypeUtils - Error during check isString on io.protostuff.runtime.Field<T>
[229774] WARN TypeUtils - Error during check isString on io.protostuff.runtime.Field<io.protostuff.runtime.ExcludeFieldTest.Entity>
[229775] WARN TypeUtils - Error during check isString on io.protostuff.runtime.Field<T>

 60% |=============================================== ]/
 22% |=============================================== ]\
 72% |=============================================== ]\
 47% |=============================================== ]\
 64% |=============================================== ]\[230121] WARN TypeUtils - Error during check isString on io.protostuff.runtime.Field<io.protostuff.runtime.ExcludeFieldTest.Entity>
[230126] WARN TypeUtils - Error during check isString on io.protostuff.runtime.Field<T>
[230341] WARN TypeUtils - Error during check isString on io.protostuff.runtime.Field<io.protostuff.runtime.ExcludeFieldTest.Entity>
[230345] WARN TypeUtils - Error during check isString on io.protostuff.runtime.Field<T>

 31% |=============================================== ]\[230463] WARN TypeUtils - Error during check isString on io.protostuff.runtime.Field<io.protostuff.runtime.ExcludeFieldTest.Entity>
[230468] WARN TypeUtils - Error during check isString on io.protostuff.runtime.Field<T>
[230514] WARN TypeUtils - Error during check isString on io.protostuff.runtime.Field<io.protostuff.runtime.ExcludeFieldTest.Entity>
[230515] WARN TypeUtils - Error during check isString on io.protostuff.runtime.Field<T>
[230529] WARN TypeUtils - Error during check isString on io.protostuff.runtime.Field<io.protostuff.runtime.ExcludeFieldTest.Entity>
[230531] WARN TypeUtils - Error during check isString on io.protostuff.runtime.Field<T>
[230532] WARN TypeUtils - Error during check isString on io.protostuff.runtime.Field<T>

 20% |=============================================== ]-[230636] WARN TypeUtils - Error during check isString on io.protostuff.runtime.Field<io.protostuff.runtime.ExcludeFieldTest.Entity>

 10% |=============================================== ]/[230638] WARN TypeUtils - Error during check isString on io.protostuff.runtime.Field<T>
[230641] WARN TypeUtils - Error during check isString on io.protostuff.runtime.Field<io.protostuff.runtime.ExcludeFieldTest.Entity>
[230644] WARN TypeUtils - Error during check isString on io.protostuff.runtime.Field<T>
[230653] WARN TypeUtils - Error during check isString on io.protostuff.runtime.Field<io.protostuff.runtime.ExcludeFieldTest.Entity>
[230654] WARN TypeUtils - Error during check isString on io.protostuff.runtime.Field<T>

  2% |=============================================== ]/
  6% |=============================================== ]\[230764] WARN TypeUtils - Error during check isString on io.protostuff.runtime.Field<io.protostuff.runtime.ExcludeFieldTest.Entity>
[230766] WARN TypeUtils - Error during check isString on io.protostuff.runtime.Field<T>

 35% |=============================================== ]/
 25% |=============================================== ]|
 27% |=============================================== ]/
 70% |=============================================== ]-[231664] WARN TypeUtils - Error during check isString on io.protostuff.runtime.Field<io.protostuff.runtime.ExcludeFieldTest.Entity>
[231667] WARN TypeUtils - Error during check isString on io.protostuff.runtime.Field<T>

 75% |=============================================== ]|[236002] WARN TypeUtils - Error during check isString on io.protostuff.runtime.Field<io.protostuff.runtime.ExcludeFieldTest.Entity>
[236005] WARN TypeUtils - Error during check isString on io.protostuff.runtime.Field<T>
[236066] WARN TypeUtils - Error during check isString on io.protostuff.runtime.Field<io.protostuff.runtime.ExcludeFieldTest.Entity>
[236069] WARN TypeUtils - Error during check isString on io.protostuff.runtime.Field<T>
[236181] WARN TypeUtils - Error during check isString on io.protostuff.runtime.Field<io.protostuff.runtime.ExcludeFieldTest.Entity>
[236184] WARN TypeUtils - Error during check isString on io.protostuff.runtime.Field<T>
[236237] WARN TypeUtils - Error during check isString on io.protostuff.runtime.Field<io.protostuff.runtime.ExcludeFieldTest.Entity>
[236240] WARN TypeUtils - Error during check isString on io.protostuff.runtime.Field<io.protostuff.runtime.ExcludeFieldTest.Entity>
[236241] WARN TypeUtils - Error during check isString on io.protostuff.runtime.Field<T>
[236244] WARN TypeUtils - Error during check isString on io.protostuff.runtime.Field<io.protostuff.runtime.ExcludeFieldTest.Entity>
[236246] WARN TypeUtils - Error during check isString on io.protostuff.runtime.Field<T>
[236245] WARN TypeUtils - Error during check isString on io.protostuff.runtime.Field<T>
[236601] WARN TypeUtils - Error during check isString on io.protostuff.runtime.Field<io.protostuff.runtime.ExcludeFieldTest.Entity>
[236604] WARN TypeUtils - Error during check isString on io.protostuff.runtime.Field<T>
[236825] WARN TypeUtils - Error during check isString on io.protostuff.runtime.Field<io.protostuff.runtime.ExcludeFieldTest.Entity>
[236828] WARN TypeUtils - Error during check isString on io.protostuff.runtime.Field<T>
[237057] WARN TypeUtils - Error during check isString on io.protostuff.runtime.Field<io.protostuff.runtime.ExcludeFieldTest.Entity>
[237058] WARN TypeUtils - Error during check isString on io.protostuff.runtime.Field<T>
[237104] WARN TypeUtils - Error during check isString on io.protostuff.runtime.Field<io.protostuff.runtime.ExcludeFieldTest.Entity>
[237104] WARN TypeUtils - Error during check isString on io.protostuff.runtime.Field<T>
[237159] WARN TypeUtils - Error during check isString on io.protostuff.runtime.Field<io.protostuff.runtime.ExcludeFieldTest.Entity>
[237160] WARN TypeUtils - Error during check isString on io.protostuff.runtime.Field<T>
[237161] WARN TypeUtils - Error during check isString on io.protostuff.runtime.Field<T>
[237268] WARN TypeUtils - Error during check isString on io.protostuff.runtime.Field<io.protostuff.runtime.ExcludeFieldTest.Entity>
[237268] WARN TypeUtils - Error during check isString on io.protostuff.runtime.Field<T>
[237321] WARN TypeUtils - Error during check isString on io.protostuff.runtime.Field<io.protostuff.runtime.ExcludeFieldTest.Entity>
[237322] WARN TypeUtils - Error during check isString on io.protostuff.runtime.Field<T>
[237337] WARN TypeUtils - Error during check isString on io.protostuff.runtime.Field<io.protostuff.runtime.ExcludeFieldTest.Entity>
[237338] WARN TypeUtils - Error during check isString on io.protostuff.runtime.Field<T>
[237345] WARN TypeUtils - Error during check isString on io.protostuff.runtime.Field<io.protostuff.runtime.ExcludeFieldTest.Entity>
[237346] WARN TypeUtils - Error during check isString on io.protostuff.runtime.Field<T>
[237349] WARN TypeUtils - Error during check isString on io.protostuff.runtime.Field<io.protostuff.runtime.ExcludeFieldTest.Entity>
[237349] WARN TypeUtils - Error during check isString on io.protostuff.runtime.Field<T>
[237382] INFO Amplification - 2376 new tests generated
[237382] WARN AmplificationHelper - Too many tests have been generated: 2376
[238174] INFO AmplificationHelper - Number of generated test reduced to 200
[239819] INFO AssertGenerator - Run tests. (200)
[240149] WARN TestCompiler - 24 errors during compilation, discarding involved test methods
[240549] ERROR TestCompiler - Pb(2) T cannot be resolved to a type
[240549] ERROR TestCompiler - Pb(2) T cannot be resolved to a type
[240549] ERROR TestCompiler - Pb(2) T cannot be resolved to a type
[240549] ERROR TestCompiler - Pb(2) T cannot be resolved to a type
[240549] ERROR TestCompiler - Pb(2) T cannot be resolved to a type
[240549] ERROR TestCompiler - Pb(2) T cannot be resolved to a type
[240549] ERROR TestCompiler - Pb(2) T cannot be resolved to a type
[240549] ERROR TestCompiler - Pb(2) T cannot be resolved to a type
[240549] ERROR TestCompiler - Pb(2) T cannot be resolved to a type
[240549] ERROR TestCompiler - Pb(2) T cannot be resolved to a type
[240549] ERROR TestCompiler - Pb(2) T cannot be resolved to a type
[240549] ERROR TestCompiler - Pb(2) T cannot be resolved to a type
[240549] ERROR TestCompiler - Pb(2) T cannot be resolved to a type
[240549] ERROR TestCompiler - Pb(2) T cannot be resolved to a type
[240549] ERROR TestCompiler - Pb(2) T cannot be resolved to a type
[240549] ERROR TestCompiler - Pb(2) T cannot be resolved to a type
[240549] ERROR TestCompiler - Pb(2) T cannot be resolved to a type
[240549] ERROR TestCompiler - Pb(2) T cannot be resolved to a type
[240549] ERROR TestCompiler - Pb(2) T cannot be resolved to a type
[240549] ERROR TestCompiler - Pb(2) T cannot be resolved to a type
[241763] INFO AssertGenerator - 171 test pass, generating assertion...
[241829] INFO MethodsAssertGenerator - Add observations points in passing tests.
[241829] INFO MethodsAssertGenerator - Instrumentation...

  0% |=============================================== ]/
  1% |=============================================== ]-
  1% |=============================================== ]\
  2% |=============================================== ]|
  2% |=============================================== ]/
  3% |=============================================== ]-
  4% |=============================================== ]\
  4% |=============================================== ]|
  5% |=============================================== ]/
  5% |=============================================== ]-
  6% |=============================================== ]\
  7% |=============================================== ]|
  7% |=============================================== ]/
  8% |=============================================== ]-
  8% |=============================================== ]\
  9% |=============================================== ]|
  9% |=============================================== ]/
 10% |=============================================== ]-
 11% |=============================================== ]\
 11% |=============================================== ]|
 12% |=============================================== ]/
 12% |=============================================== ]-
 13% |=============================================== ]\
 14% |=============================================== ]|
 14% |=============================================== ]/
 15% |=============================================== ]-
 15% |=============================================== ]\
 16% |=============================================== ]|
 16% |=============================================== ]/
 17% |=============================================== ]-
 18% |=============================================== ]\
 18% |=============================================== ]|
 19% |=============================================== ]/
 19% |=============================================== ]-
 20% |=============================================== ]\
 21% |=============================================== ]|
 21% |=============================================== ]/
 22% |=============================================== ]-
 22% |=============================================== ]\
 23% |=============================================== ]|
 23% |=============================================== ]/
 24% |=============================================== ]-
 25% |=============================================== ]\
 25% |=============================================== ]|
 26% |=============================================== ]/
 26% |=============================================== ]-
 27% |=============================================== ]\
 28% |=============================================== ]|
 28% |=============================================== ]/
 29% |=============================================== ]-
 29% |=============================================== ]\
 30% |=============================================== ]|
 30% |=============================================== ]/
 31% |=============================================== ]-
 32% |=============================================== ]\
 32% |=============================================== ]|
 33% |=============================================== ]/
 33% |=============================================== ]-
 34% |=============================================== ]\
 35% |=============================================== ]|
 35% |=============================================== ]/
 36% |=============================================== ]-
 36% |=============================================== ]\
 37% |=============================================== ]|
 38% |=============================================== ]/
 38% |=============================================== ]-
 39% |=============================================== ]\
 39% |=============================================== ]|
 40% |=============================================== ]/
 40% |=============================================== ]-
 41% |=============================================== ]\
 42% |=============================================== ]|
 42% |=============================================== ]/
 43% |=============================================== ]-
 43% |=============================================== ]\
 44% |=============================================== ]|
 45% |=============================================== ]/
 45% |=============================================== ]-
 46% |=============================================== ]\
 46% |=============================================== ]|
 47% |=============================================== ]/
 47% |=============================================== ]-
 48% |=============================================== ]\
 49% |=============================================== ]|
 49% |=============================================== ]/
 50% |=============================================== ]-
 50% |=============================================== ]\
 51% |=============================================== ]|
 52% |=============================================== ]/
 52% |=============================================== ]-
 53% |=============================================== ]\
 53% |=============================================== ]|
 54% |=============================================== ]/
 54% |=============================================== ]-
 55% |=============================================== ]\
 56% |=============================================== ]|
 56% |=============================================== ]/
 57% |=============================================== ]-
 57% |=============================================== ]\
 58% |=============================================== ]|
 59% |=============================================== ]/
 59% |=============================================== ]-
 60% |=============================================== ]\
 60% |=============================================== ]|
 61% |=============================================== ]/
 61% |=============================================== ]-
 62% |=============================================== ]\
 63% |=============================================== ]|
 63% |=============================================== ]/
 64% |=============================================== ]-
 64% |=============================================== ]\
 65% |=============================================== ]|
 66% |=============================================== ]/
 66% |=============================================== ]-
 67% |=============================================== ]\
 67% |=============================================== ]|
 68% |=============================================== ]/
 69% |=============================================== ]-
 69% |=============================================== ]\
 70% |=============================================== ]|
 70% |=============================================== ]/
 71% |=============================================== ]-
 71% |=============================================== ]\
 72% |=============================================== ]|
 73% |=============================================== ]/
 73% |=============================================== ]-
 74% |=============================================== ]\
 74% |=============================================== ]|
 75% |=============================================== ]/
 76% |=============================================== ]-
 76% |=============================================== ]\
 77% |=============================================== ]|
 77% |=============================================== ]/
 78% |=============================================== ]-
 78% |=============================================== ]\
 79% |=============================================== ]|
 80% |=============================================== ]/
 80% |=============================================== ]-
 81% |=============================================== ]\
 81% |=============================================== ]|
 82% |=============================================== ]/
 83% |=============================================== ]-
 83% |=============================================== ]\
 84% |=============================================== ]|
 84% |=============================================== ]/
 85% |=============================================== ]-
 85% |=============================================== ]\
 86% |=============================================== ]|
 87% |=============================================== ]/
 87% |=============================================== ]-
 88% |=============================================== ]\
 88% |=============================================== ]|
 89% |=============================================== ]/
 90% |=============================================== ]-
 90% |=============================================== ]\
 91% |=============================================== ]|
 91% |=============================================== ]/
 92% |=============================================== ]-
 92% |=============================================== ]\
 93% |=============================================== ]|
 94% |=============================================== ]/
 94% |=============================================== ]-
 95% |=============================================== ]\
 95% |=============================================== ]|
 96% |================================================ ]/
 97% |================================================ ]-
 97% |================================================ ]\
 98% |================================================= ]|
 98% |================================================= ]/
 99% |================================================= ]-
100% |================================================== ]\
[243534] INFO MethodsAssertGenerator - Run instrumented tests. (513)
[245563] WARN TestCompiler - 100 errors during compilation, discarding involved test methods
[248719] ERROR TestCompiler - Pb(2) T cannot be resolved to a type
[248719] ERROR TestCompiler - Pb(2) T cannot be resolved to a type
[248719] ERROR TestCompiler - Pb(2) T cannot be resolved to a type
[248719] ERROR TestCompiler - Pb(2) T cannot be resolved to a type
[248719] ERROR TestCompiler - Pb(2) T cannot be resolved to a type
[248719] ERROR TestCompiler - Pb(2) T cannot be resolved to a type
[248719] ERROR TestCompiler - Pb(2) T cannot be resolved to a type
[248719] ERROR TestCompiler - Pb(2) T cannot be resolved to a type
[248719] ERROR TestCompiler - Pb(2) T cannot be resolved to a type
[248719] ERROR TestCompiler - Pb(2) T cannot be resolved to a type
[248719] ERROR TestCompiler - Pb(2) T cannot be resolved to a type
[248719] ERROR TestCompiler - Pb(2) T cannot be resolved to a type
[248719] ERROR TestCompiler - Pb(2) T cannot be resolved to a type
[248719] ERROR TestCompiler - Pb(2) T cannot be resolved to a type
[248719] ERROR TestCompiler - Pb(2) T cannot be resolved to a type
[248719] ERROR TestCompiler - Pb(2) T cannot be resolved to a type
[248719] ERROR TestCompiler - Pb(2) T cannot be resolved to a type
[248719] ERROR TestCompiler - Pb(2) T cannot be resolved to a type
[248719] ERROR TestCompiler - Pb(2) T cannot be resolved to a type
[248719] ERROR TestCompiler - Pb(2) T cannot be resolved to a type
[251337] WARN TestCompiler - 100 errors during compilation, discarding involved test methods
[253724] ERROR TestCompiler - Pb(2) T cannot be resolved to a type
[253724] ERROR TestCompiler - Pb(2) T cannot be resolved to a type
[253724] ERROR TestCompiler - Pb(2) T cannot be resolved to a type
[253724] ERROR TestCompiler - Pb(2) T cannot be resolved to a type
[253724] ERROR TestCompiler - Pb(2) T cannot be resolved to a type
[253724] ERROR TestCompiler - Pb(2) T cannot be resolved to a type
[253724] ERROR TestCompiler - Pb(2) T cannot be resolved to a type
[253724] ERROR TestCompiler - Pb(2) T cannot be resolved to a type
[253724] ERROR TestCompiler - Pb(2) T cannot be resolved to a type
[253724] ERROR TestCompiler - Pb(2) T cannot be resolved to a type
[253724] ERROR TestCompiler - Pb(2) T cannot be resolved to a type
[253724] ERROR TestCompiler - Pb(2) T cannot be resolved to a type
[253724] ERROR TestCompiler - Pb(2) T cannot be resolved to a type
[253724] ERROR TestCompiler - Pb(2) T cannot be resolved to a type
[253724] ERROR TestCompiler - Pb(2) T cannot be resolved to a type
[253724] ERROR TestCompiler - Pb(2) T cannot be resolved to a type
[253724] ERROR TestCompiler - Pb(2) T cannot be resolved to a type
[253724] ERROR TestCompiler - Pb(2) T cannot be resolved to a type
[253724] ERROR TestCompiler - Pb(2) T cannot be resolved to a type
[253724] ERROR TestCompiler - Pb(2) T cannot be resolved to a type
[255799] WARN TestCompiler - 100 errors during compilation, discarding involved test methods
[257459] ERROR TestCompiler - Pb(2) T cannot be resolved to a type
[257459] ERROR TestCompiler - Pb(2) T cannot be resolved to a type
[257459] ERROR TestCompiler - Pb(2) T cannot be resolved to a type
[257459] ERROR TestCompiler - Pb(2) T cannot be resolved to a type
[257459] ERROR TestCompiler - Pb(2) T cannot be resolved to a type
[257459] ERROR TestCompiler - Pb(2) T cannot be resolved to a type
[257459] ERROR TestCompiler - Pb(2) T cannot be resolved to a type
[257459] ERROR TestCompiler - Pb(2) T cannot be resolved to a type
[257459] ERROR TestCompiler - Pb(2) T cannot be resolved to a type
[257459] ERROR TestCompiler - Pb(2) T cannot be resolved to a type
[257459] ERROR TestCompiler - Pb(2) T cannot be resolved to a type
[257459] ERROR TestCompiler - Pb(2) T cannot be resolved to a type
[257459] ERROR TestCompiler - Pb(2) T cannot be resolved to a type
[257459] ERROR TestCompiler - Pb(2) T cannot be resolved to a type
[257459] ERROR TestCompiler - Pb(2) T cannot be resolved to a type
[257459] ERROR TestCompiler - Pb(2) T cannot be resolved to a type
[257459] ERROR TestCompiler - Pb(2) T cannot be resolved to a type
[257459] ERROR TestCompiler - Pb(2) T cannot be resolved to a type
[257459] ERROR TestCompiler - Pb(2) T cannot be resolved to a type
[257459] ERROR TestCompiler - Pb(2) T cannot be resolved to a type
[258979] WARN TestCompiler - 100 errors during compilation, discarding involved test methods
[260083] ERROR TestCompiler - Pb(2) T cannot be resolved to a type
[260083] ERROR TestCompiler - Pb(2) T cannot be resolved to a type
[260083] ERROR TestCompiler - Pb(2) T cannot be resolved to a type
[260083] ERROR TestCompiler - Pb(2) T cannot be resolved to a type
[260083] ERROR TestCompiler - Pb(2) T cannot be resolved to a type
[260083] ERROR TestCompiler - Pb(2) T cannot be resolved to a type
[260083] ERROR TestCompiler - Pb(2) T cannot be resolved to a type
[260083] ERROR TestCompiler - Pb(2) T cannot be resolved to a type
[260083] ERROR TestCompiler - Pb(2) T cannot be resolved to a type
[260083] ERROR TestCompiler - Pb(2) T cannot be resolved to a type
[260083] ERROR TestCompiler - Pb(2) T cannot be resolved to a type
[260083] ERROR TestCompiler - Pb(2) T cannot be resolved to a type
[260083] ERROR TestCompiler - Pb(2) T cannot be resolved to a type
[260083] ERROR TestCompiler - Pb(2) T cannot be resolved to a type
[260083] ERROR TestCompiler - Pb(2) T cannot be resolved to a type
[260083] ERROR TestCompiler - Pb(2) T cannot be resolved to a type
[260083] ERROR TestCompiler - Pb(2) T cannot be resolved to a type
[260083] ERROR TestCompiler - Pb(2) T cannot be resolved to a type
[260083] ERROR TestCompiler - Pb(2) T cannot be resolved to a type
[260083] ERROR TestCompiler - Pb(2) T cannot be resolved to a type
[261335] WARN TestCompiler - 100 errors during compilation, discarding involved test methods
[262094] ERROR TestCompiler - Pb(2) T cannot be resolved to a type
[262094] ERROR TestCompiler - Pb(2) T cannot be resolved to a type
[262094] ERROR TestCompiler - Pb(2) T cannot be resolved to a type
[262094] ERROR TestCompiler - Pb(2) T cannot be resolved to a type
[262094] ERROR TestCompiler - Pb(2) T cannot be resolved to a type
[262094] ERROR TestCompiler - Pb(2) T cannot be resolved to a type
[262094] ERROR TestCompiler - Pb(2) T cannot be resolved to a type
[262094] ERROR TestCompiler - Pb(2) T cannot be resolved to a type
[262094] ERROR TestCompiler - Pb(2) T cannot be resolved to a type
[262094] ERROR TestCompiler - Pb(2) T cannot be resolved to a type
[262094] ERROR TestCompiler - Pb(2) T cannot be resolved to a type
[262094] ERROR TestCompiler - Pb(2) T cannot be resolved to a type
[262094] ERROR TestCompiler - Pb(2) T cannot be resolved to a type
[262094] ERROR TestCompiler - Pb(2) T cannot be resolved to a type
[262094] ERROR TestCompiler - Pb(2) T cannot be resolved to a type
[262094] ERROR TestCompiler - Pb(2) T cannot be resolved to a type
[262094] ERROR TestCompiler - Pb(2) T cannot be resolved to a type
[262094] ERROR TestCompiler - Pb(2) T cannot be resolved to a type
[262094] ERROR TestCompiler - Pb(2) T cannot be resolved to a type
[262094] ERROR TestCompiler - Pb(2) T cannot be resolved to a type
[262815] WARN TestCompiler - 15 errors during compilation, discarding involved test methods
[263155] ERROR TestCompiler - Pb(2) T cannot be resolved to a type
[263155] ERROR TestCompiler - Pb(2) T cannot be resolved to a type
[263155] ERROR TestCompiler - Pb(2) T cannot be resolved to a type
[263155] ERROR TestCompiler - Pb(2) T cannot be resolved to a type
[263155] ERROR TestCompiler - Pb(2) T cannot be resolved to a type
[263155] ERROR TestCompiler - Pb(2) T cannot be resolved to a type
[263155] ERROR TestCompiler - Pb(2) T cannot be resolved to a type
[263155] ERROR TestCompiler - Pb(2) T cannot be resolved to a type
[263155] ERROR TestCompiler - Pb(2) T cannot be resolved to a type
[263155] ERROR TestCompiler - Pb(2) T cannot be resolved to a type
[263155] ERROR TestCompiler - Pb(2) T cannot be resolved to a type
[263155] ERROR TestCompiler - Pb(2) T cannot be resolved to a type
[263155] ERROR TestCompiler - Pb(2) T cannot be resolved to a type
[263155] ERROR TestCompiler - Pb(2) T cannot be resolved to a type
[263155] ERROR TestCompiler - Pb(2) T cannot be resolved to a type
fr.inria.diversify.dspot.AmplificationException: Every test methods are uncompilable
	at fr.inria.diversify.utils.compilation.TestCompiler.compileAndRun(TestCompiler.java:76)
	at fr.inria.diversify.dspot.assertGenerator.MethodsAssertGenerator.addAssertions(MethodsAssertGenerator.java:99)
	at fr.inria.diversify.dspot.assertGenerator.AssertGenerator.innerAssertionAmplification(AssertGenerator.java:117)
	at fr.inria.diversify.dspot.assertGenerator.AssertGenerator.assertionAmplification(AssertGenerator.java:66)
	at fr.inria.diversify.dspot.Amplification.amplification(Amplification.java:140)
	at fr.inria.diversify.dspot.Amplification.amplification(Amplification.java:103)
	at fr.inria.diversify.dspot.DSpot.amplifyTest(DSpot.java:183)
	at fr.inria.diversify.dspot.DSpot.amplifyTest(DSpot.java:170)
	at eu.stamp_project.Main.lambda$null$1(Main.java:143)
	at java.util.stream.ReferencePipeline$3$1.accept(ReferencePipeline.java:193)
	at java.util.HashMap$KeySpliterator.forEachRemaining(HashMap.java:1548)
	at java.util.stream.AbstractPipeline.copyInto(AbstractPipeline.java:481)
	at java.util.stream.AbstractPipeline.wrapAndCopyInto(AbstractPipeline.java:471)
	at java.util.stream.ReduceOps$ReduceOp.evaluateSequential(ReduceOps.java:708)
	at java.util.stream.AbstractPipeline.evaluate(AbstractPipeline.java:234)
	at java.util.stream.ReferencePipeline.collect(ReferencePipeline.java:499)
	at eu.stamp_project.Main.lambda$run$2(Main.java:144)
	at java.util.stream.ForEachOps$ForEachOp$OfRef.accept(ForEachOps.java:184)
	at java.util.stream.ReferencePipeline$2$1.accept(ReferencePipeline.java:175)
	at java.util.ArrayList$ArrayListSpliterator.forEachRemaining(ArrayList.java:1374)
	at java.util.stream.AbstractPipeline.copyInto(AbstractPipeline.java:481)
	at java.util.stream.AbstractPipeline.wrapAndCopyInto(AbstractPipeline.java:471)
	at java.util.stream.ForEachOps$ForEachOp.evaluateSequential(ForEachOps.java:151)
	at java.util.stream.ForEachOps$ForEachOp$OfRef.evaluateSequential(ForEachOps.java:174)
	at java.util.stream.AbstractPipeline.evaluate(AbstractPipeline.java:234)
	at java.util.stream.ReferencePipeline.forEach(ReferencePipeline.java:418)
	at eu.stamp_project.Main.run(Main.java:117)
	at eu.stamp_project.Main.main(Main.java:88)
[265181] INFO AssertGenerator - 5 test fail, generating try/catch/fail blocks...
[265182] INFO AssertGenerator - Could not generate any test with assertions
[265182] INFO Amplification - 0 amplified test(s) has been selected, global: 4
[265182] INFO Amplification - amp testEmptyMessage (3/4)
[265600] INFO Amplification - iteration 0:
[265600] INFO Amplification - 1 tests selected to be amplified over 1 available tests
[265600] INFO Amplification - Amplification of inputs...

100% |================================================== ]/
[265601] INFO Amplification - 0 new tests generated
[265601] INFO Amplification - iteration 1:
[265601] INFO Amplification - No test could be generated from selected test
[265601] INFO Amplification - iteration 2:
[265601] INFO Amplification - No test could be generated from selected test
[265601] INFO Amplification - 0 amplified test(s) has been selected, global: 4
[265601] INFO Amplification - amp testTaggedAndExcludedEntity (4/4)
[266042] INFO Amplification - iteration 0:
[266042] INFO Amplification - 1 tests selected to be amplified over 1 available tests
[266042] INFO Amplification - Amplification of inputs...

100% |================================================== ]/
[266786] INFO Amplification - 72 new tests generated
[266930] INFO AssertGenerator - Run tests. (72)
[267611] INFO AssertGenerator - 71 test pass, generating assertion...
[267626] INFO MethodsAssertGenerator - Add observations points in passing tests.
[267627] INFO MethodsAssertGenerator - Instrumentation...

  1% | ]/
  2% |= ]-
  4% |== ]\
  5% |== ]|
  7% |=== ]/
  8% |==== ]-
  9% |==== ]\
 11% |===== ]|
 12% |====== ]/
 14% |======= ]-
 15% |======= ]\
 16% |======== ]|
 18% |========= ]/
 19% |========= ]-
 21% |========== ]\
 22% |=========== ]|
 23% |=========== ]/
 25% |============ ]-
 26% |============= ]\
 28% |============== ]|
 29% |============== ]/
 30% |=============== ]-
 32% |================ ]\
 33% |================ ]|
 35% |================= ]/
 36% |================== ]-
 38% |=================== ]\
 39% |=================== ]|
 40% |==================== ]/
 42% |===================== ]-
 43% |===================== ]\
 45% |====================== ]|
 46% |======================= ]/
 47% |======================= ]-
 49% |======================== ]\
 50% |========================= ]|
 52% |========================== ]/
 53% |========================== ]-
 54% |=========================== ]\
 56% |============================ ]|
 57% |============================ ]/
 59% |============================= ]-
 60% |============================== ]\
 61% |============================== ]|
 63% |=============================== ]/
 64% |================================ ]-
 66% |================================= ]\
 67% |================================= ]|
 69% |================================== ]/
 70% |=================================== ]-
 71% |=================================== ]\
 73% |==================================== ]|
 74% |===================================== ]/
 76% |====================================== ]-
 77% |====================================== ]\
 78% |======================================= ]|
 80% |======================================== ]/
 81% |======================================== ]-
 83% |========================================= ]\
 84% |========================================== ]|
 85% |========================================== ]/
 87% |=========================================== ]-
 88% |============================================ ]\
 90% |============================================= ]|
 91% |============================================= ]/
 92% |============================================== ]-
 94% |=============================================== ]\
 95% |=============================================== ]|
 97% |================================================ ]/
 98% |================================================= ]-
100% |================================================== ]\
[267959] INFO MethodsAssertGenerator - Run instrumented tests. (213)
[268614] WARN TestCompiler - 9 errors during compilation, discarding involved test methods
[269268] ERROR TestCompiler - Pb(2) T cannot be resolved to a type
[269268] ERROR TestCompiler - Pb(2) T cannot be resolved to a type
[269268] ERROR TestCompiler - Pb(2) T cannot be resolved to a type
[269268] ERROR TestCompiler - Pb(2) T cannot be resolved to a type
[269268] ERROR TestCompiler - Pb(2) T cannot be resolved to a type
[269268] ERROR TestCompiler - Pb(2) T cannot be resolved to a type
[269268] ERROR TestCompiler - Pb(2) T cannot be resolved to a type
[269268] ERROR TestCompiler - Pb(2) T cannot be resolved to a type
[269268] ERROR TestCompiler - Pb(2) T cannot be resolved to a type
[271881] INFO MethodsAssertGenerator - Generating assertions...
[271937] INFO AssertGenerator - 1 test fail, generating try/catch/fail blocks...
[271938] INFO AssertGenerator - 69 new tests with assertions generated
[272747] WARN Amplification - Discarding failing test cases
[272747] INFO Amplification - 1 test method(s) has been successfully generated
[272774] DEBUG Launcher - building sources: [/tmp/Ex2Amplifier-experiments/target/dspot/tmp_test_sources/io/protostuff/runtime/ExcludeFieldTest.java]
[272775] DEBUG Launcher - build args: [-encoding, UTF-8, -cp, /home/spirals/danglot/.m2/repository/junit/junit/4.11/junit-4.11.jar:/home/spirals/danglot/.m2/repository/org/hamcrest/hamcrest-core/1.3/hamcrest-core-1.3.jar:/home/spirals/danglot/.m2/repository/org/mockito/mockito-core/1.10.8/mockito-core-1.10.8.jar:/home/spirals/danglot/.m2/repository/org/objenesis/objenesis/2.1/objenesis-2.1.jar:/home/spirals/danglot/.m2/repository/io/protostuff/protostuff-core/1.4.3-SNAPSHOT/protostuff-core-1.4.3-SNAPSHOT.jar:/home/spirals/danglot/.m2/repository/io/protostuff/protostuff-core/1.4.3-SNAPSHOT/protostuff-core-1.4.3-SNAPSHOT-tests.jar:/home/spirals/danglot/.m2/repository/io/protostuff/protostuff-api/1.4.3-SNAPSHOT/protostuff-api-1.4.3-SNAPSHOT.jar:/home/spirals/danglot/.m2/repository/io/protostuff/protostuff-collectionschema/1.4.3-SNAPSHOT/protostuff-collectionschema-1.4.3-SNAPSHOT.jar:target/dspot/dependencies/:dataset/may-2018/protostuff/184_modified/protostuff-runtime//target/classes:dataset/may-2018/protostuff/184_modified/protostuff-runtime//target/test-classes:, -1.8, -preserveAllLocals, -noExit, -enableJavadoc, /tmp/Ex2Amplifier-experiments/target/dspot/tmp_test_sources/io/protostuff/runtime/ExcludeFieldTest.java]
[272811] DEBUG Launcher - built in 37 ms
[272811] DEBUG Launcher - building templates: []
[272811] DEBUG Launcher - built in 0 ms
[272811] DEBUG Launcher - model built in 37
[272811] DEBUG Launcher - compiling sources: [/tmp/Ex2Amplifier-experiments/target/dspot/tmp_test_sources/io/protostuff/runtime/ExcludeFieldTest.java]
[272811] DEBUG Launcher - compile args: [-encoding, UTF-8, -cp, /home/spirals/danglot/.m2/repository/junit/junit/4.11/junit-4.11.jar:/home/spirals/danglot/.m2/repository/org/hamcrest/hamcrest-core/1.3/hamcrest-core-1.3.jar:/home/spirals/danglot/.m2/repository/org/mockito/mockito-core/1.10.8/mockito-core-1.10.8.jar:/home/spirals/danglot/.m2/repository/org/objenesis/objenesis/2.1/objenesis-2.1.jar:/home/spirals/danglot/.m2/repository/io/protostuff/protostuff-core/1.4.3-SNAPSHOT/protostuff-core-1.4.3-SNAPSHOT.jar:/home/spirals/danglot/.m2/repository/io/protostuff/protostuff-core/1.4.3-SNAPSHOT/protostuff-core-1.4.3-SNAPSHOT-tests.jar:/home/spirals/danglot/.m2/repository/io/protostuff/protostuff-api/1.4.3-SNAPSHOT/protostuff-api-1.4.3-SNAPSHOT.jar:/home/spirals/danglot/.m2/repository/io/protostuff/protostuff-collectionschema/1.4.3-SNAPSHOT/protostuff-collectionschema-1.4.3-SNAPSHOT.jar:target/dspot/dependencies/:dataset/may-2018/protostuff/184_modified/protostuff-runtime//target/classes:dataset/may-2018/protostuff/184_modified/protostuff-runtime//target/test-classes:, -d, /tmp/Ex2Amplifier-experiments/dataset/may-2018/protostuff/184/protostuff-runtime/target/test-classes, -1.8, -proc:none, -preserveAllLocals, -noExit, -enableJavadoc, /tmp/Ex2Amplifier-experiments/target/dspot/tmp_test_sources/io/protostuff/runtime/ExcludeFieldTest.java]
[272850] DEBUG Launcher - compiled in 39 ms
[273238] INFO Amplification - iteration 1:
[273238] INFO Amplification - 1 tests selected to be amplified over 1 available tests
[273238] INFO Amplification - Amplification of inputs...

100% |================================================== ]/
[273859] WARN TypeUtils - Error during check isString on io.protostuff.runtime.Field<io.protostuff.runtime.ExcludeFieldTest.TaggedAndExcludedEntity>
[273860] WARN TypeUtils - Error during check isString on io.protostuff.runtime.Field<io.protostuff.runtime.ExcludeFieldTest.TaggedAndExcludedEntity>
[273860] WARN TypeUtils - Error during check isString on io.protostuff.runtime.Field<T>
[273906] INFO Amplification - 61 new tests generated
[273967] INFO AssertGenerator - Run tests. (61)
[273982] DEBUG Launcher - printing io.protostuff.runtime.ExcludeFieldTest to /tmp/Ex2Amplifier-experiments/target/dspot/tmp_test_sources
[274643] INFO AssertGenerator - 59 test pass, generating assertion...
[274657] INFO MethodsAssertGenerator - Add observations points in passing tests.
[274657] INFO MethodsAssertGenerator - Instrumentation...

  1% | ]/
  3% |= ]-
  5% |== ]\
  6% |=== ]|
  8% |==== ]/
 10% |===== ]-
 11% |===== ]\
 13% |====== ]|
 15% |======= ]/
 16% |======== ]-
 18% |========= ]\
 20% |========== ]|
 22% |=========== ]/
 23% |=========== ]-
 25% |============ ]\
 27% |============= ]|
 28% |============== ]/
 30% |=============== ]-
 32% |================ ]\
 33% |================ ]|
 35% |================= ]/
 37% |================== ]-
 38% |=================== ]\
 40% |==================== ]|
 42% |===================== ]/
 44% |====================== ]-
 45% |====================== ]\
 47% |======================= ]|
 49% |======================== ]/
 50% |========================= ]-
 52% |========================== ]\
 54% |=========================== ]|
 55% |=========================== ]/
 57% |============================ ]-
 59% |============================= ]\
 61% |============================== ]|
 62% |=============================== ]/
 64% |================================ ]-
 66% |================================= ]\
 67% |================================= ]|
 69% |================================== ]/
 71% |=================================== ]-
 72% |==================================== ]\
 74% |===================================== ]|
 76% |====================================== ]/
 77% |====================================== ]-
 79% |======================================= ]\
 81% |======================================== ]|
 83% |========================================= ]/
 84% |========================================== ]-
 86% |=========================================== ]\
 88% |============================================ ]|
 89% |============================================ ]/
 91% |============================================= ]-
 93% |============================================== ]\
 94% |=============================================== ]|
 96% |================================================ ]/
 98% |================================================= ]-
100% |================================================== ]\
[274918] INFO MethodsAssertGenerator - Run instrumented tests. (177)
[275055] DEBUG Launcher - printing io.protostuff.runtime.ExcludeFieldTest to /tmp/Ex2Amplifier-experiments/target/dspot/tmp_test_sources
[275518] WARN TestCompiler - 100 errors during compilation, discarding involved test methods
[276154] ERROR TestCompiler - Pb(2) T cannot be resolved to a type
[276154] ERROR TestCompiler - Pb(2) T cannot be resolved to a type
[276154] ERROR TestCompiler - Pb(2) T cannot be resolved to a type
[276154] ERROR TestCompiler - Pb(2) T cannot be resolved to a type
[276154] ERROR TestCompiler - Pb(2) T cannot be resolved to a type
[276154] ERROR TestCompiler - Pb(2) T cannot be resolved to a type
[276154] ERROR TestCompiler - Pb(2) T cannot be resolved to a type
[276154] ERROR TestCompiler - Pb(2) T cannot be resolved to a type
[276154] ERROR TestCompiler - Pb(2) T cannot be resolved to a type
[276154] ERROR TestCompiler - Pb(2) T cannot be resolved to a type
[276154] ERROR TestCompiler - Pb(2) T cannot be resolved to a type
[276154] ERROR TestCompiler - Pb(2) T cannot be resolved to a type
[276154] ERROR TestCompiler - Pb(2) T cannot be resolved to a type
[276154] ERROR TestCompiler - Pb(2) T cannot be resolved to a type
[276154] ERROR TestCompiler - Pb(2) T cannot be resolved to a type
[276154] ERROR TestCompiler - Pb(2) T cannot be resolved to a type
[276154] ERROR TestCompiler - Pb(2) T cannot be resolved to a type
[276154] ERROR TestCompiler - Pb(2) T cannot be resolved to a type
[276154] ERROR TestCompiler - Pb(2) T cannot be resolved to a type
[276154] ERROR TestCompiler - Pb(2) T cannot be resolved to a type
[276711] WARN TestCompiler - 81 errors during compilation, discarding involved test methods
[277021] ERROR TestCompiler - Pb(2) T cannot be resolved to a type
[277021] ERROR TestCompiler - Pb(2) T cannot be resolved to a type
[277021] ERROR TestCompiler - Pb(2) T cannot be resolved to a type
[277021] ERROR TestCompiler - Pb(2) T cannot be resolved to a type
[277021] ERROR TestCompiler - Pb(2) T cannot be resolved to a type
[277021] ERROR TestCompiler - Pb(2) T cannot be resolved to a type
[277021] ERROR TestCompiler - Pb(2) T cannot be resolved to a type
[277021] ERROR TestCompiler - Pb(2) T cannot be resolved to a type
[277021] ERROR TestCompiler - Pb(2) T cannot be resolved to a type
[277021] ERROR TestCompiler - Pb(2) T cannot be resolved to a type
[277021] ERROR TestCompiler - Pb(2) T cannot be resolved to a type
[277021] ERROR TestCompiler - Pb(2) T cannot be resolved to a type
[277021] ERROR TestCompiler - Pb(2) T cannot be resolved to a type
[277021] ERROR TestCompiler - Pb(2) T cannot be resolved to a type
[277021] ERROR TestCompiler - Pb(2) T cannot be resolved to a type
[277021] ERROR TestCompiler - Pb(2) T cannot be resolved to a type
[277021] ERROR TestCompiler - Pb(2) T cannot be resolved to a type
[277021] ERROR TestCompiler - Pb(2) T cannot be resolved to a type
[277021] ERROR TestCompiler - Pb(2) T cannot be resolved to a type
[277021] ERROR TestCompiler - Pb(2) T cannot be resolved to a type
fr.inria.diversify.dspot.AmplificationException: Every test methods are uncompilable
	at fr.inria.diversify.utils.compilation.TestCompiler.compileAndRun(TestCompiler.java:76)
	at fr.inria.diversify.dspot.assertGenerator.MethodsAssertGenerator.addAssertions(MethodsAssertGenerator.java:99)
	at fr.inria.diversify.dspot.assertGenerator.AssertGenerator.innerAssertionAmplification(AssertGenerator.java:117)
	at fr.inria.diversify.dspot.assertGenerator.AssertGenerator.assertionAmplification(AssertGenerator.java:66)
	at fr.inria.diversify.dspot.Amplification.amplification(Amplification.java:140)
	at fr.inria.diversify.dspot.Amplification.amplification(Amplification.java:103)
	at fr.inria.diversify.dspot.DSpot.amplifyTest(DSpot.java:183)
	at fr.inria.diversify.dspot.DSpot.amplifyTest(DSpot.java:170)
	at eu.stamp_project.Main.lambda$null$1(Main.java:143)
	at java.util.stream.ReferencePipeline$3$1.accept(ReferencePipeline.java:193)
	at java.util.HashMap$KeySpliterator.forEachRemaining(HashMap.java:1548)
	at java.util.stream.AbstractPipeline.copyInto(AbstractPipeline.java:481)
	at java.util.stream.AbstractPipeline.wrapAndCopyInto(AbstractPipeline.java:471)
	at java.util.stream.ReduceOps$ReduceOp.evaluateSequential(ReduceOps.java:708)
	at java.util.stream.AbstractPipeline.evaluate(AbstractPipeline.java:234)
	at java.util.stream.ReferencePipeline.collect(ReferencePipeline.java:499)
	at eu.stamp_project.Main.lambda$run$2(Main.java:144)
	at java.util.stream.ForEachOps$ForEachOp$OfRef.accept(ForEachOps.java:184)
	at java.util.stream.ReferencePipeline$2$1.accept(ReferencePipeline.java:175)
	at java.util.ArrayList$ArrayListSpliterator.forEachRemaining(ArrayList.java:1374)
	at java.util.stream.AbstractPipeline.copyInto(AbstractPipeline.java:481)
	at java.util.stream.AbstractPipeline.wrapAndCopyInto(AbstractPipeline.java:471)
	at java.util.stream.ForEachOps$ForEachOp.evaluateSequential(ForEachOps.java:151)
	at java.util.stream.ForEachOps$ForEachOp$OfRef.evaluateSequential(ForEachOps.java:174)
	at java.util.stream.AbstractPipeline.evaluate(AbstractPipeline.java:234)
	at java.util.stream.ReferencePipeline.forEach(ReferencePipeline.java:418)
	at eu.stamp_project.Main.run(Main.java:117)
	at eu.stamp_project.Main.main(Main.java:88)
[277579] INFO AssertGenerator - 2 test fail, generating try/catch/fail blocks...
[277580] INFO AssertGenerator - Could not generate any test with assertions
[277580] INFO Amplification - iteration 2:
[277580] INFO Amplification - 61 tests selected to be amplified over 61 available tests
[277580] INFO Amplification - Amplification of inputs...

 65% |================================ ]|
 40% |================================ ]/
 31% |================================ ]\
 32% |============================================= ]|
 98% |================================================= ]|
 26% |================================================= ]|
 91% |================================================= ]|
 45% |================================================= ]|
 27% |================================================= ]/
 16% |================================================= ]-
 90% |================================================= ]\
 83% |================================================= ]\
 57% |================================================= ]\
 36% |================================================= ]-
 52% |================================================= ]|
  8% |================================================= ]/[283841] WARN TypeUtils - Error during check isString on io.protostuff.runtime.Field<io.protostuff.runtime.ExcludeFieldTest.TaggedAndExcludedEntity>
[283844] WARN TypeUtils - Error during check isString on io.protostuff.runtime.Field<io.protostuff.runtime.ExcludeFieldTest.TaggedAndExcludedEntity>
[283845] WARN TypeUtils - Error during check isString on io.protostuff.runtime.Field<io.protostuff.runtime.ExcludeFieldTest.TaggedAndExcludedEntity>
[283849] WARN TypeUtils - Error during check isString on io.protostuff.runtime.Field<io.protostuff.runtime.ExcludeFieldTest.TaggedAndExcludedEntity>
[283849] WARN TypeUtils - Error during check isString on io.protostuff.runtime.Field<T>
[283851] WARN TypeUtils - Error during check isString on io.protostuff.runtime.Field<io.protostuff.runtime.ExcludeFieldTest.TaggedAndExcludedEntity>
[283852] WARN TypeUtils - Error during check isString on io.protostuff.runtime.Field<io.protostuff.runtime.ExcludeFieldTest.TaggedAndExcludedEntity>
[283852] WARN TypeUtils - Error during check isString on io.protostuff.runtime.Field<T>
[283855] WARN TypeUtils - Error during check isString on io.protostuff.runtime.Field<io.protostuff.runtime.ExcludeFieldTest.TaggedAndExcludedEntity>
[283855] WARN TypeUtils - Error during check isString on io.protostuff.runtime.Field<io.protostuff.runtime.ExcludeFieldTest.TaggedAndExcludedEntity>
[283857] WARN TypeUtils - Error during check isString on io.protostuff.runtime.Field<T>
[283858] WARN TypeUtils - Error during check isString on io.protostuff.runtime.Field<T>
[283876] WARN TypeUtils - Error during check isString on io.protostuff.runtime.Field<io.protostuff.runtime.ExcludeFieldTest.TaggedAndExcludedEntity>
[283878] WARN TypeUtils - Error during check isString on io.protostuff.runtime.Field<io.protostuff.runtime.ExcludeFieldTest.TaggedAndExcludedEntity>
[283879] WARN TypeUtils - Error during check isString on io.protostuff.runtime.Field<T>
[283932] WARN TypeUtils - Error during check isString on io.protostuff.runtime.Field<io.protostuff.runtime.ExcludeFieldTest.TaggedAndExcludedEntity>
[283932] WARN TypeUtils - Error during check isString on io.protostuff.runtime.Field<io.protostuff.runtime.ExcludeFieldTest.TaggedAndExcludedEntity>
[283933] WARN TypeUtils - Error during check isString on io.protostuff.runtime.Field<io.protostuff.runtime.ExcludeFieldTest.TaggedAndExcludedEntity>
[283933] WARN TypeUtils - Error during check isString on io.protostuff.runtime.Field<io.protostuff.runtime.ExcludeFieldTest.TaggedAndExcludedEntity>
[283934] WARN TypeUtils - Error during check isString on io.protostuff.runtime.Field<T>
[283934] WARN TypeUtils - Error during check isString on io.protostuff.runtime.Field<T>

 34% |================================================= ]/[284040] WARN TypeUtils - Error during check isString on io.protostuff.runtime.Field<io.protostuff.runtime.ExcludeFieldTest.TaggedAndExcludedEntity>
[284045] WARN TypeUtils - Error during check isString on io.protostuff.runtime.Field<io.protostuff.runtime.ExcludeFieldTest.TaggedAndExcludedEntity>
[284048] WARN TypeUtils - Error during check isString on io.protostuff.runtime.Field<T>

 93% |================================================= ]/
 42% |================================================= ]-
100% |================================================== ]/

 50% |========================= ]\
 44% |========================= ]\
  6% |========================= ]|[284402] WARN TypeUtils - Error during check isString on io.protostuff.runtime.Field<io.protostuff.runtime.ExcludeFieldTest.TaggedAndExcludedEntity>
[284405] WARN TypeUtils - Error during check isString on io.protostuff.runtime.Field<io.protostuff.runtime.ExcludeFieldTest.TaggedAndExcludedEntity>
[284406] WARN TypeUtils - Error during check isString on io.protostuff.runtime.Field<io.protostuff.runtime.ExcludeFieldTest.TaggedAndExcludedEntity>
[284408] WARN TypeUtils - Error during check isString on io.protostuff.runtime.Field<io.protostuff.runtime.ExcludeFieldTest.TaggedAndExcludedEntity>
[284409] WARN TypeUtils - Error during check isString on io.protostuff.runtime.Field<T>
[284410] WARN TypeUtils - Error during check isString on io.protostuff.runtime.Field<T>
[284430] WARN TypeUtils - Error during check isString on io.protostuff.runtime.Field<io.protostuff.runtime.ExcludeFieldTest.TaggedAndExcludedEntity>
[284435] WARN TypeUtils - Error during check isString on io.protostuff.runtime.Field<io.protostuff.runtime.ExcludeFieldTest.TaggedAndExcludedEntity>
[284439] WARN TypeUtils - Error during check isString on io.protostuff.runtime.Field<T>
[284534] WARN TypeUtils - Error during check isString on io.protostuff.runtime.Field<io.protostuff.runtime.ExcludeFieldTest.TaggedAndExcludedEntity>
[284538] WARN TypeUtils - Error during check isString on io.protostuff.runtime.Field<io.protostuff.runtime.ExcludeFieldTest.TaggedAndExcludedEntity>
[284541] WARN TypeUtils - Error during check isString on io.protostuff.runtime.Field<T>
[284611] WARN TypeUtils - Error during check isString on io.protostuff.runtime.Field<io.protostuff.runtime.ExcludeFieldTest.TaggedAndExcludedEntity>
[284613] WARN TypeUtils - Error during check isString on io.protostuff.runtime.Field<io.protostuff.runtime.ExcludeFieldTest.TaggedAndExcludedEntity>
[284614] WARN TypeUtils - Error during check isString on io.protostuff.runtime.Field<T>

 54% |=========================== ]/[284636] WARN TypeUtils - Error during check isString on io.protostuff.runtime.Field<io.protostuff.runtime.ExcludeFieldTest.TaggedAndExcludedEntity>
[284638] WARN TypeUtils - Error during check isString on io.protostuff.runtime.Field<io.protostuff.runtime.ExcludeFieldTest.TaggedAndExcludedEntity>
[284639] WARN TypeUtils - Error during check isString on io.protostuff.runtime.Field<T>
[284688] WARN TypeUtils - Error during check isString on io.protostuff.runtime.Field<io.protostuff.runtime.ExcludeFieldTest.TaggedAndExcludedEntity>
[284690] WARN TypeUtils - Error during check isString on io.protostuff.runtime.Field<io.protostuff.runtime.ExcludeFieldTest.TaggedAndExcludedEntity>
[284691] WARN TypeUtils - Error during check isString on io.protostuff.runtime.Field<T>
[284733] WARN TypeUtils - Error during check isString on io.protostuff.runtime.Field<io.protostuff.runtime.ExcludeFieldTest.TaggedAndExcludedEntity>
[284735] WARN TypeUtils - Error during check isString on io.protostuff.runtime.Field<io.protostuff.runtime.ExcludeFieldTest.TaggedAndExcludedEntity>
[284736] WARN TypeUtils - Error during check isString on io.protostuff.runtime.Field<T>

 67% |================================= ]/
 29% |================================= ]-
 18% |================================= ]\
 60% |================================= ]/
 55% |================================= ]-
  3% |================================= ]-
 88% |============================================ ]-
 81% |============================================ ]-[290294] WARN TypeUtils - Error during check isString on io.protostuff.runtime.Field<io.protostuff.runtime.ExcludeFieldTest.TaggedAndExcludedEntity>
[290298] WARN TypeUtils - Error during check isString on io.protostuff.runtime.Field<io.protostuff.runtime.ExcludeFieldTest.TaggedAndExcludedEntity>
[290301] WARN TypeUtils - Error during check isString on io.protostuff.runtime.Field<T>
[290394] WARN TypeUtils - Error during check isString on io.protostuff.runtime.Field<io.protostuff.runtime.ExcludeFieldTest.TaggedAndExcludedEntity>
[290397] WARN TypeUtils - Error during check isString on io.protostuff.runtime.Field<io.protostuff.runtime.ExcludeFieldTest.TaggedAndExcludedEntity>
[290399] WARN TypeUtils - Error during check isString on io.protostuff.runtime.Field<T>
[290403] WARN TypeUtils - Error during check isString on io.protostuff.runtime.Field<io.protostuff.runtime.ExcludeFieldTest.TaggedAndExcludedEntity>
[290404] WARN TypeUtils - Error during check isString on io.protostuff.runtime.Field<io.protostuff.runtime.ExcludeFieldTest.TaggedAndExcludedEntity>
[290405] WARN TypeUtils - Error during check isString on io.protostuff.runtime.Field<T>
[290440] WARN TypeUtils - Error during check isString on io.protostuff.runtime.Field<io.protostuff.runtime.ExcludeFieldTest.TaggedAndExcludedEntity>
[290442] WARN TypeUtils - Error during check isString on io.protostuff.runtime.Field<io.protostuff.runtime.ExcludeFieldTest.TaggedAndExcludedEntity>
[290444] WARN TypeUtils - Error during check isString on io.protostuff.runtime.Field<T>
[290467] WARN TypeUtils - Error during check isString on io.protostuff.runtime.Field<io.protostuff.runtime.ExcludeFieldTest.TaggedAndExcludedEntity>
[290469] WARN TypeUtils - Error during check isString on io.protostuff.runtime.Field<io.protostuff.runtime.ExcludeFieldTest.TaggedAndExcludedEntity>
[290471] WARN TypeUtils - Error during check isString on io.protostuff.runtime.Field<T>
[290562] WARN TypeUtils - Error during check isString on io.protostuff.runtime.Field<io.protostuff.runtime.ExcludeFieldTest.TaggedAndExcludedEntity>

 96% |================================================ ]\[290564] WARN TypeUtils - Error during check isString on io.protostuff.runtime.Field<io.protostuff.runtime.ExcludeFieldTest.TaggedAndExcludedEntity>
[290565] WARN TypeUtils - Error during check isString on io.protostuff.runtime.Field<T>
[290590] WARN TypeUtils - Error during check isString on io.protostuff.runtime.Field<io.protostuff.runtime.ExcludeFieldTest.TaggedAndExcludedEntity>
[290592] WARN TypeUtils - Error during check isString on io.protostuff.runtime.Field<io.protostuff.runtime.ExcludeFieldTest.TaggedAndExcludedEntity>
[290593] WARN TypeUtils - Error during check isString on io.protostuff.runtime.Field<T>

 49% |================================================ ]-
 39% |================================================ ]|
 11% |================================================ ]\
  1% |================================================ ]/
  4% |================================================ ]\
 59% |================================================ ]|[291254] WARN TypeUtils - Error during check isString on io.protostuff.runtime.Field<io.protostuff.runtime.ExcludeFieldTest.TaggedAndExcludedEntity>
[291258] WARN TypeUtils - Error during check isString on io.protostuff.runtime.Field<io.protostuff.runtime.ExcludeFieldTest.TaggedAndExcludedEntity>
[291261] WARN TypeUtils - Error during check isString on io.protostuff.runtime.Field<T>
[291263] WARN TypeUtils - Error during check isString on io.protostuff.runtime.Field<T>
[291797] WARN TypeUtils - Error during check isString on io.protostuff.runtime.Field<io.protostuff.runtime.ExcludeFieldTest.TaggedAndExcludedEntity>
[291800] WARN TypeUtils - Error during check isString on io.protostuff.runtime.Field<io.protostuff.runtime.ExcludeFieldTest.TaggedAndExcludedEntity>
[291801] WARN TypeUtils - Error during check isString on io.protostuff.runtime.Field<io.protostuff.runtime.ExcludeFieldTest.TaggedAndExcludedEntity>
[291802] WARN TypeUtils - Error during check isString on io.protostuff.runtime.Field<io.protostuff.runtime.ExcludeFieldTest.TaggedAndExcludedEntity>
[291805] WARN TypeUtils - Error during check isString on io.protostuff.runtime.Field<io.protostuff.runtime.ExcludeFieldTest.TaggedAndExcludedEntity>
[291806] WARN TypeUtils - Error during check isString on io.protostuff.runtime.Field<T>
[291806] WARN TypeUtils - Error during check isString on io.protostuff.runtime.Field<io.protostuff.runtime.ExcludeFieldTest.TaggedAndExcludedEntity>
[291808] WARN TypeUtils - Error during check isString on io.protostuff.runtime.Field<T>

 72% |================================================ ]|[291809] WARN TypeUtils - Error during check isString on io.protostuff.runtime.Field<T>
[292154] WARN TypeUtils - Error during check isString on io.protostuff.runtime.Field<io.protostuff.runtime.ExcludeFieldTest.TaggedAndExcludedEntity>
[292156] WARN TypeUtils - Error during check isString on io.protostuff.runtime.Field<io.protostuff.runtime.ExcludeFieldTest.TaggedAndExcludedEntity>
[292157] WARN TypeUtils - Error during check isString on io.protostuff.runtime.Field<T>
[292174] WARN TypeUtils - Error during check isString on io.protostuff.runtime.Field<io.protostuff.runtime.ExcludeFieldTest.TaggedAndExcludedEntity>
[292178] WARN TypeUtils - Error during check isString on io.protostuff.runtime.Field<io.protostuff.runtime.ExcludeFieldTest.TaggedAndExcludedEntity>
[292181] WARN TypeUtils - Error during check isString on io.protostuff.runtime.Field<T>
[292284] WARN TypeUtils - Error during check isString on io.protostuff.runtime.Field<io.protostuff.runtime.ExcludeFieldTest.TaggedAndExcludedEntity>
[292284] WARN TypeUtils - Error during check isString on io.protostuff.runtime.Field<io.protostuff.runtime.ExcludeFieldTest.TaggedAndExcludedEntity>
[292285] WARN TypeUtils - Error during check isString on io.protostuff.runtime.Field<io.protostuff.runtime.ExcludeFieldTest.TaggedAndExcludedEntity>
[292286] WARN TypeUtils - Error during check isString on io.protostuff.runtime.Field<io.protostuff.runtime.ExcludeFieldTest.TaggedAndExcludedEntity>
[292286] WARN TypeUtils - Error during check isString on io.protostuff.runtime.Field<T>
[292287] WARN TypeUtils - Error during check isString on io.protostuff.runtime.Field<T>

 63% |================================================ ]\[292340] WARN TypeUtils - Error during check isString on io.protostuff.runtime.Field<io.protostuff.runtime.ExcludeFieldTest.TaggedAndExcludedEntity>
[292341] WARN TypeUtils - Error during check isString on io.protostuff.runtime.Field<io.protostuff.runtime.ExcludeFieldTest.TaggedAndExcludedEntity>
[292342] WARN TypeUtils - Error during check isString on io.protostuff.runtime.Field<T>

 62% |================================================ ]-
 47% |================================================ ]/
 70% |================================================ ]\
 22% |================================================ ]-
  9% |================================================ ]-
 86% |================================================ ]/
 14% |================================================ ]/[296736] WARN TypeUtils - Error during check isString on io.protostuff.runtime.Field<io.protostuff.runtime.ExcludeFieldTest.TaggedAndExcludedEntity>
[296740] WARN TypeUtils - Error during check isString on io.protostuff.runtime.Field<io.protostuff.runtime.ExcludeFieldTest.TaggedAndExcludedEntity>
[296743] WARN TypeUtils - Error during check isString on io.protostuff.runtime.Field<T>
[296932] WARN TypeUtils - Error during check isString on io.protostuff.runtime.Field<io.protostuff.runtime.ExcludeFieldTest.TaggedAndExcludedEntity>
[296934] WARN TypeUtils - Error during check isString on io.protostuff.runtime.Field<io.protostuff.runtime.ExcludeFieldTest.TaggedAndExcludedEntity>
[296936] WARN TypeUtils - Error during check isString on io.protostuff.runtime.Field<io.protostuff.runtime.ExcludeFieldTest.TaggedAndExcludedEntity>
[296937] WARN TypeUtils - Error during check isString on io.protostuff.runtime.Field<io.protostuff.runtime.ExcludeFieldTest.TaggedAndExcludedEntity>
[296938] WARN TypeUtils - Error during check isString on io.protostuff.runtime.Field<io.protostuff.runtime.ExcludeFieldTest.TaggedAndExcludedEntity>
[296939] WARN TypeUtils - Error during check isString on io.protostuff.runtime.Field<io.protostuff.runtime.ExcludeFieldTest.TaggedAndExcludedEntity>
[296941] WARN TypeUtils - Error during check isString on io.protostuff.runtime.Field<T>
[296941] WARN TypeUtils - Error during check isString on io.protostuff.runtime.Field<T>
[296942] WARN TypeUtils - Error during check isString on io.protostuff.runtime.Field<T>
[296943] WARN TypeUtils - Error during check isString on io.protostuff.runtime.Field<T>
[297006] WARN TypeUtils - Error during check isString on io.protostuff.runtime.Field<io.protostuff.runtime.ExcludeFieldTest.TaggedAndExcludedEntity>
[297008] WARN TypeUtils - Error during check isString on io.protostuff.runtime.Field<io.protostuff.runtime.ExcludeFieldTest.TaggedAndExcludedEntity>
[297009] WARN TypeUtils - Error during check isString on io.protostuff.runtime.Field<T>
[297045] WARN TypeUtils - Error during check isString on io.protostuff.runtime.Field<io.protostuff.runtime.ExcludeFieldTest.TaggedAndExcludedEntity>
[297047] WARN TypeUtils - Error during check isString on io.protostuff.runtime.Field<io.protostuff.runtime.ExcludeFieldTest.TaggedAndExcludedEntity>
[297049] WARN TypeUtils - Error during check isString on io.protostuff.runtime.Field<T>
[297116] WARN TypeUtils - Error during check isString on io.protostuff.runtime.Field<io.protostuff.runtime.ExcludeFieldTest.TaggedAndExcludedEntity>
[297118] WARN TypeUtils - Error during check isString on io.protostuff.runtime.Field<io.protostuff.runtime.ExcludeFieldTest.TaggedAndExcludedEntity>
[297119] WARN TypeUtils - Error during check isString on io.protostuff.runtime.Field<T>

 95% |================================================ ]-
 37% |================================================ ]\
 73% |================================================ ]/
 21% |================================================ ]/
 68% |================================================ ]-
 13% |================================================ ]|
 19% |================================================ ]|[298241] WARN TypeUtils - Error during check isString on io.protostuff.runtime.Field<io.protostuff.runtime.ExcludeFieldTest.TaggedAndExcludedEntity>
[298248] WARN TypeUtils - Error during check isString on io.protostuff.runtime.Field<io.protostuff.runtime.ExcludeFieldTest.TaggedAndExcludedEntity>
[298253] WARN TypeUtils - Error during check isString on io.protostuff.runtime.Field<T>
[298714] WARN TypeUtils - Error during check isString on io.protostuff.runtime.Field<io.protostuff.runtime.ExcludeFieldTest.TaggedAndExcludedEntity>
[298717] WARN TypeUtils - Error during check isString on io.protostuff.runtime.Field<io.protostuff.runtime.ExcludeFieldTest.TaggedAndExcludedEntity>
[298720] WARN TypeUtils - Error during check isString on io.protostuff.runtime.Field<T>
[298791] WARN TypeUtils - Error during check isString on io.protostuff.runtime.Field<io.protostuff.runtime.ExcludeFieldTest.TaggedAndExcludedEntity>
[298794] WARN TypeUtils - Error during check isString on io.protostuff.runtime.Field<io.protostuff.runtime.ExcludeFieldTest.TaggedAndExcludedEntity>
[298797] WARN TypeUtils - Error during check isString on io.protostuff.runtime.Field<T>

 78% |================================================ ]|
 85% |================================================ ]|[299211] WARN TypeUtils - Error during check isString on io.protostuff.runtime.Field<io.protostuff.runtime.ExcludeFieldTest.TaggedAndExcludedEntity>
[299213] WARN TypeUtils - Error during check isString on io.protostuff.runtime.Field<io.protostuff.runtime.ExcludeFieldTest.TaggedAndExcludedEntity>
[299214] WARN TypeUtils - Error during check isString on io.protostuff.runtime.Field<T>
[299216] WARN TypeUtils - Error during check isString on io.protostuff.runtime.Field<io.protostuff.runtime.ExcludeFieldTest.TaggedAndExcludedEntity>
[299218] WARN TypeUtils - Error during check isString on io.protostuff.runtime.Field<io.protostuff.runtime.ExcludeFieldTest.TaggedAndExcludedEntity>
[299219] WARN TypeUtils - Error during check isString on io.protostuff.runtime.Field<T>

 77% |================================================ ]\[299312] WARN TypeUtils - Error during check isString on io.protostuff.runtime.Field<io.protostuff.runtime.ExcludeFieldTest.TaggedAndExcludedEntity>
[299315] WARN TypeUtils - Error during check isString on io.protostuff.runtime.Field<io.protostuff.runtime.ExcludeFieldTest.TaggedAndExcludedEntity>
[299317] WARN TypeUtils - Error during check isString on io.protostuff.runtime.Field<T>
[299530] WARN TypeUtils - Error during check isString on io.protostuff.runtime.Field<io.protostuff.runtime.ExcludeFieldTest.TaggedAndExcludedEntity>
[299532] WARN TypeUtils - Error during check isString on io.protostuff.runtime.Field<io.protostuff.runtime.ExcludeFieldTest.TaggedAndExcludedEntity>
[299533] WARN TypeUtils - Error during check isString on io.protostuff.runtime.Field<T>
[299549] WARN TypeUtils - Error during check isString on io.protostuff.runtime.Field<io.protostuff.runtime.ExcludeFieldTest.TaggedAndExcludedEntity>
[299550] WARN TypeUtils - Error during check isString on io.protostuff.runtime.Field<io.protostuff.runtime.ExcludeFieldTest.TaggedAndExcludedEntity>
[299551] WARN TypeUtils - Error during check isString on io.protostuff.runtime.Field<T>

 75% |================================================ ]-
 24% |================================================ ]\
 80% |================================================ ]/[300091] WARN TypeUtils - Error during check isString on io.protostuff.runtime.Field<io.protostuff.runtime.ExcludeFieldTest.TaggedAndExcludedEntity>
[300094] WARN TypeUtils - Error during check isString on io.protostuff.runtime.Field<io.protostuff.runtime.ExcludeFieldTest.TaggedAndExcludedEntity>
[300097] WARN TypeUtils - Error during check isString on io.protostuff.runtime.Field<T>
[302844] WARN TypeUtils - Error during check isString on io.protostuff.runtime.Field<io.protostuff.runtime.ExcludeFieldTest.TaggedAndExcludedEntity>
[302847] WARN TypeUtils - Error during check isString on io.protostuff.runtime.Field<io.protostuff.runtime.ExcludeFieldTest.TaggedAndExcludedEntity>
[302851] WARN TypeUtils - Error during check isString on io.protostuff.runtime.Field<T>
[303025] WARN TypeUtils - Error during check isString on io.protostuff.runtime.Field<io.protostuff.runtime.ExcludeFieldTest.TaggedAndExcludedEntity>
[303028] WARN TypeUtils - Error during check isString on io.protostuff.runtime.Field<io.protostuff.runtime.ExcludeFieldTest.TaggedAndExcludedEntity>
[303029] WARN TypeUtils - Error during check isString on io.protostuff.runtime.Field<T>
[303030] WARN TypeUtils - Error during check isString on io.protostuff.runtime.Field<io.protostuff.runtime.ExcludeFieldTest.TaggedAndExcludedEntity>
[303031] WARN TypeUtils - Error during check isString on io.protostuff.runtime.Field<io.protostuff.runtime.ExcludeFieldTest.TaggedAndExcludedEntity>
[303032] WARN TypeUtils - Error during check isString on io.protostuff.runtime.Field<T>
[303178] WARN TypeUtils - Error during check isString on io.protostuff.runtime.Field<io.protostuff.runtime.ExcludeFieldTest.TaggedAndExcludedEntity>
[303179] WARN TypeUtils - Error during check isString on io.protostuff.runtime.Field<io.protostuff.runtime.ExcludeFieldTest.TaggedAndExcludedEntity>
[303180] WARN TypeUtils - Error during check isString on io.protostuff.runtime.Field<T>
[303272] WARN TypeUtils - Error during check isString on io.protostuff.runtime.Field<io.protostuff.runtime.ExcludeFieldTest.TaggedAndExcludedEntity>
[303274] WARN TypeUtils - Error during check isString on io.protostuff.runtime.Field<io.protostuff.runtime.ExcludeFieldTest.TaggedAndExcludedEntity>
[303275] WARN TypeUtils - Error during check isString on io.protostuff.runtime.Field<T>
[303306] WARN TypeUtils - Error during check isString on io.protostuff.runtime.Field<io.protostuff.runtime.ExcludeFieldTest.TaggedAndExcludedEntity>
[303307] WARN TypeUtils - Error during check isString on io.protostuff.runtime.Field<io.protostuff.runtime.ExcludeFieldTest.TaggedAndExcludedEntity>
[303308] WARN TypeUtils - Error during check isString on io.protostuff.runtime.Field<T>
[303386] WARN TypeUtils - Error during check isString on io.protostuff.runtime.Field<io.protostuff.runtime.ExcludeFieldTest.TaggedAndExcludedEntity>
[303388] WARN TypeUtils - Error during check isString on io.protostuff.runtime.Field<io.protostuff.runtime.ExcludeFieldTest.TaggedAndExcludedEntity>
[303389] WARN TypeUtils - Error during check isString on io.protostuff.runtime.Field<T>
[303815] WARN TypeUtils - Error during check isString on io.protostuff.runtime.Field<io.protostuff.runtime.ExcludeFieldTest.TaggedAndExcludedEntity>
[303816] WARN TypeUtils - Error during check isString on io.protostuff.runtime.Field<io.protostuff.runtime.ExcludeFieldTest.TaggedAndExcludedEntity>
[303817] WARN TypeUtils - Error during check isString on io.protostuff.runtime.Field<T>
[304013] WARN TypeUtils - Error during check isString on io.protostuff.runtime.Field<io.protostuff.runtime.ExcludeFieldTest.TaggedAndExcludedEntity>
[304013] WARN TypeUtils - Error during check isString on io.protostuff.runtime.Field<io.protostuff.runtime.ExcludeFieldTest.TaggedAndExcludedEntity>
[304014] WARN TypeUtils - Error during check isString on io.protostuff.runtime.Field<T>
[304038] WARN TypeUtils - Error during check isString on io.protostuff.runtime.Field<io.protostuff.runtime.ExcludeFieldTest.TaggedAndExcludedEntity>
[304039] WARN TypeUtils - Error during check isString on io.protostuff.runtime.Field<io.protostuff.runtime.ExcludeFieldTest.TaggedAndExcludedEntity>
[304039] WARN TypeUtils - Error during check isString on io.protostuff.runtime.Field<T>
[304089] WARN TypeUtils - Error during check isString on io.protostuff.runtime.Field<io.protostuff.runtime.ExcludeFieldTest.TaggedAndExcludedEntity>
[304090] WARN TypeUtils - Error during check isString on io.protostuff.runtime.Field<io.protostuff.runtime.ExcludeFieldTest.TaggedAndExcludedEntity>
[304090] WARN TypeUtils - Error during check isString on io.protostuff.runtime.Field<T>
[304134] WARN TypeUtils - Error during check isString on io.protostuff.runtime.Field<io.protostuff.runtime.ExcludeFieldTest.TaggedAndExcludedEntity>
[304134] WARN TypeUtils - Error during check isString on io.protostuff.runtime.Field<io.protostuff.runtime.ExcludeFieldTest.TaggedAndExcludedEntity>
[304134] WARN TypeUtils - Error during check isString on io.protostuff.runtime.Field<T>
[304184] WARN TypeUtils - Error during check isString on io.protostuff.runtime.Field<io.protostuff.runtime.ExcludeFieldTest.TaggedAndExcludedEntity>
[304184] WARN TypeUtils - Error during check isString on io.protostuff.runtime.Field<io.protostuff.runtime.ExcludeFieldTest.TaggedAndExcludedEntity>
[304184] WARN TypeUtils - Error during check isString on io.protostuff.runtime.Field<T>
[304236] INFO Amplification - 3814 new tests generated
[304236] WARN AmplificationHelper - Too many tests have been generated: 3814
[305796] INFO AmplificationHelper - Number of generated test reduced to 200
[308408] INFO AssertGenerator - Run tests. (200)
[308766] WARN TestCompiler - 21 errors during compilation, discarding involved test methods
[309159] ERROR TestCompiler - Pb(2) T cannot be resolved to a type
[309159] ERROR TestCompiler - Pb(2) T cannot be resolved to a type
[309159] ERROR TestCompiler - Pb(2) T cannot be resolved to a type
[309159] ERROR TestCompiler - Pb(2) T cannot be resolved to a type
[309159] ERROR TestCompiler - Pb(2) T cannot be resolved to a type
[309159] ERROR TestCompiler - Pb(2) T cannot be resolved to a type
[309159] ERROR TestCompiler - Pb(2) T cannot be resolved to a type
[309159] ERROR TestCompiler - Pb(2) T cannot be resolved to a type
[309159] ERROR TestCompiler - Pb(2) T cannot be resolved to a type
[309159] ERROR TestCompiler - Pb(2) T cannot be resolved to a type
[309159] ERROR TestCompiler - Pb(2) T cannot be resolved to a type
[309159] ERROR TestCompiler - Pb(2) T cannot be resolved to a type
[309159] ERROR TestCompiler - Pb(2) T cannot be resolved to a type
[309159] ERROR TestCompiler - Pb(2) T cannot be resolved to a type
[309159] ERROR TestCompiler - Pb(2) T cannot be resolved to a type
[309159] ERROR TestCompiler - Pb(2) T cannot be resolved to a type
[309159] ERROR TestCompiler - Pb(2) T cannot be resolved to a type
[309159] ERROR TestCompiler - Pb(2) T cannot be resolved to a type
[309159] ERROR TestCompiler - Pb(2) T cannot be resolved to a type
[309159] ERROR TestCompiler - Pb(2) T cannot be resolved to a type
[310427] INFO AssertGenerator - 175 test pass, generating assertion...
[310498] INFO MethodsAssertGenerator - Add observations points in passing tests.
[310498] INFO MethodsAssertGenerator - Instrumentation...

  0% |================================================ ]/
  1% |================================================ ]-
  1% |================================================ ]\
  2% |================================================ ]|
  2% |================================================ ]/
  3% |================================================ ]-
  4% |================================================ ]\
  4% |================================================ ]|
  5% |================================================ ]/
  5% |================================================ ]-
  6% |================================================ ]\
  6% |================================================ ]|
  7% |================================================ ]/
  8% |================================================ ]-
  8% |================================================ ]\
  9% |================================================ ]|
  9% |================================================ ]/
 10% |================================================ ]-
 10% |================================================ ]\
 11% |================================================ ]|
 12% |================================================ ]/
 12% |================================================ ]-
 13% |================================================ ]\
 13% |================================================ ]|
 14% |================================================ ]/
 14% |================================================ ]-
 15% |================================================ ]\
 16% |================================================ ]|
 16% |================================================ ]/
 17% |================================================ ]-
 17% |================================================ ]\
 18% |================================================ ]|
 18% |================================================ ]/
 19% |================================================ ]-
 20% |================================================ ]\
 20% |================================================ ]|
 21% |================================================ ]/
 21% |================================================ ]-
 22% |================================================ ]\
 22% |================================================ ]|
 23% |================================================ ]/
 24% |================================================ ]-
 24% |================================================ ]\
 25% |================================================ ]|
 25% |================================================ ]/
 26% |================================================ ]-
 26% |================================================ ]\
 27% |================================================ ]|
 28% |================================================ ]/
 28% |================================================ ]-
 29% |================================================ ]\
 29% |================================================ ]|
 30% |================================================ ]/
 30% |================================================ ]-
 31% |================================================ ]\
 32% |================================================ ]|
 32% |================================================ ]/
 33% |================================================ ]-
 33% |================================================ ]\
 34% |================================================ ]|
 34% |================================================ ]/
 35% |================================================ ]-
 36% |================================================ ]\
 36% |================================================ ]|
 37% |================================================ ]/
 37% |================================================ ]-
 38% |================================================ ]\
 38% |================================================ ]|
 39% |================================================ ]/
 40% |================================================ ]-
 40% |================================================ ]\
 41% |================================================ ]|
 41% |================================================ ]/
 42% |================================================ ]-
 42% |================================================ ]\
 43% |================================================ ]|
 44% |================================================ ]/
 44% |================================================ ]-
 45% |================================================ ]\
 45% |================================================ ]|
 46% |================================================ ]/
 46% |================================================ ]-
 47% |================================================ ]\
 48% |================================================ ]|
 48% |================================================ ]/
 49% |================================================ ]-
 49% |================================================ ]\
 50% |================================================ ]|
 50% |================================================ ]/
 51% |================================================ ]-
 52% |================================================ ]\
 52% |================================================ ]|
 53% |================================================ ]/
 53% |================================================ ]-
 54% |================================================ ]\
 54% |================================================ ]|
 55% |================================================ ]/
 56% |================================================ ]-
 56% |================================================ ]\
 57% |================================================ ]|
 57% |================================================ ]/
 58% |================================================ ]-
 58% |================================================ ]\
 59% |================================================ ]|
 60% |================================================ ]/
 60% |================================================ ]-
 61% |================================================ ]\
 61% |================================================ ]|
 62% |================================================ ]/
 62% |================================================ ]-
 63% |================================================ ]\
 64% |================================================ ]|
 64% |================================================ ]/
 65% |================================================ ]-
 65% |================================================ ]\
 66% |================================================ ]|
 66% |================================================ ]/
 67% |================================================ ]-
 68% |================================================ ]\
 68% |================================================ ]|
 69% |================================================ ]/
 69% |================================================ ]-
 70% |================================================ ]\
 70% |================================================ ]|
 71% |================================================ ]/
 72% |================================================ ]-
 72% |================================================ ]\
 73% |================================================ ]|
 73% |================================================ ]/
 74% |================================================ ]-
 74% |================================================ ]\
 75% |================================================ ]|
 76% |================================================ ]/
 76% |================================================ ]-
 77% |================================================ ]\
 77% |================================================ ]|
 78% |================================================ ]/
 78% |================================================ ]-
 79% |================================================ ]\
 80% |================================================ ]|
 80% |================================================ ]/
 81% |================================================ ]-
 81% |================================================ ]\
 82% |================================================ ]|
 82% |================================================ ]/
 83% |================================================ ]-
 84% |================================================ ]\
 84% |================================================ ]|
 85% |================================================ ]/
 85% |================================================ ]-
 86% |================================================ ]\
 86% |================================================ ]|
 87% |================================================ ]/
 88% |================================================ ]-
 88% |================================================ ]\
 89% |================================================ ]|
 89% |================================================ ]/
 90% |================================================ ]-
 90% |================================================ ]\
 91% |================================================ ]|
 92% |================================================ ]/
 92% |================================================ ]-
 93% |================================================ ]\
 93% |================================================ ]|
 94% |================================================ ]/
 94% |================================================ ]-
 95% |================================================ ]\
 96% |================================================ ]|
 96% |================================================ ]/
 97% |================================================ ]-
 97% |================================================ ]\
 98% |================================================= ]|
 98% |================================================= ]/
 99% |================================================= ]-
100% |================================================== ]\
[312362] INFO MethodsAssertGenerator - Run instrumented tests. (525)
[314767] WARN TestCompiler - 100 errors during compilation, discarding involved test methods
[318294] ERROR TestCompiler - Pb(2) T cannot be resolved to a type
[318294] ERROR TestCompiler - Pb(2) T cannot be resolved to a type
[318294] ERROR TestCompiler - Pb(2) T cannot be resolved to a type
[318294] ERROR TestCompiler - Pb(2) T cannot be resolved to a type
[318294] ERROR TestCompiler - Pb(2) T cannot be resolved to a type
[318294] ERROR TestCompiler - Pb(2) T cannot be resolved to a type
[318294] ERROR TestCompiler - Pb(2) T cannot be resolved to a type
[318294] ERROR TestCompiler - Pb(2) T cannot be resolved to a type
[318294] ERROR TestCompiler - Pb(2) T cannot be resolved to a type
[318294] ERROR TestCompiler - Pb(2) T cannot be resolved to a type
[318294] ERROR TestCompiler - Pb(2) T cannot be resolved to a type
[318294] ERROR TestCompiler - Pb(2) T cannot be resolved to a type
[318294] ERROR TestCompiler - Pb(2) T cannot be resolved to a type
[318294] ERROR TestCompiler - Pb(2) T cannot be resolved to a type
[318294] ERROR TestCompiler - Pb(2) T cannot be resolved to a type
[318294] ERROR TestCompiler - Pb(2) T cannot be resolved to a type
[318294] ERROR TestCompiler - Pb(2) T cannot be resolved to a type
[318294] ERROR TestCompiler - Pb(2) T cannot be resolved to a type
[318294] ERROR TestCompiler - Pb(2) T cannot be resolved to a type
[318294] ERROR TestCompiler - Pb(2) T cannot be resolved to a type
[321411] WARN TestCompiler - 100 errors during compilation, discarding involved test methods
[323988] ERROR TestCompiler - Pb(2) T cannot be resolved to a type
[323988] ERROR TestCompiler - Pb(2) T cannot be resolved to a type
[323988] ERROR TestCompiler - Pb(2) T cannot be resolved to a type
[323988] ERROR TestCompiler - Pb(2) T cannot be resolved to a type
[323988] ERROR TestCompiler - Pb(2) T cannot be resolved to a type
[323988] ERROR TestCompiler - Pb(2) T cannot be resolved to a type
[323988] ERROR TestCompiler - Pb(2) T cannot be resolved to a type
[323988] ERROR TestCompiler - Pb(2) T cannot be resolved to a type
[323988] ERROR TestCompiler - Pb(2) T cannot be resolved to a type
[323988] ERROR TestCompiler - Pb(2) T cannot be resolved to a type
[323988] ERROR TestCompiler - Pb(2) T cannot be resolved to a type
[323988] ERROR TestCompiler - Pb(2) T cannot be resolved to a type
[323988] ERROR TestCompiler - Pb(2) T cannot be resolved to a type
[323988] ERROR TestCompiler - Pb(2) T cannot be resolved to a type
[323988] ERROR TestCompiler - Pb(2) T cannot be resolved to a type
[323988] ERROR TestCompiler - Pb(2) T cannot be resolved to a type
[323988] ERROR TestCompiler - Pb(2) T cannot be resolved to a type
[323988] ERROR TestCompiler - Pb(2) T cannot be resolved to a type
[323988] ERROR TestCompiler - Pb(2) T cannot be resolved to a type
[323988] ERROR TestCompiler - Pb(2) T cannot be resolved to a type
[326491] WARN TestCompiler - 100 errors during compilation, discarding involved test methods
[328370] ERROR TestCompiler - Pb(2) T cannot be resolved to a type
[328370] ERROR TestCompiler - Pb(2) T cannot be resolved to a type
[328370] ERROR TestCompiler - Pb(2) T cannot be resolved to a type
[328370] ERROR TestCompiler - Pb(2) T cannot be resolved to a type
[328370] ERROR TestCompiler - Pb(2) T cannot be resolved to a type
[328370] ERROR TestCompiler - Pb(2) T cannot be resolved to a type
[328370] ERROR TestCompiler - Pb(2) T cannot be resolved to a type
[328370] ERROR TestCompiler - Pb(2) T cannot be resolved to a type
[328370] ERROR TestCompiler - Pb(2) T cannot be resolved to a type
[328370] ERROR TestCompiler - Pb(2) T cannot be resolved to a type
[328370] ERROR TestCompiler - Pb(2) T cannot be resolved to a type
[328370] ERROR TestCompiler - Pb(2) T cannot be resolved to a type
[328370] ERROR TestCompiler - Pb(2) T cannot be resolved to a type
[328370] ERROR TestCompiler - Pb(2) T cannot be resolved to a type
[328370] ERROR TestCompiler - Pb(2) T cannot be resolved to a type
[328370] ERROR TestCompiler - Pb(2) T cannot be resolved to a type
[328370] ERROR TestCompiler - Pb(2) T cannot be resolved to a type
[328370] ERROR TestCompiler - Pb(2) T cannot be resolved to a type
[328370] ERROR TestCompiler - Pb(2) T cannot be resolved to a type
[328370] ERROR TestCompiler - Pb(2) T cannot be resolved to a type
[330172] WARN TestCompiler - 100 errors during compilation, discarding involved test methods
[331468] ERROR TestCompiler - Pb(2) T cannot be resolved to a type
[331468] ERROR TestCompiler - Pb(2) T cannot be resolved to a type
[331468] ERROR TestCompiler - Pb(2) T cannot be resolved to a type
[331468] ERROR TestCompiler - Pb(2) T cannot be resolved to a type
[331468] ERROR TestCompiler - Pb(2) T cannot be resolved to a type
[331468] ERROR TestCompiler - Pb(2) T cannot be resolved to a type
[331468] ERROR TestCompiler - Pb(2) T cannot be resolved to a type
[331468] ERROR TestCompiler - Pb(2) T cannot be resolved to a type
[331468] ERROR TestCompiler - Pb(2) T cannot be resolved to a type
[331468] ERROR TestCompiler - Pb(2) T cannot be resolved to a type
[331468] ERROR TestCompiler - Pb(2) T cannot be resolved to a type
[331468] ERROR TestCompiler - Pb(2) T cannot be resolved to a type
[331468] ERROR TestCompiler - Pb(2) T cannot be resolved to a type
[331468] ERROR TestCompiler - Pb(2) T cannot be resolved to a type
[331468] ERROR TestCompiler - Pb(2) T cannot be resolved to a type
[331468] ERROR TestCompiler - Pb(2) T cannot be resolved to a type
[331468] ERROR TestCompiler - Pb(2) T cannot be resolved to a type
[331468] ERROR TestCompiler - Pb(2) T cannot be resolved to a type
[331468] ERROR TestCompiler - Pb(2) T cannot be resolved to a type
[331468] ERROR TestCompiler - Pb(2) T cannot be resolved to a type
[332765] WARN TestCompiler - 100 errors during compilation, discarding involved test methods
[333571] ERROR TestCompiler - Pb(2) T cannot be resolved to a type
[333571] ERROR TestCompiler - Pb(2) T cannot be resolved to a type
[333571] ERROR TestCompiler - Pb(2) T cannot be resolved to a type
[333571] ERROR TestCompiler - Pb(2) T cannot be resolved to a type
[333571] ERROR TestCompiler - Pb(2) T cannot be resolved to a type
[333571] ERROR TestCompiler - Pb(2) T cannot be resolved to a type
[333571] ERROR TestCompiler - Pb(2) T cannot be resolved to a type
[333571] ERROR TestCompiler - Pb(2) T cannot be resolved to a type
[333571] ERROR TestCompiler - Pb(2) T cannot be resolved to a type
[333571] ERROR TestCompiler - Pb(2) T cannot be resolved to a type
[333571] ERROR TestCompiler - Pb(2) T cannot be resolved to a type
[333571] ERROR TestCompiler - Pb(2) T cannot be resolved to a type
[333571] ERROR TestCompiler - Pb(2) T cannot be resolved to a type
[333571] ERROR TestCompiler - Pb(2) T cannot be resolved to a type
[333571] ERROR TestCompiler - Pb(2) T cannot be resolved to a type
[333571] ERROR TestCompiler - Pb(2) T cannot be resolved to a type
[333572] ERROR TestCompiler - Pb(2) T cannot be resolved to a type
[333572] ERROR TestCompiler - Pb(2) T cannot be resolved to a type
[333572] ERROR TestCompiler - Pb(2) T cannot be resolved to a type
[333572] ERROR TestCompiler - Pb(2) T cannot be resolved to a type
[334400] WARN TestCompiler - 34 errors during compilation, discarding involved test methods
[334913] ERROR TestCompiler - Pb(2) T cannot be resolved to a type
[334913] ERROR TestCompiler - Pb(2) T cannot be resolved to a type
[334913] ERROR TestCompiler - Pb(2) T cannot be resolved to a type
[334913] ERROR TestCompiler - Pb(2) T cannot be resolved to a type
[334913] ERROR TestCompiler - Pb(2) T cannot be resolved to a type
[334913] ERROR TestCompiler - Pb(2) T cannot be resolved to a type
[334913] ERROR TestCompiler - Pb(2) T cannot be resolved to a type
[334913] ERROR TestCompiler - Pb(2) T cannot be resolved to a type
[334913] ERROR TestCompiler - Pb(2) T cannot be resolved to a type
[334913] ERROR TestCompiler - Pb(2) T cannot be resolved to a type
[334913] ERROR TestCompiler - Pb(2) T cannot be resolved to a type
[334913] ERROR TestCompiler - Pb(2) T cannot be resolved to a type
[334913] ERROR TestCompiler - Pb(2) T cannot be resolved to a type
[334913] ERROR TestCompiler - Pb(2) T cannot be resolved to a type
[334913] ERROR TestCompiler - Pb(2) T cannot be resolved to a type
[334913] ERROR TestCompiler - Pb(2) T cannot be resolved to a type
[334913] ERROR TestCompiler - Pb(2) T cannot be resolved to a type
[334913] ERROR TestCompiler - Pb(2) T cannot be resolved to a type
[334913] ERROR TestCompiler - Pb(2) T cannot be resolved to a type
[334913] ERROR TestCompiler - Pb(2) T cannot be resolved to a type
fr.inria.diversify.dspot.AmplificationException: Every test methods are uncompilable
	at fr.inria.diversify.utils.compilation.TestCompiler.compileAndRun(TestCompiler.java:76)
	at fr.inria.diversify.dspot.assertGenerator.MethodsAssertGenerator.addAssertions(MethodsAssertGenerator.java:99)
	at fr.inria.diversify.dspot.assertGenerator.AssertGenerator.innerAssertionAmplification(AssertGenerator.java:117)
	at fr.inria.diversify.dspot.assertGenerator.AssertGenerator.assertionAmplification(AssertGenerator.java:66)
	at fr.inria.diversify.dspot.Amplification.amplification(Amplification.java:140)
	at fr.inria.diversify.dspot.Amplification.amplification(Amplification.java:103)
	at fr.inria.diversify.dspot.DSpot.amplifyTest(DSpot.java:183)
	at fr.inria.diversify.dspot.DSpot.amplifyTest(DSpot.java:170)
	at eu.stamp_project.Main.lambda$null$1(Main.java:143)
	at java.util.stream.ReferencePipeline$3$1.accept(ReferencePipeline.java:193)
	at java.util.HashMap$KeySpliterator.forEachRemaining(HashMap.java:1548)
	at java.util.stream.AbstractPipeline.copyInto(AbstractPipeline.java:481)
	at java.util.stream.AbstractPipeline.wrapAndCopyInto(AbstractPipeline.java:471)
	at java.util.stream.ReduceOps$ReduceOp.evaluateSequential(ReduceOps.java:708)
	at java.util.stream.AbstractPipeline.evaluate(AbstractPipeline.java:234)
	at java.util.stream.ReferencePipeline.collect(ReferencePipeline.java:499)
	at eu.stamp_project.Main.lambda$run$2(Main.java:144)
	at java.util.stream.ForEachOps$ForEachOp$OfRef.accept(ForEachOps.java:184)
	at java.util.stream.ReferencePipeline$2$1.accept(ReferencePipeline.java:175)
	at java.util.ArrayList$ArrayListSpliterator.forEachRemaining(ArrayList.java:1374)
	at java.util.stream.AbstractPipeline.copyInto(AbstractPipeline.java:481)
	at java.util.stream.AbstractPipeline.wrapAndCopyInto(AbstractPipeline.java:471)
	at java.util.stream.ForEachOps$ForEachOp.evaluateSequential(ForEachOps.java:151)
	at java.util.stream.ForEachOps$ForEachOp$OfRef.evaluateSequential(ForEachOps.java:174)
	at java.util.stream.AbstractPipeline.evaluate(AbstractPipeline.java:234)
	at java.util.stream.ReferencePipeline.forEach(ReferencePipeline.java:418)
	at eu.stamp_project.Main.run(Main.java:117)
	at eu.stamp_project.Main.main(Main.java:88)
[337177] INFO AssertGenerator - 4 test fail, generating try/catch/fail blocks...
[337178] INFO AssertGenerator - Could not generate any test with assertions
[337178] INFO Amplification - 0 amplified test(s) has been selected, global: 4
[337178] INFO DSpot - elapsedTime 243515
======= REPORT =======
4 amplified test fails on the new versions.
testMuchExcludedEntity(io.protostuff.runtime.ExcludeFieldTest): expected:<981875886> but was:<1526766687>
testIt(io.protostuff.runtime.ExcludeFieldTest): expected:<1491880763> but was:<-678931792>
testEmptyMessage(io.protostuff.runtime.ExcludeFieldTest): All fields were excluded for io.protostuff.runtime.ExcludeFieldTest$Empty on group 0
testTaggedAndExcludedEntity(io.protostuff.runtime.ExcludeFieldTest): expected:<1105990798> but was:<193384686>

[337192] INFO DSpot - Print AmplExcludeFieldTest with 4?amplified test cases in results/may-2018/protostuff/184_modified/I_ampl
