SLF4J: Class path contains multiple SLF4J bindings.
SLF4J: Found binding in [jar:file:/home/spirals/danglot/.m2/repository/eu/stamp-project/test-runner/1.0.8/test-runner-1.0.8-jar-with-dependencies.jar!/org/slf4j/impl/StaticLoggerBinder.class]
SLF4J: Found binding in [jar:file:/home/spirals/danglot/.m2/repository/org/slf4j/slf4j-log4j12/1.7.25/slf4j-log4j12-1.7.25.jar!/org/slf4j/impl/StaticLoggerBinder.class]
SLF4J: See http://www.slf4j.org/codes.html#multiple_bindings for an explanation.
SLF4J: Actual binding is of type [org.slf4j.impl.Log4jLoggerFactory]
[0] WARN AutomaticBuilderFactory - No automatic builder specified in configuration, going to default.
[0] INFO AutomaticBuilderFactory - Default: provided Maven automatic builder.
[8] INFO MavenAutomaticBuilder - run maven clean test -DskipTests dependency:build-classpath -Dmdep.outputFile=target/dspot/classpath
[WARN] Maven will be executed in interactive mode, but no input stream has been configured for this MavenInvoker instance.
[INFO] Scanning for projects...
[INFO]                                                                         
[INFO] ------------------------------------------------------------------------
[INFO] Building protostuff :: runtime 1.4.5-SNAPSHOT
[INFO] ------------------------------------------------------------------------
[INFO] 
[INFO] --- maven-clean-plugin:2.5:clean (default-clean) @ protostuff-runtime ---
[INFO] Deleting /tmp/Ex2Amplifier-experiments/dataset/may-2018/protostuff/189/protostuff-runtime/target
[INFO] 
[INFO] --- maven-enforcer-plugin:1.3.1:enforce (enforce-versions) @ protostuff-runtime ---
[INFO] Skipping Rule Enforcement.
[INFO] 
[INFO] --- maven-resources-plugin:2.6:resources (default-resources) @ protostuff-runtime ---
[INFO] Using 'UTF-8' encoding to copy filtered resources.
[INFO] skip non existing resourceDirectory /tmp/Ex2Amplifier-experiments/dataset/may-2018/protostuff/189/protostuff-runtime/src/main/resources
[INFO] 
[INFO] --- maven-compiler-plugin:3.1:compile (default-compile) @ protostuff-runtime ---
[INFO] Changes detected - recompiling the module!
[INFO] Compiling 40 source files to /tmp/Ex2Amplifier-experiments/dataset/may-2018/protostuff/189/protostuff-runtime/target/classes
[WARNING] /tmp/Ex2Amplifier-experiments/dataset/may-2018/protostuff/189/protostuff-runtime/src/main/java/io/protostuff/runtime/OnDemandSunReflectionFactory.java:[40,44] sun.reflect.ReflectionFactory is internal proprietary API and may be removed in a future release
[WARNING] /tmp/Ex2Amplifier-experiments/dataset/may-2018/protostuff/189/protostuff-runtime/src/main/java/io/protostuff/runtime/RuntimeUnsafeFieldFactory.java:[60,34] sun.misc.Unsafe is internal proprietary API and may be removed in a future release
[WARNING] /tmp/Ex2Amplifier-experiments/dataset/may-2018/protostuff/189/protostuff-runtime/src/main/java/io/protostuff/runtime/RuntimeUnsafeFieldFactory.java:[62,28] sun.misc.Unsafe is internal proprietary API and may be removed in a future release
[WARNING] /tmp/Ex2Amplifier-experiments/dataset/may-2018/protostuff/189/protostuff-runtime/src/main/java/io/protostuff/runtime/RuntimeUnsafeFieldFactory.java:[66,49] sun.misc.Unsafe is internal proprietary API and may be removed in a future release
[WARNING] /tmp/Ex2Amplifier-experiments/dataset/may-2018/protostuff/189/protostuff-runtime/src/main/java/io/protostuff/runtime/RuntimeUnsafeFieldFactory.java:[71,29] sun.misc.Unsafe is internal proprietary API and may be removed in a future release
[WARNING] /tmp/Ex2Amplifier-experiments/dataset/may-2018/protostuff/189/protostuff-runtime/src/main/java/io/protostuff/runtime/RuntimeUnsafeFieldFactory.java:[86,24] sun.misc.Unsafe is internal proprietary API and may be removed in a future release
[INFO] 
[INFO] --- maven-resources-plugin:2.6:testResources (default-testResources) @ protostuff-runtime ---
[INFO] Using 'UTF-8' encoding to copy filtered resources.
[INFO] skip non existing resourceDirectory /tmp/Ex2Amplifier-experiments/dataset/may-2018/protostuff/189/protostuff-runtime/src/test/resources
[INFO] 
[INFO] --- maven-compiler-plugin:3.1:testCompile (default-testCompile) @ protostuff-runtime ---
[INFO] Changes detected - recompiling the module!
[INFO] Compiling 44 source files to /tmp/Ex2Amplifier-experiments/dataset/may-2018/protostuff/189/protostuff-runtime/target/test-classes
[WARNING] /tmp/Ex2Amplifier-experiments/dataset/may-2018/protostuff/189/protostuff-runtime/src/test/java/io/protostuff/runtime/CollectionTest.java: Some input files use or override a deprecated API.
[WARNING] /tmp/Ex2Amplifier-experiments/dataset/may-2018/protostuff/189/protostuff-runtime/src/test/java/io/protostuff/runtime/CollectionTest.java: Recompile with -Xlint:deprecation for details.
[WARNING] /tmp/Ex2Amplifier-experiments/dataset/may-2018/protostuff/189/protostuff-runtime/src/test/java/io/protostuff/runtime/AbstractRuntimeObjectSchemaTest.java: Some input files use unchecked or unsafe operations.
[WARNING] /tmp/Ex2Amplifier-experiments/dataset/may-2018/protostuff/189/protostuff-runtime/src/test/java/io/protostuff/runtime/AbstractRuntimeObjectSchemaTest.java: Recompile with -Xlint:unchecked for details.
[INFO] 
[INFO] --- maven-surefire-plugin:2.18.1:test (default-test) @ protostuff-runtime ---
[INFO] Tests are skipped.
[INFO] 
[INFO] --- maven-dependency-plugin:2.8:build-classpath (default-cli) @ protostuff-runtime ---
[INFO] Wrote classpath file '/tmp/Ex2Amplifier-experiments/dataset/may-2018/protostuff/189/protostuff-runtime/target/dspot/classpath'.
[INFO] ------------------------------------------------------------------------
[INFO] BUILD SUCCESS
[INFO] ------------------------------------------------------------------------
[INFO] Total time: 6.625 s
[INFO] Finished at: 2018-05-21T17:16:59+02:00
[INFO] Final Memory: 26M/311M
[INFO] ------------------------------------------------------------------------
[13523] WARN AutomaticBuilderFactory - No automatic builder specified in configuration, going to default.
[13523] INFO AutomaticBuilderFactory - Default: provided Maven automatic builder.
[13524] INFO MavenAutomaticBuilder - run maven clean test -DskipTests dependency:build-classpath -Dmdep.outputFile=target/dspot/classpath
[WARN] Maven will be executed in interactive mode, but no input stream has been configured for this MavenInvoker instance.
[INFO] Scanning for projects...
[INFO]                                                                         
[INFO] ------------------------------------------------------------------------
[INFO] Building protostuff :: runtime 1.4.5-SNAPSHOT
[INFO] ------------------------------------------------------------------------
[INFO] 
[INFO] --- maven-clean-plugin:2.5:clean (default-clean) @ protostuff-runtime ---
[INFO] Deleting /tmp/Ex2Amplifier-experiments/dataset/may-2018/protostuff/189_modified/protostuff-runtime/target
[INFO] 
[INFO] --- maven-enforcer-plugin:1.3.1:enforce (enforce-versions) @ protostuff-runtime ---
[INFO] Skipping Rule Enforcement.
[INFO] 
[INFO] --- maven-resources-plugin:2.6:resources (default-resources) @ protostuff-runtime ---
[INFO] Using 'UTF-8' encoding to copy filtered resources.
[INFO] skip non existing resourceDirectory /tmp/Ex2Amplifier-experiments/dataset/may-2018/protostuff/189_modified/protostuff-runtime/src/main/resources
[INFO] 
[INFO] --- maven-compiler-plugin:3.1:compile (default-compile) @ protostuff-runtime ---
[INFO] Changes detected - recompiling the module!
[INFO] Compiling 40 source files to /tmp/Ex2Amplifier-experiments/dataset/may-2018/protostuff/189_modified/protostuff-runtime/target/classes
[WARNING] /tmp/Ex2Amplifier-experiments/dataset/may-2018/protostuff/189_modified/protostuff-runtime/src/main/java/io/protostuff/runtime/OnDemandSunReflectionFactory.java:[40,44] sun.reflect.ReflectionFactory is internal proprietary API and may be removed in a future release
[WARNING] /tmp/Ex2Amplifier-experiments/dataset/may-2018/protostuff/189_modified/protostuff-runtime/src/main/java/io/protostuff/runtime/RuntimeUnsafeFieldFactory.java:[60,34] sun.misc.Unsafe is internal proprietary API and may be removed in a future release
[WARNING] /tmp/Ex2Amplifier-experiments/dataset/may-2018/protostuff/189_modified/protostuff-runtime/src/main/java/io/protostuff/runtime/RuntimeUnsafeFieldFactory.java:[62,28] sun.misc.Unsafe is internal proprietary API and may be removed in a future release
[WARNING] /tmp/Ex2Amplifier-experiments/dataset/may-2018/protostuff/189_modified/protostuff-runtime/src/main/java/io/protostuff/runtime/RuntimeUnsafeFieldFactory.java:[66,49] sun.misc.Unsafe is internal proprietary API and may be removed in a future release
[WARNING] /tmp/Ex2Amplifier-experiments/dataset/may-2018/protostuff/189_modified/protostuff-runtime/src/main/java/io/protostuff/runtime/RuntimeUnsafeFieldFactory.java:[71,29] sun.misc.Unsafe is internal proprietary API and may be removed in a future release
[WARNING] /tmp/Ex2Amplifier-experiments/dataset/may-2018/protostuff/189_modified/protostuff-runtime/src/main/java/io/protostuff/runtime/RuntimeUnsafeFieldFactory.java:[86,24] sun.misc.Unsafe is internal proprietary API and may be removed in a future release
[INFO] 
[INFO] --- maven-resources-plugin:2.6:testResources (default-testResources) @ protostuff-runtime ---
[INFO] Using 'UTF-8' encoding to copy filtered resources.
[INFO] skip non existing resourceDirectory /tmp/Ex2Amplifier-experiments/dataset/may-2018/protostuff/189_modified/protostuff-runtime/src/test/resources
[INFO] 
[INFO] --- maven-compiler-plugin:3.1:testCompile (default-testCompile) @ protostuff-runtime ---
[INFO] Changes detected - recompiling the module!
[INFO] Compiling 44 source files to /tmp/Ex2Amplifier-experiments/dataset/may-2018/protostuff/189_modified/protostuff-runtime/target/test-classes
[WARNING] /tmp/Ex2Amplifier-experiments/dataset/may-2018/protostuff/189_modified/protostuff-runtime/src/test/java/io/protostuff/runtime/CollectionTest.java: Some input files use or override a deprecated API.
[WARNING] /tmp/Ex2Amplifier-experiments/dataset/may-2018/protostuff/189_modified/protostuff-runtime/src/test/java/io/protostuff/runtime/CollectionTest.java: Recompile with -Xlint:deprecation for details.
[WARNING] /tmp/Ex2Amplifier-experiments/dataset/may-2018/protostuff/189_modified/protostuff-runtime/src/test/java/io/protostuff/runtime/AbstractRuntimeObjectSchemaTest.java: Some input files use unchecked or unsafe operations.
[WARNING] /tmp/Ex2Amplifier-experiments/dataset/may-2018/protostuff/189_modified/protostuff-runtime/src/test/java/io/protostuff/runtime/AbstractRuntimeObjectSchemaTest.java: Recompile with -Xlint:unchecked for details.
[INFO] 
[INFO] --- maven-surefire-plugin:2.18.1:test (default-test) @ protostuff-runtime ---
[INFO] Tests are skipped.
[INFO] 
[INFO] --- maven-dependency-plugin:2.8:build-classpath (default-cli) @ protostuff-runtime ---
[INFO] Wrote classpath file '/tmp/Ex2Amplifier-experiments/dataset/may-2018/protostuff/189_modified/protostuff-runtime/target/dspot/classpath'.
[INFO] ------------------------------------------------------------------------
[INFO] BUILD SUCCESS
[INFO] ------------------------------------------------------------------------
[INFO] Total time: 6.631 s
[INFO] Finished at: 2018-05-21T17:17:13+02:00
[INFO] Final Memory: 26M/308M
[INFO] ------------------------------------------------------------------------
[21987] INFO SelectorOnDiff - Selecting according to a diff between dataset/may-2018/protostuff/189/protostuff-runtime and dataset/may-2018/protostuff/189_modified/protostuff-runtime (80ec898039457a63e179350868c6e13524ed08c4)
[21996] INFO SelectorOnDiff - Modified files:
a/protostuff-runtime/src/test/java/io/protostuff/runtime/NullArrayElementTest.java
a/protostuff-runtime/src/main/java/io/protostuff/runtime/IdStrategy.java
a/protostuff-runtime/src/main/java/io/protostuff/runtime/ArraySchemas.java
[102210] INFO Amplification - amplification of io.protostuff.runtime.NullArrayElementTest (6 test(s))
[102749] INFO EntryPoint - Run: java -cp /tmp/Ex2Amplifier-experiments/dataset/may-2018/protostuff/189/protostuff-runtime/target/test-classes:/tmp/Ex2Amplifier-experiments/dataset/may-2018/protostuff/189/protostuff-runtime/target/classes:/home/spirals/danglot/.m2/repository/junit/junit/4.11/junit-4.11.jar:/home/spirals/danglot/.m2/repository/org/hamcrest/hamcrest-core/1.3/hamcrest-core-1.3.jar:/home/spirals/danglot/.m2/repository/org/mockito/mockito-core/1.10.8/mockito-core-1.10.8.jar:/home/spirals/danglot/.m2/repository/org/objenesis/objenesis/2.1/objenesis-2.1.jar:/home/spirals/danglot/.m2/repository/io/protostuff/protostuff-core/1.4.5-SNAPSHOT/protostuff-core-1.4.5-SNAPSHOT.jar:/home/spirals/danglot/.m2/repository/io/protostuff/protostuff-core/1.4.5-SNAPSHOT/protostuff-core-1.4.5-SNAPSHOT-tests.jar:/home/spirals/danglot/.m2/repository/io/protostuff/protostuff-api/1.4.5-SNAPSHOT/protostuff-api-1.4.5-SNAPSHOT.jar:/home/spirals/danglot/.m2/repository/io/protostuff/protostuff-collectionschema/1.4.5-SNAPSHOT/protostuff-collectionschema-1.4.5-SNAPSHOT.jar:/tmp/Ex2Amplifier-experiments/target/dspot/dependencies:/home/spirals/danglot/.m2/repository/eu/stamp-project/test-runner/1.0.8/test-runner-1.0.8-jar-with-dependencies.jar eu.stamp_project.testrunner.runner.test.TestRunner io.protostuff.runtime.ProtobufNullArrayElementTest testNullMid:testNullInBetween:testNullAll:testNullFirst:testNullFirstAndLast:testNullLast
File saved to the following path: /tmp/Ex2Amplifier-experiments/dataset/may-2018/protostuff/189/protostuff-runtime/target/dspot/TestListener.ser
Skipping ProtobufNullArrayElementTest::testNullInBetween
Skipping ProtobufNullArrayElementTest::testNullLast
Skipping ProtobufNullArrayElementTest::testNullFirst
Skipping ProtobufNullArrayElementTest::testNullAll
Skipping ProtobufNullArrayElementTest::testNullMid
Skipping ProtobufNullArrayElementTest::testNullFirstAndLast
[103191] INFO EntryPoint - Test has been run: testNullInBetween,testNullLast,testNullFirst,testNullAll,testNullMid,testNullFirstAndLast
[103191] INFO EntryPoint - Run: java -cp /tmp/Ex2Amplifier-experiments/dataset/may-2018/protostuff/189/protostuff-runtime/target/test-classes:/tmp/Ex2Amplifier-experiments/dataset/may-2018/protostuff/189/protostuff-runtime/target/classes:/home/spirals/danglot/.m2/repository/junit/junit/4.11/junit-4.11.jar:/home/spirals/danglot/.m2/repository/org/hamcrest/hamcrest-core/1.3/hamcrest-core-1.3.jar:/home/spirals/danglot/.m2/repository/org/mockito/mockito-core/1.10.8/mockito-core-1.10.8.jar:/home/spirals/danglot/.m2/repository/org/objenesis/objenesis/2.1/objenesis-2.1.jar:/home/spirals/danglot/.m2/repository/io/protostuff/protostuff-core/1.4.5-SNAPSHOT/protostuff-core-1.4.5-SNAPSHOT.jar:/home/spirals/danglot/.m2/repository/io/protostuff/protostuff-core/1.4.5-SNAPSHOT/protostuff-core-1.4.5-SNAPSHOT-tests.jar:/home/spirals/danglot/.m2/repository/io/protostuff/protostuff-api/1.4.5-SNAPSHOT/protostuff-api-1.4.5-SNAPSHOT.jar:/home/spirals/danglot/.m2/repository/io/protostuff/protostuff-collectionschema/1.4.5-SNAPSHOT/protostuff-collectionschema-1.4.5-SNAPSHOT.jar:/tmp/Ex2Amplifier-experiments/target/dspot/dependencies:/home/spirals/danglot/.m2/repository/eu/stamp-project/test-runner/1.0.8/test-runner-1.0.8-jar-with-dependencies.jar eu.stamp_project.testrunner.runner.test.TestRunner io.protostuff.runtime.ProtostuffNullArrayElementTest testNullMid:testNullInBetween:testNullAll:testNullFirst:testNullFirstAndLast:testNullLast
File saved to the following path: /tmp/Ex2Amplifier-experiments/dataset/may-2018/protostuff/189/protostuff-runtime/target/dspot/TestListener.ser
Skipping ProtostuffNullArrayElementTest::testNullInBetween
Skipping ProtostuffNullArrayElementTest::testNullLast
Skipping ProtostuffNullArrayElementTest::testNullFirst
Skipping ProtostuffNullArrayElementTest::testNullAll
Skipping ProtostuffNullArrayElementTest::testNullMid
Skipping ProtostuffNullArrayElementTest::testNullFirstAndLast
[103610] INFO EntryPoint - Test has been run: testNullInBetween,testNullLast,testNullFirst,testNullAll,testNullMid,testNullFirstAndLast
[103611] INFO Amplification - Try to add assertions before amplification
[103649] INFO AssertGenerator - Run tests. (6)
[104006] INFO EntryPoint - Run: java -cp /tmp/Ex2Amplifier-experiments/dataset/may-2018/protostuff/189/protostuff-runtime/target/test-classes:/tmp/Ex2Amplifier-experiments/dataset/may-2018/protostuff/189/protostuff-runtime/target/classes:/home/spirals/danglot/.m2/repository/junit/junit/4.11/junit-4.11.jar:/home/spirals/danglot/.m2/repository/org/hamcrest/hamcrest-core/1.3/hamcrest-core-1.3.jar:/home/spirals/danglot/.m2/repository/org/mockito/mockito-core/1.10.8/mockito-core-1.10.8.jar:/home/spirals/danglot/.m2/repository/org/objenesis/objenesis/2.1/objenesis-2.1.jar:/home/spirals/danglot/.m2/repository/io/protostuff/protostuff-core/1.4.5-SNAPSHOT/protostuff-core-1.4.5-SNAPSHOT.jar:/home/spirals/danglot/.m2/repository/io/protostuff/protostuff-core/1.4.5-SNAPSHOT/protostuff-core-1.4.5-SNAPSHOT-tests.jar:/home/spirals/danglot/.m2/repository/io/protostuff/protostuff-api/1.4.5-SNAPSHOT/protostuff-api-1.4.5-SNAPSHOT.jar:/home/spirals/danglot/.m2/repository/io/protostuff/protostuff-collectionschema/1.4.5-SNAPSHOT/protostuff-collectionschema-1.4.5-SNAPSHOT.jar:/tmp/Ex2Amplifier-experiments/target/dspot/dependencies:/home/spirals/danglot/.m2/repository/eu/stamp-project/test-runner/1.0.8/test-runner-1.0.8-jar-with-dependencies.jar eu.stamp_project.testrunner.runner.test.TestRunner io.protostuff.runtime.ProtobufNullArrayElementTest testNullMid:testNullInBetween:testNullAll:testNullFirst:testNullFirstAndLast:testNullLast
File saved to the following path: /tmp/Ex2Amplifier-experiments/dataset/may-2018/protostuff/189/protostuff-runtime/target/dspot/TestListener.ser
Skipping ProtobufNullArrayElementTest::testNullInBetween
Skipping ProtobufNullArrayElementTest::testNullLast
Skipping ProtobufNullArrayElementTest::testNullFirst
Skipping ProtobufNullArrayElementTest::testNullAll
Skipping ProtobufNullArrayElementTest::testNullMid
Skipping ProtobufNullArrayElementTest::testNullFirstAndLast
[104413] INFO EntryPoint - Test has been run: testNullInBetween,testNullLast,testNullFirst,testNullAll,testNullMid,testNullFirstAndLast
[104413] INFO EntryPoint - Run: java -cp /tmp/Ex2Amplifier-experiments/dataset/may-2018/protostuff/189/protostuff-runtime/target/test-classes:/tmp/Ex2Amplifier-experiments/dataset/may-2018/protostuff/189/protostuff-runtime/target/classes:/home/spirals/danglot/.m2/repository/junit/junit/4.11/junit-4.11.jar:/home/spirals/danglot/.m2/repository/org/hamcrest/hamcrest-core/1.3/hamcrest-core-1.3.jar:/home/spirals/danglot/.m2/repository/org/mockito/mockito-core/1.10.8/mockito-core-1.10.8.jar:/home/spirals/danglot/.m2/repository/org/objenesis/objenesis/2.1/objenesis-2.1.jar:/home/spirals/danglot/.m2/repository/io/protostuff/protostuff-core/1.4.5-SNAPSHOT/protostuff-core-1.4.5-SNAPSHOT.jar:/home/spirals/danglot/.m2/repository/io/protostuff/protostuff-core/1.4.5-SNAPSHOT/protostuff-core-1.4.5-SNAPSHOT-tests.jar:/home/spirals/danglot/.m2/repository/io/protostuff/protostuff-api/1.4.5-SNAPSHOT/protostuff-api-1.4.5-SNAPSHOT.jar:/home/spirals/danglot/.m2/repository/io/protostuff/protostuff-collectionschema/1.4.5-SNAPSHOT/protostuff-collectionschema-1.4.5-SNAPSHOT.jar:/tmp/Ex2Amplifier-experiments/target/dspot/dependencies:/home/spirals/danglot/.m2/repository/eu/stamp-project/test-runner/1.0.8/test-runner-1.0.8-jar-with-dependencies.jar eu.stamp_project.testrunner.runner.test.TestRunner io.protostuff.runtime.ProtostuffNullArrayElementTest testNullMid:testNullInBetween:testNullAll:testNullFirst:testNullFirstAndLast:testNullLast
File saved to the following path: /tmp/Ex2Amplifier-experiments/dataset/may-2018/protostuff/189/protostuff-runtime/target/dspot/TestListener.ser
Skipping ProtostuffNullArrayElementTest::testNullInBetween
Skipping ProtostuffNullArrayElementTest::testNullLast
Skipping ProtostuffNullArrayElementTest::testNullFirst
Skipping ProtostuffNullArrayElementTest::testNullAll
Skipping ProtostuffNullArrayElementTest::testNullMid
Skipping ProtostuffNullArrayElementTest::testNullFirstAndLast
[104809] INFO EntryPoint - Test has been run: testNullInBetween,testNullLast,testNullFirst,testNullAll,testNullMid,testNullFirstAndLast
[104810] INFO AssertGenerator - 12 test pass, generating assertion...
[104821] INFO MethodsAssertGenerator - Add observations points in passing tests.
[104821] INFO MethodsAssertGenerator - Instrumentation...
 16% |======== ]/ 33% |================ ]- 50% |========================= ]\ 66% |================================= ]| 83% |========================================= ]/100% |================================================== ]-
[104863] INFO MethodsAssertGenerator - Run instrumented tests. (18)
[105374] INFO EntryPoint - Run: java -cp /tmp/Ex2Amplifier-experiments/dataset/may-2018/protostuff/189/protostuff-runtime/target/test-classes:/tmp/Ex2Amplifier-experiments/dataset/may-2018/protostuff/189/protostuff-runtime/target/classes:/home/spirals/danglot/.m2/repository/junit/junit/4.11/junit-4.11.jar:/home/spirals/danglot/.m2/repository/org/hamcrest/hamcrest-core/1.3/hamcrest-core-1.3.jar:/home/spirals/danglot/.m2/repository/org/mockito/mockito-core/1.10.8/mockito-core-1.10.8.jar:/home/spirals/danglot/.m2/repository/org/objenesis/objenesis/2.1/objenesis-2.1.jar:/home/spirals/danglot/.m2/repository/io/protostuff/protostuff-core/1.4.5-SNAPSHOT/protostuff-core-1.4.5-SNAPSHOT.jar:/home/spirals/danglot/.m2/repository/io/protostuff/protostuff-core/1.4.5-SNAPSHOT/protostuff-core-1.4.5-SNAPSHOT-tests.jar:/home/spirals/danglot/.m2/repository/io/protostuff/protostuff-api/1.4.5-SNAPSHOT/protostuff-api-1.4.5-SNAPSHOT.jar:/home/spirals/danglot/.m2/repository/io/protostuff/protostuff-collectionschema/1.4.5-SNAPSHOT/protostuff-collectionschema-1.4.5-SNAPSHOT.jar:/tmp/Ex2Amplifier-experiments/target/dspot/dependencies:/home/spirals/danglot/.m2/repository/eu/stamp-project/test-runner/1.0.8/test-runner-1.0.8-jar-with-dependencies.jar eu.stamp_project.testrunner.runner.test.TestRunner io.protostuff.runtime.ProtobufNullArrayElementTest testNullMid_withlog0:testNullInBetween_withlog0:testNullAll_withlog0:testNullFirst_withlog0:testNullFirstAndLast_withlog0:testNullLast_withlog0:testNullMid_withlog1:testNullInBetween_withlog1:testNullAll_withlog1:testNullFirst_withlog1:testNullFirstAndLast_withlog1:testNullLast_withlog1:testNullMid_withlog2:testNullInBetween_withlog2:testNullAll_withlog2:testNullFirst_withlog2:testNullFirstAndLast_withlog2:testNullLast_withlog2
File saved to the following path: /tmp/Ex2Amplifier-experiments/dataset/may-2018/protostuff/189/protostuff-runtime/target/dspot/TestListener.ser
Skipping ProtobufNullArrayElementTest::testNullLast
Skipping ProtobufNullArrayElementTest::testNullLast
Skipping ProtobufNullArrayElementTest::testNullLast
Skipping ProtobufNullArrayElementTest::testNullFirstAndLast
Skipping ProtobufNullArrayElementTest::testNullFirstAndLast
Skipping ProtobufNullArrayElementTest::testNullFirstAndLast
Skipping ProtobufNullArrayElementTest::testNullInBetween
Skipping ProtobufNullArrayElementTest::testNullInBetween
Skipping ProtobufNullArrayElementTest::testNullInBetween
Skipping ProtobufNullArrayElementTest::testNullMid
Skipping ProtobufNullArrayElementTest::testNullMid
Skipping ProtobufNullArrayElementTest::testNullMid
Skipping ProtobufNullArrayElementTest::testNullAll
Skipping ProtobufNullArrayElementTest::testNullAll
Skipping ProtobufNullArrayElementTest::testNullAll
Skipping ProtobufNullArrayElementTest::testNullFirst
Skipping ProtobufNullArrayElementTest::testNullFirst
Skipping ProtobufNullArrayElementTest::testNullFirst
[105818] INFO EntryPoint - Test has been run: testNullLast_withlog0,testNullLast_withlog1,testNullLast_withlog2,testNullFirstAndLast_withlog0,testNullFirstAndLast_withlog1,testNullFirstAndLast_withlog2,testNullInBetween_withlog0,testNullInBetween_withlog1,testNullInBetween_withlog2,testNullMid_withlog0,testNullMid_withlog1,testNullMid_withlog2,testNullAll_withlog0,testNullAll_withlog1,testNullAll_withlog2,testNullFirst_withlog0,testNullFirst_withlog1,testNullFirst_withlog2
[105818] INFO EntryPoint - Run: java -cp /tmp/Ex2Amplifier-experiments/dataset/may-2018/protostuff/189/protostuff-runtime/target/test-classes:/tmp/Ex2Amplifier-experiments/dataset/may-2018/protostuff/189/protostuff-runtime/target/classes:/home/spirals/danglot/.m2/repository/junit/junit/4.11/junit-4.11.jar:/home/spirals/danglot/.m2/repository/org/hamcrest/hamcrest-core/1.3/hamcrest-core-1.3.jar:/home/spirals/danglot/.m2/repository/org/mockito/mockito-core/1.10.8/mockito-core-1.10.8.jar:/home/spirals/danglot/.m2/repository/org/objenesis/objenesis/2.1/objenesis-2.1.jar:/home/spirals/danglot/.m2/repository/io/protostuff/protostuff-core/1.4.5-SNAPSHOT/protostuff-core-1.4.5-SNAPSHOT.jar:/home/spirals/danglot/.m2/repository/io/protostuff/protostuff-core/1.4.5-SNAPSHOT/protostuff-core-1.4.5-SNAPSHOT-tests.jar:/home/spirals/danglot/.m2/repository/io/protostuff/protostuff-api/1.4.5-SNAPSHOT/protostuff-api-1.4.5-SNAPSHOT.jar:/home/spirals/danglot/.m2/repository/io/protostuff/protostuff-collectionschema/1.4.5-SNAPSHOT/protostuff-collectionschema-1.4.5-SNAPSHOT.jar:/tmp/Ex2Amplifier-experiments/target/dspot/dependencies:/home/spirals/danglot/.m2/repository/eu/stamp-project/test-runner/1.0.8/test-runner-1.0.8-jar-with-dependencies.jar eu.stamp_project.testrunner.runner.test.TestRunner io.protostuff.runtime.ProtostuffNullArrayElementTest testNullMid_withlog0:testNullInBetween_withlog0:testNullAll_withlog0:testNullFirst_withlog0:testNullFirstAndLast_withlog0:testNullLast_withlog0:testNullMid_withlog1:testNullInBetween_withlog1:testNullAll_withlog1:testNullFirst_withlog1:testNullFirstAndLast_withlog1:testNullLast_withlog1:testNullMid_withlog2:testNullInBetween_withlog2:testNullAll_withlog2:testNullFirst_withlog2:testNullFirstAndLast_withlog2:testNullLast_withlog2
File saved to the following path: /tmp/Ex2Amplifier-experiments/dataset/may-2018/protostuff/189/protostuff-runtime/target/dspot/TestListener.ser
Skipping ProtostuffNullArrayElementTest::testNullLast
Skipping ProtostuffNullArrayElementTest::testNullLast
Skipping ProtostuffNullArrayElementTest::testNullLast
Skipping ProtostuffNullArrayElementTest::testNullFirstAndLast
Skipping ProtostuffNullArrayElementTest::testNullFirstAndLast
Skipping ProtostuffNullArrayElementTest::testNullFirstAndLast
Skipping ProtostuffNullArrayElementTest::testNullInBetween
Skipping ProtostuffNullArrayElementTest::testNullInBetween
Skipping ProtostuffNullArrayElementTest::testNullInBetween
Skipping ProtostuffNullArrayElementTest::testNullMid
Skipping ProtostuffNullArrayElementTest::testNullMid
Skipping ProtostuffNullArrayElementTest::testNullMid
Skipping ProtostuffNullArrayElementTest::testNullAll
Skipping ProtostuffNullArrayElementTest::testNullAll
Skipping ProtostuffNullArrayElementTest::testNullAll
Skipping ProtostuffNullArrayElementTest::testNullFirst
Skipping ProtostuffNullArrayElementTest::testNullFirst
Skipping ProtostuffNullArrayElementTest::testNullFirst
[106243] INFO EntryPoint - Test has been run: testNullLast_withlog0,testNullLast_withlog1,testNullLast_withlog2,testNullFirstAndLast_withlog0,testNullFirstAndLast_withlog1,testNullFirstAndLast_withlog2,testNullInBetween_withlog0,testNullInBetween_withlog1,testNullInBetween_withlog2,testNullMid_withlog0,testNullMid_withlog1,testNullMid_withlog2,testNullAll_withlog0,testNullAll_withlog1,testNullAll_withlog2,testNullFirst_withlog0,testNullFirst_withlog1,testNullFirst_withlog2
Exception in thread "main" java.lang.RuntimeException: java.lang.RuntimeException: java.lang.RuntimeException: java.io.FileNotFoundException: /tmp/Ex2Amplifier-experiments/dataset/may-2018/protostuff/189/protostuff-runtime/target/dspot/observations.ser (No such file or directory)
	at eu.stamp_project.Main.main(Main.java:96)
Caused by: java.lang.RuntimeException: java.lang.RuntimeException: java.io.FileNotFoundException: /tmp/Ex2Amplifier-experiments/dataset/may-2018/protostuff/189/protostuff-runtime/target/dspot/observations.ser (No such file or directory)
	at eu.stamp_project.Main.lambda$run$2(Main.java:152)
	at java.util.stream.ForEachOps$ForEachOp$OfRef.accept(ForEachOps.java:184)
	at java.util.stream.ReferencePipeline$2$1.accept(ReferencePipeline.java:175)
	at java.util.ArrayList$ArrayListSpliterator.forEachRemaining(ArrayList.java:1374)
	at java.util.stream.AbstractPipeline.copyInto(AbstractPipeline.java:481)
	at java.util.stream.AbstractPipeline.wrapAndCopyInto(AbstractPipeline.java:471)
	at java.util.stream.ForEachOps$ForEachOp.evaluateSequential(ForEachOps.java:151)
	at java.util.stream.ForEachOps$ForEachOp$OfRef.evaluateSequential(ForEachOps.java:174)
	at java.util.stream.AbstractPipeline.evaluate(AbstractPipeline.java:234)
	at java.util.stream.ReferencePipeline.forEach(ReferencePipeline.java:418)
	at eu.stamp_project.Main.run(Main.java:117)
	at eu.stamp_project.Main.main(Main.java:88)
Caused by: java.lang.RuntimeException: java.io.FileNotFoundException: /tmp/Ex2Amplifier-experiments/dataset/may-2018/protostuff/189/protostuff-runtime/target/dspot/observations.ser (No such file or directory)
	at eu.stamp_project.compare.ObjectLog.load(ObjectLog.java:235)
	at eu.stamp_project.compare.ObjectLog.getObservations(ObjectLog.java:197)
	at eu.stamp_project.dspot.assertGenerator.MethodsAssertGenerator.addAssertions(MethodsAssertGenerator.java:108)
	at eu.stamp_project.dspot.assertGenerator.AssertGenerator.innerAssertionAmplification(AssertGenerator.java:117)
	at eu.stamp_project.dspot.assertGenerator.AssertGenerator.assertionAmplification(AssertGenerator.java:66)
	at eu.stamp_project.dspot.Amplification.preAmplification(Amplification.java:202)
	at eu.stamp_project.dspot.Amplification.amplification(Amplification.java:91)
	at eu.stamp_project.dspot.DSpot.amplifyTest(DSpot.java:191)
	at eu.stamp_project.dspot.DSpot.amplifyTest(DSpot.java:178)
	at eu.stamp_project.Main.lambda$null$1(Main.java:143)
	at java.util.stream.ReferencePipeline$3$1.accept(ReferencePipeline.java:193)
	at java.util.HashMap$KeySpliterator.forEachRemaining(HashMap.java:1548)
	at java.util.stream.AbstractPipeline.copyInto(AbstractPipeline.java:481)
	at java.util.stream.AbstractPipeline.wrapAndCopyInto(AbstractPipeline.java:471)
	at java.util.stream.ReduceOps$ReduceOp.evaluateSequential(ReduceOps.java:708)
	at java.util.stream.AbstractPipeline.evaluate(AbstractPipeline.java:234)
	at java.util.stream.ReferencePipeline.collect(ReferencePipeline.java:499)
	at eu.stamp_project.Main.lambda$run$2(Main.java:144)
	... 11 more
Caused by: java.io.FileNotFoundException: /tmp/Ex2Amplifier-experiments/dataset/may-2018/protostuff/189/protostuff-runtime/target/dspot/observations.ser (No such file or directory)
	at java.io.FileInputStream.open0(Native Method)
	at java.io.FileInputStream.open(FileInputStream.java:195)
	at java.io.FileInputStream.<init>(FileInputStream.java:138)
	at eu.stamp_project.compare.ObjectLog.load(ObjectLog.java:227)
	... 28 more
SLF4J: Class path contains multiple SLF4J bindings.
SLF4J: Found binding in [jar:file:/home/spirals/danglot/.m2/repository/eu/stamp-project/test-runner/1.0.8/test-runner-1.0.8-jar-with-dependencies.jar!/org/slf4j/impl/StaticLoggerBinder.class]
SLF4J: Found binding in [jar:file:/home/spirals/danglot/.m2/repository/org/slf4j/slf4j-log4j12/1.7.25/slf4j-log4j12-1.7.25.jar!/org/slf4j/impl/StaticLoggerBinder.class]
SLF4J: See http://www.slf4j.org/codes.html#multiple_bindings for an explanation.
SLF4J: Actual binding is of type [org.slf4j.impl.Log4jLoggerFactory]
[0] WARN AutomaticBuilderFactory - No automatic builder specified in configuration, going to default.
[0] INFO AutomaticBuilderFactory - Default: provided Maven automatic builder.
[9] INFO MavenAutomaticBuilder - run maven clean test -DskipTests dependency:build-classpath -Dmdep.outputFile=target/dspot/classpath
[WARN] Maven will be executed in interactive mode, but no input stream has been configured for this MavenInvoker instance.
[INFO] Scanning for projects...
[INFO]                                                                         
[INFO] ------------------------------------------------------------------------
[INFO] Building protostuff :: runtime 1.4.5-SNAPSHOT
[INFO] ------------------------------------------------------------------------
[INFO] 
[INFO] --- maven-clean-plugin:2.5:clean (default-clean) @ protostuff-runtime ---
[INFO] Deleting /tmp/Ex2Amplifier-experiments/dataset/may-2018/protostuff/189/protostuff-runtime/target
[INFO] 
[INFO] --- maven-enforcer-plugin:1.3.1:enforce (enforce-versions) @ protostuff-runtime ---
[INFO] Skipping Rule Enforcement.
[INFO] 
[INFO] --- maven-resources-plugin:2.6:resources (default-resources) @ protostuff-runtime ---
[INFO] Using 'UTF-8' encoding to copy filtered resources.
[INFO] skip non existing resourceDirectory /tmp/Ex2Amplifier-experiments/dataset/may-2018/protostuff/189/protostuff-runtime/src/main/resources
[INFO] 
[INFO] --- maven-compiler-plugin:3.1:compile (default-compile) @ protostuff-runtime ---
[INFO] Changes detected - recompiling the module!
[INFO] Compiling 40 source files to /tmp/Ex2Amplifier-experiments/dataset/may-2018/protostuff/189/protostuff-runtime/target/classes
[WARNING] /tmp/Ex2Amplifier-experiments/dataset/may-2018/protostuff/189/protostuff-runtime/src/main/java/io/protostuff/runtime/OnDemandSunReflectionFactory.java:[40,44] sun.reflect.ReflectionFactory is internal proprietary API and may be removed in a future release
[WARNING] /tmp/Ex2Amplifier-experiments/dataset/may-2018/protostuff/189/protostuff-runtime/src/main/java/io/protostuff/runtime/RuntimeUnsafeFieldFactory.java:[60,34] sun.misc.Unsafe is internal proprietary API and may be removed in a future release
[WARNING] /tmp/Ex2Amplifier-experiments/dataset/may-2018/protostuff/189/protostuff-runtime/src/main/java/io/protostuff/runtime/RuntimeUnsafeFieldFactory.java:[62,28] sun.misc.Unsafe is internal proprietary API and may be removed in a future release
[WARNING] /tmp/Ex2Amplifier-experiments/dataset/may-2018/protostuff/189/protostuff-runtime/src/main/java/io/protostuff/runtime/RuntimeUnsafeFieldFactory.java:[66,49] sun.misc.Unsafe is internal proprietary API and may be removed in a future release
[WARNING] /tmp/Ex2Amplifier-experiments/dataset/may-2018/protostuff/189/protostuff-runtime/src/main/java/io/protostuff/runtime/RuntimeUnsafeFieldFactory.java:[71,29] sun.misc.Unsafe is internal proprietary API and may be removed in a future release
[WARNING] /tmp/Ex2Amplifier-experiments/dataset/may-2018/protostuff/189/protostuff-runtime/src/main/java/io/protostuff/runtime/RuntimeUnsafeFieldFactory.java:[86,24] sun.misc.Unsafe is internal proprietary API and may be removed in a future release
[INFO] 
[INFO] --- maven-resources-plugin:2.6:testResources (default-testResources) @ protostuff-runtime ---
[INFO] Using 'UTF-8' encoding to copy filtered resources.
[INFO] skip non existing resourceDirectory /tmp/Ex2Amplifier-experiments/dataset/may-2018/protostuff/189/protostuff-runtime/src/test/resources
[INFO] 
[INFO] --- maven-compiler-plugin:3.1:testCompile (default-testCompile) @ protostuff-runtime ---
[INFO] Changes detected - recompiling the module!
[INFO] Compiling 44 source files to /tmp/Ex2Amplifier-experiments/dataset/may-2018/protostuff/189/protostuff-runtime/target/test-classes
[WARNING] /tmp/Ex2Amplifier-experiments/dataset/may-2018/protostuff/189/protostuff-runtime/src/test/java/io/protostuff/runtime/CollectionTest.java: Some input files use or override a deprecated API.
[WARNING] /tmp/Ex2Amplifier-experiments/dataset/may-2018/protostuff/189/protostuff-runtime/src/test/java/io/protostuff/runtime/CollectionTest.java: Recompile with -Xlint:deprecation for details.
[WARNING] /tmp/Ex2Amplifier-experiments/dataset/may-2018/protostuff/189/protostuff-runtime/src/test/java/io/protostuff/runtime/AbstractRuntimeObjectSchemaTest.java: Some input files use unchecked or unsafe operations.
[WARNING] /tmp/Ex2Amplifier-experiments/dataset/may-2018/protostuff/189/protostuff-runtime/src/test/java/io/protostuff/runtime/AbstractRuntimeObjectSchemaTest.java: Recompile with -Xlint:unchecked for details.
[INFO] 
[INFO] --- maven-surefire-plugin:2.18.1:test (default-test) @ protostuff-runtime ---
[INFO] Tests are skipped.
[INFO] 
[INFO] --- maven-dependency-plugin:2.8:build-classpath (default-cli) @ protostuff-runtime ---
[INFO] Wrote classpath file '/tmp/Ex2Amplifier-experiments/dataset/may-2018/protostuff/189/protostuff-runtime/target/dspot/classpath'.
[INFO] ------------------------------------------------------------------------
[INFO] BUILD SUCCESS
[INFO] ------------------------------------------------------------------------
[INFO] Total time: 6.408 s
[INFO] Finished at: 2018-05-21T20:02:40+02:00
[INFO] Final Memory: 26M/307M
[INFO] ------------------------------------------------------------------------
[13177] WARN AutomaticBuilderFactory - No automatic builder specified in configuration, going to default.
[13177] INFO AutomaticBuilderFactory - Default: provided Maven automatic builder.
[13177] INFO MavenAutomaticBuilder - run maven clean test -DskipTests dependency:build-classpath -Dmdep.outputFile=target/dspot/classpath
[WARN] Maven will be executed in interactive mode, but no input stream has been configured for this MavenInvoker instance.
[INFO] Scanning for projects...
[INFO]                                                                         
[INFO] ------------------------------------------------------------------------
[INFO] Building protostuff :: runtime 1.4.5-SNAPSHOT
[INFO] ------------------------------------------------------------------------
[INFO] 
[INFO] --- maven-clean-plugin:2.5:clean (default-clean) @ protostuff-runtime ---
[INFO] Deleting /tmp/Ex2Amplifier-experiments/dataset/may-2018/protostuff/189_modified/protostuff-runtime/target
[INFO] 
[INFO] --- maven-enforcer-plugin:1.3.1:enforce (enforce-versions) @ protostuff-runtime ---
[INFO] Skipping Rule Enforcement.
[INFO] 
[INFO] --- maven-resources-plugin:2.6:resources (default-resources) @ protostuff-runtime ---
[INFO] Using 'UTF-8' encoding to copy filtered resources.
[INFO] skip non existing resourceDirectory /tmp/Ex2Amplifier-experiments/dataset/may-2018/protostuff/189_modified/protostuff-runtime/src/main/resources
[INFO] 
[INFO] --- maven-compiler-plugin:3.1:compile (default-compile) @ protostuff-runtime ---
[INFO] Changes detected - recompiling the module!
[INFO] Compiling 40 source files to /tmp/Ex2Amplifier-experiments/dataset/may-2018/protostuff/189_modified/protostuff-runtime/target/classes
[WARNING] /tmp/Ex2Amplifier-experiments/dataset/may-2018/protostuff/189_modified/protostuff-runtime/src/main/java/io/protostuff/runtime/OnDemandSunReflectionFactory.java:[40,44] sun.reflect.ReflectionFactory is internal proprietary API and may be removed in a future release
[WARNING] /tmp/Ex2Amplifier-experiments/dataset/may-2018/protostuff/189_modified/protostuff-runtime/src/main/java/io/protostuff/runtime/RuntimeUnsafeFieldFactory.java:[60,34] sun.misc.Unsafe is internal proprietary API and may be removed in a future release
[WARNING] /tmp/Ex2Amplifier-experiments/dataset/may-2018/protostuff/189_modified/protostuff-runtime/src/main/java/io/protostuff/runtime/RuntimeUnsafeFieldFactory.java:[62,28] sun.misc.Unsafe is internal proprietary API and may be removed in a future release
[WARNING] /tmp/Ex2Amplifier-experiments/dataset/may-2018/protostuff/189_modified/protostuff-runtime/src/main/java/io/protostuff/runtime/RuntimeUnsafeFieldFactory.java:[66,49] sun.misc.Unsafe is internal proprietary API and may be removed in a future release
[WARNING] /tmp/Ex2Amplifier-experiments/dataset/may-2018/protostuff/189_modified/protostuff-runtime/src/main/java/io/protostuff/runtime/RuntimeUnsafeFieldFactory.java:[71,29] sun.misc.Unsafe is internal proprietary API and may be removed in a future release
[WARNING] /tmp/Ex2Amplifier-experiments/dataset/may-2018/protostuff/189_modified/protostuff-runtime/src/main/java/io/protostuff/runtime/RuntimeUnsafeFieldFactory.java:[86,24] sun.misc.Unsafe is internal proprietary API and may be removed in a future release
[INFO] 
[INFO] --- maven-resources-plugin:2.6:testResources (default-testResources) @ protostuff-runtime ---
[INFO] Using 'UTF-8' encoding to copy filtered resources.
[INFO] skip non existing resourceDirectory /tmp/Ex2Amplifier-experiments/dataset/may-2018/protostuff/189_modified/protostuff-runtime/src/test/resources
[INFO] 
[INFO] --- maven-compiler-plugin:3.1:testCompile (default-testCompile) @ protostuff-runtime ---
[INFO] Changes detected - recompiling the module!
[INFO] Compiling 44 source files to /tmp/Ex2Amplifier-experiments/dataset/may-2018/protostuff/189_modified/protostuff-runtime/target/test-classes
[WARNING] /tmp/Ex2Amplifier-experiments/dataset/may-2018/protostuff/189_modified/protostuff-runtime/src/test/java/io/protostuff/runtime/CollectionTest.java: Some input files use or override a deprecated API.
[WARNING] /tmp/Ex2Amplifier-experiments/dataset/may-2018/protostuff/189_modified/protostuff-runtime/src/test/java/io/protostuff/runtime/CollectionTest.java: Recompile with -Xlint:deprecation for details.
[WARNING] /tmp/Ex2Amplifier-experiments/dataset/may-2018/protostuff/189_modified/protostuff-runtime/src/test/java/io/protostuff/runtime/AbstractRuntimeObjectSchemaTest.java: Some input files use unchecked or unsafe operations.
[WARNING] /tmp/Ex2Amplifier-experiments/dataset/may-2018/protostuff/189_modified/protostuff-runtime/src/test/java/io/protostuff/runtime/AbstractRuntimeObjectSchemaTest.java: Recompile with -Xlint:unchecked for details.
[INFO] 
[INFO] --- maven-surefire-plugin:2.18.1:test (default-test) @ protostuff-runtime ---
[INFO] Tests are skipped.
[INFO] 
[INFO] --- maven-dependency-plugin:2.8:build-classpath (default-cli) @ protostuff-runtime ---
[INFO] Wrote classpath file '/tmp/Ex2Amplifier-experiments/dataset/may-2018/protostuff/189_modified/protostuff-runtime/target/dspot/classpath'.
[INFO] ------------------------------------------------------------------------
[INFO] BUILD SUCCESS
[INFO] ------------------------------------------------------------------------
[INFO] Total time: 6.403 s
[INFO] Finished at: 2018-05-21T20:02:53+02:00
[INFO] Final Memory: 26M/405M
[INFO] ------------------------------------------------------------------------
[21160] INFO SelectorOnDiff - Selecting according to a diff between dataset/may-2018/protostuff/189/protostuff-runtime and dataset/may-2018/protostuff/189_modified/protostuff-runtime (80ec898039457a63e179350868c6e13524ed08c4)
[21169] INFO SelectorOnDiff - Modified files:
a/protostuff-runtime/src/test/java/io/protostuff/runtime/NullArrayElementTest.java
a/protostuff-runtime/src/main/java/io/protostuff/runtime/IdStrategy.java
a/protostuff-runtime/src/main/java/io/protostuff/runtime/ArraySchemas.java
[94433] INFO Amplification - amplification of io.protostuff.runtime.NullArrayElementTest (6 test(s))
[95037] INFO EntryPoint - Run: java -cp /tmp/Ex2Amplifier-experiments/dataset/may-2018/protostuff/189/protostuff-runtime/target/test-classes:/tmp/Ex2Amplifier-experiments/dataset/may-2018/protostuff/189/protostuff-runtime/target/classes:/home/spirals/danglot/.m2/repository/junit/junit/4.11/junit-4.11.jar:/home/spirals/danglot/.m2/repository/org/hamcrest/hamcrest-core/1.3/hamcrest-core-1.3.jar:/home/spirals/danglot/.m2/repository/org/mockito/mockito-core/1.10.8/mockito-core-1.10.8.jar:/home/spirals/danglot/.m2/repository/org/objenesis/objenesis/2.1/objenesis-2.1.jar:/home/spirals/danglot/.m2/repository/io/protostuff/protostuff-core/1.4.5-SNAPSHOT/protostuff-core-1.4.5-SNAPSHOT.jar:/home/spirals/danglot/.m2/repository/io/protostuff/protostuff-core/1.4.5-SNAPSHOT/protostuff-core-1.4.5-SNAPSHOT-tests.jar:/home/spirals/danglot/.m2/repository/io/protostuff/protostuff-api/1.4.5-SNAPSHOT/protostuff-api-1.4.5-SNAPSHOT.jar:/home/spirals/danglot/.m2/repository/io/protostuff/protostuff-collectionschema/1.4.5-SNAPSHOT/protostuff-collectionschema-1.4.5-SNAPSHOT.jar:/tmp/Ex2Amplifier-experiments/target/dspot/dependencies:/home/spirals/danglot/.m2/repository/eu/stamp-project/test-runner/1.0.8/test-runner-1.0.8-jar-with-dependencies.jar eu.stamp_project.testrunner.runner.test.TestRunner io.protostuff.runtime.ProtobufNullArrayElementTest testNullMid:testNullInBetween:testNullAll:testNullFirst:testNullFirstAndLast:testNullLast
File saved to the following path: /tmp/Ex2Amplifier-experiments/dataset/may-2018/protostuff/189/protostuff-runtime/target/dspot/TestListener.ser
Skipping ProtobufNullArrayElementTest::testNullInBetween
Skipping ProtobufNullArrayElementTest::testNullLast
Skipping ProtobufNullArrayElementTest::testNullFirst
Skipping ProtobufNullArrayElementTest::testNullAll
Skipping ProtobufNullArrayElementTest::testNullMid
Skipping ProtobufNullArrayElementTest::testNullFirstAndLast
[95488] INFO EntryPoint - Test has been run: testNullInBetween,testNullLast,testNullFirst,testNullAll,testNullMid,testNullFirstAndLast
[95488] INFO EntryPoint - Run: java -cp /tmp/Ex2Amplifier-experiments/dataset/may-2018/protostuff/189/protostuff-runtime/target/test-classes:/tmp/Ex2Amplifier-experiments/dataset/may-2018/protostuff/189/protostuff-runtime/target/classes:/home/spirals/danglot/.m2/repository/junit/junit/4.11/junit-4.11.jar:/home/spirals/danglot/.m2/repository/org/hamcrest/hamcrest-core/1.3/hamcrest-core-1.3.jar:/home/spirals/danglot/.m2/repository/org/mockito/mockito-core/1.10.8/mockito-core-1.10.8.jar:/home/spirals/danglot/.m2/repository/org/objenesis/objenesis/2.1/objenesis-2.1.jar:/home/spirals/danglot/.m2/repository/io/protostuff/protostuff-core/1.4.5-SNAPSHOT/protostuff-core-1.4.5-SNAPSHOT.jar:/home/spirals/danglot/.m2/repository/io/protostuff/protostuff-core/1.4.5-SNAPSHOT/protostuff-core-1.4.5-SNAPSHOT-tests.jar:/home/spirals/danglot/.m2/repository/io/protostuff/protostuff-api/1.4.5-SNAPSHOT/protostuff-api-1.4.5-SNAPSHOT.jar:/home/spirals/danglot/.m2/repository/io/protostuff/protostuff-collectionschema/1.4.5-SNAPSHOT/protostuff-collectionschema-1.4.5-SNAPSHOT.jar:/tmp/Ex2Amplifier-experiments/target/dspot/dependencies:/home/spirals/danglot/.m2/repository/eu/stamp-project/test-runner/1.0.8/test-runner-1.0.8-jar-with-dependencies.jar eu.stamp_project.testrunner.runner.test.TestRunner io.protostuff.runtime.ProtostuffNullArrayElementTest testNullMid:testNullInBetween:testNullAll:testNullFirst:testNullFirstAndLast:testNullLast
File saved to the following path: /tmp/Ex2Amplifier-experiments/dataset/may-2018/protostuff/189/protostuff-runtime/target/dspot/TestListener.ser
Skipping ProtostuffNullArrayElementTest::testNullInBetween
Skipping ProtostuffNullArrayElementTest::testNullLast
Skipping ProtostuffNullArrayElementTest::testNullFirst
Skipping ProtostuffNullArrayElementTest::testNullAll
Skipping ProtostuffNullArrayElementTest::testNullMid
Skipping ProtostuffNullArrayElementTest::testNullFirstAndLast
[95879] INFO EntryPoint - Test has been run: testNullInBetween,testNullLast,testNullFirst,testNullAll,testNullMid,testNullFirstAndLast
[95879] INFO Amplification - Try to add assertions before amplification
[95925] INFO AssertGenerator - Run tests. (6)
[96224] INFO EntryPoint - Run: java -cp /tmp/Ex2Amplifier-experiments/dataset/may-2018/protostuff/189/protostuff-runtime/target/test-classes:/tmp/Ex2Amplifier-experiments/dataset/may-2018/protostuff/189/protostuff-runtime/target/classes:/home/spirals/danglot/.m2/repository/junit/junit/4.11/junit-4.11.jar:/home/spirals/danglot/.m2/repository/org/hamcrest/hamcrest-core/1.3/hamcrest-core-1.3.jar:/home/spirals/danglot/.m2/repository/org/mockito/mockito-core/1.10.8/mockito-core-1.10.8.jar:/home/spirals/danglot/.m2/repository/org/objenesis/objenesis/2.1/objenesis-2.1.jar:/home/spirals/danglot/.m2/repository/io/protostuff/protostuff-core/1.4.5-SNAPSHOT/protostuff-core-1.4.5-SNAPSHOT.jar:/home/spirals/danglot/.m2/repository/io/protostuff/protostuff-core/1.4.5-SNAPSHOT/protostuff-core-1.4.5-SNAPSHOT-tests.jar:/home/spirals/danglot/.m2/repository/io/protostuff/protostuff-api/1.4.5-SNAPSHOT/protostuff-api-1.4.5-SNAPSHOT.jar:/home/spirals/danglot/.m2/repository/io/protostuff/protostuff-collectionschema/1.4.5-SNAPSHOT/protostuff-collectionschema-1.4.5-SNAPSHOT.jar:/tmp/Ex2Amplifier-experiments/target/dspot/dependencies:/home/spirals/danglot/.m2/repository/eu/stamp-project/test-runner/1.0.8/test-runner-1.0.8-jar-with-dependencies.jar eu.stamp_project.testrunner.runner.test.TestRunner io.protostuff.runtime.ProtobufNullArrayElementTest testNullMid:testNullInBetween:testNullAll:testNullFirst:testNullFirstAndLast:testNullLast
File saved to the following path: /tmp/Ex2Amplifier-experiments/dataset/may-2018/protostuff/189/protostuff-runtime/target/dspot/TestListener.ser
Skipping ProtobufNullArrayElementTest::testNullInBetween
Skipping ProtobufNullArrayElementTest::testNullLast
Skipping ProtobufNullArrayElementTest::testNullFirst
Skipping ProtobufNullArrayElementTest::testNullAll
Skipping ProtobufNullArrayElementTest::testNullMid
Skipping ProtobufNullArrayElementTest::testNullFirstAndLast
[96615] INFO EntryPoint - Test has been run: testNullInBetween,testNullLast,testNullFirst,testNullAll,testNullMid,testNullFirstAndLast
[96615] INFO EntryPoint - Run: java -cp /tmp/Ex2Amplifier-experiments/dataset/may-2018/protostuff/189/protostuff-runtime/target/test-classes:/tmp/Ex2Amplifier-experiments/dataset/may-2018/protostuff/189/protostuff-runtime/target/classes:/home/spirals/danglot/.m2/repository/junit/junit/4.11/junit-4.11.jar:/home/spirals/danglot/.m2/repository/org/hamcrest/hamcrest-core/1.3/hamcrest-core-1.3.jar:/home/spirals/danglot/.m2/repository/org/mockito/mockito-core/1.10.8/mockito-core-1.10.8.jar:/home/spirals/danglot/.m2/repository/org/objenesis/objenesis/2.1/objenesis-2.1.jar:/home/spirals/danglot/.m2/repository/io/protostuff/protostuff-core/1.4.5-SNAPSHOT/protostuff-core-1.4.5-SNAPSHOT.jar:/home/spirals/danglot/.m2/repository/io/protostuff/protostuff-core/1.4.5-SNAPSHOT/protostuff-core-1.4.5-SNAPSHOT-tests.jar:/home/spirals/danglot/.m2/repository/io/protostuff/protostuff-api/1.4.5-SNAPSHOT/protostuff-api-1.4.5-SNAPSHOT.jar:/home/spirals/danglot/.m2/repository/io/protostuff/protostuff-collectionschema/1.4.5-SNAPSHOT/protostuff-collectionschema-1.4.5-SNAPSHOT.jar:/tmp/Ex2Amplifier-experiments/target/dspot/dependencies:/home/spirals/danglot/.m2/repository/eu/stamp-project/test-runner/1.0.8/test-runner-1.0.8-jar-with-dependencies.jar eu.stamp_project.testrunner.runner.test.TestRunner io.protostuff.runtime.ProtostuffNullArrayElementTest testNullMid:testNullInBetween:testNullAll:testNullFirst:testNullFirstAndLast:testNullLast
File saved to the following path: /tmp/Ex2Amplifier-experiments/dataset/may-2018/protostuff/189/protostuff-runtime/target/dspot/TestListener.ser
Skipping ProtostuffNullArrayElementTest::testNullInBetween
Skipping ProtostuffNullArrayElementTest::testNullLast
Skipping ProtostuffNullArrayElementTest::testNullFirst
Skipping ProtostuffNullArrayElementTest::testNullAll
Skipping ProtostuffNullArrayElementTest::testNullMid
Skipping ProtostuffNullArrayElementTest::testNullFirstAndLast
[97022] INFO EntryPoint - Test has been run: testNullInBetween,testNullLast,testNullFirst,testNullAll,testNullMid,testNullFirstAndLast
[97024] INFO AssertGenerator - 12 test pass, generating assertion...
[97034] INFO MethodsAssertGenerator - Add observations points in passing tests.
[97034] INFO MethodsAssertGenerator - Instrumentation...
 16% |======== ]/ 33% |================ ]- 50% |========================= ]\ 66% |================================= ]| 83% |========================================= ]/100% |================================================== ]-
[97078] INFO MethodsAssertGenerator - Run instrumented tests. (18)
[97578] INFO EntryPoint - Run: java -cp /tmp/Ex2Amplifier-experiments/dataset/may-2018/protostuff/189/protostuff-runtime/target/test-classes:/tmp/Ex2Amplifier-experiments/dataset/may-2018/protostuff/189/protostuff-runtime/target/classes:/home/spirals/danglot/.m2/repository/junit/junit/4.11/junit-4.11.jar:/home/spirals/danglot/.m2/repository/org/hamcrest/hamcrest-core/1.3/hamcrest-core-1.3.jar:/home/spirals/danglot/.m2/repository/org/mockito/mockito-core/1.10.8/mockito-core-1.10.8.jar:/home/spirals/danglot/.m2/repository/org/objenesis/objenesis/2.1/objenesis-2.1.jar:/home/spirals/danglot/.m2/repository/io/protostuff/protostuff-core/1.4.5-SNAPSHOT/protostuff-core-1.4.5-SNAPSHOT.jar:/home/spirals/danglot/.m2/repository/io/protostuff/protostuff-core/1.4.5-SNAPSHOT/protostuff-core-1.4.5-SNAPSHOT-tests.jar:/home/spirals/danglot/.m2/repository/io/protostuff/protostuff-api/1.4.5-SNAPSHOT/protostuff-api-1.4.5-SNAPSHOT.jar:/home/spirals/danglot/.m2/repository/io/protostuff/protostuff-collectionschema/1.4.5-SNAPSHOT/protostuff-collectionschema-1.4.5-SNAPSHOT.jar:/tmp/Ex2Amplifier-experiments/target/dspot/dependencies:/home/spirals/danglot/.m2/repository/eu/stamp-project/test-runner/1.0.8/test-runner-1.0.8-jar-with-dependencies.jar eu.stamp_project.testrunner.runner.test.TestRunner io.protostuff.runtime.ProtobufNullArrayElementTest testNullMid_withlog0:testNullInBetween_withlog0:testNullAll_withlog0:testNullFirst_withlog0:testNullFirstAndLast_withlog0:testNullLast_withlog0:testNullMid_withlog1:testNullInBetween_withlog1:testNullAll_withlog1:testNullFirst_withlog1:testNullFirstAndLast_withlog1:testNullLast_withlog1:testNullMid_withlog2:testNullInBetween_withlog2:testNullAll_withlog2:testNullFirst_withlog2:testNullFirstAndLast_withlog2:testNullLast_withlog2
File saved to the following path: /tmp/Ex2Amplifier-experiments/dataset/may-2018/protostuff/189/protostuff-runtime/target/dspot/TestListener.ser
Skipping ProtobufNullArrayElementTest::testNullLast
Skipping ProtobufNullArrayElementTest::testNullLast
Skipping ProtobufNullArrayElementTest::testNullLast
Skipping ProtobufNullArrayElementTest::testNullFirstAndLast
Skipping ProtobufNullArrayElementTest::testNullFirstAndLast
Skipping ProtobufNullArrayElementTest::testNullFirstAndLast
Skipping ProtobufNullArrayElementTest::testNullInBetween
Skipping ProtobufNullArrayElementTest::testNullInBetween
Skipping ProtobufNullArrayElementTest::testNullInBetween
Skipping ProtobufNullArrayElementTest::testNullMid
Skipping ProtobufNullArrayElementTest::testNullMid
Skipping ProtobufNullArrayElementTest::testNullMid
Skipping ProtobufNullArrayElementTest::testNullAll
Skipping ProtobufNullArrayElementTest::testNullAll
Skipping ProtobufNullArrayElementTest::testNullAll
Skipping ProtobufNullArrayElementTest::testNullFirst
Skipping ProtobufNullArrayElementTest::testNullFirst
Skipping ProtobufNullArrayElementTest::testNullFirst
[98015] INFO EntryPoint - Test has been run: testNullLast_withlog0,testNullLast_withlog1,testNullLast_withlog2,testNullFirstAndLast_withlog0,testNullFirstAndLast_withlog1,testNullFirstAndLast_withlog2,testNullInBetween_withlog0,testNullInBetween_withlog1,testNullInBetween_withlog2,testNullMid_withlog0,testNullMid_withlog1,testNullMid_withlog2,testNullAll_withlog0,testNullAll_withlog1,testNullAll_withlog2,testNullFirst_withlog0,testNullFirst_withlog1,testNullFirst_withlog2
[98015] INFO EntryPoint - Run: java -cp /tmp/Ex2Amplifier-experiments/dataset/may-2018/protostuff/189/protostuff-runtime/target/test-classes:/tmp/Ex2Amplifier-experiments/dataset/may-2018/protostuff/189/protostuff-runtime/target/classes:/home/spirals/danglot/.m2/repository/junit/junit/4.11/junit-4.11.jar:/home/spirals/danglot/.m2/repository/org/hamcrest/hamcrest-core/1.3/hamcrest-core-1.3.jar:/home/spirals/danglot/.m2/repository/org/mockito/mockito-core/1.10.8/mockito-core-1.10.8.jar:/home/spirals/danglot/.m2/repository/org/objenesis/objenesis/2.1/objenesis-2.1.jar:/home/spirals/danglot/.m2/repository/io/protostuff/protostuff-core/1.4.5-SNAPSHOT/protostuff-core-1.4.5-SNAPSHOT.jar:/home/spirals/danglot/.m2/repository/io/protostuff/protostuff-core/1.4.5-SNAPSHOT/protostuff-core-1.4.5-SNAPSHOT-tests.jar:/home/spirals/danglot/.m2/repository/io/protostuff/protostuff-api/1.4.5-SNAPSHOT/protostuff-api-1.4.5-SNAPSHOT.jar:/home/spirals/danglot/.m2/repository/io/protostuff/protostuff-collectionschema/1.4.5-SNAPSHOT/protostuff-collectionschema-1.4.5-SNAPSHOT.jar:/tmp/Ex2Amplifier-experiments/target/dspot/dependencies:/home/spirals/danglot/.m2/repository/eu/stamp-project/test-runner/1.0.8/test-runner-1.0.8-jar-with-dependencies.jar eu.stamp_project.testrunner.runner.test.TestRunner io.protostuff.runtime.ProtostuffNullArrayElementTest testNullMid_withlog0:testNullInBetween_withlog0:testNullAll_withlog0:testNullFirst_withlog0:testNullFirstAndLast_withlog0:testNullLast_withlog0:testNullMid_withlog1:testNullInBetween_withlog1:testNullAll_withlog1:testNullFirst_withlog1:testNullFirstAndLast_withlog1:testNullLast_withlog1:testNullMid_withlog2:testNullInBetween_withlog2:testNullAll_withlog2:testNullFirst_withlog2:testNullFirstAndLast_withlog2:testNullLast_withlog2
File saved to the following path: /tmp/Ex2Amplifier-experiments/dataset/may-2018/protostuff/189/protostuff-runtime/target/dspot/TestListener.ser
Skipping ProtostuffNullArrayElementTest::testNullLast
Skipping ProtostuffNullArrayElementTest::testNullLast
Skipping ProtostuffNullArrayElementTest::testNullLast
Skipping ProtostuffNullArrayElementTest::testNullFirstAndLast
Skipping ProtostuffNullArrayElementTest::testNullFirstAndLast
Skipping ProtostuffNullArrayElementTest::testNullFirstAndLast
Skipping ProtostuffNullArrayElementTest::testNullInBetween
Skipping ProtostuffNullArrayElementTest::testNullInBetween
Skipping ProtostuffNullArrayElementTest::testNullInBetween
Skipping ProtostuffNullArrayElementTest::testNullMid
Skipping ProtostuffNullArrayElementTest::testNullMid
Skipping ProtostuffNullArrayElementTest::testNullMid
Skipping ProtostuffNullArrayElementTest::testNullAll
Skipping ProtostuffNullArrayElementTest::testNullAll
Skipping ProtostuffNullArrayElementTest::testNullAll
Skipping ProtostuffNullArrayElementTest::testNullFirst
Skipping ProtostuffNullArrayElementTest::testNullFirst
Skipping ProtostuffNullArrayElementTest::testNullFirst
[98464] INFO EntryPoint - Test has been run: testNullLast_withlog0,testNullLast_withlog1,testNullLast_withlog2,testNullFirstAndLast_withlog0,testNullFirstAndLast_withlog1,testNullFirstAndLast_withlog2,testNullInBetween_withlog0,testNullInBetween_withlog1,testNullInBetween_withlog2,testNullMid_withlog0,testNullMid_withlog1,testNullMid_withlog2,testNullAll_withlog0,testNullAll_withlog1,testNullAll_withlog2,testNullFirst_withlog0,testNullFirst_withlog1,testNullFirst_withlog2
Exception in thread "main" java.lang.RuntimeException: java.lang.RuntimeException: java.lang.RuntimeException: java.io.FileNotFoundException: /tmp/Ex2Amplifier-experiments/dataset/may-2018/protostuff/189/protostuff-runtime/target/dspot/observations.ser (No such file or directory)
	at eu.stamp_project.Main.main(Main.java:97)
Caused by: java.lang.RuntimeException: java.lang.RuntimeException: java.io.FileNotFoundException: /tmp/Ex2Amplifier-experiments/dataset/may-2018/protostuff/189/protostuff-runtime/target/dspot/observations.ser (No such file or directory)
	at eu.stamp_project.Main.lambda$run$2(Main.java:154)
	at java.util.stream.ForEachOps$ForEachOp$OfRef.accept(ForEachOps.java:184)
	at java.util.stream.ReferencePipeline$2$1.accept(ReferencePipeline.java:175)
	at java.util.ArrayList$ArrayListSpliterator.forEachRemaining(ArrayList.java:1374)
	at java.util.stream.AbstractPipeline.copyInto(AbstractPipeline.java:481)
	at java.util.stream.AbstractPipeline.wrapAndCopyInto(AbstractPipeline.java:471)
	at java.util.stream.ForEachOps$ForEachOp.evaluateSequential(ForEachOps.java:151)
	at java.util.stream.ForEachOps$ForEachOp$OfRef.evaluateSequential(ForEachOps.java:174)
	at java.util.stream.AbstractPipeline.evaluate(AbstractPipeline.java:234)
	at java.util.stream.ReferencePipeline.forEach(ReferencePipeline.java:418)
	at eu.stamp_project.Main.run(Main.java:118)
	at eu.stamp_project.Main.main(Main.java:89)
Caused by: java.lang.RuntimeException: java.io.FileNotFoundException: /tmp/Ex2Amplifier-experiments/dataset/may-2018/protostuff/189/protostuff-runtime/target/dspot/observations.ser (No such file or directory)
	at eu.stamp_project.compare.ObjectLog.load(ObjectLog.java:235)
	at eu.stamp_project.compare.ObjectLog.getObservations(ObjectLog.java:197)
	at eu.stamp_project.dspot.assertGenerator.MethodsAssertGenerator.addAssertions(MethodsAssertGenerator.java:108)
	at eu.stamp_project.dspot.assertGenerator.AssertGenerator.innerAssertionAmplification(AssertGenerator.java:117)
	at eu.stamp_project.dspot.assertGenerator.AssertGenerator.assertionAmplification(AssertGenerator.java:66)
	at eu.stamp_project.dspot.Amplification.preAmplification(Amplification.java:202)
	at eu.stamp_project.dspot.Amplification.amplification(Amplification.java:91)
	at eu.stamp_project.dspot.DSpot.amplifyTest(DSpot.java:191)
	at eu.stamp_project.dspot.DSpot.amplifyTest(DSpot.java:178)
	at eu.stamp_project.Main.lambda$null$1(Main.java:145)
	at java.util.stream.ReferencePipeline$3$1.accept(ReferencePipeline.java:193)
	at java.util.HashMap$KeySpliterator.forEachRemaining(HashMap.java:1548)
	at java.util.stream.AbstractPipeline.copyInto(AbstractPipeline.java:481)
	at java.util.stream.AbstractPipeline.wrapAndCopyInto(AbstractPipeline.java:471)
	at java.util.stream.ReduceOps$ReduceOp.evaluateSequential(ReduceOps.java:708)
	at java.util.stream.AbstractPipeline.evaluate(AbstractPipeline.java:234)
	at java.util.stream.ReferencePipeline.collect(ReferencePipeline.java:499)
	at eu.stamp_project.Main.lambda$run$2(Main.java:146)
	... 11 more
Caused by: java.io.FileNotFoundException: /tmp/Ex2Amplifier-experiments/dataset/may-2018/protostuff/189/protostuff-runtime/target/dspot/observations.ser (No such file or directory)
	at java.io.FileInputStream.open0(Native Method)
	at java.io.FileInputStream.open(FileInputStream.java:195)
	at java.io.FileInputStream.<init>(FileInputStream.java:138)
	at eu.stamp_project.compare.ObjectLog.load(ObjectLog.java:227)
	... 28 more
