SLF4J: Class path contains multiple SLF4J bindings.
SLF4J: Found binding in [jar:file:/home/spirals/danglot/.m2/repository/eu/stamp-project/test-runner/1.0.8/test-runner-1.0.8-jar-with-dependencies.jar!/org/slf4j/impl/StaticLoggerBinder.class]
SLF4J: Found binding in [jar:file:/home/spirals/danglot/.m2/repository/org/slf4j/slf4j-log4j12/1.7.25/slf4j-log4j12-1.7.25.jar!/org/slf4j/impl/StaticLoggerBinder.class]
SLF4J: See http://www.slf4j.org/codes.html#multiple_bindings for an explanation.
SLF4J: Actual binding is of type [org.slf4j.impl.Log4jLoggerFactory]
[0] WARN AutomaticBuilderFactory - No automatic builder specified in configuration, going to default.
[0] INFO AutomaticBuilderFactory - Default: provided Maven automatic builder.
[8] INFO MavenAutomaticBuilder - run maven clean test -DskipTests dependency:build-classpath -Dmdep.outputFile=target/dspot/classpath
[WARN] Maven will be executed in interactive mode, but no input stream has been configured for this MavenInvoker instance.
[INFO] Scanning for projects...
[INFO]                                                                         
[INFO] ------------------------------------------------------------------------
[INFO] Building protostuff :: parser 1.3.4-SNAPSHOT
[INFO] ------------------------------------------------------------------------
[INFO] 
[INFO] --- maven-clean-plugin:2.5:clean (default-clean) @ protostuff-parser ---
[INFO] Deleting /tmp/Ex2Amplifier-experiments/dataset/may-2018/protostuff/119_modified/protostuff-parser/target
[INFO] 
[INFO] --- maven-enforcer-plugin:1.3.1:enforce (enforce-versions) @ protostuff-parser ---
[INFO] Skipping Rule Enforcement.
[INFO] 
[INFO] --- antlr3-maven-plugin:3.2:antlr (default) @ protostuff-parser ---
[INFO] ANTLR: Processing source directory /tmp/Ex2Amplifier-experiments/dataset/may-2018/protostuff/119_modified/protostuff-parser/src/main/antlr3
ANTLR Parser Generator  Version 3.2 Sep 23, 2009 14:05:07
Grammar /tmp/Ex2Amplifier-experiments/dataset/may-2018/protostuff/119_modified/protostuff-parser/src/main/antlr3/io/protostuff/parser/ProtoLexer.g is up to date - build skipped
Grammar /tmp/Ex2Amplifier-experiments/dataset/may-2018/protostuff/119_modified/protostuff-parser/src/main/antlr3/io/protostuff/parser/ProtoParser.g is up to date - build skipped
[INFO] 
[INFO] --- maven-resources-plugin:2.6:resources (default-resources) @ protostuff-parser ---
[INFO] Using 'UTF-8' encoding to copy filtered resources.
[INFO] skip non existing resourceDirectory /tmp/Ex2Amplifier-experiments/dataset/may-2018/protostuff/119_modified/protostuff-parser/src/main/resources
[INFO] 
[INFO] --- maven-compiler-plugin:3.1:compile (default-compile) @ protostuff-parser ---
[INFO] Changes detected - recompiling the module!
[INFO] Compiling 26 source files to /tmp/Ex2Amplifier-experiments/dataset/may-2018/protostuff/119_modified/protostuff-parser/target/classes
[WARNING] /tmp/Ex2Amplifier-experiments/dataset/may-2018/protostuff/119_modified/protostuff-parser/src/main/java/io/protostuff/parser/ProtoParser.java: /tmp/Ex2Amplifier-experiments/dataset/may-2018/protostuff/119_modified/protostuff-parser/src/main/java/io/protostuff/parser/ProtoParser.java uses unchecked or unsafe operations.
[WARNING] /tmp/Ex2Amplifier-experiments/dataset/may-2018/protostuff/119_modified/protostuff-parser/src/main/java/io/protostuff/parser/ProtoParser.java: Recompile with -Xlint:unchecked for details.
[INFO] 
[INFO] --- maven-resources-plugin:2.6:testResources (default-testResources) @ protostuff-parser ---
[INFO] Using 'UTF-8' encoding to copy filtered resources.
[INFO] Copying 18 resources
[INFO] 
[INFO] --- maven-compiler-plugin:3.1:testCompile (default-testCompile) @ protostuff-parser ---
[INFO] Changes detected - recompiling the module!
[INFO] Compiling 11 source files to /tmp/Ex2Amplifier-experiments/dataset/may-2018/protostuff/119_modified/protostuff-parser/target/test-classes
[INFO] 
[INFO] --- maven-surefire-plugin:2.12.4:test (default-test) @ protostuff-parser ---
[INFO] Tests are skipped.
[INFO] 
[INFO] --- maven-dependency-plugin:2.8:build-classpath (default-cli) @ protostuff-parser ---
[INFO] Wrote classpath file '/tmp/Ex2Amplifier-experiments/dataset/may-2018/protostuff/119_modified/protostuff-parser/target/dspot/classpath'.
[INFO] ------------------------------------------------------------------------
[INFO] BUILD SUCCESS
[INFO] ------------------------------------------------------------------------
[INFO] Total time: 5.419 s
[INFO] Finished at: 2018-05-21T18:00:00+02:00
[INFO] Final Memory: 27M/316M
[INFO] ------------------------------------------------------------------------
[10334] WARN AutomaticBuilderFactory - No automatic builder specified in configuration, going to default.
[10334] INFO AutomaticBuilderFactory - Default: provided Maven automatic builder.
[10335] INFO MavenAutomaticBuilder - run maven clean test -DskipTests dependency:build-classpath -Dmdep.outputFile=target/dspot/classpath
[WARN] Maven will be executed in interactive mode, but no input stream has been configured for this MavenInvoker instance.
[INFO] Scanning for projects...
[INFO]                                                                         
[INFO] ------------------------------------------------------------------------
[INFO] Building protostuff :: parser 1.3.4-SNAPSHOT
[INFO] ------------------------------------------------------------------------
[INFO] 
[INFO] --- maven-clean-plugin:2.5:clean (default-clean) @ protostuff-parser ---
[INFO] Deleting /tmp/Ex2Amplifier-experiments/dataset/may-2018/protostuff/119/protostuff-parser/target
[INFO] 
[INFO] --- maven-enforcer-plugin:1.3.1:enforce (enforce-versions) @ protostuff-parser ---
[INFO] Skipping Rule Enforcement.
[INFO] 
[INFO] --- antlr3-maven-plugin:3.2:antlr (default) @ protostuff-parser ---
[INFO] ANTLR: Processing source directory /tmp/Ex2Amplifier-experiments/dataset/may-2018/protostuff/119/protostuff-parser/src/main/antlr3
ANTLR Parser Generator  Version 3.2 Sep 23, 2009 14:05:07
Grammar /tmp/Ex2Amplifier-experiments/dataset/may-2018/protostuff/119/protostuff-parser/src/main/antlr3/io/protostuff/parser/ProtoLexer.g is up to date - build skipped
Grammar /tmp/Ex2Amplifier-experiments/dataset/may-2018/protostuff/119/protostuff-parser/src/main/antlr3/io/protostuff/parser/ProtoParser.g is up to date - build skipped
[INFO] 
[INFO] --- maven-resources-plugin:2.6:resources (default-resources) @ protostuff-parser ---
[INFO] Using 'UTF-8' encoding to copy filtered resources.
[INFO] skip non existing resourceDirectory /tmp/Ex2Amplifier-experiments/dataset/may-2018/protostuff/119/protostuff-parser/src/main/resources
[INFO] 
[INFO] --- maven-compiler-plugin:3.1:compile (default-compile) @ protostuff-parser ---
[INFO] Changes detected - recompiling the module!
[INFO] Compiling 26 source files to /tmp/Ex2Amplifier-experiments/dataset/may-2018/protostuff/119/protostuff-parser/target/classes
[WARNING] /tmp/Ex2Amplifier-experiments/dataset/may-2018/protostuff/119/protostuff-parser/src/main/java/io/protostuff/parser/ProtoParser.java: /tmp/Ex2Amplifier-experiments/dataset/may-2018/protostuff/119/protostuff-parser/src/main/java/io/protostuff/parser/ProtoParser.java uses unchecked or unsafe operations.
[WARNING] /tmp/Ex2Amplifier-experiments/dataset/may-2018/protostuff/119/protostuff-parser/src/main/java/io/protostuff/parser/ProtoParser.java: Recompile with -Xlint:unchecked for details.
[INFO] 
[INFO] --- maven-resources-plugin:2.6:testResources (default-testResources) @ protostuff-parser ---
[INFO] Using 'UTF-8' encoding to copy filtered resources.
[INFO] Copying 18 resources
[INFO] 
[INFO] --- maven-compiler-plugin:3.1:testCompile (default-testCompile) @ protostuff-parser ---
[INFO] Changes detected - recompiling the module!
[INFO] Compiling 11 source files to /tmp/Ex2Amplifier-experiments/dataset/may-2018/protostuff/119/protostuff-parser/target/test-classes
[INFO] 
[INFO] --- maven-surefire-plugin:2.12.4:test (default-test) @ protostuff-parser ---
[INFO] Tests are skipped.
[INFO] 
[INFO] --- maven-dependency-plugin:2.8:build-classpath (default-cli) @ protostuff-parser ---
[INFO] Wrote classpath file '/tmp/Ex2Amplifier-experiments/dataset/may-2018/protostuff/119/protostuff-parser/target/dspot/classpath'.
[INFO] ------------------------------------------------------------------------
[INFO] BUILD SUCCESS
[INFO] ------------------------------------------------------------------------
[INFO] Total time: 5.398 s
[INFO] Finished at: 2018-05-21T18:00:10+02:00
[INFO] Final Memory: 27M/315M
[INFO] ------------------------------------------------------------------------
[17440] INFO SelectorOnDiff - Selecting according to a diff between dataset/may-2018/protostuff/119_modified/protostuff-parser and dataset/may-2018/protostuff/119/protostuff-parser (829edec21f805cdc8fea2993561ac4e77994f647)
[17468] INFO SelectorOnDiff - Modified files:
a/protostuff-parser/src/main/java/io/protostuff/parser/AnnotationContainer.java
a/protostuff-parser/src/main/java/io/protostuff/parser/Proto.java
a/protostuff-parser/src/main/java/io/protostuff/parser/ProtoParser.java
a/protostuff-parser/src/main/java/io/protostuff/parser/ProtoLexer.java
a/protostuff-parser/src/test/java/io/protostuff/parser/AnnotationTest.java
a/protostuff-parser/src/main/java/io/protostuff/parser/Message.java
[19427] INFO Amplification - amplification of io.protostuff.parser.ProtoParserTest (4 test(s))
[19851] INFO EntryPoint - Run: java -cp /tmp/Ex2Amplifier-experiments/dataset/may-2018/protostuff/119_modified/protostuff-parser/target/test-classes:/tmp/Ex2Amplifier-experiments/dataset/may-2018/protostuff/119_modified/protostuff-parser/target/classes:/home/spirals/danglot/.m2/repository/junit/junit/4.11/junit-4.11.jar:/home/spirals/danglot/.m2/repository/org/hamcrest/hamcrest-core/1.3/hamcrest-core-1.3.jar:/home/spirals/danglot/.m2/repository/org/antlr/antlr-runtime/3.2/antlr-runtime-3.2.jar:/home/spirals/danglot/.m2/repository/org/antlr/stringtemplate/3.2.1/stringtemplate-3.2.1.jar:/home/spirals/danglot/.m2/repository/antlr/antlr/2.7.7/antlr-2.7.7.jar:/tmp/Ex2Amplifier-experiments/target/dspot/dependencies:/home/spirals/danglot/.m2/repository/eu/stamp-project/test-runner/1.0.8/test-runner-1.0.8-jar-with-dependencies.jar eu.stamp_project.testrunner.runner.test.TestRunner io.protostuff.parser.ProtoParserTest testDescriptorProto:testSimple:testEnumWithTrailingSemicolon:testImport
File saved to the following path: /tmp/Ex2Amplifier-experiments/dataset/may-2018/protostuff/119_modified/protostuff-parser/target/dspot/TestListener.ser
'group' not supported @ line 19 of enum_with_semicolon.proto
[20373] INFO EntryPoint - Test has been run: testEnumWithTrailingSemicolon,testDescriptorProto,testImport(io.protostuff.parser.ProtoParserTest): java.lang.IllegalStateException: Imported proto google/protobuf/unittest_import.proto not found. (src/test/resources/unittest.proto),testSimple(io.protostuff.parser.ProtoParserTest): null
[20373] WARN Amplification - 2 tests failed before the amplifications
[20373] WARN Amplification - testImport(io.protostuff.parser.ProtoParserTest): java.lang.IllegalStateException: Imported proto google/protobuf/unittest_import.proto not found. (src/test/resources/unittest.proto)
testSimple(io.protostuff.parser.ProtoParserTest): null
[20373] WARN Amplification - Discarding following test cases for the amplification
[20376] WARN Amplification - testImport
[20376] WARN Amplification - testSimple
[20634] INFO EntryPoint - Run: java -cp /tmp/Ex2Amplifier-experiments/dataset/may-2018/protostuff/119_modified/protostuff-parser/target/test-classes:/tmp/Ex2Amplifier-experiments/dataset/may-2018/protostuff/119_modified/protostuff-parser/target/classes:/home/spirals/danglot/.m2/repository/junit/junit/4.11/junit-4.11.jar:/home/spirals/danglot/.m2/repository/org/hamcrest/hamcrest-core/1.3/hamcrest-core-1.3.jar:/home/spirals/danglot/.m2/repository/org/antlr/antlr-runtime/3.2/antlr-runtime-3.2.jar:/home/spirals/danglot/.m2/repository/org/antlr/stringtemplate/3.2.1/stringtemplate-3.2.1.jar:/home/spirals/danglot/.m2/repository/antlr/antlr/2.7.7/antlr-2.7.7.jar:/tmp/Ex2Amplifier-experiments/target/dspot/dependencies:/home/spirals/danglot/.m2/repository/eu/stamp-project/test-runner/1.0.8/test-runner-1.0.8-jar-with-dependencies.jar eu.stamp_project.testrunner.runner.test.TestRunner io.protostuff.parser.ProtoParserTest testDescriptorProto:testEnumWithTrailingSemicolon
File saved to the following path: /tmp/Ex2Amplifier-experiments/dataset/may-2018/protostuff/119_modified/protostuff-parser/target/dspot/TestListener.ser
'group' not supported @ line 19 of enum_with_semicolon.proto
[21080] INFO EntryPoint - Test has been run: testEnumWithTrailingSemicolon,testDescriptorProto
[21080] INFO Amplification - Try to add assertions before amplification
[21110] INFO AssertGenerator - Run tests. (2)
[21330] INFO EntryPoint - Run: java -cp /tmp/Ex2Amplifier-experiments/dataset/may-2018/protostuff/119_modified/protostuff-parser/target/test-classes:/tmp/Ex2Amplifier-experiments/dataset/may-2018/protostuff/119_modified/protostuff-parser/target/classes:/home/spirals/danglot/.m2/repository/junit/junit/4.11/junit-4.11.jar:/home/spirals/danglot/.m2/repository/org/hamcrest/hamcrest-core/1.3/hamcrest-core-1.3.jar:/home/spirals/danglot/.m2/repository/org/antlr/antlr-runtime/3.2/antlr-runtime-3.2.jar:/home/spirals/danglot/.m2/repository/org/antlr/stringtemplate/3.2.1/stringtemplate-3.2.1.jar:/home/spirals/danglot/.m2/repository/antlr/antlr/2.7.7/antlr-2.7.7.jar:/tmp/Ex2Amplifier-experiments/target/dspot/dependencies:/home/spirals/danglot/.m2/repository/eu/stamp-project/test-runner/1.0.8/test-runner-1.0.8-jar-with-dependencies.jar eu.stamp_project.testrunner.runner.test.TestRunner io.protostuff.parser.ProtoParserTest testDescriptorProto:testEnumWithTrailingSemicolon
File saved to the following path: /tmp/Ex2Amplifier-experiments/dataset/may-2018/protostuff/119_modified/protostuff-parser/target/dspot/TestListener.ser
'group' not supported @ line 19 of enum_with_semicolon.proto
[21784] INFO EntryPoint - Test has been run: testEnumWithTrailingSemicolon,testDescriptorProto
[21785] INFO AssertGenerator - 2 test pass, generating assertion...
[21794] INFO MethodsAssertGenerator - Add observations points in passing tests.
[21794] INFO MethodsAssertGenerator - Instrumentation...
 50% |========================= ]/100% |================================================== ]-
[21818] INFO MethodsAssertGenerator - Run instrumented tests. (6)
[22036] INFO EntryPoint - Run: java -cp /tmp/Ex2Amplifier-experiments/dataset/may-2018/protostuff/119_modified/protostuff-parser/target/test-classes:/tmp/Ex2Amplifier-experiments/dataset/may-2018/protostuff/119_modified/protostuff-parser/target/classes:/home/spirals/danglot/.m2/repository/junit/junit/4.11/junit-4.11.jar:/home/spirals/danglot/.m2/repository/org/hamcrest/hamcrest-core/1.3/hamcrest-core-1.3.jar:/home/spirals/danglot/.m2/repository/org/antlr/antlr-runtime/3.2/antlr-runtime-3.2.jar:/home/spirals/danglot/.m2/repository/org/antlr/stringtemplate/3.2.1/stringtemplate-3.2.1.jar:/home/spirals/danglot/.m2/repository/antlr/antlr/2.7.7/antlr-2.7.7.jar:/tmp/Ex2Amplifier-experiments/target/dspot/dependencies:/home/spirals/danglot/.m2/repository/eu/stamp-project/test-runner/1.0.8/test-runner-1.0.8-jar-with-dependencies.jar eu.stamp_project.testrunner.runner.test.TestRunner io.protostuff.parser.ProtoParserTest testDescriptorProto_withlog0:testEnumWithTrailingSemicolon_withlog0:testDescriptorProto_withlog1:testEnumWithTrailingSemicolon_withlog1:testDescriptorProto_withlog2:testEnumWithTrailingSemicolon_withlog2
File saved to the following path: /tmp/Ex2Amplifier-experiments/dataset/may-2018/protostuff/119_modified/protostuff-parser/target/dspot/observations.ser
File saved to the following path: /tmp/Ex2Amplifier-experiments/dataset/may-2018/protostuff/119_modified/protostuff-parser/target/dspot/TestListener.ser
'group' not supported @ line 19 of enum_with_semicolon.proto
'group' not supported @ line 19 of enum_with_semicolon.proto
'group' not supported @ line 19 of enum_with_semicolon.proto
[27002] INFO EntryPoint - Test has been run: testDescriptorProto_withlog0,testDescriptorProto_withlog1,testDescriptorProto_withlog2,testEnumWithTrailingSemicolon_withlog0,testEnumWithTrailingSemicolon_withlog1,testEnumWithTrailingSemicolon_withlog2
[27027] INFO MethodsAssertGenerator - Generating assertions...
[27169] INFO AssertGenerator - 2 new tests with assertions generated
[27729] INFO EntryPoint - Run: java -cp /tmp/Ex2Amplifier-experiments/dataset/may-2018/protostuff/119_modified/protostuff-parser/target/test-classes:/tmp/Ex2Amplifier-experiments/dataset/may-2018/protostuff/119_modified/protostuff-parser/target/classes:/home/spirals/danglot/.m2/repository/junit/junit/4.11/junit-4.11.jar:/home/spirals/danglot/.m2/repository/org/hamcrest/hamcrest-core/1.3/hamcrest-core-1.3.jar:/home/spirals/danglot/.m2/repository/org/antlr/antlr-runtime/3.2/antlr-runtime-3.2.jar:/home/spirals/danglot/.m2/repository/org/antlr/stringtemplate/3.2.1/stringtemplate-3.2.1.jar:/home/spirals/danglot/.m2/repository/antlr/antlr/2.7.7/antlr-2.7.7.jar:/tmp/Ex2Amplifier-experiments/target/dspot/dependencies:/home/spirals/danglot/.m2/repository/eu/stamp-project/test-runner/1.0.8/test-runner-1.0.8-jar-with-dependencies.jar eu.stamp_project.testrunner.runner.test.TestRunner io.protostuff.parser.ProtoParserTest testDescriptorProto:testEnumWithTrailingSemicolon
File saved to the following path: /tmp/Ex2Amplifier-experiments/dataset/may-2018/protostuff/119_modified/protostuff-parser/target/dspot/TestListener.ser
'group' not supported @ line 19 of enum_with_semicolon.proto
[28195] INFO EntryPoint - Test has been run: testEnumWithTrailingSemicolon,testDescriptorProto(io.protostuff.parser.ProtoParserTest): expected:<127748825088> but was:<127748653056>
[28498] DEBUG Launcher - building sources: [/tmp/Ex2Amplifier-experiments/target/dspot/tmp_test_sources/io/protostuff/parser/ProtoParserTest.java]
[28499] DEBUG Launcher - build args: [-encoding, UTF-8, -cp, /home/spirals/danglot/.m2/repository/junit/junit/4.11/junit-4.11.jar:/home/spirals/danglot/.m2/repository/org/hamcrest/hamcrest-core/1.3/hamcrest-core-1.3.jar:/home/spirals/danglot/.m2/repository/org/antlr/antlr-runtime/3.2/antlr-runtime-3.2.jar:/home/spirals/danglot/.m2/repository/org/antlr/stringtemplate/3.2.1/stringtemplate-3.2.1.jar:/home/spirals/danglot/.m2/repository/antlr/antlr/2.7.7/antlr-2.7.7.jar:target/dspot/dependencies/:dataset/may-2018/protostuff/119_modified/protostuff-parser//target/classes:dataset/may-2018/protostuff/119_modified/protostuff-parser//target/test-classes:, -1.8, -preserveAllLocals, -noExit, -enableJavadoc, /tmp/Ex2Amplifier-experiments/target/dspot/tmp_test_sources/io/protostuff/parser/ProtoParserTest.java]
[28650] DEBUG Launcher - built in 151 ms
[28650] DEBUG Launcher - building templates: []
[28650] DEBUG Launcher - built in 0 ms
[28660] DEBUG Launcher - model built in 162
[28660] DEBUG Launcher - compiling sources: [/tmp/Ex2Amplifier-experiments/target/dspot/tmp_test_sources/io/protostuff/parser/ProtoParserTest.java]
[28674] DEBUG Launcher - compile args: [-encoding, UTF-8, -cp, /home/spirals/danglot/.m2/repository/junit/junit/4.11/junit-4.11.jar:/home/spirals/danglot/.m2/repository/org/hamcrest/hamcrest-core/1.3/hamcrest-core-1.3.jar:/home/spirals/danglot/.m2/repository/org/antlr/antlr-runtime/3.2/antlr-runtime-3.2.jar:/home/spirals/danglot/.m2/repository/org/antlr/stringtemplate/3.2.1/stringtemplate-3.2.1.jar:/home/spirals/danglot/.m2/repository/antlr/antlr/2.7.7/antlr-2.7.7.jar:target/dspot/dependencies/:dataset/may-2018/protostuff/119_modified/protostuff-parser//target/classes:dataset/may-2018/protostuff/119_modified/protostuff-parser//target/test-classes:, -d, /tmp/Ex2Amplifier-experiments/dataset/may-2018/protostuff/119/protostuff-parser/target/test-classes, -1.8, -proc:none, -preserveAllLocals, -noExit, -enableJavadoc, /tmp/Ex2Amplifier-experiments/target/dspot/tmp_test_sources/io/protostuff/parser/ProtoParserTest.java]
[31192] DEBUG Launcher - compiled in 2532 ms
[31193] INFO EntryPoint - Run: java -cp /home/spirals/danglot/.m2/repository/junit/junit/4.11/junit-4.11.jar:/home/spirals/danglot/.m2/repository/org/hamcrest/hamcrest-core/1.3/hamcrest-core-1.3.jar:/home/spirals/danglot/.m2/repository/org/antlr/antlr-runtime/3.2/antlr-runtime-3.2.jar:/home/spirals/danglot/.m2/repository/org/antlr/stringtemplate/3.2.1/stringtemplate-3.2.1.jar:/home/spirals/danglot/.m2/repository/antlr/antlr/2.7.7/antlr-2.7.7.jar:target/dspot/dependencies/:/tmp/Ex2Amplifier-experiments/dataset/may-2018/protostuff/119/protostuff-parser/target/classes:/tmp/Ex2Amplifier-experiments/dataset/may-2018/protostuff/119/protostuff-parser/target/test-classes:/home/spirals/danglot/.m2/repository/eu/stamp-project/test-runner/1.0.8/test-runner-1.0.8-jar-with-dependencies.jar eu.stamp_project.testrunner.runner.test.TestRunner io.protostuff.parser.ProtoParserTest testDescriptorProto:testEnumWithTrailingSemicolon
File saved to the following path: /tmp/Ex2Amplifier-experiments/dataset/may-2018/protostuff/119_modified/protostuff-parser/target/dspot/TestListener.ser
[31519] INFO EntryPoint - Test has been run: testEnumWithTrailingSemicolon(io.protostuff.parser.ProtoParserTest): io.protostuff.parser.Proto.getDocs()Ljava/util/ArrayList;,testDescriptorProto(io.protostuff.parser.ProtoParserTest): expected:<127748825088> but was:<127748657152>
[31520] INFO Amplification - 2 amplified test(s) has been selected, global: 2
[31521] INFO Amplification - amp testDescriptorProto (1/2)
[31535] DEBUG Launcher - printing io.protostuff.parser.ProtoParserTest to /tmp/Ex2Amplifier-experiments/target/dspot/tmp_test_sources
[31703] INFO EntryPoint - Run: java -cp /tmp/Ex2Amplifier-experiments/dataset/may-2018/protostuff/119_modified/protostuff-parser/target/test-classes:/tmp/Ex2Amplifier-experiments/dataset/may-2018/protostuff/119_modified/protostuff-parser/target/classes:/home/spirals/danglot/.m2/repository/junit/junit/4.11/junit-4.11.jar:/home/spirals/danglot/.m2/repository/org/hamcrest/hamcrest-core/1.3/hamcrest-core-1.3.jar:/home/spirals/danglot/.m2/repository/org/antlr/antlr-runtime/3.2/antlr-runtime-3.2.jar:/home/spirals/danglot/.m2/repository/org/antlr/stringtemplate/3.2.1/stringtemplate-3.2.1.jar:/home/spirals/danglot/.m2/repository/antlr/antlr/2.7.7/antlr-2.7.7.jar:/tmp/Ex2Amplifier-experiments/target/dspot/dependencies:/home/spirals/danglot/.m2/repository/eu/stamp-project/test-runner/1.0.8/test-runner-1.0.8-jar-with-dependencies.jar eu.stamp_project.testrunner.runner.test.TestRunner io.protostuff.parser.ProtoParserTest testDescriptorProto
File saved to the following path: /tmp/Ex2Amplifier-experiments/dataset/may-2018/protostuff/119_modified/protostuff-parser/target/dspot/TestListener.ser
[32131] INFO EntryPoint - Test has been run: testDescriptorProto
[32131] INFO Amplification - iteration 0:
[32131] INFO Amplification - 1 tests selected to be amplified over 1 available tests
[32131] INFO Amplification - Amplification of inputs...
100% |================================================== ]/
[32158] DEBUG Launcher - printing io.protostuff.parser.ProtoParserTest to /tmp/Ex2Amplifier-experiments/target/dspot/tmp_test_sources
[32267] DEBUG Launcher - building sources: [/tmp/Ex2Amplifier-experiments/target/dspot/tmp_test_sources/io/protostuff/parser/ProtoParserTest.java]
[32267] DEBUG Launcher - build args: [-encoding, UTF-8, -cp, /home/spirals/danglot/.m2/repository/junit/junit/4.11/junit-4.11.jar:/home/spirals/danglot/.m2/repository/org/hamcrest/hamcrest-core/1.3/hamcrest-core-1.3.jar:/home/spirals/danglot/.m2/repository/org/antlr/antlr-runtime/3.2/antlr-runtime-3.2.jar:/home/spirals/danglot/.m2/repository/org/antlr/stringtemplate/3.2.1/stringtemplate-3.2.1.jar:/home/spirals/danglot/.m2/repository/antlr/antlr/2.7.7/antlr-2.7.7.jar:/tmp/Ex2Amplifier-experiments/dataset/may-2018/protostuff/119_modified/protostuff-parser/target/classes:/tmp/Ex2Amplifier-experiments/target/dspot/dependencies:/tmp/Ex2Amplifier-experiments/dataset/may-2018/protostuff/119_modified/protostuff-parser/target/test-classes:lib/catg-dev.jar:, -1.8, -preserveAllLocals, -noExit, -enableJavadoc, /tmp/Ex2Amplifier-experiments/target/dspot/tmp_test_sources/io/protostuff/parser/ProtoParserTest.java]
[32355] DEBUG Launcher - built in 88 ms
[32355] DEBUG Launcher - building templates: []
[32355] DEBUG Launcher - built in 0 ms
[32357] DEBUG Launcher - model built in 90
[32357] DEBUG Launcher - compiling sources: [/tmp/Ex2Amplifier-experiments/target/dspot/tmp_test_sources/io/protostuff/parser/ProtoParserTest.java]
[32359] DEBUG Launcher - compile args: [-encoding, UTF-8, -cp, /home/spirals/danglot/.m2/repository/junit/junit/4.11/junit-4.11.jar:/home/spirals/danglot/.m2/repository/org/hamcrest/hamcrest-core/1.3/hamcrest-core-1.3.jar:/home/spirals/danglot/.m2/repository/org/antlr/antlr-runtime/3.2/antlr-runtime-3.2.jar:/home/spirals/danglot/.m2/repository/org/antlr/stringtemplate/3.2.1/stringtemplate-3.2.1.jar:/home/spirals/danglot/.m2/repository/antlr/antlr/2.7.7/antlr-2.7.7.jar:/tmp/Ex2Amplifier-experiments/dataset/may-2018/protostuff/119_modified/protostuff-parser/target/classes:/tmp/Ex2Amplifier-experiments/target/dspot/dependencies:/tmp/Ex2Amplifier-experiments/dataset/may-2018/protostuff/119_modified/protostuff-parser/target/test-classes:lib/catg-dev.jar:, -d, /tmp/Ex2Amplifier-experiments/dataset/may-2018/protostuff/119_modified/protostuff-parser/target/test-classes, -1.8, -proc:none, -preserveAllLocals, -noExit, -enableJavadoc, /tmp/Ex2Amplifier-experiments/target/dspot/tmp_test_sources/io/protostuff/parser/ProtoParserTest.java]
[32798] DEBUG Launcher - compiled in 441 ms
[32802] INFO CATGExecutor - Running CATG: java -Xmx4096M -Xms2048M -Djanala.loggerClass=janala.logger.DirectConcolicExecution -Djanala.conf=/tmp/Ex2Amplifier-experiments/lib/catg.conf  -javaagent:/tmp/Ex2Amplifier-experiments/lib/catg-dev.jar  -cp /home/spirals/danglot/.m2/repository/junit/junit/4.11/junit-4.11.jar:/home/spirals/danglot/.m2/repository/org/hamcrest/hamcrest-core/1.3/hamcrest-core-1.3.jar:/home/spirals/danglot/.m2/repository/org/antlr/antlr-runtime/3.2/antlr-runtime-3.2.jar:/home/spirals/danglot/.m2/repository/org/antlr/stringtemplate/3.2.1/stringtemplate-3.2.1.jar:/home/spirals/danglot/.m2/repository/antlr/antlr/2.7.7/antlr-2.7.7.jar:/tmp/Ex2Amplifier-experiments/dataset/may-2018/protostuff/119_modified/protostuff-parser/target/classes:/tmp/Ex2Amplifier-experiments/target/dspot/dependencies:/tmp/Ex2Amplifier-experiments/dataset/may-2018/protostuff/119_modified/protostuff-parser/target/test-classes:lib/catg-dev.jar:/tmp/Ex2Amplifier-experiments/lib/catg-dev.jar:/tmp/Ex2Amplifier-experiments/lib/asm-all-5.0.4.jar:/tmp/Ex2Amplifier-experiments/lib/automaton-1.11-8.jar -ea io.protostuff.parser.ProtoParserTest
WARNING: 
Error: inputs (No such file or directory)
Exception in thread "main" java.lang.RuntimeException: java.io.FileNotFoundException: src/test/resources/descriptor.proto (No such file or directory)
	at io.protostuff.parser.ProtoParserTest.main(ProtoParserTest.java:318)
Caused by: java.io.FileNotFoundException: src/test/resources/descriptor.proto (No such file or directory)
	at java.io.FileInputStream.open0(Native Method)
	at java.io.FileInputStream.open(FileInputStream.java:195)
	at java.io.FileInputStream.<init>(FileInputStream.java:138)
	at io.protostuff.parser.ProtoUtil.loadFrom(ProtoUtil.java:87)
	at io.protostuff.parser.ProtoParserTest.main(ProtoParserTest.java:315)
[33446] INFO Amplification - 0 new tests generated
[33446] INFO Amplification - 0 amplified test(s) has been selected, global: 2
[33447] INFO Amplification - amp testEnumWithTrailingSemicolon (2/2)
[33461] DEBUG Launcher - printing io.protostuff.parser.ProtoParserTest to /tmp/Ex2Amplifier-experiments/target/dspot/tmp_test_sources
[33627] INFO EntryPoint - Run: java -cp /tmp/Ex2Amplifier-experiments/dataset/may-2018/protostuff/119_modified/protostuff-parser/target/test-classes:/tmp/Ex2Amplifier-experiments/dataset/may-2018/protostuff/119_modified/protostuff-parser/target/classes:/home/spirals/danglot/.m2/repository/junit/junit/4.11/junit-4.11.jar:/home/spirals/danglot/.m2/repository/org/hamcrest/hamcrest-core/1.3/hamcrest-core-1.3.jar:/home/spirals/danglot/.m2/repository/org/antlr/antlr-runtime/3.2/antlr-runtime-3.2.jar:/home/spirals/danglot/.m2/repository/org/antlr/stringtemplate/3.2.1/stringtemplate-3.2.1.jar:/home/spirals/danglot/.m2/repository/antlr/antlr/2.7.7/antlr-2.7.7.jar:/tmp/Ex2Amplifier-experiments/target/dspot/dependencies:/home/spirals/danglot/.m2/repository/eu/stamp-project/test-runner/1.0.8/test-runner-1.0.8-jar-with-dependencies.jar eu.stamp_project.testrunner.runner.test.TestRunner io.protostuff.parser.ProtoParserTest testEnumWithTrailingSemicolon
File saved to the following path: /tmp/Ex2Amplifier-experiments/dataset/may-2018/protostuff/119_modified/protostuff-parser/target/dspot/TestListener.ser
'group' not supported @ line 19 of enum_with_semicolon.proto
[34036] INFO EntryPoint - Test has been run: testEnumWithTrailingSemicolon
[34036] INFO Amplification - iteration 0:
[34036] INFO Amplification - 1 tests selected to be amplified over 1 available tests
[34036] INFO Amplification - Amplification of inputs...
100% |================================================== ]/
[34051] DEBUG Launcher - printing io.protostuff.parser.ProtoParserTest to /tmp/Ex2Amplifier-experiments/target/dspot/tmp_test_sources
[34157] DEBUG Launcher - building sources: [/tmp/Ex2Amplifier-experiments/target/dspot/tmp_test_sources/io/protostuff/parser/ProtoParserTest.java]
[34157] DEBUG Launcher - build args: [-encoding, UTF-8, -cp, /home/spirals/danglot/.m2/repository/junit/junit/4.11/junit-4.11.jar:/home/spirals/danglot/.m2/repository/org/hamcrest/hamcrest-core/1.3/hamcrest-core-1.3.jar:/home/spirals/danglot/.m2/repository/org/antlr/antlr-runtime/3.2/antlr-runtime-3.2.jar:/home/spirals/danglot/.m2/repository/org/antlr/stringtemplate/3.2.1/stringtemplate-3.2.1.jar:/home/spirals/danglot/.m2/repository/antlr/antlr/2.7.7/antlr-2.7.7.jar:/tmp/Ex2Amplifier-experiments/dataset/may-2018/protostuff/119_modified/protostuff-parser/target/classes:/tmp/Ex2Amplifier-experiments/target/dspot/dependencies:/tmp/Ex2Amplifier-experiments/dataset/may-2018/protostuff/119_modified/protostuff-parser/target/test-classes:lib/catg-dev.jar:, -1.8, -preserveAllLocals, -noExit, -enableJavadoc, /tmp/Ex2Amplifier-experiments/target/dspot/tmp_test_sources/io/protostuff/parser/ProtoParserTest.java]
[34238] DEBUG Launcher - built in 81 ms
[34238] DEBUG Launcher - building templates: []
[34238] DEBUG Launcher - built in 0 ms
[34239] DEBUG Launcher - model built in 82
[34239] DEBUG Launcher - compiling sources: [/tmp/Ex2Amplifier-experiments/target/dspot/tmp_test_sources/io/protostuff/parser/ProtoParserTest.java]
[34242] DEBUG Launcher - compile args: [-encoding, UTF-8, -cp, /home/spirals/danglot/.m2/repository/junit/junit/4.11/junit-4.11.jar:/home/spirals/danglot/.m2/repository/org/hamcrest/hamcrest-core/1.3/hamcrest-core-1.3.jar:/home/spirals/danglot/.m2/repository/org/antlr/antlr-runtime/3.2/antlr-runtime-3.2.jar:/home/spirals/danglot/.m2/repository/org/antlr/stringtemplate/3.2.1/stringtemplate-3.2.1.jar:/home/spirals/danglot/.m2/repository/antlr/antlr/2.7.7/antlr-2.7.7.jar:/tmp/Ex2Amplifier-experiments/dataset/may-2018/protostuff/119_modified/protostuff-parser/target/classes:/tmp/Ex2Amplifier-experiments/target/dspot/dependencies:/tmp/Ex2Amplifier-experiments/dataset/may-2018/protostuff/119_modified/protostuff-parser/target/test-classes:lib/catg-dev.jar:, -d, /tmp/Ex2Amplifier-experiments/dataset/may-2018/protostuff/119_modified/protostuff-parser/target/test-classes, -1.8, -proc:none, -preserveAllLocals, -noExit, -enableJavadoc, /tmp/Ex2Amplifier-experiments/target/dspot/tmp_test_sources/io/protostuff/parser/ProtoParserTest.java]
[34637] DEBUG Launcher - compiled in 398 ms
[34638] INFO CATGExecutor - Running CATG: java -Xmx4096M -Xms2048M -Djanala.loggerClass=janala.logger.DirectConcolicExecution -Djanala.conf=/tmp/Ex2Amplifier-experiments/lib/catg.conf  -javaagent:/tmp/Ex2Amplifier-experiments/lib/catg-dev.jar  -cp /home/spirals/danglot/.m2/repository/junit/junit/4.11/junit-4.11.jar:/home/spirals/danglot/.m2/repository/org/hamcrest/hamcrest-core/1.3/hamcrest-core-1.3.jar:/home/spirals/danglot/.m2/repository/org/antlr/antlr-runtime/3.2/antlr-runtime-3.2.jar:/home/spirals/danglot/.m2/repository/org/antlr/stringtemplate/3.2.1/stringtemplate-3.2.1.jar:/home/spirals/danglot/.m2/repository/antlr/antlr/2.7.7/antlr-2.7.7.jar:/tmp/Ex2Amplifier-experiments/dataset/may-2018/protostuff/119_modified/protostuff-parser/target/classes:/tmp/Ex2Amplifier-experiments/target/dspot/dependencies:/tmp/Ex2Amplifier-experiments/dataset/may-2018/protostuff/119_modified/protostuff-parser/target/test-classes:lib/catg-dev.jar:/tmp/Ex2Amplifier-experiments/lib/catg-dev.jar:/tmp/Ex2Amplifier-experiments/lib/asm-all-5.0.4.jar:/tmp/Ex2Amplifier-experiments/lib/automaton-1.11-8.jar -ea io.protostuff.parser.ProtoParserTest
WARNING: 
Error: inputs (No such file or directory)
Exception in thread "main" java.lang.RuntimeException: java.io.FileNotFoundException: src/test/resources/enum_with_semicolon.proto (No such file or directory)
	at io.protostuff.parser.ProtoParserTest.main(ProtoParserTest.java:318)
Caused by: java.io.FileNotFoundException: src/test/resources/enum_with_semicolon.proto (No such file or directory)
	at java.io.FileInputStream.open0(Native Method)
	at java.io.FileInputStream.open(FileInputStream.java:195)
	at java.io.FileInputStream.<init>(FileInputStream.java:138)
	at io.protostuff.parser.ProtoUtil.loadFrom(ProtoUtil.java:87)
	at io.protostuff.parser.ProtoParserTest.main(ProtoParserTest.java:315)
[35239] INFO Amplification - 0 new tests generated
[35239] INFO Amplification - 0 amplified test(s) has been selected, global: 2
[35239] INFO DSpot - elapsedTime 15855
======= REPORT =======
2 amplified test fails on the new versions.
testDescriptorProto(io.protostuff.parser.ProtoParserTest): expected:<127748825088> but was:<127748657152>
testEnumWithTrailingSemicolon(io.protostuff.parser.ProtoParserTest): io.protostuff.parser.Proto.getDocs()Ljava/util/ArrayList;

[35326] INFO DSpot - Print AmplProtoParserTest with 2?amplified test cases in results/may-2018/protostuff/119_modified/CATG
SLF4J: Class path contains multiple SLF4J bindings.
SLF4J: Found binding in [jar:file:/home/spirals/danglot/.m2/repository/eu/stamp-project/test-runner/1.0.8/test-runner-1.0.8-jar-with-dependencies.jar!/org/slf4j/impl/StaticLoggerBinder.class]
SLF4J: Found binding in [jar:file:/home/spirals/danglot/.m2/repository/org/slf4j/slf4j-log4j12/1.7.25/slf4j-log4j12-1.7.25.jar!/org/slf4j/impl/StaticLoggerBinder.class]
SLF4J: See http://www.slf4j.org/codes.html#multiple_bindings for an explanation.
SLF4J: Actual binding is of type [org.slf4j.impl.Log4jLoggerFactory]
[0] WARN AutomaticBuilderFactory - No automatic builder specified in configuration, going to default.
[0] INFO AutomaticBuilderFactory - Default: provided Maven automatic builder.
[8] INFO MavenAutomaticBuilder - run maven clean test -DskipTests dependency:build-classpath -Dmdep.outputFile=target/dspot/classpath
[WARN] Maven will be executed in interactive mode, but no input stream has been configured for this MavenInvoker instance.
[INFO] Scanning for projects...
[INFO]                                                                         
[INFO] ------------------------------------------------------------------------
[INFO] Building protostuff :: parser 1.3.4-SNAPSHOT
[INFO] ------------------------------------------------------------------------
[INFO] 
[INFO] --- maven-clean-plugin:2.5:clean (default-clean) @ protostuff-parser ---
[INFO] Deleting /tmp/Ex2Amplifier-experiments/dataset/may-2018/protostuff/119_modified/protostuff-parser/target
[INFO] 
[INFO] --- maven-enforcer-plugin:1.3.1:enforce (enforce-versions) @ protostuff-parser ---
[INFO] Skipping Rule Enforcement.
[INFO] 
[INFO] --- antlr3-maven-plugin:3.2:antlr (default) @ protostuff-parser ---
[INFO] ANTLR: Processing source directory /tmp/Ex2Amplifier-experiments/dataset/may-2018/protostuff/119_modified/protostuff-parser/src/main/antlr3
ANTLR Parser Generator  Version 3.2 Sep 23, 2009 14:05:07
Grammar /tmp/Ex2Amplifier-experiments/dataset/may-2018/protostuff/119_modified/protostuff-parser/src/main/antlr3/io/protostuff/parser/ProtoLexer.g is up to date - build skipped
Grammar /tmp/Ex2Amplifier-experiments/dataset/may-2018/protostuff/119_modified/protostuff-parser/src/main/antlr3/io/protostuff/parser/ProtoParser.g is up to date - build skipped
[INFO] 
[INFO] --- maven-resources-plugin:2.6:resources (default-resources) @ protostuff-parser ---
[INFO] Using 'UTF-8' encoding to copy filtered resources.
[INFO] skip non existing resourceDirectory /tmp/Ex2Amplifier-experiments/dataset/may-2018/protostuff/119_modified/protostuff-parser/src/main/resources
[INFO] 
[INFO] --- maven-compiler-plugin:3.1:compile (default-compile) @ protostuff-parser ---
[INFO] Changes detected - recompiling the module!
[INFO] Compiling 26 source files to /tmp/Ex2Amplifier-experiments/dataset/may-2018/protostuff/119_modified/protostuff-parser/target/classes
[WARNING] /tmp/Ex2Amplifier-experiments/dataset/may-2018/protostuff/119_modified/protostuff-parser/src/main/java/io/protostuff/parser/ProtoParser.java: /tmp/Ex2Amplifier-experiments/dataset/may-2018/protostuff/119_modified/protostuff-parser/src/main/java/io/protostuff/parser/ProtoParser.java uses unchecked or unsafe operations.
[WARNING] /tmp/Ex2Amplifier-experiments/dataset/may-2018/protostuff/119_modified/protostuff-parser/src/main/java/io/protostuff/parser/ProtoParser.java: Recompile with -Xlint:unchecked for details.
[INFO] 
[INFO] --- maven-resources-plugin:2.6:testResources (default-testResources) @ protostuff-parser ---
[INFO] Using 'UTF-8' encoding to copy filtered resources.
[INFO] Copying 18 resources
[INFO] 
[INFO] --- maven-compiler-plugin:3.1:testCompile (default-testCompile) @ protostuff-parser ---
[INFO] Changes detected - recompiling the module!
[INFO] Compiling 11 source files to /tmp/Ex2Amplifier-experiments/dataset/may-2018/protostuff/119_modified/protostuff-parser/target/test-classes
[INFO] 
[INFO] --- maven-surefire-plugin:2.12.4:test (default-test) @ protostuff-parser ---
[INFO] Tests are skipped.
[INFO] 
[INFO] --- maven-dependency-plugin:2.8:build-classpath (default-cli) @ protostuff-parser ---
[INFO] Wrote classpath file '/tmp/Ex2Amplifier-experiments/dataset/may-2018/protostuff/119_modified/protostuff-parser/target/dspot/classpath'.
[INFO] ------------------------------------------------------------------------
[INFO] BUILD SUCCESS
[INFO] ------------------------------------------------------------------------
[INFO] Total time: 5.325 s
[INFO] Finished at: 2018-05-21T20:45:27+02:00
[INFO] Final Memory: 27M/315M
[INFO] ------------------------------------------------------------------------
[10228] WARN AutomaticBuilderFactory - No automatic builder specified in configuration, going to default.
[10228] INFO AutomaticBuilderFactory - Default: provided Maven automatic builder.
[10228] INFO MavenAutomaticBuilder - run maven clean test -DskipTests dependency:build-classpath -Dmdep.outputFile=target/dspot/classpath
[WARN] Maven will be executed in interactive mode, but no input stream has been configured for this MavenInvoker instance.
[INFO] Scanning for projects...
[INFO]                                                                         
[INFO] ------------------------------------------------------------------------
[INFO] Building protostuff :: parser 1.3.4-SNAPSHOT
[INFO] ------------------------------------------------------------------------
[INFO] 
[INFO] --- maven-clean-plugin:2.5:clean (default-clean) @ protostuff-parser ---
[INFO] Deleting /tmp/Ex2Amplifier-experiments/dataset/may-2018/protostuff/119/protostuff-parser/target
[INFO] 
[INFO] --- maven-enforcer-plugin:1.3.1:enforce (enforce-versions) @ protostuff-parser ---
[INFO] Skipping Rule Enforcement.
[INFO] 
[INFO] --- antlr3-maven-plugin:3.2:antlr (default) @ protostuff-parser ---
[INFO] ANTLR: Processing source directory /tmp/Ex2Amplifier-experiments/dataset/may-2018/protostuff/119/protostuff-parser/src/main/antlr3
ANTLR Parser Generator  Version 3.2 Sep 23, 2009 14:05:07
Grammar /tmp/Ex2Amplifier-experiments/dataset/may-2018/protostuff/119/protostuff-parser/src/main/antlr3/io/protostuff/parser/ProtoLexer.g is up to date - build skipped
Grammar /tmp/Ex2Amplifier-experiments/dataset/may-2018/protostuff/119/protostuff-parser/src/main/antlr3/io/protostuff/parser/ProtoParser.g is up to date - build skipped
[INFO] 
[INFO] --- maven-resources-plugin:2.6:resources (default-resources) @ protostuff-parser ---
[INFO] Using 'UTF-8' encoding to copy filtered resources.
[INFO] skip non existing resourceDirectory /tmp/Ex2Amplifier-experiments/dataset/may-2018/protostuff/119/protostuff-parser/src/main/resources
[INFO] 
[INFO] --- maven-compiler-plugin:3.1:compile (default-compile) @ protostuff-parser ---
[INFO] Changes detected - recompiling the module!
[INFO] Compiling 26 source files to /tmp/Ex2Amplifier-experiments/dataset/may-2018/protostuff/119/protostuff-parser/target/classes
[WARNING] /tmp/Ex2Amplifier-experiments/dataset/may-2018/protostuff/119/protostuff-parser/src/main/java/io/protostuff/parser/ProtoParser.java: /tmp/Ex2Amplifier-experiments/dataset/may-2018/protostuff/119/protostuff-parser/src/main/java/io/protostuff/parser/ProtoParser.java uses unchecked or unsafe operations.
[WARNING] /tmp/Ex2Amplifier-experiments/dataset/may-2018/protostuff/119/protostuff-parser/src/main/java/io/protostuff/parser/ProtoParser.java: Recompile with -Xlint:unchecked for details.
[INFO] 
[INFO] --- maven-resources-plugin:2.6:testResources (default-testResources) @ protostuff-parser ---
[INFO] Using 'UTF-8' encoding to copy filtered resources.
[INFO] Copying 18 resources
[INFO] 
[INFO] --- maven-compiler-plugin:3.1:testCompile (default-testCompile) @ protostuff-parser ---
[INFO] Changes detected - recompiling the module!
[INFO] Compiling 11 source files to /tmp/Ex2Amplifier-experiments/dataset/may-2018/protostuff/119/protostuff-parser/target/test-classes
[INFO] 
[INFO] --- maven-surefire-plugin:2.12.4:test (default-test) @ protostuff-parser ---
[INFO] Tests are skipped.
[INFO] 
[INFO] --- maven-dependency-plugin:2.8:build-classpath (default-cli) @ protostuff-parser ---
[INFO] Wrote classpath file '/tmp/Ex2Amplifier-experiments/dataset/may-2018/protostuff/119/protostuff-parser/target/dspot/classpath'.
[INFO] ------------------------------------------------------------------------
[INFO] BUILD SUCCESS
[INFO] ------------------------------------------------------------------------
[INFO] Total time: 5.130 s
[INFO] Finished at: 2018-05-21T20:45:37+02:00
[INFO] Final Memory: 27M/315M
[INFO] ------------------------------------------------------------------------
[16914] INFO SelectorOnDiff - Selecting according to a diff between dataset/may-2018/protostuff/119_modified/protostuff-parser and dataset/may-2018/protostuff/119/protostuff-parser (829edec21f805cdc8fea2993561ac4e77994f647)
[16942] INFO SelectorOnDiff - Modified files:
a/protostuff-parser/src/main/java/io/protostuff/parser/AnnotationContainer.java
a/protostuff-parser/src/main/java/io/protostuff/parser/Proto.java
a/protostuff-parser/src/main/java/io/protostuff/parser/ProtoParser.java
a/protostuff-parser/src/main/java/io/protostuff/parser/ProtoLexer.java
a/protostuff-parser/src/test/java/io/protostuff/parser/AnnotationTest.java
a/protostuff-parser/src/main/java/io/protostuff/parser/Message.java
[19124] INFO Amplification - amplification of io.protostuff.parser.ProtoParserTest (4 test(s))
[19541] INFO EntryPoint - Run: java -cp /tmp/Ex2Amplifier-experiments/dataset/may-2018/protostuff/119_modified/protostuff-parser/target/test-classes:/tmp/Ex2Amplifier-experiments/dataset/may-2018/protostuff/119_modified/protostuff-parser/target/classes:/home/spirals/danglot/.m2/repository/junit/junit/4.11/junit-4.11.jar:/home/spirals/danglot/.m2/repository/org/hamcrest/hamcrest-core/1.3/hamcrest-core-1.3.jar:/home/spirals/danglot/.m2/repository/org/antlr/antlr-runtime/3.2/antlr-runtime-3.2.jar:/home/spirals/danglot/.m2/repository/org/antlr/stringtemplate/3.2.1/stringtemplate-3.2.1.jar:/home/spirals/danglot/.m2/repository/antlr/antlr/2.7.7/antlr-2.7.7.jar:/tmp/Ex2Amplifier-experiments/target/dspot/dependencies:/home/spirals/danglot/.m2/repository/eu/stamp-project/test-runner/1.0.8/test-runner-1.0.8-jar-with-dependencies.jar eu.stamp_project.testrunner.runner.test.TestRunner io.protostuff.parser.ProtoParserTest testDescriptorProto:testSimple:testEnumWithTrailingSemicolon:testImport
File saved to the following path: /tmp/Ex2Amplifier-experiments/dataset/may-2018/protostuff/119_modified/protostuff-parser/target/dspot/TestListener.ser
'group' not supported @ line 19 of enum_with_semicolon.proto
[20053] INFO EntryPoint - Test has been run: testEnumWithTrailingSemicolon,testDescriptorProto,testImport(io.protostuff.parser.ProtoParserTest): java.lang.IllegalStateException: Imported proto google/protobuf/unittest_import.proto not found. (src/test/resources/unittest.proto),testSimple(io.protostuff.parser.ProtoParserTest): null
[20053] WARN Amplification - 2 tests failed before the amplifications
[20054] WARN Amplification - testImport(io.protostuff.parser.ProtoParserTest): java.lang.IllegalStateException: Imported proto google/protobuf/unittest_import.proto not found. (src/test/resources/unittest.proto)
testSimple(io.protostuff.parser.ProtoParserTest): null
[20054] WARN Amplification - Discarding following test cases for the amplification
[20055] WARN Amplification - testImport
[20055] WARN Amplification - testSimple
[20342] INFO EntryPoint - Run: java -cp /tmp/Ex2Amplifier-experiments/dataset/may-2018/protostuff/119_modified/protostuff-parser/target/test-classes:/tmp/Ex2Amplifier-experiments/dataset/may-2018/protostuff/119_modified/protostuff-parser/target/classes:/home/spirals/danglot/.m2/repository/junit/junit/4.11/junit-4.11.jar:/home/spirals/danglot/.m2/repository/org/hamcrest/hamcrest-core/1.3/hamcrest-core-1.3.jar:/home/spirals/danglot/.m2/repository/org/antlr/antlr-runtime/3.2/antlr-runtime-3.2.jar:/home/spirals/danglot/.m2/repository/org/antlr/stringtemplate/3.2.1/stringtemplate-3.2.1.jar:/home/spirals/danglot/.m2/repository/antlr/antlr/2.7.7/antlr-2.7.7.jar:/tmp/Ex2Amplifier-experiments/target/dspot/dependencies:/home/spirals/danglot/.m2/repository/eu/stamp-project/test-runner/1.0.8/test-runner-1.0.8-jar-with-dependencies.jar eu.stamp_project.testrunner.runner.test.TestRunner io.protostuff.parser.ProtoParserTest testDescriptorProto:testEnumWithTrailingSemicolon
File saved to the following path: /tmp/Ex2Amplifier-experiments/dataset/may-2018/protostuff/119_modified/protostuff-parser/target/dspot/TestListener.ser
'group' not supported @ line 19 of enum_with_semicolon.proto
[20785] INFO EntryPoint - Test has been run: testEnumWithTrailingSemicolon,testDescriptorProto
[20785] INFO Amplification - Try to add assertions before amplification
[20815] INFO AssertGenerator - Run tests. (2)
[21024] INFO EntryPoint - Run: java -cp /tmp/Ex2Amplifier-experiments/dataset/may-2018/protostuff/119_modified/protostuff-parser/target/test-classes:/tmp/Ex2Amplifier-experiments/dataset/may-2018/protostuff/119_modified/protostuff-parser/target/classes:/home/spirals/danglot/.m2/repository/junit/junit/4.11/junit-4.11.jar:/home/spirals/danglot/.m2/repository/org/hamcrest/hamcrest-core/1.3/hamcrest-core-1.3.jar:/home/spirals/danglot/.m2/repository/org/antlr/antlr-runtime/3.2/antlr-runtime-3.2.jar:/home/spirals/danglot/.m2/repository/org/antlr/stringtemplate/3.2.1/stringtemplate-3.2.1.jar:/home/spirals/danglot/.m2/repository/antlr/antlr/2.7.7/antlr-2.7.7.jar:/tmp/Ex2Amplifier-experiments/target/dspot/dependencies:/home/spirals/danglot/.m2/repository/eu/stamp-project/test-runner/1.0.8/test-runner-1.0.8-jar-with-dependencies.jar eu.stamp_project.testrunner.runner.test.TestRunner io.protostuff.parser.ProtoParserTest testDescriptorProto:testEnumWithTrailingSemicolon
File saved to the following path: /tmp/Ex2Amplifier-experiments/dataset/may-2018/protostuff/119_modified/protostuff-parser/target/dspot/TestListener.ser
'group' not supported @ line 19 of enum_with_semicolon.proto
[21470] INFO EntryPoint - Test has been run: testEnumWithTrailingSemicolon,testDescriptorProto
[21471] INFO AssertGenerator - 2 test pass, generating assertion...
[21480] INFO MethodsAssertGenerator - Add observations points in passing tests.
[21480] INFO MethodsAssertGenerator - Instrumentation...
 50% |========================= ]/100% |================================================== ]-
[21508] INFO MethodsAssertGenerator - Run instrumented tests. (6)
[21732] INFO EntryPoint - Run: java -cp /tmp/Ex2Amplifier-experiments/dataset/may-2018/protostuff/119_modified/protostuff-parser/target/test-classes:/tmp/Ex2Amplifier-experiments/dataset/may-2018/protostuff/119_modified/protostuff-parser/target/classes:/home/spirals/danglot/.m2/repository/junit/junit/4.11/junit-4.11.jar:/home/spirals/danglot/.m2/repository/org/hamcrest/hamcrest-core/1.3/hamcrest-core-1.3.jar:/home/spirals/danglot/.m2/repository/org/antlr/antlr-runtime/3.2/antlr-runtime-3.2.jar:/home/spirals/danglot/.m2/repository/org/antlr/stringtemplate/3.2.1/stringtemplate-3.2.1.jar:/home/spirals/danglot/.m2/repository/antlr/antlr/2.7.7/antlr-2.7.7.jar:/tmp/Ex2Amplifier-experiments/target/dspot/dependencies:/home/spirals/danglot/.m2/repository/eu/stamp-project/test-runner/1.0.8/test-runner-1.0.8-jar-with-dependencies.jar eu.stamp_project.testrunner.runner.test.TestRunner io.protostuff.parser.ProtoParserTest testDescriptorProto_withlog0:testEnumWithTrailingSemicolon_withlog0:testDescriptorProto_withlog1:testEnumWithTrailingSemicolon_withlog1:testDescriptorProto_withlog2:testEnumWithTrailingSemicolon_withlog2
File saved to the following path: /tmp/Ex2Amplifier-experiments/dataset/may-2018/protostuff/119_modified/protostuff-parser/target/dspot/observations.ser
File saved to the following path: /tmp/Ex2Amplifier-experiments/dataset/may-2018/protostuff/119_modified/protostuff-parser/target/dspot/TestListener.ser
'group' not supported @ line 19 of enum_with_semicolon.proto
'group' not supported @ line 19 of enum_with_semicolon.proto
'group' not supported @ line 19 of enum_with_semicolon.proto
[26500] INFO EntryPoint - Test has been run: testDescriptorProto_withlog0,testDescriptorProto_withlog1,testDescriptorProto_withlog2,testEnumWithTrailingSemicolon_withlog0,testEnumWithTrailingSemicolon_withlog1,testEnumWithTrailingSemicolon_withlog2
[26526] INFO MethodsAssertGenerator - Generating assertions...
[26663] INFO AssertGenerator - 2 new tests with assertions generated
[27226] INFO EntryPoint - Run: java -cp /tmp/Ex2Amplifier-experiments/dataset/may-2018/protostuff/119_modified/protostuff-parser/target/test-classes:/tmp/Ex2Amplifier-experiments/dataset/may-2018/protostuff/119_modified/protostuff-parser/target/classes:/home/spirals/danglot/.m2/repository/junit/junit/4.11/junit-4.11.jar:/home/spirals/danglot/.m2/repository/org/hamcrest/hamcrest-core/1.3/hamcrest-core-1.3.jar:/home/spirals/danglot/.m2/repository/org/antlr/antlr-runtime/3.2/antlr-runtime-3.2.jar:/home/spirals/danglot/.m2/repository/org/antlr/stringtemplate/3.2.1/stringtemplate-3.2.1.jar:/home/spirals/danglot/.m2/repository/antlr/antlr/2.7.7/antlr-2.7.7.jar:/tmp/Ex2Amplifier-experiments/target/dspot/dependencies:/home/spirals/danglot/.m2/repository/eu/stamp-project/test-runner/1.0.8/test-runner-1.0.8-jar-with-dependencies.jar eu.stamp_project.testrunner.runner.test.TestRunner io.protostuff.parser.ProtoParserTest testDescriptorProto:testEnumWithTrailingSemicolon
File saved to the following path: /tmp/Ex2Amplifier-experiments/dataset/may-2018/protostuff/119_modified/protostuff-parser/target/dspot/TestListener.ser
[27609] INFO EntryPoint - Test has been run: testEnumWithTrailingSemicolon(io.protostuff.parser.ProtoParserTest): expected:<127745261568> but was:<127744909312>,testDescriptorProto(io.protostuff.parser.ProtoParserTest): expected:<120718020608> but was:<120718139392>
[27911] DEBUG Launcher - building sources: [/tmp/Ex2Amplifier-experiments/target/dspot/tmp_test_sources/io/protostuff/parser/ProtoParserTest.java]
[27912] DEBUG Launcher - build args: [-encoding, UTF-8, -cp, /home/spirals/danglot/.m2/repository/junit/junit/4.11/junit-4.11.jar:/home/spirals/danglot/.m2/repository/org/hamcrest/hamcrest-core/1.3/hamcrest-core-1.3.jar:/home/spirals/danglot/.m2/repository/org/antlr/antlr-runtime/3.2/antlr-runtime-3.2.jar:/home/spirals/danglot/.m2/repository/org/antlr/stringtemplate/3.2.1/stringtemplate-3.2.1.jar:/home/spirals/danglot/.m2/repository/antlr/antlr/2.7.7/antlr-2.7.7.jar:target/dspot/dependencies/:dataset/may-2018/protostuff/119_modified/protostuff-parser//target/classes:dataset/may-2018/protostuff/119_modified/protostuff-parser//target/test-classes:, -1.8, -preserveAllLocals, -noExit, -enableJavadoc, /tmp/Ex2Amplifier-experiments/target/dspot/tmp_test_sources/io/protostuff/parser/ProtoParserTest.java]
[28050] DEBUG Launcher - built in 139 ms
[28050] DEBUG Launcher - building templates: []
[28050] DEBUG Launcher - built in 0 ms
[28061] DEBUG Launcher - model built in 150
[28062] DEBUG Launcher - compiling sources: [/tmp/Ex2Amplifier-experiments/target/dspot/tmp_test_sources/io/protostuff/parser/ProtoParserTest.java]
[28078] DEBUG Launcher - compile args: [-encoding, UTF-8, -cp, /home/spirals/danglot/.m2/repository/junit/junit/4.11/junit-4.11.jar:/home/spirals/danglot/.m2/repository/org/hamcrest/hamcrest-core/1.3/hamcrest-core-1.3.jar:/home/spirals/danglot/.m2/repository/org/antlr/antlr-runtime/3.2/antlr-runtime-3.2.jar:/home/spirals/danglot/.m2/repository/org/antlr/stringtemplate/3.2.1/stringtemplate-3.2.1.jar:/home/spirals/danglot/.m2/repository/antlr/antlr/2.7.7/antlr-2.7.7.jar:target/dspot/dependencies/:dataset/may-2018/protostuff/119_modified/protostuff-parser//target/classes:dataset/may-2018/protostuff/119_modified/protostuff-parser//target/test-classes:, -d, /tmp/Ex2Amplifier-experiments/dataset/may-2018/protostuff/119/protostuff-parser/target/test-classes, -1.8, -proc:none, -preserveAllLocals, -noExit, -enableJavadoc, /tmp/Ex2Amplifier-experiments/target/dspot/tmp_test_sources/io/protostuff/parser/ProtoParserTest.java]
[30573] DEBUG Launcher - compiled in 2511 ms
[30574] INFO EntryPoint - Run: java -cp /home/spirals/danglot/.m2/repository/junit/junit/4.11/junit-4.11.jar:/home/spirals/danglot/.m2/repository/org/hamcrest/hamcrest-core/1.3/hamcrest-core-1.3.jar:/home/spirals/danglot/.m2/repository/org/antlr/antlr-runtime/3.2/antlr-runtime-3.2.jar:/home/spirals/danglot/.m2/repository/org/antlr/stringtemplate/3.2.1/stringtemplate-3.2.1.jar:/home/spirals/danglot/.m2/repository/antlr/antlr/2.7.7/antlr-2.7.7.jar:target/dspot/dependencies/:/tmp/Ex2Amplifier-experiments/dataset/may-2018/protostuff/119/protostuff-parser/target/classes:/tmp/Ex2Amplifier-experiments/dataset/may-2018/protostuff/119/protostuff-parser/target/test-classes:/home/spirals/danglot/.m2/repository/eu/stamp-project/test-runner/1.0.8/test-runner-1.0.8-jar-with-dependencies.jar eu.stamp_project.testrunner.runner.test.TestRunner io.protostuff.parser.ProtoParserTest testDescriptorProto:testEnumWithTrailingSemicolon
File saved to the following path: /tmp/Ex2Amplifier-experiments/dataset/may-2018/protostuff/119_modified/protostuff-parser/target/dspot/TestListener.ser
[30909] INFO EntryPoint - Test has been run: testEnumWithTrailingSemicolon(io.protostuff.parser.ProtoParserTest): expected:<127745261568> but was:<127744913408>,testDescriptorProto(io.protostuff.parser.ProtoParserTest): io.protostuff.parser.Proto.getDocs()Ljava/util/ArrayList;
[30911] INFO Amplification - 2 amplified test(s) has been selected, global: 2
[30911] INFO Amplification - amp testDescriptorProto (1/2)
[30927] DEBUG Launcher - printing io.protostuff.parser.ProtoParserTest to /tmp/Ex2Amplifier-experiments/target/dspot/tmp_test_sources
[31094] INFO EntryPoint - Run: java -cp /tmp/Ex2Amplifier-experiments/dataset/may-2018/protostuff/119_modified/protostuff-parser/target/test-classes:/tmp/Ex2Amplifier-experiments/dataset/may-2018/protostuff/119_modified/protostuff-parser/target/classes:/home/spirals/danglot/.m2/repository/junit/junit/4.11/junit-4.11.jar:/home/spirals/danglot/.m2/repository/org/hamcrest/hamcrest-core/1.3/hamcrest-core-1.3.jar:/home/spirals/danglot/.m2/repository/org/antlr/antlr-runtime/3.2/antlr-runtime-3.2.jar:/home/spirals/danglot/.m2/repository/org/antlr/stringtemplate/3.2.1/stringtemplate-3.2.1.jar:/home/spirals/danglot/.m2/repository/antlr/antlr/2.7.7/antlr-2.7.7.jar:/tmp/Ex2Amplifier-experiments/target/dspot/dependencies:/home/spirals/danglot/.m2/repository/eu/stamp-project/test-runner/1.0.8/test-runner-1.0.8-jar-with-dependencies.jar eu.stamp_project.testrunner.runner.test.TestRunner io.protostuff.parser.ProtoParserTest testDescriptorProto
File saved to the following path: /tmp/Ex2Amplifier-experiments/dataset/may-2018/protostuff/119_modified/protostuff-parser/target/dspot/TestListener.ser
[31531] INFO EntryPoint - Test has been run: testDescriptorProto
[31531] INFO Amplification - iteration 0:
[31531] INFO Amplification - 1 tests selected to be amplified over 1 available tests
[31531] INFO Amplification - Amplification of inputs...
100% |================================================== ]/
[31560] DEBUG Launcher - printing io.protostuff.parser.ProtoParserTest to /tmp/Ex2Amplifier-experiments/target/dspot/tmp_test_sources
[31666] DEBUG Launcher - building sources: [/tmp/Ex2Amplifier-experiments/target/dspot/tmp_test_sources/io/protostuff/parser/ProtoParserTest.java]
[31666] DEBUG Launcher - build args: [-encoding, UTF-8, -cp, /home/spirals/danglot/.m2/repository/junit/junit/4.11/junit-4.11.jar:/home/spirals/danglot/.m2/repository/org/hamcrest/hamcrest-core/1.3/hamcrest-core-1.3.jar:/home/spirals/danglot/.m2/repository/org/antlr/antlr-runtime/3.2/antlr-runtime-3.2.jar:/home/spirals/danglot/.m2/repository/org/antlr/stringtemplate/3.2.1/stringtemplate-3.2.1.jar:/home/spirals/danglot/.m2/repository/antlr/antlr/2.7.7/antlr-2.7.7.jar:/tmp/Ex2Amplifier-experiments/dataset/may-2018/protostuff/119_modified/protostuff-parser/target/classes:/tmp/Ex2Amplifier-experiments/target/dspot/dependencies:/tmp/Ex2Amplifier-experiments/dataset/may-2018/protostuff/119_modified/protostuff-parser/target/test-classes:lib/catg-dev.jar:, -1.8, -preserveAllLocals, -noExit, -enableJavadoc, /tmp/Ex2Amplifier-experiments/target/dspot/tmp_test_sources/io/protostuff/parser/ProtoParserTest.java]
[31754] DEBUG Launcher - built in 88 ms
[31754] DEBUG Launcher - building templates: []
[31754] DEBUG Launcher - built in 0 ms
[31756] DEBUG Launcher - model built in 90
[31756] DEBUG Launcher - compiling sources: [/tmp/Ex2Amplifier-experiments/target/dspot/tmp_test_sources/io/protostuff/parser/ProtoParserTest.java]
[31758] DEBUG Launcher - compile args: [-encoding, UTF-8, -cp, /home/spirals/danglot/.m2/repository/junit/junit/4.11/junit-4.11.jar:/home/spirals/danglot/.m2/repository/org/hamcrest/hamcrest-core/1.3/hamcrest-core-1.3.jar:/home/spirals/danglot/.m2/repository/org/antlr/antlr-runtime/3.2/antlr-runtime-3.2.jar:/home/spirals/danglot/.m2/repository/org/antlr/stringtemplate/3.2.1/stringtemplate-3.2.1.jar:/home/spirals/danglot/.m2/repository/antlr/antlr/2.7.7/antlr-2.7.7.jar:/tmp/Ex2Amplifier-experiments/dataset/may-2018/protostuff/119_modified/protostuff-parser/target/classes:/tmp/Ex2Amplifier-experiments/target/dspot/dependencies:/tmp/Ex2Amplifier-experiments/dataset/may-2018/protostuff/119_modified/protostuff-parser/target/test-classes:lib/catg-dev.jar:, -d, /tmp/Ex2Amplifier-experiments/dataset/may-2018/protostuff/119_modified/protostuff-parser/target/test-classes, -1.8, -proc:none, -preserveAllLocals, -noExit, -enableJavadoc, /tmp/Ex2Amplifier-experiments/target/dspot/tmp_test_sources/io/protostuff/parser/ProtoParserTest.java]
[32182] DEBUG Launcher - compiled in 426 ms
[32186] INFO CATGExecutor - Running CATG: java -Xmx4096M -Xms2048M -Djanala.loggerClass=janala.logger.DirectConcolicExecution -Djanala.conf=/tmp/Ex2Amplifier-experiments/lib/catg.conf  -javaagent:/tmp/Ex2Amplifier-experiments/lib/catg-dev.jar  -cp /home/spirals/danglot/.m2/repository/junit/junit/4.11/junit-4.11.jar:/home/spirals/danglot/.m2/repository/org/hamcrest/hamcrest-core/1.3/hamcrest-core-1.3.jar:/home/spirals/danglot/.m2/repository/org/antlr/antlr-runtime/3.2/antlr-runtime-3.2.jar:/home/spirals/danglot/.m2/repository/org/antlr/stringtemplate/3.2.1/stringtemplate-3.2.1.jar:/home/spirals/danglot/.m2/repository/antlr/antlr/2.7.7/antlr-2.7.7.jar:/tmp/Ex2Amplifier-experiments/dataset/may-2018/protostuff/119_modified/protostuff-parser/target/classes:/tmp/Ex2Amplifier-experiments/target/dspot/dependencies:/tmp/Ex2Amplifier-experiments/dataset/may-2018/protostuff/119_modified/protostuff-parser/target/test-classes:lib/catg-dev.jar:/tmp/Ex2Amplifier-experiments/lib/catg-dev.jar:/tmp/Ex2Amplifier-experiments/lib/asm-all-5.0.4.jar:/tmp/Ex2Amplifier-experiments/lib/automaton-1.11-8.jar -ea io.protostuff.parser.ProtoParserTest
WARNING: 
Error: inputs (No such file or directory)
Exception in thread "main" java.lang.ClassCastException: janala.interpreters.IntValue cannot be cast to janala.interpreters.ObjectValue
	at janala.interpreters.ConcolicInterpreter.visitGETVALUE_Object(ConcolicInterpreter.java:656)
	at janala.logger.inst.GETVALUE_Object.visit(GETVALUE_Object.java:16)
	at janala.logger.DirectConcolicExecution.log(DirectConcolicExecution.java:58)
	at janala.logger.AbstractLogger.ASTORE(AbstractLogger.java:217)
	at janala.logger.DJVM.ASTORE(DJVM.java:224)
	at io.protostuff.parser.ProtoParserTest.main(ProtoParserTest.java:317)
Exception in thread "Thread-1" java.lang.ClassCastException: janala.interpreters.IntValue cannot be cast to janala.interpreters.ObjectValue
	at janala.interpreters.ConcolicInterpreter.visitGETVALUE_Object(ConcolicInterpreter.java:656)
	at janala.logger.inst.GETVALUE_Object.visit(GETVALUE_Object.java:16)
	at janala.logger.DirectConcolicExecution.log(DirectConcolicExecution.java:58)
	at janala.logger.DirectConcolicExecution.finish(DirectConcolicExecution.java:46)
	at janala.logger.DirectConcolicExecution$Finisher.run(DirectConcolicExecution.java:41)
[33250] INFO Amplification - 0 new tests generated
[33250] INFO Amplification - 0 amplified test(s) has been selected, global: 2
[33250] INFO Amplification - amp testEnumWithTrailingSemicolon (2/2)
[33267] DEBUG Launcher - printing io.protostuff.parser.ProtoParserTest to /tmp/Ex2Amplifier-experiments/target/dspot/tmp_test_sources
[33431] INFO EntryPoint - Run: java -cp /tmp/Ex2Amplifier-experiments/dataset/may-2018/protostuff/119_modified/protostuff-parser/target/test-classes:/tmp/Ex2Amplifier-experiments/dataset/may-2018/protostuff/119_modified/protostuff-parser/target/classes:/home/spirals/danglot/.m2/repository/junit/junit/4.11/junit-4.11.jar:/home/spirals/danglot/.m2/repository/org/hamcrest/hamcrest-core/1.3/hamcrest-core-1.3.jar:/home/spirals/danglot/.m2/repository/org/antlr/antlr-runtime/3.2/antlr-runtime-3.2.jar:/home/spirals/danglot/.m2/repository/org/antlr/stringtemplate/3.2.1/stringtemplate-3.2.1.jar:/home/spirals/danglot/.m2/repository/antlr/antlr/2.7.7/antlr-2.7.7.jar:/tmp/Ex2Amplifier-experiments/target/dspot/dependencies:/home/spirals/danglot/.m2/repository/eu/stamp-project/test-runner/1.0.8/test-runner-1.0.8-jar-with-dependencies.jar eu.stamp_project.testrunner.runner.test.TestRunner io.protostuff.parser.ProtoParserTest testEnumWithTrailingSemicolon
File saved to the following path: /tmp/Ex2Amplifier-experiments/dataset/may-2018/protostuff/119_modified/protostuff-parser/target/dspot/TestListener.ser
'group' not supported @ line 19 of enum_with_semicolon.proto
[33852] INFO EntryPoint - Test has been run: testEnumWithTrailingSemicolon
[33852] INFO Amplification - iteration 0:
[33852] INFO Amplification - 1 tests selected to be amplified over 1 available tests
[33852] INFO Amplification - Amplification of inputs...
100% |================================================== ]/
[33866] DEBUG Launcher - printing io.protostuff.parser.ProtoParserTest to /tmp/Ex2Amplifier-experiments/target/dspot/tmp_test_sources
[33970] DEBUG Launcher - building sources: [/tmp/Ex2Amplifier-experiments/target/dspot/tmp_test_sources/io/protostuff/parser/ProtoParserTest.java]
[33970] DEBUG Launcher - build args: [-encoding, UTF-8, -cp, /home/spirals/danglot/.m2/repository/junit/junit/4.11/junit-4.11.jar:/home/spirals/danglot/.m2/repository/org/hamcrest/hamcrest-core/1.3/hamcrest-core-1.3.jar:/home/spirals/danglot/.m2/repository/org/antlr/antlr-runtime/3.2/antlr-runtime-3.2.jar:/home/spirals/danglot/.m2/repository/org/antlr/stringtemplate/3.2.1/stringtemplate-3.2.1.jar:/home/spirals/danglot/.m2/repository/antlr/antlr/2.7.7/antlr-2.7.7.jar:/tmp/Ex2Amplifier-experiments/dataset/may-2018/protostuff/119_modified/protostuff-parser/target/classes:/tmp/Ex2Amplifier-experiments/target/dspot/dependencies:/tmp/Ex2Amplifier-experiments/dataset/may-2018/protostuff/119_modified/protostuff-parser/target/test-classes:lib/catg-dev.jar:, -1.8, -preserveAllLocals, -noExit, -enableJavadoc, /tmp/Ex2Amplifier-experiments/target/dspot/tmp_test_sources/io/protostuff/parser/ProtoParserTest.java]
[34051] DEBUG Launcher - built in 81 ms
[34051] DEBUG Launcher - building templates: []
[34051] DEBUG Launcher - built in 0 ms
[34053] DEBUG Launcher - model built in 83
[34053] DEBUG Launcher - compiling sources: [/tmp/Ex2Amplifier-experiments/target/dspot/tmp_test_sources/io/protostuff/parser/ProtoParserTest.java]
[34056] DEBUG Launcher - compile args: [-encoding, UTF-8, -cp, /home/spirals/danglot/.m2/repository/junit/junit/4.11/junit-4.11.jar:/home/spirals/danglot/.m2/repository/org/hamcrest/hamcrest-core/1.3/hamcrest-core-1.3.jar:/home/spirals/danglot/.m2/repository/org/antlr/antlr-runtime/3.2/antlr-runtime-3.2.jar:/home/spirals/danglot/.m2/repository/org/antlr/stringtemplate/3.2.1/stringtemplate-3.2.1.jar:/home/spirals/danglot/.m2/repository/antlr/antlr/2.7.7/antlr-2.7.7.jar:/tmp/Ex2Amplifier-experiments/dataset/may-2018/protostuff/119_modified/protostuff-parser/target/classes:/tmp/Ex2Amplifier-experiments/target/dspot/dependencies:/tmp/Ex2Amplifier-experiments/dataset/may-2018/protostuff/119_modified/protostuff-parser/target/test-classes:lib/catg-dev.jar:, -d, /tmp/Ex2Amplifier-experiments/dataset/may-2018/protostuff/119_modified/protostuff-parser/target/test-classes, -1.8, -proc:none, -preserveAllLocals, -noExit, -enableJavadoc, /tmp/Ex2Amplifier-experiments/target/dspot/tmp_test_sources/io/protostuff/parser/ProtoParserTest.java]
[34447] DEBUG Launcher - compiled in 394 ms
[34448] INFO CATGExecutor - Running CATG: java -Xmx4096M -Xms2048M -Djanala.loggerClass=janala.logger.DirectConcolicExecution -Djanala.conf=/tmp/Ex2Amplifier-experiments/lib/catg.conf  -javaagent:/tmp/Ex2Amplifier-experiments/lib/catg-dev.jar  -cp /home/spirals/danglot/.m2/repository/junit/junit/4.11/junit-4.11.jar:/home/spirals/danglot/.m2/repository/org/hamcrest/hamcrest-core/1.3/hamcrest-core-1.3.jar:/home/spirals/danglot/.m2/repository/org/antlr/antlr-runtime/3.2/antlr-runtime-3.2.jar:/home/spirals/danglot/.m2/repository/org/antlr/stringtemplate/3.2.1/stringtemplate-3.2.1.jar:/home/spirals/danglot/.m2/repository/antlr/antlr/2.7.7/antlr-2.7.7.jar:/tmp/Ex2Amplifier-experiments/dataset/may-2018/protostuff/119_modified/protostuff-parser/target/classes:/tmp/Ex2Amplifier-experiments/target/dspot/dependencies:/tmp/Ex2Amplifier-experiments/dataset/may-2018/protostuff/119_modified/protostuff-parser/target/test-classes:lib/catg-dev.jar:/tmp/Ex2Amplifier-experiments/lib/catg-dev.jar:/tmp/Ex2Amplifier-experiments/lib/asm-all-5.0.4.jar:/tmp/Ex2Amplifier-experiments/lib/automaton-1.11-8.jar -ea io.protostuff.parser.ProtoParserTest
WARNING: 
Error: inputs (No such file or directory)
Exception in thread "main" java.lang.ClassCastException: janala.interpreters.IntValue cannot be cast to janala.interpreters.ObjectValue
	at janala.interpreters.ConcolicInterpreter.visitGETVALUE_Object(ConcolicInterpreter.java:656)
	at janala.logger.inst.GETVALUE_Object.visit(GETVALUE_Object.java:16)
	at janala.logger.DirectConcolicExecution.log(DirectConcolicExecution.java:58)
	at janala.logger.AbstractLogger.ASTORE(AbstractLogger.java:217)
	at janala.logger.DJVM.ASTORE(DJVM.java:224)
	at io.protostuff.parser.ProtoParserTest.main(ProtoParserTest.java:317)
Exception in thread "Thread-1" java.lang.ClassCastException: janala.interpreters.IntValue cannot be cast to janala.interpreters.ObjectValue
	at janala.interpreters.ConcolicInterpreter.visitGETVALUE_Object(ConcolicInterpreter.java:656)
	at janala.logger.inst.GETVALUE_Object.visit(GETVALUE_Object.java:16)
	at janala.logger.DirectConcolicExecution.log(DirectConcolicExecution.java:58)
	at janala.logger.DirectConcolicExecution.finish(DirectConcolicExecution.java:46)
	at janala.logger.DirectConcolicExecution$Finisher.run(DirectConcolicExecution.java:41)
[35499] INFO Amplification - 0 new tests generated
[35499] INFO Amplification - 0 amplified test(s) has been selected, global: 2
[35499] INFO DSpot - elapsedTime 16418
======= REPORT =======
2 amplified test fails on the new versions.
testDescriptorProto(io.protostuff.parser.ProtoParserTest): io.protostuff.parser.Proto.getDocs()Ljava/util/ArrayList;
testEnumWithTrailingSemicolon(io.protostuff.parser.ProtoParserTest): expected:<127745261568> but was:<127744913408>

[35592] INFO DSpot - Print AmplProtoParserTest with 2?amplified test cases in results/may-2018/protostuff/119_modified/CATG
