SLF4J: Class path contains multiple SLF4J bindings.
SLF4J: Found binding in [jar:file:/home/bdanglot/.m2/repository/eu/stamp-project/test-runner/1.0.8/test-runner-1.0.8-jar-with-dependencies.jar!/org/slf4j/impl/StaticLoggerBinder.class]
SLF4J: Found binding in [jar:file:/home/bdanglot/.m2/repository/org/slf4j/slf4j-log4j12/1.7.25/slf4j-log4j12-1.7.25.jar!/org/slf4j/impl/StaticLoggerBinder.class]
SLF4J: See http://www.slf4j.org/codes.html#multiple_bindings for an explanation.
SLF4J: Actual binding is of type [org.slf4j.impl.Log4jLoggerFactory]
[0] WARN AutomaticBuilderFactory - No automatic builder specified in configuration, going to default.
[0] INFO AutomaticBuilderFactory - Default: provided Maven automatic builder.
[9] INFO MavenAutomaticBuilder - run maven clean test -DskipTests dependency:build-classpath -Dmdep.outputFile=target/dspot/classpath
[WARN] Maven will be executed in interactive mode, but no input stream has been configured for this MavenInvoker instance.
[[1;34mINFO[m] Scanning for projects...
[[1;34mINFO[m] 
[[1;34mINFO[m] [1m------------------------------------------------------------------------[m
[[1;34mINFO[m] [1mBuilding protostuff :: parser 1.3.4-SNAPSHOT[m
[[1;34mINFO[m] [1m------------------------------------------------------------------------[m
[[1;34mINFO[m] 
[[1;34mINFO[m] [1m--- [0;32mmaven-clean-plugin:2.5:clean[m [1m(default-clean)[m @ [36mprotostuff-parser[0;1m ---[m
[[1;34mINFO[m] Deleting /home/bdanglot/workspace/Ex2amplifier-experiments/dataset/may-2018/protostuff/119/protostuff-parser/target
[[1;34mINFO[m] 
[[1;34mINFO[m] [1m--- [0;32mmaven-enforcer-plugin:1.3.1:enforce[m [1m(enforce-versions)[m @ [36mprotostuff-parser[0;1m ---[m
[[1;34mINFO[m] Skipping Rule Enforcement.
[[1;34mINFO[m] 
[[1;34mINFO[m] [1m--- [0;32mantlr3-maven-plugin:3.2:antlr[m [1m(default)[m @ [36mprotostuff-parser[0;1m ---[m
[[1;34mINFO[m] ANTLR: Processing source directory /home/bdanglot/workspace/Ex2amplifier-experiments/dataset/may-2018/protostuff/119/protostuff-parser/src/main/antlr3
ANTLR Parser Generator  Version 3.2 Sep 23, 2009 14:05:07
Grammar /home/bdanglot/workspace/Ex2amplifier-experiments/dataset/may-2018/protostuff/119/protostuff-parser/src/main/antlr3/io/protostuff/parser/ProtoLexer.g is up to date - build skipped
Grammar /home/bdanglot/workspace/Ex2amplifier-experiments/dataset/may-2018/protostuff/119/protostuff-parser/src/main/antlr3/io/protostuff/parser/ProtoParser.g is up to date - build skipped
[[1;34mINFO[m] 
[[1;34mINFO[m] [1m--- [0;32mmaven-resources-plugin:2.6:resources[m [1m(default-resources)[m @ [36mprotostuff-parser[0;1m ---[m
[[1;34mINFO[m] Using 'UTF-8' encoding to copy filtered resources.
[[1;34mINFO[m] skip non existing resourceDirectory /home/bdanglot/workspace/Ex2amplifier-experiments/dataset/may-2018/protostuff/119/protostuff-parser/src/main/resources
[[1;34mINFO[m] 
[[1;34mINFO[m] [1m--- [0;32mmaven-compiler-plugin:3.1:compile[m [1m(default-compile)[m @ [36mprotostuff-parser[0;1m ---[m
[[1;34mINFO[m] Changes detected - recompiling the module!
[[1;34mINFO[m] Compiling 26 source files to /home/bdanglot/workspace/Ex2amplifier-experiments/dataset/may-2018/protostuff/119/protostuff-parser/target/classes
[[1;33mWARNING[m] /home/bdanglot/workspace/Ex2amplifier-experiments/dataset/may-2018/protostuff/119/protostuff-parser/src/main/java/io/protostuff/parser/ProtoParser.java: /home/bdanglot/workspace/Ex2amplifier-experiments/dataset/may-2018/protostuff/119/protostuff-parser/src/main/java/io/protostuff/parser/ProtoParser.java uses unchecked or unsafe operations.
[[1;33mWARNING[m] /home/bdanglot/workspace/Ex2amplifier-experiments/dataset/may-2018/protostuff/119/protostuff-parser/src/main/java/io/protostuff/parser/ProtoParser.java: Recompile with -Xlint:unchecked for details.
[[1;34mINFO[m] 
[[1;34mINFO[m] [1m--- [0;32mmaven-resources-plugin:2.6:testResources[m [1m(default-testResources)[m @ [36mprotostuff-parser[0;1m ---[m
[[1;34mINFO[m] Using 'UTF-8' encoding to copy filtered resources.
[[1;34mINFO[m] Copying 18 resources
[[1;34mINFO[m] 
[[1;34mINFO[m] [1m--- [0;32mmaven-compiler-plugin:3.1:testCompile[m [1m(default-testCompile)[m @ [36mprotostuff-parser[0;1m ---[m
[[1;34mINFO[m] Changes detected - recompiling the module!
[[1;34mINFO[m] Compiling 11 source files to /home/bdanglot/workspace/Ex2amplifier-experiments/dataset/may-2018/protostuff/119/protostuff-parser/target/test-classes
[[1;34mINFO[m] 
[[1;34mINFO[m] [1m--- [0;32mmaven-surefire-plugin:2.12.4:test[m [1m(default-test)[m @ [36mprotostuff-parser[0;1m ---[m
[[1;34mINFO[m] Tests are skipped.
[[1;34mINFO[m] 
[[1;34mINFO[m] [1m--- [0;32mmaven-dependency-plugin:2.8:build-classpath[m [1m(default-cli)[m @ [36mprotostuff-parser[0;1m ---[m
[[1;34mINFO[m] Wrote classpath file '/home/bdanglot/workspace/Ex2amplifier-experiments/dataset/may-2018/protostuff/119/protostuff-parser/target/dspot/classpath'.
[[1;34mINFO[m] [1m------------------------------------------------------------------------[m
[[1;34mINFO[m] [1;32mBUILD SUCCESS[m
[[1;34mINFO[m] [1m------------------------------------------------------------------------[m
[[1;34mINFO[m] Total time: 3.636 s
[[1;34mINFO[m] Finished at: 2018-05-24T08:17:14+02:00
[[1;34mINFO[m] Final Memory: 27M/283M
[[1;34mINFO[m] [1m------------------------------------------------------------------------[m
[7653] WARN AutomaticBuilderFactory - No automatic builder specified in configuration, going to default.
[7653] INFO AutomaticBuilderFactory - Default: provided Maven automatic builder.
[7653] INFO MavenAutomaticBuilder - run maven clean test -DskipTests dependency:build-classpath -Dmdep.outputFile=target/dspot/classpath
[WARN] Maven will be executed in interactive mode, but no input stream has been configured for this MavenInvoker instance.
[[1;34mINFO[m] Scanning for projects...
[[1;34mINFO[m] 
[[1;34mINFO[m] [1m------------------------------------------------------------------------[m
[[1;34mINFO[m] [1mBuilding protostuff :: parser 1.3.4-SNAPSHOT[m
[[1;34mINFO[m] [1m------------------------------------------------------------------------[m
[[1;34mINFO[m] 
[[1;34mINFO[m] [1m--- [0;32mmaven-clean-plugin:2.5:clean[m [1m(default-clean)[m @ [36mprotostuff-parser[0;1m ---[m
[[1;34mINFO[m] Deleting /home/bdanglot/workspace/Ex2amplifier-experiments/dataset/may-2018/protostuff/119_modified/protostuff-parser/target
[[1;34mINFO[m] 
[[1;34mINFO[m] [1m--- [0;32mmaven-enforcer-plugin:1.3.1:enforce[m [1m(enforce-versions)[m @ [36mprotostuff-parser[0;1m ---[m
[[1;34mINFO[m] Skipping Rule Enforcement.
[[1;34mINFO[m] 
[[1;34mINFO[m] [1m--- [0;32mantlr3-maven-plugin:3.2:antlr[m [1m(default)[m @ [36mprotostuff-parser[0;1m ---[m
[[1;34mINFO[m] ANTLR: Processing source directory /home/bdanglot/workspace/Ex2amplifier-experiments/dataset/may-2018/protostuff/119_modified/protostuff-parser/src/main/antlr3
ANTLR Parser Generator  Version 3.2 Sep 23, 2009 14:05:07
Grammar /home/bdanglot/workspace/Ex2amplifier-experiments/dataset/may-2018/protostuff/119_modified/protostuff-parser/src/main/antlr3/io/protostuff/parser/ProtoLexer.g is up to date - build skipped
Grammar /home/bdanglot/workspace/Ex2amplifier-experiments/dataset/may-2018/protostuff/119_modified/protostuff-parser/src/main/antlr3/io/protostuff/parser/ProtoParser.g is up to date - build skipped
[[1;34mINFO[m] 
[[1;34mINFO[m] [1m--- [0;32mmaven-resources-plugin:2.6:resources[m [1m(default-resources)[m @ [36mprotostuff-parser[0;1m ---[m
[[1;34mINFO[m] Using 'UTF-8' encoding to copy filtered resources.
[[1;34mINFO[m] skip non existing resourceDirectory /home/bdanglot/workspace/Ex2amplifier-experiments/dataset/may-2018/protostuff/119_modified/protostuff-parser/src/main/resources
[[1;34mINFO[m] 
[[1;34mINFO[m] [1m--- [0;32mmaven-compiler-plugin:3.1:compile[m [1m(default-compile)[m @ [36mprotostuff-parser[0;1m ---[m
[[1;34mINFO[m] Changes detected - recompiling the module!
[[1;34mINFO[m] Compiling 26 source files to /home/bdanglot/workspace/Ex2amplifier-experiments/dataset/may-2018/protostuff/119_modified/protostuff-parser/target/classes
[[1;33mWARNING[m] /home/bdanglot/workspace/Ex2amplifier-experiments/dataset/may-2018/protostuff/119_modified/protostuff-parser/src/main/java/io/protostuff/parser/ProtoParser.java: /home/bdanglot/workspace/Ex2amplifier-experiments/dataset/may-2018/protostuff/119_modified/protostuff-parser/src/main/java/io/protostuff/parser/ProtoParser.java uses unchecked or unsafe operations.
[[1;33mWARNING[m] /home/bdanglot/workspace/Ex2amplifier-experiments/dataset/may-2018/protostuff/119_modified/protostuff-parser/src/main/java/io/protostuff/parser/ProtoParser.java: Recompile with -Xlint:unchecked for details.
[[1;34mINFO[m] 
[[1;34mINFO[m] [1m--- [0;32mmaven-resources-plugin:2.6:testResources[m [1m(default-testResources)[m @ [36mprotostuff-parser[0;1m ---[m
[[1;34mINFO[m] Using 'UTF-8' encoding to copy filtered resources.
[[1;34mINFO[m] Copying 20 resources
[[1;34mINFO[m] 
[[1;34mINFO[m] [1m--- [0;32mmaven-compiler-plugin:3.1:testCompile[m [1m(default-testCompile)[m @ [36mprotostuff-parser[0;1m ---[m
[[1;34mINFO[m] Changes detected - recompiling the module!
[[1;34mINFO[m] Compiling 11 source files to /home/bdanglot/workspace/Ex2amplifier-experiments/dataset/may-2018/protostuff/119_modified/protostuff-parser/target/test-classes
[[1;34mINFO[m] 
[[1;34mINFO[m] [1m--- [0;32mmaven-surefire-plugin:2.12.4:test[m [1m(default-test)[m @ [36mprotostuff-parser[0;1m ---[m
[[1;34mINFO[m] Tests are skipped.
[[1;34mINFO[m] 
[[1;34mINFO[m] [1m--- [0;32mmaven-dependency-plugin:2.8:build-classpath[m [1m(default-cli)[m @ [36mprotostuff-parser[0;1m ---[m
[[1;34mINFO[m] Wrote classpath file '/home/bdanglot/workspace/Ex2amplifier-experiments/dataset/may-2018/protostuff/119_modified/protostuff-parser/target/dspot/classpath'.
[[1;34mINFO[m] [1m------------------------------------------------------------------------[m
[[1;34mINFO[m] [1;32mBUILD SUCCESS[m
[[1;34mINFO[m] [1m------------------------------------------------------------------------[m
[[1;34mINFO[m] Total time: 3.538 s
[[1;34mINFO[m] Finished at: 2018-05-24T08:17:22+02:00
[[1;34mINFO[m] Final Memory: 27M/288M
[[1;34mINFO[m] [1m------------------------------------------------------------------------[m
[12673] INFO SelectorOnDiff - Selecting according to a diff between dataset/may-2018/protostuff/119/protostuff-parser and dataset/may-2018/protostuff/119_modified/protostuff-parser (c0ac15ea8b19534ee4dc65c77f2204fdea9a2af4)
[12693] INFO SelectorOnDiff - Modified files:
a/protostuff-parser/src/main/java/io/protostuff/parser/AnnotationContainer.java
a/protostuff-parser/src/main/java/io/protostuff/parser/Proto.java
a/protostuff-parser/src/main/java/io/protostuff/parser/ProtoParser.java
a/protostuff-parser/src/main/java/io/protostuff/parser/ProtoLexer.java
a/protostuff-parser/src/test/java/io/protostuff/parser/AnnotationTest.java
a/protostuff-parser/src/main/java/io/protostuff/parser/Message.java
[14380] INFO Amplification - amplification of io.protostuff.parser.ProtoParserTest (4 test(s))
[14779] INFO EntryPoint - Run: java -cp /home/bdanglot/workspace/Ex2amplifier-experiments/dataset/may-2018/protostuff/119/protostuff-parser/target/test-classes:/home/bdanglot/workspace/Ex2amplifier-experiments/dataset/may-2018/protostuff/119/protostuff-parser/target/classes:/home/bdanglot/.m2/repository/junit/junit/4.11/junit-4.11.jar:/home/bdanglot/.m2/repository/org/hamcrest/hamcrest-core/1.3/hamcrest-core-1.3.jar:/home/bdanglot/.m2/repository/org/antlr/antlr-runtime/3.2/antlr-runtime-3.2.jar:/home/bdanglot/.m2/repository/org/antlr/stringtemplate/3.2.1/stringtemplate-3.2.1.jar:/home/bdanglot/.m2/repository/antlr/antlr/2.7.7/antlr-2.7.7.jar:/home/bdanglot/workspace/Ex2amplifier-experiments/target/dspot/dependencies:/home/bdanglot/.m2/repository/eu/stamp-project/test-runner/1.0.8/test-runner-1.0.8-jar-with-dependencies.jar eu.stamp_project.testrunner.runner.test.TestRunner io.protostuff.parser.ProtoParserTest testDescriptorProto:testSimple:testEnumWithTrailingSemicolon:testImport
File saved to the following path: /home/bdanglot/workspace/Ex2amplifier-experiments/dataset/may-2018/protostuff/119/protostuff-parser/target/dspot/TestListener.ser
'group' not supported @ line 19 of enum_with_semicolon.proto
[15212] INFO EntryPoint - Test has been run: testEnumWithTrailingSemicolon,testDescriptorProto,testImport(io.protostuff.parser.ProtoParserTest): java.lang.IllegalStateException: Imported proto google/protobuf/unittest_import.proto not found. (src/test/resources/unittest.proto),testSimple(io.protostuff.parser.ProtoParserTest): null
[15213] WARN Amplification - 2 tests failed before the amplifications
[15213] WARN Amplification - testImport(io.protostuff.parser.ProtoParserTest): java.lang.IllegalStateException: Imported proto google/protobuf/unittest_import.proto not found. (src/test/resources/unittest.proto)
testSimple(io.protostuff.parser.ProtoParserTest): null
[15213] WARN Amplification - Discarding following test cases for the amplification
[15215] WARN Amplification - testImport
[15215] WARN Amplification - testSimple
[15478] INFO EntryPoint - Run: java -cp /home/bdanglot/workspace/Ex2amplifier-experiments/dataset/may-2018/protostuff/119/protostuff-parser/target/test-classes:/home/bdanglot/workspace/Ex2amplifier-experiments/dataset/may-2018/protostuff/119/protostuff-parser/target/classes:/home/bdanglot/.m2/repository/junit/junit/4.11/junit-4.11.jar:/home/bdanglot/.m2/repository/org/hamcrest/hamcrest-core/1.3/hamcrest-core-1.3.jar:/home/bdanglot/.m2/repository/org/antlr/antlr-runtime/3.2/antlr-runtime-3.2.jar:/home/bdanglot/.m2/repository/org/antlr/stringtemplate/3.2.1/stringtemplate-3.2.1.jar:/home/bdanglot/.m2/repository/antlr/antlr/2.7.7/antlr-2.7.7.jar:/home/bdanglot/workspace/Ex2amplifier-experiments/target/dspot/dependencies:/home/bdanglot/.m2/repository/eu/stamp-project/test-runner/1.0.8/test-runner-1.0.8-jar-with-dependencies.jar eu.stamp_project.testrunner.runner.test.TestRunner io.protostuff.parser.ProtoParserTest testDescriptorProto:testEnumWithTrailingSemicolon
File saved to the following path: /home/bdanglot/workspace/Ex2amplifier-experiments/dataset/may-2018/protostuff/119/protostuff-parser/target/dspot/TestListener.ser
'group' not supported @ line 19 of enum_with_semicolon.proto
[15850] INFO EntryPoint - Test has been run: testEnumWithTrailingSemicolon,testDescriptorProto
[15850] INFO Amplification - Try to add assertions before amplification
[15879] INFO AssertGenerator - Run tests. (2)
[16171] INFO EntryPoint - Run: java -cp /home/bdanglot/workspace/Ex2amplifier-experiments/dataset/may-2018/protostuff/119/protostuff-parser/target/test-classes:/home/bdanglot/workspace/Ex2amplifier-experiments/dataset/may-2018/protostuff/119/protostuff-parser/target/classes:/home/bdanglot/.m2/repository/junit/junit/4.11/junit-4.11.jar:/home/bdanglot/.m2/repository/org/hamcrest/hamcrest-core/1.3/hamcrest-core-1.3.jar:/home/bdanglot/.m2/repository/org/antlr/antlr-runtime/3.2/antlr-runtime-3.2.jar:/home/bdanglot/.m2/repository/org/antlr/stringtemplate/3.2.1/stringtemplate-3.2.1.jar:/home/bdanglot/.m2/repository/antlr/antlr/2.7.7/antlr-2.7.7.jar:/home/bdanglot/workspace/Ex2amplifier-experiments/target/dspot/dependencies:/home/bdanglot/.m2/repository/eu/stamp-project/test-runner/1.0.8/test-runner-1.0.8-jar-with-dependencies.jar eu.stamp_project.testrunner.runner.test.TestRunner io.protostuff.parser.ProtoParserTest testDescriptorProto:testEnumWithTrailingSemicolon
File saved to the following path: /home/bdanglot/workspace/Ex2amplifier-experiments/dataset/may-2018/protostuff/119/protostuff-parser/target/dspot/TestListener.ser
'group' not supported @ line 19 of enum_with_semicolon.proto
[16498] INFO EntryPoint - Test has been run: testEnumWithTrailingSemicolon,testDescriptorProto
[16498] INFO AssertGenerator - 2 test pass, generating assertion...
[16504] INFO MethodsAssertGenerator - Add observations points in passing tests.
[16504] INFO MethodsAssertGenerator - Instrumentation...
 50% |========================= ]/100% |================================================== ]-
[16529] INFO MethodsAssertGenerator - Run instrumented tests. (6)
[16803] INFO EntryPoint - Run: java -cp /home/bdanglot/workspace/Ex2amplifier-experiments/dataset/may-2018/protostuff/119/protostuff-parser/target/test-classes:/home/bdanglot/workspace/Ex2amplifier-experiments/dataset/may-2018/protostuff/119/protostuff-parser/target/classes:/home/bdanglot/.m2/repository/junit/junit/4.11/junit-4.11.jar:/home/bdanglot/.m2/repository/org/hamcrest/hamcrest-core/1.3/hamcrest-core-1.3.jar:/home/bdanglot/.m2/repository/org/antlr/antlr-runtime/3.2/antlr-runtime-3.2.jar:/home/bdanglot/.m2/repository/org/antlr/stringtemplate/3.2.1/stringtemplate-3.2.1.jar:/home/bdanglot/.m2/repository/antlr/antlr/2.7.7/antlr-2.7.7.jar:/home/bdanglot/workspace/Ex2amplifier-experiments/target/dspot/dependencies:/home/bdanglot/.m2/repository/eu/stamp-project/test-runner/1.0.8/test-runner-1.0.8-jar-with-dependencies.jar eu.stamp_project.testrunner.runner.test.TestRunner io.protostuff.parser.ProtoParserTest testDescriptorProto_withlog0:testEnumWithTrailingSemicolon_withlog0:testDescriptorProto_withlog1:testEnumWithTrailingSemicolon_withlog1:testDescriptorProto_withlog2:testEnumWithTrailingSemicolon_withlog2
File saved to the following path: /home/bdanglot/workspace/Ex2amplifier-experiments/dataset/may-2018/protostuff/119/protostuff-parser/target/dspot/observations.ser
File saved to the following path: /home/bdanglot/workspace/Ex2amplifier-experiments/dataset/may-2018/protostuff/119/protostuff-parser/target/dspot/TestListener.ser
'group' not supported @ line 19 of enum_with_semicolon.proto
'group' not supported @ line 19 of enum_with_semicolon.proto
'group' not supported @ line 19 of enum_with_semicolon.proto
[19377] INFO EntryPoint - Test has been run: testEnumWithTrailingSemicolon_withlog0,testEnumWithTrailingSemicolon_withlog1,testEnumWithTrailingSemicolon_withlog2,testDescriptorProto_withlog0(io.protostuff.parser.ProtoParserTest): src/test/resources/descriptor.proto (No such file or directory),testDescriptorProto_withlog1(io.protostuff.parser.ProtoParserTest): src/test/resources/descriptor.proto (No such file or directory),testDescriptorProto_withlog2(io.protostuff.parser.ProtoParserTest): src/test/resources/descriptor.proto (No such file or directory)
[19407] INFO MethodsAssertGenerator - Generating assertions...
[19474] INFO AssertGenerator - 2 new tests with assertions generated
[19831] INFO EntryPoint - Run: java -cp /home/bdanglot/workspace/Ex2amplifier-experiments/dataset/may-2018/protostuff/119/protostuff-parser/target/test-classes:/home/bdanglot/workspace/Ex2amplifier-experiments/dataset/may-2018/protostuff/119/protostuff-parser/target/classes:/home/bdanglot/.m2/repository/junit/junit/4.11/junit-4.11.jar:/home/bdanglot/.m2/repository/org/hamcrest/hamcrest-core/1.3/hamcrest-core-1.3.jar:/home/bdanglot/.m2/repository/org/antlr/antlr-runtime/3.2/antlr-runtime-3.2.jar:/home/bdanglot/.m2/repository/org/antlr/stringtemplate/3.2.1/stringtemplate-3.2.1.jar:/home/bdanglot/.m2/repository/antlr/antlr/2.7.7/antlr-2.7.7.jar:/home/bdanglot/workspace/Ex2amplifier-experiments/target/dspot/dependencies:/home/bdanglot/.m2/repository/eu/stamp-project/test-runner/1.0.8/test-runner-1.0.8-jar-with-dependencies.jar eu.stamp_project.testrunner.runner.test.TestRunner io.protostuff.parser.ProtoParserTest testDescriptorProto:testEnumWithTrailingSemicolon
File saved to the following path: /home/bdanglot/workspace/Ex2amplifier-experiments/dataset/may-2018/protostuff/119/protostuff-parser/target/dspot/TestListener.ser
[20053] INFO EntryPoint - Test has been run: testEnumWithTrailingSemicolon(io.protostuff.parser.ProtoParserTest): expected:<79270780928> but was:<79270559744>,testDescriptorProto(io.protostuff.parser.ProtoParserTest): expected:<66901098496> but was:<66900877312>
[20255] DEBUG Launcher - building sources: [/home/bdanglot/workspace/Ex2amplifier-experiments/target/dspot/tmp_test_sources/io/protostuff/parser/ProtoParserTest.java]
[20255] DEBUG Launcher - build args: [-encoding, UTF-8, -cp, /home/bdanglot/.m2/repository/junit/junit/4.11/junit-4.11.jar:/home/bdanglot/.m2/repository/org/hamcrest/hamcrest-core/1.3/hamcrest-core-1.3.jar:/home/bdanglot/.m2/repository/org/antlr/antlr-runtime/3.2/antlr-runtime-3.2.jar:/home/bdanglot/.m2/repository/org/antlr/stringtemplate/3.2.1/stringtemplate-3.2.1.jar:/home/bdanglot/.m2/repository/antlr/antlr/2.7.7/antlr-2.7.7.jar:target/dspot/dependencies/:dataset/may-2018/protostuff/119/protostuff-parser//target/classes:dataset/may-2018/protostuff/119/protostuff-parser//target/test-classes:, -1.8, -preserveAllLocals, -noExit, -enableJavadoc, /home/bdanglot/workspace/Ex2amplifier-experiments/target/dspot/tmp_test_sources/io/protostuff/parser/ProtoParserTest.java]
[20349] DEBUG Launcher - built in 94 ms
[20349] DEBUG Launcher - building templates: []
[20349] DEBUG Launcher - built in 0 ms
[20353] DEBUG Launcher - model built in 98
[20353] DEBUG Launcher - compiling sources: [/home/bdanglot/workspace/Ex2amplifier-experiments/target/dspot/tmp_test_sources/io/protostuff/parser/ProtoParserTest.java]
[20362] DEBUG Launcher - compile args: [-encoding, UTF-8, -cp, /home/bdanglot/.m2/repository/junit/junit/4.11/junit-4.11.jar:/home/bdanglot/.m2/repository/org/hamcrest/hamcrest-core/1.3/hamcrest-core-1.3.jar:/home/bdanglot/.m2/repository/org/antlr/antlr-runtime/3.2/antlr-runtime-3.2.jar:/home/bdanglot/.m2/repository/org/antlr/stringtemplate/3.2.1/stringtemplate-3.2.1.jar:/home/bdanglot/.m2/repository/antlr/antlr/2.7.7/antlr-2.7.7.jar:target/dspot/dependencies/:dataset/may-2018/protostuff/119/protostuff-parser//target/classes:dataset/may-2018/protostuff/119/protostuff-parser//target/test-classes:, -d, /home/bdanglot/workspace/Ex2amplifier-experiments/dataset/may-2018/protostuff/119_modified/protostuff-parser/target/test-classes, -1.8, -proc:none, -preserveAllLocals, -noExit, -enableJavadoc, /home/bdanglot/workspace/Ex2amplifier-experiments/target/dspot/tmp_test_sources/io/protostuff/parser/ProtoParserTest.java]
[21488] DEBUG Launcher - compiled in 1135 ms
[21488] INFO EntryPoint - Run: java -cp /home/bdanglot/.m2/repository/junit/junit/4.11/junit-4.11.jar:/home/bdanglot/.m2/repository/org/hamcrest/hamcrest-core/1.3/hamcrest-core-1.3.jar:/home/bdanglot/.m2/repository/org/antlr/antlr-runtime/3.2/antlr-runtime-3.2.jar:/home/bdanglot/.m2/repository/org/antlr/stringtemplate/3.2.1/stringtemplate-3.2.1.jar:/home/bdanglot/.m2/repository/antlr/antlr/2.7.7/antlr-2.7.7.jar:target/dspot/dependencies/:/home/bdanglot/workspace/Ex2amplifier-experiments/dataset/may-2018/protostuff/119_modified/protostuff-parser/target/classes:/home/bdanglot/workspace/Ex2amplifier-experiments/dataset/may-2018/protostuff/119_modified/protostuff-parser/target/test-classes:/home/bdanglot/.m2/repository/eu/stamp-project/test-runner/1.0.8/test-runner-1.0.8-jar-with-dependencies.jar eu.stamp_project.testrunner.runner.test.TestRunner io.protostuff.parser.ProtoParserTest testDescriptorProto:testEnumWithTrailingSemicolon
File saved to the following path: /home/bdanglot/workspace/Ex2amplifier-experiments/dataset/may-2018/protostuff/119/protostuff-parser/target/dspot/TestListener.ser
[21745] INFO EntryPoint - Test has been run: testEnumWithTrailingSemicolon(io.protostuff.parser.ProtoParserTest): expected:<79270780928> but was:<79270572032>,testDescriptorProto(io.protostuff.parser.ProtoParserTest): expected:<66901098496> but was:<66900889600>
[21746] INFO Amplification - 2 amplified test(s) has been selected, global: 2
[21746] INFO Amplification - amp testDescriptorProto (1/2)
[21762] DEBUG Launcher - printing io.protostuff.parser.ProtoParserTest to /home/bdanglot/workspace/Ex2amplifier-experiments/target/dspot/tmp_test_sources
[21868] INFO EntryPoint - Run: java -cp /home/bdanglot/workspace/Ex2amplifier-experiments/dataset/may-2018/protostuff/119/protostuff-parser/target/test-classes:/home/bdanglot/workspace/Ex2amplifier-experiments/dataset/may-2018/protostuff/119/protostuff-parser/target/classes:/home/bdanglot/.m2/repository/junit/junit/4.11/junit-4.11.jar:/home/bdanglot/.m2/repository/org/hamcrest/hamcrest-core/1.3/hamcrest-core-1.3.jar:/home/bdanglot/.m2/repository/org/antlr/antlr-runtime/3.2/antlr-runtime-3.2.jar:/home/bdanglot/.m2/repository/org/antlr/stringtemplate/3.2.1/stringtemplate-3.2.1.jar:/home/bdanglot/.m2/repository/antlr/antlr/2.7.7/antlr-2.7.7.jar:/home/bdanglot/workspace/Ex2amplifier-experiments/target/dspot/dependencies:/home/bdanglot/.m2/repository/eu/stamp-project/test-runner/1.0.8/test-runner-1.0.8-jar-with-dependencies.jar eu.stamp_project.testrunner.runner.test.TestRunner io.protostuff.parser.ProtoParserTest testDescriptorProto
File saved to the following path: /home/bdanglot/workspace/Ex2amplifier-experiments/dataset/may-2018/protostuff/119/protostuff-parser/target/dspot/TestListener.ser
[22076] INFO EntryPoint - Test has been run: testDescriptorProto(io.protostuff.parser.ProtoParserTest): null
[22076] INFO Amplification - iteration 0:
[22076] INFO Amplification - 1 tests selected to be amplified over 1 available tests
[22076] INFO Amplification - Amplification of inputs...
100% |================================================== ]/
[22084] INFO Amplification - 0 new tests generated
[22084] INFO Amplification - 0 amplified test(s) has been selected, global: 2
[22084] INFO Amplification - amp testEnumWithTrailingSemicolon (2/2)
[22104] DEBUG Launcher - printing io.protostuff.parser.ProtoParserTest to /home/bdanglot/workspace/Ex2amplifier-experiments/target/dspot/tmp_test_sources
[22206] INFO EntryPoint - Run: java -cp /home/bdanglot/workspace/Ex2amplifier-experiments/dataset/may-2018/protostuff/119/protostuff-parser/target/test-classes:/home/bdanglot/workspace/Ex2amplifier-experiments/dataset/may-2018/protostuff/119/protostuff-parser/target/classes:/home/bdanglot/.m2/repository/junit/junit/4.11/junit-4.11.jar:/home/bdanglot/.m2/repository/org/hamcrest/hamcrest-core/1.3/hamcrest-core-1.3.jar:/home/bdanglot/.m2/repository/org/antlr/antlr-runtime/3.2/antlr-runtime-3.2.jar:/home/bdanglot/.m2/repository/org/antlr/stringtemplate/3.2.1/stringtemplate-3.2.1.jar:/home/bdanglot/.m2/repository/antlr/antlr/2.7.7/antlr-2.7.7.jar:/home/bdanglot/workspace/Ex2amplifier-experiments/target/dspot/dependencies:/home/bdanglot/.m2/repository/eu/stamp-project/test-runner/1.0.8/test-runner-1.0.8-jar-with-dependencies.jar eu.stamp_project.testrunner.runner.test.TestRunner io.protostuff.parser.ProtoParserTest testEnumWithTrailingSemicolon
File saved to the following path: /home/bdanglot/workspace/Ex2amplifier-experiments/dataset/may-2018/protostuff/119/protostuff-parser/target/dspot/TestListener.ser
'group' not supported @ line 19 of enum_with_semicolon.proto
[22489] INFO EntryPoint - Test has been run: testEnumWithTrailingSemicolon
[22489] INFO Amplification - iteration 0:
[22489] INFO Amplification - 1 tests selected to be amplified over 1 available tests
[22489] INFO Amplification - Amplification of inputs...
100% |================================================== ]/
[22492] INFO Amplification - 0 new tests generated
[22492] INFO Amplification - 0 amplified test(s) has been selected, global: 2
[22492] INFO DSpot - elapsedTime 8133
======= REPORT =======
2 amplified test fails on the new versions.
testDescriptorProto(io.protostuff.parser.ProtoParserTest): expected:<66901098496> but was:<66900889600>
testEnumWithTrailingSemicolon(io.protostuff.parser.ProtoParserTest): expected:<79270780928> but was:<79270572032>

[22562] INFO DSpot - Print AmplProtoParserTest with 2Â amplified test cases in results/may-2018/protostuff/119/JBSE
[22562] DEBUG Launcher - printing io.protostuff.parser.AmplProtoParserTest to /home/bdanglot/workspace/Ex2amplifier-experiments/results/may-2018/protostuff/119/JBSE
