SLF4J: Class path contains multiple SLF4J bindings.
SLF4J: Found binding in [jar:file:/home/spirals/danglot/.m2/repository/eu/stamp-project/test-runner/1.0.8/test-runner-1.0.8-jar-with-dependencies.jar!/org/slf4j/impl/StaticLoggerBinder.class]
SLF4J: Found binding in [jar:file:/home/spirals/danglot/.m2/repository/org/slf4j/slf4j-log4j12/1.7.25/slf4j-log4j12-1.7.25.jar!/org/slf4j/impl/StaticLoggerBinder.class]
SLF4J: See http://www.slf4j.org/codes.html#multiple_bindings for an explanation.
SLF4J: Actual binding is of type [org.slf4j.impl.Log4jLoggerFactory]
[0] WARN AutomaticBuilderFactory - No automatic builder specified in configuration, going to default.
[1] INFO AutomaticBuilderFactory - Default: provided Maven automatic builder.
[11] INFO MavenAutomaticBuilder - run maven clean test -DskipTests dependency:build-classpath -Dmdep.outputFile=target/dspot/classpath
[WARN] Maven will be executed in interactive mode, but no input stream has been configured for this MavenInvoker instance.
[INFO] Scanning for projects...
[INFO]                                                                         
[INFO] ------------------------------------------------------------------------
[INFO] Building JavaPoet 1.8.0-SNAPSHOT
[INFO] ------------------------------------------------------------------------
[INFO] 
[INFO] --- maven-clean-plugin:2.5:clean (default-clean) @ javapoet ---
[INFO] Deleting /tmp/Ex2Amplifier-experiments/dataset/may-2018/javapoet/469/target
[INFO] 
[INFO] --- maven-enforcer-plugin:1.0:enforce (enforce-maven) @ javapoet ---
[INFO] Skipping Rule Enforcement.
[INFO] 
[INFO] --- maven-resources-plugin:2.6:resources (default-resources) @ javapoet ---
[INFO] Using 'UTF-8' encoding to copy filtered resources.
[INFO] skip non existing resourceDirectory /tmp/Ex2Amplifier-experiments/dataset/may-2018/javapoet/469/src/main/resources
[INFO] 
[INFO] --- maven-compiler-plugin:3.0:compile (default-compile) @ javapoet ---
[INFO] Changes detected - recompiling the module!
[INFO] Compiling 16 source files to /tmp/Ex2Amplifier-experiments/dataset/may-2018/javapoet/469/target/classes
[INFO] 
[INFO] --- maven-resources-plugin:2.6:testResources (default-testResources) @ javapoet ---
[INFO] Using 'UTF-8' encoding to copy filtered resources.
[INFO] skip non existing resourceDirectory /tmp/Ex2Amplifier-experiments/dataset/may-2018/javapoet/469/src/test/resources
[INFO] 
[INFO] --- maven-compiler-plugin:3.0:testCompile (default-testCompile) @ javapoet ---
[INFO] Changes detected - recompiling the module!
[INFO] Compiling 18 source files to /tmp/Ex2Amplifier-experiments/dataset/may-2018/javapoet/469/target/test-classes
[INFO] 
[INFO] --- maven-surefire-plugin:2.12.4:test (default-test) @ javapoet ---
[INFO] Tests are skipped.
[INFO] 
[INFO] --- maven-dependency-plugin:2.8:build-classpath (default-cli) @ javapoet ---
[INFO] Wrote classpath file '/tmp/Ex2Amplifier-experiments/dataset/may-2018/javapoet/469/target/dspot/classpath'.
[INFO] ------------------------------------------------------------------------
[INFO] BUILD SUCCESS
[INFO] ------------------------------------------------------------------------
[INFO] Total time: 4.393 s
[INFO] Finished at: 2018-06-11T20:13:22+02:00
[INFO] Final Memory: 24M/303M
[INFO] ------------------------------------------------------------------------
[8722] ERROR JDTCommentBuilder - // @Target(ElementType.TYPE_USE) requires Java 1.8 is not added into the AST
spoon.reflect.declaration.ParentNotInitializedException: parent not initialized for class spoon.support.reflect.code.CtCommentImpl (/tmp/Ex2Amplifier-experiments/dataset/may-2018/javapoet/469/src/test/java/com/squareup/javapoet/AnnotatedTypeNameTest.java:118)
	at spoon.support.reflect.declaration.CtElementImpl.getParent(CtElementImpl.java:340)
	at spoon.support.compiler.jdt.JDTCommentBuilder.insertCommentInAST(JDTCommentBuilder.java:474)
	at spoon.support.compiler.jdt.JDTCommentBuilder.buildComment(JDTCommentBuilder.java:152)
	at spoon.support.compiler.jdt.JDTCommentBuilder.build(JDTCommentBuilder.java:108)
	at spoon.support.compiler.jdt.JDTBasedSpoonCompiler.buildModel(JDTBasedSpoonCompiler.java:417)
	at spoon.support.compiler.jdt.JDTBasedSpoonCompiler.buildUnitsAndModel(JDTBasedSpoonCompiler.java:362)
	at spoon.support.compiler.jdt.JDTBasedSpoonCompiler.buildSources(JDTBasedSpoonCompiler.java:335)
	at spoon.support.compiler.jdt.JDTBasedSpoonCompiler.build(JDTBasedSpoonCompiler.java:116)
	at spoon.support.compiler.jdt.JDTBasedSpoonCompiler.build(JDTBasedSpoonCompiler.java:99)
	at spoon.Launcher.buildModel(Launcher.java:724)
	at eu.stamp_project.utils.compilation.DSpotCompiler.getSpoonModelOf(DSpotCompiler.java:103)
	at eu.stamp_project.utils.compilation.DSpotCompiler.createDSpotCompiler(DSpotCompiler.java:31)
	at eu.stamp_project.dspot.DSpot.<init>(DSpot.java:108)
	at eu.stamp_project.Main.lambda$run$2(Main.java:141)
	at java.util.stream.ForEachOps$ForEachOp$OfRef.accept(ForEachOps.java:184)
	at java.util.stream.ReferencePipeline$2$1.accept(ReferencePipeline.java:175)
	at java.util.ArrayList$ArrayListSpliterator.forEachRemaining(ArrayList.java:1374)
	at java.util.stream.AbstractPipeline.copyInto(AbstractPipeline.java:481)
	at java.util.stream.AbstractPipeline.wrapAndCopyInto(AbstractPipeline.java:471)
	at java.util.stream.ForEachOps$ForEachOp.evaluateSequential(ForEachOps.java:151)
	at java.util.stream.ForEachOps$ForEachOp$OfRef.evaluateSequential(ForEachOps.java:174)
	at java.util.stream.AbstractPipeline.evaluate(AbstractPipeline.java:234)
	at java.util.stream.ReferencePipeline.forEach(ReferencePipeline.java:418)
	at eu.stamp_project.Main.run(Main.java:124)
	at eu.stamp_project.Main.main(Main.java:95)
[8980] WARN AutomaticBuilderFactory - No automatic builder specified in configuration, going to default.
[8980] INFO AutomaticBuilderFactory - Default: provided Maven automatic builder.
[8980] INFO MavenAutomaticBuilder - run maven clean test -DskipTests dependency:build-classpath -Dmdep.outputFile=target/dspot/classpath
[WARN] Maven will be executed in interactive mode, but no input stream has been configured for this MavenInvoker instance.
[INFO] Scanning for projects...
[INFO]                                                                         
[INFO] ------------------------------------------------------------------------
[INFO] Building JavaPoet 1.8.0-SNAPSHOT
[INFO] ------------------------------------------------------------------------
[INFO] 
[INFO] --- maven-clean-plugin:2.5:clean (default-clean) @ javapoet ---
[INFO] 
[INFO] --- maven-enforcer-plugin:1.0:enforce (enforce-maven) @ javapoet ---
[INFO] Skipping Rule Enforcement.
[INFO] 
[INFO] --- maven-resources-plugin:2.6:resources (default-resources) @ javapoet ---
[INFO] Using 'UTF-8' encoding to copy filtered resources.
[INFO] skip non existing resourceDirectory /tmp/Ex2Amplifier-experiments/dataset/may-2018/javapoet/469_modified/src/main/resources
[INFO] 
[INFO] --- maven-compiler-plugin:3.0:compile (default-compile) @ javapoet ---
[INFO] Changes detected - recompiling the module!
[INFO] Compiling 16 source files to /tmp/Ex2Amplifier-experiments/dataset/may-2018/javapoet/469_modified/target/classes
[INFO] 
[INFO] --- maven-resources-plugin:2.6:testResources (default-testResources) @ javapoet ---
[INFO] Using 'UTF-8' encoding to copy filtered resources.
[INFO] skip non existing resourceDirectory /tmp/Ex2Amplifier-experiments/dataset/may-2018/javapoet/469_modified/src/test/resources
[INFO] 
[INFO] --- maven-compiler-plugin:3.0:testCompile (default-testCompile) @ javapoet ---
[INFO] Changes detected - recompiling the module!
[INFO] Compiling 18 source files to /tmp/Ex2Amplifier-experiments/dataset/may-2018/javapoet/469_modified/target/test-classes
[INFO] 
[INFO] --- maven-surefire-plugin:2.12.4:test (default-test) @ javapoet ---
[INFO] Tests are skipped.
[INFO] 
[INFO] --- maven-dependency-plugin:2.8:build-classpath (default-cli) @ javapoet ---
[INFO] Wrote classpath file '/tmp/Ex2Amplifier-experiments/dataset/may-2018/javapoet/469_modified/target/dspot/classpath'.
[INFO] ------------------------------------------------------------------------
[INFO] BUILD SUCCESS
[INFO] ------------------------------------------------------------------------
[INFO] Total time: 4.544 s
[INFO] Finished at: 2018-06-11T20:13:32+02:00
[INFO] Final Memory: 24M/300M
[INFO] ------------------------------------------------------------------------
[15068] INFO SelectorOnDiff - Selecting according to a diff between dataset/may-2018/javapoet/469/ and dataset/may-2018/javapoet/469_modified/ (d06b2fe79ea1f62bae6e12c3ecaef25b3cbd1bd4)
[15075] INFO SelectorOnDiff - Modified files:
a/src/test/java/com/squareup/javapoet/TypeSpecTest.java
a/src/main/java/com/squareup/javapoet/TypeSpec.java
[46281] INFO Amplification - amplification of com.squareup.javapoet.TypeSpecTest (98 test(s))
[47086] INFO EntryPoint - Run: java -cp /tmp/Ex2Amplifier-experiments/dataset/may-2018/javapoet/469/target/test-classes:/tmp/Ex2Amplifier-experiments/dataset/may-2018/javapoet/469/target/classes:/home/spirals/danglot/.m2/repository/com/google/truth/truth/0.28/truth-0.28.jar:/home/spirals/danglot/.m2/repository/com/google/guava/guava/18.0/guava-18.0.jar:/home/spirals/danglot/.m2/repository/com/google/testing/compile/compile-testing/0.9/compile-testing-0.9.jar:/home/spirals/danglot/jdk1.8.0_121/jre/../lib/tools.jar:/home/spirals/danglot/.m2/repository/junit/junit/4.12/junit-4.12.jar:/home/spirals/danglot/.m2/repository/org/hamcrest/hamcrest-core/1.3/hamcrest-core-1.3.jar:/home/spirals/danglot/.m2/repository/com/google/jimfs/jimfs/1.0/jimfs-1.0.jar:/home/spirals/danglot/.m2/repository/org/mockito/mockito-core/1.10.16/mockito-core-1.10.16.jar:/home/spirals/danglot/.m2/repository/org/objenesis/objenesis/2.1/objenesis-2.1.jar:/home/spirals/danglot/.m2/repository/org/eclipse/jdt/core/compiler/ecj/4.4.2/ecj-4.4.2.jar:/tmp/Ex2Amplifier-experiments/target/dspot/dependencies:/home/spirals/danglot/.m2/repository/eu/stamp-project/test-runner/1.0.8/test-runner-1.0.8-jar-with-dependencies.jar eu.stamp_project.testrunner.runner.test.TestRunner com.squareup.javapoet.TypeSpecTest multilineStatementWithAnonymousClass:nullTypeVariablesAddition:typeFromUnsupportedType:annotationToString:interfaceStaticMethods:nullTypesAddition:multilineStrings:parameterToString:doubleFieldInitialization:initializerBlockInRightPlace:classCannotHaveDefaultValueForMethod:innerAnnotationInAnnotationDeclaration:nullSuperinterfacesAddition:equalsAndHashCode:ifElse:annotationsAndJavaLangTypes:enumWithSubclassing:arrayType:multipleTypeAddition:nameFromMethod:tryCatch:nameFromParameter:stringFromNull:interfaceExtends:enumImplements:inlineIndent:classNameFactories:doWhile:multipleAnnotationAddition:interfaceDefaultMethods:nullMethodsAddition:originatingElementsIncludesThoseOfNestedTypes:methodThrows:nestedClasses:annotatedParameters:multipleTypeVariableAddition:initializerBlockUnsupportedExceptionOnAnnotation:javadoc:literalFromAnything:referencedAndDeclaredSimpleNamesConflict:nameFromType:classImplementsExtends:anonymousClassToString:typeFromTypeElement:enumsMayDefineAbstractMethods:methodToString:interestingTypes:tooFewArguments:nullAnnotationsAddition:nameFromCharSequence:unusedArgumentsIndexed:fieldToString:classCannotHaveDefaultMethods:codeBlocks:nativeMethods:enumWithMembersButNoConstructorCall:retrofitStyleInterface:multilineStatement:annotation:typeFromTypeName:nameFromUnsupportedType:initializerBlockUnsupportedExceptionOnInterface:multipleSuperinterfaceAddition:defaultModifiersForMemberInterfacesAndEnums:defaultModifiersForInterfaceMembers:multipleMethodAddition:varargs:unusedArgumentsRelative:indexedElseIf:annotatedClass:nullFieldsAddition:onlyEnumsMayHaveEnumConstants:elseIf:annotationsInAnnotations:typeVariableWithBounds:interfaceClassToString:typeVariables:annotationDeclarationToString:basic:staticCodeBlock:simpleNamesConflictInThisAndOtherPackage:invalidSuperClass:nullStringLiteral:intersectionType:codeBlockToString:constructorToString:enumWithAnnotatedValues:annotatedField:anonymousInnerClass:membersOrdering:multipleFieldAddition:typeFromTypeMirror:enumConstantsRequired:classToString:nameFromField:stringFromAnything:initializersToBuilder:typeFromReflectType
File saved to the following path: /tmp/Ex2Amplifier-experiments/dataset/may-2018/javapoet/469/target/dspot/TestListener.ser
[51037] INFO EntryPoint - Test has been run: fieldToString,unusedArgumentsRelative,multipleSuperinterfaceAddition,annotationToString,literalFromAnything,codeBlockToString,stringFromAnything,javadoc,nameFromCharSequence,nullFieldsAddition,annotation,nameFromParameter,nameFromField,typeFromUnsupportedType,arrayType,codeBlocks,multipleFieldAddition,typeVariables,methodToString,elseIf,nullTypesAddition,interestingTypes,ifElse,interfaceClassToString,enumWithSubclassing,initializerBlockUnsupportedExceptionOnInterface,annotationsAndJavaLangTypes,retrofitStyleInterface,typeFromReflectType,nestedClasses,enumImplements,multipleAnnotationAddition,initializerBlockInRightPlace,defaultModifiersForMemberInterfacesAndEnums,anonymousClassToString,initializerBlockUnsupportedExceptionOnAnnotation,classToString,referencedAndDeclaredSimpleNamesConflict,equalsAndHashCode,classNameFactories,typeFromTypeName,nullAnnotationsAddition,interfaceDefaultMethods,nameFromType,annotatedParameters,nativeMethods,invalidSuperClass,basic,inlineIndent,typeVariableWithBounds,annotationsInAnnotations,constructorToString,multipleMethodAddition,unusedArgumentsIndexed,varargs,annotationDeclarationToString,nullMethodsAddition,initializersToBuilder,typeFromTypeMirror,intersectionType,classCannotHaveDefaultMethods,originatingElementsIncludesThoseOfNestedTypes,nameFromUnsupportedType,multilineStatement,nullStringLiteral,doubleFieldInitialization,interfaceStaticMethods,methodThrows,nullTypeVariablesAddition,multilineStrings,interfaceExtends,classCannotHaveDefaultValueForMethod,membersOrdering,indexedElseIf,enumWithAnnotatedValues,staticCodeBlock,multilineStatementWithAnonymousClass,enumWithMembersButNoConstructorCall,multipleTypeAddition,nullSuperinterfacesAddition,nameFromMethod,enumConstantsRequired,stringFromNull,enumsMayDefineAbstractMethods,simpleNamesConflictInThisAndOtherPackage,anonymousInnerClass,typeFromTypeElement,defaultModifiersForInterfaceMembers,onlyEnumsMayHaveEnumConstants,parameterToString,multipleTypeVariableAddition,doWhile,annotatedClass,annotatedField,tryCatch,classImplementsExtends,innerAnnotationInAnnotationDeclaration,tooFewArguments
[51037] INFO Amplification - Try to add assertions before amplification
[55378] INFO AssertGenerator - Run tests. (98)
[55683] INFO EntryPoint - Run: java -cp /tmp/Ex2Amplifier-experiments/dataset/may-2018/javapoet/469/target/test-classes:/tmp/Ex2Amplifier-experiments/dataset/may-2018/javapoet/469/target/classes:/home/spirals/danglot/.m2/repository/com/google/truth/truth/0.28/truth-0.28.jar:/home/spirals/danglot/.m2/repository/com/google/guava/guava/18.0/guava-18.0.jar:/home/spirals/danglot/.m2/repository/com/google/testing/compile/compile-testing/0.9/compile-testing-0.9.jar:/home/spirals/danglot/jdk1.8.0_121/jre/../lib/tools.jar:/home/spirals/danglot/.m2/repository/junit/junit/4.12/junit-4.12.jar:/home/spirals/danglot/.m2/repository/org/hamcrest/hamcrest-core/1.3/hamcrest-core-1.3.jar:/home/spirals/danglot/.m2/repository/com/google/jimfs/jimfs/1.0/jimfs-1.0.jar:/home/spirals/danglot/.m2/repository/org/mockito/mockito-core/1.10.16/mockito-core-1.10.16.jar:/home/spirals/danglot/.m2/repository/org/objenesis/objenesis/2.1/objenesis-2.1.jar:/home/spirals/danglot/.m2/repository/org/eclipse/jdt/core/compiler/ecj/4.4.2/ecj-4.4.2.jar:/tmp/Ex2Amplifier-experiments/target/dspot/dependencies:/home/spirals/danglot/.m2/repository/eu/stamp-project/test-runner/1.0.8/test-runner-1.0.8-jar-with-dependencies.jar eu.stamp_project.testrunner.runner.test.TestRunner com.squareup.javapoet.TypeSpecTest multilineStatementWithAnonymousClass:nullTypeVariablesAddition:typeFromUnsupportedType:annotationToString:interfaceStaticMethods:nullTypesAddition:multilineStrings:parameterToString:doubleFieldInitialization:initializerBlockInRightPlace:classCannotHaveDefaultValueForMethod:innerAnnotationInAnnotationDeclaration:nullSuperinterfacesAddition:equalsAndHashCode:ifElse:annotationsAndJavaLangTypes:enumWithSubclassing:arrayType:multipleTypeAddition:nameFromMethod:tryCatch:nameFromParameter:stringFromNull:interfaceExtends:enumImplements:inlineIndent:classNameFactories:doWhile:multipleAnnotationAddition:interfaceDefaultMethods:nullMethodsAddition:originatingElementsIncludesThoseOfNestedTypes:methodThrows:nestedClasses:annotatedParameters:multipleTypeVariableAddition:initializerBlockUnsupportedExceptionOnAnnotation:javadoc:literalFromAnything:referencedAndDeclaredSimpleNamesConflict:nameFromType:classImplementsExtends:anonymousClassToString:typeFromTypeElement:enumsMayDefineAbstractMethods:methodToString:interestingTypes:tooFewArguments:nullAnnotationsAddition:nameFromCharSequence:unusedArgumentsIndexed:fieldToString:classCannotHaveDefaultMethods:codeBlocks:nativeMethods:enumWithMembersButNoConstructorCall:retrofitStyleInterface:multilineStatement:annotation:typeFromTypeName:nameFromUnsupportedType:initializerBlockUnsupportedExceptionOnInterface:multipleSuperinterfaceAddition:defaultModifiersForMemberInterfacesAndEnums:defaultModifiersForInterfaceMembers:multipleMethodAddition:varargs:unusedArgumentsRelative:indexedElseIf:annotatedClass:nullFieldsAddition:onlyEnumsMayHaveEnumConstants:elseIf:annotationsInAnnotations:typeVariableWithBounds:interfaceClassToString:typeVariables:annotationDeclarationToString:basic:staticCodeBlock:simpleNamesConflictInThisAndOtherPackage:invalidSuperClass:nullStringLiteral:intersectionType:codeBlockToString:constructorToString:enumWithAnnotatedValues:annotatedField:anonymousInnerClass:membersOrdering:multipleFieldAddition:typeFromTypeMirror:enumConstantsRequired:classToString:nameFromField:stringFromAnything:initializersToBuilder:typeFromReflectType
File saved to the following path: /tmp/Ex2Amplifier-experiments/dataset/may-2018/javapoet/469/target/dspot/TestListener.ser
[59553] INFO EntryPoint - Test has been run: fieldToString,unusedArgumentsRelative,multipleSuperinterfaceAddition,annotationToString,literalFromAnything,codeBlockToString,stringFromAnything,javadoc,nameFromCharSequence,nullFieldsAddition,annotation,nameFromParameter,nameFromField,typeFromUnsupportedType,arrayType,codeBlocks,multipleFieldAddition,typeVariables,methodToString,elseIf,nullTypesAddition,interestingTypes,ifElse,interfaceClassToString,enumWithSubclassing,initializerBlockUnsupportedExceptionOnInterface,annotationsAndJavaLangTypes,retrofitStyleInterface,typeFromReflectType,nestedClasses,enumImplements,multipleAnnotationAddition,initializerBlockInRightPlace,defaultModifiersForMemberInterfacesAndEnums,anonymousClassToString,initializerBlockUnsupportedExceptionOnAnnotation,classToString,referencedAndDeclaredSimpleNamesConflict,equalsAndHashCode,classNameFactories,typeFromTypeName,nullAnnotationsAddition,interfaceDefaultMethods,nameFromType,annotatedParameters,nativeMethods,invalidSuperClass,basic,inlineIndent,typeVariableWithBounds,annotationsInAnnotations,constructorToString,multipleMethodAddition,unusedArgumentsIndexed,varargs,annotationDeclarationToString,nullMethodsAddition,initializersToBuilder,typeFromTypeMirror,intersectionType,classCannotHaveDefaultMethods,originatingElementsIncludesThoseOfNestedTypes,nameFromUnsupportedType,multilineStatement,nullStringLiteral,doubleFieldInitialization,interfaceStaticMethods,methodThrows,nullTypeVariablesAddition,multilineStrings,interfaceExtends,classCannotHaveDefaultValueForMethod,membersOrdering,indexedElseIf,enumWithAnnotatedValues,staticCodeBlock,multilineStatementWithAnonymousClass,enumWithMembersButNoConstructorCall,multipleTypeAddition,nullSuperinterfacesAddition,nameFromMethod,enumConstantsRequired,stringFromNull,enumsMayDefineAbstractMethods,simpleNamesConflictInThisAndOtherPackage,anonymousInnerClass,typeFromTypeElement,defaultModifiersForInterfaceMembers,onlyEnumsMayHaveEnumConstants,parameterToString,multipleTypeVariableAddition,doWhile,annotatedClass,annotatedField,tryCatch,classImplementsExtends,innerAnnotationInAnnotationDeclaration,tooFewArguments
[59553] INFO AssertGenerator - 98 test pass, generating assertion...
[59585] INFO MethodsAssertGenerator - Add observations points in passing tests.
[59585] INFO MethodsAssertGenerator - Instrumentation...
  1% | ]/  2% |= ]-  3% |= ]\  4% |== ]|  5% |== ]/  6% |=== ]-  7% |=== ]\  8% |==== ]|  9% |==== ]/ 10% |===== ]- 11% |===== ]\ 12% |====== ]| 13% |====== ]/ 14% |======= ]- 15% |======= ]\ 16% |======== ]| 17% |======== ]/ 18% |========= ]- 19% |========= ]\ 20% |========== ]| 21% |========== ]/ 22% |=========== ]- 23% |=========== ]\ 24% |============ ]| 25% |============ ]/ 26% |============= ]- 27% |============= ]\ 28% |============== ]| 29% |============== ]/ 30% |=============== ]- 31% |=============== ]\ 32% |================ ]| 33% |================ ]/ 34% |================= ]- 35% |================= ]\ 36% |================== ]| 37% |================== ]/ 38% |=================== ]- 39% |=================== ]\ 40% |==================== ]| 41% |==================== ]/ 42% |===================== ]- 43% |===================== ]\ 44% |====================== ]| 45% |====================== ]/ 46% |======================= ]- 47% |======================= ]\ 48% |======================== ]| 50% |========================= ]/ 51% |========================= ]- 52% |========================== ]\ 53% |========================== ]| 54% |=========================== ]/ 55% |=========================== ]- 56% |============================ ]\ 57% |============================ ]| 58% |============================= ]/ 59% |============================= ]- 60% |============================== ]\ 61% |============================== ]| 62% |=============================== ]/ 63% |=============================== ]- 64% |================================ ]\ 65% |================================ ]| 66% |================================= ]/ 67% |================================= ]- 68% |================================== ]\ 69% |================================== ]| 70% |=================================== ]/ 71% |=================================== ]- 72% |==================================== ]\ 73% |==================================== ]| 74% |===================================== ]/ 75% |===================================== ]- 76% |====================================== ]\ 77% |====================================== ]| 78% |======================================= ]/ 79% |======================================= ]- 80% |======================================== ]\ 81% |======================================== ]| 82% |========================================= ]/ 83% |========================================= ]- 84% |========================================== ]\ 85% |========================================== ]| 86% |=========================================== ]/ 87% |=========================================== ]- 88% |============================================ ]\ 89% |============================================ ]| 90% |============================================= ]/ 91% |============================================= ]- 92% |============================================== ]\ 93% |============================================== ]| 94% |=============================================== ]/ 95% |=============================================== ]- 96% |================================================ ]\ 97% |================================================ ]| 98% |================================================= ]/100% |================================================== ]-
Exception in thread "main" java.lang.NoClassDefFoundError: eu/stamp_project/compare/FailToObserveException
	at eu.stamp_project.dspot.assertGenerator.MethodsAssertGenerator.addAssertions(MethodsAssertGenerator.java:103)
	at eu.stamp_project.dspot.assertGenerator.AssertGenerator.innerAssertionAmplification(AssertGenerator.java:120)
	at eu.stamp_project.dspot.assertGenerator.AssertGenerator.assertionAmplification(AssertGenerator.java:74)
	at eu.stamp_project.dspot.Amplification.preAmplification(Amplification.java:218)
	at eu.stamp_project.dspot.Amplification.amplification(Amplification.java:92)
	at eu.stamp_project.dspot.DSpot.amplifyTest(DSpot.java:191)
	at eu.stamp_project.dspot.DSpot.amplifyTest(DSpot.java:178)
	at eu.stamp_project.Main.lambda$null$1(Main.java:151)
	at java.util.stream.ReferencePipeline$3$1.accept(ReferencePipeline.java:193)
	at java.util.HashMap$KeySpliterator.forEachRemaining(HashMap.java:1548)
	at java.util.stream.AbstractPipeline.copyInto(AbstractPipeline.java:481)
	at java.util.stream.AbstractPipeline.wrapAndCopyInto(AbstractPipeline.java:471)
	at java.util.stream.ReduceOps$ReduceOp.evaluateSequential(ReduceOps.java:708)
	at java.util.stream.AbstractPipeline.evaluate(AbstractPipeline.java:234)
	at java.util.stream.ReferencePipeline.collect(ReferencePipeline.java:499)
	at eu.stamp_project.Main.lambda$run$2(Main.java:152)
	at java.util.stream.ForEachOps$ForEachOp$OfRef.accept(ForEachOps.java:184)
	at java.util.stream.ReferencePipeline$2$1.accept(ReferencePipeline.java:175)
	at java.util.ArrayList$ArrayListSpliterator.forEachRemaining(ArrayList.java:1374)
	at java.util.stream.AbstractPipeline.copyInto(AbstractPipeline.java:481)
	at java.util.stream.AbstractPipeline.wrapAndCopyInto(AbstractPipeline.java:471)
	at java.util.stream.ForEachOps$ForEachOp.evaluateSequential(ForEachOps.java:151)
	at java.util.stream.ForEachOps$ForEachOp$OfRef.evaluateSequential(ForEachOps.java:174)
	at java.util.stream.AbstractPipeline.evaluate(AbstractPipeline.java:234)
	at java.util.stream.ReferencePipeline.forEach(ReferencePipeline.java:418)
	at eu.stamp_project.Main.run(Main.java:124)
	at eu.stamp_project.Main.main(Main.java:95)
Caused by: java.lang.ClassNotFoundException: eu.stamp_project.compare.FailToObserveException
	at java.net.URLClassLoader$1.run(URLClassLoader.java:370)
	at java.net.URLClassLoader$1.run(URLClassLoader.java:362)
	at java.security.AccessController.doPrivileged(Native Method)
	at java.net.URLClassLoader.findClass(URLClassLoader.java:361)
	at java.lang.ClassLoader.loadClass(ClassLoader.java:424)
	at sun.misc.Launcher$AppClassLoader.loadClass(Launcher.java:331)
	at java.lang.ClassLoader.loadClass(ClassLoader.java:357)
	... 27 more
Caused by: java.util.zip.ZipException: invalid LOC header (bad signature)
	at java.util.zip.ZipFile.read(Native Method)
	at java.util.zip.ZipFile.access$1400(ZipFile.java:60)
	at java.util.zip.ZipFile$ZipFileInputStream.read(ZipFile.java:717)
	at java.util.zip.ZipFile$ZipFileInflaterInputStream.fill(ZipFile.java:419)
	at java.util.zip.InflaterInputStream.read(InflaterInputStream.java:158)
	at sun.misc.Resource.getBytes(Resource.java:124)
	at java.net.URLClassLoader.defineClass(URLClassLoader.java:462)
	at java.net.URLClassLoader.access$100(URLClassLoader.java:73)
	at java.net.URLClassLoader$1.run(URLClassLoader.java:368)
	... 33 more
