SLF4J: Class path contains multiple SLF4J bindings.
SLF4J: Found binding in [jar:file:/home/bdanglot/.m2/repository/eu/stamp-project/test-runner/1.0.8/test-runner-1.0.8-jar-with-dependencies.jar!/org/slf4j/impl/StaticLoggerBinder.class]
SLF4J: Found binding in [jar:file:/home/bdanglot/.m2/repository/org/slf4j/slf4j-log4j12/1.7.25/slf4j-log4j12-1.7.25.jar!/org/slf4j/impl/StaticLoggerBinder.class]
SLF4J: See http://www.slf4j.org/codes.html#multiple_bindings for an explanation.
SLF4J: Actual binding is of type [org.slf4j.impl.Log4jLoggerFactory]
[0] WARN AutomaticBuilderFactory - No automatic builder specified in configuration, going to default.
[1] INFO AutomaticBuilderFactory - Default: provided Maven automatic builder.
[14] INFO MavenAutomaticBuilder - run maven clean test -DskipTests dependency:build-classpath -Dmdep.outputFile=target/dspot/classpath
[WARN] Maven will be executed in interactive mode, but no input stream has been configured for this MavenInvoker instance.
[[1;34mINFO[m] Scanning for projects...
[[1;34mINFO[m] 
[[1;34mINFO[m] [1m------------------------------------------------------------------------[m
[[1;34mINFO[m] [1mBuilding JavaPoet 1.9.0-SNAPSHOT[m
[[1;34mINFO[m] [1m------------------------------------------------------------------------[m
[[1;34mINFO[m] 
[[1;34mINFO[m] [1m--- [0;32mmaven-clean-plugin:2.5:clean[m [1m(default-clean)[m @ [36mjavapoet[0;1m ---[m
[[1;34mINFO[m] Deleting /home/bdanglot/workspace/Ex2amplifier-experiments/dataset/may-2018/javapoet/529_modified/target
[[1;34mINFO[m] 
[[1;34mINFO[m] [1m--- [0;32mmaven-enforcer-plugin:1.0:enforce[m [1m(enforce-maven)[m @ [36mjavapoet[0;1m ---[m
[[1;34mINFO[m] Skipping Rule Enforcement.
[[1;34mINFO[m] 
[[1;34mINFO[m] [1m--- [0;32mmaven-resources-plugin:2.6:resources[m [1m(default-resources)[m @ [36mjavapoet[0;1m ---[m
[[1;34mINFO[m] Using 'UTF-8' encoding to copy filtered resources.
[[1;34mINFO[m] skip non existing resourceDirectory /home/bdanglot/workspace/Ex2amplifier-experiments/dataset/may-2018/javapoet/529_modified/src/main/resources
[[1;34mINFO[m] 
[[1;34mINFO[m] [1m--- [0;32mmaven-compiler-plugin:3.0:compile[m [1m(default-compile)[m @ [36mjavapoet[0;1m ---[m
[[1;34mINFO[m] Changes detected - recompiling the module!
[[1;34mINFO[m] Compiling 17 source files to /home/bdanglot/workspace/Ex2amplifier-experiments/dataset/may-2018/javapoet/529_modified/target/classes
[[1;34mINFO[m] 
[[1;34mINFO[m] [1m--- [0;32mmaven-resources-plugin:2.6:testResources[m [1m(default-testResources)[m @ [36mjavapoet[0;1m ---[m
[[1;34mINFO[m] Using 'UTF-8' encoding to copy filtered resources.
[[1;34mINFO[m] skip non existing resourceDirectory /home/bdanglot/workspace/Ex2amplifier-experiments/dataset/may-2018/javapoet/529_modified/src/test/resources
[[1;34mINFO[m] 
[[1;34mINFO[m] [1m--- [0;32mmaven-compiler-plugin:3.0:testCompile[m [1m(default-testCompile)[m @ [36mjavapoet[0;1m ---[m
[[1;34mINFO[m] Changes detected - recompiling the module!
[[1;34mINFO[m] Compiling 19 source files to /home/bdanglot/workspace/Ex2amplifier-experiments/dataset/may-2018/javapoet/529_modified/target/test-classes
[[1;34mINFO[m] 
[[1;34mINFO[m] [1m--- [0;32mmaven-surefire-plugin:2.12.4:test[m [1m(default-test)[m @ [36mjavapoet[0;1m ---[m
[[1;34mINFO[m] Tests are skipped.
[[1;34mINFO[m] 
[[1;34mINFO[m] [1m--- [0;32mmaven-dependency-plugin:2.8:build-classpath[m [1m(default-cli)[m @ [36mjavapoet[0;1m ---[m
[[1;34mINFO[m] Wrote classpath file '/home/bdanglot/workspace/Ex2amplifier-experiments/dataset/may-2018/javapoet/529_modified/target/dspot/classpath'.
[[1;34mINFO[m] [1m------------------------------------------------------------------------[m
[[1;34mINFO[m] [1;32mBUILD SUCCESS[m
[[1;34mINFO[m] [1m------------------------------------------------------------------------[m
[[1;34mINFO[m] Total time: 7.324 s
[[1;34mINFO[m] Finished at: 2018-05-18T13:59:16+02:00
[[1;34mINFO[m] Final Memory: 24M/264M
[[1;34mINFO[m] [1m------------------------------------------------------------------------[m
[13288] ERROR JDTCommentBuilder - // @Target(ElementType.TYPE_USE) requires Java 1.8 is not added into the AST
spoon.reflect.declaration.ParentNotInitializedException: parent not initialized for class spoon.support.reflect.code.CtCommentImpl (/home/bdanglot/workspace/Ex2amplifier-experiments/dataset/may-2018/javapoet/529_modified/src/test/java/com/squareup/javapoet/AnnotatedTypeNameTest.java:118)
	at spoon.support.reflect.declaration.CtElementImpl.getParent(CtElementImpl.java:340)
	at spoon.support.compiler.jdt.JDTCommentBuilder.insertCommentInAST(JDTCommentBuilder.java:474)
	at spoon.support.compiler.jdt.JDTCommentBuilder.buildComment(JDTCommentBuilder.java:152)
	at spoon.support.compiler.jdt.JDTCommentBuilder.build(JDTCommentBuilder.java:108)
	at spoon.support.compiler.jdt.JDTBasedSpoonCompiler.buildModel(JDTBasedSpoonCompiler.java:417)
	at spoon.support.compiler.jdt.JDTBasedSpoonCompiler.buildUnitsAndModel(JDTBasedSpoonCompiler.java:362)
	at spoon.support.compiler.jdt.JDTBasedSpoonCompiler.buildSources(JDTBasedSpoonCompiler.java:335)
	at spoon.support.compiler.jdt.JDTBasedSpoonCompiler.build(JDTBasedSpoonCompiler.java:116)
	at spoon.support.compiler.jdt.JDTBasedSpoonCompiler.build(JDTBasedSpoonCompiler.java:99)
	at spoon.Launcher.buildModel(Launcher.java:724)
	at eu.stamp_project.utils.compilation.DSpotCompiler.getSpoonModelOf(DSpotCompiler.java:106)
	at eu.stamp_project.utils.compilation.DSpotCompiler.createDSpotCompiler(DSpotCompiler.java:31)
	at eu.stamp_project.dspot.DSpot.<init>(DSpot.java:108)
	at eu.stamp_project.Main.lambda$run$2(Main.java:132)
	at java.util.stream.ForEachOps$ForEachOp$OfRef.accept(ForEachOps.java:184)
	at java.util.stream.ReferencePipeline$2$1.accept(ReferencePipeline.java:175)
	at java.util.ArrayList$ArrayListSpliterator.forEachRemaining(ArrayList.java:1374)
	at java.util.stream.AbstractPipeline.copyInto(AbstractPipeline.java:481)
	at java.util.stream.AbstractPipeline.wrapAndCopyInto(AbstractPipeline.java:471)
	at java.util.stream.ForEachOps$ForEachOp.evaluateSequential(ForEachOps.java:151)
	at java.util.stream.ForEachOps$ForEachOp$OfRef.evaluateSequential(ForEachOps.java:174)
	at java.util.stream.AbstractPipeline.evaluate(AbstractPipeline.java:234)
	at java.util.stream.ReferencePipeline.forEach(ReferencePipeline.java:418)
	at eu.stamp_project.Main.run(Main.java:115)
	at eu.stamp_project.Main.main(Main.java:86)
[14562] WARN AutomaticBuilderFactory - No automatic builder specified in configuration, going to default.
[14562] INFO AutomaticBuilderFactory - Default: provided Maven automatic builder.
[14563] INFO MavenAutomaticBuilder - run maven clean test -DskipTests dependency:build-classpath -Dmdep.outputFile=target/dspot/classpath
[WARN] Maven will be executed in interactive mode, but no input stream has been configured for this MavenInvoker instance.
[[1;34mINFO[m] Scanning for projects...
[[1;34mINFO[m] 
[[1;34mINFO[m] [1m------------------------------------------------------------------------[m
[[1;34mINFO[m] [1mBuilding JavaPoet 1.9.0-SNAPSHOT[m
[[1;34mINFO[m] [1m------------------------------------------------------------------------[m
[[1;34mINFO[m] 
[[1;34mINFO[m] [1m--- [0;32mmaven-clean-plugin:2.5:clean[m [1m(default-clean)[m @ [36mjavapoet[0;1m ---[m
[[1;34mINFO[m] Deleting /home/bdanglot/workspace/Ex2amplifier-experiments/dataset/may-2018/javapoet/529/target
[[1;34mINFO[m] 
[[1;34mINFO[m] [1m--- [0;32mmaven-enforcer-plugin:1.0:enforce[m [1m(enforce-maven)[m @ [36mjavapoet[0;1m ---[m
[[1;34mINFO[m] Skipping Rule Enforcement.
[[1;34mINFO[m] 
[[1;34mINFO[m] [1m--- [0;32mmaven-resources-plugin:2.6:resources[m [1m(default-resources)[m @ [36mjavapoet[0;1m ---[m
[[1;34mINFO[m] Using 'UTF-8' encoding to copy filtered resources.
[[1;34mINFO[m] skip non existing resourceDirectory /home/bdanglot/workspace/Ex2amplifier-experiments/dataset/may-2018/javapoet/529/src/main/resources
[[1;34mINFO[m] 
[[1;34mINFO[m] [1m--- [0;32mmaven-compiler-plugin:3.0:compile[m [1m(default-compile)[m @ [36mjavapoet[0;1m ---[m
[[1;34mINFO[m] Changes detected - recompiling the module!
[[1;34mINFO[m] Compiling 17 source files to /home/bdanglot/workspace/Ex2amplifier-experiments/dataset/may-2018/javapoet/529/target/classes
[[1;34mINFO[m] 
[[1;34mINFO[m] [1m--- [0;32mmaven-resources-plugin:2.6:testResources[m [1m(default-testResources)[m @ [36mjavapoet[0;1m ---[m
[[1;34mINFO[m] Using 'UTF-8' encoding to copy filtered resources.
[[1;34mINFO[m] skip non existing resourceDirectory /home/bdanglot/workspace/Ex2amplifier-experiments/dataset/may-2018/javapoet/529/src/test/resources
[[1;34mINFO[m] 
[[1;34mINFO[m] [1m--- [0;32mmaven-compiler-plugin:3.0:testCompile[m [1m(default-testCompile)[m @ [36mjavapoet[0;1m ---[m
[[1;34mINFO[m] Changes detected - recompiling the module!
[[1;34mINFO[m] Compiling 19 source files to /home/bdanglot/workspace/Ex2amplifier-experiments/dataset/may-2018/javapoet/529/target/test-classes
[[1;34mINFO[m] 
[[1;34mINFO[m] [1m--- [0;32mmaven-surefire-plugin:2.12.4:test[m [1m(default-test)[m @ [36mjavapoet[0;1m ---[m
[[1;34mINFO[m] Tests are skipped.
[[1;34mINFO[m] 
[[1;34mINFO[m] [1m--- [0;32mmaven-dependency-plugin:2.8:build-classpath[m [1m(default-cli)[m @ [36mjavapoet[0;1m ---[m
[[1;34mINFO[m] Wrote classpath file '/home/bdanglot/workspace/Ex2amplifier-experiments/dataset/may-2018/javapoet/529/target/dspot/classpath'.
[[1;34mINFO[m] [1m------------------------------------------------------------------------[m
[[1;34mINFO[m] [1;32mBUILD SUCCESS[m
[[1;34mINFO[m] [1m------------------------------------------------------------------------[m
[[1;34mINFO[m] Total time: 6.950 s
[[1;34mINFO[m] Finished at: 2018-05-18T13:59:31+02:00
[[1;34mINFO[m] Final Memory: 24M/262M
[[1;34mINFO[m] [1m------------------------------------------------------------------------[m
Exception in thread "main" java.lang.NoSuchFieldError: useWorkingDirectory
	at eu.stamp_project.dspot.DSpot.<init>(DSpot.java:124)
	at eu.stamp_project.Main.lambda$run$2(Main.java:132)
	at java.util.stream.ForEachOps$ForEachOp$OfRef.accept(ForEachOps.java:184)
	at java.util.stream.ReferencePipeline$2$1.accept(ReferencePipeline.java:175)
	at java.util.ArrayList$ArrayListSpliterator.forEachRemaining(ArrayList.java:1374)
	at java.util.stream.AbstractPipeline.copyInto(AbstractPipeline.java:481)
	at java.util.stream.AbstractPipeline.wrapAndCopyInto(AbstractPipeline.java:471)
	at java.util.stream.ForEachOps$ForEachOp.evaluateSequential(ForEachOps.java:151)
	at java.util.stream.ForEachOps$ForEachOp$OfRef.evaluateSequential(ForEachOps.java:174)
	at java.util.stream.AbstractPipeline.evaluate(AbstractPipeline.java:234)
	at java.util.stream.ReferencePipeline.forEach(ReferencePipeline.java:418)
	at eu.stamp_project.Main.run(Main.java:115)
	at eu.stamp_project.Main.main(Main.java:86)
SLF4J: Class path contains multiple SLF4J bindings.
SLF4J: Found binding in [jar:file:/home/bdanglot/.m2/repository/eu/stamp-project/test-runner/1.0.8/test-runner-1.0.8-jar-with-dependencies.jar!/org/slf4j/impl/StaticLoggerBinder.class]
SLF4J: Found binding in [jar:file:/home/bdanglot/.m2/repository/org/slf4j/slf4j-log4j12/1.7.25/slf4j-log4j12-1.7.25.jar!/org/slf4j/impl/StaticLoggerBinder.class]
SLF4J: See http://www.slf4j.org/codes.html#multiple_bindings for an explanation.
SLF4J: Actual binding is of type [org.slf4j.impl.Log4jLoggerFactory]
[0] WARN AutomaticBuilderFactory - No automatic builder specified in configuration, going to default.
[0] INFO AutomaticBuilderFactory - Default: provided Maven automatic builder.
[27] INFO MavenAutomaticBuilder - run maven clean test -DskipTests dependency:build-classpath -Dmdep.outputFile=target/dspot/classpath
[WARN] Maven will be executed in interactive mode, but no input stream has been configured for this MavenInvoker instance.
[[1;34mINFO[m] Scanning for projects...
[[1;34mINFO[m] 
[[1;34mINFO[m] [1m------------------------------------------------------------------------[m
[[1;34mINFO[m] [1mBuilding JavaPoet 1.9.0-SNAPSHOT[m
[[1;34mINFO[m] [1m------------------------------------------------------------------------[m
[[1;34mINFO[m] 
[[1;34mINFO[m] [1m--- [0;32mmaven-clean-plugin:2.5:clean[m [1m(default-clean)[m @ [36mjavapoet[0;1m ---[m
[[1;34mINFO[m] Deleting /home/bdanglot/workspace/Ex2amplifier-experiments/dataset/may-2018/javapoet/529_modified/target
[[1;34mINFO[m] 
[[1;34mINFO[m] [1m--- [0;32mmaven-enforcer-plugin:1.0:enforce[m [1m(enforce-maven)[m @ [36mjavapoet[0;1m ---[m
[[1;34mINFO[m] Skipping Rule Enforcement.
[[1;34mINFO[m] 
[[1;34mINFO[m] [1m--- [0;32mmaven-resources-plugin:2.6:resources[m [1m(default-resources)[m @ [36mjavapoet[0;1m ---[m
[[1;34mINFO[m] Using 'UTF-8' encoding to copy filtered resources.
[[1;34mINFO[m] skip non existing resourceDirectory /home/bdanglot/workspace/Ex2amplifier-experiments/dataset/may-2018/javapoet/529_modified/src/main/resources
[[1;34mINFO[m] 
[[1;34mINFO[m] [1m--- [0;32mmaven-compiler-plugin:3.0:compile[m [1m(default-compile)[m @ [36mjavapoet[0;1m ---[m
[[1;34mINFO[m] Changes detected - recompiling the module!
[[1;34mINFO[m] Compiling 17 source files to /home/bdanglot/workspace/Ex2amplifier-experiments/dataset/may-2018/javapoet/529_modified/target/classes
[[1;34mINFO[m] 
[[1;34mINFO[m] [1m--- [0;32mmaven-resources-plugin:2.6:testResources[m [1m(default-testResources)[m @ [36mjavapoet[0;1m ---[m
[[1;34mINFO[m] Using 'UTF-8' encoding to copy filtered resources.
[[1;34mINFO[m] skip non existing resourceDirectory /home/bdanglot/workspace/Ex2amplifier-experiments/dataset/may-2018/javapoet/529_modified/src/test/resources
[[1;34mINFO[m] 
[[1;34mINFO[m] [1m--- [0;32mmaven-compiler-plugin:3.0:testCompile[m [1m(default-testCompile)[m @ [36mjavapoet[0;1m ---[m
[[1;34mINFO[m] Changes detected - recompiling the module!
[[1;34mINFO[m] Compiling 19 source files to /home/bdanglot/workspace/Ex2amplifier-experiments/dataset/may-2018/javapoet/529_modified/target/test-classes
[[1;34mINFO[m] 
[[1;34mINFO[m] [1m--- [0;32mmaven-surefire-plugin:2.12.4:test[m [1m(default-test)[m @ [36mjavapoet[0;1m ---[m
[[1;34mINFO[m] Tests are skipped.
[[1;34mINFO[m] 
[[1;34mINFO[m] [1m--- [0;32mmaven-dependency-plugin:2.8:build-classpath[m [1m(default-cli)[m @ [36mjavapoet[0;1m ---[m
[[1;34mINFO[m] Wrote classpath file '/home/bdanglot/workspace/Ex2amplifier-experiments/dataset/may-2018/javapoet/529_modified/target/dspot/classpath'.
[[1;34mINFO[m] [1m------------------------------------------------------------------------[m
[[1;34mINFO[m] [1;32mBUILD SUCCESS[m
[[1;34mINFO[m] [1m------------------------------------------------------------------------[m
[[1;34mINFO[m] Total time: 7.252 s
[[1;34mINFO[m] Finished at: 2018-05-18T14:03:34+02:00
[[1;34mINFO[m] Final Memory: 24M/264M
[[1;34mINFO[m] [1m------------------------------------------------------------------------[m
[13993] ERROR JDTCommentBuilder - // @Target(ElementType.TYPE_USE) requires Java 1.8 is not added into the AST
spoon.reflect.declaration.ParentNotInitializedException: parent not initialized for class spoon.support.reflect.code.CtCommentImpl (/home/bdanglot/workspace/Ex2amplifier-experiments/dataset/may-2018/javapoet/529_modified/src/test/java/com/squareup/javapoet/AnnotatedTypeNameTest.java:118)
	at spoon.support.reflect.declaration.CtElementImpl.getParent(CtElementImpl.java:340)
	at spoon.support.compiler.jdt.JDTCommentBuilder.insertCommentInAST(JDTCommentBuilder.java:474)
	at spoon.support.compiler.jdt.JDTCommentBuilder.buildComment(JDTCommentBuilder.java:152)
	at spoon.support.compiler.jdt.JDTCommentBuilder.build(JDTCommentBuilder.java:108)
	at spoon.support.compiler.jdt.JDTBasedSpoonCompiler.buildModel(JDTBasedSpoonCompiler.java:417)
	at spoon.support.compiler.jdt.JDTBasedSpoonCompiler.buildUnitsAndModel(JDTBasedSpoonCompiler.java:362)
	at spoon.support.compiler.jdt.JDTBasedSpoonCompiler.buildSources(JDTBasedSpoonCompiler.java:335)
	at spoon.support.compiler.jdt.JDTBasedSpoonCompiler.build(JDTBasedSpoonCompiler.java:116)
	at spoon.support.compiler.jdt.JDTBasedSpoonCompiler.build(JDTBasedSpoonCompiler.java:99)
	at spoon.Launcher.buildModel(Launcher.java:724)
	at eu.stamp_project.utils.compilation.DSpotCompiler.getSpoonModelOf(DSpotCompiler.java:106)
	at eu.stamp_project.utils.compilation.DSpotCompiler.createDSpotCompiler(DSpotCompiler.java:31)
	at eu.stamp_project.dspot.DSpot.<init>(DSpot.java:108)
	at eu.stamp_project.Main.lambda$run$2(Main.java:134)
	at java.util.stream.ForEachOps$ForEachOp$OfRef.accept(ForEachOps.java:184)
	at java.util.stream.ReferencePipeline$2$1.accept(ReferencePipeline.java:175)
	at java.util.ArrayList$ArrayListSpliterator.forEachRemaining(ArrayList.java:1374)
	at java.util.stream.AbstractPipeline.copyInto(AbstractPipeline.java:481)
	at java.util.stream.AbstractPipeline.wrapAndCopyInto(AbstractPipeline.java:471)
	at java.util.stream.ForEachOps$ForEachOp.evaluateSequential(ForEachOps.java:151)
	at java.util.stream.ForEachOps$ForEachOp$OfRef.evaluateSequential(ForEachOps.java:174)
	at java.util.stream.AbstractPipeline.evaluate(AbstractPipeline.java:234)
	at java.util.stream.ReferencePipeline.forEach(ReferencePipeline.java:418)
	at eu.stamp_project.Main.run(Main.java:117)
	at eu.stamp_project.Main.main(Main.java:88)
[15424] WARN AutomaticBuilderFactory - No automatic builder specified in configuration, going to default.
[15424] INFO AutomaticBuilderFactory - Default: provided Maven automatic builder.
[15424] INFO MavenAutomaticBuilder - run maven clean test -DskipTests dependency:build-classpath -Dmdep.outputFile=target/dspot/classpath
[WARN] Maven will be executed in interactive mode, but no input stream has been configured for this MavenInvoker instance.
[[1;34mINFO[m] Scanning for projects...
[[1;34mINFO[m] 
[[1;34mINFO[m] [1m------------------------------------------------------------------------[m
[[1;34mINFO[m] [1mBuilding JavaPoet 1.9.0-SNAPSHOT[m
[[1;34mINFO[m] [1m------------------------------------------------------------------------[m
[[1;34mINFO[m] 
[[1;34mINFO[m] [1m--- [0;32mmaven-clean-plugin:2.5:clean[m [1m(default-clean)[m @ [36mjavapoet[0;1m ---[m
[[1;34mINFO[m] Deleting /home/bdanglot/workspace/Ex2amplifier-experiments/dataset/may-2018/javapoet/529/target
[[1;34mINFO[m] 
[[1;34mINFO[m] [1m--- [0;32mmaven-enforcer-plugin:1.0:enforce[m [1m(enforce-maven)[m @ [36mjavapoet[0;1m ---[m
[[1;34mINFO[m] Skipping Rule Enforcement.
[[1;34mINFO[m] 
[[1;34mINFO[m] [1m--- [0;32mmaven-resources-plugin:2.6:resources[m [1m(default-resources)[m @ [36mjavapoet[0;1m ---[m
[[1;34mINFO[m] Using 'UTF-8' encoding to copy filtered resources.
[[1;34mINFO[m] skip non existing resourceDirectory /home/bdanglot/workspace/Ex2amplifier-experiments/dataset/may-2018/javapoet/529/src/main/resources
[[1;34mINFO[m] 
[[1;34mINFO[m] [1m--- [0;32mmaven-compiler-plugin:3.0:compile[m [1m(default-compile)[m @ [36mjavapoet[0;1m ---[m
[[1;34mINFO[m] Changes detected - recompiling the module!
[[1;34mINFO[m] Compiling 17 source files to /home/bdanglot/workspace/Ex2amplifier-experiments/dataset/may-2018/javapoet/529/target/classes
[[1;34mINFO[m] 
[[1;34mINFO[m] [1m--- [0;32mmaven-resources-plugin:2.6:testResources[m [1m(default-testResources)[m @ [36mjavapoet[0;1m ---[m
[[1;34mINFO[m] Using 'UTF-8' encoding to copy filtered resources.
[[1;34mINFO[m] skip non existing resourceDirectory /home/bdanglot/workspace/Ex2amplifier-experiments/dataset/may-2018/javapoet/529/src/test/resources
[[1;34mINFO[m] 
[[1;34mINFO[m] [1m--- [0;32mmaven-compiler-plugin:3.0:testCompile[m [1m(default-testCompile)[m @ [36mjavapoet[0;1m ---[m
[[1;34mINFO[m] Changes detected - recompiling the module!
[[1;34mINFO[m] Compiling 19 source files to /home/bdanglot/workspace/Ex2amplifier-experiments/dataset/may-2018/javapoet/529/target/test-classes
[[1;34mINFO[m] 
[[1;34mINFO[m] [1m--- [0;32mmaven-surefire-plugin:2.12.4:test[m [1m(default-test)[m @ [36mjavapoet[0;1m ---[m
[[1;34mINFO[m] Tests are skipped.
[[1;34mINFO[m] 
[[1;34mINFO[m] [1m--- [0;32mmaven-dependency-plugin:2.8:build-classpath[m [1m(default-cli)[m @ [36mjavapoet[0;1m ---[m
[[1;34mINFO[m] Wrote classpath file '/home/bdanglot/workspace/Ex2amplifier-experiments/dataset/may-2018/javapoet/529/target/dspot/classpath'.
[[1;34mINFO[m] [1m------------------------------------------------------------------------[m
[[1;34mINFO[m] [1;32mBUILD SUCCESS[m
[[1;34mINFO[m] [1m------------------------------------------------------------------------[m
[[1;34mINFO[m] Total time: 6.960 s
[[1;34mINFO[m] Finished at: 2018-05-18T14:03:49+02:00
[[1;34mINFO[m] Final Memory: 24M/261M
[[1;34mINFO[m] [1m------------------------------------------------------------------------[m
[25671] INFO SelectorOnDiff - Selecting according to a diff between dataset/may-2018/javapoet/529_modified/ and dataset/may-2018/javapoet/529/ (01f7076cabdeb4444bf0606b4c88daf93a436af4)
[25695] INFO SelectorOnDiff - Modified files:
a/src/main/java/com/squareup/javapoet/CodeBlock.java
[39945] INFO Amplification - amplification of com.squareup.javapoet.CodeBlockTest (29 test(s))
[40381] INFO EntryPoint - Run: java -cp /home/bdanglot/workspace/Ex2amplifier-experiments/dataset/may-2018/javapoet/529_modified/target/test-classes:/home/bdanglot/workspace/Ex2amplifier-experiments/dataset/may-2018/javapoet/529_modified/target/classes:/home/bdanglot/.m2/repository/com/google/truth/truth/0.28/truth-0.28.jar:/home/bdanglot/.m2/repository/com/google/guava/guava/18.0/guava-18.0.jar:/home/bdanglot/.m2/repository/com/google/testing/compile/compile-testing/0.9/compile-testing-0.9.jar:/usr/lib/jvm/java-8-openjdk-amd64/jre/../lib/tools.jar:/home/bdanglot/.m2/repository/junit/junit/4.12/junit-4.12.jar:/home/bdanglot/.m2/repository/org/hamcrest/hamcrest-core/1.3/hamcrest-core-1.3.jar:/home/bdanglot/.m2/repository/com/google/jimfs/jimfs/1.0/jimfs-1.0.jar:/home/bdanglot/.m2/repository/org/mockito/mockito-core/1.10.16/mockito-core-1.10.16.jar:/home/bdanglot/.m2/repository/org/objenesis/objenesis/2.1/objenesis-2.1.jar:/home/bdanglot/.m2/repository/org/eclipse/jdt/core/compiler/ecj/4.4.2/ecj-4.4.2.jar:/home/bdanglot/workspace/Ex2amplifier-experiments/target/dspot/dependencies:/home/bdanglot/.m2/repository/eu/stamp-project/test-runner/1.0.8/test-runner-1.0.8-jar-with-dependencies.jar eu.stamp_project.testrunner.runner.test.TestRunner com.squareup.javapoet.CodeBlockTest indexWithoutFormatTypeNotAtStringEnd:simpleNamedArgument:indexIsNegative:literalFormatCanBeIndexed:namedAndNoArgFormat:statementBeginningCannotBeIndexed:typeFormatCanBeIndexed:indexIsZero:deindentCannotBeIndexed:sameIndexCanBeUsedWithDifferentFormats:of:stringFormatCanBeIndexed:equalsAndHashCode:nameFormatCanBeIndexed:danglingNamed:repeatedNamedArgument:statementExitWithoutStatementEnter:indentCannotBeIndexed:namedNewline:formatIndicatorWithoutIndexOrFormatType:formatIndicatorAlone:tooManyStatementEnters:indexWithoutFormatType:missingNamedArgument:lowerCaseNamed:multipleNamedArguments:indexTooHigh:statementEndingCannotBeIndexed:dollarSignEscapeCannotBeIndexed
File saved to the following path: /home/bdanglot/workspace/Ex2amplifier-experiments/dataset/may-2018/javapoet/529_modified/target/dspot/TestListener.ser
[41003] INFO EntryPoint - Test has been run: literalFormatCanBeIndexed,namedNewline,indentCannotBeIndexed,indexWithoutFormatType,deindentCannotBeIndexed,stringFormatCanBeIndexed,formatIndicatorWithoutIndexOrFormatType,dollarSignEscapeCannotBeIndexed,statementExitWithoutStatementEnter,equalsAndHashCode,indexTooHigh,nameFormatCanBeIndexed,repeatedNamedArgument,typeFormatCanBeIndexed,formatIndicatorAlone,danglingNamed,simpleNamedArgument,of,statementEndingCannotBeIndexed,namedAndNoArgFormat,multipleNamedArguments,tooManyStatementEnters,indexIsZero,sameIndexCanBeUsedWithDifferentFormats,statementBeginningCannotBeIndexed,indexIsNegative,lowerCaseNamed,missingNamedArgument,indexWithoutFormatTypeNotAtStringEnd
[41003] INFO Amplification - Try to add assertions before amplification
[41583] INFO AssertGenerator - Run tests. (29)
[41848] INFO EntryPoint - Run: java -cp /home/bdanglot/workspace/Ex2amplifier-experiments/dataset/may-2018/javapoet/529_modified/target/test-classes:/home/bdanglot/workspace/Ex2amplifier-experiments/dataset/may-2018/javapoet/529_modified/target/classes:/home/bdanglot/.m2/repository/com/google/truth/truth/0.28/truth-0.28.jar:/home/bdanglot/.m2/repository/com/google/guava/guava/18.0/guava-18.0.jar:/home/bdanglot/.m2/repository/com/google/testing/compile/compile-testing/0.9/compile-testing-0.9.jar:/usr/lib/jvm/java-8-openjdk-amd64/jre/../lib/tools.jar:/home/bdanglot/.m2/repository/junit/junit/4.12/junit-4.12.jar:/home/bdanglot/.m2/repository/org/hamcrest/hamcrest-core/1.3/hamcrest-core-1.3.jar:/home/bdanglot/.m2/repository/com/google/jimfs/jimfs/1.0/jimfs-1.0.jar:/home/bdanglot/.m2/repository/org/mockito/mockito-core/1.10.16/mockito-core-1.10.16.jar:/home/bdanglot/.m2/repository/org/objenesis/objenesis/2.1/objenesis-2.1.jar:/home/bdanglot/.m2/repository/org/eclipse/jdt/core/compiler/ecj/4.4.2/ecj-4.4.2.jar:/home/bdanglot/workspace/Ex2amplifier-experiments/target/dspot/dependencies:/home/bdanglot/.m2/repository/eu/stamp-project/test-runner/1.0.8/test-runner-1.0.8-jar-with-dependencies.jar eu.stamp_project.testrunner.runner.test.TestRunner com.squareup.javapoet.CodeBlockTest indexWithoutFormatTypeNotAtStringEnd:simpleNamedArgument:indexIsNegative:literalFormatCanBeIndexed:namedAndNoArgFormat:statementBeginningCannotBeIndexed:typeFormatCanBeIndexed:indexIsZero:deindentCannotBeIndexed:sameIndexCanBeUsedWithDifferentFormats:of:stringFormatCanBeIndexed:equalsAndHashCode:nameFormatCanBeIndexed:danglingNamed:repeatedNamedArgument:statementExitWithoutStatementEnter:indentCannotBeIndexed:namedNewline:formatIndicatorWithoutIndexOrFormatType:formatIndicatorAlone:tooManyStatementEnters:indexWithoutFormatType:missingNamedArgument:lowerCaseNamed:multipleNamedArguments:indexTooHigh:statementEndingCannotBeIndexed:dollarSignEscapeCannotBeIndexed
File saved to the following path: /home/bdanglot/workspace/Ex2amplifier-experiments/dataset/may-2018/javapoet/529_modified/target/dspot/TestListener.ser
[42774] INFO EntryPoint - Test has been run: literalFormatCanBeIndexed,namedNewline,indentCannotBeIndexed,indexWithoutFormatType,deindentCannotBeIndexed,stringFormatCanBeIndexed,formatIndicatorWithoutIndexOrFormatType,dollarSignEscapeCannotBeIndexed,statementExitWithoutStatementEnter,equalsAndHashCode,indexTooHigh,nameFormatCanBeIndexed,repeatedNamedArgument,typeFormatCanBeIndexed,formatIndicatorAlone,danglingNamed,simpleNamedArgument,of,statementEndingCannotBeIndexed,namedAndNoArgFormat,multipleNamedArguments,tooManyStatementEnters,indexIsZero,sameIndexCanBeUsedWithDifferentFormats,statementBeginningCannotBeIndexed,indexIsNegative,lowerCaseNamed,missingNamedArgument,indexWithoutFormatTypeNotAtStringEnd
[42775] INFO AssertGenerator - 29 test pass, generating assertion...
[42788] INFO MethodsAssertGenerator - Add observations points in passing tests.
[42788] INFO MethodsAssertGenerator - Instrumentation...
  3% |= ]/  6% |=== ]- 10% |===== ]\ 13% |====== ]| 17% |======== ]/ 20% |========== ]- 24% |============ ]\ 27% |============= ]| 31% |=============== ]/ 34% |================= ]- 37% |================== ]\ 41% |==================== ]| 44% |====================== ]/ 48% |======================== ]- 51% |========================= ]\ 55% |=========================== ]| 58% |============================= ]/ 62% |=============================== ]- 65% |================================ ]\ 68% |================================== ]| 72% |==================================== ]/ 75% |===================================== ]- 79% |======================================= ]\ 82% |========================================= ]| 86% |=========================================== ]/ 89% |============================================ ]- 93% |============================================== ]\ 96% |================================================ ]|100% |================================================== ]/
[43078] INFO MethodsAssertGenerator - Run instrumented tests. (87)
[43647] INFO EntryPoint - Run: java -cp /home/bdanglot/workspace/Ex2amplifier-experiments/dataset/may-2018/javapoet/529_modified/target/test-classes:/home/bdanglot/workspace/Ex2amplifier-experiments/dataset/may-2018/javapoet/529_modified/target/classes:/home/bdanglot/.m2/repository/com/google/truth/truth/0.28/truth-0.28.jar:/home/bdanglot/.m2/repository/com/google/guava/guava/18.0/guava-18.0.jar:/home/bdanglot/.m2/repository/com/google/testing/compile/compile-testing/0.9/compile-testing-0.9.jar:/usr/lib/jvm/java-8-openjdk-amd64/jre/../lib/tools.jar:/home/bdanglot/.m2/repository/junit/junit/4.12/junit-4.12.jar:/home/bdanglot/.m2/repository/org/hamcrest/hamcrest-core/1.3/hamcrest-core-1.3.jar:/home/bdanglot/.m2/repository/com/google/jimfs/jimfs/1.0/jimfs-1.0.jar:/home/bdanglot/.m2/repository/org/mockito/mockito-core/1.10.16/mockito-core-1.10.16.jar:/home/bdanglot/.m2/repository/org/objenesis/objenesis/2.1/objenesis-2.1.jar:/home/bdanglot/.m2/repository/org/eclipse/jdt/core/compiler/ecj/4.4.2/ecj-4.4.2.jar:/home/bdanglot/workspace/Ex2amplifier-experiments/target/dspot/dependencies:/home/bdanglot/.m2/repository/eu/stamp-project/test-runner/1.0.8/test-runner-1.0.8-jar-with-dependencies.jar eu.stamp_project.testrunner.runner.test.TestRunner com.squareup.javapoet.CodeBlockTest indexWithoutFormatTypeNotAtStringEnd_withlog0:simpleNamedArgument_withlog0:indexIsNegative_withlog0:literalFormatCanBeIndexed_withlog0:namedAndNoArgFormat_withlog0:statementBeginningCannotBeIndexed_withlog0:typeFormatCanBeIndexed_withlog0:indexIsZero_withlog0:deindentCannotBeIndexed_withlog0:sameIndexCanBeUsedWithDifferentFormats_withlog0:of_withlog0:stringFormatCanBeIndexed_withlog0:equalsAndHashCode_withlog0:nameFormatCanBeIndexed_withlog0:danglingNamed_withlog0:repeatedNamedArgument_withlog0:statementExitWithoutStatementEnter_withlog0:indentCannotBeIndexed_withlog0:namedNewline_withlog0:formatIndicatorWithoutIndexOrFormatType_withlog0:formatIndicatorAlone_withlog0:tooManyStatementEnters_withlog0:indexWithoutFormatType_withlog0:missingNamedArgument_withlog0:lowerCaseNamed_withlog0:multipleNamedArguments_withlog0:indexTooHigh_withlog0:statementEndingCannotBeIndexed_withlog0:dollarSignEscapeCannotBeIndexed_withlog0:indexWithoutFormatTypeNotAtStringEnd_withlog1:simpleNamedArgument_withlog1:indexIsNegative_withlog1:literalFormatCanBeIndexed_withlog1:namedAndNoArgFormat_withlog1:statementBeginningCannotBeIndexed_withlog1:typeFormatCanBeIndexed_withlog1:indexIsZero_withlog1:deindentCannotBeIndexed_withlog1:sameIndexCanBeUsedWithDifferentFormats_withlog1:of_withlog1:stringFormatCanBeIndexed_withlog1:equalsAndHashCode_withlog1:nameFormatCanBeIndexed_withlog1:danglingNamed_withlog1:repeatedNamedArgument_withlog1:statementExitWithoutStatementEnter_withlog1:indentCannotBeIndexed_withlog1:namedNewline_withlog1:formatIndicatorWithoutIndexOrFormatType_withlog1:formatIndicatorAlone_withlog1:tooManyStatementEnters_withlog1:indexWithoutFormatType_withlog1:missingNamedArgument_withlog1:lowerCaseNamed_withlog1:multipleNamedArguments_withlog1:indexTooHigh_withlog1:statementEndingCannotBeIndexed_withlog1:dollarSignEscapeCannotBeIndexed_withlog1:indexWithoutFormatTypeNotAtStringEnd_withlog2:simpleNamedArgument_withlog2:indexIsNegative_withlog2:literalFormatCanBeIndexed_withlog2:namedAndNoArgFormat_withlog2:statementBeginningCannotBeIndexed_withlog2:typeFormatCanBeIndexed_withlog2:indexIsZero_withlog2:deindentCannotBeIndexed_withlog2:sameIndexCanBeUsedWithDifferentFormats_withlog2:of_withlog2:stringFormatCanBeIndexed_withlog2:equalsAndHashCode_withlog2:nameFormatCanBeIndexed_withlog2:danglingNamed_withlog2:repeatedNamedArgument_withlog2:statementExitWithoutStatementEnter_withlog2:indentCannotBeIndexed_withlog2:namedNewline_withlog2:formatIndicatorWithoutIndexOrFormatType_withlog2:formatIndicatorAlone_withlog2:tooManyStatementEnters_withlog2:indexWithoutFormatType_withlog2:missingNamedArgument_withlog2:lowerCaseNamed_withlog2:multipleNamedArguments_withlog2:indexTooHigh_withlog2:statementEndingCannotBeIndexed_withlog2:dollarSignEscapeCannotBeIndexed_withlog2
File saved to the following path: /home/bdanglot/workspace/Ex2amplifier-experiments/dataset/may-2018/javapoet/529_modified/target/dspot/observations.ser
File saved to the following path: /home/bdanglot/workspace/Ex2amplifier-experiments/dataset/may-2018/javapoet/529_modified/target/dspot/TestListener.ser
[47063] INFO EntryPoint - Test has been run: statementEndingCannotBeIndexed_withlog0,statementEndingCannotBeIndexed_withlog1,statementEndingCannotBeIndexed_withlog2,indexIsNegative_withlog0,indexIsNegative_withlog1,indexIsNegative_withlog2,indentCannotBeIndexed_withlog0,indentCannotBeIndexed_withlog1,indentCannotBeIndexed_withlog2,of_withlog0,of_withlog1,of_withlog2,tooManyStatementEnters_withlog0,tooManyStatementEnters_withlog1,tooManyStatementEnters_withlog2,indexIsZero_withlog0,indexIsZero_withlog1,indexIsZero_withlog2,stringFormatCanBeIndexed_withlog0,stringFormatCanBeIndexed_withlog1,stringFormatCanBeIndexed_withlog2,missingNamedArgument_withlog0,missingNamedArgument_withlog1,missingNamedArgument_withlog2,sameIndexCanBeUsedWithDifferentFormats_withlog0,sameIndexCanBeUsedWithDifferentFormats_withlog1,sameIndexCanBeUsedWithDifferentFormats_withlog2,deindentCannotBeIndexed_withlog0,deindentCannotBeIndexed_withlog1,deindentCannotBeIndexed_withlog2,indexWithoutFormatTypeNotAtStringEnd_withlog0,indexWithoutFormatTypeNotAtStringEnd_withlog1,indexWithoutFormatTypeNotAtStringEnd_withlog2,equalsAndHashCode_withlog0,equalsAndHashCode_withlog1,equalsAndHashCode_withlog2,indexWithoutFormatType_withlog0,indexWithoutFormatType_withlog1,indexWithoutFormatType_withlog2,statementExitWithoutStatementEnter_withlog0,statementExitWithoutStatementEnter_withlog1,statementExitWithoutStatementEnter_withlog2,formatIndicatorAlone_withlog0,formatIndicatorAlone_withlog1,formatIndicatorAlone_withlog2,formatIndicatorWithoutIndexOrFormatType_withlog0,formatIndicatorWithoutIndexOrFormatType_withlog1,formatIndicatorWithoutIndexOrFormatType_withlog2,nameFormatCanBeIndexed_withlog0,nameFormatCanBeIndexed_withlog1,nameFormatCanBeIndexed_withlog2,typeFormatCanBeIndexed_withlog0,typeFormatCanBeIndexed_withlog1,typeFormatCanBeIndexed_withlog2,dollarSignEscapeCannotBeIndexed_withlog0,dollarSignEscapeCannotBeIndexed_withlog1,dollarSignEscapeCannotBeIndexed_withlog2,literalFormatCanBeIndexed_withlog0,literalFormatCanBeIndexed_withlog1,literalFormatCanBeIndexed_withlog2,statementBeginningCannotBeIndexed_withlog0,statementBeginningCannotBeIndexed_withlog1,statementBeginningCannotBeIndexed_withlog2,indexTooHigh_withlog0,indexTooHigh_withlog1,indexTooHigh_withlog2,simpleNamedArgument_withlog0(com.squareup.javapoet.CodeBlockTest): null,simpleNamedArgument_withlog1(com.squareup.javapoet.CodeBlockTest): null,simpleNamedArgument_withlog2(com.squareup.javapoet.CodeBlockTest): null,lowerCaseNamed_withlog0(com.squareup.javapoet.CodeBlockTest): null,lowerCaseNamed_withlog1(com.squareup.javapoet.CodeBlockTest): null,lowerCaseNamed_withlog2(com.squareup.javapoet.CodeBlockTest): null,namedNewline_withlog0(com.squareup.javapoet.CodeBlockTest): null,namedNewline_withlog1(com.squareup.javapoet.CodeBlockTest): null,namedNewline_withlog2(com.squareup.javapoet.CodeBlockTest): null,danglingNamed_withlog0(com.squareup.javapoet.CodeBlockTest): null,danglingNamed_withlog1(com.squareup.javapoet.CodeBlockTest): null,danglingNamed_withlog2(com.squareup.javapoet.CodeBlockTest): null,multipleNamedArguments_withlog0(com.squareup.javapoet.CodeBlockTest): null,multipleNamedArguments_withlog1(com.squareup.javapoet.CodeBlockTest): null,multipleNamedArguments_withlog2(com.squareup.javapoet.CodeBlockTest): null,repeatedNamedArgument_withlog0(com.squareup.javapoet.CodeBlockTest): null,repeatedNamedArgument_withlog1(com.squareup.javapoet.CodeBlockTest): null,repeatedNamedArgument_withlog2(com.squareup.javapoet.CodeBlockTest): null,namedAndNoArgFormat_withlog0(com.squareup.javapoet.CodeBlockTest): null,namedAndNoArgFormat_withlog1(com.squareup.javapoet.CodeBlockTest): null,namedAndNoArgFormat_withlog2(com.squareup.javapoet.CodeBlockTest): null
[47079] INFO MethodsAssertGenerator - Generating assertions...
[47150] INFO AssertGenerator - 9 new tests with assertions generated
[47396] INFO EntryPoint - Run: java -cp /home/bdanglot/workspace/Ex2amplifier-experiments/dataset/may-2018/javapoet/529_modified/target/test-classes:/home/bdanglot/workspace/Ex2amplifier-experiments/dataset/may-2018/javapoet/529_modified/target/classes:/home/bdanglot/.m2/repository/com/google/truth/truth/0.28/truth-0.28.jar:/home/bdanglot/.m2/repository/com/google/guava/guava/18.0/guava-18.0.jar:/home/bdanglot/.m2/repository/com/google/testing/compile/compile-testing/0.9/compile-testing-0.9.jar:/usr/lib/jvm/java-8-openjdk-amd64/jre/../lib/tools.jar:/home/bdanglot/.m2/repository/junit/junit/4.12/junit-4.12.jar:/home/bdanglot/.m2/repository/org/hamcrest/hamcrest-core/1.3/hamcrest-core-1.3.jar:/home/bdanglot/.m2/repository/com/google/jimfs/jimfs/1.0/jimfs-1.0.jar:/home/bdanglot/.m2/repository/org/mockito/mockito-core/1.10.16/mockito-core-1.10.16.jar:/home/bdanglot/.m2/repository/org/objenesis/objenesis/2.1/objenesis-2.1.jar:/home/bdanglot/.m2/repository/org/eclipse/jdt/core/compiler/ecj/4.4.2/ecj-4.4.2.jar:/home/bdanglot/workspace/Ex2amplifier-experiments/target/dspot/dependencies:/home/bdanglot/.m2/repository/eu/stamp-project/test-runner/1.0.8/test-runner-1.0.8-jar-with-dependencies.jar eu.stamp_project.testrunner.runner.test.TestRunner com.squareup.javapoet.CodeBlockTest literalFormatCanBeIndexed:typeFormatCanBeIndexed:sameIndexCanBeUsedWithDifferentFormats:of:stringFormatCanBeIndexed:equalsAndHashCode:nameFormatCanBeIndexed:statementExitWithoutStatementEnter:tooManyStatementEnters
File saved to the following path: /home/bdanglot/workspace/Ex2amplifier-experiments/dataset/may-2018/javapoet/529_modified/target/dspot/TestListener.ser
[48117] INFO EntryPoint - Test has been run: literalFormatCanBeIndexed,stringFormatCanBeIndexed,statementExitWithoutStatementEnter,equalsAndHashCode,nameFormatCanBeIndexed,typeFormatCanBeIndexed,of,tooManyStatementEnters,sameIndexCanBeUsedWithDifferentFormats
[48669] DEBUG Launcher - building sources: [/home/bdanglot/workspace/Ex2amplifier-experiments/target/dspot/tmp_test_sources/com/squareup/javapoet/CodeBlockTest.java]
[48670] DEBUG Launcher - build args: [-encoding, UTF-8, -cp, /home/bdanglot/.m2/repository/com/google/truth/truth/0.28/truth-0.28.jar:/home/bdanglot/.m2/repository/com/google/guava/guava/18.0/guava-18.0.jar:/home/bdanglot/.m2/repository/com/google/testing/compile/compile-testing/0.9/compile-testing-0.9.jar:/usr/lib/jvm/java-8-openjdk-amd64/jre/../lib/tools.jar:/home/bdanglot/.m2/repository/junit/junit/4.12/junit-4.12.jar:/home/bdanglot/.m2/repository/org/hamcrest/hamcrest-core/1.3/hamcrest-core-1.3.jar:/home/bdanglot/.m2/repository/com/google/jimfs/jimfs/1.0/jimfs-1.0.jar:/home/bdanglot/.m2/repository/org/mockito/mockito-core/1.10.16/mockito-core-1.10.16.jar:/home/bdanglot/.m2/repository/org/objenesis/objenesis/2.1/objenesis-2.1.jar:/home/bdanglot/.m2/repository/org/eclipse/jdt/core/compiler/ecj/4.4.2/ecj-4.4.2.jar:target/dspot/dependencies/:dataset/may-2018/javapoet/529_modified//target/classes:dataset/may-2018/javapoet/529_modified//target/test-classes:, -1.8, -preserveAllLocals, -noExit, -enableJavadoc, /home/bdanglot/workspace/Ex2amplifier-experiments/target/dspot/tmp_test_sources/com/squareup/javapoet/CodeBlockTest.java]
[48799] DEBUG Launcher - built in 130 ms
[48799] DEBUG Launcher - building templates: []
[48799] DEBUG Launcher - built in 0 ms
[48801] DEBUG Launcher - model built in 132
[48803] DEBUG Launcher - compiling sources: [/home/bdanglot/workspace/Ex2amplifier-experiments/target/dspot/tmp_test_sources/com/squareup/javapoet/CodeBlockTest.java]
[48808] DEBUG Launcher - compile args: [-encoding, UTF-8, -cp, /home/bdanglot/.m2/repository/com/google/truth/truth/0.28/truth-0.28.jar:/home/bdanglot/.m2/repository/com/google/guava/guava/18.0/guava-18.0.jar:/home/bdanglot/.m2/repository/com/google/testing/compile/compile-testing/0.9/compile-testing-0.9.jar:/usr/lib/jvm/java-8-openjdk-amd64/jre/../lib/tools.jar:/home/bdanglot/.m2/repository/junit/junit/4.12/junit-4.12.jar:/home/bdanglot/.m2/repository/org/hamcrest/hamcrest-core/1.3/hamcrest-core-1.3.jar:/home/bdanglot/.m2/repository/com/google/jimfs/jimfs/1.0/jimfs-1.0.jar:/home/bdanglot/.m2/repository/org/mockito/mockito-core/1.10.16/mockito-core-1.10.16.jar:/home/bdanglot/.m2/repository/org/objenesis/objenesis/2.1/objenesis-2.1.jar:/home/bdanglot/.m2/repository/org/eclipse/jdt/core/compiler/ecj/4.4.2/ecj-4.4.2.jar:target/dspot/dependencies/:dataset/may-2018/javapoet/529_modified//target/classes:dataset/may-2018/javapoet/529_modified//target/test-classes:, -d, /home/bdanglot/workspace/Ex2amplifier-experiments/dataset/may-2018/javapoet/529/target/test-classes, -1.8, -proc:none, -preserveAllLocals, -noExit, -enableJavadoc, /home/bdanglot/workspace/Ex2amplifier-experiments/target/dspot/tmp_test_sources/com/squareup/javapoet/CodeBlockTest.java]
[49014] DEBUG Launcher - compiled in 211 ms
[49015] INFO EntryPoint - Run: java -cp /home/bdanglot/.m2/repository/com/google/truth/truth/0.28/truth-0.28.jar:/home/bdanglot/.m2/repository/com/google/guava/guava/18.0/guava-18.0.jar:/home/bdanglot/.m2/repository/com/google/testing/compile/compile-testing/0.9/compile-testing-0.9.jar:/usr/lib/jvm/java-8-openjdk-amd64/jre/../lib/tools.jar:/home/bdanglot/.m2/repository/junit/junit/4.12/junit-4.12.jar:/home/bdanglot/.m2/repository/org/hamcrest/hamcrest-core/1.3/hamcrest-core-1.3.jar:/home/bdanglot/.m2/repository/com/google/jimfs/jimfs/1.0/jimfs-1.0.jar:/home/bdanglot/.m2/repository/org/mockito/mockito-core/1.10.16/mockito-core-1.10.16.jar:/home/bdanglot/.m2/repository/org/objenesis/objenesis/2.1/objenesis-2.1.jar:/home/bdanglot/.m2/repository/org/eclipse/jdt/core/compiler/ecj/4.4.2/ecj-4.4.2.jar:target/dspot/dependencies/:dataset/may-2018/javapoet/529//target/classes:dataset/may-2018/javapoet/529//target/test-classes:/home/bdanglot/.m2/repository/eu/stamp-project/test-runner/1.0.8/test-runner-1.0.8-jar-with-dependencies.jar eu.stamp_project.testrunner.runner.test.TestRunner com.squareup.javapoet.CodeBlockTest literalFormatCanBeIndexed:typeFormatCanBeIndexed:sameIndexCanBeUsedWithDifferentFormats:of:stringFormatCanBeIndexed:equalsAndHashCode:nameFormatCanBeIndexed:statementExitWithoutStatementEnter:tooManyStatementEnters
Exception in thread "main" java.lang.RuntimeException: java.lang.ClassNotFoundException: com.squareup.javapoet.CodeBlockTest
	at eu.stamp_project.testrunner.runner.test.TestRunner.run(TestRunner.java:81)
	at eu.stamp_project.testrunner.runner.test.TestRunner.run(TestRunner.java:64)
	at eu.stamp_project.testrunner.runner.test.TestRunner.main(TestRunner.java:32)
Caused by: java.lang.ClassNotFoundException: com.squareup.javapoet.CodeBlockTest
	at java.net.URLClassLoader.findClass(URLClassLoader.java:381)
	at java.lang.ClassLoader.loadClass(ClassLoader.java:424)
	at sun.misc.Launcher$AppClassLoader.loadClass(Launcher.java:335)
	at java.lang.ClassLoader.loadClass(ClassLoader.java:357)
	at eu.stamp_project.testrunner.runner.test.TestRunner.run(TestRunner.java:79)
	... 2 more
Exception in thread "main" java.lang.RuntimeException: java.lang.RuntimeException: java.lang.RuntimeException: java.io.FileNotFoundException: /home/bdanglot/workspace/Ex2amplifier-experiments/dataset/may-2018/javapoet/529_modified/target/dspot/TestListener.ser does not exist.
	at eu.stamp_project.Main.main(Main.java:96)
Caused by: java.lang.RuntimeException: java.lang.RuntimeException: java.io.FileNotFoundException: /home/bdanglot/workspace/Ex2amplifier-experiments/dataset/may-2018/javapoet/529_modified/target/dspot/TestListener.ser does not exist.
	at eu.stamp_project.Main.lambda$run$2(Main.java:152)
	at java.util.stream.ForEachOps$ForEachOp$OfRef.accept(ForEachOps.java:184)
	at java.util.stream.ReferencePipeline$2$1.accept(ReferencePipeline.java:175)
	at java.util.ArrayList$ArrayListSpliterator.forEachRemaining(ArrayList.java:1374)
	at java.util.stream.AbstractPipeline.copyInto(AbstractPipeline.java:481)
	at java.util.stream.AbstractPipeline.wrapAndCopyInto(AbstractPipeline.java:471)
	at java.util.stream.ForEachOps$ForEachOp.evaluateSequential(ForEachOps.java:151)
	at java.util.stream.ForEachOps$ForEachOp$OfRef.evaluateSequential(ForEachOps.java:174)
	at java.util.stream.AbstractPipeline.evaluate(AbstractPipeline.java:234)
	at java.util.stream.ReferencePipeline.forEach(ReferencePipeline.java:418)
	at eu.stamp_project.Main.run(Main.java:117)
	at eu.stamp_project.Main.main(Main.java:88)
Caused by: java.lang.RuntimeException: java.io.FileNotFoundException: /home/bdanglot/workspace/Ex2amplifier-experiments/dataset/may-2018/javapoet/529_modified/target/dspot/TestListener.ser does not exist.
	at eu.stamp_project.testrunner.runner.test.Loader.load(Loader.java:23)
	at eu.stamp_project.testrunner.runner.test.TestListener.load(TestListener.java:132)
	at eu.stamp_project.testrunner.EntryPoint.runTests(EntryPoint.java:137)
	at eu.stamp_project.testrunner.EntryPoint.runTests(EntryPoint.java:119)
	at eu.stamp_project.dspot.selector.ChangeDetectorSelector.selectToKeep(ChangeDetectorSelector.java:114)
	at eu.stamp_project.dspot.Amplification.preAmplification(Amplification.java:206)
	at eu.stamp_project.dspot.Amplification.amplification(Amplification.java:91)
	at eu.stamp_project.dspot.DSpot.amplifyTest(DSpot.java:191)
	at eu.stamp_project.dspot.DSpot.amplifyTest(DSpot.java:178)
	at eu.stamp_project.Main.lambda$null$1(Main.java:143)
	at java.util.stream.ReferencePipeline$3$1.accept(ReferencePipeline.java:193)
	at java.util.HashMap$KeySpliterator.forEachRemaining(HashMap.java:1548)
	at java.util.stream.AbstractPipeline.copyInto(AbstractPipeline.java:481)
	at java.util.stream.AbstractPipeline.wrapAndCopyInto(AbstractPipeline.java:471)
	at java.util.stream.ReduceOps$ReduceOp.evaluateSequential(ReduceOps.java:708)
	at java.util.stream.AbstractPipeline.evaluate(AbstractPipeline.java:234)
	at java.util.stream.ReferencePipeline.collect(ReferencePipeline.java:499)
	at eu.stamp_project.Main.lambda$run$2(Main.java:144)
	... 11 more
Caused by: java.io.FileNotFoundException: /home/bdanglot/workspace/Ex2amplifier-experiments/dataset/may-2018/javapoet/529_modified/target/dspot/TestListener.ser does not exist.
	... 29 more
