SLF4J: Class path contains multiple SLF4J bindings.
SLF4J: Found binding in [jar:file:/home/spirals/danglot/.m2/repository/eu/stamp-project/test-runner/1.0.5/test-runner-1.0.5-jar-with-dependencies.jar!/org/slf4j/impl/StaticLoggerBinder.class]
SLF4J: Found binding in [jar:file:/home/spirals/danglot/.m2/repository/org/slf4j/slf4j-log4j12/1.7.25/slf4j-log4j12-1.7.25.jar!/org/slf4j/impl/StaticLoggerBinder.class]
SLF4J: See http://www.slf4j.org/codes.html#multiple_bindings for an explanation.
SLF4J: Actual binding is of type [org.slf4j.impl.Log4jLoggerFactory]
Exception in thread "main" java.lang.RuntimeException: java.lang.RuntimeException: java.lang.RuntimeException: java.io.IOException: Cannot run program "git" (in directory "dataset/may-2018/javapoet/562_modified"): error=2, No such file or directory
	at eu.stamp.project.Main.main(Main.java:96)
Caused by: java.lang.RuntimeException: java.lang.RuntimeException: java.io.IOException: Cannot run program "git" (in directory "dataset/may-2018/javapoet/562_modified"): error=2, No such file or directory
	at eu.stamp.project.Main.lambda$run$2(Main.java:152)
	at java.util.stream.ForEachOps$ForEachOp$OfRef.accept(ForEachOps.java:184)
	at java.util.stream.ReferencePipeline$2$1.accept(ReferencePipeline.java:175)
	at java.util.ArrayList$ArrayListSpliterator.forEachRemaining(ArrayList.java:1374)
	at java.util.stream.AbstractPipeline.copyInto(AbstractPipeline.java:481)
	at java.util.stream.AbstractPipeline.wrapAndCopyInto(AbstractPipeline.java:471)
	at java.util.stream.ForEachOps$ForEachOp.evaluateSequential(ForEachOps.java:151)
	at java.util.stream.ForEachOps$ForEachOp$OfRef.evaluateSequential(ForEachOps.java:174)
	at java.util.stream.AbstractPipeline.evaluate(AbstractPipeline.java:234)
	at java.util.stream.ReferencePipeline.forEach(ReferencePipeline.java:418)
	at eu.stamp.project.Main.run(Main.java:117)
	at eu.stamp.project.Main.main(Main.java:88)
Caused by: java.lang.RuntimeException: java.io.IOException: Cannot run program "git" (in directory "dataset/may-2018/javapoet/562_modified"): error=2, No such file or directory
	at eu.stamp.project.InputConfigurationManager.getModule(InputConfigurationManager.java:84)
	at eu.stamp.project.InputConfigurationManager.setupConfiguration(InputConfigurationManager.java:67)
	at eu.stamp.project.Main.lambda$run$2(Main.java:119)
	... 11 more
Caused by: java.io.IOException: Cannot run program "git" (in directory "dataset/may-2018/javapoet/562_modified"): error=2, No such file or directory
	at java.lang.ProcessBuilder.start(ProcessBuilder.java:1048)
	at java.lang.Runtime.exec(Runtime.java:620)
	at java.lang.Runtime.exec(Runtime.java:450)
	at eu.stamp.project.InputConfigurationManager.getModule(InputConfigurationManager.java:78)
	... 13 more
Caused by: java.io.IOException: error=2, No such file or directory
	at java.lang.UNIXProcess.forkAndExec(Native Method)
	at java.lang.UNIXProcess.<init>(UNIXProcess.java:247)
	at java.lang.ProcessImpl.start(ProcessImpl.java:134)
	at java.lang.ProcessBuilder.start(ProcessBuilder.java:1029)
	... 16 more
SLF4J: Class path contains multiple SLF4J bindings.
SLF4J: Found binding in [jar:file:/home/spirals/danglot/.m2/repository/eu/stamp-project/test-runner/1.0.5/test-runner-1.0.5-jar-with-dependencies.jar!/org/slf4j/impl/StaticLoggerBinder.class]
SLF4J: Found binding in [jar:file:/home/spirals/danglot/.m2/repository/org/slf4j/slf4j-log4j12/1.7.25/slf4j-log4j12-1.7.25.jar!/org/slf4j/impl/StaticLoggerBinder.class]
SLF4J: See http://www.slf4j.org/codes.html#multiple_bindings for an explanation.
SLF4J: Actual binding is of type [org.slf4j.impl.Log4jLoggerFactory]
[0] WARN AutomaticBuilderFactory - No automatic builder specified in configuration, going to default.
[1] INFO AutomaticBuilderFactory - Default: provided Maven automatic builder.
[11] INFO MavenAutomaticBuilder - run maven clean test -DskipTests dependency:build-classpath -Dmdep.outputFile=target/dspot/classpath
[WARN] Maven will be executed in interactive mode, but no input stream has been configured for this MavenInvoker instance.
[INFO] Scanning for projects...
[INFO]                                                                         
[INFO] ------------------------------------------------------------------------
[INFO] Building JavaPoet 1.10.0-SNAPSHOT
[INFO] ------------------------------------------------------------------------
[INFO] 
[INFO] --- maven-clean-plugin:2.5:clean (default-clean) @ javapoet ---
[INFO] Deleting /tmp/Ex2Amplifier-experiments/dataset/may-2018/javapoet/562_modified/target
[INFO] 
[INFO] --- maven-enforcer-plugin:1.0:enforce (enforce-maven) @ javapoet ---
[INFO] Skipping Rule Enforcement.
[INFO] 
[INFO] --- maven-resources-plugin:2.6:resources (default-resources) @ javapoet ---
[INFO] Using 'UTF-8' encoding to copy filtered resources.
[INFO] skip non existing resourceDirectory /tmp/Ex2Amplifier-experiments/dataset/may-2018/javapoet/562_modified/src/main/resources
[INFO] 
[INFO] --- maven-compiler-plugin:3.6.1:compile (default-compile) @ javapoet ---
[INFO] Changes detected - recompiling the module!
[INFO] Compiling 17 source files to /tmp/Ex2Amplifier-experiments/dataset/may-2018/javapoet/562_modified/target/classes
[INFO] 
[INFO] --- maven-resources-plugin:2.6:testResources (default-testResources) @ javapoet ---
[INFO] Using 'UTF-8' encoding to copy filtered resources.
[INFO] skip non existing resourceDirectory /tmp/Ex2Amplifier-experiments/dataset/may-2018/javapoet/562_modified/src/test/resources
[INFO] 
[INFO] --- maven-compiler-plugin:3.6.1:testCompile (default-testCompile) @ javapoet ---
[INFO] Changes detected - recompiling the module!
[INFO] Compiling 19 source files to /tmp/Ex2Amplifier-experiments/dataset/may-2018/javapoet/562_modified/target/test-classes
[INFO] 
[INFO] --- maven-surefire-plugin:2.12.4:test (default-test) @ javapoet ---
[INFO] Tests are skipped.
[INFO] 
[INFO] --- maven-dependency-plugin:2.8:build-classpath (default-cli) @ javapoet ---
[INFO] Wrote classpath file '/tmp/Ex2Amplifier-experiments/dataset/may-2018/javapoet/562_modified/target/dspot/classpath'.
[INFO] ------------------------------------------------------------------------
[INFO] BUILD SUCCESS
[INFO] ------------------------------------------------------------------------
[INFO] Total time: 8.576 s
[INFO] Finished at: 2018-05-15T16:17:57+02:00
[INFO] Final Memory: 36M/1010M
[INFO] ------------------------------------------------------------------------
[13054] ERROR JDTCommentBuilder - // @Target(ElementType.TYPE_USE) requires Java 1.8 is not added into the AST
spoon.reflect.declaration.ParentNotInitializedException: parent not initialized for class spoon.support.reflect.code.CtCommentImpl (/tmp/Ex2Amplifier-experiments/dataset/may-2018/javapoet/562_modified/src/test/java/com/squareup/javapoet/AnnotatedTypeNameTest.java:118)
	at spoon.support.reflect.declaration.CtElementImpl.getParent(CtElementImpl.java:340)
	at spoon.support.compiler.jdt.JDTCommentBuilder.insertCommentInAST(JDTCommentBuilder.java:474)
	at spoon.support.compiler.jdt.JDTCommentBuilder.buildComment(JDTCommentBuilder.java:152)
	at spoon.support.compiler.jdt.JDTCommentBuilder.build(JDTCommentBuilder.java:108)
	at spoon.support.compiler.jdt.JDTBasedSpoonCompiler.buildModel(JDTBasedSpoonCompiler.java:417)
	at spoon.support.compiler.jdt.JDTBasedSpoonCompiler.buildUnitsAndModel(JDTBasedSpoonCompiler.java:362)
	at spoon.support.compiler.jdt.JDTBasedSpoonCompiler.buildSources(JDTBasedSpoonCompiler.java:335)
	at spoon.support.compiler.jdt.JDTBasedSpoonCompiler.build(JDTBasedSpoonCompiler.java:116)
	at spoon.support.compiler.jdt.JDTBasedSpoonCompiler.build(JDTBasedSpoonCompiler.java:99)
	at spoon.Launcher.buildModel(Launcher.java:724)
	at fr.inria.diversify.utils.compilation.DSpotCompiler.getSpoonModelOf(DSpotCompiler.java:106)
	at fr.inria.diversify.utils.compilation.DSpotCompiler.createDSpotCompiler(DSpotCompiler.java:31)
	at fr.inria.diversify.dspot.DSpot.<init>(DSpot.java:103)
	at eu.stamp.project.Main.lambda$run$2(Main.java:134)
	at java.util.stream.ForEachOps$ForEachOp$OfRef.accept(ForEachOps.java:184)
	at java.util.stream.ReferencePipeline$2$1.accept(ReferencePipeline.java:175)
	at java.util.ArrayList$ArrayListSpliterator.forEachRemaining(ArrayList.java:1374)
	at java.util.stream.AbstractPipeline.copyInto(AbstractPipeline.java:481)
	at java.util.stream.AbstractPipeline.wrapAndCopyInto(AbstractPipeline.java:471)
	at java.util.stream.ForEachOps$ForEachOp.evaluateSequential(ForEachOps.java:151)
	at java.util.stream.ForEachOps$ForEachOp$OfRef.evaluateSequential(ForEachOps.java:174)
	at java.util.stream.AbstractPipeline.evaluate(AbstractPipeline.java:234)
	at java.util.stream.ReferencePipeline.forEach(ReferencePipeline.java:418)
	at eu.stamp.project.Main.run(Main.java:117)
	at eu.stamp.project.Main.main(Main.java:88)
[13573] WARN AutomaticBuilderFactory - No automatic builder specified in configuration, going to default.
[13573] INFO AutomaticBuilderFactory - Default: provided Maven automatic builder.
[13573] INFO MavenAutomaticBuilder - run maven clean test -DskipTests dependency:build-classpath -Dmdep.outputFile=target/dspot/classpath
[WARN] Maven will be executed in interactive mode, but no input stream has been configured for this MavenInvoker instance.
[INFO] Scanning for projects...
[INFO]                                                                         
[INFO] ------------------------------------------------------------------------
[INFO] Building JavaPoet 1.10.0-SNAPSHOT
[INFO] ------------------------------------------------------------------------
[INFO] 
[INFO] --- maven-clean-plugin:2.5:clean (default-clean) @ javapoet ---
[INFO] Deleting /tmp/Ex2Amplifier-experiments/dataset/may-2018/javapoet/562/target
[INFO] 
[INFO] --- maven-enforcer-plugin:1.0:enforce (enforce-maven) @ javapoet ---
[INFO] Skipping Rule Enforcement.
[INFO] 
[INFO] --- maven-resources-plugin:2.6:resources (default-resources) @ javapoet ---
[INFO] Using 'UTF-8' encoding to copy filtered resources.
[INFO] skip non existing resourceDirectory /tmp/Ex2Amplifier-experiments/dataset/may-2018/javapoet/562/src/main/resources
[INFO] 
[INFO] --- maven-compiler-plugin:3.6.1:compile (default-compile) @ javapoet ---
[INFO] Changes detected - recompiling the module!
[INFO] Compiling 17 source files to /tmp/Ex2Amplifier-experiments/dataset/may-2018/javapoet/562/target/classes
[INFO] 
[INFO] --- maven-resources-plugin:2.6:testResources (default-testResources) @ javapoet ---
[INFO] Using 'UTF-8' encoding to copy filtered resources.
[INFO] skip non existing resourceDirectory /tmp/Ex2Amplifier-experiments/dataset/may-2018/javapoet/562/src/test/resources
[INFO] 
[INFO] --- maven-compiler-plugin:3.6.1:testCompile (default-testCompile) @ javapoet ---
[INFO] Changes detected - recompiling the module!
[INFO] Compiling 19 source files to /tmp/Ex2Amplifier-experiments/dataset/may-2018/javapoet/562/target/test-classes
[INFO] 
[INFO] --- maven-surefire-plugin:2.12.4:test (default-test) @ javapoet ---
[INFO] Tests are skipped.
[INFO] 
[INFO] --- maven-dependency-plugin:2.8:build-classpath (default-cli) @ javapoet ---
[INFO] Wrote classpath file '/tmp/Ex2Amplifier-experiments/dataset/may-2018/javapoet/562/target/dspot/classpath'.
[INFO] ------------------------------------------------------------------------
[INFO] BUILD SUCCESS
[INFO] ------------------------------------------------------------------------
[INFO] Total time: 7.961 s
[INFO] Finished at: 2018-05-15T16:18:09+02:00
[INFO] Final Memory: 35M/961M
[INFO] ------------------------------------------------------------------------
[23355] INFO SelectorOnDiff - Selecting according to a diff between dataset/may-2018/javapoet/562_modified/ and dataset/may-2018/javapoet/562/ (a59930298d4dac30b7533e53afa75b9fbb696e69)
[23367] INFO SelectorOnDiff - Modified files:
a/src/test/java/com/squareup/javapoet/ClassNameTest.java
a/src/main/java/com/squareup/javapoet/ClassName.java
[25430] INFO SelectorOnDiff - Select 2 modified test methods
[30464] INFO SelectorOnDiff - Select 2 test methods that execute directly modified methods
[30485] INFO Amplification - amplification of com.squareup.javapoet.MethodSpecTest (1 test(s))
[31888] INFO Amplification - Try to add assertions before amplification
[31915] INFO AssertGenerator - Run tests. (1)
[33128] INFO AssertGenerator - 1 test pass, generating assertion...
[33134] INFO MethodsAssertGenerator - Add observations points in passing tests.
[33135] INFO MethodsAssertGenerator - Instrumentation...
100% |================================================== ]/
[33169] INFO MethodsAssertGenerator - Run instrumented tests. (3)
[35726] INFO MethodsAssertGenerator - Generating assertions...
[35773] INFO AssertGenerator - 1 new tests with assertions generated
[37908] DEBUG Launcher - building sources: [/tmp/Ex2Amplifier-experiments/target/dspot/tmp_test_sources/com/squareup/javapoet/MethodSpecTest.java]
[37908] DEBUG Launcher - build args: [-encoding, UTF-8, -cp, /home/spirals/danglot/.m2/repository/com/google/truth/truth/0.28/truth-0.28.jar:/home/spirals/danglot/.m2/repository/com/google/guava/guava/18.0/guava-18.0.jar:/home/spirals/danglot/.m2/repository/com/google/testing/compile/compile-testing/0.9/compile-testing-0.9.jar:/home/spirals/danglot/jdk1.8.0_121/jre/../lib/tools.jar:/home/spirals/danglot/.m2/repository/junit/junit/4.12/junit-4.12.jar:/home/spirals/danglot/.m2/repository/org/hamcrest/hamcrest-core/1.3/hamcrest-core-1.3.jar:/home/spirals/danglot/.m2/repository/com/google/jimfs/jimfs/1.0/jimfs-1.0.jar:/home/spirals/danglot/.m2/repository/org/mockito/mockito-core/1.10.16/mockito-core-1.10.16.jar:/home/spirals/danglot/.m2/repository/org/objenesis/objenesis/2.1/objenesis-2.1.jar:/home/spirals/danglot/.m2/repository/org/eclipse/jdt/core/compiler/ecj/4.4.2/ecj-4.4.2.jar:target/dspot/dependencies/:dataset/may-2018/javapoet/562_modified//target/classes:dataset/may-2018/javapoet/562_modified//target/test-classes:, -1.8, -preserveAllLocals, -noExit, -enableJavadoc, /tmp/Ex2Amplifier-experiments/target/dspot/tmp_test_sources/com/squareup/javapoet/MethodSpecTest.java]
[37989] DEBUG Launcher - built in 81 ms
[37989] DEBUG Launcher - building templates: []
[37989] DEBUG Launcher - built in 0 ms
[37991] DEBUG Launcher - model built in 83
[37991] DEBUG Launcher - compiling sources: [/tmp/Ex2Amplifier-experiments/target/dspot/tmp_test_sources/com/squareup/javapoet/MethodSpecTest.java]
[37996] DEBUG Launcher - compile args: [-encoding, UTF-8, -cp, /home/spirals/danglot/.m2/repository/com/google/truth/truth/0.28/truth-0.28.jar:/home/spirals/danglot/.m2/repository/com/google/guava/guava/18.0/guava-18.0.jar:/home/spirals/danglot/.m2/repository/com/google/testing/compile/compile-testing/0.9/compile-testing-0.9.jar:/home/spirals/danglot/jdk1.8.0_121/jre/../lib/tools.jar:/home/spirals/danglot/.m2/repository/junit/junit/4.12/junit-4.12.jar:/home/spirals/danglot/.m2/repository/org/hamcrest/hamcrest-core/1.3/hamcrest-core-1.3.jar:/home/spirals/danglot/.m2/repository/com/google/jimfs/jimfs/1.0/jimfs-1.0.jar:/home/spirals/danglot/.m2/repository/org/mockito/mockito-core/1.10.16/mockito-core-1.10.16.jar:/home/spirals/danglot/.m2/repository/org/objenesis/objenesis/2.1/objenesis-2.1.jar:/home/spirals/danglot/.m2/repository/org/eclipse/jdt/core/compiler/ecj/4.4.2/ecj-4.4.2.jar:target/dspot/dependencies/:dataset/may-2018/javapoet/562_modified//target/classes:dataset/may-2018/javapoet/562_modified//target/test-classes:, -d, /tmp/Ex2Amplifier-experiments/dataset/may-2018/javapoet/562/target/test-classes, -1.8, -proc:none, -preserveAllLocals, -noExit, -enableJavadoc, /tmp/Ex2Amplifier-experiments/target/dspot/tmp_test_sources/com/squareup/javapoet/MethodSpecTest.java]
[38639] DEBUG Launcher - compiled in 648 ms
[39723] INFO Amplification - 0 amplified test(s) has been selected, global: 0
[39724] INFO DSpot - elapsedTime 9242
======= REPORT =======
0 amplified test fails on the new versions.

[40445] INFO DSpot - Print AmplMethodSpecTest with 0?amplified test cases in results/may-2018/javapoet/562_modified/A_ampl
[40446] DEBUG Launcher - printing com.squareup.javapoet.AmplMethodSpecTest to /tmp/Ex2Amplifier-experiments/results/may-2018/javapoet/562_modified/A_ampl
[40534] INFO Amplification - amplification of com.squareup.javapoet.CodeBlockTest (1 test(s))
[40546] DEBUG Launcher - printing com.squareup.javapoet.CodeBlockTest to /tmp/Ex2Amplifier-experiments/target/dspot/tmp_test_sources
[41121] INFO Amplification - Try to add assertions before amplification
[41175] INFO AssertGenerator - Run tests. (1)
[41185] DEBUG Launcher - printing com.squareup.javapoet.CodeBlockTest to /tmp/Ex2Amplifier-experiments/target/dspot/tmp_test_sources
[41762] INFO AssertGenerator - 1 test pass, generating assertion...
[41769] INFO MethodsAssertGenerator - Add observations points in passing tests.
[41769] INFO MethodsAssertGenerator - Instrumentation...
100% |================================================== ]/
[41772] INFO MethodsAssertGenerator - Run instrumented tests. (3)
[41782] DEBUG Launcher - printing com.squareup.javapoet.CodeBlockTest to /tmp/Ex2Amplifier-experiments/target/dspot/tmp_test_sources
[42550] INFO MethodsAssertGenerator - Generating assertions...
[42554] INFO AssertGenerator - 1 new tests with assertions generated
[42568] DEBUG Launcher - printing com.squareup.javapoet.CodeBlockTest to /tmp/Ex2Amplifier-experiments/target/dspot/tmp_test_sources
[43828] DEBUG Launcher - printing com.squareup.javapoet.CodeBlockTest to /tmp/Ex2Amplifier-experiments/target/dspot/tmp_test_sources
[43837] DEBUG Launcher - building sources: [/tmp/Ex2Amplifier-experiments/target/dspot/tmp_test_sources/com/squareup/javapoet/CodeBlockTest.java]
[43838] DEBUG Launcher - build args: [-encoding, UTF-8, -cp, /home/spirals/danglot/.m2/repository/com/google/truth/truth/0.28/truth-0.28.jar:/home/spirals/danglot/.m2/repository/com/google/guava/guava/18.0/guava-18.0.jar:/home/spirals/danglot/.m2/repository/com/google/testing/compile/compile-testing/0.9/compile-testing-0.9.jar:/home/spirals/danglot/jdk1.8.0_121/jre/../lib/tools.jar:/home/spirals/danglot/.m2/repository/junit/junit/4.12/junit-4.12.jar:/home/spirals/danglot/.m2/repository/org/hamcrest/hamcrest-core/1.3/hamcrest-core-1.3.jar:/home/spirals/danglot/.m2/repository/com/google/jimfs/jimfs/1.0/jimfs-1.0.jar:/home/spirals/danglot/.m2/repository/org/mockito/mockito-core/1.10.16/mockito-core-1.10.16.jar:/home/spirals/danglot/.m2/repository/org/objenesis/objenesis/2.1/objenesis-2.1.jar:/home/spirals/danglot/.m2/repository/org/eclipse/jdt/core/compiler/ecj/4.4.2/ecj-4.4.2.jar:target/dspot/dependencies/:dataset/may-2018/javapoet/562_modified//target/classes:dataset/may-2018/javapoet/562_modified//target/test-classes:, -1.8, -preserveAllLocals, -noExit, -enableJavadoc, /tmp/Ex2Amplifier-experiments/target/dspot/tmp_test_sources/com/squareup/javapoet/CodeBlockTest.java]
[43889] DEBUG Launcher - built in 52 ms
[43889] DEBUG Launcher - building templates: []
[43889] DEBUG Launcher - built in 0 ms
[43889] DEBUG Launcher - model built in 52
[43889] DEBUG Launcher - compiling sources: [/tmp/Ex2Amplifier-experiments/target/dspot/tmp_test_sources/com/squareup/javapoet/CodeBlockTest.java]
[43890] DEBUG Launcher - compile args: [-encoding, UTF-8, -cp, /home/spirals/danglot/.m2/repository/com/google/truth/truth/0.28/truth-0.28.jar:/home/spirals/danglot/.m2/repository/com/google/guava/guava/18.0/guava-18.0.jar:/home/spirals/danglot/.m2/repository/com/google/testing/compile/compile-testing/0.9/compile-testing-0.9.jar:/home/spirals/danglot/jdk1.8.0_121/jre/../lib/tools.jar:/home/spirals/danglot/.m2/repository/junit/junit/4.12/junit-4.12.jar:/home/spirals/danglot/.m2/repository/org/hamcrest/hamcrest-core/1.3/hamcrest-core-1.3.jar:/home/spirals/danglot/.m2/repository/com/google/jimfs/jimfs/1.0/jimfs-1.0.jar:/home/spirals/danglot/.m2/repository/org/mockito/mockito-core/1.10.16/mockito-core-1.10.16.jar:/home/spirals/danglot/.m2/repository/org/objenesis/objenesis/2.1/objenesis-2.1.jar:/home/spirals/danglot/.m2/repository/org/eclipse/jdt/core/compiler/ecj/4.4.2/ecj-4.4.2.jar:target/dspot/dependencies/:dataset/may-2018/javapoet/562_modified//target/classes:dataset/may-2018/javapoet/562_modified//target/test-classes:, -d, /tmp/Ex2Amplifier-experiments/dataset/may-2018/javapoet/562/target/test-classes, -1.8, -proc:none, -preserveAllLocals, -noExit, -enableJavadoc, /tmp/Ex2Amplifier-experiments/target/dspot/tmp_test_sources/com/squareup/javapoet/CodeBlockTest.java]
[43945] DEBUG Launcher - compiled in 56 ms
[44400] INFO Amplification - 0 amplified test(s) has been selected, global: 0
[44400] INFO DSpot - elapsedTime 3901
======= REPORT =======
0 amplified test fails on the new versions.

[45018] INFO DSpot - Print AmplCodeBlockTest with 0?amplified test cases in results/may-2018/javapoet/562_modified/A_ampl
[45019] DEBUG Launcher - printing com.squareup.javapoet.AmplCodeBlockTest to /tmp/Ex2Amplifier-experiments/results/may-2018/javapoet/562_modified/A_ampl
[45345] INFO Amplification - amplification of com.squareup.javapoet.TypeSpecTest (9 test(s))
[45440] DEBUG Launcher - printing com.squareup.javapoet.TypeSpecTest to /tmp/Ex2Amplifier-experiments/target/dspot/tmp_test_sources
[47037] INFO Amplification - Try to add assertions before amplification
[47272] INFO AssertGenerator - Run tests. (9)
[47307] DEBUG Launcher - printing com.squareup.javapoet.TypeSpecTest to /tmp/Ex2Amplifier-experiments/target/dspot/tmp_test_sources
[48913] INFO AssertGenerator - 9 test pass, generating assertion...
[48953] INFO MethodsAssertGenerator - Add observations points in passing tests.
[48953] INFO MethodsAssertGenerator - Instrumentation...
 11% |===== ]/ 22% |=========== ]- 33% |================ ]\ 44% |====================== ]| 55% |=========================== ]/ 66% |================================= ]- 77% |====================================== ]\ 88% |============================================ ]|100% |================================================== ]/
[48997] INFO MethodsAssertGenerator - Run instrumented tests. (27)
[49048] DEBUG Launcher - printing com.squareup.javapoet.TypeSpecTest to /tmp/Ex2Amplifier-experiments/target/dspot/tmp_test_sources
[58049] INFO MethodsAssertGenerator - Generating assertions...
[58161] INFO AssertGenerator - 7 new tests with assertions generated
[58302] DEBUG Launcher - printing com.squareup.javapoet.TypeSpecTest to /tmp/Ex2Amplifier-experiments/target/dspot/tmp_test_sources
[64402] DEBUG Launcher - printing com.squareup.javapoet.TypeSpecTest to /tmp/Ex2Amplifier-experiments/target/dspot/tmp_test_sources
[64950] DEBUG Launcher - building sources: [/tmp/Ex2Amplifier-experiments/target/dspot/tmp_test_sources/com/squareup/javapoet/TypeSpecTest.java]
[64952] DEBUG Launcher - build args: [-encoding, UTF-8, -cp, /home/spirals/danglot/.m2/repository/com/google/truth/truth/0.28/truth-0.28.jar:/home/spirals/danglot/.m2/repository/com/google/guava/guava/18.0/guava-18.0.jar:/home/spirals/danglot/.m2/repository/com/google/testing/compile/compile-testing/0.9/compile-testing-0.9.jar:/home/spirals/danglot/jdk1.8.0_121/jre/../lib/tools.jar:/home/spirals/danglot/.m2/repository/junit/junit/4.12/junit-4.12.jar:/home/spirals/danglot/.m2/repository/org/hamcrest/hamcrest-core/1.3/hamcrest-core-1.3.jar:/home/spirals/danglot/.m2/repository/com/google/jimfs/jimfs/1.0/jimfs-1.0.jar:/home/spirals/danglot/.m2/repository/org/mockito/mockito-core/1.10.16/mockito-core-1.10.16.jar:/home/spirals/danglot/.m2/repository/org/objenesis/objenesis/2.1/objenesis-2.1.jar:/home/spirals/danglot/.m2/repository/org/eclipse/jdt/core/compiler/ecj/4.4.2/ecj-4.4.2.jar:target/dspot/dependencies/:dataset/may-2018/javapoet/562_modified//target/classes:dataset/may-2018/javapoet/562_modified//target/test-classes:, -1.8, -preserveAllLocals, -noExit, -enableJavadoc, /tmp/Ex2Amplifier-experiments/target/dspot/tmp_test_sources/com/squareup/javapoet/TypeSpecTest.java]
[65145] DEBUG Launcher - built in 195 ms
[65145] DEBUG Launcher - building templates: []
[65145] DEBUG Launcher - built in 0 ms
[65175] DEBUG Launcher - model built in 225
[65175] DEBUG Launcher - compiling sources: [/tmp/Ex2Amplifier-experiments/target/dspot/tmp_test_sources/com/squareup/javapoet/TypeSpecTest.java]
[65212] DEBUG Launcher - compile args: [-encoding, UTF-8, -cp, /home/spirals/danglot/.m2/repository/com/google/truth/truth/0.28/truth-0.28.jar:/home/spirals/danglot/.m2/repository/com/google/guava/guava/18.0/guava-18.0.jar:/home/spirals/danglot/.m2/repository/com/google/testing/compile/compile-testing/0.9/compile-testing-0.9.jar:/home/spirals/danglot/jdk1.8.0_121/jre/../lib/tools.jar:/home/spirals/danglot/.m2/repository/junit/junit/4.12/junit-4.12.jar:/home/spirals/danglot/.m2/repository/org/hamcrest/hamcrest-core/1.3/hamcrest-core-1.3.jar:/home/spirals/danglot/.m2/repository/com/google/jimfs/jimfs/1.0/jimfs-1.0.jar:/home/spirals/danglot/.m2/repository/org/mockito/mockito-core/1.10.16/mockito-core-1.10.16.jar:/home/spirals/danglot/.m2/repository/org/objenesis/objenesis/2.1/objenesis-2.1.jar:/home/spirals/danglot/.m2/repository/org/eclipse/jdt/core/compiler/ecj/4.4.2/ecj-4.4.2.jar:target/dspot/dependencies/:dataset/may-2018/javapoet/562_modified//target/classes:dataset/may-2018/javapoet/562_modified//target/test-classes:, -d, /tmp/Ex2Amplifier-experiments/dataset/may-2018/javapoet/562/target/test-classes, -1.8, -proc:none, -preserveAllLocals, -noExit, -enableJavadoc, /tmp/Ex2Amplifier-experiments/target/dspot/tmp_test_sources/com/squareup/javapoet/TypeSpecTest.java]
[71427] DEBUG Launcher - compiled in 6252 ms
[72806] INFO Amplification - 0 amplified test(s) has been selected, global: 0
[72806] INFO DSpot - elapsedTime 27622
======= REPORT =======
0 amplified test fails on the new versions.

[77115] INFO DSpot - Print AmplTypeSpecTest with 0?amplified test cases in results/may-2018/javapoet/562_modified/A_ampl
[77115] DEBUG Launcher - printing com.squareup.javapoet.AmplTypeSpecTest to /tmp/Ex2Amplifier-experiments/results/may-2018/javapoet/562_modified/A_ampl
[77234] INFO Amplification - amplification of com.squareup.javapoet.JavaFileTest (1 test(s))
[77251] DEBUG Launcher - printing com.squareup.javapoet.JavaFileTest to /tmp/Ex2Amplifier-experiments/target/dspot/tmp_test_sources
[77828] INFO Amplification - Try to add assertions before amplification
[77901] INFO AssertGenerator - Run tests. (1)
[77928] DEBUG Launcher - printing com.squareup.javapoet.JavaFileTest to /tmp/Ex2Amplifier-experiments/target/dspot/tmp_test_sources
[78470] INFO AssertGenerator - 1 test pass, generating assertion...
[78476] INFO MethodsAssertGenerator - Add observations points in passing tests.
[78476] INFO MethodsAssertGenerator - Instrumentation...
100% |================================================== ]/
[78478] INFO MethodsAssertGenerator - Run instrumented tests. (3)
[78488] DEBUG Launcher - printing com.squareup.javapoet.JavaFileTest to /tmp/Ex2Amplifier-experiments/target/dspot/tmp_test_sources
[79058] INFO MethodsAssertGenerator - Generating assertions...
[79060] INFO AssertGenerator - 1 new tests with assertions generated
[79070] DEBUG Launcher - printing com.squareup.javapoet.JavaFileTest to /tmp/Ex2Amplifier-experiments/target/dspot/tmp_test_sources
[80638] DEBUG Launcher - printing com.squareup.javapoet.JavaFileTest to /tmp/Ex2Amplifier-experiments/target/dspot/tmp_test_sources
[80648] DEBUG Launcher - building sources: [/tmp/Ex2Amplifier-experiments/target/dspot/tmp_test_sources/com/squareup/javapoet/JavaFileTest.java]
[80648] DEBUG Launcher - build args: [-encoding, UTF-8, -cp, /home/spirals/danglot/.m2/repository/com/google/truth/truth/0.28/truth-0.28.jar:/home/spirals/danglot/.m2/repository/com/google/guava/guava/18.0/guava-18.0.jar:/home/spirals/danglot/.m2/repository/com/google/testing/compile/compile-testing/0.9/compile-testing-0.9.jar:/home/spirals/danglot/jdk1.8.0_121/jre/../lib/tools.jar:/home/spirals/danglot/.m2/repository/junit/junit/4.12/junit-4.12.jar:/home/spirals/danglot/.m2/repository/org/hamcrest/hamcrest-core/1.3/hamcrest-core-1.3.jar:/home/spirals/danglot/.m2/repository/com/google/jimfs/jimfs/1.0/jimfs-1.0.jar:/home/spirals/danglot/.m2/repository/org/mockito/mockito-core/1.10.16/mockito-core-1.10.16.jar:/home/spirals/danglot/.m2/repository/org/objenesis/objenesis/2.1/objenesis-2.1.jar:/home/spirals/danglot/.m2/repository/org/eclipse/jdt/core/compiler/ecj/4.4.2/ecj-4.4.2.jar:target/dspot/dependencies/:dataset/may-2018/javapoet/562_modified//target/classes:dataset/may-2018/javapoet/562_modified//target/test-classes:, -1.8, -preserveAllLocals, -noExit, -enableJavadoc, /tmp/Ex2Amplifier-experiments/target/dspot/tmp_test_sources/com/squareup/javapoet/JavaFileTest.java]
[80704] DEBUG Launcher - built in 56 ms
[80704] DEBUG Launcher - building templates: []
[80704] DEBUG Launcher - built in 0 ms
[80704] DEBUG Launcher - model built in 56
[80705] DEBUG Launcher - compiling sources: [/tmp/Ex2Amplifier-experiments/target/dspot/tmp_test_sources/com/squareup/javapoet/JavaFileTest.java]
[80705] DEBUG Launcher - compile args: [-encoding, UTF-8, -cp, /home/spirals/danglot/.m2/repository/com/google/truth/truth/0.28/truth-0.28.jar:/home/spirals/danglot/.m2/repository/com/google/guava/guava/18.0/guava-18.0.jar:/home/spirals/danglot/.m2/repository/com/google/testing/compile/compile-testing/0.9/compile-testing-0.9.jar:/home/spirals/danglot/jdk1.8.0_121/jre/../lib/tools.jar:/home/spirals/danglot/.m2/repository/junit/junit/4.12/junit-4.12.jar:/home/spirals/danglot/.m2/repository/org/hamcrest/hamcrest-core/1.3/hamcrest-core-1.3.jar:/home/spirals/danglot/.m2/repository/com/google/jimfs/jimfs/1.0/jimfs-1.0.jar:/home/spirals/danglot/.m2/repository/org/mockito/mockito-core/1.10.16/mockito-core-1.10.16.jar:/home/spirals/danglot/.m2/repository/org/objenesis/objenesis/2.1/objenesis-2.1.jar:/home/spirals/danglot/.m2/repository/org/eclipse/jdt/core/compiler/ecj/4.4.2/ecj-4.4.2.jar:target/dspot/dependencies/:dataset/may-2018/javapoet/562_modified//target/classes:dataset/may-2018/javapoet/562_modified//target/test-classes:, -d, /tmp/Ex2Amplifier-experiments/dataset/may-2018/javapoet/562/target/test-classes, -1.8, -proc:none, -preserveAllLocals, -noExit, -enableJavadoc, /tmp/Ex2Amplifier-experiments/target/dspot/tmp_test_sources/com/squareup/javapoet/JavaFileTest.java]
[80763] DEBUG Launcher - compiled in 58 ms
[81207] INFO Amplification - 0 amplified test(s) has been selected, global: 0
[81207] INFO DSpot - elapsedTime 4024
======= REPORT =======
0 amplified test fails on the new versions.

[82287] INFO DSpot - Print AmplJavaFileTest with 0?amplified test cases in results/may-2018/javapoet/562_modified/A_ampl
[82287] DEBUG Launcher - printing com.squareup.javapoet.AmplJavaFileTest to /tmp/Ex2Amplifier-experiments/results/may-2018/javapoet/562_modified/A_ampl
[82482] INFO Amplification - amplification of com.squareup.javapoet.TypeNameTest (2 test(s))
[82490] DEBUG Launcher - printing com.squareup.javapoet.TypeNameTest to /tmp/Ex2Amplifier-experiments/target/dspot/tmp_test_sources
[83059] INFO Amplification - Try to add assertions before amplification
[83165] INFO AssertGenerator - Run tests. (2)
[83170] DEBUG Launcher - printing com.squareup.javapoet.TypeNameTest to /tmp/Ex2Amplifier-experiments/target/dspot/tmp_test_sources
[83701] INFO AssertGenerator - 2 test pass, generating assertion...
[83704] INFO MethodsAssertGenerator - Add observations points in passing tests.
[83704] INFO MethodsAssertGenerator - Instrumentation...
 50% |========================= ]/100% |================================================== ]-
[83708] INFO MethodsAssertGenerator - Run instrumented tests. (6)
[83715] DEBUG Launcher - printing com.squareup.javapoet.TypeNameTest to /tmp/Ex2Amplifier-experiments/target/dspot/tmp_test_sources
[88267] INFO MethodsAssertGenerator - Generating assertions...
[88326] INFO AssertGenerator - 2 new tests with assertions generated
[88342] DEBUG Launcher - printing com.squareup.javapoet.TypeNameTest to /tmp/Ex2Amplifier-experiments/target/dspot/tmp_test_sources
[89937] DEBUG Launcher - printing com.squareup.javapoet.TypeNameTest to /tmp/Ex2Amplifier-experiments/target/dspot/tmp_test_sources
[90371] DEBUG Launcher - building sources: [/tmp/Ex2Amplifier-experiments/target/dspot/tmp_test_sources/com/squareup/javapoet/TypeNameTest.java]
[90373] DEBUG Launcher - build args: [-encoding, UTF-8, -cp, /home/spirals/danglot/.m2/repository/com/google/truth/truth/0.28/truth-0.28.jar:/home/spirals/danglot/.m2/repository/com/google/guava/guava/18.0/guava-18.0.jar:/home/spirals/danglot/.m2/repository/com/google/testing/compile/compile-testing/0.9/compile-testing-0.9.jar:/home/spirals/danglot/jdk1.8.0_121/jre/../lib/tools.jar:/home/spirals/danglot/.m2/repository/junit/junit/4.12/junit-4.12.jar:/home/spirals/danglot/.m2/repository/org/hamcrest/hamcrest-core/1.3/hamcrest-core-1.3.jar:/home/spirals/danglot/.m2/repository/com/google/jimfs/jimfs/1.0/jimfs-1.0.jar:/home/spirals/danglot/.m2/repository/org/mockito/mockito-core/1.10.16/mockito-core-1.10.16.jar:/home/spirals/danglot/.m2/repository/org/objenesis/objenesis/2.1/objenesis-2.1.jar:/home/spirals/danglot/.m2/repository/org/eclipse/jdt/core/compiler/ecj/4.4.2/ecj-4.4.2.jar:target/dspot/dependencies/:dataset/may-2018/javapoet/562_modified//target/classes:dataset/may-2018/javapoet/562_modified//target/test-classes:, -1.8, -preserveAllLocals, -noExit, -enableJavadoc, /tmp/Ex2Amplifier-experiments/target/dspot/tmp_test_sources/com/squareup/javapoet/TypeNameTest.java]
[90499] DEBUG Launcher - built in 128 ms
[90499] DEBUG Launcher - building templates: []
[90499] DEBUG Launcher - built in 0 ms
[90527] DEBUG Launcher - model built in 156
[90527] DEBUG Launcher - compiling sources: [/tmp/Ex2Amplifier-experiments/target/dspot/tmp_test_sources/com/squareup/javapoet/TypeNameTest.java]
[90536] DEBUG Launcher - compile args: [-encoding, UTF-8, -cp, /home/spirals/danglot/.m2/repository/com/google/truth/truth/0.28/truth-0.28.jar:/home/spirals/danglot/.m2/repository/com/google/guava/guava/18.0/guava-18.0.jar:/home/spirals/danglot/.m2/repository/com/google/testing/compile/compile-testing/0.9/compile-testing-0.9.jar:/home/spirals/danglot/jdk1.8.0_121/jre/../lib/tools.jar:/home/spirals/danglot/.m2/repository/junit/junit/4.12/junit-4.12.jar:/home/spirals/danglot/.m2/repository/org/hamcrest/hamcrest-core/1.3/hamcrest-core-1.3.jar:/home/spirals/danglot/.m2/repository/com/google/jimfs/jimfs/1.0/jimfs-1.0.jar:/home/spirals/danglot/.m2/repository/org/mockito/mockito-core/1.10.16/mockito-core-1.10.16.jar:/home/spirals/danglot/.m2/repository/org/objenesis/objenesis/2.1/objenesis-2.1.jar:/home/spirals/danglot/.m2/repository/org/eclipse/jdt/core/compiler/ecj/4.4.2/ecj-4.4.2.jar:target/dspot/dependencies/:dataset/may-2018/javapoet/562_modified//target/classes:dataset/may-2018/javapoet/562_modified//target/test-classes:, -d, /tmp/Ex2Amplifier-experiments/dataset/may-2018/javapoet/562/target/test-classes, -1.8, -proc:none, -preserveAllLocals, -noExit, -enableJavadoc, /tmp/Ex2Amplifier-experiments/target/dspot/tmp_test_sources/com/squareup/javapoet/TypeNameTest.java]
[94918] DEBUG Launcher - compiled in 4391 ms
[95397] INFO Amplification - 0 amplified test(s) has been selected, global: 0
[95397] INFO DSpot - elapsedTime 13001
======= REPORT =======
0 amplified test fails on the new versions.

[95919] INFO DSpot - Print AmplTypeNameTest with 0?amplified test cases in results/may-2018/javapoet/562_modified/A_ampl
[95919] DEBUG Launcher - printing com.squareup.javapoet.AmplTypeNameTest to /tmp/Ex2Amplifier-experiments/results/may-2018/javapoet/562_modified/A_ampl
[96111] INFO Amplification - amplification of com.squareup.javapoet.ClassNameTest (5 test(s))
[96118] DEBUG Launcher - printing com.squareup.javapoet.ClassNameTest to /tmp/Ex2Amplifier-experiments/target/dspot/tmp_test_sources
[96129] WARN Launcher - cannot load class: com.squareup.javapoet.ClassNameTest with class loader sun.misc.Launcher$AppClassLoader@55f96302
[96130] WARN Launcher - cannot load class: com.squareup.javapoet.ClassNameTest with class loader sun.misc.Launcher$AppClassLoader@55f96302
[96131] WARN Launcher - cannot load class: com.squareup.javapoet.ClassNameTest with class loader sun.misc.Launcher$AppClassLoader@55f96302
[96134] WARN Launcher - cannot load class: com.squareup.javapoet.ClassNameTest with class loader sun.misc.Launcher$AppClassLoader@55f96302
[96134] WARN Launcher - cannot load class: com.squareup.javapoet.ClassNameTest with class loader sun.misc.Launcher$AppClassLoader@55f96302
[96135] WARN Launcher - cannot load class: com.squareup.javapoet.ClassNameTest with class loader sun.misc.Launcher$AppClassLoader@55f96302
[96146] WARN Launcher - cannot load class: com.squareup.javapoet.ClassNameTest with class loader sun.misc.Launcher$AppClassLoader@55f96302
[96151] WARN Launcher - cannot load class: com.squareup.javapoet.ClassNameTest with class loader sun.misc.Launcher$AppClassLoader@55f96302
[97450] INFO Amplification - Try to add assertions before amplification
[97576] INFO AssertGenerator - Run tests. (5)
[97580] DEBUG Launcher - printing com.squareup.javapoet.ClassNameTest to /tmp/Ex2Amplifier-experiments/target/dspot/tmp_test_sources
[97583] WARN Launcher - cannot load class: com.squareup.javapoet.ClassNameTest with class loader sun.misc.Launcher$AppClassLoader@55f96302
[97583] WARN Launcher - cannot load class: com.squareup.javapoet.ClassNameTest with class loader sun.misc.Launcher$AppClassLoader@55f96302
[97584] WARN Launcher - cannot load class: com.squareup.javapoet.ClassNameTest with class loader sun.misc.Launcher$AppClassLoader@55f96302
[97588] WARN Launcher - cannot load class: com.squareup.javapoet.ClassNameTest with class loader sun.misc.Launcher$AppClassLoader@55f96302
[98965] INFO AssertGenerator - 5 test pass, generating assertion...
[98967] INFO MethodsAssertGenerator - Add observations points in passing tests.
[98967] INFO MethodsAssertGenerator - Instrumentation...
 20% |========== ]/ 40% |==================== ]- 60% |============================== ]\ 80% |======================================== ]|100% |================================================== ]/
[98975] INFO MethodsAssertGenerator - Run instrumented tests. (15)
[98982] DEBUG Launcher - printing com.squareup.javapoet.ClassNameTest to /tmp/Ex2Amplifier-experiments/target/dspot/tmp_test_sources
[98985] WARN Launcher - cannot load class: com.squareup.javapoet.ClassNameTest with class loader sun.misc.Launcher$AppClassLoader@55f96302
[98985] WARN Launcher - cannot load class: com.squareup.javapoet.ClassNameTest with class loader sun.misc.Launcher$AppClassLoader@55f96302
[98986] WARN Launcher - cannot load class: com.squareup.javapoet.ClassNameTest with class loader sun.misc.Launcher$AppClassLoader@55f96302
[98988] WARN Launcher - cannot load class: com.squareup.javapoet.ClassNameTest with class loader sun.misc.Launcher$AppClassLoader@55f96302
[98988] WARN Launcher - cannot load class: com.squareup.javapoet.ClassNameTest with class loader sun.misc.Launcher$AppClassLoader@55f96302
[98989] WARN Launcher - cannot load class: com.squareup.javapoet.ClassNameTest with class loader sun.misc.Launcher$AppClassLoader@55f96302
[98990] WARN Launcher - cannot load class: com.squareup.javapoet.ClassNameTest with class loader sun.misc.Launcher$AppClassLoader@55f96302
[98991] WARN Launcher - cannot load class: com.squareup.javapoet.ClassNameTest with class loader sun.misc.Launcher$AppClassLoader@55f96302
[98991] WARN Launcher - cannot load class: com.squareup.javapoet.ClassNameTest with class loader sun.misc.Launcher$AppClassLoader@55f96302
[98993] WARN Launcher - cannot load class: com.squareup.javapoet.ClassNameTest with class loader sun.misc.Launcher$AppClassLoader@55f96302
[98994] WARN Launcher - cannot load class: com.squareup.javapoet.ClassNameTest with class loader sun.misc.Launcher$AppClassLoader@55f96302
[98994] WARN Launcher - cannot load class: com.squareup.javapoet.ClassNameTest with class loader sun.misc.Launcher$AppClassLoader@55f96302
[98999] WARN Launcher - cannot load class: com.squareup.javapoet.ClassNameTest with class loader sun.misc.Launcher$AppClassLoader@55f96302
[99002] WARN Launcher - cannot load class: com.squareup.javapoet.ClassNameTest with class loader sun.misc.Launcher$AppClassLoader@55f96302
[99005] WARN Launcher - cannot load class: com.squareup.javapoet.ClassNameTest with class loader sun.misc.Launcher$AppClassLoader@55f96302
[99009] WARN Launcher - cannot load class: com.squareup.javapoet.ClassNameTest with class loader sun.misc.Launcher$AppClassLoader@55f96302
[102392] INFO MethodsAssertGenerator - Generating assertions...
[102412] INFO AssertGenerator - 2 new tests with assertions generated
[102420] DEBUG Launcher - printing com.squareup.javapoet.ClassNameTest to /tmp/Ex2Amplifier-experiments/target/dspot/tmp_test_sources
[102422] WARN Launcher - cannot load class: com.squareup.javapoet.ClassNameTest with class loader sun.misc.Launcher$AppClassLoader@55f96302
[102423] WARN Launcher - cannot load class: com.squareup.javapoet.ClassNameTest with class loader sun.misc.Launcher$AppClassLoader@55f96302
[102423] WARN Launcher - cannot load class: com.squareup.javapoet.ClassNameTest with class loader sun.misc.Launcher$AppClassLoader@55f96302
[102425] WARN Launcher - cannot load class: com.squareup.javapoet.ClassNameTest with class loader sun.misc.Launcher$AppClassLoader@55f96302
[102426] WARN Launcher - cannot load class: com.squareup.javapoet.ClassNameTest with class loader sun.misc.Launcher$AppClassLoader@55f96302
[102426] WARN Launcher - cannot load class: com.squareup.javapoet.ClassNameTest with class loader sun.misc.Launcher$AppClassLoader@55f96302
[102516] WARN Launcher - cannot load class: com.squareup.javapoet.ClassNameTest with class loader sun.misc.Launcher$AppClassLoader@55f96302
[102522] WARN Launcher - cannot load class: com.squareup.javapoet.ClassNameTest with class loader sun.misc.Launcher$AppClassLoader@55f96302
[103847] DEBUG Launcher - printing com.squareup.javapoet.ClassNameTest to /tmp/Ex2Amplifier-experiments/target/dspot/tmp_test_sources
[103946] DEBUG Launcher - building sources: [/tmp/Ex2Amplifier-experiments/target/dspot/tmp_test_sources/com/squareup/javapoet/ClassNameTest.java]
[103947] DEBUG Launcher - build args: [-encoding, UTF-8, -cp, /home/spirals/danglot/.m2/repository/com/google/truth/truth/0.28/truth-0.28.jar:/home/spirals/danglot/.m2/repository/com/google/guava/guava/18.0/guava-18.0.jar:/home/spirals/danglot/.m2/repository/com/google/testing/compile/compile-testing/0.9/compile-testing-0.9.jar:/home/spirals/danglot/jdk1.8.0_121/jre/../lib/tools.jar:/home/spirals/danglot/.m2/repository/junit/junit/4.12/junit-4.12.jar:/home/spirals/danglot/.m2/repository/org/hamcrest/hamcrest-core/1.3/hamcrest-core-1.3.jar:/home/spirals/danglot/.m2/repository/com/google/jimfs/jimfs/1.0/jimfs-1.0.jar:/home/spirals/danglot/.m2/repository/org/mockito/mockito-core/1.10.16/mockito-core-1.10.16.jar:/home/spirals/danglot/.m2/repository/org/objenesis/objenesis/2.1/objenesis-2.1.jar:/home/spirals/danglot/.m2/repository/org/eclipse/jdt/core/compiler/ecj/4.4.2/ecj-4.4.2.jar:target/dspot/dependencies/:dataset/may-2018/javapoet/562_modified//target/classes:dataset/may-2018/javapoet/562_modified//target/test-classes:, -1.8, -preserveAllLocals, -noExit, -enableJavadoc, /tmp/Ex2Amplifier-experiments/target/dspot/tmp_test_sources/com/squareup/javapoet/ClassNameTest.java]
[104014] DEBUG Launcher - built in 68 ms
[104014] DEBUG Launcher - building templates: []
[104014] DEBUG Launcher - built in 0 ms
[104016] DEBUG Launcher - model built in 70
[104016] DEBUG Launcher - compiling sources: [/tmp/Ex2Amplifier-experiments/target/dspot/tmp_test_sources/com/squareup/javapoet/ClassNameTest.java]
[104019] DEBUG Launcher - compile args: [-encoding, UTF-8, -cp, /home/spirals/danglot/.m2/repository/com/google/truth/truth/0.28/truth-0.28.jar:/home/spirals/danglot/.m2/repository/com/google/guava/guava/18.0/guava-18.0.jar:/home/spirals/danglot/.m2/repository/com/google/testing/compile/compile-testing/0.9/compile-testing-0.9.jar:/home/spirals/danglot/jdk1.8.0_121/jre/../lib/tools.jar:/home/spirals/danglot/.m2/repository/junit/junit/4.12/junit-4.12.jar:/home/spirals/danglot/.m2/repository/org/hamcrest/hamcrest-core/1.3/hamcrest-core-1.3.jar:/home/spirals/danglot/.m2/repository/com/google/jimfs/jimfs/1.0/jimfs-1.0.jar:/home/spirals/danglot/.m2/repository/org/mockito/mockito-core/1.10.16/mockito-core-1.10.16.jar:/home/spirals/danglot/.m2/repository/org/objenesis/objenesis/2.1/objenesis-2.1.jar:/home/spirals/danglot/.m2/repository/org/eclipse/jdt/core/compiler/ecj/4.4.2/ecj-4.4.2.jar:target/dspot/dependencies/:dataset/may-2018/javapoet/562_modified//target/classes:dataset/may-2018/javapoet/562_modified//target/test-classes:, -d, /tmp/Ex2Amplifier-experiments/dataset/may-2018/javapoet/562/target/test-classes, -1.8, -proc:none, -preserveAllLocals, -noExit, -enableJavadoc, /tmp/Ex2Amplifier-experiments/target/dspot/tmp_test_sources/com/squareup/javapoet/ClassNameTest.java]
[105006] DEBUG Launcher - compiled in 990 ms
[106044] INFO Amplification - 0 amplified test(s) has been selected, global: 0
[106044] INFO DSpot - elapsedTime 10026
======= REPORT =======
0 amplified test fails on the new versions.

[106157] INFO DSpot - Print AmplClassNameTest with 0?amplified test cases in results/may-2018/javapoet/562_modified/A_ampl
[106157] DEBUG Launcher - printing com.squareup.javapoet.AmplClassNameTest to /tmp/Ex2Amplifier-experiments/results/may-2018/javapoet/562_modified/A_ampl
[106980] INFO Amplification - amplification of com.squareup.javapoet.AbstractTypesTest (6 test(s))
[106990] DEBUG Launcher - printing com.squareup.javapoet.AbstractTypesTest to /tmp/Ex2Amplifier-experiments/target/dspot/tmp_test_sources
[110733] INFO Amplification - Try to add assertions before amplification
[111177] INFO AssertGenerator - Run tests. (6)
[111182] DEBUG Launcher - printing com.squareup.javapoet.AbstractTypesTest to /tmp/Ex2Amplifier-experiments/target/dspot/tmp_test_sources
[114873] INFO AssertGenerator - 12 test pass, generating assertion...
[114878] INFO MethodsAssertGenerator - Add observations points in passing tests.
[114878] INFO MethodsAssertGenerator - Instrumentation...
 16% |======== ]/ 33% |================ ]- 50% |========================= ]\ 66% |================================= ]| 83% |========================================= ]/100% |================================================== ]-
[114894] INFO MethodsAssertGenerator - Run instrumented tests. (18)
[114906] DEBUG Launcher - printing com.squareup.javapoet.AbstractTypesTest to /tmp/Ex2Amplifier-experiments/target/dspot/tmp_test_sources
[139750] INFO MethodsAssertGenerator - Generating assertions...
[139904] INFO AssertGenerator - 6 new tests with assertions generated
[139941] DEBUG Launcher - printing com.squareup.javapoet.AbstractTypesTest to /tmp/Ex2Amplifier-experiments/target/dspot/tmp_test_sources
[145626] DEBUG Launcher - printing com.squareup.javapoet.AbstractTypesTest to /tmp/Ex2Amplifier-experiments/target/dspot/tmp_test_sources
[146415] DEBUG Launcher - building sources: [/tmp/Ex2Amplifier-experiments/target/dspot/tmp_test_sources/com/squareup/javapoet/AbstractTypesTest.java]
[146417] DEBUG Launcher - build args: [-encoding, UTF-8, -cp, /home/spirals/danglot/.m2/repository/com/google/truth/truth/0.28/truth-0.28.jar:/home/spirals/danglot/.m2/repository/com/google/guava/guava/18.0/guava-18.0.jar:/home/spirals/danglot/.m2/repository/com/google/testing/compile/compile-testing/0.9/compile-testing-0.9.jar:/home/spirals/danglot/jdk1.8.0_121/jre/../lib/tools.jar:/home/spirals/danglot/.m2/repository/junit/junit/4.12/junit-4.12.jar:/home/spirals/danglot/.m2/repository/org/hamcrest/hamcrest-core/1.3/hamcrest-core-1.3.jar:/home/spirals/danglot/.m2/repository/com/google/jimfs/jimfs/1.0/jimfs-1.0.jar:/home/spirals/danglot/.m2/repository/org/mockito/mockito-core/1.10.16/mockito-core-1.10.16.jar:/home/spirals/danglot/.m2/repository/org/objenesis/objenesis/2.1/objenesis-2.1.jar:/home/spirals/danglot/.m2/repository/org/eclipse/jdt/core/compiler/ecj/4.4.2/ecj-4.4.2.jar:target/dspot/dependencies/:dataset/may-2018/javapoet/562_modified//target/classes:dataset/may-2018/javapoet/562_modified//target/test-classes:, -1.8, -preserveAllLocals, -noExit, -enableJavadoc, /tmp/Ex2Amplifier-experiments/target/dspot/tmp_test_sources/com/squareup/javapoet/AbstractTypesTest.java]
[146581] DEBUG Launcher - built in 166 ms
[146582] DEBUG Launcher - building templates: []
[146582] DEBUG Launcher - built in 0 ms
[146602] DEBUG Launcher - model built in 187
[146602] DEBUG Launcher - compiling sources: [/tmp/Ex2Amplifier-experiments/target/dspot/tmp_test_sources/com/squareup/javapoet/AbstractTypesTest.java]
[146630] DEBUG Launcher - compile args: [-encoding, UTF-8, -cp, /home/spirals/danglot/.m2/repository/com/google/truth/truth/0.28/truth-0.28.jar:/home/spirals/danglot/.m2/repository/com/google/guava/guava/18.0/guava-18.0.jar:/home/spirals/danglot/.m2/repository/com/google/testing/compile/compile-testing/0.9/compile-testing-0.9.jar:/home/spirals/danglot/jdk1.8.0_121/jre/../lib/tools.jar:/home/spirals/danglot/.m2/repository/junit/junit/4.12/junit-4.12.jar:/home/spirals/danglot/.m2/repository/org/hamcrest/hamcrest-core/1.3/hamcrest-core-1.3.jar:/home/spirals/danglot/.m2/repository/com/google/jimfs/jimfs/1.0/jimfs-1.0.jar:/home/spirals/danglot/.m2/repository/org/mockito/mockito-core/1.10.16/mockito-core-1.10.16.jar:/home/spirals/danglot/.m2/repository/org/objenesis/objenesis/2.1/objenesis-2.1.jar:/home/spirals/danglot/.m2/repository/org/eclipse/jdt/core/compiler/ecj/4.4.2/ecj-4.4.2.jar:target/dspot/dependencies/:dataset/may-2018/javapoet/562_modified//target/classes:dataset/may-2018/javapoet/562_modified//target/test-classes:, -d, /tmp/Ex2Amplifier-experiments/dataset/may-2018/javapoet/562/target/test-classes, -1.8, -proc:none, -preserveAllLocals, -noExit, -enableJavadoc, /tmp/Ex2Amplifier-experiments/target/dspot/tmp_test_sources/com/squareup/javapoet/AbstractTypesTest.java]
[155998] DEBUG Launcher - compiled in 9396 ms
[156418] INFO Amplification - 6 amplified test(s) has been selected, global: 6
[156418] INFO DSpot - elapsedTime 49847
======= REPORT =======
6 amplified test fails on the new versions.
getTypeVariableTypeMirror(com.squareup.javapoet.AbstractTypesTest): null
getBasicTypeMirror(com.squareup.javapoet.AbstractTypesTest): null
unbox(com.squareup.javapoet.AbstractTypesTest): null
getParameterizedTypeMirror(com.squareup.javapoet.AbstractTypesTest): null
box(com.squareup.javapoet.AbstractTypesTest): null
getErrorType(com.squareup.javapoet.AbstractTypesTest): null

[157460] INFO DSpot - Print AmplAbstractTypesTest with 6?amplified test cases in results/may-2018/javapoet/562_modified/A_ampl
[157460] DEBUG Launcher - printing com.squareup.javapoet.AmplAbstractTypesTest to /tmp/Ex2Amplifier-experiments/results/may-2018/javapoet/562_modified/A_ampl
[158412] INFO Amplification - amplification of com.squareup.javapoet.AnnotatedTypeNameTest (2 test(s))
[158418] DEBUG Launcher - printing com.squareup.javapoet.AnnotatedTypeNameTest to /tmp/Ex2Amplifier-experiments/target/dspot/tmp_test_sources
[158940] INFO Amplification - Try to add assertions before amplification
[159051] INFO AssertGenerator - Run tests. (2)
[159055] DEBUG Launcher - printing com.squareup.javapoet.AnnotatedTypeNameTest to /tmp/Ex2Amplifier-experiments/target/dspot/tmp_test_sources
[159582] INFO AssertGenerator - 2 test pass, generating assertion...
[159585] INFO MethodsAssertGenerator - Add observations points in passing tests.
[159585] INFO MethodsAssertGenerator - Instrumentation...
 50% |========================= ]/100% |================================================== ]-
[159590] INFO MethodsAssertGenerator - Run instrumented tests. (6)
[159597] DEBUG Launcher - printing com.squareup.javapoet.AnnotatedTypeNameTest to /tmp/Ex2Amplifier-experiments/target/dspot/tmp_test_sources
[162747] INFO MethodsAssertGenerator - Generating assertions...
[162777] INFO AssertGenerator - 2 new tests with assertions generated
[162787] DEBUG Launcher - printing com.squareup.javapoet.AnnotatedTypeNameTest to /tmp/Ex2Amplifier-experiments/target/dspot/tmp_test_sources
[163733] DEBUG Launcher - printing com.squareup.javapoet.AnnotatedTypeNameTest to /tmp/Ex2Amplifier-experiments/target/dspot/tmp_test_sources
[163892] DEBUG Launcher - building sources: [/tmp/Ex2Amplifier-experiments/target/dspot/tmp_test_sources/com/squareup/javapoet/AnnotatedTypeNameTest.java]
[163893] DEBUG Launcher - build args: [-encoding, UTF-8, -cp, /home/spirals/danglot/.m2/repository/com/google/truth/truth/0.28/truth-0.28.jar:/home/spirals/danglot/.m2/repository/com/google/guava/guava/18.0/guava-18.0.jar:/home/spirals/danglot/.m2/repository/com/google/testing/compile/compile-testing/0.9/compile-testing-0.9.jar:/home/spirals/danglot/jdk1.8.0_121/jre/../lib/tools.jar:/home/spirals/danglot/.m2/repository/junit/junit/4.12/junit-4.12.jar:/home/spirals/danglot/.m2/repository/org/hamcrest/hamcrest-core/1.3/hamcrest-core-1.3.jar:/home/spirals/danglot/.m2/repository/com/google/jimfs/jimfs/1.0/jimfs-1.0.jar:/home/spirals/danglot/.m2/repository/org/mockito/mockito-core/1.10.16/mockito-core-1.10.16.jar:/home/spirals/danglot/.m2/repository/org/objenesis/objenesis/2.1/objenesis-2.1.jar:/home/spirals/danglot/.m2/repository/org/eclipse/jdt/core/compiler/ecj/4.4.2/ecj-4.4.2.jar:target/dspot/dependencies/:dataset/may-2018/javapoet/562_modified//target/classes:dataset/may-2018/javapoet/562_modified//target/test-classes:, -1.8, -preserveAllLocals, -noExit, -enableJavadoc, /tmp/Ex2Amplifier-experiments/target/dspot/tmp_test_sources/com/squareup/javapoet/AnnotatedTypeNameTest.java]
[163970] DEBUG Launcher - built in 78 ms
[163971] DEBUG Launcher - building templates: []
[163971] DEBUG Launcher - built in 0 ms
[163975] DEBUG Launcher - model built in 83
[163975] DEBUG Launcher - compiling sources: [/tmp/Ex2Amplifier-experiments/target/dspot/tmp_test_sources/com/squareup/javapoet/AnnotatedTypeNameTest.java]
[163980] DEBUG Launcher - compile args: [-encoding, UTF-8, -cp, /home/spirals/danglot/.m2/repository/com/google/truth/truth/0.28/truth-0.28.jar:/home/spirals/danglot/.m2/repository/com/google/guava/guava/18.0/guava-18.0.jar:/home/spirals/danglot/.m2/repository/com/google/testing/compile/compile-testing/0.9/compile-testing-0.9.jar:/home/spirals/danglot/jdk1.8.0_121/jre/../lib/tools.jar:/home/spirals/danglot/.m2/repository/junit/junit/4.12/junit-4.12.jar:/home/spirals/danglot/.m2/repository/org/hamcrest/hamcrest-core/1.3/hamcrest-core-1.3.jar:/home/spirals/danglot/.m2/repository/com/google/jimfs/jimfs/1.0/jimfs-1.0.jar:/home/spirals/danglot/.m2/repository/org/mockito/mockito-core/1.10.16/mockito-core-1.10.16.jar:/home/spirals/danglot/.m2/repository/org/objenesis/objenesis/2.1/objenesis-2.1.jar:/home/spirals/danglot/.m2/repository/org/eclipse/jdt/core/compiler/ecj/4.4.2/ecj-4.4.2.jar:target/dspot/dependencies/:dataset/may-2018/javapoet/562_modified//target/classes:dataset/may-2018/javapoet/562_modified//target/test-classes:, -d, /tmp/Ex2Amplifier-experiments/dataset/may-2018/javapoet/562/target/test-classes, -1.8, -proc:none, -preserveAllLocals, -noExit, -enableJavadoc, /tmp/Ex2Amplifier-experiments/target/dspot/tmp_test_sources/com/squareup/javapoet/AnnotatedTypeNameTest.java]
[165518] DEBUG Launcher - compiled in 1543 ms
[165977] INFO Amplification - -6 amplified test(s) has been selected, global: 0
[165977] INFO DSpot - elapsedTime 7649
======= REPORT =======
0 amplified test fails on the new versions.

[166203] INFO DSpot - Print AmplAnnotatedTypeNameTest with 0?amplified test cases in results/may-2018/javapoet/562_modified/A_ampl
[166203] DEBUG Launcher - printing com.squareup.javapoet.AmplAnnotatedTypeNameTest to /tmp/Ex2Amplifier-experiments/results/may-2018/javapoet/562_modified/A_ampl
