SLF4J: Class path contains multiple SLF4J bindings.
SLF4J: Found binding in [jar:file:/home/spirals/danglot/.m2/repository/eu/stamp-project/test-runner/1.0.5/test-runner-1.0.5-jar-with-dependencies.jar!/org/slf4j/impl/StaticLoggerBinder.class]
SLF4J: Found binding in [jar:file:/home/spirals/danglot/.m2/repository/org/slf4j/slf4j-log4j12/1.7.25/slf4j-log4j12-1.7.25.jar!/org/slf4j/impl/StaticLoggerBinder.class]
SLF4J: See http://www.slf4j.org/codes.html#multiple_bindings for an explanation.
SLF4J: Actual binding is of type [org.slf4j.impl.Log4jLoggerFactory]
Exception in thread "main" java.lang.RuntimeException: java.lang.RuntimeException: java.lang.RuntimeException: java.io.IOException: Cannot run program "git" (in directory "dataset/may-2018/javapoet/550_modified"): error=2, No such file or directory
	at eu.stamp.project.Main.main(Main.java:96)
Caused by: java.lang.RuntimeException: java.lang.RuntimeException: java.io.IOException: Cannot run program "git" (in directory "dataset/may-2018/javapoet/550_modified"): error=2, No such file or directory
	at eu.stamp.project.Main.lambda$run$2(Main.java:152)
	at java.util.stream.ForEachOps$ForEachOp$OfRef.accept(ForEachOps.java:184)
	at java.util.stream.ReferencePipeline$2$1.accept(ReferencePipeline.java:175)
	at java.util.ArrayList$ArrayListSpliterator.forEachRemaining(ArrayList.java:1374)
	at java.util.stream.AbstractPipeline.copyInto(AbstractPipeline.java:481)
	at java.util.stream.AbstractPipeline.wrapAndCopyInto(AbstractPipeline.java:471)
	at java.util.stream.ForEachOps$ForEachOp.evaluateSequential(ForEachOps.java:151)
	at java.util.stream.ForEachOps$ForEachOp$OfRef.evaluateSequential(ForEachOps.java:174)
	at java.util.stream.AbstractPipeline.evaluate(AbstractPipeline.java:234)
	at java.util.stream.ReferencePipeline.forEach(ReferencePipeline.java:418)
	at eu.stamp.project.Main.run(Main.java:117)
	at eu.stamp.project.Main.main(Main.java:88)
Caused by: java.lang.RuntimeException: java.io.IOException: Cannot run program "git" (in directory "dataset/may-2018/javapoet/550_modified"): error=2, No such file or directory
	at eu.stamp.project.InputConfigurationManager.getModule(InputConfigurationManager.java:84)
	at eu.stamp.project.InputConfigurationManager.setupConfiguration(InputConfigurationManager.java:67)
	at eu.stamp.project.Main.lambda$run$2(Main.java:119)
	... 11 more
Caused by: java.io.IOException: Cannot run program "git" (in directory "dataset/may-2018/javapoet/550_modified"): error=2, No such file or directory
	at java.lang.ProcessBuilder.start(ProcessBuilder.java:1048)
	at java.lang.Runtime.exec(Runtime.java:620)
	at java.lang.Runtime.exec(Runtime.java:450)
	at eu.stamp.project.InputConfigurationManager.getModule(InputConfigurationManager.java:78)
	... 13 more
Caused by: java.io.IOException: error=2, No such file or directory
	at java.lang.UNIXProcess.forkAndExec(Native Method)
	at java.lang.UNIXProcess.<init>(UNIXProcess.java:247)
	at java.lang.ProcessImpl.start(ProcessImpl.java:134)
	at java.lang.ProcessBuilder.start(ProcessBuilder.java:1029)
	... 16 more
SLF4J: Class path contains multiple SLF4J bindings.
SLF4J: Found binding in [jar:file:/home/spirals/danglot/.m2/repository/eu/stamp-project/test-runner/1.0.5/test-runner-1.0.5-jar-with-dependencies.jar!/org/slf4j/impl/StaticLoggerBinder.class]
SLF4J: Found binding in [jar:file:/home/spirals/danglot/.m2/repository/org/slf4j/slf4j-log4j12/1.7.25/slf4j-log4j12-1.7.25.jar!/org/slf4j/impl/StaticLoggerBinder.class]
SLF4J: See http://www.slf4j.org/codes.html#multiple_bindings for an explanation.
SLF4J: Actual binding is of type [org.slf4j.impl.Log4jLoggerFactory]
Exception in thread "main" java.lang.RuntimeException: java.lang.RuntimeException: java.lang.RuntimeException: java.io.IOException: Cannot run program "git" (in directory "dataset/may-2018/javapoet/550_modified"): error=2, No such file or directory
	at eu.stamp.project.Main.main(Main.java:96)
Caused by: java.lang.RuntimeException: java.lang.RuntimeException: java.io.IOException: Cannot run program "git" (in directory "dataset/may-2018/javapoet/550_modified"): error=2, No such file or directory
	at eu.stamp.project.Main.lambda$run$2(Main.java:152)
	at java.util.stream.ForEachOps$ForEachOp$OfRef.accept(ForEachOps.java:184)
	at java.util.stream.ReferencePipeline$2$1.accept(ReferencePipeline.java:175)
	at java.util.ArrayList$ArrayListSpliterator.forEachRemaining(ArrayList.java:1374)
	at java.util.stream.AbstractPipeline.copyInto(AbstractPipeline.java:481)
	at java.util.stream.AbstractPipeline.wrapAndCopyInto(AbstractPipeline.java:471)
	at java.util.stream.ForEachOps$ForEachOp.evaluateSequential(ForEachOps.java:151)
	at java.util.stream.ForEachOps$ForEachOp$OfRef.evaluateSequential(ForEachOps.java:174)
	at java.util.stream.AbstractPipeline.evaluate(AbstractPipeline.java:234)
	at java.util.stream.ReferencePipeline.forEach(ReferencePipeline.java:418)
	at eu.stamp.project.Main.run(Main.java:117)
	at eu.stamp.project.Main.main(Main.java:88)
Caused by: java.lang.RuntimeException: java.io.IOException: Cannot run program "git" (in directory "dataset/may-2018/javapoet/550_modified"): error=2, No such file or directory
	at eu.stamp.project.InputConfigurationManager.getModule(InputConfigurationManager.java:84)
	at eu.stamp.project.InputConfigurationManager.setupConfiguration(InputConfigurationManager.java:67)
	at eu.stamp.project.Main.lambda$run$2(Main.java:119)
	... 11 more
Caused by: java.io.IOException: Cannot run program "git" (in directory "dataset/may-2018/javapoet/550_modified"): error=2, No such file or directory
	at java.lang.ProcessBuilder.start(ProcessBuilder.java:1048)
	at java.lang.Runtime.exec(Runtime.java:620)
	at java.lang.Runtime.exec(Runtime.java:450)
	at eu.stamp.project.InputConfigurationManager.getModule(InputConfigurationManager.java:78)
	... 13 more
Caused by: java.io.IOException: error=2, No such file or directory
	at java.lang.UNIXProcess.forkAndExec(Native Method)
	at java.lang.UNIXProcess.<init>(UNIXProcess.java:247)
	at java.lang.ProcessImpl.start(ProcessImpl.java:134)
	at java.lang.ProcessBuilder.start(ProcessBuilder.java:1029)
	... 16 more
SLF4J: Class path contains multiple SLF4J bindings.
SLF4J: Found binding in [jar:file:/home/spirals/danglot/.m2/repository/eu/stamp-project/test-runner/1.0.5/test-runner-1.0.5-jar-with-dependencies.jar!/org/slf4j/impl/StaticLoggerBinder.class]
SLF4J: Found binding in [jar:file:/home/spirals/danglot/.m2/repository/org/slf4j/slf4j-log4j12/1.7.25/slf4j-log4j12-1.7.25.jar!/org/slf4j/impl/StaticLoggerBinder.class]
SLF4J: See http://www.slf4j.org/codes.html#multiple_bindings for an explanation.
SLF4J: Actual binding is of type [org.slf4j.impl.Log4jLoggerFactory]
[0] WARN AutomaticBuilderFactory - No automatic builder specified in configuration, going to default.
[0] INFO AutomaticBuilderFactory - Default: provided Maven automatic builder.
[13] INFO MavenAutomaticBuilder - run maven clean test -DskipTests dependency:build-classpath -Dmdep.outputFile=target/dspot/classpath
[WARN] Maven will be executed in interactive mode, but no input stream has been configured for this MavenInvoker instance.
[INFO] Scanning for projects...
[INFO]                                                                         
[INFO] ------------------------------------------------------------------------
[INFO] Building JavaPoet 1.9.0-SNAPSHOT
[INFO] ------------------------------------------------------------------------
[INFO] 
[INFO] --- maven-clean-plugin:2.5:clean (default-clean) @ javapoet ---
[INFO] Deleting /tmp/Ex2Amplifier-experiments/dataset/may-2018/javapoet/550_modified/target
[INFO] 
[INFO] --- maven-enforcer-plugin:1.0:enforce (enforce-maven) @ javapoet ---
[INFO] Skipping Rule Enforcement.
[INFO] 
[INFO] --- maven-resources-plugin:2.6:resources (default-resources) @ javapoet ---
[INFO] Using 'UTF-8' encoding to copy filtered resources.
[INFO] skip non existing resourceDirectory /tmp/Ex2Amplifier-experiments/dataset/may-2018/javapoet/550_modified/src/main/resources
[INFO] 
[INFO] --- maven-compiler-plugin:3.6.1:compile (default-compile) @ javapoet ---
[INFO] Changes detected - recompiling the module!
[INFO] Compiling 17 source files to /tmp/Ex2Amplifier-experiments/dataset/may-2018/javapoet/550_modified/target/classes
[INFO] 
[INFO] --- maven-resources-plugin:2.6:testResources (default-testResources) @ javapoet ---
[INFO] Using 'UTF-8' encoding to copy filtered resources.
[INFO] skip non existing resourceDirectory /tmp/Ex2Amplifier-experiments/dataset/may-2018/javapoet/550_modified/src/test/resources
[INFO] 
[INFO] --- maven-compiler-plugin:3.6.1:testCompile (default-testCompile) @ javapoet ---
[INFO] Changes detected - recompiling the module!
[INFO] Compiling 19 source files to /tmp/Ex2Amplifier-experiments/dataset/may-2018/javapoet/550_modified/target/test-classes
[INFO] 
[INFO] --- maven-surefire-plugin:2.12.4:test (default-test) @ javapoet ---
[INFO] Tests are skipped.
[INFO] 
[INFO] --- maven-dependency-plugin:2.8:build-classpath (default-cli) @ javapoet ---
[INFO] Wrote classpath file '/tmp/Ex2Amplifier-experiments/dataset/may-2018/javapoet/550_modified/target/dspot/classpath'.
[INFO] ------------------------------------------------------------------------
[INFO] BUILD SUCCESS
[INFO] ------------------------------------------------------------------------
[INFO] Total time: 8.230 s
[INFO] Finished at: 2018-05-15T16:27:39+02:00
[INFO] Final Memory: 36M/1113M
[INFO] ------------------------------------------------------------------------
[12555] ERROR JDTCommentBuilder - // @Target(ElementType.TYPE_USE) requires Java 1.8 is not added into the AST
spoon.reflect.declaration.ParentNotInitializedException: parent not initialized for class spoon.support.reflect.code.CtCommentImpl (/tmp/Ex2Amplifier-experiments/dataset/may-2018/javapoet/550_modified/src/test/java/com/squareup/javapoet/AnnotatedTypeNameTest.java:118)
	at spoon.support.reflect.declaration.CtElementImpl.getParent(CtElementImpl.java:340)
	at spoon.support.compiler.jdt.JDTCommentBuilder.insertCommentInAST(JDTCommentBuilder.java:474)
	at spoon.support.compiler.jdt.JDTCommentBuilder.buildComment(JDTCommentBuilder.java:152)
	at spoon.support.compiler.jdt.JDTCommentBuilder.build(JDTCommentBuilder.java:108)
	at spoon.support.compiler.jdt.JDTBasedSpoonCompiler.buildModel(JDTBasedSpoonCompiler.java:417)
	at spoon.support.compiler.jdt.JDTBasedSpoonCompiler.buildUnitsAndModel(JDTBasedSpoonCompiler.java:362)
	at spoon.support.compiler.jdt.JDTBasedSpoonCompiler.buildSources(JDTBasedSpoonCompiler.java:335)
	at spoon.support.compiler.jdt.JDTBasedSpoonCompiler.build(JDTBasedSpoonCompiler.java:116)
	at spoon.support.compiler.jdt.JDTBasedSpoonCompiler.build(JDTBasedSpoonCompiler.java:99)
	at spoon.Launcher.buildModel(Launcher.java:724)
	at fr.inria.diversify.utils.compilation.DSpotCompiler.getSpoonModelOf(DSpotCompiler.java:106)
	at fr.inria.diversify.utils.compilation.DSpotCompiler.createDSpotCompiler(DSpotCompiler.java:31)
	at fr.inria.diversify.dspot.DSpot.<init>(DSpot.java:103)
	at eu.stamp.project.Main.lambda$run$2(Main.java:134)
	at java.util.stream.ForEachOps$ForEachOp$OfRef.accept(ForEachOps.java:184)
	at java.util.stream.ReferencePipeline$2$1.accept(ReferencePipeline.java:175)
	at java.util.ArrayList$ArrayListSpliterator.forEachRemaining(ArrayList.java:1374)
	at java.util.stream.AbstractPipeline.copyInto(AbstractPipeline.java:481)
	at java.util.stream.AbstractPipeline.wrapAndCopyInto(AbstractPipeline.java:471)
	at java.util.stream.ForEachOps$ForEachOp.evaluateSequential(ForEachOps.java:151)
	at java.util.stream.ForEachOps$ForEachOp$OfRef.evaluateSequential(ForEachOps.java:174)
	at java.util.stream.AbstractPipeline.evaluate(AbstractPipeline.java:234)
	at java.util.stream.ReferencePipeline.forEach(ReferencePipeline.java:418)
	at eu.stamp.project.Main.run(Main.java:117)
	at eu.stamp.project.Main.main(Main.java:88)
[12983] WARN AutomaticBuilderFactory - No automatic builder specified in configuration, going to default.
[12983] INFO AutomaticBuilderFactory - Default: provided Maven automatic builder.
[12984] INFO MavenAutomaticBuilder - run maven clean test -DskipTests dependency:build-classpath -Dmdep.outputFile=target/dspot/classpath
[WARN] Maven will be executed in interactive mode, but no input stream has been configured for this MavenInvoker instance.
[INFO] Scanning for projects...
[INFO]                                                                         
[INFO] ------------------------------------------------------------------------
[INFO] Building JavaPoet 1.9.0-SNAPSHOT
[INFO] ------------------------------------------------------------------------
[INFO] 
[INFO] --- maven-clean-plugin:2.5:clean (default-clean) @ javapoet ---
[INFO] Deleting /tmp/Ex2Amplifier-experiments/dataset/may-2018/javapoet/550/target
[INFO] 
[INFO] --- maven-enforcer-plugin:1.0:enforce (enforce-maven) @ javapoet ---
[INFO] Skipping Rule Enforcement.
[INFO] 
[INFO] --- maven-resources-plugin:2.6:resources (default-resources) @ javapoet ---
[INFO] Using 'UTF-8' encoding to copy filtered resources.
[INFO] skip non existing resourceDirectory /tmp/Ex2Amplifier-experiments/dataset/may-2018/javapoet/550/src/main/resources
[INFO] 
[INFO] --- maven-compiler-plugin:3.6.1:compile (default-compile) @ javapoet ---
[INFO] Changes detected - recompiling the module!
[INFO] Compiling 17 source files to /tmp/Ex2Amplifier-experiments/dataset/may-2018/javapoet/550/target/classes
[INFO] 
[INFO] --- maven-resources-plugin:2.6:testResources (default-testResources) @ javapoet ---
[INFO] Using 'UTF-8' encoding to copy filtered resources.
[INFO] skip non existing resourceDirectory /tmp/Ex2Amplifier-experiments/dataset/may-2018/javapoet/550/src/test/resources
[INFO] 
[INFO] --- maven-compiler-plugin:3.6.1:testCompile (default-testCompile) @ javapoet ---
[INFO] Changes detected - recompiling the module!
[INFO] Compiling 19 source files to /tmp/Ex2Amplifier-experiments/dataset/may-2018/javapoet/550/target/test-classes
[INFO] 
[INFO] --- maven-surefire-plugin:2.12.4:test (default-test) @ javapoet ---
[INFO] Tests are skipped.
[INFO] 
[INFO] --- maven-dependency-plugin:2.8:build-classpath (default-cli) @ javapoet ---
[INFO] Wrote classpath file '/tmp/Ex2Amplifier-experiments/dataset/may-2018/javapoet/550/target/dspot/classpath'.
[INFO] ------------------------------------------------------------------------
[INFO] BUILD SUCCESS
[INFO] ------------------------------------------------------------------------
[INFO] Total time: 8.445 s
[INFO] Finished at: 2018-05-15T16:27:52+02:00
[INFO] Final Memory: 35M/1143M
[INFO] ------------------------------------------------------------------------
[23342] INFO SelectorOnDiff - Selecting according to a diff between dataset/may-2018/javapoet/550_modified/ and dataset/may-2018/javapoet/550/ (9ef7448a5040626cdd9ddbc69cb82a0e53183b62)
[23347] INFO SelectorOnDiff - Modified files:
a/src/test/java/com/squareup/javapoet/MethodSpecTest.java
a/src/main/java/com/squareup/javapoet/MethodSpec.java
[41905] INFO Amplification - amplification of com.squareup.javapoet.MethodSpecTest (13 test(s))
[43949] INFO Amplification - Try to add assertions before amplification
[44688] INFO AssertGenerator - Run tests. (13)
[46582] INFO AssertGenerator - 13 test pass, generating assertion...
[46592] INFO MethodsAssertGenerator - Add observations points in passing tests.
[46592] INFO MethodsAssertGenerator - Instrumentation...
  7% |=== ]/ 15% |======= ]- 23% |=========== ]\ 30% |=============== ]| 38% |=================== ]/ 46% |======================= ]- 53% |========================== ]\ 61% |============================== ]| 69% |================================== ]/ 76% |====================================== ]- 84% |========================================== ]\ 92% |============================================== ]|100% |================================================== ]/
[46693] INFO MethodsAssertGenerator - Run instrumented tests. (39)
[51419] INFO MethodsAssertGenerator - Generating assertions...
[51500] INFO AssertGenerator - 6 new tests with assertions generated
[54295] DEBUG Launcher - building sources: [/tmp/Ex2Amplifier-experiments/target/dspot/tmp_test_sources/com/squareup/javapoet/MethodSpecTest.java]
[54296] DEBUG Launcher - build args: [-encoding, UTF-8, -cp, /home/spirals/danglot/.m2/repository/com/google/truth/truth/0.28/truth-0.28.jar:/home/spirals/danglot/.m2/repository/com/google/guava/guava/18.0/guava-18.0.jar:/home/spirals/danglot/.m2/repository/com/google/testing/compile/compile-testing/0.9/compile-testing-0.9.jar:/home/spirals/danglot/jdk1.8.0_121/jre/../lib/tools.jar:/home/spirals/danglot/.m2/repository/junit/junit/4.12/junit-4.12.jar:/home/spirals/danglot/.m2/repository/org/hamcrest/hamcrest-core/1.3/hamcrest-core-1.3.jar:/home/spirals/danglot/.m2/repository/com/google/jimfs/jimfs/1.0/jimfs-1.0.jar:/home/spirals/danglot/.m2/repository/org/mockito/mockito-core/1.10.16/mockito-core-1.10.16.jar:/home/spirals/danglot/.m2/repository/org/objenesis/objenesis/2.1/objenesis-2.1.jar:/home/spirals/danglot/.m2/repository/org/eclipse/jdt/core/compiler/ecj/4.4.2/ecj-4.4.2.jar:target/dspot/dependencies/:dataset/may-2018/javapoet/550_modified//target/classes:dataset/may-2018/javapoet/550_modified//target/test-classes:, -1.8, -preserveAllLocals, -noExit, -enableJavadoc, /tmp/Ex2Amplifier-experiments/target/dspot/tmp_test_sources/com/squareup/javapoet/MethodSpecTest.java]
[54405] DEBUG Launcher - built in 110 ms
[54405] DEBUG Launcher - building templates: []
[54405] DEBUG Launcher - built in 0 ms
[54408] DEBUG Launcher - model built in 113
[54409] DEBUG Launcher - compiling sources: [/tmp/Ex2Amplifier-experiments/target/dspot/tmp_test_sources/com/squareup/javapoet/MethodSpecTest.java]
[54416] DEBUG Launcher - compile args: [-encoding, UTF-8, -cp, /home/spirals/danglot/.m2/repository/com/google/truth/truth/0.28/truth-0.28.jar:/home/spirals/danglot/.m2/repository/com/google/guava/guava/18.0/guava-18.0.jar:/home/spirals/danglot/.m2/repository/com/google/testing/compile/compile-testing/0.9/compile-testing-0.9.jar:/home/spirals/danglot/jdk1.8.0_121/jre/../lib/tools.jar:/home/spirals/danglot/.m2/repository/junit/junit/4.12/junit-4.12.jar:/home/spirals/danglot/.m2/repository/org/hamcrest/hamcrest-core/1.3/hamcrest-core-1.3.jar:/home/spirals/danglot/.m2/repository/com/google/jimfs/jimfs/1.0/jimfs-1.0.jar:/home/spirals/danglot/.m2/repository/org/mockito/mockito-core/1.10.16/mockito-core-1.10.16.jar:/home/spirals/danglot/.m2/repository/org/objenesis/objenesis/2.1/objenesis-2.1.jar:/home/spirals/danglot/.m2/repository/org/eclipse/jdt/core/compiler/ecj/4.4.2/ecj-4.4.2.jar:target/dspot/dependencies/:dataset/may-2018/javapoet/550_modified//target/classes:dataset/may-2018/javapoet/550_modified//target/test-classes:, -d, /tmp/Ex2Amplifier-experiments/dataset/may-2018/javapoet/550/target/test-classes, -1.8, -proc:none, -preserveAllLocals, -noExit, -enableJavadoc, /tmp/Ex2Amplifier-experiments/target/dspot/tmp_test_sources/com/squareup/javapoet/MethodSpecTest.java]
[55332] DEBUG Launcher - compiled in 923 ms
[56727] INFO Amplification - 0 amplified test(s) has been selected, global: 0
[56728] INFO Amplification - amp nullExceptionsAddition (1/13)
[56742] DEBUG Launcher - printing com.squareup.javapoet.MethodSpecTest to /tmp/Ex2Amplifier-experiments/target/dspot/tmp_test_sources
[57888] INFO Amplification - iteration 0:
[57889] INFO Amplification - 1 tests selected to be amplified over 1 available tests
[57889] INFO Amplification - Amplification of inputs...
100% |================================================== ]/
[57918] DEBUG Launcher - printing com.squareup.javapoet.MethodSpecTest to /tmp/Ex2Amplifier-experiments/target/dspot/tmp_test_sources
[57945] DEBUG Launcher - building sources: [/tmp/Ex2Amplifier-experiments/target/dspot/tmp_test_sources/com/squareup/javapoet/MethodSpecTest.java]
[57945] DEBUG Launcher - build args: [-encoding, UTF-8, -cp, /home/spirals/danglot/.m2/repository/com/google/truth/truth/0.28/truth-0.28.jar:/home/spirals/danglot/.m2/repository/com/google/guava/guava/18.0/guava-18.0.jar:/home/spirals/danglot/.m2/repository/com/google/testing/compile/compile-testing/0.9/compile-testing-0.9.jar:/home/spirals/danglot/jdk1.8.0_121/jre/../lib/tools.jar:/home/spirals/danglot/.m2/repository/junit/junit/4.12/junit-4.12.jar:/home/spirals/danglot/.m2/repository/org/hamcrest/hamcrest-core/1.3/hamcrest-core-1.3.jar:/home/spirals/danglot/.m2/repository/com/google/jimfs/jimfs/1.0/jimfs-1.0.jar:/home/spirals/danglot/.m2/repository/org/mockito/mockito-core/1.10.16/mockito-core-1.10.16.jar:/home/spirals/danglot/.m2/repository/org/objenesis/objenesis/2.1/objenesis-2.1.jar:/home/spirals/danglot/.m2/repository/org/eclipse/jdt/core/compiler/ecj/4.4.2/ecj-4.4.2.jar:dataset/may-2018/javapoet/550_modified//target/classes:target/dspot/dependencies/:dataset/may-2018/javapoet/550_modified//target/test-classes:lib/catg-dev.jar:, -1.8, -preserveAllLocals, -noExit, -enableJavadoc, /tmp/Ex2Amplifier-experiments/target/dspot/tmp_test_sources/com/squareup/javapoet/MethodSpecTest.java]
[58032] DEBUG Launcher - built in 86 ms
[58032] DEBUG Launcher - building templates: []
[58032] DEBUG Launcher - built in 0 ms
[58032] DEBUG Launcher - model built in 87
[58032] DEBUG Launcher - compiling sources: [/tmp/Ex2Amplifier-experiments/target/dspot/tmp_test_sources/com/squareup/javapoet/MethodSpecTest.java]
[58034] DEBUG Launcher - compile args: [-encoding, UTF-8, -cp, /home/spirals/danglot/.m2/repository/com/google/truth/truth/0.28/truth-0.28.jar:/home/spirals/danglot/.m2/repository/com/google/guava/guava/18.0/guava-18.0.jar:/home/spirals/danglot/.m2/repository/com/google/testing/compile/compile-testing/0.9/compile-testing-0.9.jar:/home/spirals/danglot/jdk1.8.0_121/jre/../lib/tools.jar:/home/spirals/danglot/.m2/repository/junit/junit/4.12/junit-4.12.jar:/home/spirals/danglot/.m2/repository/org/hamcrest/hamcrest-core/1.3/hamcrest-core-1.3.jar:/home/spirals/danglot/.m2/repository/com/google/jimfs/jimfs/1.0/jimfs-1.0.jar:/home/spirals/danglot/.m2/repository/org/mockito/mockito-core/1.10.16/mockito-core-1.10.16.jar:/home/spirals/danglot/.m2/repository/org/objenesis/objenesis/2.1/objenesis-2.1.jar:/home/spirals/danglot/.m2/repository/org/eclipse/jdt/core/compiler/ecj/4.4.2/ecj-4.4.2.jar:dataset/may-2018/javapoet/550_modified//target/classes:target/dspot/dependencies/:dataset/may-2018/javapoet/550_modified//target/test-classes:lib/catg-dev.jar:, -d, /tmp/Ex2Amplifier-experiments/dataset/may-2018/javapoet/550_modified/target/test-classes, -1.8, -proc:none, -preserveAllLocals, -noExit, -enableJavadoc, /tmp/Ex2Amplifier-experiments/target/dspot/tmp_test_sources/com/squareup/javapoet/MethodSpecTest.java]
[58137] DEBUG Launcher - compiled in 105 ms
[58140] INFO CATGExecutor - Running CATG: ~/jdk1.8.0_121/java -Xmx4096M -Xms2048M -Djanala.loggerClass=janala.logger.DirectConcolicExecution -Djanala.conf=lib/catg.conf  -javaagent:lib/catg-dev.jar -cp /home/spirals/danglot/.m2/repository/com/google/truth/truth/0.28/truth-0.28.jar:/home/spirals/danglot/.m2/repository/com/google/guava/guava/18.0/guava-18.0.jar:/home/spirals/danglot/.m2/repository/com/google/testing/compile/compile-testing/0.9/compile-testing-0.9.jar:/home/spirals/danglot/jdk1.8.0_121/jre/../lib/tools.jar:/home/spirals/danglot/.m2/repository/junit/junit/4.12/junit-4.12.jar:/home/spirals/danglot/.m2/repository/org/hamcrest/hamcrest-core/1.3/hamcrest-core-1.3.jar:/home/spirals/danglot/.m2/repository/com/google/jimfs/jimfs/1.0/jimfs-1.0.jar:/home/spirals/danglot/.m2/repository/org/mockito/mockito-core/1.10.16/mockito-core-1.10.16.jar:/home/spirals/danglot/.m2/repository/org/objenesis/objenesis/2.1/objenesis-2.1.jar:/home/spirals/danglot/.m2/repository/org/eclipse/jdt/core/compiler/ecj/4.4.2/ecj-4.4.2.jar:dataset/may-2018/javapoet/550_modified//target/classes:target/dspot/dependencies/:dataset/may-2018/javapoet/550_modified//target/test-classes:lib/catg-dev.jar:lib/catg-dev.jar:lib/asm-all-5.0.4.jar:lib/automaton-1.11-8.jar -ea com.squareup.javapoet.MethodSpecTest
[58144] INFO Amplification - 0 new tests generated
[58145] INFO Amplification - 0 amplified test(s) has been selected, global: 0
[58145] INFO Amplification - amp nullTypeVariablesAddition (2/13)
[58154] DEBUG Launcher - printing com.squareup.javapoet.MethodSpecTest to /tmp/Ex2Amplifier-experiments/target/dspot/tmp_test_sources
[59287] INFO Amplification - iteration 0:
[59287] INFO Amplification - 1 tests selected to be amplified over 1 available tests
[59287] INFO Amplification - Amplification of inputs...
100% |================================================== ]/
[59296] DEBUG Launcher - printing com.squareup.javapoet.MethodSpecTest to /tmp/Ex2Amplifier-experiments/target/dspot/tmp_test_sources
[59320] DEBUG Launcher - building sources: [/tmp/Ex2Amplifier-experiments/target/dspot/tmp_test_sources/com/squareup/javapoet/MethodSpecTest.java]
[59320] DEBUG Launcher - build args: [-encoding, UTF-8, -cp, /home/spirals/danglot/.m2/repository/com/google/truth/truth/0.28/truth-0.28.jar:/home/spirals/danglot/.m2/repository/com/google/guava/guava/18.0/guava-18.0.jar:/home/spirals/danglot/.m2/repository/com/google/testing/compile/compile-testing/0.9/compile-testing-0.9.jar:/home/spirals/danglot/jdk1.8.0_121/jre/../lib/tools.jar:/home/spirals/danglot/.m2/repository/junit/junit/4.12/junit-4.12.jar:/home/spirals/danglot/.m2/repository/org/hamcrest/hamcrest-core/1.3/hamcrest-core-1.3.jar:/home/spirals/danglot/.m2/repository/com/google/jimfs/jimfs/1.0/jimfs-1.0.jar:/home/spirals/danglot/.m2/repository/org/mockito/mockito-core/1.10.16/mockito-core-1.10.16.jar:/home/spirals/danglot/.m2/repository/org/objenesis/objenesis/2.1/objenesis-2.1.jar:/home/spirals/danglot/.m2/repository/org/eclipse/jdt/core/compiler/ecj/4.4.2/ecj-4.4.2.jar:dataset/may-2018/javapoet/550_modified//target/classes:target/dspot/dependencies/:dataset/may-2018/javapoet/550_modified//target/test-classes:lib/catg-dev.jar:, -1.8, -preserveAllLocals, -noExit, -enableJavadoc, /tmp/Ex2Amplifier-experiments/target/dspot/tmp_test_sources/com/squareup/javapoet/MethodSpecTest.java]
[59406] DEBUG Launcher - built in 86 ms
[59406] DEBUG Launcher - building templates: []
[59406] DEBUG Launcher - built in 0 ms
[59407] DEBUG Launcher - model built in 87
[59407] DEBUG Launcher - compiling sources: [/tmp/Ex2Amplifier-experiments/target/dspot/tmp_test_sources/com/squareup/javapoet/MethodSpecTest.java]
[59408] DEBUG Launcher - compile args: [-encoding, UTF-8, -cp, /home/spirals/danglot/.m2/repository/com/google/truth/truth/0.28/truth-0.28.jar:/home/spirals/danglot/.m2/repository/com/google/guava/guava/18.0/guava-18.0.jar:/home/spirals/danglot/.m2/repository/com/google/testing/compile/compile-testing/0.9/compile-testing-0.9.jar:/home/spirals/danglot/jdk1.8.0_121/jre/../lib/tools.jar:/home/spirals/danglot/.m2/repository/junit/junit/4.12/junit-4.12.jar:/home/spirals/danglot/.m2/repository/org/hamcrest/hamcrest-core/1.3/hamcrest-core-1.3.jar:/home/spirals/danglot/.m2/repository/com/google/jimfs/jimfs/1.0/jimfs-1.0.jar:/home/spirals/danglot/.m2/repository/org/mockito/mockito-core/1.10.16/mockito-core-1.10.16.jar:/home/spirals/danglot/.m2/repository/org/objenesis/objenesis/2.1/objenesis-2.1.jar:/home/spirals/danglot/.m2/repository/org/eclipse/jdt/core/compiler/ecj/4.4.2/ecj-4.4.2.jar:dataset/may-2018/javapoet/550_modified//target/classes:target/dspot/dependencies/:dataset/may-2018/javapoet/550_modified//target/test-classes:lib/catg-dev.jar:, -d, /tmp/Ex2Amplifier-experiments/dataset/may-2018/javapoet/550_modified/target/test-classes, -1.8, -proc:none, -preserveAllLocals, -noExit, -enableJavadoc, /tmp/Ex2Amplifier-experiments/target/dspot/tmp_test_sources/com/squareup/javapoet/MethodSpecTest.java]
[59507] DEBUG Launcher - compiled in 100 ms
[59507] INFO CATGExecutor - Running CATG: ~/jdk1.8.0_121/java -Xmx4096M -Xms2048M -Djanala.loggerClass=janala.logger.DirectConcolicExecution -Djanala.conf=lib/catg.conf  -javaagent:lib/catg-dev.jar -cp /home/spirals/danglot/.m2/repository/com/google/truth/truth/0.28/truth-0.28.jar:/home/spirals/danglot/.m2/repository/com/google/guava/guava/18.0/guava-18.0.jar:/home/spirals/danglot/.m2/repository/com/google/testing/compile/compile-testing/0.9/compile-testing-0.9.jar:/home/spirals/danglot/jdk1.8.0_121/jre/../lib/tools.jar:/home/spirals/danglot/.m2/repository/junit/junit/4.12/junit-4.12.jar:/home/spirals/danglot/.m2/repository/org/hamcrest/hamcrest-core/1.3/hamcrest-core-1.3.jar:/home/spirals/danglot/.m2/repository/com/google/jimfs/jimfs/1.0/jimfs-1.0.jar:/home/spirals/danglot/.m2/repository/org/mockito/mockito-core/1.10.16/mockito-core-1.10.16.jar:/home/spirals/danglot/.m2/repository/org/objenesis/objenesis/2.1/objenesis-2.1.jar:/home/spirals/danglot/.m2/repository/org/eclipse/jdt/core/compiler/ecj/4.4.2/ecj-4.4.2.jar:dataset/may-2018/javapoet/550_modified//target/classes:target/dspot/dependencies/:dataset/may-2018/javapoet/550_modified//target/test-classes:lib/catg-dev.jar:lib/catg-dev.jar:lib/asm-all-5.0.4.jar:lib/automaton-1.11-8.jar -ea com.squareup.javapoet.MethodSpecTest
[59509] INFO Amplification - 0 new tests generated
[59510] INFO Amplification - 0 amplified test(s) has been selected, global: 0
[59510] INFO Amplification - amp overrideInvalidModifiers (3/13)
[59519] DEBUG Launcher - printing com.squareup.javapoet.MethodSpecTest to /tmp/Ex2Amplifier-experiments/target/dspot/tmp_test_sources
[60811] INFO Amplification - iteration 0:
[60811] INFO Amplification - 1 tests selected to be amplified over 1 available tests
[60811] INFO Amplification - Amplification of inputs...
100% |================================================== ]/
[60891] DEBUG Launcher - printing com.squareup.javapoet.MethodSpecTest to /tmp/Ex2Amplifier-experiments/target/dspot/tmp_test_sources
[60911] DEBUG Launcher - building sources: [/tmp/Ex2Amplifier-experiments/target/dspot/tmp_test_sources/com/squareup/javapoet/MethodSpecTest.java]
[60912] DEBUG Launcher - build args: [-encoding, UTF-8, -cp, /home/spirals/danglot/.m2/repository/com/google/truth/truth/0.28/truth-0.28.jar:/home/spirals/danglot/.m2/repository/com/google/guava/guava/18.0/guava-18.0.jar:/home/spirals/danglot/.m2/repository/com/google/testing/compile/compile-testing/0.9/compile-testing-0.9.jar:/home/spirals/danglot/jdk1.8.0_121/jre/../lib/tools.jar:/home/spirals/danglot/.m2/repository/junit/junit/4.12/junit-4.12.jar:/home/spirals/danglot/.m2/repository/org/hamcrest/hamcrest-core/1.3/hamcrest-core-1.3.jar:/home/spirals/danglot/.m2/repository/com/google/jimfs/jimfs/1.0/jimfs-1.0.jar:/home/spirals/danglot/.m2/repository/org/mockito/mockito-core/1.10.16/mockito-core-1.10.16.jar:/home/spirals/danglot/.m2/repository/org/objenesis/objenesis/2.1/objenesis-2.1.jar:/home/spirals/danglot/.m2/repository/org/eclipse/jdt/core/compiler/ecj/4.4.2/ecj-4.4.2.jar:dataset/may-2018/javapoet/550_modified//target/classes:target/dspot/dependencies/:dataset/may-2018/javapoet/550_modified//target/test-classes:lib/catg-dev.jar:, -1.8, -preserveAllLocals, -noExit, -enableJavadoc, /tmp/Ex2Amplifier-experiments/target/dspot/tmp_test_sources/com/squareup/javapoet/MethodSpecTest.java]
[60992] DEBUG Launcher - built in 81 ms
[60992] DEBUG Launcher - building templates: []
[60992] DEBUG Launcher - built in 0 ms
[60993] DEBUG Launcher - model built in 82
[60993] DEBUG Launcher - compiling sources: [/tmp/Ex2Amplifier-experiments/target/dspot/tmp_test_sources/com/squareup/javapoet/MethodSpecTest.java]
[60994] DEBUG Launcher - compile args: [-encoding, UTF-8, -cp, /home/spirals/danglot/.m2/repository/com/google/truth/truth/0.28/truth-0.28.jar:/home/spirals/danglot/.m2/repository/com/google/guava/guava/18.0/guava-18.0.jar:/home/spirals/danglot/.m2/repository/com/google/testing/compile/compile-testing/0.9/compile-testing-0.9.jar:/home/spirals/danglot/jdk1.8.0_121/jre/../lib/tools.jar:/home/spirals/danglot/.m2/repository/junit/junit/4.12/junit-4.12.jar:/home/spirals/danglot/.m2/repository/org/hamcrest/hamcrest-core/1.3/hamcrest-core-1.3.jar:/home/spirals/danglot/.m2/repository/com/google/jimfs/jimfs/1.0/jimfs-1.0.jar:/home/spirals/danglot/.m2/repository/org/mockito/mockito-core/1.10.16/mockito-core-1.10.16.jar:/home/spirals/danglot/.m2/repository/org/objenesis/objenesis/2.1/objenesis-2.1.jar:/home/spirals/danglot/.m2/repository/org/eclipse/jdt/core/compiler/ecj/4.4.2/ecj-4.4.2.jar:dataset/may-2018/javapoet/550_modified//target/classes:target/dspot/dependencies/:dataset/may-2018/javapoet/550_modified//target/test-classes:lib/catg-dev.jar:, -d, /tmp/Ex2Amplifier-experiments/dataset/may-2018/javapoet/550_modified/target/test-classes, -1.8, -proc:none, -preserveAllLocals, -noExit, -enableJavadoc, /tmp/Ex2Amplifier-experiments/target/dspot/tmp_test_sources/com/squareup/javapoet/MethodSpecTest.java]
[61097] DEBUG Launcher - compiled in 104 ms
[61098] INFO CATGExecutor - Running CATG: ~/jdk1.8.0_121/java -Xmx4096M -Xms2048M -Djanala.loggerClass=janala.logger.DirectConcolicExecution -Djanala.conf=lib/catg.conf  -javaagent:lib/catg-dev.jar -cp /home/spirals/danglot/.m2/repository/com/google/truth/truth/0.28/truth-0.28.jar:/home/spirals/danglot/.m2/repository/com/google/guava/guava/18.0/guava-18.0.jar:/home/spirals/danglot/.m2/repository/com/google/testing/compile/compile-testing/0.9/compile-testing-0.9.jar:/home/spirals/danglot/jdk1.8.0_121/jre/../lib/tools.jar:/home/spirals/danglot/.m2/repository/junit/junit/4.12/junit-4.12.jar:/home/spirals/danglot/.m2/repository/org/hamcrest/hamcrest-core/1.3/hamcrest-core-1.3.jar:/home/spirals/danglot/.m2/repository/com/google/jimfs/jimfs/1.0/jimfs-1.0.jar:/home/spirals/danglot/.m2/repository/org/mockito/mockito-core/1.10.16/mockito-core-1.10.16.jar:/home/spirals/danglot/.m2/repository/org/objenesis/objenesis/2.1/objenesis-2.1.jar:/home/spirals/danglot/.m2/repository/org/eclipse/jdt/core/compiler/ecj/4.4.2/ecj-4.4.2.jar:dataset/may-2018/javapoet/550_modified//target/classes:target/dspot/dependencies/:dataset/may-2018/javapoet/550_modified//target/test-classes:lib/catg-dev.jar:lib/catg-dev.jar:lib/asm-all-5.0.4.jar:lib/automaton-1.11-8.jar -ea com.squareup.javapoet.MethodSpecTest
[61100] INFO Amplification - 0 new tests generated
[61100] INFO Amplification - 0 amplified test(s) has been selected, global: 0
[61100] INFO Amplification - amp nullAnnotationsAddition (4/13)
[61110] DEBUG Launcher - printing com.squareup.javapoet.MethodSpecTest to /tmp/Ex2Amplifier-experiments/target/dspot/tmp_test_sources
[62314] INFO Amplification - iteration 0:
[62314] INFO Amplification - 1 tests selected to be amplified over 1 available tests
[62314] INFO Amplification - Amplification of inputs...
100% |================================================== ]/
[62324] DEBUG Launcher - printing com.squareup.javapoet.MethodSpecTest to /tmp/Ex2Amplifier-experiments/target/dspot/tmp_test_sources
[62349] DEBUG Launcher - building sources: [/tmp/Ex2Amplifier-experiments/target/dspot/tmp_test_sources/com/squareup/javapoet/MethodSpecTest.java]
[62350] DEBUG Launcher - build args: [-encoding, UTF-8, -cp, /home/spirals/danglot/.m2/repository/com/google/truth/truth/0.28/truth-0.28.jar:/home/spirals/danglot/.m2/repository/com/google/guava/guava/18.0/guava-18.0.jar:/home/spirals/danglot/.m2/repository/com/google/testing/compile/compile-testing/0.9/compile-testing-0.9.jar:/home/spirals/danglot/jdk1.8.0_121/jre/../lib/tools.jar:/home/spirals/danglot/.m2/repository/junit/junit/4.12/junit-4.12.jar:/home/spirals/danglot/.m2/repository/org/hamcrest/hamcrest-core/1.3/hamcrest-core-1.3.jar:/home/spirals/danglot/.m2/repository/com/google/jimfs/jimfs/1.0/jimfs-1.0.jar:/home/spirals/danglot/.m2/repository/org/mockito/mockito-core/1.10.16/mockito-core-1.10.16.jar:/home/spirals/danglot/.m2/repository/org/objenesis/objenesis/2.1/objenesis-2.1.jar:/home/spirals/danglot/.m2/repository/org/eclipse/jdt/core/compiler/ecj/4.4.2/ecj-4.4.2.jar:dataset/may-2018/javapoet/550_modified//target/classes:target/dspot/dependencies/:dataset/may-2018/javapoet/550_modified//target/test-classes:lib/catg-dev.jar:, -1.8, -preserveAllLocals, -noExit, -enableJavadoc, /tmp/Ex2Amplifier-experiments/target/dspot/tmp_test_sources/com/squareup/javapoet/MethodSpecTest.java]
[62455] DEBUG Launcher - built in 106 ms
[62455] DEBUG Launcher - building templates: []
[62455] DEBUG Launcher - built in 0 ms
[62456] DEBUG Launcher - model built in 107
[62456] DEBUG Launcher - compiling sources: [/tmp/Ex2Amplifier-experiments/target/dspot/tmp_test_sources/com/squareup/javapoet/MethodSpecTest.java]
[62458] DEBUG Launcher - compile args: [-encoding, UTF-8, -cp, /home/spirals/danglot/.m2/repository/com/google/truth/truth/0.28/truth-0.28.jar:/home/spirals/danglot/.m2/repository/com/google/guava/guava/18.0/guava-18.0.jar:/home/spirals/danglot/.m2/repository/com/google/testing/compile/compile-testing/0.9/compile-testing-0.9.jar:/home/spirals/danglot/jdk1.8.0_121/jre/../lib/tools.jar:/home/spirals/danglot/.m2/repository/junit/junit/4.12/junit-4.12.jar:/home/spirals/danglot/.m2/repository/org/hamcrest/hamcrest-core/1.3/hamcrest-core-1.3.jar:/home/spirals/danglot/.m2/repository/com/google/jimfs/jimfs/1.0/jimfs-1.0.jar:/home/spirals/danglot/.m2/repository/org/mockito/mockito-core/1.10.16/mockito-core-1.10.16.jar:/home/spirals/danglot/.m2/repository/org/objenesis/objenesis/2.1/objenesis-2.1.jar:/home/spirals/danglot/.m2/repository/org/eclipse/jdt/core/compiler/ecj/4.4.2/ecj-4.4.2.jar:dataset/may-2018/javapoet/550_modified//target/classes:target/dspot/dependencies/:dataset/may-2018/javapoet/550_modified//target/test-classes:lib/catg-dev.jar:, -d, /tmp/Ex2Amplifier-experiments/dataset/may-2018/javapoet/550_modified/target/test-classes, -1.8, -proc:none, -preserveAllLocals, -noExit, -enableJavadoc, /tmp/Ex2Amplifier-experiments/target/dspot/tmp_test_sources/com/squareup/javapoet/MethodSpecTest.java]
[62559] DEBUG Launcher - compiled in 103 ms
[62560] INFO CATGExecutor - Running CATG: ~/jdk1.8.0_121/java -Xmx4096M -Xms2048M -Djanala.loggerClass=janala.logger.DirectConcolicExecution -Djanala.conf=lib/catg.conf  -javaagent:lib/catg-dev.jar -cp /home/spirals/danglot/.m2/repository/com/google/truth/truth/0.28/truth-0.28.jar:/home/spirals/danglot/.m2/repository/com/google/guava/guava/18.0/guava-18.0.jar:/home/spirals/danglot/.m2/repository/com/google/testing/compile/compile-testing/0.9/compile-testing-0.9.jar:/home/spirals/danglot/jdk1.8.0_121/jre/../lib/tools.jar:/home/spirals/danglot/.m2/repository/junit/junit/4.12/junit-4.12.jar:/home/spirals/danglot/.m2/repository/org/hamcrest/hamcrest-core/1.3/hamcrest-core-1.3.jar:/home/spirals/danglot/.m2/repository/com/google/jimfs/jimfs/1.0/jimfs-1.0.jar:/home/spirals/danglot/.m2/repository/org/mockito/mockito-core/1.10.16/mockito-core-1.10.16.jar:/home/spirals/danglot/.m2/repository/org/objenesis/objenesis/2.1/objenesis-2.1.jar:/home/spirals/danglot/.m2/repository/org/eclipse/jdt/core/compiler/ecj/4.4.2/ecj-4.4.2.jar:dataset/may-2018/javapoet/550_modified//target/classes:target/dspot/dependencies/:dataset/may-2018/javapoet/550_modified//target/test-classes:lib/catg-dev.jar:lib/catg-dev.jar:lib/asm-all-5.0.4.jar:lib/automaton-1.11-8.jar -ea com.squareup.javapoet.MethodSpecTest
[62562] INFO Amplification - 0 new tests generated
[62562] INFO Amplification - 0 amplified test(s) has been selected, global: 0
[62562] INFO Amplification - amp overrideExtendsOthersWorksWithActualTypeParameters (5/13)
[62572] DEBUG Launcher - printing com.squareup.javapoet.MethodSpecTest to /tmp/Ex2Amplifier-experiments/target/dspot/tmp_test_sources
[63729] INFO Amplification - iteration 0:
[63729] INFO Amplification - 1 tests selected to be amplified over 1 available tests
[63729] INFO Amplification - Amplification of inputs...
100% |================================================== ]/
[63932] DEBUG Launcher - printing com.squareup.javapoet.MethodSpecTest to /tmp/Ex2Amplifier-experiments/target/dspot/tmp_test_sources
[63952] DEBUG Launcher - building sources: [/tmp/Ex2Amplifier-experiments/target/dspot/tmp_test_sources/com/squareup/javapoet/MethodSpecTest.java]
[63953] DEBUG Launcher - build args: [-encoding, UTF-8, -cp, /home/spirals/danglot/.m2/repository/com/google/truth/truth/0.28/truth-0.28.jar:/home/spirals/danglot/.m2/repository/com/google/guava/guava/18.0/guava-18.0.jar:/home/spirals/danglot/.m2/repository/com/google/testing/compile/compile-testing/0.9/compile-testing-0.9.jar:/home/spirals/danglot/jdk1.8.0_121/jre/../lib/tools.jar:/home/spirals/danglot/.m2/repository/junit/junit/4.12/junit-4.12.jar:/home/spirals/danglot/.m2/repository/org/hamcrest/hamcrest-core/1.3/hamcrest-core-1.3.jar:/home/spirals/danglot/.m2/repository/com/google/jimfs/jimfs/1.0/jimfs-1.0.jar:/home/spirals/danglot/.m2/repository/org/mockito/mockito-core/1.10.16/mockito-core-1.10.16.jar:/home/spirals/danglot/.m2/repository/org/objenesis/objenesis/2.1/objenesis-2.1.jar:/home/spirals/danglot/.m2/repository/org/eclipse/jdt/core/compiler/ecj/4.4.2/ecj-4.4.2.jar:dataset/may-2018/javapoet/550_modified//target/classes:target/dspot/dependencies/:dataset/may-2018/javapoet/550_modified//target/test-classes:lib/catg-dev.jar:, -1.8, -preserveAllLocals, -noExit, -enableJavadoc, /tmp/Ex2Amplifier-experiments/target/dspot/tmp_test_sources/com/squareup/javapoet/MethodSpecTest.java]
[64030] DEBUG Launcher - built in 78 ms
[64030] DEBUG Launcher - building templates: []
[64031] DEBUG Launcher - built in 0 ms
[64032] DEBUG Launcher - model built in 80
[64032] DEBUG Launcher - compiling sources: [/tmp/Ex2Amplifier-experiments/target/dspot/tmp_test_sources/com/squareup/javapoet/MethodSpecTest.java]
[64033] DEBUG Launcher - compile args: [-encoding, UTF-8, -cp, /home/spirals/danglot/.m2/repository/com/google/truth/truth/0.28/truth-0.28.jar:/home/spirals/danglot/.m2/repository/com/google/guava/guava/18.0/guava-18.0.jar:/home/spirals/danglot/.m2/repository/com/google/testing/compile/compile-testing/0.9/compile-testing-0.9.jar:/home/spirals/danglot/jdk1.8.0_121/jre/../lib/tools.jar:/home/spirals/danglot/.m2/repository/junit/junit/4.12/junit-4.12.jar:/home/spirals/danglot/.m2/repository/org/hamcrest/hamcrest-core/1.3/hamcrest-core-1.3.jar:/home/spirals/danglot/.m2/repository/com/google/jimfs/jimfs/1.0/jimfs-1.0.jar:/home/spirals/danglot/.m2/repository/org/mockito/mockito-core/1.10.16/mockito-core-1.10.16.jar:/home/spirals/danglot/.m2/repository/org/objenesis/objenesis/2.1/objenesis-2.1.jar:/home/spirals/danglot/.m2/repository/org/eclipse/jdt/core/compiler/ecj/4.4.2/ecj-4.4.2.jar:dataset/may-2018/javapoet/550_modified//target/classes:target/dspot/dependencies/:dataset/may-2018/javapoet/550_modified//target/test-classes:lib/catg-dev.jar:, -d, /tmp/Ex2Amplifier-experiments/dataset/may-2018/javapoet/550_modified/target/test-classes, -1.8, -proc:none, -preserveAllLocals, -noExit, -enableJavadoc, /tmp/Ex2Amplifier-experiments/target/dspot/tmp_test_sources/com/squareup/javapoet/MethodSpecTest.java]
[64151] DEBUG Launcher - compiled in 119 ms
[64152] INFO CATGExecutor - Running CATG: ~/jdk1.8.0_121/java -Xmx4096M -Xms2048M -Djanala.loggerClass=janala.logger.DirectConcolicExecution -Djanala.conf=lib/catg.conf  -javaagent:lib/catg-dev.jar -cp /home/spirals/danglot/.m2/repository/com/google/truth/truth/0.28/truth-0.28.jar:/home/spirals/danglot/.m2/repository/com/google/guava/guava/18.0/guava-18.0.jar:/home/spirals/danglot/.m2/repository/com/google/testing/compile/compile-testing/0.9/compile-testing-0.9.jar:/home/spirals/danglot/jdk1.8.0_121/jre/../lib/tools.jar:/home/spirals/danglot/.m2/repository/junit/junit/4.12/junit-4.12.jar:/home/spirals/danglot/.m2/repository/org/hamcrest/hamcrest-core/1.3/hamcrest-core-1.3.jar:/home/spirals/danglot/.m2/repository/com/google/jimfs/jimfs/1.0/jimfs-1.0.jar:/home/spirals/danglot/.m2/repository/org/mockito/mockito-core/1.10.16/mockito-core-1.10.16.jar:/home/spirals/danglot/.m2/repository/org/objenesis/objenesis/2.1/objenesis-2.1.jar:/home/spirals/danglot/.m2/repository/org/eclipse/jdt/core/compiler/ecj/4.4.2/ecj-4.4.2.jar:dataset/may-2018/javapoet/550_modified//target/classes:target/dspot/dependencies/:dataset/may-2018/javapoet/550_modified//target/test-classes:lib/catg-dev.jar:lib/catg-dev.jar:lib/asm-all-5.0.4.jar:lib/automaton-1.11-8.jar -ea com.squareup.javapoet.MethodSpecTest
[64154] INFO Amplification - 0 new tests generated
[64154] INFO Amplification - 0 amplified test(s) has been selected, global: 0
[64154] INFO Amplification - amp overrideEverything (6/13)
[64162] DEBUG Launcher - printing com.squareup.javapoet.MethodSpecTest to /tmp/Ex2Amplifier-experiments/target/dspot/tmp_test_sources
[65360] INFO Amplification - iteration 0:
[65360] INFO Amplification - 1 tests selected to be amplified over 1 available tests
[65360] INFO Amplification - Amplification of inputs...
100% |================================================== ]/
[65468] DEBUG Launcher - printing com.squareup.javapoet.MethodSpecTest to /tmp/Ex2Amplifier-experiments/target/dspot/tmp_test_sources
[65488] DEBUG Launcher - building sources: [/tmp/Ex2Amplifier-experiments/target/dspot/tmp_test_sources/com/squareup/javapoet/MethodSpecTest.java]
[65488] DEBUG Launcher - build args: [-encoding, UTF-8, -cp, /home/spirals/danglot/.m2/repository/com/google/truth/truth/0.28/truth-0.28.jar:/home/spirals/danglot/.m2/repository/com/google/guava/guava/18.0/guava-18.0.jar:/home/spirals/danglot/.m2/repository/com/google/testing/compile/compile-testing/0.9/compile-testing-0.9.jar:/home/spirals/danglot/jdk1.8.0_121/jre/../lib/tools.jar:/home/spirals/danglot/.m2/repository/junit/junit/4.12/junit-4.12.jar:/home/spirals/danglot/.m2/repository/org/hamcrest/hamcrest-core/1.3/hamcrest-core-1.3.jar:/home/spirals/danglot/.m2/repository/com/google/jimfs/jimfs/1.0/jimfs-1.0.jar:/home/spirals/danglot/.m2/repository/org/mockito/mockito-core/1.10.16/mockito-core-1.10.16.jar:/home/spirals/danglot/.m2/repository/org/objenesis/objenesis/2.1/objenesis-2.1.jar:/home/spirals/danglot/.m2/repository/org/eclipse/jdt/core/compiler/ecj/4.4.2/ecj-4.4.2.jar:dataset/may-2018/javapoet/550_modified//target/classes:target/dspot/dependencies/:dataset/may-2018/javapoet/550_modified//target/test-classes:lib/catg-dev.jar:, -1.8, -preserveAllLocals, -noExit, -enableJavadoc, /tmp/Ex2Amplifier-experiments/target/dspot/tmp_test_sources/com/squareup/javapoet/MethodSpecTest.java]
[65584] DEBUG Launcher - built in 96 ms
[65584] DEBUG Launcher - building templates: []
[65585] DEBUG Launcher - built in 0 ms
[65585] DEBUG Launcher - model built in 97
[65585] DEBUG Launcher - compiling sources: [/tmp/Ex2Amplifier-experiments/target/dspot/tmp_test_sources/com/squareup/javapoet/MethodSpecTest.java]
[65586] DEBUG Launcher - compile args: [-encoding, UTF-8, -cp, /home/spirals/danglot/.m2/repository/com/google/truth/truth/0.28/truth-0.28.jar:/home/spirals/danglot/.m2/repository/com/google/guava/guava/18.0/guava-18.0.jar:/home/spirals/danglot/.m2/repository/com/google/testing/compile/compile-testing/0.9/compile-testing-0.9.jar:/home/spirals/danglot/jdk1.8.0_121/jre/../lib/tools.jar:/home/spirals/danglot/.m2/repository/junit/junit/4.12/junit-4.12.jar:/home/spirals/danglot/.m2/repository/org/hamcrest/hamcrest-core/1.3/hamcrest-core-1.3.jar:/home/spirals/danglot/.m2/repository/com/google/jimfs/jimfs/1.0/jimfs-1.0.jar:/home/spirals/danglot/.m2/repository/org/mockito/mockito-core/1.10.16/mockito-core-1.10.16.jar:/home/spirals/danglot/.m2/repository/org/objenesis/objenesis/2.1/objenesis-2.1.jar:/home/spirals/danglot/.m2/repository/org/eclipse/jdt/core/compiler/ecj/4.4.2/ecj-4.4.2.jar:dataset/may-2018/javapoet/550_modified//target/classes:target/dspot/dependencies/:dataset/may-2018/javapoet/550_modified//target/test-classes:lib/catg-dev.jar:, -d, /tmp/Ex2Amplifier-experiments/dataset/may-2018/javapoet/550_modified/target/test-classes, -1.8, -proc:none, -preserveAllLocals, -noExit, -enableJavadoc, /tmp/Ex2Amplifier-experiments/target/dspot/tmp_test_sources/com/squareup/javapoet/MethodSpecTest.java]
[65695] DEBUG Launcher - compiled in 110 ms
[65696] INFO CATGExecutor - Running CATG: ~/jdk1.8.0_121/java -Xmx4096M -Xms2048M -Djanala.loggerClass=janala.logger.DirectConcolicExecution -Djanala.conf=lib/catg.conf  -javaagent:lib/catg-dev.jar -cp /home/spirals/danglot/.m2/repository/com/google/truth/truth/0.28/truth-0.28.jar:/home/spirals/danglot/.m2/repository/com/google/guava/guava/18.0/guava-18.0.jar:/home/spirals/danglot/.m2/repository/com/google/testing/compile/compile-testing/0.9/compile-testing-0.9.jar:/home/spirals/danglot/jdk1.8.0_121/jre/../lib/tools.jar:/home/spirals/danglot/.m2/repository/junit/junit/4.12/junit-4.12.jar:/home/spirals/danglot/.m2/repository/org/hamcrest/hamcrest-core/1.3/hamcrest-core-1.3.jar:/home/spirals/danglot/.m2/repository/com/google/jimfs/jimfs/1.0/jimfs-1.0.jar:/home/spirals/danglot/.m2/repository/org/mockito/mockito-core/1.10.16/mockito-core-1.10.16.jar:/home/spirals/danglot/.m2/repository/org/objenesis/objenesis/2.1/objenesis-2.1.jar:/home/spirals/danglot/.m2/repository/org/eclipse/jdt/core/compiler/ecj/4.4.2/ecj-4.4.2.jar:dataset/may-2018/javapoet/550_modified//target/classes:target/dspot/dependencies/:dataset/may-2018/javapoet/550_modified//target/test-classes:lib/catg-dev.jar:lib/catg-dev.jar:lib/asm-all-5.0.4.jar:lib/automaton-1.11-8.jar -ea com.squareup.javapoet.MethodSpecTest
[65698] INFO Amplification - 0 new tests generated
[65698] INFO Amplification - 0 amplified test(s) has been selected, global: 0
[65698] INFO Amplification - amp nullParametersAddition (7/13)
[65706] DEBUG Launcher - printing com.squareup.javapoet.MethodSpecTest to /tmp/Ex2Amplifier-experiments/target/dspot/tmp_test_sources
[66859] INFO Amplification - iteration 0:
[66859] INFO Amplification - 1 tests selected to be amplified over 1 available tests
[66859] INFO Amplification - Amplification of inputs...
100% |================================================== ]/
[66866] DEBUG Launcher - printing com.squareup.javapoet.MethodSpecTest to /tmp/Ex2Amplifier-experiments/target/dspot/tmp_test_sources
[66890] DEBUG Launcher - building sources: [/tmp/Ex2Amplifier-experiments/target/dspot/tmp_test_sources/com/squareup/javapoet/MethodSpecTest.java]
[66891] DEBUG Launcher - build args: [-encoding, UTF-8, -cp, /home/spirals/danglot/.m2/repository/com/google/truth/truth/0.28/truth-0.28.jar:/home/spirals/danglot/.m2/repository/com/google/guava/guava/18.0/guava-18.0.jar:/home/spirals/danglot/.m2/repository/com/google/testing/compile/compile-testing/0.9/compile-testing-0.9.jar:/home/spirals/danglot/jdk1.8.0_121/jre/../lib/tools.jar:/home/spirals/danglot/.m2/repository/junit/junit/4.12/junit-4.12.jar:/home/spirals/danglot/.m2/repository/org/hamcrest/hamcrest-core/1.3/hamcrest-core-1.3.jar:/home/spirals/danglot/.m2/repository/com/google/jimfs/jimfs/1.0/jimfs-1.0.jar:/home/spirals/danglot/.m2/repository/org/mockito/mockito-core/1.10.16/mockito-core-1.10.16.jar:/home/spirals/danglot/.m2/repository/org/objenesis/objenesis/2.1/objenesis-2.1.jar:/home/spirals/danglot/.m2/repository/org/eclipse/jdt/core/compiler/ecj/4.4.2/ecj-4.4.2.jar:dataset/may-2018/javapoet/550_modified//target/classes:target/dspot/dependencies/:dataset/may-2018/javapoet/550_modified//target/test-classes:lib/catg-dev.jar:, -1.8, -preserveAllLocals, -noExit, -enableJavadoc, /tmp/Ex2Amplifier-experiments/target/dspot/tmp_test_sources/com/squareup/javapoet/MethodSpecTest.java]
[66989] DEBUG Launcher - built in 99 ms
[66989] DEBUG Launcher - building templates: []
[66989] DEBUG Launcher - built in 0 ms
[66989] DEBUG Launcher - model built in 99
[66989] DEBUG Launcher - compiling sources: [/tmp/Ex2Amplifier-experiments/target/dspot/tmp_test_sources/com/squareup/javapoet/MethodSpecTest.java]
[66991] DEBUG Launcher - compile args: [-encoding, UTF-8, -cp, /home/spirals/danglot/.m2/repository/com/google/truth/truth/0.28/truth-0.28.jar:/home/spirals/danglot/.m2/repository/com/google/guava/guava/18.0/guava-18.0.jar:/home/spirals/danglot/.m2/repository/com/google/testing/compile/compile-testing/0.9/compile-testing-0.9.jar:/home/spirals/danglot/jdk1.8.0_121/jre/../lib/tools.jar:/home/spirals/danglot/.m2/repository/junit/junit/4.12/junit-4.12.jar:/home/spirals/danglot/.m2/repository/org/hamcrest/hamcrest-core/1.3/hamcrest-core-1.3.jar:/home/spirals/danglot/.m2/repository/com/google/jimfs/jimfs/1.0/jimfs-1.0.jar:/home/spirals/danglot/.m2/repository/org/mockito/mockito-core/1.10.16/mockito-core-1.10.16.jar:/home/spirals/danglot/.m2/repository/org/objenesis/objenesis/2.1/objenesis-2.1.jar:/home/spirals/danglot/.m2/repository/org/eclipse/jdt/core/compiler/ecj/4.4.2/ecj-4.4.2.jar:dataset/may-2018/javapoet/550_modified//target/classes:target/dspot/dependencies/:dataset/may-2018/javapoet/550_modified//target/test-classes:lib/catg-dev.jar:, -d, /tmp/Ex2Amplifier-experiments/dataset/may-2018/javapoet/550_modified/target/test-classes, -1.8, -proc:none, -preserveAllLocals, -noExit, -enableJavadoc, /tmp/Ex2Amplifier-experiments/target/dspot/tmp_test_sources/com/squareup/javapoet/MethodSpecTest.java]
[67084] DEBUG Launcher - compiled in 95 ms
[67085] INFO CATGExecutor - Running CATG: ~/jdk1.8.0_121/java -Xmx4096M -Xms2048M -Djanala.loggerClass=janala.logger.DirectConcolicExecution -Djanala.conf=lib/catg.conf  -javaagent:lib/catg-dev.jar -cp /home/spirals/danglot/.m2/repository/com/google/truth/truth/0.28/truth-0.28.jar:/home/spirals/danglot/.m2/repository/com/google/guava/guava/18.0/guava-18.0.jar:/home/spirals/danglot/.m2/repository/com/google/testing/compile/compile-testing/0.9/compile-testing-0.9.jar:/home/spirals/danglot/jdk1.8.0_121/jre/../lib/tools.jar:/home/spirals/danglot/.m2/repository/junit/junit/4.12/junit-4.12.jar:/home/spirals/danglot/.m2/repository/org/hamcrest/hamcrest-core/1.3/hamcrest-core-1.3.jar:/home/spirals/danglot/.m2/repository/com/google/jimfs/jimfs/1.0/jimfs-1.0.jar:/home/spirals/danglot/.m2/repository/org/mockito/mockito-core/1.10.16/mockito-core-1.10.16.jar:/home/spirals/danglot/.m2/repository/org/objenesis/objenesis/2.1/objenesis-2.1.jar:/home/spirals/danglot/.m2/repository/org/eclipse/jdt/core/compiler/ecj/4.4.2/ecj-4.4.2.jar:dataset/may-2018/javapoet/550_modified//target/classes:target/dspot/dependencies/:dataset/may-2018/javapoet/550_modified//target/test-classes:lib/catg-dev.jar:lib/catg-dev.jar:lib/asm-all-5.0.4.jar:lib/automaton-1.11-8.jar -ea com.squareup.javapoet.MethodSpecTest
[67088] INFO Amplification - 0 new tests generated
[67088] INFO Amplification - 0 amplified test(s) has been selected, global: 0
[67088] INFO Amplification - amp overrideDoesNotCopyOverrideAnnotation (8/13)
[67100] DEBUG Launcher - printing com.squareup.javapoet.MethodSpecTest to /tmp/Ex2Amplifier-experiments/target/dspot/tmp_test_sources
[68367] INFO Amplification - iteration 0:
[68367] INFO Amplification - 1 tests selected to be amplified over 1 available tests
[68367] INFO Amplification - Amplification of inputs...
100% |================================================== ]/
[68458] DEBUG Launcher - printing com.squareup.javapoet.MethodSpecTest to /tmp/Ex2Amplifier-experiments/target/dspot/tmp_test_sources
[68477] DEBUG Launcher - building sources: [/tmp/Ex2Amplifier-experiments/target/dspot/tmp_test_sources/com/squareup/javapoet/MethodSpecTest.java]
[68477] DEBUG Launcher - build args: [-encoding, UTF-8, -cp, /home/spirals/danglot/.m2/repository/com/google/truth/truth/0.28/truth-0.28.jar:/home/spirals/danglot/.m2/repository/com/google/guava/guava/18.0/guava-18.0.jar:/home/spirals/danglot/.m2/repository/com/google/testing/compile/compile-testing/0.9/compile-testing-0.9.jar:/home/spirals/danglot/jdk1.8.0_121/jre/../lib/tools.jar:/home/spirals/danglot/.m2/repository/junit/junit/4.12/junit-4.12.jar:/home/spirals/danglot/.m2/repository/org/hamcrest/hamcrest-core/1.3/hamcrest-core-1.3.jar:/home/spirals/danglot/.m2/repository/com/google/jimfs/jimfs/1.0/jimfs-1.0.jar:/home/spirals/danglot/.m2/repository/org/mockito/mockito-core/1.10.16/mockito-core-1.10.16.jar:/home/spirals/danglot/.m2/repository/org/objenesis/objenesis/2.1/objenesis-2.1.jar:/home/spirals/danglot/.m2/repository/org/eclipse/jdt/core/compiler/ecj/4.4.2/ecj-4.4.2.jar:dataset/may-2018/javapoet/550_modified//target/classes:target/dspot/dependencies/:dataset/may-2018/javapoet/550_modified//target/test-classes:lib/catg-dev.jar:, -1.8, -preserveAllLocals, -noExit, -enableJavadoc, /tmp/Ex2Amplifier-experiments/target/dspot/tmp_test_sources/com/squareup/javapoet/MethodSpecTest.java]
[68580] DEBUG Launcher - built in 103 ms
[68580] DEBUG Launcher - building templates: []
[68580] DEBUG Launcher - built in 0 ms
[68581] DEBUG Launcher - model built in 104
[68581] DEBUG Launcher - compiling sources: [/tmp/Ex2Amplifier-experiments/target/dspot/tmp_test_sources/com/squareup/javapoet/MethodSpecTest.java]
[68582] DEBUG Launcher - compile args: [-encoding, UTF-8, -cp, /home/spirals/danglot/.m2/repository/com/google/truth/truth/0.28/truth-0.28.jar:/home/spirals/danglot/.m2/repository/com/google/guava/guava/18.0/guava-18.0.jar:/home/spirals/danglot/.m2/repository/com/google/testing/compile/compile-testing/0.9/compile-testing-0.9.jar:/home/spirals/danglot/jdk1.8.0_121/jre/../lib/tools.jar:/home/spirals/danglot/.m2/repository/junit/junit/4.12/junit-4.12.jar:/home/spirals/danglot/.m2/repository/org/hamcrest/hamcrest-core/1.3/hamcrest-core-1.3.jar:/home/spirals/danglot/.m2/repository/com/google/jimfs/jimfs/1.0/jimfs-1.0.jar:/home/spirals/danglot/.m2/repository/org/mockito/mockito-core/1.10.16/mockito-core-1.10.16.jar:/home/spirals/danglot/.m2/repository/org/objenesis/objenesis/2.1/objenesis-2.1.jar:/home/spirals/danglot/.m2/repository/org/eclipse/jdt/core/compiler/ecj/4.4.2/ecj-4.4.2.jar:dataset/may-2018/javapoet/550_modified//target/classes:target/dspot/dependencies/:dataset/may-2018/javapoet/550_modified//target/test-classes:lib/catg-dev.jar:, -d, /tmp/Ex2Amplifier-experiments/dataset/may-2018/javapoet/550_modified/target/test-classes, -1.8, -proc:none, -preserveAllLocals, -noExit, -enableJavadoc, /tmp/Ex2Amplifier-experiments/target/dspot/tmp_test_sources/com/squareup/javapoet/MethodSpecTest.java]
[68704] DEBUG Launcher - compiled in 123 ms
[68704] INFO CATGExecutor - Running CATG: ~/jdk1.8.0_121/java -Xmx4096M -Xms2048M -Djanala.loggerClass=janala.logger.DirectConcolicExecution -Djanala.conf=lib/catg.conf  -javaagent:lib/catg-dev.jar -cp /home/spirals/danglot/.m2/repository/com/google/truth/truth/0.28/truth-0.28.jar:/home/spirals/danglot/.m2/repository/com/google/guava/guava/18.0/guava-18.0.jar:/home/spirals/danglot/.m2/repository/com/google/testing/compile/compile-testing/0.9/compile-testing-0.9.jar:/home/spirals/danglot/jdk1.8.0_121/jre/../lib/tools.jar:/home/spirals/danglot/.m2/repository/junit/junit/4.12/junit-4.12.jar:/home/spirals/danglot/.m2/repository/org/hamcrest/hamcrest-core/1.3/hamcrest-core-1.3.jar:/home/spirals/danglot/.m2/repository/com/google/jimfs/jimfs/1.0/jimfs-1.0.jar:/home/spirals/danglot/.m2/repository/org/mockito/mockito-core/1.10.16/mockito-core-1.10.16.jar:/home/spirals/danglot/.m2/repository/org/objenesis/objenesis/2.1/objenesis-2.1.jar:/home/spirals/danglot/.m2/repository/org/eclipse/jdt/core/compiler/ecj/4.4.2/ecj-4.4.2.jar:dataset/may-2018/javapoet/550_modified//target/classes:target/dspot/dependencies/:dataset/may-2018/javapoet/550_modified//target/test-classes:lib/catg-dev.jar:lib/catg-dev.jar:lib/asm-all-5.0.4.jar:lib/automaton-1.11-8.jar -ea com.squareup.javapoet.MethodSpecTest
[68706] INFO Amplification - 0 new tests generated
[68706] INFO Amplification - 0 amplified test(s) has been selected, global: 0
[68706] INFO Amplification - amp overrideDoesNotCopyDefaultModifier (9/13)
[68714] DEBUG Launcher - printing com.squareup.javapoet.MethodSpecTest to /tmp/Ex2Amplifier-experiments/target/dspot/tmp_test_sources
[69868] INFO Amplification - iteration 0:
[69868] INFO Amplification - 1 tests selected to be amplified over 1 available tests
[69868] INFO Amplification - Amplification of inputs...
100% |================================================== ]/
[69961] DEBUG Launcher - printing com.squareup.javapoet.MethodSpecTest to /tmp/Ex2Amplifier-experiments/target/dspot/tmp_test_sources
[69979] DEBUG Launcher - building sources: [/tmp/Ex2Amplifier-experiments/target/dspot/tmp_test_sources/com/squareup/javapoet/MethodSpecTest.java]
[69979] DEBUG Launcher - build args: [-encoding, UTF-8, -cp, /home/spirals/danglot/.m2/repository/com/google/truth/truth/0.28/truth-0.28.jar:/home/spirals/danglot/.m2/repository/com/google/guava/guava/18.0/guava-18.0.jar:/home/spirals/danglot/.m2/repository/com/google/testing/compile/compile-testing/0.9/compile-testing-0.9.jar:/home/spirals/danglot/jdk1.8.0_121/jre/../lib/tools.jar:/home/spirals/danglot/.m2/repository/junit/junit/4.12/junit-4.12.jar:/home/spirals/danglot/.m2/repository/org/hamcrest/hamcrest-core/1.3/hamcrest-core-1.3.jar:/home/spirals/danglot/.m2/repository/com/google/jimfs/jimfs/1.0/jimfs-1.0.jar:/home/spirals/danglot/.m2/repository/org/mockito/mockito-core/1.10.16/mockito-core-1.10.16.jar:/home/spirals/danglot/.m2/repository/org/objenesis/objenesis/2.1/objenesis-2.1.jar:/home/spirals/danglot/.m2/repository/org/eclipse/jdt/core/compiler/ecj/4.4.2/ecj-4.4.2.jar:dataset/may-2018/javapoet/550_modified//target/classes:target/dspot/dependencies/:dataset/may-2018/javapoet/550_modified//target/test-classes:lib/catg-dev.jar:, -1.8, -preserveAllLocals, -noExit, -enableJavadoc, /tmp/Ex2Amplifier-experiments/target/dspot/tmp_test_sources/com/squareup/javapoet/MethodSpecTest.java]
[70055] DEBUG Launcher - built in 76 ms
[70055] DEBUG Launcher - building templates: []
[70055] DEBUG Launcher - built in 0 ms
[70055] DEBUG Launcher - model built in 76
[70056] DEBUG Launcher - compiling sources: [/tmp/Ex2Amplifier-experiments/target/dspot/tmp_test_sources/com/squareup/javapoet/MethodSpecTest.java]
[70057] DEBUG Launcher - compile args: [-encoding, UTF-8, -cp, /home/spirals/danglot/.m2/repository/com/google/truth/truth/0.28/truth-0.28.jar:/home/spirals/danglot/.m2/repository/com/google/guava/guava/18.0/guava-18.0.jar:/home/spirals/danglot/.m2/repository/com/google/testing/compile/compile-testing/0.9/compile-testing-0.9.jar:/home/spirals/danglot/jdk1.8.0_121/jre/../lib/tools.jar:/home/spirals/danglot/.m2/repository/junit/junit/4.12/junit-4.12.jar:/home/spirals/danglot/.m2/repository/org/hamcrest/hamcrest-core/1.3/hamcrest-core-1.3.jar:/home/spirals/danglot/.m2/repository/com/google/jimfs/jimfs/1.0/jimfs-1.0.jar:/home/spirals/danglot/.m2/repository/org/mockito/mockito-core/1.10.16/mockito-core-1.10.16.jar:/home/spirals/danglot/.m2/repository/org/objenesis/objenesis/2.1/objenesis-2.1.jar:/home/spirals/danglot/.m2/repository/org/eclipse/jdt/core/compiler/ecj/4.4.2/ecj-4.4.2.jar:dataset/may-2018/javapoet/550_modified//target/classes:target/dspot/dependencies/:dataset/may-2018/javapoet/550_modified//target/test-classes:lib/catg-dev.jar:, -d, /tmp/Ex2Amplifier-experiments/dataset/may-2018/javapoet/550_modified/target/test-classes, -1.8, -proc:none, -preserveAllLocals, -noExit, -enableJavadoc, /tmp/Ex2Amplifier-experiments/target/dspot/tmp_test_sources/com/squareup/javapoet/MethodSpecTest.java]
[70164] DEBUG Launcher - compiled in 108 ms
[70165] INFO CATGExecutor - Running CATG: ~/jdk1.8.0_121/java -Xmx4096M -Xms2048M -Djanala.loggerClass=janala.logger.DirectConcolicExecution -Djanala.conf=lib/catg.conf  -javaagent:lib/catg-dev.jar -cp /home/spirals/danglot/.m2/repository/com/google/truth/truth/0.28/truth-0.28.jar:/home/spirals/danglot/.m2/repository/com/google/guava/guava/18.0/guava-18.0.jar:/home/spirals/danglot/.m2/repository/com/google/testing/compile/compile-testing/0.9/compile-testing-0.9.jar:/home/spirals/danglot/jdk1.8.0_121/jre/../lib/tools.jar:/home/spirals/danglot/.m2/repository/junit/junit/4.12/junit-4.12.jar:/home/spirals/danglot/.m2/repository/org/hamcrest/hamcrest-core/1.3/hamcrest-core-1.3.jar:/home/spirals/danglot/.m2/repository/com/google/jimfs/jimfs/1.0/jimfs-1.0.jar:/home/spirals/danglot/.m2/repository/org/mockito/mockito-core/1.10.16/mockito-core-1.10.16.jar:/home/spirals/danglot/.m2/repository/org/objenesis/objenesis/2.1/objenesis-2.1.jar:/home/spirals/danglot/.m2/repository/org/eclipse/jdt/core/compiler/ecj/4.4.2/ecj-4.4.2.jar:dataset/may-2018/javapoet/550_modified//target/classes:target/dspot/dependencies/:dataset/may-2018/javapoet/550_modified//target/test-classes:lib/catg-dev.jar:lib/catg-dev.jar:lib/asm-all-5.0.4.jar:lib/automaton-1.11-8.jar -ea com.squareup.javapoet.MethodSpecTest
[70167] INFO Amplification - 0 new tests generated
[70167] INFO Amplification - 0 amplified test(s) has been selected, global: 0
[70167] INFO Amplification - amp addModifiersVarargsShouldNotBeNull (10/13)
[70175] DEBUG Launcher - printing com.squareup.javapoet.MethodSpecTest to /tmp/Ex2Amplifier-experiments/target/dspot/tmp_test_sources
[71405] INFO Amplification - iteration 0:
[71405] INFO Amplification - 1 tests selected to be amplified over 1 available tests
[71405] INFO Amplification - Amplification of inputs...
100% |================================================== ]/
[71412] DEBUG Launcher - printing com.squareup.javapoet.MethodSpecTest to /tmp/Ex2Amplifier-experiments/target/dspot/tmp_test_sources
[71428] DEBUG Launcher - building sources: [/tmp/Ex2Amplifier-experiments/target/dspot/tmp_test_sources/com/squareup/javapoet/MethodSpecTest.java]
[71428] DEBUG Launcher - build args: [-encoding, UTF-8, -cp, /home/spirals/danglot/.m2/repository/com/google/truth/truth/0.28/truth-0.28.jar:/home/spirals/danglot/.m2/repository/com/google/guava/guava/18.0/guava-18.0.jar:/home/spirals/danglot/.m2/repository/com/google/testing/compile/compile-testing/0.9/compile-testing-0.9.jar:/home/spirals/danglot/jdk1.8.0_121/jre/../lib/tools.jar:/home/spirals/danglot/.m2/repository/junit/junit/4.12/junit-4.12.jar:/home/spirals/danglot/.m2/repository/org/hamcrest/hamcrest-core/1.3/hamcrest-core-1.3.jar:/home/spirals/danglot/.m2/repository/com/google/jimfs/jimfs/1.0/jimfs-1.0.jar:/home/spirals/danglot/.m2/repository/org/mockito/mockito-core/1.10.16/mockito-core-1.10.16.jar:/home/spirals/danglot/.m2/repository/org/objenesis/objenesis/2.1/objenesis-2.1.jar:/home/spirals/danglot/.m2/repository/org/eclipse/jdt/core/compiler/ecj/4.4.2/ecj-4.4.2.jar:dataset/may-2018/javapoet/550_modified//target/classes:target/dspot/dependencies/:dataset/may-2018/javapoet/550_modified//target/test-classes:lib/catg-dev.jar:, -1.8, -preserveAllLocals, -noExit, -enableJavadoc, /tmp/Ex2Amplifier-experiments/target/dspot/tmp_test_sources/com/squareup/javapoet/MethodSpecTest.java]
[71503] DEBUG Launcher - built in 75 ms
[71503] DEBUG Launcher - building templates: []
[71503] DEBUG Launcher - built in 0 ms
[71504] DEBUG Launcher - model built in 76
[71504] DEBUG Launcher - compiling sources: [/tmp/Ex2Amplifier-experiments/target/dspot/tmp_test_sources/com/squareup/javapoet/MethodSpecTest.java]
[71505] DEBUG Launcher - compile args: [-encoding, UTF-8, -cp, /home/spirals/danglot/.m2/repository/com/google/truth/truth/0.28/truth-0.28.jar:/home/spirals/danglot/.m2/repository/com/google/guava/guava/18.0/guava-18.0.jar:/home/spirals/danglot/.m2/repository/com/google/testing/compile/compile-testing/0.9/compile-testing-0.9.jar:/home/spirals/danglot/jdk1.8.0_121/jre/../lib/tools.jar:/home/spirals/danglot/.m2/repository/junit/junit/4.12/junit-4.12.jar:/home/spirals/danglot/.m2/repository/org/hamcrest/hamcrest-core/1.3/hamcrest-core-1.3.jar:/home/spirals/danglot/.m2/repository/com/google/jimfs/jimfs/1.0/jimfs-1.0.jar:/home/spirals/danglot/.m2/repository/org/mockito/mockito-core/1.10.16/mockito-core-1.10.16.jar:/home/spirals/danglot/.m2/repository/org/objenesis/objenesis/2.1/objenesis-2.1.jar:/home/spirals/danglot/.m2/repository/org/eclipse/jdt/core/compiler/ecj/4.4.2/ecj-4.4.2.jar:dataset/may-2018/javapoet/550_modified//target/classes:target/dspot/dependencies/:dataset/may-2018/javapoet/550_modified//target/test-classes:lib/catg-dev.jar:, -d, /tmp/Ex2Amplifier-experiments/dataset/may-2018/javapoet/550_modified/target/test-classes, -1.8, -proc:none, -preserveAllLocals, -noExit, -enableJavadoc, /tmp/Ex2Amplifier-experiments/target/dspot/tmp_test_sources/com/squareup/javapoet/MethodSpecTest.java]
[71598] DEBUG Launcher - compiled in 94 ms
[71598] INFO CATGExecutor - Running CATG: ~/jdk1.8.0_121/java -Xmx4096M -Xms2048M -Djanala.loggerClass=janala.logger.DirectConcolicExecution -Djanala.conf=lib/catg.conf  -javaagent:lib/catg-dev.jar -cp /home/spirals/danglot/.m2/repository/com/google/truth/truth/0.28/truth-0.28.jar:/home/spirals/danglot/.m2/repository/com/google/guava/guava/18.0/guava-18.0.jar:/home/spirals/danglot/.m2/repository/com/google/testing/compile/compile-testing/0.9/compile-testing-0.9.jar:/home/spirals/danglot/jdk1.8.0_121/jre/../lib/tools.jar:/home/spirals/danglot/.m2/repository/junit/junit/4.12/junit-4.12.jar:/home/spirals/danglot/.m2/repository/org/hamcrest/hamcrest-core/1.3/hamcrest-core-1.3.jar:/home/spirals/danglot/.m2/repository/com/google/jimfs/jimfs/1.0/jimfs-1.0.jar:/home/spirals/danglot/.m2/repository/org/mockito/mockito-core/1.10.16/mockito-core-1.10.16.jar:/home/spirals/danglot/.m2/repository/org/objenesis/objenesis/2.1/objenesis-2.1.jar:/home/spirals/danglot/.m2/repository/org/eclipse/jdt/core/compiler/ecj/4.4.2/ecj-4.4.2.jar:dataset/may-2018/javapoet/550_modified//target/classes:target/dspot/dependencies/:dataset/may-2018/javapoet/550_modified//target/test-classes:lib/catg-dev.jar:lib/catg-dev.jar:lib/asm-all-5.0.4.jar:lib/automaton-1.11-8.jar -ea com.squareup.javapoet.MethodSpecTest
[71601] INFO Amplification - 0 new tests generated
[71601] INFO Amplification - 0 amplified test(s) has been selected, global: 0
[71601] INFO Amplification - amp nullIsNotAValidMethodName (11/13)
[71613] DEBUG Launcher - printing com.squareup.javapoet.MethodSpecTest to /tmp/Ex2Amplifier-experiments/target/dspot/tmp_test_sources
[72822] INFO Amplification - iteration 0:
[72822] INFO Amplification - 1 tests selected to be amplified over 1 available tests
[72822] INFO Amplification - Amplification of inputs...
100% |================================================== ]/
[72828] DEBUG Launcher - printing com.squareup.javapoet.MethodSpecTest to /tmp/Ex2Amplifier-experiments/target/dspot/tmp_test_sources
[72844] DEBUG Launcher - building sources: [/tmp/Ex2Amplifier-experiments/target/dspot/tmp_test_sources/com/squareup/javapoet/MethodSpecTest.java]
[72844] DEBUG Launcher - build args: [-encoding, UTF-8, -cp, /home/spirals/danglot/.m2/repository/com/google/truth/truth/0.28/truth-0.28.jar:/home/spirals/danglot/.m2/repository/com/google/guava/guava/18.0/guava-18.0.jar:/home/spirals/danglot/.m2/repository/com/google/testing/compile/compile-testing/0.9/compile-testing-0.9.jar:/home/spirals/danglot/jdk1.8.0_121/jre/../lib/tools.jar:/home/spirals/danglot/.m2/repository/junit/junit/4.12/junit-4.12.jar:/home/spirals/danglot/.m2/repository/org/hamcrest/hamcrest-core/1.3/hamcrest-core-1.3.jar:/home/spirals/danglot/.m2/repository/com/google/jimfs/jimfs/1.0/jimfs-1.0.jar:/home/spirals/danglot/.m2/repository/org/mockito/mockito-core/1.10.16/mockito-core-1.10.16.jar:/home/spirals/danglot/.m2/repository/org/objenesis/objenesis/2.1/objenesis-2.1.jar:/home/spirals/danglot/.m2/repository/org/eclipse/jdt/core/compiler/ecj/4.4.2/ecj-4.4.2.jar:dataset/may-2018/javapoet/550_modified//target/classes:target/dspot/dependencies/:dataset/may-2018/javapoet/550_modified//target/test-classes:lib/catg-dev.jar:, -1.8, -preserveAllLocals, -noExit, -enableJavadoc, /tmp/Ex2Amplifier-experiments/target/dspot/tmp_test_sources/com/squareup/javapoet/MethodSpecTest.java]
[72918] DEBUG Launcher - built in 74 ms
[72918] DEBUG Launcher - building templates: []
[72918] DEBUG Launcher - built in 0 ms
[72919] DEBUG Launcher - model built in 75
[72919] DEBUG Launcher - compiling sources: [/tmp/Ex2Amplifier-experiments/target/dspot/tmp_test_sources/com/squareup/javapoet/MethodSpecTest.java]
[72920] DEBUG Launcher - compile args: [-encoding, UTF-8, -cp, /home/spirals/danglot/.m2/repository/com/google/truth/truth/0.28/truth-0.28.jar:/home/spirals/danglot/.m2/repository/com/google/guava/guava/18.0/guava-18.0.jar:/home/spirals/danglot/.m2/repository/com/google/testing/compile/compile-testing/0.9/compile-testing-0.9.jar:/home/spirals/danglot/jdk1.8.0_121/jre/../lib/tools.jar:/home/spirals/danglot/.m2/repository/junit/junit/4.12/junit-4.12.jar:/home/spirals/danglot/.m2/repository/org/hamcrest/hamcrest-core/1.3/hamcrest-core-1.3.jar:/home/spirals/danglot/.m2/repository/com/google/jimfs/jimfs/1.0/jimfs-1.0.jar:/home/spirals/danglot/.m2/repository/org/mockito/mockito-core/1.10.16/mockito-core-1.10.16.jar:/home/spirals/danglot/.m2/repository/org/objenesis/objenesis/2.1/objenesis-2.1.jar:/home/spirals/danglot/.m2/repository/org/eclipse/jdt/core/compiler/ecj/4.4.2/ecj-4.4.2.jar:dataset/may-2018/javapoet/550_modified//target/classes:target/dspot/dependencies/:dataset/may-2018/javapoet/550_modified//target/test-classes:lib/catg-dev.jar:, -d, /tmp/Ex2Amplifier-experiments/dataset/may-2018/javapoet/550_modified/target/test-classes, -1.8, -proc:none, -preserveAllLocals, -noExit, -enableJavadoc, /tmp/Ex2Amplifier-experiments/target/dspot/tmp_test_sources/com/squareup/javapoet/MethodSpecTest.java]
[73010] DEBUG Launcher - compiled in 91 ms
[73011] INFO CATGExecutor - Running CATG: ~/jdk1.8.0_121/java -Xmx4096M -Xms2048M -Djanala.loggerClass=janala.logger.DirectConcolicExecution -Djanala.conf=lib/catg.conf  -javaagent:lib/catg-dev.jar -cp /home/spirals/danglot/.m2/repository/com/google/truth/truth/0.28/truth-0.28.jar:/home/spirals/danglot/.m2/repository/com/google/guava/guava/18.0/guava-18.0.jar:/home/spirals/danglot/.m2/repository/com/google/testing/compile/compile-testing/0.9/compile-testing-0.9.jar:/home/spirals/danglot/jdk1.8.0_121/jre/../lib/tools.jar:/home/spirals/danglot/.m2/repository/junit/junit/4.12/junit-4.12.jar:/home/spirals/danglot/.m2/repository/org/hamcrest/hamcrest-core/1.3/hamcrest-core-1.3.jar:/home/spirals/danglot/.m2/repository/com/google/jimfs/jimfs/1.0/jimfs-1.0.jar:/home/spirals/danglot/.m2/repository/org/mockito/mockito-core/1.10.16/mockito-core-1.10.16.jar:/home/spirals/danglot/.m2/repository/org/objenesis/objenesis/2.1/objenesis-2.1.jar:/home/spirals/danglot/.m2/repository/org/eclipse/jdt/core/compiler/ecj/4.4.2/ecj-4.4.2.jar:dataset/may-2018/javapoet/550_modified//target/classes:target/dspot/dependencies/:dataset/may-2018/javapoet/550_modified//target/test-classes:lib/catg-dev.jar:lib/catg-dev.jar:lib/asm-all-5.0.4.jar:lib/automaton-1.11-8.jar -ea com.squareup.javapoet.MethodSpecTest
[73013] INFO Amplification - 0 new tests generated
[73013] INFO Amplification - 0 amplified test(s) has been selected, global: 0
[73013] INFO Amplification - amp duplicateExceptionsIgnored (12/13)
[73022] DEBUG Launcher - printing com.squareup.javapoet.MethodSpecTest to /tmp/Ex2Amplifier-experiments/target/dspot/tmp_test_sources
[74239] INFO Amplification - iteration 0:
[74239] INFO Amplification - 1 tests selected to be amplified over 1 available tests
[74239] INFO Amplification - Amplification of inputs...
100% |================================================== ]/
[74254] DEBUG Launcher - printing com.squareup.javapoet.MethodSpecTest to /tmp/Ex2Amplifier-experiments/target/dspot/tmp_test_sources
[74276] DEBUG Launcher - building sources: [/tmp/Ex2Amplifier-experiments/target/dspot/tmp_test_sources/com/squareup/javapoet/MethodSpecTest.java]
[74276] DEBUG Launcher - build args: [-encoding, UTF-8, -cp, /home/spirals/danglot/.m2/repository/com/google/truth/truth/0.28/truth-0.28.jar:/home/spirals/danglot/.m2/repository/com/google/guava/guava/18.0/guava-18.0.jar:/home/spirals/danglot/.m2/repository/com/google/testing/compile/compile-testing/0.9/compile-testing-0.9.jar:/home/spirals/danglot/jdk1.8.0_121/jre/../lib/tools.jar:/home/spirals/danglot/.m2/repository/junit/junit/4.12/junit-4.12.jar:/home/spirals/danglot/.m2/repository/org/hamcrest/hamcrest-core/1.3/hamcrest-core-1.3.jar:/home/spirals/danglot/.m2/repository/com/google/jimfs/jimfs/1.0/jimfs-1.0.jar:/home/spirals/danglot/.m2/repository/org/mockito/mockito-core/1.10.16/mockito-core-1.10.16.jar:/home/spirals/danglot/.m2/repository/org/objenesis/objenesis/2.1/objenesis-2.1.jar:/home/spirals/danglot/.m2/repository/org/eclipse/jdt/core/compiler/ecj/4.4.2/ecj-4.4.2.jar:dataset/may-2018/javapoet/550_modified//target/classes:target/dspot/dependencies/:dataset/may-2018/javapoet/550_modified//target/test-classes:lib/catg-dev.jar:, -1.8, -preserveAllLocals, -noExit, -enableJavadoc, /tmp/Ex2Amplifier-experiments/target/dspot/tmp_test_sources/com/squareup/javapoet/MethodSpecTest.java]
[74358] DEBUG Launcher - built in 82 ms
[74358] DEBUG Launcher - building templates: []
[74358] DEBUG Launcher - built in 0 ms
[74359] DEBUG Launcher - model built in 83
[74359] DEBUG Launcher - compiling sources: [/tmp/Ex2Amplifier-experiments/target/dspot/tmp_test_sources/com/squareup/javapoet/MethodSpecTest.java]
[74360] DEBUG Launcher - compile args: [-encoding, UTF-8, -cp, /home/spirals/danglot/.m2/repository/com/google/truth/truth/0.28/truth-0.28.jar:/home/spirals/danglot/.m2/repository/com/google/guava/guava/18.0/guava-18.0.jar:/home/spirals/danglot/.m2/repository/com/google/testing/compile/compile-testing/0.9/compile-testing-0.9.jar:/home/spirals/danglot/jdk1.8.0_121/jre/../lib/tools.jar:/home/spirals/danglot/.m2/repository/junit/junit/4.12/junit-4.12.jar:/home/spirals/danglot/.m2/repository/org/hamcrest/hamcrest-core/1.3/hamcrest-core-1.3.jar:/home/spirals/danglot/.m2/repository/com/google/jimfs/jimfs/1.0/jimfs-1.0.jar:/home/spirals/danglot/.m2/repository/org/mockito/mockito-core/1.10.16/mockito-core-1.10.16.jar:/home/spirals/danglot/.m2/repository/org/objenesis/objenesis/2.1/objenesis-2.1.jar:/home/spirals/danglot/.m2/repository/org/eclipse/jdt/core/compiler/ecj/4.4.2/ecj-4.4.2.jar:dataset/may-2018/javapoet/550_modified//target/classes:target/dspot/dependencies/:dataset/may-2018/javapoet/550_modified//target/test-classes:lib/catg-dev.jar:, -d, /tmp/Ex2Amplifier-experiments/dataset/may-2018/javapoet/550_modified/target/test-classes, -1.8, -proc:none, -preserveAllLocals, -noExit, -enableJavadoc, /tmp/Ex2Amplifier-experiments/target/dspot/tmp_test_sources/com/squareup/javapoet/MethodSpecTest.java]
[74462] DEBUG Launcher - compiled in 103 ms
[74462] INFO CATGExecutor - Running CATG: ~/jdk1.8.0_121/java -Xmx4096M -Xms2048M -Djanala.loggerClass=janala.logger.DirectConcolicExecution -Djanala.conf=lib/catg.conf  -javaagent:lib/catg-dev.jar -cp /home/spirals/danglot/.m2/repository/com/google/truth/truth/0.28/truth-0.28.jar:/home/spirals/danglot/.m2/repository/com/google/guava/guava/18.0/guava-18.0.jar:/home/spirals/danglot/.m2/repository/com/google/testing/compile/compile-testing/0.9/compile-testing-0.9.jar:/home/spirals/danglot/jdk1.8.0_121/jre/../lib/tools.jar:/home/spirals/danglot/.m2/repository/junit/junit/4.12/junit-4.12.jar:/home/spirals/danglot/.m2/repository/org/hamcrest/hamcrest-core/1.3/hamcrest-core-1.3.jar:/home/spirals/danglot/.m2/repository/com/google/jimfs/jimfs/1.0/jimfs-1.0.jar:/home/spirals/danglot/.m2/repository/org/mockito/mockito-core/1.10.16/mockito-core-1.10.16.jar:/home/spirals/danglot/.m2/repository/org/objenesis/objenesis/2.1/objenesis-2.1.jar:/home/spirals/danglot/.m2/repository/org/eclipse/jdt/core/compiler/ecj/4.4.2/ecj-4.4.2.jar:dataset/may-2018/javapoet/550_modified//target/classes:target/dspot/dependencies/:dataset/may-2018/javapoet/550_modified//target/test-classes:lib/catg-dev.jar:lib/catg-dev.jar:lib/asm-all-5.0.4.jar:lib/automaton-1.11-8.jar -ea com.squareup.javapoet.MethodSpecTest
[74464] INFO Amplification - 0 new tests generated
[74464] INFO Amplification - 0 amplified test(s) has been selected, global: 0
[74464] INFO Amplification - amp equalsAndHashCode (13/13)
[74472] DEBUG Launcher - printing com.squareup.javapoet.MethodSpecTest to /tmp/Ex2Amplifier-experiments/target/dspot/tmp_test_sources
[75626] INFO Amplification - iteration 0:
[75626] INFO Amplification - 1 tests selected to be amplified over 1 available tests
[75626] INFO Amplification - Amplification of inputs...
100% |================================================== ]/
[75794] DEBUG Launcher - printing com.squareup.javapoet.MethodSpecTest to /tmp/Ex2Amplifier-experiments/target/dspot/tmp_test_sources
[75811] DEBUG Launcher - building sources: [/tmp/Ex2Amplifier-experiments/target/dspot/tmp_test_sources/com/squareup/javapoet/MethodSpecTest.java]
[75812] DEBUG Launcher - build args: [-encoding, UTF-8, -cp, /home/spirals/danglot/.m2/repository/com/google/truth/truth/0.28/truth-0.28.jar:/home/spirals/danglot/.m2/repository/com/google/guava/guava/18.0/guava-18.0.jar:/home/spirals/danglot/.m2/repository/com/google/testing/compile/compile-testing/0.9/compile-testing-0.9.jar:/home/spirals/danglot/jdk1.8.0_121/jre/../lib/tools.jar:/home/spirals/danglot/.m2/repository/junit/junit/4.12/junit-4.12.jar:/home/spirals/danglot/.m2/repository/org/hamcrest/hamcrest-core/1.3/hamcrest-core-1.3.jar:/home/spirals/danglot/.m2/repository/com/google/jimfs/jimfs/1.0/jimfs-1.0.jar:/home/spirals/danglot/.m2/repository/org/mockito/mockito-core/1.10.16/mockito-core-1.10.16.jar:/home/spirals/danglot/.m2/repository/org/objenesis/objenesis/2.1/objenesis-2.1.jar:/home/spirals/danglot/.m2/repository/org/eclipse/jdt/core/compiler/ecj/4.4.2/ecj-4.4.2.jar:dataset/may-2018/javapoet/550_modified//target/classes:target/dspot/dependencies/:dataset/may-2018/javapoet/550_modified//target/test-classes:lib/catg-dev.jar:, -1.8, -preserveAllLocals, -noExit, -enableJavadoc, /tmp/Ex2Amplifier-experiments/target/dspot/tmp_test_sources/com/squareup/javapoet/MethodSpecTest.java]
[75885] DEBUG Launcher - built in 74 ms
[75885] DEBUG Launcher - building templates: []
[75885] DEBUG Launcher - built in 0 ms
[75886] DEBUG Launcher - model built in 75
[75886] DEBUG Launcher - compiling sources: [/tmp/Ex2Amplifier-experiments/target/dspot/tmp_test_sources/com/squareup/javapoet/MethodSpecTest.java]
[75887] DEBUG Launcher - compile args: [-encoding, UTF-8, -cp, /home/spirals/danglot/.m2/repository/com/google/truth/truth/0.28/truth-0.28.jar:/home/spirals/danglot/.m2/repository/com/google/guava/guava/18.0/guava-18.0.jar:/home/spirals/danglot/.m2/repository/com/google/testing/compile/compile-testing/0.9/compile-testing-0.9.jar:/home/spirals/danglot/jdk1.8.0_121/jre/../lib/tools.jar:/home/spirals/danglot/.m2/repository/junit/junit/4.12/junit-4.12.jar:/home/spirals/danglot/.m2/repository/org/hamcrest/hamcrest-core/1.3/hamcrest-core-1.3.jar:/home/spirals/danglot/.m2/repository/com/google/jimfs/jimfs/1.0/jimfs-1.0.jar:/home/spirals/danglot/.m2/repository/org/mockito/mockito-core/1.10.16/mockito-core-1.10.16.jar:/home/spirals/danglot/.m2/repository/org/objenesis/objenesis/2.1/objenesis-2.1.jar:/home/spirals/danglot/.m2/repository/org/eclipse/jdt/core/compiler/ecj/4.4.2/ecj-4.4.2.jar:dataset/may-2018/javapoet/550_modified//target/classes:target/dspot/dependencies/:dataset/may-2018/javapoet/550_modified//target/test-classes:lib/catg-dev.jar:, -d, /tmp/Ex2Amplifier-experiments/dataset/may-2018/javapoet/550_modified/target/test-classes, -1.8, -proc:none, -preserveAllLocals, -noExit, -enableJavadoc, /tmp/Ex2Amplifier-experiments/target/dspot/tmp_test_sources/com/squareup/javapoet/MethodSpecTest.java]
[76009] DEBUG Launcher - compiled in 123 ms
[76010] INFO CATGExecutor - Running CATG: ~/jdk1.8.0_121/java -Xmx4096M -Xms2048M -Djanala.loggerClass=janala.logger.DirectConcolicExecution -Djanala.conf=lib/catg.conf  -javaagent:lib/catg-dev.jar -cp /home/spirals/danglot/.m2/repository/com/google/truth/truth/0.28/truth-0.28.jar:/home/spirals/danglot/.m2/repository/com/google/guava/guava/18.0/guava-18.0.jar:/home/spirals/danglot/.m2/repository/com/google/testing/compile/compile-testing/0.9/compile-testing-0.9.jar:/home/spirals/danglot/jdk1.8.0_121/jre/../lib/tools.jar:/home/spirals/danglot/.m2/repository/junit/junit/4.12/junit-4.12.jar:/home/spirals/danglot/.m2/repository/org/hamcrest/hamcrest-core/1.3/hamcrest-core-1.3.jar:/home/spirals/danglot/.m2/repository/com/google/jimfs/jimfs/1.0/jimfs-1.0.jar:/home/spirals/danglot/.m2/repository/org/mockito/mockito-core/1.10.16/mockito-core-1.10.16.jar:/home/spirals/danglot/.m2/repository/org/objenesis/objenesis/2.1/objenesis-2.1.jar:/home/spirals/danglot/.m2/repository/org/eclipse/jdt/core/compiler/ecj/4.4.2/ecj-4.4.2.jar:dataset/may-2018/javapoet/550_modified//target/classes:target/dspot/dependencies/:dataset/may-2018/javapoet/550_modified//target/test-classes:lib/catg-dev.jar:lib/catg-dev.jar:lib/asm-all-5.0.4.jar:lib/automaton-1.11-8.jar -ea com.squareup.javapoet.MethodSpecTest
[76012] INFO Amplification - 0 new tests generated
[76012] INFO Amplification - 0 amplified test(s) has been selected, global: 0
[76012] INFO DSpot - elapsedTime 34768
======= REPORT =======
0 amplified test fails on the new versions.

[76926] INFO DSpot - Print AmplMethodSpecTest with 0?amplified test cases in results/may-2018/javapoet/550_modified/CATG
[76927] DEBUG Launcher - printing com.squareup.javapoet.AmplMethodSpecTest to /tmp/Ex2Amplifier-experiments/results/may-2018/javapoet/550_modified/CATG
