SLF4J: Class path contains multiple SLF4J bindings.
SLF4J: Found binding in [jar:file:/home/spirals/danglot/.m2/repository/eu/stamp-project/test-runner/1.0.5/test-runner-1.0.5-jar-with-dependencies.jar!/org/slf4j/impl/StaticLoggerBinder.class]
SLF4J: Found binding in [jar:file:/home/spirals/danglot/.m2/repository/org/slf4j/slf4j-log4j12/1.7.25/slf4j-log4j12-1.7.25.jar!/org/slf4j/impl/StaticLoggerBinder.class]
SLF4J: See http://www.slf4j.org/codes.html#multiple_bindings for an explanation.
SLF4J: Actual binding is of type [org.slf4j.impl.Log4jLoggerFactory]
Exception in thread "main" java.lang.RuntimeException: java.lang.RuntimeException: java.lang.RuntimeException: java.io.IOException: Cannot run program "git" (in directory "dataset/may-2018/javapoet/562_modified"): error=2, No such file or directory
	at eu.stamp.project.Main.main(Main.java:96)
Caused by: java.lang.RuntimeException: java.lang.RuntimeException: java.io.IOException: Cannot run program "git" (in directory "dataset/may-2018/javapoet/562_modified"): error=2, No such file or directory
	at eu.stamp.project.Main.lambda$run$2(Main.java:152)
	at java.util.stream.ForEachOps$ForEachOp$OfRef.accept(ForEachOps.java:184)
	at java.util.stream.ReferencePipeline$2$1.accept(ReferencePipeline.java:175)
	at java.util.ArrayList$ArrayListSpliterator.forEachRemaining(ArrayList.java:1374)
	at java.util.stream.AbstractPipeline.copyInto(AbstractPipeline.java:481)
	at java.util.stream.AbstractPipeline.wrapAndCopyInto(AbstractPipeline.java:471)
	at java.util.stream.ForEachOps$ForEachOp.evaluateSequential(ForEachOps.java:151)
	at java.util.stream.ForEachOps$ForEachOp$OfRef.evaluateSequential(ForEachOps.java:174)
	at java.util.stream.AbstractPipeline.evaluate(AbstractPipeline.java:234)
	at java.util.stream.ReferencePipeline.forEach(ReferencePipeline.java:418)
	at eu.stamp.project.Main.run(Main.java:117)
	at eu.stamp.project.Main.main(Main.java:88)
Caused by: java.lang.RuntimeException: java.io.IOException: Cannot run program "git" (in directory "dataset/may-2018/javapoet/562_modified"): error=2, No such file or directory
	at eu.stamp.project.InputConfigurationManager.getModule(InputConfigurationManager.java:84)
	at eu.stamp.project.InputConfigurationManager.setupConfiguration(InputConfigurationManager.java:67)
	at eu.stamp.project.Main.lambda$run$2(Main.java:119)
	... 11 more
Caused by: java.io.IOException: Cannot run program "git" (in directory "dataset/may-2018/javapoet/562_modified"): error=2, No such file or directory
	at java.lang.ProcessBuilder.start(ProcessBuilder.java:1048)
	at java.lang.Runtime.exec(Runtime.java:620)
	at java.lang.Runtime.exec(Runtime.java:450)
	at eu.stamp.project.InputConfigurationManager.getModule(InputConfigurationManager.java:78)
	... 13 more
Caused by: java.io.IOException: error=2, No such file or directory
	at java.lang.UNIXProcess.forkAndExec(Native Method)
	at java.lang.UNIXProcess.<init>(UNIXProcess.java:247)
	at java.lang.ProcessImpl.start(ProcessImpl.java:134)
	at java.lang.ProcessBuilder.start(ProcessBuilder.java:1029)
	... 16 more
SLF4J: Class path contains multiple SLF4J bindings.
SLF4J: Found binding in [jar:file:/home/spirals/danglot/.m2/repository/eu/stamp-project/test-runner/1.0.5/test-runner-1.0.5-jar-with-dependencies.jar!/org/slf4j/impl/StaticLoggerBinder.class]
SLF4J: Found binding in [jar:file:/home/spirals/danglot/.m2/repository/org/slf4j/slf4j-log4j12/1.7.25/slf4j-log4j12-1.7.25.jar!/org/slf4j/impl/StaticLoggerBinder.class]
SLF4J: See http://www.slf4j.org/codes.html#multiple_bindings for an explanation.
SLF4J: Actual binding is of type [org.slf4j.impl.Log4jLoggerFactory]
[0] WARN AutomaticBuilderFactory - No automatic builder specified in configuration, going to default.
[1] INFO AutomaticBuilderFactory - Default: provided Maven automatic builder.
[13] INFO MavenAutomaticBuilder - run maven clean test -DskipTests dependency:build-classpath -Dmdep.outputFile=target/dspot/classpath
[WARN] Maven will be executed in interactive mode, but no input stream has been configured for this MavenInvoker instance.
[INFO] Scanning for projects...
[INFO]                                                                         
[INFO] ------------------------------------------------------------------------
[INFO] Building JavaPoet 1.10.0-SNAPSHOT
[INFO] ------------------------------------------------------------------------
[INFO] 
[INFO] --- maven-clean-plugin:2.5:clean (default-clean) @ javapoet ---
[INFO] Deleting /tmp/Ex2Amplifier-experiments/dataset/may-2018/javapoet/562/target
[INFO] 
[INFO] --- maven-enforcer-plugin:1.0:enforce (enforce-maven) @ javapoet ---
[INFO] Skipping Rule Enforcement.
[INFO] 
[INFO] --- maven-resources-plugin:2.6:resources (default-resources) @ javapoet ---
[INFO] Using 'UTF-8' encoding to copy filtered resources.
[INFO] skip non existing resourceDirectory /tmp/Ex2Amplifier-experiments/dataset/may-2018/javapoet/562/src/main/resources
[INFO] 
[INFO] --- maven-compiler-plugin:3.6.1:compile (default-compile) @ javapoet ---
[INFO] Changes detected - recompiling the module!
[INFO] Compiling 17 source files to /tmp/Ex2Amplifier-experiments/dataset/may-2018/javapoet/562/target/classes
[INFO] 
[INFO] --- maven-resources-plugin:2.6:testResources (default-testResources) @ javapoet ---
[INFO] Using 'UTF-8' encoding to copy filtered resources.
[INFO] skip non existing resourceDirectory /tmp/Ex2Amplifier-experiments/dataset/may-2018/javapoet/562/src/test/resources
[INFO] 
[INFO] --- maven-compiler-plugin:3.6.1:testCompile (default-testCompile) @ javapoet ---
[INFO] Changes detected - recompiling the module!
[INFO] Compiling 19 source files to /tmp/Ex2Amplifier-experiments/dataset/may-2018/javapoet/562/target/test-classes
[INFO] 
[INFO] --- maven-surefire-plugin:2.12.4:test (default-test) @ javapoet ---
[INFO] Tests are skipped.
[INFO] 
[INFO] --- maven-dependency-plugin:2.8:build-classpath (default-cli) @ javapoet ---
[INFO] Wrote classpath file '/tmp/Ex2Amplifier-experiments/dataset/may-2018/javapoet/562/target/dspot/classpath'.
[INFO] ------------------------------------------------------------------------
[INFO] BUILD SUCCESS
[INFO] ------------------------------------------------------------------------
[INFO] Total time: 8.457 s
[INFO] Finished at: 2018-05-15T16:14:25+02:00
[INFO] Final Memory: 38M/1219M
[INFO] ------------------------------------------------------------------------
[13053] ERROR JDTCommentBuilder - // @Target(ElementType.TYPE_USE) requires Java 1.8 is not added into the AST
spoon.reflect.declaration.ParentNotInitializedException: parent not initialized for class spoon.support.reflect.code.CtCommentImpl (/tmp/Ex2Amplifier-experiments/dataset/may-2018/javapoet/562/src/test/java/com/squareup/javapoet/AnnotatedTypeNameTest.java:118)
	at spoon.support.reflect.declaration.CtElementImpl.getParent(CtElementImpl.java:340)
	at spoon.support.compiler.jdt.JDTCommentBuilder.insertCommentInAST(JDTCommentBuilder.java:474)
	at spoon.support.compiler.jdt.JDTCommentBuilder.buildComment(JDTCommentBuilder.java:152)
	at spoon.support.compiler.jdt.JDTCommentBuilder.build(JDTCommentBuilder.java:108)
	at spoon.support.compiler.jdt.JDTBasedSpoonCompiler.buildModel(JDTBasedSpoonCompiler.java:417)
	at spoon.support.compiler.jdt.JDTBasedSpoonCompiler.buildUnitsAndModel(JDTBasedSpoonCompiler.java:362)
	at spoon.support.compiler.jdt.JDTBasedSpoonCompiler.buildSources(JDTBasedSpoonCompiler.java:335)
	at spoon.support.compiler.jdt.JDTBasedSpoonCompiler.build(JDTBasedSpoonCompiler.java:116)
	at spoon.support.compiler.jdt.JDTBasedSpoonCompiler.build(JDTBasedSpoonCompiler.java:99)
	at spoon.Launcher.buildModel(Launcher.java:724)
	at fr.inria.diversify.utils.compilation.DSpotCompiler.getSpoonModelOf(DSpotCompiler.java:106)
	at fr.inria.diversify.utils.compilation.DSpotCompiler.createDSpotCompiler(DSpotCompiler.java:31)
	at fr.inria.diversify.dspot.DSpot.<init>(DSpot.java:103)
	at eu.stamp.project.Main.lambda$run$2(Main.java:134)
	at java.util.stream.ForEachOps$ForEachOp$OfRef.accept(ForEachOps.java:184)
	at java.util.stream.ReferencePipeline$2$1.accept(ReferencePipeline.java:175)
	at java.util.ArrayList$ArrayListSpliterator.forEachRemaining(ArrayList.java:1374)
	at java.util.stream.AbstractPipeline.copyInto(AbstractPipeline.java:481)
	at java.util.stream.AbstractPipeline.wrapAndCopyInto(AbstractPipeline.java:471)
	at java.util.stream.ForEachOps$ForEachOp.evaluateSequential(ForEachOps.java:151)
	at java.util.stream.ForEachOps$ForEachOp$OfRef.evaluateSequential(ForEachOps.java:174)
	at java.util.stream.AbstractPipeline.evaluate(AbstractPipeline.java:234)
	at java.util.stream.ReferencePipeline.forEach(ReferencePipeline.java:418)
	at eu.stamp.project.Main.run(Main.java:117)
	at eu.stamp.project.Main.main(Main.java:88)
[13190] WARN AutomaticBuilderFactory - No automatic builder specified in configuration, going to default.
[13190] INFO AutomaticBuilderFactory - Default: provided Maven automatic builder.
[13191] INFO MavenAutomaticBuilder - run maven clean test -DskipTests dependency:build-classpath -Dmdep.outputFile=target/dspot/classpath
[WARN] Maven will be executed in interactive mode, but no input stream has been configured for this MavenInvoker instance.
[INFO] Scanning for projects...
[INFO]                                                                         
[INFO] ------------------------------------------------------------------------
[INFO] Building JavaPoet 1.10.0-SNAPSHOT
[INFO] ------------------------------------------------------------------------
[INFO] 
[INFO] --- maven-clean-plugin:2.5:clean (default-clean) @ javapoet ---
[INFO] Deleting /tmp/Ex2Amplifier-experiments/dataset/may-2018/javapoet/562_modified/target
[INFO] 
[INFO] --- maven-enforcer-plugin:1.0:enforce (enforce-maven) @ javapoet ---
[INFO] Skipping Rule Enforcement.
[INFO] 
[INFO] --- maven-resources-plugin:2.6:resources (default-resources) @ javapoet ---
[INFO] Using 'UTF-8' encoding to copy filtered resources.
[INFO] skip non existing resourceDirectory /tmp/Ex2Amplifier-experiments/dataset/may-2018/javapoet/562_modified/src/main/resources
[INFO] 
[INFO] --- maven-compiler-plugin:3.6.1:compile (default-compile) @ javapoet ---
[INFO] Changes detected - recompiling the module!
[INFO] Compiling 17 source files to /tmp/Ex2Amplifier-experiments/dataset/may-2018/javapoet/562_modified/target/classes
[INFO] 
[INFO] --- maven-resources-plugin:2.6:testResources (default-testResources) @ javapoet ---
[INFO] Using 'UTF-8' encoding to copy filtered resources.
[INFO] skip non existing resourceDirectory /tmp/Ex2Amplifier-experiments/dataset/may-2018/javapoet/562_modified/src/test/resources
[INFO] 
[INFO] --- maven-compiler-plugin:3.6.1:testCompile (default-testCompile) @ javapoet ---
[INFO] Changes detected - recompiling the module!
[INFO] Compiling 19 source files to /tmp/Ex2Amplifier-experiments/dataset/may-2018/javapoet/562_modified/target/test-classes
[INFO] 
[INFO] --- maven-surefire-plugin:2.12.4:test (default-test) @ javapoet ---
[INFO] Tests are skipped.
[INFO] 
[INFO] --- maven-dependency-plugin:2.8:build-classpath (default-cli) @ javapoet ---
[INFO] Wrote classpath file '/tmp/Ex2Amplifier-experiments/dataset/may-2018/javapoet/562_modified/target/dspot/classpath'.
[INFO] ------------------------------------------------------------------------
[INFO] BUILD SUCCESS
[INFO] ------------------------------------------------------------------------
[INFO] Total time: 7.945 s
[INFO] Finished at: 2018-05-15T16:14:37+02:00
[INFO] Final Memory: 36M/937M
[INFO] ------------------------------------------------------------------------
[23161] INFO SelectorOnDiff - Selecting according to a diff between dataset/may-2018/javapoet/562/ and dataset/may-2018/javapoet/562_modified/ (5f3b345be9bd8364268d6460424ae8cf59d087f0)
[23169] INFO SelectorOnDiff - Modified files:
a/src/test/java/com/squareup/javapoet/ClassNameTest.java
a/src/main/java/com/squareup/javapoet/ClassName.java
[24849] INFO SelectorOnDiff - Select 2 modified test methods
[29666] INFO SelectorOnDiff - Select 2 test methods that execute directly modified methods
[29694] INFO Amplification - amplification of com.squareup.javapoet.MethodSpecTest (1 test(s))
[31097] INFO Amplification - Try to add assertions before amplification
[31133] INFO AssertGenerator - Run tests. (1)
[32369] INFO AssertGenerator - 1 test pass, generating assertion...
[32376] INFO MethodsAssertGenerator - Add observations points in passing tests.
[32376] INFO MethodsAssertGenerator - Instrumentation...
100% |================================================== ]/
[32404] INFO MethodsAssertGenerator - Run instrumented tests. (3)
[34961] INFO MethodsAssertGenerator - Generating assertions...
[35002] INFO AssertGenerator - 1 new tests with assertions generated
[37148] DEBUG Launcher - building sources: [/tmp/Ex2Amplifier-experiments/target/dspot/tmp_test_sources/com/squareup/javapoet/MethodSpecTest.java]
[37150] DEBUG Launcher - build args: [-encoding, UTF-8, -cp, /home/spirals/danglot/.m2/repository/com/google/truth/truth/0.28/truth-0.28.jar:/home/spirals/danglot/.m2/repository/com/google/guava/guava/18.0/guava-18.0.jar:/home/spirals/danglot/.m2/repository/com/google/testing/compile/compile-testing/0.9/compile-testing-0.9.jar:/home/spirals/danglot/jdk1.8.0_121/jre/../lib/tools.jar:/home/spirals/danglot/.m2/repository/junit/junit/4.12/junit-4.12.jar:/home/spirals/danglot/.m2/repository/org/hamcrest/hamcrest-core/1.3/hamcrest-core-1.3.jar:/home/spirals/danglot/.m2/repository/com/google/jimfs/jimfs/1.0/jimfs-1.0.jar:/home/spirals/danglot/.m2/repository/org/mockito/mockito-core/1.10.16/mockito-core-1.10.16.jar:/home/spirals/danglot/.m2/repository/org/objenesis/objenesis/2.1/objenesis-2.1.jar:/home/spirals/danglot/.m2/repository/org/eclipse/jdt/core/compiler/ecj/4.4.2/ecj-4.4.2.jar:target/dspot/dependencies/:dataset/may-2018/javapoet/562//target/classes:dataset/may-2018/javapoet/562//target/test-classes:, -1.8, -preserveAllLocals, -noExit, -enableJavadoc, /tmp/Ex2Amplifier-experiments/target/dspot/tmp_test_sources/com/squareup/javapoet/MethodSpecTest.java]
[37235] DEBUG Launcher - built in 87 ms
[37235] DEBUG Launcher - building templates: []
[37235] DEBUG Launcher - built in 0 ms
[37237] DEBUG Launcher - model built in 89
[37238] DEBUG Launcher - compiling sources: [/tmp/Ex2Amplifier-experiments/target/dspot/tmp_test_sources/com/squareup/javapoet/MethodSpecTest.java]
[37244] DEBUG Launcher - compile args: [-encoding, UTF-8, -cp, /home/spirals/danglot/.m2/repository/com/google/truth/truth/0.28/truth-0.28.jar:/home/spirals/danglot/.m2/repository/com/google/guava/guava/18.0/guava-18.0.jar:/home/spirals/danglot/.m2/repository/com/google/testing/compile/compile-testing/0.9/compile-testing-0.9.jar:/home/spirals/danglot/jdk1.8.0_121/jre/../lib/tools.jar:/home/spirals/danglot/.m2/repository/junit/junit/4.12/junit-4.12.jar:/home/spirals/danglot/.m2/repository/org/hamcrest/hamcrest-core/1.3/hamcrest-core-1.3.jar:/home/spirals/danglot/.m2/repository/com/google/jimfs/jimfs/1.0/jimfs-1.0.jar:/home/spirals/danglot/.m2/repository/org/mockito/mockito-core/1.10.16/mockito-core-1.10.16.jar:/home/spirals/danglot/.m2/repository/org/objenesis/objenesis/2.1/objenesis-2.1.jar:/home/spirals/danglot/.m2/repository/org/eclipse/jdt/core/compiler/ecj/4.4.2/ecj-4.4.2.jar:target/dspot/dependencies/:dataset/may-2018/javapoet/562//target/classes:dataset/may-2018/javapoet/562//target/test-classes:, -d, /tmp/Ex2Amplifier-experiments/dataset/may-2018/javapoet/562_modified/target/test-classes, -1.8, -proc:none, -preserveAllLocals, -noExit, -enableJavadoc, /tmp/Ex2Amplifier-experiments/target/dspot/tmp_test_sources/com/squareup/javapoet/MethodSpecTest.java]
[37932] DEBUG Launcher - compiled in 694 ms
[38925] INFO Amplification - 0 amplified test(s) has been selected, global: 0
[38926] INFO Amplification - amp duplicateExceptionsIgnored (1/1)
[38938] DEBUG Launcher - printing com.squareup.javapoet.MethodSpecTest to /tmp/Ex2Amplifier-experiments/target/dspot/tmp_test_sources
[40119] INFO Amplification - iteration 0:
[40119] INFO Amplification - 1 tests selected to be amplified over 1 available tests
[40120] INFO Amplification - Amplification of inputs...
100% |================================================== ]/
[40156] DEBUG Launcher - printing com.squareup.javapoet.MethodSpecTest to /tmp/Ex2Amplifier-experiments/target/dspot/tmp_test_sources
[40185] DEBUG Launcher - building sources: [/tmp/Ex2Amplifier-experiments/target/dspot/tmp_test_sources/com/squareup/javapoet/MethodSpecTest.java]
[40185] DEBUG Launcher - build args: [-encoding, UTF-8, -cp, /home/spirals/danglot/.m2/repository/com/google/truth/truth/0.28/truth-0.28.jar:/home/spirals/danglot/.m2/repository/com/google/guava/guava/18.0/guava-18.0.jar:/home/spirals/danglot/.m2/repository/com/google/testing/compile/compile-testing/0.9/compile-testing-0.9.jar:/home/spirals/danglot/jdk1.8.0_121/jre/../lib/tools.jar:/home/spirals/danglot/.m2/repository/junit/junit/4.12/junit-4.12.jar:/home/spirals/danglot/.m2/repository/org/hamcrest/hamcrest-core/1.3/hamcrest-core-1.3.jar:/home/spirals/danglot/.m2/repository/com/google/jimfs/jimfs/1.0/jimfs-1.0.jar:/home/spirals/danglot/.m2/repository/org/mockito/mockito-core/1.10.16/mockito-core-1.10.16.jar:/home/spirals/danglot/.m2/repository/org/objenesis/objenesis/2.1/objenesis-2.1.jar:/home/spirals/danglot/.m2/repository/org/eclipse/jdt/core/compiler/ecj/4.4.2/ecj-4.4.2.jar:dataset/may-2018/javapoet/562//target/classes:target/dspot/dependencies/:dataset/may-2018/javapoet/562//target/test-classes:lib/catg-dev.jar:, -1.8, -preserveAllLocals, -noExit, -enableJavadoc, /tmp/Ex2Amplifier-experiments/target/dspot/tmp_test_sources/com/squareup/javapoet/MethodSpecTest.java]
[40268] DEBUG Launcher - built in 83 ms
[40268] DEBUG Launcher - building templates: []
[40268] DEBUG Launcher - built in 0 ms
[40269] DEBUG Launcher - model built in 84
[40269] DEBUG Launcher - compiling sources: [/tmp/Ex2Amplifier-experiments/target/dspot/tmp_test_sources/com/squareup/javapoet/MethodSpecTest.java]
[40270] DEBUG Launcher - compile args: [-encoding, UTF-8, -cp, /home/spirals/danglot/.m2/repository/com/google/truth/truth/0.28/truth-0.28.jar:/home/spirals/danglot/.m2/repository/com/google/guava/guava/18.0/guava-18.0.jar:/home/spirals/danglot/.m2/repository/com/google/testing/compile/compile-testing/0.9/compile-testing-0.9.jar:/home/spirals/danglot/jdk1.8.0_121/jre/../lib/tools.jar:/home/spirals/danglot/.m2/repository/junit/junit/4.12/junit-4.12.jar:/home/spirals/danglot/.m2/repository/org/hamcrest/hamcrest-core/1.3/hamcrest-core-1.3.jar:/home/spirals/danglot/.m2/repository/com/google/jimfs/jimfs/1.0/jimfs-1.0.jar:/home/spirals/danglot/.m2/repository/org/mockito/mockito-core/1.10.16/mockito-core-1.10.16.jar:/home/spirals/danglot/.m2/repository/org/objenesis/objenesis/2.1/objenesis-2.1.jar:/home/spirals/danglot/.m2/repository/org/eclipse/jdt/core/compiler/ecj/4.4.2/ecj-4.4.2.jar:dataset/may-2018/javapoet/562//target/classes:target/dspot/dependencies/:dataset/may-2018/javapoet/562//target/test-classes:lib/catg-dev.jar:, -d, /tmp/Ex2Amplifier-experiments/dataset/may-2018/javapoet/562/target/test-classes, -1.8, -proc:none, -preserveAllLocals, -noExit, -enableJavadoc, /tmp/Ex2Amplifier-experiments/target/dspot/tmp_test_sources/com/squareup/javapoet/MethodSpecTest.java]
[40414] DEBUG Launcher - compiled in 145 ms
[40419] INFO CATGExecutor - Running CATG: ~/jdk1.8.0_121/java -Xmx4096M -Xms2048M -Djanala.loggerClass=janala.logger.DirectConcolicExecution -Djanala.conf=lib/catg.conf  -javaagent:lib/catg-dev.jar -cp /home/spirals/danglot/.m2/repository/com/google/truth/truth/0.28/truth-0.28.jar:/home/spirals/danglot/.m2/repository/com/google/guava/guava/18.0/guava-18.0.jar:/home/spirals/danglot/.m2/repository/com/google/testing/compile/compile-testing/0.9/compile-testing-0.9.jar:/home/spirals/danglot/jdk1.8.0_121/jre/../lib/tools.jar:/home/spirals/danglot/.m2/repository/junit/junit/4.12/junit-4.12.jar:/home/spirals/danglot/.m2/repository/org/hamcrest/hamcrest-core/1.3/hamcrest-core-1.3.jar:/home/spirals/danglot/.m2/repository/com/google/jimfs/jimfs/1.0/jimfs-1.0.jar:/home/spirals/danglot/.m2/repository/org/mockito/mockito-core/1.10.16/mockito-core-1.10.16.jar:/home/spirals/danglot/.m2/repository/org/objenesis/objenesis/2.1/objenesis-2.1.jar:/home/spirals/danglot/.m2/repository/org/eclipse/jdt/core/compiler/ecj/4.4.2/ecj-4.4.2.jar:dataset/may-2018/javapoet/562//target/classes:target/dspot/dependencies/:dataset/may-2018/javapoet/562//target/test-classes:lib/catg-dev.jar:lib/catg-dev.jar:lib/asm-all-5.0.4.jar:lib/automaton-1.11-8.jar -ea com.squareup.javapoet.MethodSpecTest
[40424] INFO Amplification - 0 new tests generated
[40424] INFO Amplification - 0 amplified test(s) has been selected, global: 0
[40424] INFO DSpot - elapsedTime 10736
======= REPORT =======
0 amplified test fails on the new versions.

[41221] INFO DSpot - Print AmplMethodSpecTest with 0?amplified test cases in results/may-2018/javapoet/562/CATG
[41221] DEBUG Launcher - printing com.squareup.javapoet.AmplMethodSpecTest to /tmp/Ex2Amplifier-experiments/results/may-2018/javapoet/562/CATG
[41337] INFO Amplification - amplification of com.squareup.javapoet.CodeBlockTest (1 test(s))
[41350] DEBUG Launcher - printing com.squareup.javapoet.CodeBlockTest to /tmp/Ex2Amplifier-experiments/target/dspot/tmp_test_sources
[41885] INFO Amplification - Try to add assertions before amplification
[41928] INFO AssertGenerator - Run tests. (1)
[41935] DEBUG Launcher - printing com.squareup.javapoet.CodeBlockTest to /tmp/Ex2Amplifier-experiments/target/dspot/tmp_test_sources
[42469] INFO AssertGenerator - 1 test pass, generating assertion...
[42475] INFO MethodsAssertGenerator - Add observations points in passing tests.
[42475] INFO MethodsAssertGenerator - Instrumentation...
100% |================================================== ]/
[42479] INFO MethodsAssertGenerator - Run instrumented tests. (3)
[42488] DEBUG Launcher - printing com.squareup.javapoet.CodeBlockTest to /tmp/Ex2Amplifier-experiments/target/dspot/tmp_test_sources
[43238] INFO MethodsAssertGenerator - Generating assertions...
[43241] INFO AssertGenerator - 1 new tests with assertions generated
[43253] DEBUG Launcher - printing com.squareup.javapoet.CodeBlockTest to /tmp/Ex2Amplifier-experiments/target/dspot/tmp_test_sources
[44463] DEBUG Launcher - printing com.squareup.javapoet.CodeBlockTest to /tmp/Ex2Amplifier-experiments/target/dspot/tmp_test_sources
[44471] DEBUG Launcher - building sources: [/tmp/Ex2Amplifier-experiments/target/dspot/tmp_test_sources/com/squareup/javapoet/CodeBlockTest.java]
[44472] DEBUG Launcher - build args: [-encoding, UTF-8, -cp, /home/spirals/danglot/.m2/repository/com/google/truth/truth/0.28/truth-0.28.jar:/home/spirals/danglot/.m2/repository/com/google/guava/guava/18.0/guava-18.0.jar:/home/spirals/danglot/.m2/repository/com/google/testing/compile/compile-testing/0.9/compile-testing-0.9.jar:/home/spirals/danglot/jdk1.8.0_121/jre/../lib/tools.jar:/home/spirals/danglot/.m2/repository/junit/junit/4.12/junit-4.12.jar:/home/spirals/danglot/.m2/repository/org/hamcrest/hamcrest-core/1.3/hamcrest-core-1.3.jar:/home/spirals/danglot/.m2/repository/com/google/jimfs/jimfs/1.0/jimfs-1.0.jar:/home/spirals/danglot/.m2/repository/org/mockito/mockito-core/1.10.16/mockito-core-1.10.16.jar:/home/spirals/danglot/.m2/repository/org/objenesis/objenesis/2.1/objenesis-2.1.jar:/home/spirals/danglot/.m2/repository/org/eclipse/jdt/core/compiler/ecj/4.4.2/ecj-4.4.2.jar:target/dspot/dependencies/:dataset/may-2018/javapoet/562//target/classes:dataset/may-2018/javapoet/562//target/test-classes:, -1.8, -preserveAllLocals, -noExit, -enableJavadoc, /tmp/Ex2Amplifier-experiments/target/dspot/tmp_test_sources/com/squareup/javapoet/CodeBlockTest.java]
[44521] DEBUG Launcher - built in 50 ms
[44522] DEBUG Launcher - building templates: []
[44522] DEBUG Launcher - built in 0 ms
[44522] DEBUG Launcher - model built in 51
[44522] DEBUG Launcher - compiling sources: [/tmp/Ex2Amplifier-experiments/target/dspot/tmp_test_sources/com/squareup/javapoet/CodeBlockTest.java]
[44522] DEBUG Launcher - compile args: [-encoding, UTF-8, -cp, /home/spirals/danglot/.m2/repository/com/google/truth/truth/0.28/truth-0.28.jar:/home/spirals/danglot/.m2/repository/com/google/guava/guava/18.0/guava-18.0.jar:/home/spirals/danglot/.m2/repository/com/google/testing/compile/compile-testing/0.9/compile-testing-0.9.jar:/home/spirals/danglot/jdk1.8.0_121/jre/../lib/tools.jar:/home/spirals/danglot/.m2/repository/junit/junit/4.12/junit-4.12.jar:/home/spirals/danglot/.m2/repository/org/hamcrest/hamcrest-core/1.3/hamcrest-core-1.3.jar:/home/spirals/danglot/.m2/repository/com/google/jimfs/jimfs/1.0/jimfs-1.0.jar:/home/spirals/danglot/.m2/repository/org/mockito/mockito-core/1.10.16/mockito-core-1.10.16.jar:/home/spirals/danglot/.m2/repository/org/objenesis/objenesis/2.1/objenesis-2.1.jar:/home/spirals/danglot/.m2/repository/org/eclipse/jdt/core/compiler/ecj/4.4.2/ecj-4.4.2.jar:target/dspot/dependencies/:dataset/may-2018/javapoet/562//target/classes:dataset/may-2018/javapoet/562//target/test-classes:, -d, /tmp/Ex2Amplifier-experiments/dataset/may-2018/javapoet/562_modified/target/test-classes, -1.8, -proc:none, -preserveAllLocals, -noExit, -enableJavadoc, /tmp/Ex2Amplifier-experiments/target/dspot/tmp_test_sources/com/squareup/javapoet/CodeBlockTest.java]
[44575] DEBUG Launcher - compiled in 53 ms
[44988] INFO Amplification - 0 amplified test(s) has been selected, global: 0
[44989] INFO Amplification - amp sameIndexCanBeUsedWithDifferentFormats (1/1)
[45004] DEBUG Launcher - printing com.squareup.javapoet.CodeBlockTest to /tmp/Ex2Amplifier-experiments/target/dspot/tmp_test_sources
[45524] INFO Amplification - iteration 0:
[45524] INFO Amplification - 1 tests selected to be amplified over 1 available tests
[45524] INFO Amplification - Amplification of inputs...
100% |================================================== ]/
[45581] DEBUG Launcher - printing com.squareup.javapoet.CodeBlockTest to /tmp/Ex2Amplifier-experiments/target/dspot/tmp_test_sources
[45598] DEBUG Launcher - building sources: [/tmp/Ex2Amplifier-experiments/target/dspot/tmp_test_sources/com/squareup/javapoet/CodeBlockTest.java]
[45598] DEBUG Launcher - build args: [-encoding, UTF-8, -cp, /home/spirals/danglot/.m2/repository/com/google/truth/truth/0.28/truth-0.28.jar:/home/spirals/danglot/.m2/repository/com/google/guava/guava/18.0/guava-18.0.jar:/home/spirals/danglot/.m2/repository/com/google/testing/compile/compile-testing/0.9/compile-testing-0.9.jar:/home/spirals/danglot/jdk1.8.0_121/jre/../lib/tools.jar:/home/spirals/danglot/.m2/repository/junit/junit/4.12/junit-4.12.jar:/home/spirals/danglot/.m2/repository/org/hamcrest/hamcrest-core/1.3/hamcrest-core-1.3.jar:/home/spirals/danglot/.m2/repository/com/google/jimfs/jimfs/1.0/jimfs-1.0.jar:/home/spirals/danglot/.m2/repository/org/mockito/mockito-core/1.10.16/mockito-core-1.10.16.jar:/home/spirals/danglot/.m2/repository/org/objenesis/objenesis/2.1/objenesis-2.1.jar:/home/spirals/danglot/.m2/repository/org/eclipse/jdt/core/compiler/ecj/4.4.2/ecj-4.4.2.jar:dataset/may-2018/javapoet/562//target/classes:target/dspot/dependencies/:dataset/may-2018/javapoet/562//target/test-classes:lib/catg-dev.jar:, -1.8, -preserveAllLocals, -noExit, -enableJavadoc, /tmp/Ex2Amplifier-experiments/target/dspot/tmp_test_sources/com/squareup/javapoet/CodeBlockTest.java]
[45690] DEBUG Launcher - built in 92 ms
[45690] DEBUG Launcher - building templates: []
[45690] DEBUG Launcher - built in 0 ms
[45691] DEBUG Launcher - model built in 93
[45691] DEBUG Launcher - compiling sources: [/tmp/Ex2Amplifier-experiments/target/dspot/tmp_test_sources/com/squareup/javapoet/CodeBlockTest.java]
[45692] DEBUG Launcher - compile args: [-encoding, UTF-8, -cp, /home/spirals/danglot/.m2/repository/com/google/truth/truth/0.28/truth-0.28.jar:/home/spirals/danglot/.m2/repository/com/google/guava/guava/18.0/guava-18.0.jar:/home/spirals/danglot/.m2/repository/com/google/testing/compile/compile-testing/0.9/compile-testing-0.9.jar:/home/spirals/danglot/jdk1.8.0_121/jre/../lib/tools.jar:/home/spirals/danglot/.m2/repository/junit/junit/4.12/junit-4.12.jar:/home/spirals/danglot/.m2/repository/org/hamcrest/hamcrest-core/1.3/hamcrest-core-1.3.jar:/home/spirals/danglot/.m2/repository/com/google/jimfs/jimfs/1.0/jimfs-1.0.jar:/home/spirals/danglot/.m2/repository/org/mockito/mockito-core/1.10.16/mockito-core-1.10.16.jar:/home/spirals/danglot/.m2/repository/org/objenesis/objenesis/2.1/objenesis-2.1.jar:/home/spirals/danglot/.m2/repository/org/eclipse/jdt/core/compiler/ecj/4.4.2/ecj-4.4.2.jar:dataset/may-2018/javapoet/562//target/classes:target/dspot/dependencies/:dataset/may-2018/javapoet/562//target/test-classes:lib/catg-dev.jar:, -d, /tmp/Ex2Amplifier-experiments/dataset/may-2018/javapoet/562/target/test-classes, -1.8, -proc:none, -preserveAllLocals, -noExit, -enableJavadoc, /tmp/Ex2Amplifier-experiments/target/dspot/tmp_test_sources/com/squareup/javapoet/CodeBlockTest.java]
[45782] DEBUG Launcher - compiled in 91 ms
[45783] INFO CATGExecutor - Running CATG: ~/jdk1.8.0_121/java -Xmx4096M -Xms2048M -Djanala.loggerClass=janala.logger.DirectConcolicExecution -Djanala.conf=lib/catg.conf  -javaagent:lib/catg-dev.jar -cp /home/spirals/danglot/.m2/repository/com/google/truth/truth/0.28/truth-0.28.jar:/home/spirals/danglot/.m2/repository/com/google/guava/guava/18.0/guava-18.0.jar:/home/spirals/danglot/.m2/repository/com/google/testing/compile/compile-testing/0.9/compile-testing-0.9.jar:/home/spirals/danglot/jdk1.8.0_121/jre/../lib/tools.jar:/home/spirals/danglot/.m2/repository/junit/junit/4.12/junit-4.12.jar:/home/spirals/danglot/.m2/repository/org/hamcrest/hamcrest-core/1.3/hamcrest-core-1.3.jar:/home/spirals/danglot/.m2/repository/com/google/jimfs/jimfs/1.0/jimfs-1.0.jar:/home/spirals/danglot/.m2/repository/org/mockito/mockito-core/1.10.16/mockito-core-1.10.16.jar:/home/spirals/danglot/.m2/repository/org/objenesis/objenesis/2.1/objenesis-2.1.jar:/home/spirals/danglot/.m2/repository/org/eclipse/jdt/core/compiler/ecj/4.4.2/ecj-4.4.2.jar:dataset/may-2018/javapoet/562//target/classes:target/dspot/dependencies/:dataset/may-2018/javapoet/562//target/test-classes:lib/catg-dev.jar:lib/catg-dev.jar:lib/asm-all-5.0.4.jar:lib/automaton-1.11-8.jar -ea com.squareup.javapoet.CodeBlockTest
[45785] INFO Amplification - 0 new tests generated
[45785] INFO Amplification - 0 amplified test(s) has been selected, global: 0
[45785] INFO DSpot - elapsedTime 4488
======= REPORT =======
0 amplified test fails on the new versions.

[46359] INFO DSpot - Print AmplCodeBlockTest with 0?amplified test cases in results/may-2018/javapoet/562/CATG
[46359] DEBUG Launcher - printing com.squareup.javapoet.AmplCodeBlockTest to /tmp/Ex2Amplifier-experiments/results/may-2018/javapoet/562/CATG
[46669] INFO Amplification - amplification of com.squareup.javapoet.TypeSpecTest (9 test(s))
[46765] DEBUG Launcher - printing com.squareup.javapoet.TypeSpecTest to /tmp/Ex2Amplifier-experiments/target/dspot/tmp_test_sources
[48349] INFO Amplification - Try to add assertions before amplification
[48578] INFO AssertGenerator - Run tests. (9)
[48612] DEBUG Launcher - printing com.squareup.javapoet.TypeSpecTest to /tmp/Ex2Amplifier-experiments/target/dspot/tmp_test_sources
[50291] INFO AssertGenerator - 9 test pass, generating assertion...
[50334] INFO MethodsAssertGenerator - Add observations points in passing tests.
[50334] INFO MethodsAssertGenerator - Instrumentation...
 11% |===== ]/ 22% |=========== ]- 33% |================ ]\ 44% |====================== ]| 55% |=========================== ]/ 66% |================================= ]- 77% |====================================== ]\ 88% |============================================ ]|100% |================================================== ]/
[50379] INFO MethodsAssertGenerator - Run instrumented tests. (27)
[50435] DEBUG Launcher - printing com.squareup.javapoet.TypeSpecTest to /tmp/Ex2Amplifier-experiments/target/dspot/tmp_test_sources
[59524] INFO MethodsAssertGenerator - Generating assertions...
[59632] INFO AssertGenerator - 7 new tests with assertions generated
[59758] DEBUG Launcher - printing com.squareup.javapoet.TypeSpecTest to /tmp/Ex2Amplifier-experiments/target/dspot/tmp_test_sources
[65750] DEBUG Launcher - printing com.squareup.javapoet.TypeSpecTest to /tmp/Ex2Amplifier-experiments/target/dspot/tmp_test_sources
[66313] DEBUG Launcher - building sources: [/tmp/Ex2Amplifier-experiments/target/dspot/tmp_test_sources/com/squareup/javapoet/TypeSpecTest.java]
[66315] DEBUG Launcher - build args: [-encoding, UTF-8, -cp, /home/spirals/danglot/.m2/repository/com/google/truth/truth/0.28/truth-0.28.jar:/home/spirals/danglot/.m2/repository/com/google/guava/guava/18.0/guava-18.0.jar:/home/spirals/danglot/.m2/repository/com/google/testing/compile/compile-testing/0.9/compile-testing-0.9.jar:/home/spirals/danglot/jdk1.8.0_121/jre/../lib/tools.jar:/home/spirals/danglot/.m2/repository/junit/junit/4.12/junit-4.12.jar:/home/spirals/danglot/.m2/repository/org/hamcrest/hamcrest-core/1.3/hamcrest-core-1.3.jar:/home/spirals/danglot/.m2/repository/com/google/jimfs/jimfs/1.0/jimfs-1.0.jar:/home/spirals/danglot/.m2/repository/org/mockito/mockito-core/1.10.16/mockito-core-1.10.16.jar:/home/spirals/danglot/.m2/repository/org/objenesis/objenesis/2.1/objenesis-2.1.jar:/home/spirals/danglot/.m2/repository/org/eclipse/jdt/core/compiler/ecj/4.4.2/ecj-4.4.2.jar:target/dspot/dependencies/:dataset/may-2018/javapoet/562//target/classes:dataset/may-2018/javapoet/562//target/test-classes:, -1.8, -preserveAllLocals, -noExit, -enableJavadoc, /tmp/Ex2Amplifier-experiments/target/dspot/tmp_test_sources/com/squareup/javapoet/TypeSpecTest.java]
[66511] DEBUG Launcher - built in 198 ms
[66511] DEBUG Launcher - building templates: []
[66511] DEBUG Launcher - built in 0 ms
[66535] DEBUG Launcher - model built in 221
[66535] DEBUG Launcher - compiling sources: [/tmp/Ex2Amplifier-experiments/target/dspot/tmp_test_sources/com/squareup/javapoet/TypeSpecTest.java]
[66572] DEBUG Launcher - compile args: [-encoding, UTF-8, -cp, /home/spirals/danglot/.m2/repository/com/google/truth/truth/0.28/truth-0.28.jar:/home/spirals/danglot/.m2/repository/com/google/guava/guava/18.0/guava-18.0.jar:/home/spirals/danglot/.m2/repository/com/google/testing/compile/compile-testing/0.9/compile-testing-0.9.jar:/home/spirals/danglot/jdk1.8.0_121/jre/../lib/tools.jar:/home/spirals/danglot/.m2/repository/junit/junit/4.12/junit-4.12.jar:/home/spirals/danglot/.m2/repository/org/hamcrest/hamcrest-core/1.3/hamcrest-core-1.3.jar:/home/spirals/danglot/.m2/repository/com/google/jimfs/jimfs/1.0/jimfs-1.0.jar:/home/spirals/danglot/.m2/repository/org/mockito/mockito-core/1.10.16/mockito-core-1.10.16.jar:/home/spirals/danglot/.m2/repository/org/objenesis/objenesis/2.1/objenesis-2.1.jar:/home/spirals/danglot/.m2/repository/org/eclipse/jdt/core/compiler/ecj/4.4.2/ecj-4.4.2.jar:target/dspot/dependencies/:dataset/may-2018/javapoet/562//target/classes:dataset/may-2018/javapoet/562//target/test-classes:, -d, /tmp/Ex2Amplifier-experiments/dataset/may-2018/javapoet/562_modified/target/test-classes, -1.8, -proc:none, -preserveAllLocals, -noExit, -enableJavadoc, /tmp/Ex2Amplifier-experiments/target/dspot/tmp_test_sources/com/squareup/javapoet/TypeSpecTest.java]
[72751] DEBUG Launcher - compiled in 6216 ms
[74033] INFO Amplification - 0 amplified test(s) has been selected, global: 0
[74033] INFO Amplification - amp nestedClasses (1/9)
[74112] DEBUG Launcher - printing com.squareup.javapoet.TypeSpecTest to /tmp/Ex2Amplifier-experiments/target/dspot/tmp_test_sources
[75436] INFO Amplification - iteration 0:
[75436] INFO Amplification - 1 tests selected to be amplified over 1 available tests
[75436] INFO Amplification - Amplification of inputs...
100% |================================================== ]/
[75540] DEBUG Launcher - printing com.squareup.javapoet.TypeSpecTest to /tmp/Ex2Amplifier-experiments/target/dspot/tmp_test_sources
[75660] DEBUG Launcher - building sources: [/tmp/Ex2Amplifier-experiments/target/dspot/tmp_test_sources/com/squareup/javapoet/TypeSpecTest.java]
[75660] DEBUG Launcher - build args: [-encoding, UTF-8, -cp, /home/spirals/danglot/.m2/repository/com/google/truth/truth/0.28/truth-0.28.jar:/home/spirals/danglot/.m2/repository/com/google/guava/guava/18.0/guava-18.0.jar:/home/spirals/danglot/.m2/repository/com/google/testing/compile/compile-testing/0.9/compile-testing-0.9.jar:/home/spirals/danglot/jdk1.8.0_121/jre/../lib/tools.jar:/home/spirals/danglot/.m2/repository/junit/junit/4.12/junit-4.12.jar:/home/spirals/danglot/.m2/repository/org/hamcrest/hamcrest-core/1.3/hamcrest-core-1.3.jar:/home/spirals/danglot/.m2/repository/com/google/jimfs/jimfs/1.0/jimfs-1.0.jar:/home/spirals/danglot/.m2/repository/org/mockito/mockito-core/1.10.16/mockito-core-1.10.16.jar:/home/spirals/danglot/.m2/repository/org/objenesis/objenesis/2.1/objenesis-2.1.jar:/home/spirals/danglot/.m2/repository/org/eclipse/jdt/core/compiler/ecj/4.4.2/ecj-4.4.2.jar:dataset/may-2018/javapoet/562//target/classes:target/dspot/dependencies/:dataset/may-2018/javapoet/562//target/test-classes:lib/catg-dev.jar:, -1.8, -preserveAllLocals, -noExit, -enableJavadoc, /tmp/Ex2Amplifier-experiments/target/dspot/tmp_test_sources/com/squareup/javapoet/TypeSpecTest.java]
[75854] DEBUG Launcher - built in 194 ms
[75854] DEBUG Launcher - building templates: []
[75854] DEBUG Launcher - built in 0 ms
[75863] DEBUG Launcher - model built in 203
[75863] DEBUG Launcher - compiling sources: [/tmp/Ex2Amplifier-experiments/target/dspot/tmp_test_sources/com/squareup/javapoet/TypeSpecTest.java]
[75869] DEBUG Launcher - compile args: [-encoding, UTF-8, -cp, /home/spirals/danglot/.m2/repository/com/google/truth/truth/0.28/truth-0.28.jar:/home/spirals/danglot/.m2/repository/com/google/guava/guava/18.0/guava-18.0.jar:/home/spirals/danglot/.m2/repository/com/google/testing/compile/compile-testing/0.9/compile-testing-0.9.jar:/home/spirals/danglot/jdk1.8.0_121/jre/../lib/tools.jar:/home/spirals/danglot/.m2/repository/junit/junit/4.12/junit-4.12.jar:/home/spirals/danglot/.m2/repository/org/hamcrest/hamcrest-core/1.3/hamcrest-core-1.3.jar:/home/spirals/danglot/.m2/repository/com/google/jimfs/jimfs/1.0/jimfs-1.0.jar:/home/spirals/danglot/.m2/repository/org/mockito/mockito-core/1.10.16/mockito-core-1.10.16.jar:/home/spirals/danglot/.m2/repository/org/objenesis/objenesis/2.1/objenesis-2.1.jar:/home/spirals/danglot/.m2/repository/org/eclipse/jdt/core/compiler/ecj/4.4.2/ecj-4.4.2.jar:dataset/may-2018/javapoet/562//target/classes:target/dspot/dependencies/:dataset/may-2018/javapoet/562//target/test-classes:lib/catg-dev.jar:, -d, /tmp/Ex2Amplifier-experiments/dataset/may-2018/javapoet/562/target/test-classes, -1.8, -proc:none, -preserveAllLocals, -noExit, -enableJavadoc, /tmp/Ex2Amplifier-experiments/target/dspot/tmp_test_sources/com/squareup/javapoet/TypeSpecTest.java]
[76190] DEBUG Launcher - compiled in 327 ms
[76191] INFO CATGExecutor - Running CATG: ~/jdk1.8.0_121/java -Xmx4096M -Xms2048M -Djanala.loggerClass=janala.logger.DirectConcolicExecution -Djanala.conf=lib/catg.conf  -javaagent:lib/catg-dev.jar -cp /home/spirals/danglot/.m2/repository/com/google/truth/truth/0.28/truth-0.28.jar:/home/spirals/danglot/.m2/repository/com/google/guava/guava/18.0/guava-18.0.jar:/home/spirals/danglot/.m2/repository/com/google/testing/compile/compile-testing/0.9/compile-testing-0.9.jar:/home/spirals/danglot/jdk1.8.0_121/jre/../lib/tools.jar:/home/spirals/danglot/.m2/repository/junit/junit/4.12/junit-4.12.jar:/home/spirals/danglot/.m2/repository/org/hamcrest/hamcrest-core/1.3/hamcrest-core-1.3.jar:/home/spirals/danglot/.m2/repository/com/google/jimfs/jimfs/1.0/jimfs-1.0.jar:/home/spirals/danglot/.m2/repository/org/mockito/mockito-core/1.10.16/mockito-core-1.10.16.jar:/home/spirals/danglot/.m2/repository/org/objenesis/objenesis/2.1/objenesis-2.1.jar:/home/spirals/danglot/.m2/repository/org/eclipse/jdt/core/compiler/ecj/4.4.2/ecj-4.4.2.jar:dataset/may-2018/javapoet/562//target/classes:target/dspot/dependencies/:dataset/may-2018/javapoet/562//target/test-classes:lib/catg-dev.jar:lib/catg-dev.jar:lib/asm-all-5.0.4.jar:lib/automaton-1.11-8.jar -ea com.squareup.javapoet.TypeSpecTest
[76195] INFO Amplification - 0 new tests generated
[76195] INFO Amplification - 0 amplified test(s) has been selected, global: 0
[76195] INFO Amplification - amp invalidSuperClass (2/9)
[76307] DEBUG Launcher - printing com.squareup.javapoet.TypeSpecTest to /tmp/Ex2Amplifier-experiments/target/dspot/tmp_test_sources
[77654] INFO Amplification - iteration 0:
[77654] INFO Amplification - 1 tests selected to be amplified over 1 available tests
[77654] INFO Amplification - Amplification of inputs...
100% |================================================== ]/
[77704] DEBUG Launcher - printing com.squareup.javapoet.TypeSpecTest to /tmp/Ex2Amplifier-experiments/target/dspot/tmp_test_sources
[77824] DEBUG Launcher - building sources: [/tmp/Ex2Amplifier-experiments/target/dspot/tmp_test_sources/com/squareup/javapoet/TypeSpecTest.java]
[77825] DEBUG Launcher - build args: [-encoding, UTF-8, -cp, /home/spirals/danglot/.m2/repository/com/google/truth/truth/0.28/truth-0.28.jar:/home/spirals/danglot/.m2/repository/com/google/guava/guava/18.0/guava-18.0.jar:/home/spirals/danglot/.m2/repository/com/google/testing/compile/compile-testing/0.9/compile-testing-0.9.jar:/home/spirals/danglot/jdk1.8.0_121/jre/../lib/tools.jar:/home/spirals/danglot/.m2/repository/junit/junit/4.12/junit-4.12.jar:/home/spirals/danglot/.m2/repository/org/hamcrest/hamcrest-core/1.3/hamcrest-core-1.3.jar:/home/spirals/danglot/.m2/repository/com/google/jimfs/jimfs/1.0/jimfs-1.0.jar:/home/spirals/danglot/.m2/repository/org/mockito/mockito-core/1.10.16/mockito-core-1.10.16.jar:/home/spirals/danglot/.m2/repository/org/objenesis/objenesis/2.1/objenesis-2.1.jar:/home/spirals/danglot/.m2/repository/org/eclipse/jdt/core/compiler/ecj/4.4.2/ecj-4.4.2.jar:dataset/may-2018/javapoet/562//target/classes:target/dspot/dependencies/:dataset/may-2018/javapoet/562//target/test-classes:lib/catg-dev.jar:, -1.8, -preserveAllLocals, -noExit, -enableJavadoc, /tmp/Ex2Amplifier-experiments/target/dspot/tmp_test_sources/com/squareup/javapoet/TypeSpecTest.java]
[77965] DEBUG Launcher - built in 141 ms
[77966] DEBUG Launcher - building templates: []
[77966] DEBUG Launcher - built in 0 ms
[77971] DEBUG Launcher - model built in 147
[77971] DEBUG Launcher - compiling sources: [/tmp/Ex2Amplifier-experiments/target/dspot/tmp_test_sources/com/squareup/javapoet/TypeSpecTest.java]
[77977] DEBUG Launcher - compile args: [-encoding, UTF-8, -cp, /home/spirals/danglot/.m2/repository/com/google/truth/truth/0.28/truth-0.28.jar:/home/spirals/danglot/.m2/repository/com/google/guava/guava/18.0/guava-18.0.jar:/home/spirals/danglot/.m2/repository/com/google/testing/compile/compile-testing/0.9/compile-testing-0.9.jar:/home/spirals/danglot/jdk1.8.0_121/jre/../lib/tools.jar:/home/spirals/danglot/.m2/repository/junit/junit/4.12/junit-4.12.jar:/home/spirals/danglot/.m2/repository/org/hamcrest/hamcrest-core/1.3/hamcrest-core-1.3.jar:/home/spirals/danglot/.m2/repository/com/google/jimfs/jimfs/1.0/jimfs-1.0.jar:/home/spirals/danglot/.m2/repository/org/mockito/mockito-core/1.10.16/mockito-core-1.10.16.jar:/home/spirals/danglot/.m2/repository/org/objenesis/objenesis/2.1/objenesis-2.1.jar:/home/spirals/danglot/.m2/repository/org/eclipse/jdt/core/compiler/ecj/4.4.2/ecj-4.4.2.jar:dataset/may-2018/javapoet/562//target/classes:target/dspot/dependencies/:dataset/may-2018/javapoet/562//target/test-classes:lib/catg-dev.jar:, -d, /tmp/Ex2Amplifier-experiments/dataset/may-2018/javapoet/562/target/test-classes, -1.8, -proc:none, -preserveAllLocals, -noExit, -enableJavadoc, /tmp/Ex2Amplifier-experiments/target/dspot/tmp_test_sources/com/squareup/javapoet/TypeSpecTest.java]
[78247] DEBUG Launcher - compiled in 276 ms
[78248] INFO CATGExecutor - Running CATG: ~/jdk1.8.0_121/java -Xmx4096M -Xms2048M -Djanala.loggerClass=janala.logger.DirectConcolicExecution -Djanala.conf=lib/catg.conf  -javaagent:lib/catg-dev.jar -cp /home/spirals/danglot/.m2/repository/com/google/truth/truth/0.28/truth-0.28.jar:/home/spirals/danglot/.m2/repository/com/google/guava/guava/18.0/guava-18.0.jar:/home/spirals/danglot/.m2/repository/com/google/testing/compile/compile-testing/0.9/compile-testing-0.9.jar:/home/spirals/danglot/jdk1.8.0_121/jre/../lib/tools.jar:/home/spirals/danglot/.m2/repository/junit/junit/4.12/junit-4.12.jar:/home/spirals/danglot/.m2/repository/org/hamcrest/hamcrest-core/1.3/hamcrest-core-1.3.jar:/home/spirals/danglot/.m2/repository/com/google/jimfs/jimfs/1.0/jimfs-1.0.jar:/home/spirals/danglot/.m2/repository/org/mockito/mockito-core/1.10.16/mockito-core-1.10.16.jar:/home/spirals/danglot/.m2/repository/org/objenesis/objenesis/2.1/objenesis-2.1.jar:/home/spirals/danglot/.m2/repository/org/eclipse/jdt/core/compiler/ecj/4.4.2/ecj-4.4.2.jar:dataset/may-2018/javapoet/562//target/classes:target/dspot/dependencies/:dataset/may-2018/javapoet/562//target/test-classes:lib/catg-dev.jar:lib/catg-dev.jar:lib/asm-all-5.0.4.jar:lib/automaton-1.11-8.jar -ea com.squareup.javapoet.TypeSpecTest
[78251] INFO Amplification - 0 new tests generated
[78251] INFO Amplification - 0 amplified test(s) has been selected, global: 0
[78251] INFO Amplification - amp classImplementsExtends (3/9)
[78316] DEBUG Launcher - printing com.squareup.javapoet.TypeSpecTest to /tmp/Ex2Amplifier-experiments/target/dspot/tmp_test_sources
[79641] INFO Amplification - iteration 0:
[79642] INFO Amplification - 1 tests selected to be amplified over 1 available tests
[79642] INFO Amplification - Amplification of inputs...
100% |================================================== ]/
[79692] DEBUG Launcher - printing com.squareup.javapoet.TypeSpecTest to /tmp/Ex2Amplifier-experiments/target/dspot/tmp_test_sources
[79809] DEBUG Launcher - building sources: [/tmp/Ex2Amplifier-experiments/target/dspot/tmp_test_sources/com/squareup/javapoet/TypeSpecTest.java]
[79810] DEBUG Launcher - build args: [-encoding, UTF-8, -cp, /home/spirals/danglot/.m2/repository/com/google/truth/truth/0.28/truth-0.28.jar:/home/spirals/danglot/.m2/repository/com/google/guava/guava/18.0/guava-18.0.jar:/home/spirals/danglot/.m2/repository/com/google/testing/compile/compile-testing/0.9/compile-testing-0.9.jar:/home/spirals/danglot/jdk1.8.0_121/jre/../lib/tools.jar:/home/spirals/danglot/.m2/repository/junit/junit/4.12/junit-4.12.jar:/home/spirals/danglot/.m2/repository/org/hamcrest/hamcrest-core/1.3/hamcrest-core-1.3.jar:/home/spirals/danglot/.m2/repository/com/google/jimfs/jimfs/1.0/jimfs-1.0.jar:/home/spirals/danglot/.m2/repository/org/mockito/mockito-core/1.10.16/mockito-core-1.10.16.jar:/home/spirals/danglot/.m2/repository/org/objenesis/objenesis/2.1/objenesis-2.1.jar:/home/spirals/danglot/.m2/repository/org/eclipse/jdt/core/compiler/ecj/4.4.2/ecj-4.4.2.jar:dataset/may-2018/javapoet/562//target/classes:target/dspot/dependencies/:dataset/may-2018/javapoet/562//target/test-classes:lib/catg-dev.jar:, -1.8, -preserveAllLocals, -noExit, -enableJavadoc, /tmp/Ex2Amplifier-experiments/target/dspot/tmp_test_sources/com/squareup/javapoet/TypeSpecTest.java]
[79952] DEBUG Launcher - built in 143 ms
[79952] DEBUG Launcher - building templates: []
[79952] DEBUG Launcher - built in 0 ms
[79959] DEBUG Launcher - model built in 150
[79959] DEBUG Launcher - compiling sources: [/tmp/Ex2Amplifier-experiments/target/dspot/tmp_test_sources/com/squareup/javapoet/TypeSpecTest.java]
[79966] DEBUG Launcher - compile args: [-encoding, UTF-8, -cp, /home/spirals/danglot/.m2/repository/com/google/truth/truth/0.28/truth-0.28.jar:/home/spirals/danglot/.m2/repository/com/google/guava/guava/18.0/guava-18.0.jar:/home/spirals/danglot/.m2/repository/com/google/testing/compile/compile-testing/0.9/compile-testing-0.9.jar:/home/spirals/danglot/jdk1.8.0_121/jre/../lib/tools.jar:/home/spirals/danglot/.m2/repository/junit/junit/4.12/junit-4.12.jar:/home/spirals/danglot/.m2/repository/org/hamcrest/hamcrest-core/1.3/hamcrest-core-1.3.jar:/home/spirals/danglot/.m2/repository/com/google/jimfs/jimfs/1.0/jimfs-1.0.jar:/home/spirals/danglot/.m2/repository/org/mockito/mockito-core/1.10.16/mockito-core-1.10.16.jar:/home/spirals/danglot/.m2/repository/org/objenesis/objenesis/2.1/objenesis-2.1.jar:/home/spirals/danglot/.m2/repository/org/eclipse/jdt/core/compiler/ecj/4.4.2/ecj-4.4.2.jar:dataset/may-2018/javapoet/562//target/classes:target/dspot/dependencies/:dataset/may-2018/javapoet/562//target/test-classes:lib/catg-dev.jar:, -d, /tmp/Ex2Amplifier-experiments/dataset/may-2018/javapoet/562/target/test-classes, -1.8, -proc:none, -preserveAllLocals, -noExit, -enableJavadoc, /tmp/Ex2Amplifier-experiments/target/dspot/tmp_test_sources/com/squareup/javapoet/TypeSpecTest.java]
[80243] DEBUG Launcher - compiled in 284 ms
[80243] INFO CATGExecutor - Running CATG: ~/jdk1.8.0_121/java -Xmx4096M -Xms2048M -Djanala.loggerClass=janala.logger.DirectConcolicExecution -Djanala.conf=lib/catg.conf  -javaagent:lib/catg-dev.jar -cp /home/spirals/danglot/.m2/repository/com/google/truth/truth/0.28/truth-0.28.jar:/home/spirals/danglot/.m2/repository/com/google/guava/guava/18.0/guava-18.0.jar:/home/spirals/danglot/.m2/repository/com/google/testing/compile/compile-testing/0.9/compile-testing-0.9.jar:/home/spirals/danglot/jdk1.8.0_121/jre/../lib/tools.jar:/home/spirals/danglot/.m2/repository/junit/junit/4.12/junit-4.12.jar:/home/spirals/danglot/.m2/repository/org/hamcrest/hamcrest-core/1.3/hamcrest-core-1.3.jar:/home/spirals/danglot/.m2/repository/com/google/jimfs/jimfs/1.0/jimfs-1.0.jar:/home/spirals/danglot/.m2/repository/org/mockito/mockito-core/1.10.16/mockito-core-1.10.16.jar:/home/spirals/danglot/.m2/repository/org/objenesis/objenesis/2.1/objenesis-2.1.jar:/home/spirals/danglot/.m2/repository/org/eclipse/jdt/core/compiler/ecj/4.4.2/ecj-4.4.2.jar:dataset/may-2018/javapoet/562//target/classes:target/dspot/dependencies/:dataset/may-2018/javapoet/562//target/test-classes:lib/catg-dev.jar:lib/catg-dev.jar:lib/asm-all-5.0.4.jar:lib/automaton-1.11-8.jar -ea com.squareup.javapoet.TypeSpecTest
[80246] INFO Amplification - 0 new tests generated
[80246] INFO Amplification - 0 amplified test(s) has been selected, global: 0
[80246] INFO Amplification - amp annotationsAndJavaLangTypes (4/9)
[80307] DEBUG Launcher - printing com.squareup.javapoet.TypeSpecTest to /tmp/Ex2Amplifier-experiments/target/dspot/tmp_test_sources
[81552] INFO Amplification - iteration 0:
[81552] INFO Amplification - 1 tests selected to be amplified over 1 available tests
[81552] INFO Amplification - Amplification of inputs...
100% |================================================== ]/
[81611] DEBUG Launcher - printing com.squareup.javapoet.TypeSpecTest to /tmp/Ex2Amplifier-experiments/target/dspot/tmp_test_sources
[81730] DEBUG Launcher - building sources: [/tmp/Ex2Amplifier-experiments/target/dspot/tmp_test_sources/com/squareup/javapoet/TypeSpecTest.java]
[81731] DEBUG Launcher - build args: [-encoding, UTF-8, -cp, /home/spirals/danglot/.m2/repository/com/google/truth/truth/0.28/truth-0.28.jar:/home/spirals/danglot/.m2/repository/com/google/guava/guava/18.0/guava-18.0.jar:/home/spirals/danglot/.m2/repository/com/google/testing/compile/compile-testing/0.9/compile-testing-0.9.jar:/home/spirals/danglot/jdk1.8.0_121/jre/../lib/tools.jar:/home/spirals/danglot/.m2/repository/junit/junit/4.12/junit-4.12.jar:/home/spirals/danglot/.m2/repository/org/hamcrest/hamcrest-core/1.3/hamcrest-core-1.3.jar:/home/spirals/danglot/.m2/repository/com/google/jimfs/jimfs/1.0/jimfs-1.0.jar:/home/spirals/danglot/.m2/repository/org/mockito/mockito-core/1.10.16/mockito-core-1.10.16.jar:/home/spirals/danglot/.m2/repository/org/objenesis/objenesis/2.1/objenesis-2.1.jar:/home/spirals/danglot/.m2/repository/org/eclipse/jdt/core/compiler/ecj/4.4.2/ecj-4.4.2.jar:dataset/may-2018/javapoet/562//target/classes:target/dspot/dependencies/:dataset/may-2018/javapoet/562//target/test-classes:lib/catg-dev.jar:, -1.8, -preserveAllLocals, -noExit, -enableJavadoc, /tmp/Ex2Amplifier-experiments/target/dspot/tmp_test_sources/com/squareup/javapoet/TypeSpecTest.java]
[81872] DEBUG Launcher - built in 142 ms
[81872] DEBUG Launcher - building templates: []
[81872] DEBUG Launcher - built in 0 ms
[81878] DEBUG Launcher - model built in 148
[81878] DEBUG Launcher - compiling sources: [/tmp/Ex2Amplifier-experiments/target/dspot/tmp_test_sources/com/squareup/javapoet/TypeSpecTest.java]
[81884] DEBUG Launcher - compile args: [-encoding, UTF-8, -cp, /home/spirals/danglot/.m2/repository/com/google/truth/truth/0.28/truth-0.28.jar:/home/spirals/danglot/.m2/repository/com/google/guava/guava/18.0/guava-18.0.jar:/home/spirals/danglot/.m2/repository/com/google/testing/compile/compile-testing/0.9/compile-testing-0.9.jar:/home/spirals/danglot/jdk1.8.0_121/jre/../lib/tools.jar:/home/spirals/danglot/.m2/repository/junit/junit/4.12/junit-4.12.jar:/home/spirals/danglot/.m2/repository/org/hamcrest/hamcrest-core/1.3/hamcrest-core-1.3.jar:/home/spirals/danglot/.m2/repository/com/google/jimfs/jimfs/1.0/jimfs-1.0.jar:/home/spirals/danglot/.m2/repository/org/mockito/mockito-core/1.10.16/mockito-core-1.10.16.jar:/home/spirals/danglot/.m2/repository/org/objenesis/objenesis/2.1/objenesis-2.1.jar:/home/spirals/danglot/.m2/repository/org/eclipse/jdt/core/compiler/ecj/4.4.2/ecj-4.4.2.jar:dataset/may-2018/javapoet/562//target/classes:target/dspot/dependencies/:dataset/may-2018/javapoet/562//target/test-classes:lib/catg-dev.jar:, -d, /tmp/Ex2Amplifier-experiments/dataset/may-2018/javapoet/562/target/test-classes, -1.8, -proc:none, -preserveAllLocals, -noExit, -enableJavadoc, /tmp/Ex2Amplifier-experiments/target/dspot/tmp_test_sources/com/squareup/javapoet/TypeSpecTest.java]
[82146] DEBUG Launcher - compiled in 268 ms
[82147] INFO CATGExecutor - Running CATG: ~/jdk1.8.0_121/java -Xmx4096M -Xms2048M -Djanala.loggerClass=janala.logger.DirectConcolicExecution -Djanala.conf=lib/catg.conf  -javaagent:lib/catg-dev.jar -cp /home/spirals/danglot/.m2/repository/com/google/truth/truth/0.28/truth-0.28.jar:/home/spirals/danglot/.m2/repository/com/google/guava/guava/18.0/guava-18.0.jar:/home/spirals/danglot/.m2/repository/com/google/testing/compile/compile-testing/0.9/compile-testing-0.9.jar:/home/spirals/danglot/jdk1.8.0_121/jre/../lib/tools.jar:/home/spirals/danglot/.m2/repository/junit/junit/4.12/junit-4.12.jar:/home/spirals/danglot/.m2/repository/org/hamcrest/hamcrest-core/1.3/hamcrest-core-1.3.jar:/home/spirals/danglot/.m2/repository/com/google/jimfs/jimfs/1.0/jimfs-1.0.jar:/home/spirals/danglot/.m2/repository/org/mockito/mockito-core/1.10.16/mockito-core-1.10.16.jar:/home/spirals/danglot/.m2/repository/org/objenesis/objenesis/2.1/objenesis-2.1.jar:/home/spirals/danglot/.m2/repository/org/eclipse/jdt/core/compiler/ecj/4.4.2/ecj-4.4.2.jar:dataset/may-2018/javapoet/562//target/classes:target/dspot/dependencies/:dataset/may-2018/javapoet/562//target/test-classes:lib/catg-dev.jar:lib/catg-dev.jar:lib/asm-all-5.0.4.jar:lib/automaton-1.11-8.jar -ea com.squareup.javapoet.TypeSpecTest
[82149] INFO Amplification - 0 new tests generated
[82149] INFO Amplification - 0 amplified test(s) has been selected, global: 0
[82149] INFO Amplification - amp interestingTypes (5/9)
[82213] DEBUG Launcher - printing com.squareup.javapoet.TypeSpecTest to /tmp/Ex2Amplifier-experiments/target/dspot/tmp_test_sources
[83540] INFO Amplification - iteration 0:
[83540] INFO Amplification - 1 tests selected to be amplified over 1 available tests
[83540] INFO Amplification - Amplification of inputs...
100% |================================================== ]/
[83623] DEBUG Launcher - printing com.squareup.javapoet.TypeSpecTest to /tmp/Ex2Amplifier-experiments/target/dspot/tmp_test_sources
[83746] DEBUG Launcher - building sources: [/tmp/Ex2Amplifier-experiments/target/dspot/tmp_test_sources/com/squareup/javapoet/TypeSpecTest.java]
[83746] DEBUG Launcher - build args: [-encoding, UTF-8, -cp, /home/spirals/danglot/.m2/repository/com/google/truth/truth/0.28/truth-0.28.jar:/home/spirals/danglot/.m2/repository/com/google/guava/guava/18.0/guava-18.0.jar:/home/spirals/danglot/.m2/repository/com/google/testing/compile/compile-testing/0.9/compile-testing-0.9.jar:/home/spirals/danglot/jdk1.8.0_121/jre/../lib/tools.jar:/home/spirals/danglot/.m2/repository/junit/junit/4.12/junit-4.12.jar:/home/spirals/danglot/.m2/repository/org/hamcrest/hamcrest-core/1.3/hamcrest-core-1.3.jar:/home/spirals/danglot/.m2/repository/com/google/jimfs/jimfs/1.0/jimfs-1.0.jar:/home/spirals/danglot/.m2/repository/org/mockito/mockito-core/1.10.16/mockito-core-1.10.16.jar:/home/spirals/danglot/.m2/repository/org/objenesis/objenesis/2.1/objenesis-2.1.jar:/home/spirals/danglot/.m2/repository/org/eclipse/jdt/core/compiler/ecj/4.4.2/ecj-4.4.2.jar:dataset/may-2018/javapoet/562//target/classes:target/dspot/dependencies/:dataset/may-2018/javapoet/562//target/test-classes:lib/catg-dev.jar:, -1.8, -preserveAllLocals, -noExit, -enableJavadoc, /tmp/Ex2Amplifier-experiments/target/dspot/tmp_test_sources/com/squareup/javapoet/TypeSpecTest.java]
[83913] DEBUG Launcher - built in 167 ms
[83913] DEBUG Launcher - building templates: []
[83913] DEBUG Launcher - built in 0 ms
[83919] DEBUG Launcher - model built in 173
[83919] DEBUG Launcher - compiling sources: [/tmp/Ex2Amplifier-experiments/target/dspot/tmp_test_sources/com/squareup/javapoet/TypeSpecTest.java]
[83925] DEBUG Launcher - compile args: [-encoding, UTF-8, -cp, /home/spirals/danglot/.m2/repository/com/google/truth/truth/0.28/truth-0.28.jar:/home/spirals/danglot/.m2/repository/com/google/guava/guava/18.0/guava-18.0.jar:/home/spirals/danglot/.m2/repository/com/google/testing/compile/compile-testing/0.9/compile-testing-0.9.jar:/home/spirals/danglot/jdk1.8.0_121/jre/../lib/tools.jar:/home/spirals/danglot/.m2/repository/junit/junit/4.12/junit-4.12.jar:/home/spirals/danglot/.m2/repository/org/hamcrest/hamcrest-core/1.3/hamcrest-core-1.3.jar:/home/spirals/danglot/.m2/repository/com/google/jimfs/jimfs/1.0/jimfs-1.0.jar:/home/spirals/danglot/.m2/repository/org/mockito/mockito-core/1.10.16/mockito-core-1.10.16.jar:/home/spirals/danglot/.m2/repository/org/objenesis/objenesis/2.1/objenesis-2.1.jar:/home/spirals/danglot/.m2/repository/org/eclipse/jdt/core/compiler/ecj/4.4.2/ecj-4.4.2.jar:dataset/may-2018/javapoet/562//target/classes:target/dspot/dependencies/:dataset/may-2018/javapoet/562//target/test-classes:lib/catg-dev.jar:, -d, /tmp/Ex2Amplifier-experiments/dataset/may-2018/javapoet/562/target/test-classes, -1.8, -proc:none, -preserveAllLocals, -noExit, -enableJavadoc, /tmp/Ex2Amplifier-experiments/target/dspot/tmp_test_sources/com/squareup/javapoet/TypeSpecTest.java]
[84192] DEBUG Launcher - compiled in 273 ms
[84192] INFO CATGExecutor - Running CATG: ~/jdk1.8.0_121/java -Xmx4096M -Xms2048M -Djanala.loggerClass=janala.logger.DirectConcolicExecution -Djanala.conf=lib/catg.conf  -javaagent:lib/catg-dev.jar -cp /home/spirals/danglot/.m2/repository/com/google/truth/truth/0.28/truth-0.28.jar:/home/spirals/danglot/.m2/repository/com/google/guava/guava/18.0/guava-18.0.jar:/home/spirals/danglot/.m2/repository/com/google/testing/compile/compile-testing/0.9/compile-testing-0.9.jar:/home/spirals/danglot/jdk1.8.0_121/jre/../lib/tools.jar:/home/spirals/danglot/.m2/repository/junit/junit/4.12/junit-4.12.jar:/home/spirals/danglot/.m2/repository/org/hamcrest/hamcrest-core/1.3/hamcrest-core-1.3.jar:/home/spirals/danglot/.m2/repository/com/google/jimfs/jimfs/1.0/jimfs-1.0.jar:/home/spirals/danglot/.m2/repository/org/mockito/mockito-core/1.10.16/mockito-core-1.10.16.jar:/home/spirals/danglot/.m2/repository/org/objenesis/objenesis/2.1/objenesis-2.1.jar:/home/spirals/danglot/.m2/repository/org/eclipse/jdt/core/compiler/ecj/4.4.2/ecj-4.4.2.jar:dataset/may-2018/javapoet/562//target/classes:target/dspot/dependencies/:dataset/may-2018/javapoet/562//target/test-classes:lib/catg-dev.jar:lib/catg-dev.jar:lib/asm-all-5.0.4.jar:lib/automaton-1.11-8.jar -ea com.squareup.javapoet.TypeSpecTest
[84196] INFO Amplification - 0 new tests generated
[84196] INFO Amplification - 0 amplified test(s) has been selected, global: 0
[84196] INFO Amplification - amp interfaceExtends (6/9)
[84277] DEBUG Launcher - printing com.squareup.javapoet.TypeSpecTest to /tmp/Ex2Amplifier-experiments/target/dspot/tmp_test_sources
[85712] INFO Amplification - iteration 0:
[85712] INFO Amplification - 1 tests selected to be amplified over 1 available tests
[85712] INFO Amplification - Amplification of inputs...
100% |================================================== ]/
[85775] DEBUG Launcher - printing com.squareup.javapoet.TypeSpecTest to /tmp/Ex2Amplifier-experiments/target/dspot/tmp_test_sources
[85899] DEBUG Launcher - building sources: [/tmp/Ex2Amplifier-experiments/target/dspot/tmp_test_sources/com/squareup/javapoet/TypeSpecTest.java]
[85900] DEBUG Launcher - build args: [-encoding, UTF-8, -cp, /home/spirals/danglot/.m2/repository/com/google/truth/truth/0.28/truth-0.28.jar:/home/spirals/danglot/.m2/repository/com/google/guava/guava/18.0/guava-18.0.jar:/home/spirals/danglot/.m2/repository/com/google/testing/compile/compile-testing/0.9/compile-testing-0.9.jar:/home/spirals/danglot/jdk1.8.0_121/jre/../lib/tools.jar:/home/spirals/danglot/.m2/repository/junit/junit/4.12/junit-4.12.jar:/home/spirals/danglot/.m2/repository/org/hamcrest/hamcrest-core/1.3/hamcrest-core-1.3.jar:/home/spirals/danglot/.m2/repository/com/google/jimfs/jimfs/1.0/jimfs-1.0.jar:/home/spirals/danglot/.m2/repository/org/mockito/mockito-core/1.10.16/mockito-core-1.10.16.jar:/home/spirals/danglot/.m2/repository/org/objenesis/objenesis/2.1/objenesis-2.1.jar:/home/spirals/danglot/.m2/repository/org/eclipse/jdt/core/compiler/ecj/4.4.2/ecj-4.4.2.jar:dataset/may-2018/javapoet/562//target/classes:target/dspot/dependencies/:dataset/may-2018/javapoet/562//target/test-classes:lib/catg-dev.jar:, -1.8, -preserveAllLocals, -noExit, -enableJavadoc, /tmp/Ex2Amplifier-experiments/target/dspot/tmp_test_sources/com/squareup/javapoet/TypeSpecTest.java]
[86061] DEBUG Launcher - built in 162 ms
[86061] DEBUG Launcher - building templates: []
[86061] DEBUG Launcher - built in 0 ms
[86067] DEBUG Launcher - model built in 168
[86067] DEBUG Launcher - compiling sources: [/tmp/Ex2Amplifier-experiments/target/dspot/tmp_test_sources/com/squareup/javapoet/TypeSpecTest.java]
[86073] DEBUG Launcher - compile args: [-encoding, UTF-8, -cp, /home/spirals/danglot/.m2/repository/com/google/truth/truth/0.28/truth-0.28.jar:/home/spirals/danglot/.m2/repository/com/google/guava/guava/18.0/guava-18.0.jar:/home/spirals/danglot/.m2/repository/com/google/testing/compile/compile-testing/0.9/compile-testing-0.9.jar:/home/spirals/danglot/jdk1.8.0_121/jre/../lib/tools.jar:/home/spirals/danglot/.m2/repository/junit/junit/4.12/junit-4.12.jar:/home/spirals/danglot/.m2/repository/org/hamcrest/hamcrest-core/1.3/hamcrest-core-1.3.jar:/home/spirals/danglot/.m2/repository/com/google/jimfs/jimfs/1.0/jimfs-1.0.jar:/home/spirals/danglot/.m2/repository/org/mockito/mockito-core/1.10.16/mockito-core-1.10.16.jar:/home/spirals/danglot/.m2/repository/org/objenesis/objenesis/2.1/objenesis-2.1.jar:/home/spirals/danglot/.m2/repository/org/eclipse/jdt/core/compiler/ecj/4.4.2/ecj-4.4.2.jar:dataset/may-2018/javapoet/562//target/classes:target/dspot/dependencies/:dataset/may-2018/javapoet/562//target/test-classes:lib/catg-dev.jar:, -d, /tmp/Ex2Amplifier-experiments/dataset/may-2018/javapoet/562/target/test-classes, -1.8, -proc:none, -preserveAllLocals, -noExit, -enableJavadoc, /tmp/Ex2Amplifier-experiments/target/dspot/tmp_test_sources/com/squareup/javapoet/TypeSpecTest.java]
[86333] DEBUG Launcher - compiled in 266 ms
[86334] INFO CATGExecutor - Running CATG: ~/jdk1.8.0_121/java -Xmx4096M -Xms2048M -Djanala.loggerClass=janala.logger.DirectConcolicExecution -Djanala.conf=lib/catg.conf  -javaagent:lib/catg-dev.jar -cp /home/spirals/danglot/.m2/repository/com/google/truth/truth/0.28/truth-0.28.jar:/home/spirals/danglot/.m2/repository/com/google/guava/guava/18.0/guava-18.0.jar:/home/spirals/danglot/.m2/repository/com/google/testing/compile/compile-testing/0.9/compile-testing-0.9.jar:/home/spirals/danglot/jdk1.8.0_121/jre/../lib/tools.jar:/home/spirals/danglot/.m2/repository/junit/junit/4.12/junit-4.12.jar:/home/spirals/danglot/.m2/repository/org/hamcrest/hamcrest-core/1.3/hamcrest-core-1.3.jar:/home/spirals/danglot/.m2/repository/com/google/jimfs/jimfs/1.0/jimfs-1.0.jar:/home/spirals/danglot/.m2/repository/org/mockito/mockito-core/1.10.16/mockito-core-1.10.16.jar:/home/spirals/danglot/.m2/repository/org/objenesis/objenesis/2.1/objenesis-2.1.jar:/home/spirals/danglot/.m2/repository/org/eclipse/jdt/core/compiler/ecj/4.4.2/ecj-4.4.2.jar:dataset/may-2018/javapoet/562//target/classes:target/dspot/dependencies/:dataset/may-2018/javapoet/562//target/test-classes:lib/catg-dev.jar:lib/catg-dev.jar:lib/asm-all-5.0.4.jar:lib/automaton-1.11-8.jar -ea com.squareup.javapoet.TypeSpecTest
[86338] INFO Amplification - 0 new tests generated
[86338] INFO Amplification - 0 amplified test(s) has been selected, global: 0
[86338] INFO Amplification - amp classImplementsNestedClass (7/9)
[86420] DEBUG Launcher - printing com.squareup.javapoet.TypeSpecTest to /tmp/Ex2Amplifier-experiments/target/dspot/tmp_test_sources
[87712] INFO Amplification - iteration 0:
[87712] INFO Amplification - 1 tests selected to be amplified over 1 available tests
[87712] INFO Amplification - Amplification of inputs...
100% |================================================== ]/
[87758] DEBUG Launcher - printing com.squareup.javapoet.TypeSpecTest to /tmp/Ex2Amplifier-experiments/target/dspot/tmp_test_sources
[87872] DEBUG Launcher - building sources: [/tmp/Ex2Amplifier-experiments/target/dspot/tmp_test_sources/com/squareup/javapoet/TypeSpecTest.java]
[87872] DEBUG Launcher - build args: [-encoding, UTF-8, -cp, /home/spirals/danglot/.m2/repository/com/google/truth/truth/0.28/truth-0.28.jar:/home/spirals/danglot/.m2/repository/com/google/guava/guava/18.0/guava-18.0.jar:/home/spirals/danglot/.m2/repository/com/google/testing/compile/compile-testing/0.9/compile-testing-0.9.jar:/home/spirals/danglot/jdk1.8.0_121/jre/../lib/tools.jar:/home/spirals/danglot/.m2/repository/junit/junit/4.12/junit-4.12.jar:/home/spirals/danglot/.m2/repository/org/hamcrest/hamcrest-core/1.3/hamcrest-core-1.3.jar:/home/spirals/danglot/.m2/repository/com/google/jimfs/jimfs/1.0/jimfs-1.0.jar:/home/spirals/danglot/.m2/repository/org/mockito/mockito-core/1.10.16/mockito-core-1.10.16.jar:/home/spirals/danglot/.m2/repository/org/objenesis/objenesis/2.1/objenesis-2.1.jar:/home/spirals/danglot/.m2/repository/org/eclipse/jdt/core/compiler/ecj/4.4.2/ecj-4.4.2.jar:dataset/may-2018/javapoet/562//target/classes:target/dspot/dependencies/:dataset/may-2018/javapoet/562//target/test-classes:lib/catg-dev.jar:, -1.8, -preserveAllLocals, -noExit, -enableJavadoc, /tmp/Ex2Amplifier-experiments/target/dspot/tmp_test_sources/com/squareup/javapoet/TypeSpecTest.java]
[88048] DEBUG Launcher - built in 176 ms
[88048] DEBUG Launcher - building templates: []
[88048] DEBUG Launcher - built in 0 ms
[88057] DEBUG Launcher - model built in 185
[88057] DEBUG Launcher - compiling sources: [/tmp/Ex2Amplifier-experiments/target/dspot/tmp_test_sources/com/squareup/javapoet/TypeSpecTest.java]
[88064] DEBUG Launcher - compile args: [-encoding, UTF-8, -cp, /home/spirals/danglot/.m2/repository/com/google/truth/truth/0.28/truth-0.28.jar:/home/spirals/danglot/.m2/repository/com/google/guava/guava/18.0/guava-18.0.jar:/home/spirals/danglot/.m2/repository/com/google/testing/compile/compile-testing/0.9/compile-testing-0.9.jar:/home/spirals/danglot/jdk1.8.0_121/jre/../lib/tools.jar:/home/spirals/danglot/.m2/repository/junit/junit/4.12/junit-4.12.jar:/home/spirals/danglot/.m2/repository/org/hamcrest/hamcrest-core/1.3/hamcrest-core-1.3.jar:/home/spirals/danglot/.m2/repository/com/google/jimfs/jimfs/1.0/jimfs-1.0.jar:/home/spirals/danglot/.m2/repository/org/mockito/mockito-core/1.10.16/mockito-core-1.10.16.jar:/home/spirals/danglot/.m2/repository/org/objenesis/objenesis/2.1/objenesis-2.1.jar:/home/spirals/danglot/.m2/repository/org/eclipse/jdt/core/compiler/ecj/4.4.2/ecj-4.4.2.jar:dataset/may-2018/javapoet/562//target/classes:target/dspot/dependencies/:dataset/may-2018/javapoet/562//target/test-classes:lib/catg-dev.jar:, -d, /tmp/Ex2Amplifier-experiments/dataset/may-2018/javapoet/562/target/test-classes, -1.8, -proc:none, -preserveAllLocals, -noExit, -enableJavadoc, /tmp/Ex2Amplifier-experiments/target/dspot/tmp_test_sources/com/squareup/javapoet/TypeSpecTest.java]
[88394] DEBUG Launcher - compiled in 337 ms
[88395] INFO CATGExecutor - Running CATG: ~/jdk1.8.0_121/java -Xmx4096M -Xms2048M -Djanala.loggerClass=janala.logger.DirectConcolicExecution -Djanala.conf=lib/catg.conf  -javaagent:lib/catg-dev.jar -cp /home/spirals/danglot/.m2/repository/com/google/truth/truth/0.28/truth-0.28.jar:/home/spirals/danglot/.m2/repository/com/google/guava/guava/18.0/guava-18.0.jar:/home/spirals/danglot/.m2/repository/com/google/testing/compile/compile-testing/0.9/compile-testing-0.9.jar:/home/spirals/danglot/jdk1.8.0_121/jre/../lib/tools.jar:/home/spirals/danglot/.m2/repository/junit/junit/4.12/junit-4.12.jar:/home/spirals/danglot/.m2/repository/org/hamcrest/hamcrest-core/1.3/hamcrest-core-1.3.jar:/home/spirals/danglot/.m2/repository/com/google/jimfs/jimfs/1.0/jimfs-1.0.jar:/home/spirals/danglot/.m2/repository/org/mockito/mockito-core/1.10.16/mockito-core-1.10.16.jar:/home/spirals/danglot/.m2/repository/org/objenesis/objenesis/2.1/objenesis-2.1.jar:/home/spirals/danglot/.m2/repository/org/eclipse/jdt/core/compiler/ecj/4.4.2/ecj-4.4.2.jar:dataset/may-2018/javapoet/562//target/classes:target/dspot/dependencies/:dataset/may-2018/javapoet/562//target/test-classes:lib/catg-dev.jar:lib/catg-dev.jar:lib/asm-all-5.0.4.jar:lib/automaton-1.11-8.jar -ea com.squareup.javapoet.TypeSpecTest
[88398] INFO Amplification - 0 new tests generated
[88398] INFO Amplification - 0 amplified test(s) has been selected, global: 0
[88398] INFO Amplification - amp superClassOnlyValidForClasses (8/9)
[88508] DEBUG Launcher - printing com.squareup.javapoet.TypeSpecTest to /tmp/Ex2Amplifier-experiments/target/dspot/tmp_test_sources
[89945] INFO Amplification - iteration 0:
[89945] INFO Amplification - 1 tests selected to be amplified over 1 available tests
[89945] INFO Amplification - Amplification of inputs...
100% |================================================== ]/
[90022] DEBUG Launcher - printing com.squareup.javapoet.TypeSpecTest to /tmp/Ex2Amplifier-experiments/target/dspot/tmp_test_sources
[90222] DEBUG Launcher - building sources: [/tmp/Ex2Amplifier-experiments/target/dspot/tmp_test_sources/com/squareup/javapoet/TypeSpecTest.java]
[90223] DEBUG Launcher - build args: [-encoding, UTF-8, -cp, /home/spirals/danglot/.m2/repository/com/google/truth/truth/0.28/truth-0.28.jar:/home/spirals/danglot/.m2/repository/com/google/guava/guava/18.0/guava-18.0.jar:/home/spirals/danglot/.m2/repository/com/google/testing/compile/compile-testing/0.9/compile-testing-0.9.jar:/home/spirals/danglot/jdk1.8.0_121/jre/../lib/tools.jar:/home/spirals/danglot/.m2/repository/junit/junit/4.12/junit-4.12.jar:/home/spirals/danglot/.m2/repository/org/hamcrest/hamcrest-core/1.3/hamcrest-core-1.3.jar:/home/spirals/danglot/.m2/repository/com/google/jimfs/jimfs/1.0/jimfs-1.0.jar:/home/spirals/danglot/.m2/repository/org/mockito/mockito-core/1.10.16/mockito-core-1.10.16.jar:/home/spirals/danglot/.m2/repository/org/objenesis/objenesis/2.1/objenesis-2.1.jar:/home/spirals/danglot/.m2/repository/org/eclipse/jdt/core/compiler/ecj/4.4.2/ecj-4.4.2.jar:dataset/may-2018/javapoet/562//target/classes:target/dspot/dependencies/:dataset/may-2018/javapoet/562//target/test-classes:lib/catg-dev.jar:, -1.8, -preserveAllLocals, -noExit, -enableJavadoc, /tmp/Ex2Amplifier-experiments/target/dspot/tmp_test_sources/com/squareup/javapoet/TypeSpecTest.java]
[90434] DEBUG Launcher - built in 212 ms
[90434] DEBUG Launcher - building templates: []
[90435] DEBUG Launcher - built in 0 ms
[90443] DEBUG Launcher - model built in 221
[90443] DEBUG Launcher - compiling sources: [/tmp/Ex2Amplifier-experiments/target/dspot/tmp_test_sources/com/squareup/javapoet/TypeSpecTest.java]
[90449] DEBUG Launcher - compile args: [-encoding, UTF-8, -cp, /home/spirals/danglot/.m2/repository/com/google/truth/truth/0.28/truth-0.28.jar:/home/spirals/danglot/.m2/repository/com/google/guava/guava/18.0/guava-18.0.jar:/home/spirals/danglot/.m2/repository/com/google/testing/compile/compile-testing/0.9/compile-testing-0.9.jar:/home/spirals/danglot/jdk1.8.0_121/jre/../lib/tools.jar:/home/spirals/danglot/.m2/repository/junit/junit/4.12/junit-4.12.jar:/home/spirals/danglot/.m2/repository/org/hamcrest/hamcrest-core/1.3/hamcrest-core-1.3.jar:/home/spirals/danglot/.m2/repository/com/google/jimfs/jimfs/1.0/jimfs-1.0.jar:/home/spirals/danglot/.m2/repository/org/mockito/mockito-core/1.10.16/mockito-core-1.10.16.jar:/home/spirals/danglot/.m2/repository/org/objenesis/objenesis/2.1/objenesis-2.1.jar:/home/spirals/danglot/.m2/repository/org/eclipse/jdt/core/compiler/ecj/4.4.2/ecj-4.4.2.jar:dataset/may-2018/javapoet/562//target/classes:target/dspot/dependencies/:dataset/may-2018/javapoet/562//target/test-classes:lib/catg-dev.jar:, -d, /tmp/Ex2Amplifier-experiments/dataset/may-2018/javapoet/562/target/test-classes, -1.8, -proc:none, -preserveAllLocals, -noExit, -enableJavadoc, /tmp/Ex2Amplifier-experiments/target/dspot/tmp_test_sources/com/squareup/javapoet/TypeSpecTest.java]
[90770] DEBUG Launcher - compiled in 327 ms
[90771] INFO CATGExecutor - Running CATG: ~/jdk1.8.0_121/java -Xmx4096M -Xms2048M -Djanala.loggerClass=janala.logger.DirectConcolicExecution -Djanala.conf=lib/catg.conf  -javaagent:lib/catg-dev.jar -cp /home/spirals/danglot/.m2/repository/com/google/truth/truth/0.28/truth-0.28.jar:/home/spirals/danglot/.m2/repository/com/google/guava/guava/18.0/guava-18.0.jar:/home/spirals/danglot/.m2/repository/com/google/testing/compile/compile-testing/0.9/compile-testing-0.9.jar:/home/spirals/danglot/jdk1.8.0_121/jre/../lib/tools.jar:/home/spirals/danglot/.m2/repository/junit/junit/4.12/junit-4.12.jar:/home/spirals/danglot/.m2/repository/org/hamcrest/hamcrest-core/1.3/hamcrest-core-1.3.jar:/home/spirals/danglot/.m2/repository/com/google/jimfs/jimfs/1.0/jimfs-1.0.jar:/home/spirals/danglot/.m2/repository/org/mockito/mockito-core/1.10.16/mockito-core-1.10.16.jar:/home/spirals/danglot/.m2/repository/org/objenesis/objenesis/2.1/objenesis-2.1.jar:/home/spirals/danglot/.m2/repository/org/eclipse/jdt/core/compiler/ecj/4.4.2/ecj-4.4.2.jar:dataset/may-2018/javapoet/562//target/classes:target/dspot/dependencies/:dataset/may-2018/javapoet/562//target/test-classes:lib/catg-dev.jar:lib/catg-dev.jar:lib/asm-all-5.0.4.jar:lib/automaton-1.11-8.jar -ea com.squareup.javapoet.TypeSpecTest
[90774] INFO Amplification - 0 new tests generated
[90774] INFO Amplification - 0 amplified test(s) has been selected, global: 0
[90774] INFO Amplification - amp typeVariables (9/9)
[90882] DEBUG Launcher - printing com.squareup.javapoet.TypeSpecTest to /tmp/Ex2Amplifier-experiments/target/dspot/tmp_test_sources
[92291] INFO Amplification - iteration 0:
[92292] INFO Amplification - 1 tests selected to be amplified over 1 available tests
[92292] INFO Amplification - Amplification of inputs...
100% |================================================== ]/
[92484] DEBUG Launcher - printing com.squareup.javapoet.TypeSpecTest to /tmp/Ex2Amplifier-experiments/target/dspot/tmp_test_sources
[92596] DEBUG Launcher - building sources: [/tmp/Ex2Amplifier-experiments/target/dspot/tmp_test_sources/com/squareup/javapoet/TypeSpecTest.java]
[92597] DEBUG Launcher - build args: [-encoding, UTF-8, -cp, /home/spirals/danglot/.m2/repository/com/google/truth/truth/0.28/truth-0.28.jar:/home/spirals/danglot/.m2/repository/com/google/guava/guava/18.0/guava-18.0.jar:/home/spirals/danglot/.m2/repository/com/google/testing/compile/compile-testing/0.9/compile-testing-0.9.jar:/home/spirals/danglot/jdk1.8.0_121/jre/../lib/tools.jar:/home/spirals/danglot/.m2/repository/junit/junit/4.12/junit-4.12.jar:/home/spirals/danglot/.m2/repository/org/hamcrest/hamcrest-core/1.3/hamcrest-core-1.3.jar:/home/spirals/danglot/.m2/repository/com/google/jimfs/jimfs/1.0/jimfs-1.0.jar:/home/spirals/danglot/.m2/repository/org/mockito/mockito-core/1.10.16/mockito-core-1.10.16.jar:/home/spirals/danglot/.m2/repository/org/objenesis/objenesis/2.1/objenesis-2.1.jar:/home/spirals/danglot/.m2/repository/org/eclipse/jdt/core/compiler/ecj/4.4.2/ecj-4.4.2.jar:dataset/may-2018/javapoet/562//target/classes:target/dspot/dependencies/:dataset/may-2018/javapoet/562//target/test-classes:lib/catg-dev.jar:, -1.8, -preserveAllLocals, -noExit, -enableJavadoc, /tmp/Ex2Amplifier-experiments/target/dspot/tmp_test_sources/com/squareup/javapoet/TypeSpecTest.java]
[92760] DEBUG Launcher - built in 164 ms
[92760] DEBUG Launcher - building templates: []
[92760] DEBUG Launcher - built in 0 ms
[92767] DEBUG Launcher - model built in 171
[92767] DEBUG Launcher - compiling sources: [/tmp/Ex2Amplifier-experiments/target/dspot/tmp_test_sources/com/squareup/javapoet/TypeSpecTest.java]
[92773] DEBUG Launcher - compile args: [-encoding, UTF-8, -cp, /home/spirals/danglot/.m2/repository/com/google/truth/truth/0.28/truth-0.28.jar:/home/spirals/danglot/.m2/repository/com/google/guava/guava/18.0/guava-18.0.jar:/home/spirals/danglot/.m2/repository/com/google/testing/compile/compile-testing/0.9/compile-testing-0.9.jar:/home/spirals/danglot/jdk1.8.0_121/jre/../lib/tools.jar:/home/spirals/danglot/.m2/repository/junit/junit/4.12/junit-4.12.jar:/home/spirals/danglot/.m2/repository/org/hamcrest/hamcrest-core/1.3/hamcrest-core-1.3.jar:/home/spirals/danglot/.m2/repository/com/google/jimfs/jimfs/1.0/jimfs-1.0.jar:/home/spirals/danglot/.m2/repository/org/mockito/mockito-core/1.10.16/mockito-core-1.10.16.jar:/home/spirals/danglot/.m2/repository/org/objenesis/objenesis/2.1/objenesis-2.1.jar:/home/spirals/danglot/.m2/repository/org/eclipse/jdt/core/compiler/ecj/4.4.2/ecj-4.4.2.jar:dataset/may-2018/javapoet/562//target/classes:target/dspot/dependencies/:dataset/may-2018/javapoet/562//target/test-classes:lib/catg-dev.jar:, -d, /tmp/Ex2Amplifier-experiments/dataset/may-2018/javapoet/562/target/test-classes, -1.8, -proc:none, -preserveAllLocals, -noExit, -enableJavadoc, /tmp/Ex2Amplifier-experiments/target/dspot/tmp_test_sources/com/squareup/javapoet/TypeSpecTest.java]
[93047] DEBUG Launcher - compiled in 280 ms
[93048] INFO CATGExecutor - Running CATG: ~/jdk1.8.0_121/java -Xmx4096M -Xms2048M -Djanala.loggerClass=janala.logger.DirectConcolicExecution -Djanala.conf=lib/catg.conf  -javaagent:lib/catg-dev.jar -cp /home/spirals/danglot/.m2/repository/com/google/truth/truth/0.28/truth-0.28.jar:/home/spirals/danglot/.m2/repository/com/google/guava/guava/18.0/guava-18.0.jar:/home/spirals/danglot/.m2/repository/com/google/testing/compile/compile-testing/0.9/compile-testing-0.9.jar:/home/spirals/danglot/jdk1.8.0_121/jre/../lib/tools.jar:/home/spirals/danglot/.m2/repository/junit/junit/4.12/junit-4.12.jar:/home/spirals/danglot/.m2/repository/org/hamcrest/hamcrest-core/1.3/hamcrest-core-1.3.jar:/home/spirals/danglot/.m2/repository/com/google/jimfs/jimfs/1.0/jimfs-1.0.jar:/home/spirals/danglot/.m2/repository/org/mockito/mockito-core/1.10.16/mockito-core-1.10.16.jar:/home/spirals/danglot/.m2/repository/org/objenesis/objenesis/2.1/objenesis-2.1.jar:/home/spirals/danglot/.m2/repository/org/eclipse/jdt/core/compiler/ecj/4.4.2/ecj-4.4.2.jar:dataset/may-2018/javapoet/562//target/classes:target/dspot/dependencies/:dataset/may-2018/javapoet/562//target/test-classes:lib/catg-dev.jar:lib/catg-dev.jar:lib/asm-all-5.0.4.jar:lib/automaton-1.11-8.jar -ea com.squareup.javapoet.TypeSpecTest
[93050] INFO Amplification - 0 new tests generated
[93050] INFO Amplification - 0 amplified test(s) has been selected, global: 0
[93050] INFO DSpot - elapsedTime 46534
======= REPORT =======
0 amplified test fails on the new versions.

[96791] INFO DSpot - Print AmplTypeSpecTest with 0?amplified test cases in results/may-2018/javapoet/562/CATG
[96791] DEBUG Launcher - printing com.squareup.javapoet.AmplTypeSpecTest to /tmp/Ex2Amplifier-experiments/results/may-2018/javapoet/562/CATG
[96843] INFO Amplification - amplification of com.squareup.javapoet.JavaFileTest (1 test(s))
[96858] DEBUG Launcher - printing com.squareup.javapoet.JavaFileTest to /tmp/Ex2Amplifier-experiments/target/dspot/tmp_test_sources
[97393] INFO Amplification - Try to add assertions before amplification
[97424] INFO AssertGenerator - Run tests. (1)
[97430] DEBUG Launcher - printing com.squareup.javapoet.JavaFileTest to /tmp/Ex2Amplifier-experiments/target/dspot/tmp_test_sources
[97979] INFO AssertGenerator - 1 test pass, generating assertion...
[97984] INFO MethodsAssertGenerator - Add observations points in passing tests.
[97984] INFO MethodsAssertGenerator - Instrumentation...
100% |================================================== ]/
[97987] INFO MethodsAssertGenerator - Run instrumented tests. (3)
[97994] DEBUG Launcher - printing com.squareup.javapoet.JavaFileTest to /tmp/Ex2Amplifier-experiments/target/dspot/tmp_test_sources
[98557] INFO MethodsAssertGenerator - Generating assertions...
[98558] INFO AssertGenerator - 1 new tests with assertions generated
[98571] DEBUG Launcher - printing com.squareup.javapoet.JavaFileTest to /tmp/Ex2Amplifier-experiments/target/dspot/tmp_test_sources
[100155] DEBUG Launcher - printing com.squareup.javapoet.JavaFileTest to /tmp/Ex2Amplifier-experiments/target/dspot/tmp_test_sources
[100164] DEBUG Launcher - building sources: [/tmp/Ex2Amplifier-experiments/target/dspot/tmp_test_sources/com/squareup/javapoet/JavaFileTest.java]
[100164] DEBUG Launcher - build args: [-encoding, UTF-8, -cp, /home/spirals/danglot/.m2/repository/com/google/truth/truth/0.28/truth-0.28.jar:/home/spirals/danglot/.m2/repository/com/google/guava/guava/18.0/guava-18.0.jar:/home/spirals/danglot/.m2/repository/com/google/testing/compile/compile-testing/0.9/compile-testing-0.9.jar:/home/spirals/danglot/jdk1.8.0_121/jre/../lib/tools.jar:/home/spirals/danglot/.m2/repository/junit/junit/4.12/junit-4.12.jar:/home/spirals/danglot/.m2/repository/org/hamcrest/hamcrest-core/1.3/hamcrest-core-1.3.jar:/home/spirals/danglot/.m2/repository/com/google/jimfs/jimfs/1.0/jimfs-1.0.jar:/home/spirals/danglot/.m2/repository/org/mockito/mockito-core/1.10.16/mockito-core-1.10.16.jar:/home/spirals/danglot/.m2/repository/org/objenesis/objenesis/2.1/objenesis-2.1.jar:/home/spirals/danglot/.m2/repository/org/eclipse/jdt/core/compiler/ecj/4.4.2/ecj-4.4.2.jar:target/dspot/dependencies/:dataset/may-2018/javapoet/562//target/classes:dataset/may-2018/javapoet/562//target/test-classes:, -1.8, -preserveAllLocals, -noExit, -enableJavadoc, /tmp/Ex2Amplifier-experiments/target/dspot/tmp_test_sources/com/squareup/javapoet/JavaFileTest.java]
[100241] DEBUG Launcher - built in 77 ms
[100241] DEBUG Launcher - building templates: []
[100241] DEBUG Launcher - built in 0 ms
[100241] DEBUG Launcher - model built in 77
[100241] DEBUG Launcher - compiling sources: [/tmp/Ex2Amplifier-experiments/target/dspot/tmp_test_sources/com/squareup/javapoet/JavaFileTest.java]
[100242] DEBUG Launcher - compile args: [-encoding, UTF-8, -cp, /home/spirals/danglot/.m2/repository/com/google/truth/truth/0.28/truth-0.28.jar:/home/spirals/danglot/.m2/repository/com/google/guava/guava/18.0/guava-18.0.jar:/home/spirals/danglot/.m2/repository/com/google/testing/compile/compile-testing/0.9/compile-testing-0.9.jar:/home/spirals/danglot/jdk1.8.0_121/jre/../lib/tools.jar:/home/spirals/danglot/.m2/repository/junit/junit/4.12/junit-4.12.jar:/home/spirals/danglot/.m2/repository/org/hamcrest/hamcrest-core/1.3/hamcrest-core-1.3.jar:/home/spirals/danglot/.m2/repository/com/google/jimfs/jimfs/1.0/jimfs-1.0.jar:/home/spirals/danglot/.m2/repository/org/mockito/mockito-core/1.10.16/mockito-core-1.10.16.jar:/home/spirals/danglot/.m2/repository/org/objenesis/objenesis/2.1/objenesis-2.1.jar:/home/spirals/danglot/.m2/repository/org/eclipse/jdt/core/compiler/ecj/4.4.2/ecj-4.4.2.jar:target/dspot/dependencies/:dataset/may-2018/javapoet/562//target/classes:dataset/may-2018/javapoet/562//target/test-classes:, -d, /tmp/Ex2Amplifier-experiments/dataset/may-2018/javapoet/562_modified/target/test-classes, -1.8, -proc:none, -preserveAllLocals, -noExit, -enableJavadoc, /tmp/Ex2Amplifier-experiments/target/dspot/tmp_test_sources/com/squareup/javapoet/JavaFileTest.java]
[100302] DEBUG Launcher - compiled in 61 ms
[100780] INFO Amplification - 0 amplified test(s) has been selected, global: 0
[100780] INFO Amplification - amp superclassReferencesSelf (1/1)
[100794] DEBUG Launcher - printing com.squareup.javapoet.JavaFileTest to /tmp/Ex2Amplifier-experiments/target/dspot/tmp_test_sources
[101324] INFO Amplification - iteration 0:
[101324] INFO Amplification - 1 tests selected to be amplified over 1 available tests
[101324] INFO Amplification - Amplification of inputs...
100% |================================================== ]/
[101364] DEBUG Launcher - printing com.squareup.javapoet.JavaFileTest to /tmp/Ex2Amplifier-experiments/target/dspot/tmp_test_sources
[101387] DEBUG Launcher - building sources: [/tmp/Ex2Amplifier-experiments/target/dspot/tmp_test_sources/com/squareup/javapoet/JavaFileTest.java]
[101387] DEBUG Launcher - build args: [-encoding, UTF-8, -cp, /home/spirals/danglot/.m2/repository/com/google/truth/truth/0.28/truth-0.28.jar:/home/spirals/danglot/.m2/repository/com/google/guava/guava/18.0/guava-18.0.jar:/home/spirals/danglot/.m2/repository/com/google/testing/compile/compile-testing/0.9/compile-testing-0.9.jar:/home/spirals/danglot/jdk1.8.0_121/jre/../lib/tools.jar:/home/spirals/danglot/.m2/repository/junit/junit/4.12/junit-4.12.jar:/home/spirals/danglot/.m2/repository/org/hamcrest/hamcrest-core/1.3/hamcrest-core-1.3.jar:/home/spirals/danglot/.m2/repository/com/google/jimfs/jimfs/1.0/jimfs-1.0.jar:/home/spirals/danglot/.m2/repository/org/mockito/mockito-core/1.10.16/mockito-core-1.10.16.jar:/home/spirals/danglot/.m2/repository/org/objenesis/objenesis/2.1/objenesis-2.1.jar:/home/spirals/danglot/.m2/repository/org/eclipse/jdt/core/compiler/ecj/4.4.2/ecj-4.4.2.jar:dataset/may-2018/javapoet/562//target/classes:target/dspot/dependencies/:dataset/may-2018/javapoet/562//target/test-classes:lib/catg-dev.jar:, -1.8, -preserveAllLocals, -noExit, -enableJavadoc, /tmp/Ex2Amplifier-experiments/target/dspot/tmp_test_sources/com/squareup/javapoet/JavaFileTest.java]
[101475] DEBUG Launcher - built in 88 ms
[101475] DEBUG Launcher - building templates: []
[101475] DEBUG Launcher - built in 0 ms
[101476] DEBUG Launcher - model built in 90
[101476] DEBUG Launcher - compiling sources: [/tmp/Ex2Amplifier-experiments/target/dspot/tmp_test_sources/com/squareup/javapoet/JavaFileTest.java]
[101479] DEBUG Launcher - compile args: [-encoding, UTF-8, -cp, /home/spirals/danglot/.m2/repository/com/google/truth/truth/0.28/truth-0.28.jar:/home/spirals/danglot/.m2/repository/com/google/guava/guava/18.0/guava-18.0.jar:/home/spirals/danglot/.m2/repository/com/google/testing/compile/compile-testing/0.9/compile-testing-0.9.jar:/home/spirals/danglot/jdk1.8.0_121/jre/../lib/tools.jar:/home/spirals/danglot/.m2/repository/junit/junit/4.12/junit-4.12.jar:/home/spirals/danglot/.m2/repository/org/hamcrest/hamcrest-core/1.3/hamcrest-core-1.3.jar:/home/spirals/danglot/.m2/repository/com/google/jimfs/jimfs/1.0/jimfs-1.0.jar:/home/spirals/danglot/.m2/repository/org/mockito/mockito-core/1.10.16/mockito-core-1.10.16.jar:/home/spirals/danglot/.m2/repository/org/objenesis/objenesis/2.1/objenesis-2.1.jar:/home/spirals/danglot/.m2/repository/org/eclipse/jdt/core/compiler/ecj/4.4.2/ecj-4.4.2.jar:dataset/may-2018/javapoet/562//target/classes:target/dspot/dependencies/:dataset/may-2018/javapoet/562//target/test-classes:lib/catg-dev.jar:, -d, /tmp/Ex2Amplifier-experiments/dataset/may-2018/javapoet/562/target/test-classes, -1.8, -proc:none, -preserveAllLocals, -noExit, -enableJavadoc, /tmp/Ex2Amplifier-experiments/target/dspot/tmp_test_sources/com/squareup/javapoet/JavaFileTest.java]
[101578] DEBUG Launcher - compiled in 102 ms
[101579] INFO CATGExecutor - Running CATG: ~/jdk1.8.0_121/java -Xmx4096M -Xms2048M -Djanala.loggerClass=janala.logger.DirectConcolicExecution -Djanala.conf=lib/catg.conf  -javaagent:lib/catg-dev.jar -cp /home/spirals/danglot/.m2/repository/com/google/truth/truth/0.28/truth-0.28.jar:/home/spirals/danglot/.m2/repository/com/google/guava/guava/18.0/guava-18.0.jar:/home/spirals/danglot/.m2/repository/com/google/testing/compile/compile-testing/0.9/compile-testing-0.9.jar:/home/spirals/danglot/jdk1.8.0_121/jre/../lib/tools.jar:/home/spirals/danglot/.m2/repository/junit/junit/4.12/junit-4.12.jar:/home/spirals/danglot/.m2/repository/org/hamcrest/hamcrest-core/1.3/hamcrest-core-1.3.jar:/home/spirals/danglot/.m2/repository/com/google/jimfs/jimfs/1.0/jimfs-1.0.jar:/home/spirals/danglot/.m2/repository/org/mockito/mockito-core/1.10.16/mockito-core-1.10.16.jar:/home/spirals/danglot/.m2/repository/org/objenesis/objenesis/2.1/objenesis-2.1.jar:/home/spirals/danglot/.m2/repository/org/eclipse/jdt/core/compiler/ecj/4.4.2/ecj-4.4.2.jar:dataset/may-2018/javapoet/562//target/classes:target/dspot/dependencies/:dataset/may-2018/javapoet/562//target/test-classes:lib/catg-dev.jar:lib/catg-dev.jar:lib/asm-all-5.0.4.jar:lib/automaton-1.11-8.jar -ea com.squareup.javapoet.JavaFileTest
[101581] INFO Amplification - 0 new tests generated
[101581] INFO Amplification - 0 amplified test(s) has been selected, global: 0
[101581] INFO DSpot - elapsedTime 4762
======= REPORT =======
0 amplified test fails on the new versions.

[102638] INFO DSpot - Print AmplJavaFileTest with 0?amplified test cases in results/may-2018/javapoet/562/CATG
[102638] DEBUG Launcher - printing com.squareup.javapoet.AmplJavaFileTest to /tmp/Ex2Amplifier-experiments/results/may-2018/javapoet/562/CATG
[102831] INFO Amplification - amplification of com.squareup.javapoet.TypeNameTest (2 test(s))
[102839] DEBUG Launcher - printing com.squareup.javapoet.TypeNameTest to /tmp/Ex2Amplifier-experiments/target/dspot/tmp_test_sources
[103359] INFO Amplification - Try to add assertions before amplification
[103492] INFO AssertGenerator - Run tests. (2)
[103496] DEBUG Launcher - printing com.squareup.javapoet.TypeNameTest to /tmp/Ex2Amplifier-experiments/target/dspot/tmp_test_sources
[104021] INFO AssertGenerator - 2 test pass, generating assertion...
[104024] INFO MethodsAssertGenerator - Add observations points in passing tests.
[104024] INFO MethodsAssertGenerator - Instrumentation...
 50% |========================= ]/100% |================================================== ]-
[104028] INFO MethodsAssertGenerator - Run instrumented tests. (6)
[104033] DEBUG Launcher - printing com.squareup.javapoet.TypeNameTest to /tmp/Ex2Amplifier-experiments/target/dspot/tmp_test_sources
[108808] INFO MethodsAssertGenerator - Generating assertions...
[108871] INFO AssertGenerator - 2 new tests with assertions generated
[108886] DEBUG Launcher - printing com.squareup.javapoet.TypeNameTest to /tmp/Ex2Amplifier-experiments/target/dspot/tmp_test_sources
[110531] DEBUG Launcher - printing com.squareup.javapoet.TypeNameTest to /tmp/Ex2Amplifier-experiments/target/dspot/tmp_test_sources
[110972] DEBUG Launcher - building sources: [/tmp/Ex2Amplifier-experiments/target/dspot/tmp_test_sources/com/squareup/javapoet/TypeNameTest.java]
[110974] DEBUG Launcher - build args: [-encoding, UTF-8, -cp, /home/spirals/danglot/.m2/repository/com/google/truth/truth/0.28/truth-0.28.jar:/home/spirals/danglot/.m2/repository/com/google/guava/guava/18.0/guava-18.0.jar:/home/spirals/danglot/.m2/repository/com/google/testing/compile/compile-testing/0.9/compile-testing-0.9.jar:/home/spirals/danglot/jdk1.8.0_121/jre/../lib/tools.jar:/home/spirals/danglot/.m2/repository/junit/junit/4.12/junit-4.12.jar:/home/spirals/danglot/.m2/repository/org/hamcrest/hamcrest-core/1.3/hamcrest-core-1.3.jar:/home/spirals/danglot/.m2/repository/com/google/jimfs/jimfs/1.0/jimfs-1.0.jar:/home/spirals/danglot/.m2/repository/org/mockito/mockito-core/1.10.16/mockito-core-1.10.16.jar:/home/spirals/danglot/.m2/repository/org/objenesis/objenesis/2.1/objenesis-2.1.jar:/home/spirals/danglot/.m2/repository/org/eclipse/jdt/core/compiler/ecj/4.4.2/ecj-4.4.2.jar:target/dspot/dependencies/:dataset/may-2018/javapoet/562//target/classes:dataset/may-2018/javapoet/562//target/test-classes:, -1.8, -preserveAllLocals, -noExit, -enableJavadoc, /tmp/Ex2Amplifier-experiments/target/dspot/tmp_test_sources/com/squareup/javapoet/TypeNameTest.java]
[111099] DEBUG Launcher - built in 127 ms
[111099] DEBUG Launcher - building templates: []
[111099] DEBUG Launcher - built in 0 ms
[111108] DEBUG Launcher - model built in 136
[111108] DEBUG Launcher - compiling sources: [/tmp/Ex2Amplifier-experiments/target/dspot/tmp_test_sources/com/squareup/javapoet/TypeNameTest.java]
[111120] DEBUG Launcher - compile args: [-encoding, UTF-8, -cp, /home/spirals/danglot/.m2/repository/com/google/truth/truth/0.28/truth-0.28.jar:/home/spirals/danglot/.m2/repository/com/google/guava/guava/18.0/guava-18.0.jar:/home/spirals/danglot/.m2/repository/com/google/testing/compile/compile-testing/0.9/compile-testing-0.9.jar:/home/spirals/danglot/jdk1.8.0_121/jre/../lib/tools.jar:/home/spirals/danglot/.m2/repository/junit/junit/4.12/junit-4.12.jar:/home/spirals/danglot/.m2/repository/org/hamcrest/hamcrest-core/1.3/hamcrest-core-1.3.jar:/home/spirals/danglot/.m2/repository/com/google/jimfs/jimfs/1.0/jimfs-1.0.jar:/home/spirals/danglot/.m2/repository/org/mockito/mockito-core/1.10.16/mockito-core-1.10.16.jar:/home/spirals/danglot/.m2/repository/org/objenesis/objenesis/2.1/objenesis-2.1.jar:/home/spirals/danglot/.m2/repository/org/eclipse/jdt/core/compiler/ecj/4.4.2/ecj-4.4.2.jar:target/dspot/dependencies/:dataset/may-2018/javapoet/562//target/classes:dataset/may-2018/javapoet/562//target/test-classes:, -d, /tmp/Ex2Amplifier-experiments/dataset/may-2018/javapoet/562_modified/target/test-classes, -1.8, -proc:none, -preserveAllLocals, -noExit, -enableJavadoc, /tmp/Ex2Amplifier-experiments/target/dspot/tmp_test_sources/com/squareup/javapoet/TypeNameTest.java]
[115943] DEBUG Launcher - compiled in 4835 ms
[116401] INFO Amplification - 0 amplified test(s) has been selected, global: 0
[116401] INFO Amplification - amp equalsAndHashCodeParameterizedTypeName (1/2)
[116409] DEBUG Launcher - printing com.squareup.javapoet.TypeNameTest to /tmp/Ex2Amplifier-experiments/target/dspot/tmp_test_sources
[116932] INFO Amplification - iteration 0:
[116932] INFO Amplification - 1 tests selected to be amplified over 1 available tests
[116932] INFO Amplification - Amplification of inputs...
100% |================================================== ]/
[116933] INFO Amplification - 0 new tests generated
[116933] INFO Amplification - 0 amplified test(s) has been selected, global: 0
[116933] INFO Amplification - amp equalsAndHashCodeClassName (2/2)
[116941] DEBUG Launcher - printing com.squareup.javapoet.TypeNameTest to /tmp/Ex2Amplifier-experiments/target/dspot/tmp_test_sources
[117509] INFO Amplification - iteration 0:
[117509] INFO Amplification - 1 tests selected to be amplified over 1 available tests
[117509] INFO Amplification - Amplification of inputs...
100% |================================================== ]/
[117552] DEBUG Launcher - printing com.squareup.javapoet.TypeNameTest to /tmp/Ex2Amplifier-experiments/target/dspot/tmp_test_sources
[117570] DEBUG Launcher - building sources: [/tmp/Ex2Amplifier-experiments/target/dspot/tmp_test_sources/com/squareup/javapoet/TypeNameTest.java]
[117571] DEBUG Launcher - build args: [-encoding, UTF-8, -cp, /home/spirals/danglot/.m2/repository/com/google/truth/truth/0.28/truth-0.28.jar:/home/spirals/danglot/.m2/repository/com/google/guava/guava/18.0/guava-18.0.jar:/home/spirals/danglot/.m2/repository/com/google/testing/compile/compile-testing/0.9/compile-testing-0.9.jar:/home/spirals/danglot/jdk1.8.0_121/jre/../lib/tools.jar:/home/spirals/danglot/.m2/repository/junit/junit/4.12/junit-4.12.jar:/home/spirals/danglot/.m2/repository/org/hamcrest/hamcrest-core/1.3/hamcrest-core-1.3.jar:/home/spirals/danglot/.m2/repository/com/google/jimfs/jimfs/1.0/jimfs-1.0.jar:/home/spirals/danglot/.m2/repository/org/mockito/mockito-core/1.10.16/mockito-core-1.10.16.jar:/home/spirals/danglot/.m2/repository/org/objenesis/objenesis/2.1/objenesis-2.1.jar:/home/spirals/danglot/.m2/repository/org/eclipse/jdt/core/compiler/ecj/4.4.2/ecj-4.4.2.jar:dataset/may-2018/javapoet/562//target/classes:target/dspot/dependencies/:dataset/may-2018/javapoet/562//target/test-classes:lib/catg-dev.jar:, -1.8, -preserveAllLocals, -noExit, -enableJavadoc, /tmp/Ex2Amplifier-experiments/target/dspot/tmp_test_sources/com/squareup/javapoet/TypeNameTest.java]
[117636] DEBUG Launcher - built in 66 ms
[117636] DEBUG Launcher - building templates: []
[117636] DEBUG Launcher - built in 0 ms
[117636] DEBUG Launcher - model built in 66
[117636] DEBUG Launcher - compiling sources: [/tmp/Ex2Amplifier-experiments/target/dspot/tmp_test_sources/com/squareup/javapoet/TypeNameTest.java]
[117637] DEBUG Launcher - compile args: [-encoding, UTF-8, -cp, /home/spirals/danglot/.m2/repository/com/google/truth/truth/0.28/truth-0.28.jar:/home/spirals/danglot/.m2/repository/com/google/guava/guava/18.0/guava-18.0.jar:/home/spirals/danglot/.m2/repository/com/google/testing/compile/compile-testing/0.9/compile-testing-0.9.jar:/home/spirals/danglot/jdk1.8.0_121/jre/../lib/tools.jar:/home/spirals/danglot/.m2/repository/junit/junit/4.12/junit-4.12.jar:/home/spirals/danglot/.m2/repository/org/hamcrest/hamcrest-core/1.3/hamcrest-core-1.3.jar:/home/spirals/danglot/.m2/repository/com/google/jimfs/jimfs/1.0/jimfs-1.0.jar:/home/spirals/danglot/.m2/repository/org/mockito/mockito-core/1.10.16/mockito-core-1.10.16.jar:/home/spirals/danglot/.m2/repository/org/objenesis/objenesis/2.1/objenesis-2.1.jar:/home/spirals/danglot/.m2/repository/org/eclipse/jdt/core/compiler/ecj/4.4.2/ecj-4.4.2.jar:dataset/may-2018/javapoet/562//target/classes:target/dspot/dependencies/:dataset/may-2018/javapoet/562//target/test-classes:lib/catg-dev.jar:, -d, /tmp/Ex2Amplifier-experiments/dataset/may-2018/javapoet/562/target/test-classes, -1.8, -proc:none, -preserveAllLocals, -noExit, -enableJavadoc, /tmp/Ex2Amplifier-experiments/target/dspot/tmp_test_sources/com/squareup/javapoet/TypeNameTest.java]
[117721] DEBUG Launcher - compiled in 85 ms
[117721] INFO CATGExecutor - Running CATG: ~/jdk1.8.0_121/java -Xmx4096M -Xms2048M -Djanala.loggerClass=janala.logger.DirectConcolicExecution -Djanala.conf=lib/catg.conf  -javaagent:lib/catg-dev.jar -cp /home/spirals/danglot/.m2/repository/com/google/truth/truth/0.28/truth-0.28.jar:/home/spirals/danglot/.m2/repository/com/google/guava/guava/18.0/guava-18.0.jar:/home/spirals/danglot/.m2/repository/com/google/testing/compile/compile-testing/0.9/compile-testing-0.9.jar:/home/spirals/danglot/jdk1.8.0_121/jre/../lib/tools.jar:/home/spirals/danglot/.m2/repository/junit/junit/4.12/junit-4.12.jar:/home/spirals/danglot/.m2/repository/org/hamcrest/hamcrest-core/1.3/hamcrest-core-1.3.jar:/home/spirals/danglot/.m2/repository/com/google/jimfs/jimfs/1.0/jimfs-1.0.jar:/home/spirals/danglot/.m2/repository/org/mockito/mockito-core/1.10.16/mockito-core-1.10.16.jar:/home/spirals/danglot/.m2/repository/org/objenesis/objenesis/2.1/objenesis-2.1.jar:/home/spirals/danglot/.m2/repository/org/eclipse/jdt/core/compiler/ecj/4.4.2/ecj-4.4.2.jar:dataset/may-2018/javapoet/562//target/classes:target/dspot/dependencies/:dataset/may-2018/javapoet/562//target/test-classes:lib/catg-dev.jar:lib/catg-dev.jar:lib/asm-all-5.0.4.jar:lib/automaton-1.11-8.jar -ea com.squareup.javapoet.TypeNameTest
[117723] INFO Amplification - 0 new tests generated
[117723] INFO Amplification - 0 amplified test(s) has been selected, global: 0
[117723] INFO DSpot - elapsedTime 14976
======= REPORT =======
0 amplified test fails on the new versions.

[118221] INFO DSpot - Print AmplTypeNameTest with 0?amplified test cases in results/may-2018/javapoet/562/CATG
[118221] DEBUG Launcher - printing com.squareup.javapoet.AmplTypeNameTest to /tmp/Ex2Amplifier-experiments/results/may-2018/javapoet/562/CATG
[118343] INFO Amplification - amplification of com.squareup.javapoet.ClassNameTest (5 test(s))
[118349] DEBUG Launcher - printing com.squareup.javapoet.ClassNameTest to /tmp/Ex2Amplifier-experiments/target/dspot/tmp_test_sources
[119615] INFO Amplification - Try to add assertions before amplification
[119672] INFO AssertGenerator - Run tests. (5)
[119675] DEBUG Launcher - printing com.squareup.javapoet.ClassNameTest to /tmp/Ex2Amplifier-experiments/target/dspot/tmp_test_sources
[121081] INFO AssertGenerator - 5 test pass, generating assertion...
[121083] INFO MethodsAssertGenerator - Add observations points in passing tests.
[121083] INFO MethodsAssertGenerator - Instrumentation...
 20% |========== ]/ 40% |==================== ]- 60% |============================== ]\ 80% |======================================== ]|100% |================================================== ]/
[121094] INFO MethodsAssertGenerator - Run instrumented tests. (15)
[121100] DEBUG Launcher - printing com.squareup.javapoet.ClassNameTest to /tmp/Ex2Amplifier-experiments/target/dspot/tmp_test_sources
[124483] INFO MethodsAssertGenerator - Generating assertions...
[124511] INFO AssertGenerator - 2 new tests with assertions generated
[124519] DEBUG Launcher - printing com.squareup.javapoet.ClassNameTest to /tmp/Ex2Amplifier-experiments/target/dspot/tmp_test_sources
[125849] DEBUG Launcher - printing com.squareup.javapoet.ClassNameTest to /tmp/Ex2Amplifier-experiments/target/dspot/tmp_test_sources
[125949] DEBUG Launcher - building sources: [/tmp/Ex2Amplifier-experiments/target/dspot/tmp_test_sources/com/squareup/javapoet/ClassNameTest.java]
[125950] DEBUG Launcher - build args: [-encoding, UTF-8, -cp, /home/spirals/danglot/.m2/repository/com/google/truth/truth/0.28/truth-0.28.jar:/home/spirals/danglot/.m2/repository/com/google/guava/guava/18.0/guava-18.0.jar:/home/spirals/danglot/.m2/repository/com/google/testing/compile/compile-testing/0.9/compile-testing-0.9.jar:/home/spirals/danglot/jdk1.8.0_121/jre/../lib/tools.jar:/home/spirals/danglot/.m2/repository/junit/junit/4.12/junit-4.12.jar:/home/spirals/danglot/.m2/repository/org/hamcrest/hamcrest-core/1.3/hamcrest-core-1.3.jar:/home/spirals/danglot/.m2/repository/com/google/jimfs/jimfs/1.0/jimfs-1.0.jar:/home/spirals/danglot/.m2/repository/org/mockito/mockito-core/1.10.16/mockito-core-1.10.16.jar:/home/spirals/danglot/.m2/repository/org/objenesis/objenesis/2.1/objenesis-2.1.jar:/home/spirals/danglot/.m2/repository/org/eclipse/jdt/core/compiler/ecj/4.4.2/ecj-4.4.2.jar:target/dspot/dependencies/:dataset/may-2018/javapoet/562//target/classes:dataset/may-2018/javapoet/562//target/test-classes:, -1.8, -preserveAllLocals, -noExit, -enableJavadoc, /tmp/Ex2Amplifier-experiments/target/dspot/tmp_test_sources/com/squareup/javapoet/ClassNameTest.java]
[126016] DEBUG Launcher - built in 67 ms
[126016] DEBUG Launcher - building templates: []
[126016] DEBUG Launcher - built in 0 ms
[126018] DEBUG Launcher - model built in 69
[126018] DEBUG Launcher - compiling sources: [/tmp/Ex2Amplifier-experiments/target/dspot/tmp_test_sources/com/squareup/javapoet/ClassNameTest.java]
[126022] DEBUG Launcher - compile args: [-encoding, UTF-8, -cp, /home/spirals/danglot/.m2/repository/com/google/truth/truth/0.28/truth-0.28.jar:/home/spirals/danglot/.m2/repository/com/google/guava/guava/18.0/guava-18.0.jar:/home/spirals/danglot/.m2/repository/com/google/testing/compile/compile-testing/0.9/compile-testing-0.9.jar:/home/spirals/danglot/jdk1.8.0_121/jre/../lib/tools.jar:/home/spirals/danglot/.m2/repository/junit/junit/4.12/junit-4.12.jar:/home/spirals/danglot/.m2/repository/org/hamcrest/hamcrest-core/1.3/hamcrest-core-1.3.jar:/home/spirals/danglot/.m2/repository/com/google/jimfs/jimfs/1.0/jimfs-1.0.jar:/home/spirals/danglot/.m2/repository/org/mockito/mockito-core/1.10.16/mockito-core-1.10.16.jar:/home/spirals/danglot/.m2/repository/org/objenesis/objenesis/2.1/objenesis-2.1.jar:/home/spirals/danglot/.m2/repository/org/eclipse/jdt/core/compiler/ecj/4.4.2/ecj-4.4.2.jar:target/dspot/dependencies/:dataset/may-2018/javapoet/562//target/classes:dataset/may-2018/javapoet/562//target/test-classes:, -d, /tmp/Ex2Amplifier-experiments/dataset/may-2018/javapoet/562_modified/target/test-classes, -1.8, -proc:none, -preserveAllLocals, -noExit, -enableJavadoc, /tmp/Ex2Amplifier-experiments/target/dspot/tmp_test_sources/com/squareup/javapoet/ClassNameTest.java]
[127017] DEBUG Launcher - compiled in 999 ms
[128063] INFO Amplification - 0 amplified test(s) has been selected, global: 0
[128064] INFO Amplification - amp classNameFromClass (1/5)
[128069] DEBUG Launcher - printing com.squareup.javapoet.ClassNameTest to /tmp/Ex2Amplifier-experiments/target/dspot/tmp_test_sources
[129181] INFO Amplification - iteration 0:
[129181] INFO Amplification - 1 tests selected to be amplified over 1 available tests
[129181] INFO Amplification - Amplification of inputs...
100% |================================================== ]/
[129219] DEBUG Launcher - printing com.squareup.javapoet.ClassNameTest to /tmp/Ex2Amplifier-experiments/target/dspot/tmp_test_sources
[129231] DEBUG Launcher - building sources: [/tmp/Ex2Amplifier-experiments/target/dspot/tmp_test_sources/com/squareup/javapoet/ClassNameTest.java]
[129231] DEBUG Launcher - build args: [-encoding, UTF-8, -cp, /home/spirals/danglot/.m2/repository/com/google/truth/truth/0.28/truth-0.28.jar:/home/spirals/danglot/.m2/repository/com/google/guava/guava/18.0/guava-18.0.jar:/home/spirals/danglot/.m2/repository/com/google/testing/compile/compile-testing/0.9/compile-testing-0.9.jar:/home/spirals/danglot/jdk1.8.0_121/jre/../lib/tools.jar:/home/spirals/danglot/.m2/repository/junit/junit/4.12/junit-4.12.jar:/home/spirals/danglot/.m2/repository/org/hamcrest/hamcrest-core/1.3/hamcrest-core-1.3.jar:/home/spirals/danglot/.m2/repository/com/google/jimfs/jimfs/1.0/jimfs-1.0.jar:/home/spirals/danglot/.m2/repository/org/mockito/mockito-core/1.10.16/mockito-core-1.10.16.jar:/home/spirals/danglot/.m2/repository/org/objenesis/objenesis/2.1/objenesis-2.1.jar:/home/spirals/danglot/.m2/repository/org/eclipse/jdt/core/compiler/ecj/4.4.2/ecj-4.4.2.jar:dataset/may-2018/javapoet/562//target/classes:target/dspot/dependencies/:dataset/may-2018/javapoet/562//target/test-classes:lib/catg-dev.jar:, -1.8, -preserveAllLocals, -noExit, -enableJavadoc, /tmp/Ex2Amplifier-experiments/target/dspot/tmp_test_sources/com/squareup/javapoet/ClassNameTest.java]
[129314] DEBUG Launcher - built in 83 ms
[129314] DEBUG Launcher - building templates: []
[129314] DEBUG Launcher - built in 0 ms
[129315] DEBUG Launcher - model built in 84
[129315] DEBUG Launcher - compiling sources: [/tmp/Ex2Amplifier-experiments/target/dspot/tmp_test_sources/com/squareup/javapoet/ClassNameTest.java]
[129315] DEBUG Launcher - compile args: [-encoding, UTF-8, -cp, /home/spirals/danglot/.m2/repository/com/google/truth/truth/0.28/truth-0.28.jar:/home/spirals/danglot/.m2/repository/com/google/guava/guava/18.0/guava-18.0.jar:/home/spirals/danglot/.m2/repository/com/google/testing/compile/compile-testing/0.9/compile-testing-0.9.jar:/home/spirals/danglot/jdk1.8.0_121/jre/../lib/tools.jar:/home/spirals/danglot/.m2/repository/junit/junit/4.12/junit-4.12.jar:/home/spirals/danglot/.m2/repository/org/hamcrest/hamcrest-core/1.3/hamcrest-core-1.3.jar:/home/spirals/danglot/.m2/repository/com/google/jimfs/jimfs/1.0/jimfs-1.0.jar:/home/spirals/danglot/.m2/repository/org/mockito/mockito-core/1.10.16/mockito-core-1.10.16.jar:/home/spirals/danglot/.m2/repository/org/objenesis/objenesis/2.1/objenesis-2.1.jar:/home/spirals/danglot/.m2/repository/org/eclipse/jdt/core/compiler/ecj/4.4.2/ecj-4.4.2.jar:dataset/may-2018/javapoet/562//target/classes:target/dspot/dependencies/:dataset/may-2018/javapoet/562//target/test-classes:lib/catg-dev.jar:, -d, /tmp/Ex2Amplifier-experiments/dataset/may-2018/javapoet/562/target/test-classes, -1.8, -proc:none, -preserveAllLocals, -noExit, -enableJavadoc, /tmp/Ex2Amplifier-experiments/target/dspot/tmp_test_sources/com/squareup/javapoet/ClassNameTest.java]
[129389] DEBUG Launcher - compiled in 74 ms
[129389] INFO CATGExecutor - Running CATG: ~/jdk1.8.0_121/java -Xmx4096M -Xms2048M -Djanala.loggerClass=janala.logger.DirectConcolicExecution -Djanala.conf=lib/catg.conf  -javaagent:lib/catg-dev.jar -cp /home/spirals/danglot/.m2/repository/com/google/truth/truth/0.28/truth-0.28.jar:/home/spirals/danglot/.m2/repository/com/google/guava/guava/18.0/guava-18.0.jar:/home/spirals/danglot/.m2/repository/com/google/testing/compile/compile-testing/0.9/compile-testing-0.9.jar:/home/spirals/danglot/jdk1.8.0_121/jre/../lib/tools.jar:/home/spirals/danglot/.m2/repository/junit/junit/4.12/junit-4.12.jar:/home/spirals/danglot/.m2/repository/org/hamcrest/hamcrest-core/1.3/hamcrest-core-1.3.jar:/home/spirals/danglot/.m2/repository/com/google/jimfs/jimfs/1.0/jimfs-1.0.jar:/home/spirals/danglot/.m2/repository/org/mockito/mockito-core/1.10.16/mockito-core-1.10.16.jar:/home/spirals/danglot/.m2/repository/org/objenesis/objenesis/2.1/objenesis-2.1.jar:/home/spirals/danglot/.m2/repository/org/eclipse/jdt/core/compiler/ecj/4.4.2/ecj-4.4.2.jar:dataset/may-2018/javapoet/562//target/classes:target/dspot/dependencies/:dataset/may-2018/javapoet/562//target/test-classes:lib/catg-dev.jar:lib/catg-dev.jar:lib/asm-all-5.0.4.jar:lib/automaton-1.11-8.jar -ea com.squareup.javapoet.ClassNameTest
[129391] INFO Amplification - 0 new tests generated
[129391] INFO Amplification - 0 amplified test(s) has been selected, global: 0
[129391] INFO Amplification - amp reflectionName (2/5)
[129395] DEBUG Launcher - printing com.squareup.javapoet.ClassNameTest to /tmp/Ex2Amplifier-experiments/target/dspot/tmp_test_sources
[130461] INFO Amplification - iteration 0:
[130461] INFO Amplification - 1 tests selected to be amplified over 1 available tests
[130461] INFO Amplification - Amplification of inputs...
100% |================================================== ]/
[130475] DEBUG Launcher - printing com.squareup.javapoet.ClassNameTest to /tmp/Ex2Amplifier-experiments/target/dspot/tmp_test_sources
[130491] DEBUG Launcher - building sources: [/tmp/Ex2Amplifier-experiments/target/dspot/tmp_test_sources/com/squareup/javapoet/ClassNameTest.java]
[130492] DEBUG Launcher - build args: [-encoding, UTF-8, -cp, /home/spirals/danglot/.m2/repository/com/google/truth/truth/0.28/truth-0.28.jar:/home/spirals/danglot/.m2/repository/com/google/guava/guava/18.0/guava-18.0.jar:/home/spirals/danglot/.m2/repository/com/google/testing/compile/compile-testing/0.9/compile-testing-0.9.jar:/home/spirals/danglot/jdk1.8.0_121/jre/../lib/tools.jar:/home/spirals/danglot/.m2/repository/junit/junit/4.12/junit-4.12.jar:/home/spirals/danglot/.m2/repository/org/hamcrest/hamcrest-core/1.3/hamcrest-core-1.3.jar:/home/spirals/danglot/.m2/repository/com/google/jimfs/jimfs/1.0/jimfs-1.0.jar:/home/spirals/danglot/.m2/repository/org/mockito/mockito-core/1.10.16/mockito-core-1.10.16.jar:/home/spirals/danglot/.m2/repository/org/objenesis/objenesis/2.1/objenesis-2.1.jar:/home/spirals/danglot/.m2/repository/org/eclipse/jdt/core/compiler/ecj/4.4.2/ecj-4.4.2.jar:dataset/may-2018/javapoet/562//target/classes:target/dspot/dependencies/:dataset/may-2018/javapoet/562//target/test-classes:lib/catg-dev.jar:, -1.8, -preserveAllLocals, -noExit, -enableJavadoc, /tmp/Ex2Amplifier-experiments/target/dspot/tmp_test_sources/com/squareup/javapoet/ClassNameTest.java]
[130564] DEBUG Launcher - built in 73 ms
[130565] DEBUG Launcher - building templates: []
[130565] DEBUG Launcher - built in 0 ms
[130565] DEBUG Launcher - model built in 74
[130565] DEBUG Launcher - compiling sources: [/tmp/Ex2Amplifier-experiments/target/dspot/tmp_test_sources/com/squareup/javapoet/ClassNameTest.java]
[130566] DEBUG Launcher - compile args: [-encoding, UTF-8, -cp, /home/spirals/danglot/.m2/repository/com/google/truth/truth/0.28/truth-0.28.jar:/home/spirals/danglot/.m2/repository/com/google/guava/guava/18.0/guava-18.0.jar:/home/spirals/danglot/.m2/repository/com/google/testing/compile/compile-testing/0.9/compile-testing-0.9.jar:/home/spirals/danglot/jdk1.8.0_121/jre/../lib/tools.jar:/home/spirals/danglot/.m2/repository/junit/junit/4.12/junit-4.12.jar:/home/spirals/danglot/.m2/repository/org/hamcrest/hamcrest-core/1.3/hamcrest-core-1.3.jar:/home/spirals/danglot/.m2/repository/com/google/jimfs/jimfs/1.0/jimfs-1.0.jar:/home/spirals/danglot/.m2/repository/org/mockito/mockito-core/1.10.16/mockito-core-1.10.16.jar:/home/spirals/danglot/.m2/repository/org/objenesis/objenesis/2.1/objenesis-2.1.jar:/home/spirals/danglot/.m2/repository/org/eclipse/jdt/core/compiler/ecj/4.4.2/ecj-4.4.2.jar:dataset/may-2018/javapoet/562//target/classes:target/dspot/dependencies/:dataset/may-2018/javapoet/562//target/test-classes:lib/catg-dev.jar:, -d, /tmp/Ex2Amplifier-experiments/dataset/may-2018/javapoet/562/target/test-classes, -1.8, -proc:none, -preserveAllLocals, -noExit, -enableJavadoc, /tmp/Ex2Amplifier-experiments/target/dspot/tmp_test_sources/com/squareup/javapoet/ClassNameTest.java]
[130643] DEBUG Launcher - compiled in 78 ms
[130643] INFO CATGExecutor - Running CATG: ~/jdk1.8.0_121/java -Xmx4096M -Xms2048M -Djanala.loggerClass=janala.logger.DirectConcolicExecution -Djanala.conf=lib/catg.conf  -javaagent:lib/catg-dev.jar -cp /home/spirals/danglot/.m2/repository/com/google/truth/truth/0.28/truth-0.28.jar:/home/spirals/danglot/.m2/repository/com/google/guava/guava/18.0/guava-18.0.jar:/home/spirals/danglot/.m2/repository/com/google/testing/compile/compile-testing/0.9/compile-testing-0.9.jar:/home/spirals/danglot/jdk1.8.0_121/jre/../lib/tools.jar:/home/spirals/danglot/.m2/repository/junit/junit/4.12/junit-4.12.jar:/home/spirals/danglot/.m2/repository/org/hamcrest/hamcrest-core/1.3/hamcrest-core-1.3.jar:/home/spirals/danglot/.m2/repository/com/google/jimfs/jimfs/1.0/jimfs-1.0.jar:/home/spirals/danglot/.m2/repository/org/mockito/mockito-core/1.10.16/mockito-core-1.10.16.jar:/home/spirals/danglot/.m2/repository/org/objenesis/objenesis/2.1/objenesis-2.1.jar:/home/spirals/danglot/.m2/repository/org/eclipse/jdt/core/compiler/ecj/4.4.2/ecj-4.4.2.jar:dataset/may-2018/javapoet/562//target/classes:target/dspot/dependencies/:dataset/may-2018/javapoet/562//target/test-classes:lib/catg-dev.jar:lib/catg-dev.jar:lib/asm-all-5.0.4.jar:lib/automaton-1.11-8.jar -ea com.squareup.javapoet.ClassNameTest
[130645] INFO Amplification - 0 new tests generated
[130645] INFO Amplification - 0 amplified test(s) has been selected, global: 0
[130645] INFO Amplification - amp classNameFromTypeElement (3/5)
[130649] DEBUG Launcher - printing com.squareup.javapoet.ClassNameTest to /tmp/Ex2Amplifier-experiments/target/dspot/tmp_test_sources
[131801] INFO Amplification - iteration 0:
[131801] INFO Amplification - 1 tests selected to be amplified over 1 available tests
[131801] INFO Amplification - Amplification of inputs...
100% |================================================== ]/
[131819] DEBUG Launcher - printing com.squareup.javapoet.ClassNameTest to /tmp/Ex2Amplifier-experiments/target/dspot/tmp_test_sources
[131834] DEBUG Launcher - building sources: [/tmp/Ex2Amplifier-experiments/target/dspot/tmp_test_sources/com/squareup/javapoet/ClassNameTest.java]
[131834] DEBUG Launcher - build args: [-encoding, UTF-8, -cp, /home/spirals/danglot/.m2/repository/com/google/truth/truth/0.28/truth-0.28.jar:/home/spirals/danglot/.m2/repository/com/google/guava/guava/18.0/guava-18.0.jar:/home/spirals/danglot/.m2/repository/com/google/testing/compile/compile-testing/0.9/compile-testing-0.9.jar:/home/spirals/danglot/jdk1.8.0_121/jre/../lib/tools.jar:/home/spirals/danglot/.m2/repository/junit/junit/4.12/junit-4.12.jar:/home/spirals/danglot/.m2/repository/org/hamcrest/hamcrest-core/1.3/hamcrest-core-1.3.jar:/home/spirals/danglot/.m2/repository/com/google/jimfs/jimfs/1.0/jimfs-1.0.jar:/home/spirals/danglot/.m2/repository/org/mockito/mockito-core/1.10.16/mockito-core-1.10.16.jar:/home/spirals/danglot/.m2/repository/org/objenesis/objenesis/2.1/objenesis-2.1.jar:/home/spirals/danglot/.m2/repository/org/eclipse/jdt/core/compiler/ecj/4.4.2/ecj-4.4.2.jar:dataset/may-2018/javapoet/562//target/classes:target/dspot/dependencies/:dataset/may-2018/javapoet/562//target/test-classes:lib/catg-dev.jar:, -1.8, -preserveAllLocals, -noExit, -enableJavadoc, /tmp/Ex2Amplifier-experiments/target/dspot/tmp_test_sources/com/squareup/javapoet/ClassNameTest.java]
[131913] DEBUG Launcher - built in 79 ms
[131913] DEBUG Launcher - building templates: []
[131913] DEBUG Launcher - built in 0 ms
[131914] DEBUG Launcher - model built in 80
[131914] DEBUG Launcher - compiling sources: [/tmp/Ex2Amplifier-experiments/target/dspot/tmp_test_sources/com/squareup/javapoet/ClassNameTest.java]
[131914] DEBUG Launcher - compile args: [-encoding, UTF-8, -cp, /home/spirals/danglot/.m2/repository/com/google/truth/truth/0.28/truth-0.28.jar:/home/spirals/danglot/.m2/repository/com/google/guava/guava/18.0/guava-18.0.jar:/home/spirals/danglot/.m2/repository/com/google/testing/compile/compile-testing/0.9/compile-testing-0.9.jar:/home/spirals/danglot/jdk1.8.0_121/jre/../lib/tools.jar:/home/spirals/danglot/.m2/repository/junit/junit/4.12/junit-4.12.jar:/home/spirals/danglot/.m2/repository/org/hamcrest/hamcrest-core/1.3/hamcrest-core-1.3.jar:/home/spirals/danglot/.m2/repository/com/google/jimfs/jimfs/1.0/jimfs-1.0.jar:/home/spirals/danglot/.m2/repository/org/mockito/mockito-core/1.10.16/mockito-core-1.10.16.jar:/home/spirals/danglot/.m2/repository/org/objenesis/objenesis/2.1/objenesis-2.1.jar:/home/spirals/danglot/.m2/repository/org/eclipse/jdt/core/compiler/ecj/4.4.2/ecj-4.4.2.jar:dataset/may-2018/javapoet/562//target/classes:target/dspot/dependencies/:dataset/may-2018/javapoet/562//target/test-classes:lib/catg-dev.jar:, -d, /tmp/Ex2Amplifier-experiments/dataset/may-2018/javapoet/562/target/test-classes, -1.8, -proc:none, -preserveAllLocals, -noExit, -enableJavadoc, /tmp/Ex2Amplifier-experiments/target/dspot/tmp_test_sources/com/squareup/javapoet/ClassNameTest.java]
[131989] DEBUG Launcher - compiled in 75 ms
[131989] INFO CATGExecutor - Running CATG: ~/jdk1.8.0_121/java -Xmx4096M -Xms2048M -Djanala.loggerClass=janala.logger.DirectConcolicExecution -Djanala.conf=lib/catg.conf  -javaagent:lib/catg-dev.jar -cp /home/spirals/danglot/.m2/repository/com/google/truth/truth/0.28/truth-0.28.jar:/home/spirals/danglot/.m2/repository/com/google/guava/guava/18.0/guava-18.0.jar:/home/spirals/danglot/.m2/repository/com/google/testing/compile/compile-testing/0.9/compile-testing-0.9.jar:/home/spirals/danglot/jdk1.8.0_121/jre/../lib/tools.jar:/home/spirals/danglot/.m2/repository/junit/junit/4.12/junit-4.12.jar:/home/spirals/danglot/.m2/repository/org/hamcrest/hamcrest-core/1.3/hamcrest-core-1.3.jar:/home/spirals/danglot/.m2/repository/com/google/jimfs/jimfs/1.0/jimfs-1.0.jar:/home/spirals/danglot/.m2/repository/org/mockito/mockito-core/1.10.16/mockito-core-1.10.16.jar:/home/spirals/danglot/.m2/repository/org/objenesis/objenesis/2.1/objenesis-2.1.jar:/home/spirals/danglot/.m2/repository/org/eclipse/jdt/core/compiler/ecj/4.4.2/ecj-4.4.2.jar:dataset/may-2018/javapoet/562//target/classes:target/dspot/dependencies/:dataset/may-2018/javapoet/562//target/test-classes:lib/catg-dev.jar:lib/catg-dev.jar:lib/asm-all-5.0.4.jar:lib/automaton-1.11-8.jar -ea com.squareup.javapoet.ClassNameTest
[131991] INFO Amplification - 0 new tests generated
[131991] INFO Amplification - 0 amplified test(s) has been selected, global: 0
[131991] INFO Amplification - amp peerClass (4/5)
[131995] DEBUG Launcher - printing com.squareup.javapoet.ClassNameTest to /tmp/Ex2Amplifier-experiments/target/dspot/tmp_test_sources
[133090] INFO Amplification - iteration 0:
[133090] INFO Amplification - 1 tests selected to be amplified over 1 available tests
[133090] INFO Amplification - Amplification of inputs...
100% |================================================== ]/
[133098] DEBUG Launcher - printing com.squareup.javapoet.ClassNameTest to /tmp/Ex2Amplifier-experiments/target/dspot/tmp_test_sources
[133109] DEBUG Launcher - building sources: [/tmp/Ex2Amplifier-experiments/target/dspot/tmp_test_sources/com/squareup/javapoet/ClassNameTest.java]
[133110] DEBUG Launcher - build args: [-encoding, UTF-8, -cp, /home/spirals/danglot/.m2/repository/com/google/truth/truth/0.28/truth-0.28.jar:/home/spirals/danglot/.m2/repository/com/google/guava/guava/18.0/guava-18.0.jar:/home/spirals/danglot/.m2/repository/com/google/testing/compile/compile-testing/0.9/compile-testing-0.9.jar:/home/spirals/danglot/jdk1.8.0_121/jre/../lib/tools.jar:/home/spirals/danglot/.m2/repository/junit/junit/4.12/junit-4.12.jar:/home/spirals/danglot/.m2/repository/org/hamcrest/hamcrest-core/1.3/hamcrest-core-1.3.jar:/home/spirals/danglot/.m2/repository/com/google/jimfs/jimfs/1.0/jimfs-1.0.jar:/home/spirals/danglot/.m2/repository/org/mockito/mockito-core/1.10.16/mockito-core-1.10.16.jar:/home/spirals/danglot/.m2/repository/org/objenesis/objenesis/2.1/objenesis-2.1.jar:/home/spirals/danglot/.m2/repository/org/eclipse/jdt/core/compiler/ecj/4.4.2/ecj-4.4.2.jar:dataset/may-2018/javapoet/562//target/classes:target/dspot/dependencies/:dataset/may-2018/javapoet/562//target/test-classes:lib/catg-dev.jar:, -1.8, -preserveAllLocals, -noExit, -enableJavadoc, /tmp/Ex2Amplifier-experiments/target/dspot/tmp_test_sources/com/squareup/javapoet/ClassNameTest.java]
[133172] DEBUG Launcher - built in 63 ms
[133172] DEBUG Launcher - building templates: []
[133172] DEBUG Launcher - built in 0 ms
[133172] DEBUG Launcher - model built in 63
[133172] DEBUG Launcher - compiling sources: [/tmp/Ex2Amplifier-experiments/target/dspot/tmp_test_sources/com/squareup/javapoet/ClassNameTest.java]
[133173] DEBUG Launcher - compile args: [-encoding, UTF-8, -cp, /home/spirals/danglot/.m2/repository/com/google/truth/truth/0.28/truth-0.28.jar:/home/spirals/danglot/.m2/repository/com/google/guava/guava/18.0/guava-18.0.jar:/home/spirals/danglot/.m2/repository/com/google/testing/compile/compile-testing/0.9/compile-testing-0.9.jar:/home/spirals/danglot/jdk1.8.0_121/jre/../lib/tools.jar:/home/spirals/danglot/.m2/repository/junit/junit/4.12/junit-4.12.jar:/home/spirals/danglot/.m2/repository/org/hamcrest/hamcrest-core/1.3/hamcrest-core-1.3.jar:/home/spirals/danglot/.m2/repository/com/google/jimfs/jimfs/1.0/jimfs-1.0.jar:/home/spirals/danglot/.m2/repository/org/mockito/mockito-core/1.10.16/mockito-core-1.10.16.jar:/home/spirals/danglot/.m2/repository/org/objenesis/objenesis/2.1/objenesis-2.1.jar:/home/spirals/danglot/.m2/repository/org/eclipse/jdt/core/compiler/ecj/4.4.2/ecj-4.4.2.jar:dataset/may-2018/javapoet/562//target/classes:target/dspot/dependencies/:dataset/may-2018/javapoet/562//target/test-classes:lib/catg-dev.jar:, -d, /tmp/Ex2Amplifier-experiments/dataset/may-2018/javapoet/562/target/test-classes, -1.8, -proc:none, -preserveAllLocals, -noExit, -enableJavadoc, /tmp/Ex2Amplifier-experiments/target/dspot/tmp_test_sources/com/squareup/javapoet/ClassNameTest.java]
[133247] DEBUG Launcher - compiled in 75 ms
[133248] INFO CATGExecutor - Running CATG: ~/jdk1.8.0_121/java -Xmx4096M -Xms2048M -Djanala.loggerClass=janala.logger.DirectConcolicExecution -Djanala.conf=lib/catg.conf  -javaagent:lib/catg-dev.jar -cp /home/spirals/danglot/.m2/repository/com/google/truth/truth/0.28/truth-0.28.jar:/home/spirals/danglot/.m2/repository/com/google/guava/guava/18.0/guava-18.0.jar:/home/spirals/danglot/.m2/repository/com/google/testing/compile/compile-testing/0.9/compile-testing-0.9.jar:/home/spirals/danglot/jdk1.8.0_121/jre/../lib/tools.jar:/home/spirals/danglot/.m2/repository/junit/junit/4.12/junit-4.12.jar:/home/spirals/danglot/.m2/repository/org/hamcrest/hamcrest-core/1.3/hamcrest-core-1.3.jar:/home/spirals/danglot/.m2/repository/com/google/jimfs/jimfs/1.0/jimfs-1.0.jar:/home/spirals/danglot/.m2/repository/org/mockito/mockito-core/1.10.16/mockito-core-1.10.16.jar:/home/spirals/danglot/.m2/repository/org/objenesis/objenesis/2.1/objenesis-2.1.jar:/home/spirals/danglot/.m2/repository/org/eclipse/jdt/core/compiler/ecj/4.4.2/ecj-4.4.2.jar:dataset/may-2018/javapoet/562//target/classes:target/dspot/dependencies/:dataset/may-2018/javapoet/562//target/test-classes:lib/catg-dev.jar:lib/catg-dev.jar:lib/asm-all-5.0.4.jar:lib/automaton-1.11-8.jar -ea com.squareup.javapoet.ClassNameTest
[133249] INFO Amplification - 0 new tests generated
[133249] INFO Amplification - 0 amplified test(s) has been selected, global: 0
[133249] INFO Amplification - amp fromClassRejectionTypes (5/5)
[133253] DEBUG Launcher - printing com.squareup.javapoet.ClassNameTest to /tmp/Ex2Amplifier-experiments/target/dspot/tmp_test_sources
[134375] INFO Amplification - iteration 0:
[134375] INFO Amplification - 1 tests selected to be amplified over 1 available tests
[134375] INFO Amplification - Amplification of inputs...
100% |================================================== ]/
[134376] INFO Amplification - 0 new tests generated
[134376] INFO Amplification - 0 amplified test(s) has been selected, global: 0
[134376] INFO DSpot - elapsedTime 16084
======= REPORT =======
0 amplified test fails on the new versions.

[134460] INFO DSpot - Print AmplClassNameTest with 0?amplified test cases in results/may-2018/javapoet/562/CATG
[134460] DEBUG Launcher - printing com.squareup.javapoet.AmplClassNameTest to /tmp/Ex2Amplifier-experiments/results/may-2018/javapoet/562/CATG
[135337] INFO Amplification - amplification of com.squareup.javapoet.AbstractTypesTest (6 test(s))
[135347] DEBUG Launcher - printing com.squareup.javapoet.AbstractTypesTest to /tmp/Ex2Amplifier-experiments/target/dspot/tmp_test_sources
[139025] INFO Amplification - Try to add assertions before amplification
[139501] INFO AssertGenerator - Run tests. (6)
[139506] DEBUG Launcher - printing com.squareup.javapoet.AbstractTypesTest to /tmp/Ex2Amplifier-experiments/target/dspot/tmp_test_sources
[143232] INFO AssertGenerator - 12 test pass, generating assertion...
[143237] INFO MethodsAssertGenerator - Add observations points in passing tests.
[143237] INFO MethodsAssertGenerator - Instrumentation...
 16% |======== ]/ 33% |================ ]- 50% |========================= ]\ 66% |================================= ]| 83% |========================================= ]/100% |================================================== ]-
[143255] INFO MethodsAssertGenerator - Run instrumented tests. (18)
[143266] DEBUG Launcher - printing com.squareup.javapoet.AbstractTypesTest to /tmp/Ex2Amplifier-experiments/target/dspot/tmp_test_sources
[168419] INFO MethodsAssertGenerator - Generating assertions...
[168536] INFO AssertGenerator - 6 new tests with assertions generated
[168569] DEBUG Launcher - printing com.squareup.javapoet.AbstractTypesTest to /tmp/Ex2Amplifier-experiments/target/dspot/tmp_test_sources
[174500] DEBUG Launcher - printing com.squareup.javapoet.AbstractTypesTest to /tmp/Ex2Amplifier-experiments/target/dspot/tmp_test_sources
[175335] DEBUG Launcher - building sources: [/tmp/Ex2Amplifier-experiments/target/dspot/tmp_test_sources/com/squareup/javapoet/AbstractTypesTest.java]
[175337] DEBUG Launcher - build args: [-encoding, UTF-8, -cp, /home/spirals/danglot/.m2/repository/com/google/truth/truth/0.28/truth-0.28.jar:/home/spirals/danglot/.m2/repository/com/google/guava/guava/18.0/guava-18.0.jar:/home/spirals/danglot/.m2/repository/com/google/testing/compile/compile-testing/0.9/compile-testing-0.9.jar:/home/spirals/danglot/jdk1.8.0_121/jre/../lib/tools.jar:/home/spirals/danglot/.m2/repository/junit/junit/4.12/junit-4.12.jar:/home/spirals/danglot/.m2/repository/org/hamcrest/hamcrest-core/1.3/hamcrest-core-1.3.jar:/home/spirals/danglot/.m2/repository/com/google/jimfs/jimfs/1.0/jimfs-1.0.jar:/home/spirals/danglot/.m2/repository/org/mockito/mockito-core/1.10.16/mockito-core-1.10.16.jar:/home/spirals/danglot/.m2/repository/org/objenesis/objenesis/2.1/objenesis-2.1.jar:/home/spirals/danglot/.m2/repository/org/eclipse/jdt/core/compiler/ecj/4.4.2/ecj-4.4.2.jar:target/dspot/dependencies/:dataset/may-2018/javapoet/562//target/classes:dataset/may-2018/javapoet/562//target/test-classes:, -1.8, -preserveAllLocals, -noExit, -enableJavadoc, /tmp/Ex2Amplifier-experiments/target/dspot/tmp_test_sources/com/squareup/javapoet/AbstractTypesTest.java]
[175481] DEBUG Launcher - built in 146 ms
[175481] DEBUG Launcher - building templates: []
[175481] DEBUG Launcher - built in 0 ms
[175509] DEBUG Launcher - model built in 174
[175509] DEBUG Launcher - compiling sources: [/tmp/Ex2Amplifier-experiments/target/dspot/tmp_test_sources/com/squareup/javapoet/AbstractTypesTest.java]
[175547] DEBUG Launcher - compile args: [-encoding, UTF-8, -cp, /home/spirals/danglot/.m2/repository/com/google/truth/truth/0.28/truth-0.28.jar:/home/spirals/danglot/.m2/repository/com/google/guava/guava/18.0/guava-18.0.jar:/home/spirals/danglot/.m2/repository/com/google/testing/compile/compile-testing/0.9/compile-testing-0.9.jar:/home/spirals/danglot/jdk1.8.0_121/jre/../lib/tools.jar:/home/spirals/danglot/.m2/repository/junit/junit/4.12/junit-4.12.jar:/home/spirals/danglot/.m2/repository/org/hamcrest/hamcrest-core/1.3/hamcrest-core-1.3.jar:/home/spirals/danglot/.m2/repository/com/google/jimfs/jimfs/1.0/jimfs-1.0.jar:/home/spirals/danglot/.m2/repository/org/mockito/mockito-core/1.10.16/mockito-core-1.10.16.jar:/home/spirals/danglot/.m2/repository/org/objenesis/objenesis/2.1/objenesis-2.1.jar:/home/spirals/danglot/.m2/repository/org/eclipse/jdt/core/compiler/ecj/4.4.2/ecj-4.4.2.jar:target/dspot/dependencies/:dataset/may-2018/javapoet/562//target/classes:dataset/may-2018/javapoet/562//target/test-classes:, -d, /tmp/Ex2Amplifier-experiments/dataset/may-2018/javapoet/562_modified/target/test-classes, -1.8, -proc:none, -preserveAllLocals, -noExit, -enableJavadoc, /tmp/Ex2Amplifier-experiments/target/dspot/tmp_test_sources/com/squareup/javapoet/AbstractTypesTest.java]
[184741] DEBUG Launcher - compiled in 9232 ms
[185128] INFO Amplification - 6 amplified test(s) has been selected, global: 6
[185128] INFO Amplification - amp box (1/6)
[185140] DEBUG Launcher - printing com.squareup.javapoet.AbstractTypesTest to /tmp/Ex2Amplifier-experiments/target/dspot/tmp_test_sources
[187393] INFO Amplification - iteration 0:
[187393] INFO Amplification - 1 tests selected to be amplified over 1 available tests
[187393] INFO Amplification - Amplification of inputs...
100% |================================================== ]/
[187394] INFO Amplification - 0 new tests generated
[187394] INFO Amplification - 0 amplified test(s) has been selected, global: 6
[187394] INFO Amplification - amp getTypeVariableTypeMirror (2/6)
[187403] DEBUG Launcher - printing com.squareup.javapoet.AbstractTypesTest to /tmp/Ex2Amplifier-experiments/target/dspot/tmp_test_sources
[189900] INFO Amplification - iteration 0:
[189900] INFO Amplification - 1 tests selected to be amplified over 1 available tests
[189900] INFO Amplification - Amplification of inputs...
100% |================================================== ]/
[190132] DEBUG Launcher - printing com.squareup.javapoet.AbstractTypesTest to /tmp/Ex2Amplifier-experiments/target/dspot/tmp_test_sources
[190152] DEBUG Launcher - building sources: [/tmp/Ex2Amplifier-experiments/target/dspot/tmp_test_sources/com/squareup/javapoet/AbstractTypesTest.java]
[190152] DEBUG Launcher - build args: [-encoding, UTF-8, -cp, /home/spirals/danglot/.m2/repository/com/google/truth/truth/0.28/truth-0.28.jar:/home/spirals/danglot/.m2/repository/com/google/guava/guava/18.0/guava-18.0.jar:/home/spirals/danglot/.m2/repository/com/google/testing/compile/compile-testing/0.9/compile-testing-0.9.jar:/home/spirals/danglot/jdk1.8.0_121/jre/../lib/tools.jar:/home/spirals/danglot/.m2/repository/junit/junit/4.12/junit-4.12.jar:/home/spirals/danglot/.m2/repository/org/hamcrest/hamcrest-core/1.3/hamcrest-core-1.3.jar:/home/spirals/danglot/.m2/repository/com/google/jimfs/jimfs/1.0/jimfs-1.0.jar:/home/spirals/danglot/.m2/repository/org/mockito/mockito-core/1.10.16/mockito-core-1.10.16.jar:/home/spirals/danglot/.m2/repository/org/objenesis/objenesis/2.1/objenesis-2.1.jar:/home/spirals/danglot/.m2/repository/org/eclipse/jdt/core/compiler/ecj/4.4.2/ecj-4.4.2.jar:dataset/may-2018/javapoet/562//target/classes:target/dspot/dependencies/:dataset/may-2018/javapoet/562//target/test-classes:lib/catg-dev.jar:, -1.8, -preserveAllLocals, -noExit, -enableJavadoc, /tmp/Ex2Amplifier-experiments/target/dspot/tmp_test_sources/com/squareup/javapoet/AbstractTypesTest.java]
[190245] WARN Launcher - warning: Cannot instantiate the type AbstractTypesTest at /tmp/Ex2Amplifier-experiments/target/dspot/tmp_test_sources/com/squareup/javapoet/AbstractTypesTest.java:262
[190245] DEBUG Launcher - built in 93 ms
[190245] DEBUG Launcher - building templates: []
[190245] DEBUG Launcher - built in 0 ms
[190245] DEBUG Launcher - model built in 93
[190246] DEBUG Launcher - compiling sources: [/tmp/Ex2Amplifier-experiments/target/dspot/tmp_test_sources/com/squareup/javapoet/AbstractTypesTest.java]
[190247] DEBUG Launcher - compile args: [-encoding, UTF-8, -cp, /home/spirals/danglot/.m2/repository/com/google/truth/truth/0.28/truth-0.28.jar:/home/spirals/danglot/.m2/repository/com/google/guava/guava/18.0/guava-18.0.jar:/home/spirals/danglot/.m2/repository/com/google/testing/compile/compile-testing/0.9/compile-testing-0.9.jar:/home/spirals/danglot/jdk1.8.0_121/jre/../lib/tools.jar:/home/spirals/danglot/.m2/repository/junit/junit/4.12/junit-4.12.jar:/home/spirals/danglot/.m2/repository/org/hamcrest/hamcrest-core/1.3/hamcrest-core-1.3.jar:/home/spirals/danglot/.m2/repository/com/google/jimfs/jimfs/1.0/jimfs-1.0.jar:/home/spirals/danglot/.m2/repository/org/mockito/mockito-core/1.10.16/mockito-core-1.10.16.jar:/home/spirals/danglot/.m2/repository/org/objenesis/objenesis/2.1/objenesis-2.1.jar:/home/spirals/danglot/.m2/repository/org/eclipse/jdt/core/compiler/ecj/4.4.2/ecj-4.4.2.jar:dataset/may-2018/javapoet/562//target/classes:target/dspot/dependencies/:dataset/may-2018/javapoet/562//target/test-classes:lib/catg-dev.jar:, -d, /tmp/Ex2Amplifier-experiments/dataset/may-2018/javapoet/562/target/test-classes, -1.8, -proc:none, -preserveAllLocals, -noExit, -enableJavadoc, /tmp/Ex2Amplifier-experiments/target/dspot/tmp_test_sources/com/squareup/javapoet/AbstractTypesTest.java]
[190347] WARN Launcher - warning: Cannot instantiate the type AbstractTypesTest at /tmp/Ex2Amplifier-experiments/AbstractTypesTest.java:239
[190347] DEBUG Launcher - compiled in 101 ms
[190348] INFO CATGExecutor - Running CATG: ~/jdk1.8.0_121/java -Xmx4096M -Xms2048M -Djanala.loggerClass=janala.logger.DirectConcolicExecution -Djanala.conf=lib/catg.conf  -javaagent:lib/catg-dev.jar -cp /home/spirals/danglot/.m2/repository/com/google/truth/truth/0.28/truth-0.28.jar:/home/spirals/danglot/.m2/repository/com/google/guava/guava/18.0/guava-18.0.jar:/home/spirals/danglot/.m2/repository/com/google/testing/compile/compile-testing/0.9/compile-testing-0.9.jar:/home/spirals/danglot/jdk1.8.0_121/jre/../lib/tools.jar:/home/spirals/danglot/.m2/repository/junit/junit/4.12/junit-4.12.jar:/home/spirals/danglot/.m2/repository/org/hamcrest/hamcrest-core/1.3/hamcrest-core-1.3.jar:/home/spirals/danglot/.m2/repository/com/google/jimfs/jimfs/1.0/jimfs-1.0.jar:/home/spirals/danglot/.m2/repository/org/mockito/mockito-core/1.10.16/mockito-core-1.10.16.jar:/home/spirals/danglot/.m2/repository/org/objenesis/objenesis/2.1/objenesis-2.1.jar:/home/spirals/danglot/.m2/repository/org/eclipse/jdt/core/compiler/ecj/4.4.2/ecj-4.4.2.jar:dataset/may-2018/javapoet/562//target/classes:target/dspot/dependencies/:dataset/may-2018/javapoet/562//target/test-classes:lib/catg-dev.jar:lib/catg-dev.jar:lib/asm-all-5.0.4.jar:lib/automaton-1.11-8.jar -ea com.squareup.javapoet.AbstractTypesTest
[190350] INFO Amplification - 0 new tests generated
[190350] INFO Amplification - 0 amplified test(s) has been selected, global: 6
[190350] INFO Amplification - amp getParameterizedTypeMirror (3/6)
[190361] DEBUG Launcher - printing com.squareup.javapoet.AbstractTypesTest to /tmp/Ex2Amplifier-experiments/target/dspot/tmp_test_sources
[192654] INFO Amplification - iteration 0:
[192654] INFO Amplification - 1 tests selected to be amplified over 1 available tests
[192654] INFO Amplification - Amplification of inputs...
100% |================================================== ]/
[192655] INFO Amplification - 0 new tests generated
[192655] INFO Amplification - 0 amplified test(s) has been selected, global: 6
[192655] INFO Amplification - amp getBasicTypeMirror (4/6)
[192665] DEBUG Launcher - printing com.squareup.javapoet.AbstractTypesTest to /tmp/Ex2Amplifier-experiments/target/dspot/tmp_test_sources
[194974] INFO Amplification - iteration 0:
[194974] INFO Amplification - 1 tests selected to be amplified over 1 available tests
[194974] INFO Amplification - Amplification of inputs...
100% |================================================== ]/
[194975] INFO Amplification - 0 new tests generated
[194975] INFO Amplification - 0 amplified test(s) has been selected, global: 6
[194975] INFO Amplification - amp unbox (5/6)
[194986] DEBUG Launcher - printing com.squareup.javapoet.AbstractTypesTest to /tmp/Ex2Amplifier-experiments/target/dspot/tmp_test_sources
[197354] INFO Amplification - iteration 0:
[197354] INFO Amplification - 1 tests selected to be amplified over 1 available tests
[197354] INFO Amplification - Amplification of inputs...
100% |================================================== ]/
[197355] INFO Amplification - 0 new tests generated
[197355] INFO Amplification - 0 amplified test(s) has been selected, global: 6
[197355] INFO Amplification - amp getErrorType (6/6)
[197366] DEBUG Launcher - printing com.squareup.javapoet.AbstractTypesTest to /tmp/Ex2Amplifier-experiments/target/dspot/tmp_test_sources
[199637] INFO Amplification - iteration 0:
[199637] INFO Amplification - 1 tests selected to be amplified over 1 available tests
[199637] INFO Amplification - Amplification of inputs...
100% |================================================== ]/
[199637] INFO Amplification - 0 new tests generated
[199637] INFO Amplification - 0 amplified test(s) has been selected, global: 6
[199637] INFO DSpot - elapsedTime 64750
======= REPORT =======
6 amplified test fails on the new versions.
getTypeVariableTypeMirror(com.squareup.javapoet.AbstractTypesTest): null
getBasicTypeMirror(com.squareup.javapoet.AbstractTypesTest): null
unbox(com.squareup.javapoet.AbstractTypesTest): null
getParameterizedTypeMirror(com.squareup.javapoet.AbstractTypesTest): null
box(com.squareup.javapoet.AbstractTypesTest): null
getErrorType(com.squareup.javapoet.AbstractTypesTest): null

[200684] INFO DSpot - Print AmplAbstractTypesTest with 6?amplified test cases in results/may-2018/javapoet/562/CATG
[200685] DEBUG Launcher - printing com.squareup.javapoet.AmplAbstractTypesTest to /tmp/Ex2Amplifier-experiments/results/may-2018/javapoet/562/CATG
[201668] INFO Amplification - amplification of com.squareup.javapoet.AnnotatedTypeNameTest (2 test(s))
[201672] DEBUG Launcher - printing com.squareup.javapoet.AnnotatedTypeNameTest to /tmp/Ex2Amplifier-experiments/target/dspot/tmp_test_sources
[202206] INFO Amplification - Try to add assertions before amplification
[202300] INFO AssertGenerator - Run tests. (2)
[202303] DEBUG Launcher - printing com.squareup.javapoet.AnnotatedTypeNameTest to /tmp/Ex2Amplifier-experiments/target/dspot/tmp_test_sources
[202779] INFO AssertGenerator - 2 test pass, generating assertion...
[202780] INFO MethodsAssertGenerator - Add observations points in passing tests.
[202780] INFO MethodsAssertGenerator - Instrumentation...
 50% |========================= ]/100% |================================================== ]-
[202783] INFO MethodsAssertGenerator - Run instrumented tests. (6)
[202787] DEBUG Launcher - printing com.squareup.javapoet.AnnotatedTypeNameTest to /tmp/Ex2Amplifier-experiments/target/dspot/tmp_test_sources
[205844] INFO MethodsAssertGenerator - Generating assertions...
[205876] INFO AssertGenerator - 2 new tests with assertions generated
[205886] DEBUG Launcher - printing com.squareup.javapoet.AnnotatedTypeNameTest to /tmp/Ex2Amplifier-experiments/target/dspot/tmp_test_sources
[206804] DEBUG Launcher - printing com.squareup.javapoet.AnnotatedTypeNameTest to /tmp/Ex2Amplifier-experiments/target/dspot/tmp_test_sources
[206964] DEBUG Launcher - building sources: [/tmp/Ex2Amplifier-experiments/target/dspot/tmp_test_sources/com/squareup/javapoet/AnnotatedTypeNameTest.java]
[206964] DEBUG Launcher - build args: [-encoding, UTF-8, -cp, /home/spirals/danglot/.m2/repository/com/google/truth/truth/0.28/truth-0.28.jar:/home/spirals/danglot/.m2/repository/com/google/guava/guava/18.0/guava-18.0.jar:/home/spirals/danglot/.m2/repository/com/google/testing/compile/compile-testing/0.9/compile-testing-0.9.jar:/home/spirals/danglot/jdk1.8.0_121/jre/../lib/tools.jar:/home/spirals/danglot/.m2/repository/junit/junit/4.12/junit-4.12.jar:/home/spirals/danglot/.m2/repository/org/hamcrest/hamcrest-core/1.3/hamcrest-core-1.3.jar:/home/spirals/danglot/.m2/repository/com/google/jimfs/jimfs/1.0/jimfs-1.0.jar:/home/spirals/danglot/.m2/repository/org/mockito/mockito-core/1.10.16/mockito-core-1.10.16.jar:/home/spirals/danglot/.m2/repository/org/objenesis/objenesis/2.1/objenesis-2.1.jar:/home/spirals/danglot/.m2/repository/org/eclipse/jdt/core/compiler/ecj/4.4.2/ecj-4.4.2.jar:target/dspot/dependencies/:dataset/may-2018/javapoet/562//target/classes:dataset/may-2018/javapoet/562//target/test-classes:, -1.8, -preserveAllLocals, -noExit, -enableJavadoc, /tmp/Ex2Amplifier-experiments/target/dspot/tmp_test_sources/com/squareup/javapoet/AnnotatedTypeNameTest.java]
[207039] DEBUG Launcher - built in 75 ms
[207040] DEBUG Launcher - building templates: []
[207040] DEBUG Launcher - built in 0 ms
[207044] DEBUG Launcher - model built in 80
[207044] DEBUG Launcher - compiling sources: [/tmp/Ex2Amplifier-experiments/target/dspot/tmp_test_sources/com/squareup/javapoet/AnnotatedTypeNameTest.java]
[207049] DEBUG Launcher - compile args: [-encoding, UTF-8, -cp, /home/spirals/danglot/.m2/repository/com/google/truth/truth/0.28/truth-0.28.jar:/home/spirals/danglot/.m2/repository/com/google/guava/guava/18.0/guava-18.0.jar:/home/spirals/danglot/.m2/repository/com/google/testing/compile/compile-testing/0.9/compile-testing-0.9.jar:/home/spirals/danglot/jdk1.8.0_121/jre/../lib/tools.jar:/home/spirals/danglot/.m2/repository/junit/junit/4.12/junit-4.12.jar:/home/spirals/danglot/.m2/repository/org/hamcrest/hamcrest-core/1.3/hamcrest-core-1.3.jar:/home/spirals/danglot/.m2/repository/com/google/jimfs/jimfs/1.0/jimfs-1.0.jar:/home/spirals/danglot/.m2/repository/org/mockito/mockito-core/1.10.16/mockito-core-1.10.16.jar:/home/spirals/danglot/.m2/repository/org/objenesis/objenesis/2.1/objenesis-2.1.jar:/home/spirals/danglot/.m2/repository/org/eclipse/jdt/core/compiler/ecj/4.4.2/ecj-4.4.2.jar:target/dspot/dependencies/:dataset/may-2018/javapoet/562//target/classes:dataset/may-2018/javapoet/562//target/test-classes:, -d, /tmp/Ex2Amplifier-experiments/dataset/may-2018/javapoet/562_modified/target/test-classes, -1.8, -proc:none, -preserveAllLocals, -noExit, -enableJavadoc, /tmp/Ex2Amplifier-experiments/target/dspot/tmp_test_sources/com/squareup/javapoet/AnnotatedTypeNameTest.java]
[208614] DEBUG Launcher - compiled in 1570 ms
[209106] INFO Amplification - -6 amplified test(s) has been selected, global: 0
[209106] INFO Amplification - amp annotatedArgumentOfParameterizedType (1/2)
[209112] DEBUG Launcher - printing com.squareup.javapoet.AnnotatedTypeNameTest to /tmp/Ex2Amplifier-experiments/target/dspot/tmp_test_sources
[209589] INFO Amplification - iteration 0:
[209589] INFO Amplification - 1 tests selected to be amplified over 1 available tests
[209589] INFO Amplification - Amplification of inputs...
100% |================================================== ]/
[209614] DEBUG Launcher - printing com.squareup.javapoet.AnnotatedTypeNameTest to /tmp/Ex2Amplifier-experiments/target/dspot/tmp_test_sources
[209627] DEBUG Launcher - building sources: [/tmp/Ex2Amplifier-experiments/target/dspot/tmp_test_sources/com/squareup/javapoet/AnnotatedTypeNameTest.java]
[209627] DEBUG Launcher - build args: [-encoding, UTF-8, -cp, /home/spirals/danglot/.m2/repository/com/google/truth/truth/0.28/truth-0.28.jar:/home/spirals/danglot/.m2/repository/com/google/guava/guava/18.0/guava-18.0.jar:/home/spirals/danglot/.m2/repository/com/google/testing/compile/compile-testing/0.9/compile-testing-0.9.jar:/home/spirals/danglot/jdk1.8.0_121/jre/../lib/tools.jar:/home/spirals/danglot/.m2/repository/junit/junit/4.12/junit-4.12.jar:/home/spirals/danglot/.m2/repository/org/hamcrest/hamcrest-core/1.3/hamcrest-core-1.3.jar:/home/spirals/danglot/.m2/repository/com/google/jimfs/jimfs/1.0/jimfs-1.0.jar:/home/spirals/danglot/.m2/repository/org/mockito/mockito-core/1.10.16/mockito-core-1.10.16.jar:/home/spirals/danglot/.m2/repository/org/objenesis/objenesis/2.1/objenesis-2.1.jar:/home/spirals/danglot/.m2/repository/org/eclipse/jdt/core/compiler/ecj/4.4.2/ecj-4.4.2.jar:dataset/may-2018/javapoet/562//target/classes:target/dspot/dependencies/:dataset/may-2018/javapoet/562//target/test-classes:lib/catg-dev.jar:, -1.8, -preserveAllLocals, -noExit, -enableJavadoc, /tmp/Ex2Amplifier-experiments/target/dspot/tmp_test_sources/com/squareup/javapoet/AnnotatedTypeNameTest.java]
[209682] DEBUG Launcher - built in 55 ms
[209682] DEBUG Launcher - building templates: []
[209682] DEBUG Launcher - built in 0 ms
[209683] DEBUG Launcher - model built in 56
[209683] DEBUG Launcher - compiling sources: [/tmp/Ex2Amplifier-experiments/target/dspot/tmp_test_sources/com/squareup/javapoet/AnnotatedTypeNameTest.java]
[209684] DEBUG Launcher - compile args: [-encoding, UTF-8, -cp, /home/spirals/danglot/.m2/repository/com/google/truth/truth/0.28/truth-0.28.jar:/home/spirals/danglot/.m2/repository/com/google/guava/guava/18.0/guava-18.0.jar:/home/spirals/danglot/.m2/repository/com/google/testing/compile/compile-testing/0.9/compile-testing-0.9.jar:/home/spirals/danglot/jdk1.8.0_121/jre/../lib/tools.jar:/home/spirals/danglot/.m2/repository/junit/junit/4.12/junit-4.12.jar:/home/spirals/danglot/.m2/repository/org/hamcrest/hamcrest-core/1.3/hamcrest-core-1.3.jar:/home/spirals/danglot/.m2/repository/com/google/jimfs/jimfs/1.0/jimfs-1.0.jar:/home/spirals/danglot/.m2/repository/org/mockito/mockito-core/1.10.16/mockito-core-1.10.16.jar:/home/spirals/danglot/.m2/repository/org/objenesis/objenesis/2.1/objenesis-2.1.jar:/home/spirals/danglot/.m2/repository/org/eclipse/jdt/core/compiler/ecj/4.4.2/ecj-4.4.2.jar:dataset/may-2018/javapoet/562//target/classes:target/dspot/dependencies/:dataset/may-2018/javapoet/562//target/test-classes:lib/catg-dev.jar:, -d, /tmp/Ex2Amplifier-experiments/dataset/may-2018/javapoet/562/target/test-classes, -1.8, -proc:none, -preserveAllLocals, -noExit, -enableJavadoc, /tmp/Ex2Amplifier-experiments/target/dspot/tmp_test_sources/com/squareup/javapoet/AnnotatedTypeNameTest.java]
[209753] DEBUG Launcher - compiled in 70 ms
[209753] INFO CATGExecutor - Running CATG: ~/jdk1.8.0_121/java -Xmx4096M -Xms2048M -Djanala.loggerClass=janala.logger.DirectConcolicExecution -Djanala.conf=lib/catg.conf  -javaagent:lib/catg-dev.jar -cp /home/spirals/danglot/.m2/repository/com/google/truth/truth/0.28/truth-0.28.jar:/home/spirals/danglot/.m2/repository/com/google/guava/guava/18.0/guava-18.0.jar:/home/spirals/danglot/.m2/repository/com/google/testing/compile/compile-testing/0.9/compile-testing-0.9.jar:/home/spirals/danglot/jdk1.8.0_121/jre/../lib/tools.jar:/home/spirals/danglot/.m2/repository/junit/junit/4.12/junit-4.12.jar:/home/spirals/danglot/.m2/repository/org/hamcrest/hamcrest-core/1.3/hamcrest-core-1.3.jar:/home/spirals/danglot/.m2/repository/com/google/jimfs/jimfs/1.0/jimfs-1.0.jar:/home/spirals/danglot/.m2/repository/org/mockito/mockito-core/1.10.16/mockito-core-1.10.16.jar:/home/spirals/danglot/.m2/repository/org/objenesis/objenesis/2.1/objenesis-2.1.jar:/home/spirals/danglot/.m2/repository/org/eclipse/jdt/core/compiler/ecj/4.4.2/ecj-4.4.2.jar:dataset/may-2018/javapoet/562//target/classes:target/dspot/dependencies/:dataset/may-2018/javapoet/562//target/test-classes:lib/catg-dev.jar:lib/catg-dev.jar:lib/asm-all-5.0.4.jar:lib/automaton-1.11-8.jar -ea com.squareup.javapoet.AnnotatedTypeNameTest
[209755] INFO Amplification - 0 new tests generated
[209755] INFO Amplification - 0 amplified test(s) has been selected, global: 0
[209755] INFO Amplification - amp annotatedEquivalence (2/2)
[209759] DEBUG Launcher - printing com.squareup.javapoet.AnnotatedTypeNameTest to /tmp/Ex2Amplifier-experiments/target/dspot/tmp_test_sources
[210223] INFO Amplification - iteration 0:
[210223] INFO Amplification - 1 tests selected to be amplified over 1 available tests
[210223] INFO Amplification - Amplification of inputs...
100% |================================================== ]/
[210224] INFO Amplification - 0 new tests generated
[210224] INFO Amplification - 0 amplified test(s) has been selected, global: 0
[210224] INFO DSpot - elapsedTime 8643
======= REPORT =======
0 amplified test fails on the new versions.

[210434] INFO DSpot - Print AmplAnnotatedTypeNameTest with 0?amplified test cases in results/may-2018/javapoet/562/CATG
[210434] DEBUG Launcher - printing com.squareup.javapoet.AmplAnnotatedTypeNameTest to /tmp/Ex2Amplifier-experiments/results/may-2018/javapoet/562/CATG
