SLF4J: Class path contains multiple SLF4J bindings.
SLF4J: Found binding in [jar:file:/home/spirals/danglot/.m2/repository/eu/stamp-project/test-runner/1.0.8/test-runner-1.0.8-jar-with-dependencies.jar!/org/slf4j/impl/StaticLoggerBinder.class]
SLF4J: Found binding in [jar:file:/home/spirals/danglot/.m2/repository/org/slf4j/slf4j-log4j12/1.7.25/slf4j-log4j12-1.7.25.jar!/org/slf4j/impl/StaticLoggerBinder.class]
SLF4J: See http://www.slf4j.org/codes.html#multiple_bindings for an explanation.
SLF4J: Actual binding is of type [org.slf4j.impl.Log4jLoggerFactory]
[0] WARN AutomaticBuilderFactory - No automatic builder specified in configuration, going to default.
[0] INFO AutomaticBuilderFactory - Default: provided Maven automatic builder.
[9] INFO MavenAutomaticBuilder - run maven clean test -DskipTests dependency:build-classpath -Dmdep.outputFile=target/dspot/classpath
[WARN] Maven will be executed in interactive mode, but no input stream has been configured for this MavenInvoker instance.
[INFO] Scanning for projects...
[INFO]                                                                         
[INFO] ------------------------------------------------------------------------
[INFO] Building JavaPoet 1.8.0-SNAPSHOT
[INFO] ------------------------------------------------------------------------
[INFO] 
[INFO] --- maven-clean-plugin:2.5:clean (default-clean) @ javapoet ---
[INFO] Deleting /tmp/Ex2Amplifier-experiments/dataset/may-2018/javapoet/526/target
[INFO] 
[INFO] --- maven-enforcer-plugin:1.0:enforce (enforce-maven) @ javapoet ---
[INFO] Skipping Rule Enforcement.
[INFO] 
[INFO] --- maven-resources-plugin:2.6:resources (default-resources) @ javapoet ---
[INFO] Using 'UTF-8' encoding to copy filtered resources.
[INFO] skip non existing resourceDirectory /tmp/Ex2Amplifier-experiments/dataset/may-2018/javapoet/526/src/main/resources
[INFO] 
[INFO] --- maven-compiler-plugin:3.0:compile (default-compile) @ javapoet ---
[INFO] Changes detected - recompiling the module!
[INFO] Compiling 16 source files to /tmp/Ex2Amplifier-experiments/dataset/may-2018/javapoet/526/target/classes
[INFO] 
[INFO] --- maven-resources-plugin:2.6:testResources (default-testResources) @ javapoet ---
[INFO] Using 'UTF-8' encoding to copy filtered resources.
[INFO] skip non existing resourceDirectory /tmp/Ex2Amplifier-experiments/dataset/may-2018/javapoet/526/src/test/resources
[INFO] 
[INFO] --- maven-compiler-plugin:3.0:testCompile (default-testCompile) @ javapoet ---
[INFO] Changes detected - recompiling the module!
[INFO] Compiling 18 source files to /tmp/Ex2Amplifier-experiments/dataset/may-2018/javapoet/526/target/test-classes
[INFO] 
[INFO] --- maven-surefire-plugin:2.12.4:test (default-test) @ javapoet ---
[INFO] Tests are skipped.
[INFO] 
[INFO] --- maven-dependency-plugin:2.8:build-classpath (default-cli) @ javapoet ---
[INFO] Wrote classpath file '/tmp/Ex2Amplifier-experiments/dataset/may-2018/javapoet/526/target/dspot/classpath'.
[INFO] ------------------------------------------------------------------------
[INFO] BUILD SUCCESS
[INFO] ------------------------------------------------------------------------
[INFO] Total time: 4.982 s
[INFO] Finished at: 2018-06-11T18:57:03+02:00
[INFO] Final Memory: 24M/302M
[INFO] ------------------------------------------------------------------------
[9301] ERROR JDTCommentBuilder - // @Target(ElementType.TYPE_USE) requires Java 1.8 is not added into the AST
spoon.reflect.declaration.ParentNotInitializedException: parent not initialized for class spoon.support.reflect.code.CtCommentImpl (/tmp/Ex2Amplifier-experiments/dataset/may-2018/javapoet/526/src/test/java/com/squareup/javapoet/AnnotatedTypeNameTest.java:118)
	at spoon.support.reflect.declaration.CtElementImpl.getParent(CtElementImpl.java:340)
	at spoon.support.compiler.jdt.JDTCommentBuilder.insertCommentInAST(JDTCommentBuilder.java:474)
	at spoon.support.compiler.jdt.JDTCommentBuilder.buildComment(JDTCommentBuilder.java:152)
	at spoon.support.compiler.jdt.JDTCommentBuilder.build(JDTCommentBuilder.java:108)
	at spoon.support.compiler.jdt.JDTBasedSpoonCompiler.buildModel(JDTBasedSpoonCompiler.java:417)
	at spoon.support.compiler.jdt.JDTBasedSpoonCompiler.buildUnitsAndModel(JDTBasedSpoonCompiler.java:362)
	at spoon.support.compiler.jdt.JDTBasedSpoonCompiler.buildSources(JDTBasedSpoonCompiler.java:335)
	at spoon.support.compiler.jdt.JDTBasedSpoonCompiler.build(JDTBasedSpoonCompiler.java:116)
	at spoon.support.compiler.jdt.JDTBasedSpoonCompiler.build(JDTBasedSpoonCompiler.java:99)
	at spoon.Launcher.buildModel(Launcher.java:724)
	at eu.stamp_project.utils.compilation.DSpotCompiler.getSpoonModelOf(DSpotCompiler.java:103)
	at eu.stamp_project.utils.compilation.DSpotCompiler.createDSpotCompiler(DSpotCompiler.java:31)
	at eu.stamp_project.dspot.DSpot.<init>(DSpot.java:108)
	at eu.stamp_project.Main.lambda$run$2(Main.java:141)
	at java.util.stream.ForEachOps$ForEachOp$OfRef.accept(ForEachOps.java:184)
	at java.util.stream.ReferencePipeline$2$1.accept(ReferencePipeline.java:175)
	at java.util.ArrayList$ArrayListSpliterator.forEachRemaining(ArrayList.java:1374)
	at java.util.stream.AbstractPipeline.copyInto(AbstractPipeline.java:481)
	at java.util.stream.AbstractPipeline.wrapAndCopyInto(AbstractPipeline.java:471)
	at java.util.stream.ForEachOps$ForEachOp.evaluateSequential(ForEachOps.java:151)
	at java.util.stream.ForEachOps$ForEachOp$OfRef.evaluateSequential(ForEachOps.java:174)
	at java.util.stream.AbstractPipeline.evaluate(AbstractPipeline.java:234)
	at java.util.stream.ReferencePipeline.forEach(ReferencePipeline.java:418)
	at eu.stamp_project.Main.run(Main.java:124)
	at eu.stamp_project.Main.main(Main.java:95)
[9406] WARN AutomaticBuilderFactory - No automatic builder specified in configuration, going to default.
[9406] INFO AutomaticBuilderFactory - Default: provided Maven automatic builder.
[9407] INFO MavenAutomaticBuilder - run maven clean test -DskipTests dependency:build-classpath -Dmdep.outputFile=target/dspot/classpath
[WARN] Maven will be executed in interactive mode, but no input stream has been configured for this MavenInvoker instance.
[INFO] Scanning for projects...
[INFO]                                                                         
[INFO] ------------------------------------------------------------------------
[INFO] Building JavaPoet 1.8.0-SNAPSHOT
[INFO] ------------------------------------------------------------------------
[INFO] 
[INFO] --- maven-clean-plugin:2.5:clean (default-clean) @ javapoet ---
[INFO] 
[INFO] --- maven-enforcer-plugin:1.0:enforce (enforce-maven) @ javapoet ---
[INFO] Skipping Rule Enforcement.
[INFO] 
[INFO] --- maven-resources-plugin:2.6:resources (default-resources) @ javapoet ---
[INFO] Using 'UTF-8' encoding to copy filtered resources.
[INFO] skip non existing resourceDirectory /tmp/Ex2Amplifier-experiments/dataset/may-2018/javapoet/526_modified/src/main/resources
[INFO] 
[INFO] --- maven-compiler-plugin:3.0:compile (default-compile) @ javapoet ---
[INFO] Changes detected - recompiling the module!
[INFO] Compiling 16 source files to /tmp/Ex2Amplifier-experiments/dataset/may-2018/javapoet/526_modified/target/classes
[INFO] 
[INFO] --- maven-resources-plugin:2.6:testResources (default-testResources) @ javapoet ---
[INFO] Using 'UTF-8' encoding to copy filtered resources.
[INFO] skip non existing resourceDirectory /tmp/Ex2Amplifier-experiments/dataset/may-2018/javapoet/526_modified/src/test/resources
[INFO] 
[INFO] --- maven-compiler-plugin:3.0:testCompile (default-testCompile) @ javapoet ---
[INFO] Changes detected - recompiling the module!
[INFO] Compiling 18 source files to /tmp/Ex2Amplifier-experiments/dataset/may-2018/javapoet/526_modified/target/test-classes
[INFO] 
[INFO] --- maven-surefire-plugin:2.12.4:test (default-test) @ javapoet ---
[INFO] Tests are skipped.
[INFO] 
[INFO] --- maven-dependency-plugin:2.8:build-classpath (default-cli) @ javapoet ---
[INFO] Wrote classpath file '/tmp/Ex2Amplifier-experiments/dataset/may-2018/javapoet/526_modified/target/dspot/classpath'.
[INFO] ------------------------------------------------------------------------
[INFO] BUILD SUCCESS
[INFO] ------------------------------------------------------------------------
[INFO] Total time: 4.643 s
[INFO] Finished at: 2018-06-11T18:57:12+02:00
[INFO] Final Memory: 24M/306M
[INFO] ------------------------------------------------------------------------
[15829] INFO SelectorOnDiff - Selecting according to a diff between dataset/may-2018/javapoet/526/ and dataset/may-2018/javapoet/526_modified/ (4eda8d4a3639f7645e7125a45d183db4d22a50c4)
[15835] INFO SelectorOnDiff - Modified files:
a/src/test/java/com/squareup/javapoet/ClassNameTest.java
a/src/main/java/com/squareup/javapoet/ClassName.java
[17767] INFO SelectorOnDiff - Select 1 modified test methods
[22724] INFO SelectorOnDiff - Select 1 test methods that execute directly modified methods
[22741] INFO Amplification - amplification of com.squareup.javapoet.MethodSpecTest (1 test(s))
[23023] INFO EntryPoint - Run: java -cp /tmp/Ex2Amplifier-experiments/dataset/may-2018/javapoet/526/target/test-classes:/tmp/Ex2Amplifier-experiments/dataset/may-2018/javapoet/526/target/classes:/home/spirals/danglot/.m2/repository/com/google/truth/truth/0.28/truth-0.28.jar:/home/spirals/danglot/.m2/repository/com/google/guava/guava/18.0/guava-18.0.jar:/home/spirals/danglot/.m2/repository/com/google/testing/compile/compile-testing/0.9/compile-testing-0.9.jar:/home/spirals/danglot/jdk1.8.0_121/jre/../lib/tools.jar:/home/spirals/danglot/.m2/repository/junit/junit/4.12/junit-4.12.jar:/home/spirals/danglot/.m2/repository/org/hamcrest/hamcrest-core/1.3/hamcrest-core-1.3.jar:/home/spirals/danglot/.m2/repository/com/google/jimfs/jimfs/1.0/jimfs-1.0.jar:/home/spirals/danglot/.m2/repository/org/mockito/mockito-core/1.10.16/mockito-core-1.10.16.jar:/home/spirals/danglot/.m2/repository/org/objenesis/objenesis/2.1/objenesis-2.1.jar:/home/spirals/danglot/.m2/repository/org/eclipse/jdt/core/compiler/ecj/4.4.2/ecj-4.4.2.jar:/tmp/Ex2Amplifier-experiments/target/dspot/dependencies:/home/spirals/danglot/.m2/repository/eu/stamp-project/test-runner/1.0.8/test-runner-1.0.8-jar-with-dependencies.jar eu.stamp_project.testrunner.runner.test.TestRunner com.squareup.javapoet.MethodSpecTest duplicateExceptionsIgnored
File saved to the following path: /tmp/Ex2Amplifier-experiments/dataset/may-2018/javapoet/526/target/dspot/TestListener.ser
[24058] INFO EntryPoint - Test has been run: duplicateExceptionsIgnored
[24059] INFO Amplification - Try to add assertions before amplification
[24087] INFO AssertGenerator - Run tests. (1)
[24217] INFO EntryPoint - Run: java -cp /tmp/Ex2Amplifier-experiments/dataset/may-2018/javapoet/526/target/test-classes:/tmp/Ex2Amplifier-experiments/dataset/may-2018/javapoet/526/target/classes:/home/spirals/danglot/.m2/repository/com/google/truth/truth/0.28/truth-0.28.jar:/home/spirals/danglot/.m2/repository/com/google/guava/guava/18.0/guava-18.0.jar:/home/spirals/danglot/.m2/repository/com/google/testing/compile/compile-testing/0.9/compile-testing-0.9.jar:/home/spirals/danglot/jdk1.8.0_121/jre/../lib/tools.jar:/home/spirals/danglot/.m2/repository/junit/junit/4.12/junit-4.12.jar:/home/spirals/danglot/.m2/repository/org/hamcrest/hamcrest-core/1.3/hamcrest-core-1.3.jar:/home/spirals/danglot/.m2/repository/com/google/jimfs/jimfs/1.0/jimfs-1.0.jar:/home/spirals/danglot/.m2/repository/org/mockito/mockito-core/1.10.16/mockito-core-1.10.16.jar:/home/spirals/danglot/.m2/repository/org/objenesis/objenesis/2.1/objenesis-2.1.jar:/home/spirals/danglot/.m2/repository/org/eclipse/jdt/core/compiler/ecj/4.4.2/ecj-4.4.2.jar:/tmp/Ex2Amplifier-experiments/target/dspot/dependencies:/home/spirals/danglot/.m2/repository/eu/stamp-project/test-runner/1.0.8/test-runner-1.0.8-jar-with-dependencies.jar eu.stamp_project.testrunner.runner.test.TestRunner com.squareup.javapoet.MethodSpecTest duplicateExceptionsIgnored
File saved to the following path: /tmp/Ex2Amplifier-experiments/dataset/may-2018/javapoet/526/target/dspot/TestListener.ser
[25204] INFO EntryPoint - Test has been run: duplicateExceptionsIgnored
[25204] INFO AssertGenerator - 1 test pass, generating assertion...
[25211] INFO MethodsAssertGenerator - Add observations points in passing tests.
[25211] INFO MethodsAssertGenerator - Instrumentation...
100% |================================================== ]/
[25238] INFO MethodsAssertGenerator - Run instrumented tests. (3)
[25371] INFO EntryPoint - Run: java -cp /tmp/Ex2Amplifier-experiments/dataset/may-2018/javapoet/526/target/test-classes:/tmp/Ex2Amplifier-experiments/dataset/may-2018/javapoet/526/target/classes:/home/spirals/danglot/.m2/repository/com/google/truth/truth/0.28/truth-0.28.jar:/home/spirals/danglot/.m2/repository/com/google/guava/guava/18.0/guava-18.0.jar:/home/spirals/danglot/.m2/repository/com/google/testing/compile/compile-testing/0.9/compile-testing-0.9.jar:/home/spirals/danglot/jdk1.8.0_121/jre/../lib/tools.jar:/home/spirals/danglot/.m2/repository/junit/junit/4.12/junit-4.12.jar:/home/spirals/danglot/.m2/repository/org/hamcrest/hamcrest-core/1.3/hamcrest-core-1.3.jar:/home/spirals/danglot/.m2/repository/com/google/jimfs/jimfs/1.0/jimfs-1.0.jar:/home/spirals/danglot/.m2/repository/org/mockito/mockito-core/1.10.16/mockito-core-1.10.16.jar:/home/spirals/danglot/.m2/repository/org/objenesis/objenesis/2.1/objenesis-2.1.jar:/home/spirals/danglot/.m2/repository/org/eclipse/jdt/core/compiler/ecj/4.4.2/ecj-4.4.2.jar:/tmp/Ex2Amplifier-experiments/target/dspot/dependencies:/home/spirals/danglot/.m2/repository/eu/stamp-project/test-runner/1.0.8/test-runner-1.0.8-jar-with-dependencies.jar eu.stamp_project.testrunner.runner.test.TestRunner com.squareup.javapoet.MethodSpecTest duplicateExceptionsIgnored_withlog0:duplicateExceptionsIgnored_withlog1:duplicateExceptionsIgnored_withlog2
File saved to the following path: /tmp/Ex2Amplifier-experiments/dataset/may-2018/javapoet/526/target/dspot/observations.ser
File saved to the following path: /tmp/Ex2Amplifier-experiments/dataset/may-2018/javapoet/526/target/dspot/TestListener.ser
[27957] INFO EntryPoint - Test has been run: duplicateExceptionsIgnored_withlog0,duplicateExceptionsIgnored_withlog1,duplicateExceptionsIgnored_withlog2
[27971] INFO MethodsAssertGenerator - Generating assertions...
[28014] INFO AssertGenerator - 1 new tests with assertions generated
[28342] INFO EntryPoint - Run: java -cp /tmp/Ex2Amplifier-experiments/dataset/may-2018/javapoet/526/target/test-classes:/tmp/Ex2Amplifier-experiments/dataset/may-2018/javapoet/526/target/classes:/home/spirals/danglot/.m2/repository/com/google/truth/truth/0.28/truth-0.28.jar:/home/spirals/danglot/.m2/repository/com/google/guava/guava/18.0/guava-18.0.jar:/home/spirals/danglot/.m2/repository/com/google/testing/compile/compile-testing/0.9/compile-testing-0.9.jar:/home/spirals/danglot/jdk1.8.0_121/jre/../lib/tools.jar:/home/spirals/danglot/.m2/repository/junit/junit/4.12/junit-4.12.jar:/home/spirals/danglot/.m2/repository/org/hamcrest/hamcrest-core/1.3/hamcrest-core-1.3.jar:/home/spirals/danglot/.m2/repository/com/google/jimfs/jimfs/1.0/jimfs-1.0.jar:/home/spirals/danglot/.m2/repository/org/mockito/mockito-core/1.10.16/mockito-core-1.10.16.jar:/home/spirals/danglot/.m2/repository/org/objenesis/objenesis/2.1/objenesis-2.1.jar:/home/spirals/danglot/.m2/repository/org/eclipse/jdt/core/compiler/ecj/4.4.2/ecj-4.4.2.jar:/tmp/Ex2Amplifier-experiments/target/dspot/dependencies:/home/spirals/danglot/.m2/repository/eu/stamp-project/test-runner/1.0.8/test-runner-1.0.8-jar-with-dependencies.jar eu.stamp_project.testrunner.runner.test.TestRunner com.squareup.javapoet.MethodSpecTest duplicateExceptionsIgnored
File saved to the following path: /tmp/Ex2Amplifier-experiments/dataset/may-2018/javapoet/526/target/dspot/TestListener.ser
[29316] INFO EntryPoint - Test has been run: duplicateExceptionsIgnored
[30137] DEBUG Launcher - building sources: [/tmp/Ex2Amplifier-experiments/target/dspot/tmp_test_sources/com/squareup/javapoet/MethodSpecTest.java]
[30138] DEBUG Launcher - build args: [-encoding, UTF-8, -cp, /home/spirals/danglot/.m2/repository/com/google/truth/truth/0.28/truth-0.28.jar:/home/spirals/danglot/.m2/repository/com/google/guava/guava/18.0/guava-18.0.jar:/home/spirals/danglot/.m2/repository/com/google/testing/compile/compile-testing/0.9/compile-testing-0.9.jar:/home/spirals/danglot/jdk1.8.0_121/jre/../lib/tools.jar:/home/spirals/danglot/.m2/repository/junit/junit/4.12/junit-4.12.jar:/home/spirals/danglot/.m2/repository/org/hamcrest/hamcrest-core/1.3/hamcrest-core-1.3.jar:/home/spirals/danglot/.m2/repository/com/google/jimfs/jimfs/1.0/jimfs-1.0.jar:/home/spirals/danglot/.m2/repository/org/mockito/mockito-core/1.10.16/mockito-core-1.10.16.jar:/home/spirals/danglot/.m2/repository/org/objenesis/objenesis/2.1/objenesis-2.1.jar:/home/spirals/danglot/.m2/repository/org/eclipse/jdt/core/compiler/ecj/4.4.2/ecj-4.4.2.jar:target/dspot/dependencies/:dataset/may-2018/javapoet/526//target/classes:dataset/may-2018/javapoet/526//target/test-classes:, -1.8, -preserveAllLocals, -noExit, -enableJavadoc, /tmp/Ex2Amplifier-experiments/target/dspot/tmp_test_sources/com/squareup/javapoet/MethodSpecTest.java]
[30230] DEBUG Launcher - built in 92 ms
[30230] DEBUG Launcher - building templates: []
[30230] DEBUG Launcher - built in 0 ms
[30233] DEBUG Launcher - model built in 96
[30234] DEBUG Launcher - compiling sources: [/tmp/Ex2Amplifier-experiments/target/dspot/tmp_test_sources/com/squareup/javapoet/MethodSpecTest.java]
[30240] DEBUG Launcher - compile args: [-encoding, UTF-8, -cp, /home/spirals/danglot/.m2/repository/com/google/truth/truth/0.28/truth-0.28.jar:/home/spirals/danglot/.m2/repository/com/google/guava/guava/18.0/guava-18.0.jar:/home/spirals/danglot/.m2/repository/com/google/testing/compile/compile-testing/0.9/compile-testing-0.9.jar:/home/spirals/danglot/jdk1.8.0_121/jre/../lib/tools.jar:/home/spirals/danglot/.m2/repository/junit/junit/4.12/junit-4.12.jar:/home/spirals/danglot/.m2/repository/org/hamcrest/hamcrest-core/1.3/hamcrest-core-1.3.jar:/home/spirals/danglot/.m2/repository/com/google/jimfs/jimfs/1.0/jimfs-1.0.jar:/home/spirals/danglot/.m2/repository/org/mockito/mockito-core/1.10.16/mockito-core-1.10.16.jar:/home/spirals/danglot/.m2/repository/org/objenesis/objenesis/2.1/objenesis-2.1.jar:/home/spirals/danglot/.m2/repository/org/eclipse/jdt/core/compiler/ecj/4.4.2/ecj-4.4.2.jar:target/dspot/dependencies/:dataset/may-2018/javapoet/526//target/classes:dataset/may-2018/javapoet/526//target/test-classes:, -d, /tmp/Ex2Amplifier-experiments/dataset/may-2018/javapoet/526_modified/target/test-classes, -1.8, -proc:none, -preserveAllLocals, -noExit, -enableJavadoc, /tmp/Ex2Amplifier-experiments/target/dspot/tmp_test_sources/com/squareup/javapoet/MethodSpecTest.java]
[30626] DEBUG Launcher - compiled in 392 ms
[30628] INFO EntryPoint - Run: java -cp /home/spirals/danglot/.m2/repository/com/google/truth/truth/0.28/truth-0.28.jar:/home/spirals/danglot/.m2/repository/com/google/guava/guava/18.0/guava-18.0.jar:/home/spirals/danglot/.m2/repository/com/google/testing/compile/compile-testing/0.9/compile-testing-0.9.jar:/home/spirals/danglot/jdk1.8.0_121/jre/../lib/tools.jar:/home/spirals/danglot/.m2/repository/junit/junit/4.12/junit-4.12.jar:/home/spirals/danglot/.m2/repository/org/hamcrest/hamcrest-core/1.3/hamcrest-core-1.3.jar:/home/spirals/danglot/.m2/repository/com/google/jimfs/jimfs/1.0/jimfs-1.0.jar:/home/spirals/danglot/.m2/repository/org/mockito/mockito-core/1.10.16/mockito-core-1.10.16.jar:/home/spirals/danglot/.m2/repository/org/objenesis/objenesis/2.1/objenesis-2.1.jar:/home/spirals/danglot/.m2/repository/org/eclipse/jdt/core/compiler/ecj/4.4.2/ecj-4.4.2.jar:target/dspot/dependencies/:/tmp/Ex2Amplifier-experiments/dataset/may-2018/javapoet/526_modified/target/classes:/tmp/Ex2Amplifier-experiments/dataset/may-2018/javapoet/526_modified/target/test-classes:/home/spirals/danglot/.m2/repository/eu/stamp-project/test-runner/1.0.8/test-runner-1.0.8-jar-with-dependencies.jar eu.stamp_project.testrunner.runner.test.TestRunner com.squareup.javapoet.MethodSpecTest duplicateExceptionsIgnored
File saved to the following path: /tmp/Ex2Amplifier-experiments/dataset/may-2018/javapoet/526/target/dspot/TestListener.ser
[31564] INFO EntryPoint - Test has been run: duplicateExceptionsIgnored
[31564] INFO Amplification - 0 amplified test(s) has been selected, global: 0
[31564] INFO DSpot - elapsedTime 8827
======= REPORT =======
0 amplified test fails on the new versions.

[32321] INFO DSpot - Print AmplMethodSpecTest with 0?amplified test cases in results/may-2018/javapoet/526/A_ampl
[32321] DEBUG Launcher - printing com.squareup.javapoet.AmplMethodSpecTest to /tmp/Ex2Amplifier-experiments/results/may-2018/javapoet/526/A_ampl
[32416] INFO Amplification - amplification of com.squareup.javapoet.CodeBlockTest (1 test(s))
[32423] DEBUG Launcher - printing com.squareup.javapoet.CodeBlockTest to /tmp/Ex2Amplifier-experiments/target/dspot/tmp_test_sources
[32499] INFO EntryPoint - Run: java -cp /tmp/Ex2Amplifier-experiments/dataset/may-2018/javapoet/526/target/test-classes:/tmp/Ex2Amplifier-experiments/dataset/may-2018/javapoet/526/target/classes:/home/spirals/danglot/.m2/repository/com/google/truth/truth/0.28/truth-0.28.jar:/home/spirals/danglot/.m2/repository/com/google/guava/guava/18.0/guava-18.0.jar:/home/spirals/danglot/.m2/repository/com/google/testing/compile/compile-testing/0.9/compile-testing-0.9.jar:/home/spirals/danglot/jdk1.8.0_121/jre/../lib/tools.jar:/home/spirals/danglot/.m2/repository/junit/junit/4.12/junit-4.12.jar:/home/spirals/danglot/.m2/repository/org/hamcrest/hamcrest-core/1.3/hamcrest-core-1.3.jar:/home/spirals/danglot/.m2/repository/com/google/jimfs/jimfs/1.0/jimfs-1.0.jar:/home/spirals/danglot/.m2/repository/org/mockito/mockito-core/1.10.16/mockito-core-1.10.16.jar:/home/spirals/danglot/.m2/repository/org/objenesis/objenesis/2.1/objenesis-2.1.jar:/home/spirals/danglot/.m2/repository/org/eclipse/jdt/core/compiler/ecj/4.4.2/ecj-4.4.2.jar:/tmp/Ex2Amplifier-experiments/target/dspot/dependencies:/home/spirals/danglot/.m2/repository/eu/stamp-project/test-runner/1.0.8/test-runner-1.0.8-jar-with-dependencies.jar eu.stamp_project.testrunner.runner.test.TestRunner com.squareup.javapoet.CodeBlockTest sameIndexCanBeUsedWithDifferentFormats
File saved to the following path: /tmp/Ex2Amplifier-experiments/dataset/may-2018/javapoet/526/target/dspot/TestListener.ser
[32922] INFO EntryPoint - Test has been run: sameIndexCanBeUsedWithDifferentFormats
[32922] INFO Amplification - Try to add assertions before amplification
[32970] INFO AssertGenerator - Run tests. (1)
[32974] DEBUG Launcher - printing com.squareup.javapoet.CodeBlockTest to /tmp/Ex2Amplifier-experiments/target/dspot/tmp_test_sources
[33075] INFO EntryPoint - Run: java -cp /tmp/Ex2Amplifier-experiments/dataset/may-2018/javapoet/526/target/test-classes:/tmp/Ex2Amplifier-experiments/dataset/may-2018/javapoet/526/target/classes:/home/spirals/danglot/.m2/repository/com/google/truth/truth/0.28/truth-0.28.jar:/home/spirals/danglot/.m2/repository/com/google/guava/guava/18.0/guava-18.0.jar:/home/spirals/danglot/.m2/repository/com/google/testing/compile/compile-testing/0.9/compile-testing-0.9.jar:/home/spirals/danglot/jdk1.8.0_121/jre/../lib/tools.jar:/home/spirals/danglot/.m2/repository/junit/junit/4.12/junit-4.12.jar:/home/spirals/danglot/.m2/repository/org/hamcrest/hamcrest-core/1.3/hamcrest-core-1.3.jar:/home/spirals/danglot/.m2/repository/com/google/jimfs/jimfs/1.0/jimfs-1.0.jar:/home/spirals/danglot/.m2/repository/org/mockito/mockito-core/1.10.16/mockito-core-1.10.16.jar:/home/spirals/danglot/.m2/repository/org/objenesis/objenesis/2.1/objenesis-2.1.jar:/home/spirals/danglot/.m2/repository/org/eclipse/jdt/core/compiler/ecj/4.4.2/ecj-4.4.2.jar:/tmp/Ex2Amplifier-experiments/target/dspot/dependencies:/home/spirals/danglot/.m2/repository/eu/stamp-project/test-runner/1.0.8/test-runner-1.0.8-jar-with-dependencies.jar eu.stamp_project.testrunner.runner.test.TestRunner com.squareup.javapoet.CodeBlockTest sameIndexCanBeUsedWithDifferentFormats
File saved to the following path: /tmp/Ex2Amplifier-experiments/dataset/may-2018/javapoet/526/target/dspot/TestListener.ser
[33461] INFO EntryPoint - Test has been run: sameIndexCanBeUsedWithDifferentFormats
[33462] INFO AssertGenerator - 1 test pass, generating assertion...
[33465] INFO MethodsAssertGenerator - Add observations points in passing tests.
[33465] INFO MethodsAssertGenerator - Instrumentation...
100% |================================================== ]/
[33468] INFO MethodsAssertGenerator - Run instrumented tests. (3)
[33472] DEBUG Launcher - printing com.squareup.javapoet.CodeBlockTest to /tmp/Ex2Amplifier-experiments/target/dspot/tmp_test_sources
[33553] INFO EntryPoint - Run: java -cp /tmp/Ex2Amplifier-experiments/dataset/may-2018/javapoet/526/target/test-classes:/tmp/Ex2Amplifier-experiments/dataset/may-2018/javapoet/526/target/classes:/home/spirals/danglot/.m2/repository/com/google/truth/truth/0.28/truth-0.28.jar:/home/spirals/danglot/.m2/repository/com/google/guava/guava/18.0/guava-18.0.jar:/home/spirals/danglot/.m2/repository/com/google/testing/compile/compile-testing/0.9/compile-testing-0.9.jar:/home/spirals/danglot/jdk1.8.0_121/jre/../lib/tools.jar:/home/spirals/danglot/.m2/repository/junit/junit/4.12/junit-4.12.jar:/home/spirals/danglot/.m2/repository/org/hamcrest/hamcrest-core/1.3/hamcrest-core-1.3.jar:/home/spirals/danglot/.m2/repository/com/google/jimfs/jimfs/1.0/jimfs-1.0.jar:/home/spirals/danglot/.m2/repository/org/mockito/mockito-core/1.10.16/mockito-core-1.10.16.jar:/home/spirals/danglot/.m2/repository/org/objenesis/objenesis/2.1/objenesis-2.1.jar:/home/spirals/danglot/.m2/repository/org/eclipse/jdt/core/compiler/ecj/4.4.2/ecj-4.4.2.jar:/tmp/Ex2Amplifier-experiments/target/dspot/dependencies:/home/spirals/danglot/.m2/repository/eu/stamp-project/test-runner/1.0.8/test-runner-1.0.8-jar-with-dependencies.jar eu.stamp_project.testrunner.runner.test.TestRunner com.squareup.javapoet.CodeBlockTest sameIndexCanBeUsedWithDifferentFormats_withlog0:sameIndexCanBeUsedWithDifferentFormats_withlog1:sameIndexCanBeUsedWithDifferentFormats_withlog2
File saved to the following path: /tmp/Ex2Amplifier-experiments/dataset/may-2018/javapoet/526/target/dspot/observations.ser
File saved to the following path: /tmp/Ex2Amplifier-experiments/dataset/may-2018/javapoet/526/target/dspot/TestListener.ser
[34134] INFO EntryPoint - Test has been run: sameIndexCanBeUsedWithDifferentFormats_withlog0,sameIndexCanBeUsedWithDifferentFormats_withlog1,sameIndexCanBeUsedWithDifferentFormats_withlog2
[34135] INFO MethodsAssertGenerator - Generating assertions...
[34136] INFO AssertGenerator - 1 new tests with assertions generated
[34143] DEBUG Launcher - printing com.squareup.javapoet.CodeBlockTest to /tmp/Ex2Amplifier-experiments/target/dspot/tmp_test_sources
[34217] INFO EntryPoint - Run: java -cp /tmp/Ex2Amplifier-experiments/dataset/may-2018/javapoet/526/target/test-classes:/tmp/Ex2Amplifier-experiments/dataset/may-2018/javapoet/526/target/classes:/home/spirals/danglot/.m2/repository/com/google/truth/truth/0.28/truth-0.28.jar:/home/spirals/danglot/.m2/repository/com/google/guava/guava/18.0/guava-18.0.jar:/home/spirals/danglot/.m2/repository/com/google/testing/compile/compile-testing/0.9/compile-testing-0.9.jar:/home/spirals/danglot/jdk1.8.0_121/jre/../lib/tools.jar:/home/spirals/danglot/.m2/repository/junit/junit/4.12/junit-4.12.jar:/home/spirals/danglot/.m2/repository/org/hamcrest/hamcrest-core/1.3/hamcrest-core-1.3.jar:/home/spirals/danglot/.m2/repository/com/google/jimfs/jimfs/1.0/jimfs-1.0.jar:/home/spirals/danglot/.m2/repository/org/mockito/mockito-core/1.10.16/mockito-core-1.10.16.jar:/home/spirals/danglot/.m2/repository/org/objenesis/objenesis/2.1/objenesis-2.1.jar:/home/spirals/danglot/.m2/repository/org/eclipse/jdt/core/compiler/ecj/4.4.2/ecj-4.4.2.jar:/tmp/Ex2Amplifier-experiments/target/dspot/dependencies:/home/spirals/danglot/.m2/repository/eu/stamp-project/test-runner/1.0.8/test-runner-1.0.8-jar-with-dependencies.jar eu.stamp_project.testrunner.runner.test.TestRunner com.squareup.javapoet.CodeBlockTest sameIndexCanBeUsedWithDifferentFormats
File saved to the following path: /tmp/Ex2Amplifier-experiments/dataset/may-2018/javapoet/526/target/dspot/TestListener.ser
[34614] INFO EntryPoint - Test has been run: sameIndexCanBeUsedWithDifferentFormats
[35121] DEBUG Launcher - printing com.squareup.javapoet.CodeBlockTest to /tmp/Ex2Amplifier-experiments/target/dspot/tmp_test_sources
[35131] DEBUG Launcher - building sources: [/tmp/Ex2Amplifier-experiments/target/dspot/tmp_test_sources/com/squareup/javapoet/CodeBlockTest.java]
[35133] DEBUG Launcher - build args: [-encoding, UTF-8, -cp, /home/spirals/danglot/.m2/repository/com/google/truth/truth/0.28/truth-0.28.jar:/home/spirals/danglot/.m2/repository/com/google/guava/guava/18.0/guava-18.0.jar:/home/spirals/danglot/.m2/repository/com/google/testing/compile/compile-testing/0.9/compile-testing-0.9.jar:/home/spirals/danglot/jdk1.8.0_121/jre/../lib/tools.jar:/home/spirals/danglot/.m2/repository/junit/junit/4.12/junit-4.12.jar:/home/spirals/danglot/.m2/repository/org/hamcrest/hamcrest-core/1.3/hamcrest-core-1.3.jar:/home/spirals/danglot/.m2/repository/com/google/jimfs/jimfs/1.0/jimfs-1.0.jar:/home/spirals/danglot/.m2/repository/org/mockito/mockito-core/1.10.16/mockito-core-1.10.16.jar:/home/spirals/danglot/.m2/repository/org/objenesis/objenesis/2.1/objenesis-2.1.jar:/home/spirals/danglot/.m2/repository/org/eclipse/jdt/core/compiler/ecj/4.4.2/ecj-4.4.2.jar:target/dspot/dependencies/:dataset/may-2018/javapoet/526//target/classes:dataset/may-2018/javapoet/526//target/test-classes:, -1.8, -preserveAllLocals, -noExit, -enableJavadoc, /tmp/Ex2Amplifier-experiments/target/dspot/tmp_test_sources/com/squareup/javapoet/CodeBlockTest.java]
[35214] DEBUG Launcher - built in 81 ms
[35214] DEBUG Launcher - building templates: []
[35214] DEBUG Launcher - built in 0 ms
[35214] DEBUG Launcher - model built in 84
[35214] DEBUG Launcher - compiling sources: [/tmp/Ex2Amplifier-experiments/target/dspot/tmp_test_sources/com/squareup/javapoet/CodeBlockTest.java]
[35214] DEBUG Launcher - compile args: [-encoding, UTF-8, -cp, /home/spirals/danglot/.m2/repository/com/google/truth/truth/0.28/truth-0.28.jar:/home/spirals/danglot/.m2/repository/com/google/guava/guava/18.0/guava-18.0.jar:/home/spirals/danglot/.m2/repository/com/google/testing/compile/compile-testing/0.9/compile-testing-0.9.jar:/home/spirals/danglot/jdk1.8.0_121/jre/../lib/tools.jar:/home/spirals/danglot/.m2/repository/junit/junit/4.12/junit-4.12.jar:/home/spirals/danglot/.m2/repository/org/hamcrest/hamcrest-core/1.3/hamcrest-core-1.3.jar:/home/spirals/danglot/.m2/repository/com/google/jimfs/jimfs/1.0/jimfs-1.0.jar:/home/spirals/danglot/.m2/repository/org/mockito/mockito-core/1.10.16/mockito-core-1.10.16.jar:/home/spirals/danglot/.m2/repository/org/objenesis/objenesis/2.1/objenesis-2.1.jar:/home/spirals/danglot/.m2/repository/org/eclipse/jdt/core/compiler/ecj/4.4.2/ecj-4.4.2.jar:target/dspot/dependencies/:dataset/may-2018/javapoet/526//target/classes:dataset/may-2018/javapoet/526//target/test-classes:, -d, /tmp/Ex2Amplifier-experiments/dataset/may-2018/javapoet/526_modified/target/test-classes, -1.8, -proc:none, -preserveAllLocals, -noExit, -enableJavadoc, /tmp/Ex2Amplifier-experiments/target/dspot/tmp_test_sources/com/squareup/javapoet/CodeBlockTest.java]
[35268] DEBUG Launcher - compiled in 54 ms
[35268] INFO EntryPoint - Run: java -cp /home/spirals/danglot/.m2/repository/com/google/truth/truth/0.28/truth-0.28.jar:/home/spirals/danglot/.m2/repository/com/google/guava/guava/18.0/guava-18.0.jar:/home/spirals/danglot/.m2/repository/com/google/testing/compile/compile-testing/0.9/compile-testing-0.9.jar:/home/spirals/danglot/jdk1.8.0_121/jre/../lib/tools.jar:/home/spirals/danglot/.m2/repository/junit/junit/4.12/junit-4.12.jar:/home/spirals/danglot/.m2/repository/org/hamcrest/hamcrest-core/1.3/hamcrest-core-1.3.jar:/home/spirals/danglot/.m2/repository/com/google/jimfs/jimfs/1.0/jimfs-1.0.jar:/home/spirals/danglot/.m2/repository/org/mockito/mockito-core/1.10.16/mockito-core-1.10.16.jar:/home/spirals/danglot/.m2/repository/org/objenesis/objenesis/2.1/objenesis-2.1.jar:/home/spirals/danglot/.m2/repository/org/eclipse/jdt/core/compiler/ecj/4.4.2/ecj-4.4.2.jar:target/dspot/dependencies/:/tmp/Ex2Amplifier-experiments/dataset/may-2018/javapoet/526_modified/target/classes:/tmp/Ex2Amplifier-experiments/dataset/may-2018/javapoet/526_modified/target/test-classes:/home/spirals/danglot/.m2/repository/eu/stamp-project/test-runner/1.0.8/test-runner-1.0.8-jar-with-dependencies.jar eu.stamp_project.testrunner.runner.test.TestRunner com.squareup.javapoet.CodeBlockTest sameIndexCanBeUsedWithDifferentFormats
File saved to the following path: /tmp/Ex2Amplifier-experiments/dataset/may-2018/javapoet/526/target/dspot/TestListener.ser
[35659] INFO EntryPoint - Test has been run: sameIndexCanBeUsedWithDifferentFormats
[35659] INFO Amplification - 0 amplified test(s) has been selected, global: 0
[35659] INFO DSpot - elapsedTime 3281
======= REPORT =======
0 amplified test fails on the new versions.

[36163] INFO DSpot - Print AmplCodeBlockTest with 0?amplified test cases in results/may-2018/javapoet/526/A_ampl
[36164] DEBUG Launcher - printing com.squareup.javapoet.AmplCodeBlockTest to /tmp/Ex2Amplifier-experiments/results/may-2018/javapoet/526/A_ampl
[36520] INFO Amplification - amplification of com.squareup.javapoet.TypeSpecTest (9 test(s))
[36610] DEBUG Launcher - printing com.squareup.javapoet.TypeSpecTest to /tmp/Ex2Amplifier-experiments/target/dspot/tmp_test_sources
[36920] INFO EntryPoint - Run: java -cp /tmp/Ex2Amplifier-experiments/dataset/may-2018/javapoet/526/target/test-classes:/tmp/Ex2Amplifier-experiments/dataset/may-2018/javapoet/526/target/classes:/home/spirals/danglot/.m2/repository/com/google/truth/truth/0.28/truth-0.28.jar:/home/spirals/danglot/.m2/repository/com/google/guava/guava/18.0/guava-18.0.jar:/home/spirals/danglot/.m2/repository/com/google/testing/compile/compile-testing/0.9/compile-testing-0.9.jar:/home/spirals/danglot/jdk1.8.0_121/jre/../lib/tools.jar:/home/spirals/danglot/.m2/repository/junit/junit/4.12/junit-4.12.jar:/home/spirals/danglot/.m2/repository/org/hamcrest/hamcrest-core/1.3/hamcrest-core-1.3.jar:/home/spirals/danglot/.m2/repository/com/google/jimfs/jimfs/1.0/jimfs-1.0.jar:/home/spirals/danglot/.m2/repository/org/mockito/mockito-core/1.10.16/mockito-core-1.10.16.jar:/home/spirals/danglot/.m2/repository/org/objenesis/objenesis/2.1/objenesis-2.1.jar:/home/spirals/danglot/.m2/repository/org/eclipse/jdt/core/compiler/ecj/4.4.2/ecj-4.4.2.jar:/tmp/Ex2Amplifier-experiments/target/dspot/dependencies:/home/spirals/danglot/.m2/repository/eu/stamp-project/test-runner/1.0.8/test-runner-1.0.8-jar-with-dependencies.jar eu.stamp_project.testrunner.runner.test.TestRunner com.squareup.javapoet.TypeSpecTest classImplementsExtendsSameName:nestedClasses:invalidSuperClass:classImplementsExtends:annotationsAndJavaLangTypes:interestingTypes:interfaceExtends:superClassOnlyValidForClasses:typeVariables
File saved to the following path: /tmp/Ex2Amplifier-experiments/dataset/may-2018/javapoet/526/target/dspot/TestListener.ser
[38290] INFO EntryPoint - Test has been run: typeVariables,interestingTypes,annotationsAndJavaLangTypes,nestedClasses,invalidSuperClass,interfaceExtends,superClassOnlyValidForClasses,classImplementsExtends,classImplementsExtendsSameName
[38290] INFO Amplification - Try to add assertions before amplification
[38531] INFO AssertGenerator - Run tests. (9)
[38570] DEBUG Launcher - printing com.squareup.javapoet.TypeSpecTest to /tmp/Ex2Amplifier-experiments/target/dspot/tmp_test_sources
[38845] INFO EntryPoint - Run: java -cp /tmp/Ex2Amplifier-experiments/dataset/may-2018/javapoet/526/target/test-classes:/tmp/Ex2Amplifier-experiments/dataset/may-2018/javapoet/526/target/classes:/home/spirals/danglot/.m2/repository/com/google/truth/truth/0.28/truth-0.28.jar:/home/spirals/danglot/.m2/repository/com/google/guava/guava/18.0/guava-18.0.jar:/home/spirals/danglot/.m2/repository/com/google/testing/compile/compile-testing/0.9/compile-testing-0.9.jar:/home/spirals/danglot/jdk1.8.0_121/jre/../lib/tools.jar:/home/spirals/danglot/.m2/repository/junit/junit/4.12/junit-4.12.jar:/home/spirals/danglot/.m2/repository/org/hamcrest/hamcrest-core/1.3/hamcrest-core-1.3.jar:/home/spirals/danglot/.m2/repository/com/google/jimfs/jimfs/1.0/jimfs-1.0.jar:/home/spirals/danglot/.m2/repository/org/mockito/mockito-core/1.10.16/mockito-core-1.10.16.jar:/home/spirals/danglot/.m2/repository/org/objenesis/objenesis/2.1/objenesis-2.1.jar:/home/spirals/danglot/.m2/repository/org/eclipse/jdt/core/compiler/ecj/4.4.2/ecj-4.4.2.jar:/tmp/Ex2Amplifier-experiments/target/dspot/dependencies:/home/spirals/danglot/.m2/repository/eu/stamp-project/test-runner/1.0.8/test-runner-1.0.8-jar-with-dependencies.jar eu.stamp_project.testrunner.runner.test.TestRunner com.squareup.javapoet.TypeSpecTest classImplementsExtendsSameName:nestedClasses:invalidSuperClass:classImplementsExtends:annotationsAndJavaLangTypes:interestingTypes:interfaceExtends:superClassOnlyValidForClasses:typeVariables
File saved to the following path: /tmp/Ex2Amplifier-experiments/dataset/may-2018/javapoet/526/target/dspot/TestListener.ser
[40206] INFO EntryPoint - Test has been run: typeVariables,interestingTypes,annotationsAndJavaLangTypes,nestedClasses,invalidSuperClass,interfaceExtends,superClassOnlyValidForClasses,classImplementsExtends,classImplementsExtendsSameName
[40206] INFO AssertGenerator - 9 test pass, generating assertion...
[40240] INFO MethodsAssertGenerator - Add observations points in passing tests.
[40240] INFO MethodsAssertGenerator - Instrumentation...
 11% |===== ]/ 22% |=========== ]- 33% |================ ]\ 44% |====================== ]| 55% |=========================== ]/ 66% |================================= ]- 77% |====================================== ]\ 88% |============================================ ]|100% |================================================== ]/
[40299] INFO MethodsAssertGenerator - Run instrumented tests. (27)
[40353] DEBUG Launcher - printing com.squareup.javapoet.TypeSpecTest to /tmp/Ex2Amplifier-experiments/target/dspot/tmp_test_sources
[40670] INFO EntryPoint - Run: java -cp /tmp/Ex2Amplifier-experiments/dataset/may-2018/javapoet/526/target/test-classes:/tmp/Ex2Amplifier-experiments/dataset/may-2018/javapoet/526/target/classes:/home/spirals/danglot/.m2/repository/com/google/truth/truth/0.28/truth-0.28.jar:/home/spirals/danglot/.m2/repository/com/google/guava/guava/18.0/guava-18.0.jar:/home/spirals/danglot/.m2/repository/com/google/testing/compile/compile-testing/0.9/compile-testing-0.9.jar:/home/spirals/danglot/jdk1.8.0_121/jre/../lib/tools.jar:/home/spirals/danglot/.m2/repository/junit/junit/4.12/junit-4.12.jar:/home/spirals/danglot/.m2/repository/org/hamcrest/hamcrest-core/1.3/hamcrest-core-1.3.jar:/home/spirals/danglot/.m2/repository/com/google/jimfs/jimfs/1.0/jimfs-1.0.jar:/home/spirals/danglot/.m2/repository/org/mockito/mockito-core/1.10.16/mockito-core-1.10.16.jar:/home/spirals/danglot/.m2/repository/org/objenesis/objenesis/2.1/objenesis-2.1.jar:/home/spirals/danglot/.m2/repository/org/eclipse/jdt/core/compiler/ecj/4.4.2/ecj-4.4.2.jar:/tmp/Ex2Amplifier-experiments/target/dspot/dependencies:/home/spirals/danglot/.m2/repository/eu/stamp-project/test-runner/1.0.8/test-runner-1.0.8-jar-with-dependencies.jar eu.stamp_project.testrunner.runner.test.TestRunner com.squareup.javapoet.TypeSpecTest classImplementsExtendsSameName_withlog0:nestedClasses_withlog0:invalidSuperClass_withlog0:classImplementsExtends_withlog0:annotationsAndJavaLangTypes_withlog0:interestingTypes_withlog0:interfaceExtends_withlog0:superClassOnlyValidForClasses_withlog0:typeVariables_withlog0:classImplementsExtendsSameName_withlog1:nestedClasses_withlog1:invalidSuperClass_withlog1:classImplementsExtends_withlog1:annotationsAndJavaLangTypes_withlog1:interestingTypes_withlog1:interfaceExtends_withlog1:superClassOnlyValidForClasses_withlog1:typeVariables_withlog1:classImplementsExtendsSameName_withlog2:nestedClasses_withlog2:invalidSuperClass_withlog2:classImplementsExtends_withlog2:annotationsAndJavaLangTypes_withlog2:interestingTypes_withlog2:interfaceExtends_withlog2:superClassOnlyValidForClasses_withlog2:typeVariables_withlog2
File saved to the following path: /tmp/Ex2Amplifier-experiments/dataset/may-2018/javapoet/526/target/dspot/observations.ser
File saved to the following path: /tmp/Ex2Amplifier-experiments/dataset/may-2018/javapoet/526/target/dspot/TestListener.ser
[49358] INFO EntryPoint - Test has been run: annotationsAndJavaLangTypes_withlog0,annotationsAndJavaLangTypes_withlog1,annotationsAndJavaLangTypes_withlog2,superClassOnlyValidForClasses_withlog0,superClassOnlyValidForClasses_withlog1,superClassOnlyValidForClasses_withlog2,typeVariables_withlog0,typeVariables_withlog1,typeVariables_withlog2,classImplementsExtendsSameName_withlog0,classImplementsExtendsSameName_withlog1,classImplementsExtendsSameName_withlog2,invalidSuperClass_withlog0,invalidSuperClass_withlog1,invalidSuperClass_withlog2,classImplementsExtends_withlog0,classImplementsExtends_withlog1,classImplementsExtends_withlog2,interfaceExtends_withlog0,interfaceExtends_withlog1,interfaceExtends_withlog2,interestingTypes_withlog0,interestingTypes_withlog1,interestingTypes_withlog2,nestedClasses_withlog0,nestedClasses_withlog1,nestedClasses_withlog2
[49386] INFO MethodsAssertGenerator - Generating assertions...
[49527] INFO AssertGenerator - 7 new tests with assertions generated
[49634] DEBUG Launcher - printing com.squareup.javapoet.TypeSpecTest to /tmp/Ex2Amplifier-experiments/target/dspot/tmp_test_sources
[50276] INFO EntryPoint - Run: java -cp /tmp/Ex2Amplifier-experiments/dataset/may-2018/javapoet/526/target/test-classes:/tmp/Ex2Amplifier-experiments/dataset/may-2018/javapoet/526/target/classes:/home/spirals/danglot/.m2/repository/com/google/truth/truth/0.28/truth-0.28.jar:/home/spirals/danglot/.m2/repository/com/google/guava/guava/18.0/guava-18.0.jar:/home/spirals/danglot/.m2/repository/com/google/testing/compile/compile-testing/0.9/compile-testing-0.9.jar:/home/spirals/danglot/jdk1.8.0_121/jre/../lib/tools.jar:/home/spirals/danglot/.m2/repository/junit/junit/4.12/junit-4.12.jar:/home/spirals/danglot/.m2/repository/org/hamcrest/hamcrest-core/1.3/hamcrest-core-1.3.jar:/home/spirals/danglot/.m2/repository/com/google/jimfs/jimfs/1.0/jimfs-1.0.jar:/home/spirals/danglot/.m2/repository/org/mockito/mockito-core/1.10.16/mockito-core-1.10.16.jar:/home/spirals/danglot/.m2/repository/org/objenesis/objenesis/2.1/objenesis-2.1.jar:/home/spirals/danglot/.m2/repository/org/eclipse/jdt/core/compiler/ecj/4.4.2/ecj-4.4.2.jar:/tmp/Ex2Amplifier-experiments/target/dspot/dependencies:/home/spirals/danglot/.m2/repository/eu/stamp-project/test-runner/1.0.8/test-runner-1.0.8-jar-with-dependencies.jar eu.stamp_project.testrunner.runner.test.TestRunner com.squareup.javapoet.TypeSpecTest classImplementsExtendsSameName:nestedClasses:classImplementsExtends:annotationsAndJavaLangTypes:interestingTypes:interfaceExtends:typeVariables
File saved to the following path: /tmp/Ex2Amplifier-experiments/dataset/may-2018/javapoet/526/target/dspot/TestListener.ser
[51638] INFO EntryPoint - Test has been run: typeVariables,interestingTypes,annotationsAndJavaLangTypes,nestedClasses,interfaceExtends,classImplementsExtends,classImplementsExtendsSameName
[55855] DEBUG Launcher - printing com.squareup.javapoet.TypeSpecTest to /tmp/Ex2Amplifier-experiments/target/dspot/tmp_test_sources
[56161] DEBUG Launcher - building sources: [/tmp/Ex2Amplifier-experiments/target/dspot/tmp_test_sources/com/squareup/javapoet/TypeSpecTest.java]
[56163] DEBUG Launcher - build args: [-encoding, UTF-8, -cp, /home/spirals/danglot/.m2/repository/com/google/truth/truth/0.28/truth-0.28.jar:/home/spirals/danglot/.m2/repository/com/google/guava/guava/18.0/guava-18.0.jar:/home/spirals/danglot/.m2/repository/com/google/testing/compile/compile-testing/0.9/compile-testing-0.9.jar:/home/spirals/danglot/jdk1.8.0_121/jre/../lib/tools.jar:/home/spirals/danglot/.m2/repository/junit/junit/4.12/junit-4.12.jar:/home/spirals/danglot/.m2/repository/org/hamcrest/hamcrest-core/1.3/hamcrest-core-1.3.jar:/home/spirals/danglot/.m2/repository/com/google/jimfs/jimfs/1.0/jimfs-1.0.jar:/home/spirals/danglot/.m2/repository/org/mockito/mockito-core/1.10.16/mockito-core-1.10.16.jar:/home/spirals/danglot/.m2/repository/org/objenesis/objenesis/2.1/objenesis-2.1.jar:/home/spirals/danglot/.m2/repository/org/eclipse/jdt/core/compiler/ecj/4.4.2/ecj-4.4.2.jar:target/dspot/dependencies/:dataset/may-2018/javapoet/526//target/classes:dataset/may-2018/javapoet/526//target/test-classes:, -1.8, -preserveAllLocals, -noExit, -enableJavadoc, /tmp/Ex2Amplifier-experiments/target/dspot/tmp_test_sources/com/squareup/javapoet/TypeSpecTest.java]
[56374] DEBUG Launcher - built in 213 ms
[56374] DEBUG Launcher - building templates: []
[56374] DEBUG Launcher - built in 0 ms
[56394] DEBUG Launcher - model built in 233
[56394] DEBUG Launcher - compiling sources: [/tmp/Ex2Amplifier-experiments/target/dspot/tmp_test_sources/com/squareup/javapoet/TypeSpecTest.java]
[56416] DEBUG Launcher - compile args: [-encoding, UTF-8, -cp, /home/spirals/danglot/.m2/repository/com/google/truth/truth/0.28/truth-0.28.jar:/home/spirals/danglot/.m2/repository/com/google/guava/guava/18.0/guava-18.0.jar:/home/spirals/danglot/.m2/repository/com/google/testing/compile/compile-testing/0.9/compile-testing-0.9.jar:/home/spirals/danglot/jdk1.8.0_121/jre/../lib/tools.jar:/home/spirals/danglot/.m2/repository/junit/junit/4.12/junit-4.12.jar:/home/spirals/danglot/.m2/repository/org/hamcrest/hamcrest-core/1.3/hamcrest-core-1.3.jar:/home/spirals/danglot/.m2/repository/com/google/jimfs/jimfs/1.0/jimfs-1.0.jar:/home/spirals/danglot/.m2/repository/org/mockito/mockito-core/1.10.16/mockito-core-1.10.16.jar:/home/spirals/danglot/.m2/repository/org/objenesis/objenesis/2.1/objenesis-2.1.jar:/home/spirals/danglot/.m2/repository/org/eclipse/jdt/core/compiler/ecj/4.4.2/ecj-4.4.2.jar:target/dspot/dependencies/:dataset/may-2018/javapoet/526//target/classes:dataset/may-2018/javapoet/526//target/test-classes:, -d, /tmp/Ex2Amplifier-experiments/dataset/may-2018/javapoet/526_modified/target/test-classes, -1.8, -proc:none, -preserveAllLocals, -noExit, -enableJavadoc, /tmp/Ex2Amplifier-experiments/target/dspot/tmp_test_sources/com/squareup/javapoet/TypeSpecTest.java]
[59424] DEBUG Launcher - compiled in 3030 ms
[59424] INFO EntryPoint - Run: java -cp /home/spirals/danglot/.m2/repository/com/google/truth/truth/0.28/truth-0.28.jar:/home/spirals/danglot/.m2/repository/com/google/guava/guava/18.0/guava-18.0.jar:/home/spirals/danglot/.m2/repository/com/google/testing/compile/compile-testing/0.9/compile-testing-0.9.jar:/home/spirals/danglot/jdk1.8.0_121/jre/../lib/tools.jar:/home/spirals/danglot/.m2/repository/junit/junit/4.12/junit-4.12.jar:/home/spirals/danglot/.m2/repository/org/hamcrest/hamcrest-core/1.3/hamcrest-core-1.3.jar:/home/spirals/danglot/.m2/repository/com/google/jimfs/jimfs/1.0/jimfs-1.0.jar:/home/spirals/danglot/.m2/repository/org/mockito/mockito-core/1.10.16/mockito-core-1.10.16.jar:/home/spirals/danglot/.m2/repository/org/objenesis/objenesis/2.1/objenesis-2.1.jar:/home/spirals/danglot/.m2/repository/org/eclipse/jdt/core/compiler/ecj/4.4.2/ecj-4.4.2.jar:target/dspot/dependencies/:/tmp/Ex2Amplifier-experiments/dataset/may-2018/javapoet/526_modified/target/classes:/tmp/Ex2Amplifier-experiments/dataset/may-2018/javapoet/526_modified/target/test-classes:/home/spirals/danglot/.m2/repository/eu/stamp-project/test-runner/1.0.8/test-runner-1.0.8-jar-with-dependencies.jar eu.stamp_project.testrunner.runner.test.TestRunner com.squareup.javapoet.TypeSpecTest classImplementsExtendsSameName:nestedClasses:classImplementsExtends:annotationsAndJavaLangTypes:interestingTypes:interfaceExtends:typeVariables
File saved to the following path: /tmp/Ex2Amplifier-experiments/dataset/may-2018/javapoet/526/target/dspot/TestListener.ser
[60684] INFO EntryPoint - Test has been run: typeVariables,interestingTypes,annotationsAndJavaLangTypes,nestedClasses,interfaceExtends,classImplementsExtends,classImplementsExtendsSameName
[60684] INFO Amplification - 0 amplified test(s) has been selected, global: 0
[60684] INFO DSpot - elapsedTime 24339
======= REPORT =======
0 amplified test fails on the new versions.

[64847] INFO DSpot - Print AmplTypeSpecTest with 0?amplified test cases in results/may-2018/javapoet/526/A_ampl
[64847] DEBUG Launcher - printing com.squareup.javapoet.AmplTypeSpecTest to /tmp/Ex2Amplifier-experiments/results/may-2018/javapoet/526/A_ampl
[65019] INFO Amplification - amplification of com.squareup.javapoet.TypeNameTest (2 test(s))
[65026] DEBUG Launcher - printing com.squareup.javapoet.TypeNameTest to /tmp/Ex2Amplifier-experiments/target/dspot/tmp_test_sources
[65111] INFO EntryPoint - Run: java -cp /tmp/Ex2Amplifier-experiments/dataset/may-2018/javapoet/526/target/test-classes:/tmp/Ex2Amplifier-experiments/dataset/may-2018/javapoet/526/target/classes:/home/spirals/danglot/.m2/repository/com/google/truth/truth/0.28/truth-0.28.jar:/home/spirals/danglot/.m2/repository/com/google/guava/guava/18.0/guava-18.0.jar:/home/spirals/danglot/.m2/repository/com/google/testing/compile/compile-testing/0.9/compile-testing-0.9.jar:/home/spirals/danglot/jdk1.8.0_121/jre/../lib/tools.jar:/home/spirals/danglot/.m2/repository/junit/junit/4.12/junit-4.12.jar:/home/spirals/danglot/.m2/repository/org/hamcrest/hamcrest-core/1.3/hamcrest-core-1.3.jar:/home/spirals/danglot/.m2/repository/com/google/jimfs/jimfs/1.0/jimfs-1.0.jar:/home/spirals/danglot/.m2/repository/org/mockito/mockito-core/1.10.16/mockito-core-1.10.16.jar:/home/spirals/danglot/.m2/repository/org/objenesis/objenesis/2.1/objenesis-2.1.jar:/home/spirals/danglot/.m2/repository/org/eclipse/jdt/core/compiler/ecj/4.4.2/ecj-4.4.2.jar:/tmp/Ex2Amplifier-experiments/target/dspot/dependencies:/home/spirals/danglot/.m2/repository/eu/stamp-project/test-runner/1.0.8/test-runner-1.0.8-jar-with-dependencies.jar eu.stamp_project.testrunner.runner.test.TestRunner com.squareup.javapoet.TypeNameTest equalsAndHashCodeParameterizedTypeName:equalsAndHashCodeClassName
File saved to the following path: /tmp/Ex2Amplifier-experiments/dataset/may-2018/javapoet/526/target/dspot/TestListener.ser
[65500] INFO EntryPoint - Test has been run: equalsAndHashCodeClassName,equalsAndHashCodeParameterizedTypeName
[65500] INFO Amplification - Try to add assertions before amplification
[65590] INFO AssertGenerator - Run tests. (2)
[65594] DEBUG Launcher - printing com.squareup.javapoet.TypeNameTest to /tmp/Ex2Amplifier-experiments/target/dspot/tmp_test_sources
[65670] INFO EntryPoint - Run: java -cp /tmp/Ex2Amplifier-experiments/dataset/may-2018/javapoet/526/target/test-classes:/tmp/Ex2Amplifier-experiments/dataset/may-2018/javapoet/526/target/classes:/home/spirals/danglot/.m2/repository/com/google/truth/truth/0.28/truth-0.28.jar:/home/spirals/danglot/.m2/repository/com/google/guava/guava/18.0/guava-18.0.jar:/home/spirals/danglot/.m2/repository/com/google/testing/compile/compile-testing/0.9/compile-testing-0.9.jar:/home/spirals/danglot/jdk1.8.0_121/jre/../lib/tools.jar:/home/spirals/danglot/.m2/repository/junit/junit/4.12/junit-4.12.jar:/home/spirals/danglot/.m2/repository/org/hamcrest/hamcrest-core/1.3/hamcrest-core-1.3.jar:/home/spirals/danglot/.m2/repository/com/google/jimfs/jimfs/1.0/jimfs-1.0.jar:/home/spirals/danglot/.m2/repository/org/mockito/mockito-core/1.10.16/mockito-core-1.10.16.jar:/home/spirals/danglot/.m2/repository/org/objenesis/objenesis/2.1/objenesis-2.1.jar:/home/spirals/danglot/.m2/repository/org/eclipse/jdt/core/compiler/ecj/4.4.2/ecj-4.4.2.jar:/tmp/Ex2Amplifier-experiments/target/dspot/dependencies:/home/spirals/danglot/.m2/repository/eu/stamp-project/test-runner/1.0.8/test-runner-1.0.8-jar-with-dependencies.jar eu.stamp_project.testrunner.runner.test.TestRunner com.squareup.javapoet.TypeNameTest equalsAndHashCodeParameterizedTypeName:equalsAndHashCodeClassName
File saved to the following path: /tmp/Ex2Amplifier-experiments/dataset/may-2018/javapoet/526/target/dspot/TestListener.ser
[66048] INFO EntryPoint - Test has been run: equalsAndHashCodeClassName,equalsAndHashCodeParameterizedTypeName
[66048] INFO AssertGenerator - 2 test pass, generating assertion...
[66051] INFO MethodsAssertGenerator - Add observations points in passing tests.
[66051] INFO MethodsAssertGenerator - Instrumentation...
 50% |========================= ]/100% |================================================== ]-
[66053] INFO MethodsAssertGenerator - Run instrumented tests. (6)
[66057] DEBUG Launcher - printing com.squareup.javapoet.TypeNameTest to /tmp/Ex2Amplifier-experiments/target/dspot/tmp_test_sources
[66138] INFO EntryPoint - Run: java -cp /tmp/Ex2Amplifier-experiments/dataset/may-2018/javapoet/526/target/test-classes:/tmp/Ex2Amplifier-experiments/dataset/may-2018/javapoet/526/target/classes:/home/spirals/danglot/.m2/repository/com/google/truth/truth/0.28/truth-0.28.jar:/home/spirals/danglot/.m2/repository/com/google/guava/guava/18.0/guava-18.0.jar:/home/spirals/danglot/.m2/repository/com/google/testing/compile/compile-testing/0.9/compile-testing-0.9.jar:/home/spirals/danglot/jdk1.8.0_121/jre/../lib/tools.jar:/home/spirals/danglot/.m2/repository/junit/junit/4.12/junit-4.12.jar:/home/spirals/danglot/.m2/repository/org/hamcrest/hamcrest-core/1.3/hamcrest-core-1.3.jar:/home/spirals/danglot/.m2/repository/com/google/jimfs/jimfs/1.0/jimfs-1.0.jar:/home/spirals/danglot/.m2/repository/org/mockito/mockito-core/1.10.16/mockito-core-1.10.16.jar:/home/spirals/danglot/.m2/repository/org/objenesis/objenesis/2.1/objenesis-2.1.jar:/home/spirals/danglot/.m2/repository/org/eclipse/jdt/core/compiler/ecj/4.4.2/ecj-4.4.2.jar:/tmp/Ex2Amplifier-experiments/target/dspot/dependencies:/home/spirals/danglot/.m2/repository/eu/stamp-project/test-runner/1.0.8/test-runner-1.0.8-jar-with-dependencies.jar eu.stamp_project.testrunner.runner.test.TestRunner com.squareup.javapoet.TypeNameTest equalsAndHashCodeParameterizedTypeName_withlog0:equalsAndHashCodeClassName_withlog0:equalsAndHashCodeParameterizedTypeName_withlog1:equalsAndHashCodeClassName_withlog1:equalsAndHashCodeParameterizedTypeName_withlog2:equalsAndHashCodeClassName_withlog2
File saved to the following path: /tmp/Ex2Amplifier-experiments/dataset/may-2018/javapoet/526/target/dspot/observations.ser
File saved to the following path: /tmp/Ex2Amplifier-experiments/dataset/may-2018/javapoet/526/target/dspot/TestListener.ser
[66523] INFO EntryPoint - Test has been run: equalsAndHashCodeParameterizedTypeName_withlog0,equalsAndHashCodeParameterizedTypeName_withlog1,equalsAndHashCodeParameterizedTypeName_withlog2,equalsAndHashCodeClassName_withlog0,equalsAndHashCodeClassName_withlog1,equalsAndHashCodeClassName_withlog2
[66523] INFO MethodsAssertGenerator - Generating assertions...
[66524] INFO AssertGenerator - Could not generate any test with assertions
[66524] INFO Amplification - 0 amplified test(s) has been selected, global: 0
[66524] INFO DSpot - elapsedTime 1589
======= REPORT =======
0 amplified test fails on the new versions.

[67054] INFO DSpot - Print AmplTypeNameTest with 0?amplified test cases in results/may-2018/javapoet/526/A_ampl
[67055] DEBUG Launcher - printing com.squareup.javapoet.AmplTypeNameTest to /tmp/Ex2Amplifier-experiments/results/may-2018/javapoet/526/A_ampl
[67110] INFO Amplification - amplification of com.squareup.javapoet.ClassNameTest (4 test(s))
[67115] DEBUG Launcher - printing com.squareup.javapoet.ClassNameTest to /tmp/Ex2Amplifier-experiments/target/dspot/tmp_test_sources
[67188] INFO EntryPoint - Run: java -cp /tmp/Ex2Amplifier-experiments/dataset/may-2018/javapoet/526/target/test-classes:/tmp/Ex2Amplifier-experiments/dataset/may-2018/javapoet/526/target/classes:/home/spirals/danglot/.m2/repository/com/google/truth/truth/0.28/truth-0.28.jar:/home/spirals/danglot/.m2/repository/com/google/guava/guava/18.0/guava-18.0.jar:/home/spirals/danglot/.m2/repository/com/google/testing/compile/compile-testing/0.9/compile-testing-0.9.jar:/home/spirals/danglot/jdk1.8.0_121/jre/../lib/tools.jar:/home/spirals/danglot/.m2/repository/junit/junit/4.12/junit-4.12.jar:/home/spirals/danglot/.m2/repository/org/hamcrest/hamcrest-core/1.3/hamcrest-core-1.3.jar:/home/spirals/danglot/.m2/repository/com/google/jimfs/jimfs/1.0/jimfs-1.0.jar:/home/spirals/danglot/.m2/repository/org/mockito/mockito-core/1.10.16/mockito-core-1.10.16.jar:/home/spirals/danglot/.m2/repository/org/objenesis/objenesis/2.1/objenesis-2.1.jar:/home/spirals/danglot/.m2/repository/org/eclipse/jdt/core/compiler/ecj/4.4.2/ecj-4.4.2.jar:/tmp/Ex2Amplifier-experiments/target/dspot/dependencies:/home/spirals/danglot/.m2/repository/eu/stamp-project/test-runner/1.0.8/test-runner-1.0.8-jar-with-dependencies.jar eu.stamp_project.testrunner.runner.test.TestRunner com.squareup.javapoet.ClassNameTest classNameFromClass:reflectionName:peerClass:fromClassRejectionTypes
File saved to the following path: /tmp/Ex2Amplifier-experiments/dataset/may-2018/javapoet/526/target/dspot/TestListener.ser
[68300] INFO EntryPoint - Test has been run: reflectionName,fromClassRejectionTypes,classNameFromClass,peerClass
[68300] INFO Amplification - Try to add assertions before amplification
[68330] INFO AssertGenerator - Run tests. (4)
[68332] DEBUG Launcher - printing com.squareup.javapoet.ClassNameTest to /tmp/Ex2Amplifier-experiments/target/dspot/tmp_test_sources
[68399] INFO EntryPoint - Run: java -cp /tmp/Ex2Amplifier-experiments/dataset/may-2018/javapoet/526/target/test-classes:/tmp/Ex2Amplifier-experiments/dataset/may-2018/javapoet/526/target/classes:/home/spirals/danglot/.m2/repository/com/google/truth/truth/0.28/truth-0.28.jar:/home/spirals/danglot/.m2/repository/com/google/guava/guava/18.0/guava-18.0.jar:/home/spirals/danglot/.m2/repository/com/google/testing/compile/compile-testing/0.9/compile-testing-0.9.jar:/home/spirals/danglot/jdk1.8.0_121/jre/../lib/tools.jar:/home/spirals/danglot/.m2/repository/junit/junit/4.12/junit-4.12.jar:/home/spirals/danglot/.m2/repository/org/hamcrest/hamcrest-core/1.3/hamcrest-core-1.3.jar:/home/spirals/danglot/.m2/repository/com/google/jimfs/jimfs/1.0/jimfs-1.0.jar:/home/spirals/danglot/.m2/repository/org/mockito/mockito-core/1.10.16/mockito-core-1.10.16.jar:/home/spirals/danglot/.m2/repository/org/objenesis/objenesis/2.1/objenesis-2.1.jar:/home/spirals/danglot/.m2/repository/org/eclipse/jdt/core/compiler/ecj/4.4.2/ecj-4.4.2.jar:/tmp/Ex2Amplifier-experiments/target/dspot/dependencies:/home/spirals/danglot/.m2/repository/eu/stamp-project/test-runner/1.0.8/test-runner-1.0.8-jar-with-dependencies.jar eu.stamp_project.testrunner.runner.test.TestRunner com.squareup.javapoet.ClassNameTest classNameFromClass:reflectionName:peerClass:fromClassRejectionTypes
File saved to the following path: /tmp/Ex2Amplifier-experiments/dataset/may-2018/javapoet/526/target/dspot/TestListener.ser
[69537] INFO EntryPoint - Test has been run: reflectionName,fromClassRejectionTypes,classNameFromClass,peerClass
[69537] INFO AssertGenerator - 4 test pass, generating assertion...
[69539] INFO MethodsAssertGenerator - Add observations points in passing tests.
[69539] INFO MethodsAssertGenerator - Instrumentation...
 25% |============ ]/ 50% |========================= ]- 75% |===================================== ]\100% |================================================== ]|
[69544] INFO MethodsAssertGenerator - Run instrumented tests. (12)
[69547] DEBUG Launcher - printing com.squareup.javapoet.ClassNameTest to /tmp/Ex2Amplifier-experiments/target/dspot/tmp_test_sources
[69617] INFO EntryPoint - Run: java -cp /tmp/Ex2Amplifier-experiments/dataset/may-2018/javapoet/526/target/test-classes:/tmp/Ex2Amplifier-experiments/dataset/may-2018/javapoet/526/target/classes:/home/spirals/danglot/.m2/repository/com/google/truth/truth/0.28/truth-0.28.jar:/home/spirals/danglot/.m2/repository/com/google/guava/guava/18.0/guava-18.0.jar:/home/spirals/danglot/.m2/repository/com/google/testing/compile/compile-testing/0.9/compile-testing-0.9.jar:/home/spirals/danglot/jdk1.8.0_121/jre/../lib/tools.jar:/home/spirals/danglot/.m2/repository/junit/junit/4.12/junit-4.12.jar:/home/spirals/danglot/.m2/repository/org/hamcrest/hamcrest-core/1.3/hamcrest-core-1.3.jar:/home/spirals/danglot/.m2/repository/com/google/jimfs/jimfs/1.0/jimfs-1.0.jar:/home/spirals/danglot/.m2/repository/org/mockito/mockito-core/1.10.16/mockito-core-1.10.16.jar:/home/spirals/danglot/.m2/repository/org/objenesis/objenesis/2.1/objenesis-2.1.jar:/home/spirals/danglot/.m2/repository/org/eclipse/jdt/core/compiler/ecj/4.4.2/ecj-4.4.2.jar:/tmp/Ex2Amplifier-experiments/target/dspot/dependencies:/home/spirals/danglot/.m2/repository/eu/stamp-project/test-runner/1.0.8/test-runner-1.0.8-jar-with-dependencies.jar eu.stamp_project.testrunner.runner.test.TestRunner com.squareup.javapoet.ClassNameTest classNameFromClass_withlog0:reflectionName_withlog0:peerClass_withlog0:fromClassRejectionTypes_withlog0:classNameFromClass_withlog1:reflectionName_withlog1:peerClass_withlog1:fromClassRejectionTypes_withlog1:classNameFromClass_withlog2:reflectionName_withlog2:peerClass_withlog2:fromClassRejectionTypes_withlog2
File saved to the following path: /tmp/Ex2Amplifier-experiments/dataset/may-2018/javapoet/526/target/dspot/observations.ser
File saved to the following path: /tmp/Ex2Amplifier-experiments/dataset/may-2018/javapoet/526/target/dspot/TestListener.ser
[70977] INFO EntryPoint - Test has been run: classNameFromClass_withlog0,classNameFromClass_withlog1,classNameFromClass_withlog2,peerClass_withlog0,peerClass_withlog1,peerClass_withlog2,fromClassRejectionTypes_withlog0,fromClassRejectionTypes_withlog1,fromClassRejectionTypes_withlog2,reflectionName_withlog0,reflectionName_withlog1,reflectionName_withlog2
[70978] INFO MethodsAssertGenerator - Generating assertions...
[70979] INFO AssertGenerator - Could not generate any test with assertions
[70979] INFO Amplification - 0 amplified test(s) has been selected, global: 0
[70979] INFO DSpot - elapsedTime 3894
======= REPORT =======
0 amplified test fails on the new versions.

[71035] INFO DSpot - Print AmplClassNameTest with 0?amplified test cases in results/may-2018/javapoet/526/A_ampl
[71035] DEBUG Launcher - printing com.squareup.javapoet.AmplClassNameTest to /tmp/Ex2Amplifier-experiments/results/may-2018/javapoet/526/A_ampl
[72718] INFO Amplification - amplification of com.squareup.javapoet.AbstractTypesTest (6 test(s))
[72729] DEBUG Launcher - printing com.squareup.javapoet.AbstractTypesTest to /tmp/Ex2Amplifier-experiments/target/dspot/tmp_test_sources
[72855] INFO EntryPoint - Run: java -cp /tmp/Ex2Amplifier-experiments/dataset/may-2018/javapoet/526/target/test-classes:/tmp/Ex2Amplifier-experiments/dataset/may-2018/javapoet/526/target/classes:/home/spirals/danglot/.m2/repository/com/google/truth/truth/0.28/truth-0.28.jar:/home/spirals/danglot/.m2/repository/com/google/guava/guava/18.0/guava-18.0.jar:/home/spirals/danglot/.m2/repository/com/google/testing/compile/compile-testing/0.9/compile-testing-0.9.jar:/home/spirals/danglot/jdk1.8.0_121/jre/../lib/tools.jar:/home/spirals/danglot/.m2/repository/junit/junit/4.12/junit-4.12.jar:/home/spirals/danglot/.m2/repository/org/hamcrest/hamcrest-core/1.3/hamcrest-core-1.3.jar:/home/spirals/danglot/.m2/repository/com/google/jimfs/jimfs/1.0/jimfs-1.0.jar:/home/spirals/danglot/.m2/repository/org/mockito/mockito-core/1.10.16/mockito-core-1.10.16.jar:/home/spirals/danglot/.m2/repository/org/objenesis/objenesis/2.1/objenesis-2.1.jar:/home/spirals/danglot/.m2/repository/org/eclipse/jdt/core/compiler/ecj/4.4.2/ecj-4.4.2.jar:/tmp/Ex2Amplifier-experiments/target/dspot/dependencies:/home/spirals/danglot/.m2/repository/eu/stamp-project/test-runner/1.0.8/test-runner-1.0.8-jar-with-dependencies.jar eu.stamp_project.testrunner.runner.test.TestRunner com.squareup.javapoet.TypesEclipseTest box:getTypeVariableTypeMirror:getParameterizedTypeMirror:getBasicTypeMirror:unbox:getErrorType
File saved to the following path: /tmp/Ex2Amplifier-experiments/dataset/may-2018/javapoet/526/target/dspot/TestListener.ser
[74903] INFO EntryPoint - Test has been run: getTypeVariableTypeMirror,getBasicTypeMirror,getParameterizedTypeMirror,box,unbox,getErrorType
[74904] INFO EntryPoint - Run: java -cp /tmp/Ex2Amplifier-experiments/dataset/may-2018/javapoet/526/target/test-classes:/tmp/Ex2Amplifier-experiments/dataset/may-2018/javapoet/526/target/classes:/home/spirals/danglot/.m2/repository/com/google/truth/truth/0.28/truth-0.28.jar:/home/spirals/danglot/.m2/repository/com/google/guava/guava/18.0/guava-18.0.jar:/home/spirals/danglot/.m2/repository/com/google/testing/compile/compile-testing/0.9/compile-testing-0.9.jar:/home/spirals/danglot/jdk1.8.0_121/jre/../lib/tools.jar:/home/spirals/danglot/.m2/repository/junit/junit/4.12/junit-4.12.jar:/home/spirals/danglot/.m2/repository/org/hamcrest/hamcrest-core/1.3/hamcrest-core-1.3.jar:/home/spirals/danglot/.m2/repository/com/google/jimfs/jimfs/1.0/jimfs-1.0.jar:/home/spirals/danglot/.m2/repository/org/mockito/mockito-core/1.10.16/mockito-core-1.10.16.jar:/home/spirals/danglot/.m2/repository/org/objenesis/objenesis/2.1/objenesis-2.1.jar:/home/spirals/danglot/.m2/repository/org/eclipse/jdt/core/compiler/ecj/4.4.2/ecj-4.4.2.jar:/tmp/Ex2Amplifier-experiments/target/dspot/dependencies:/home/spirals/danglot/.m2/repository/eu/stamp-project/test-runner/1.0.8/test-runner-1.0.8-jar-with-dependencies.jar eu.stamp_project.testrunner.runner.test.TestRunner com.squareup.javapoet.TypesTest box:getTypeVariableTypeMirror:getParameterizedTypeMirror:getBasicTypeMirror:unbox:getErrorType
File saved to the following path: /tmp/Ex2Amplifier-experiments/dataset/may-2018/javapoet/526/target/dspot/TestListener.ser
[76188] INFO EntryPoint - Test has been run: getTypeVariableTypeMirror,getBasicTypeMirror,getParameterizedTypeMirror,box,unbox,getErrorType
[76189] INFO Amplification - Try to add assertions before amplification
[76748] INFO AssertGenerator - Run tests. (6)
[76753] DEBUG Launcher - printing com.squareup.javapoet.AbstractTypesTest to /tmp/Ex2Amplifier-experiments/target/dspot/tmp_test_sources
[76854] INFO EntryPoint - Run: java -cp /tmp/Ex2Amplifier-experiments/dataset/may-2018/javapoet/526/target/test-classes:/tmp/Ex2Amplifier-experiments/dataset/may-2018/javapoet/526/target/classes:/home/spirals/danglot/.m2/repository/com/google/truth/truth/0.28/truth-0.28.jar:/home/spirals/danglot/.m2/repository/com/google/guava/guava/18.0/guava-18.0.jar:/home/spirals/danglot/.m2/repository/com/google/testing/compile/compile-testing/0.9/compile-testing-0.9.jar:/home/spirals/danglot/jdk1.8.0_121/jre/../lib/tools.jar:/home/spirals/danglot/.m2/repository/junit/junit/4.12/junit-4.12.jar:/home/spirals/danglot/.m2/repository/org/hamcrest/hamcrest-core/1.3/hamcrest-core-1.3.jar:/home/spirals/danglot/.m2/repository/com/google/jimfs/jimfs/1.0/jimfs-1.0.jar:/home/spirals/danglot/.m2/repository/org/mockito/mockito-core/1.10.16/mockito-core-1.10.16.jar:/home/spirals/danglot/.m2/repository/org/objenesis/objenesis/2.1/objenesis-2.1.jar:/home/spirals/danglot/.m2/repository/org/eclipse/jdt/core/compiler/ecj/4.4.2/ecj-4.4.2.jar:/tmp/Ex2Amplifier-experiments/target/dspot/dependencies:/home/spirals/danglot/.m2/repository/eu/stamp-project/test-runner/1.0.8/test-runner-1.0.8-jar-with-dependencies.jar eu.stamp_project.testrunner.runner.test.TestRunner com.squareup.javapoet.TypesEclipseTest box:getTypeVariableTypeMirror:getParameterizedTypeMirror:getBasicTypeMirror:unbox:getErrorType
File saved to the following path: /tmp/Ex2Amplifier-experiments/dataset/may-2018/javapoet/526/target/dspot/TestListener.ser
[78885] INFO EntryPoint - Test has been run: getTypeVariableTypeMirror,getBasicTypeMirror,getParameterizedTypeMirror,box,unbox,getErrorType
[78885] INFO EntryPoint - Run: java -cp /tmp/Ex2Amplifier-experiments/dataset/may-2018/javapoet/526/target/test-classes:/tmp/Ex2Amplifier-experiments/dataset/may-2018/javapoet/526/target/classes:/home/spirals/danglot/.m2/repository/com/google/truth/truth/0.28/truth-0.28.jar:/home/spirals/danglot/.m2/repository/com/google/guava/guava/18.0/guava-18.0.jar:/home/spirals/danglot/.m2/repository/com/google/testing/compile/compile-testing/0.9/compile-testing-0.9.jar:/home/spirals/danglot/jdk1.8.0_121/jre/../lib/tools.jar:/home/spirals/danglot/.m2/repository/junit/junit/4.12/junit-4.12.jar:/home/spirals/danglot/.m2/repository/org/hamcrest/hamcrest-core/1.3/hamcrest-core-1.3.jar:/home/spirals/danglot/.m2/repository/com/google/jimfs/jimfs/1.0/jimfs-1.0.jar:/home/spirals/danglot/.m2/repository/org/mockito/mockito-core/1.10.16/mockito-core-1.10.16.jar:/home/spirals/danglot/.m2/repository/org/objenesis/objenesis/2.1/objenesis-2.1.jar:/home/spirals/danglot/.m2/repository/org/eclipse/jdt/core/compiler/ecj/4.4.2/ecj-4.4.2.jar:/tmp/Ex2Amplifier-experiments/target/dspot/dependencies:/home/spirals/danglot/.m2/repository/eu/stamp-project/test-runner/1.0.8/test-runner-1.0.8-jar-with-dependencies.jar eu.stamp_project.testrunner.runner.test.TestRunner com.squareup.javapoet.TypesTest box:getTypeVariableTypeMirror:getParameterizedTypeMirror:getBasicTypeMirror:unbox:getErrorType
File saved to the following path: /tmp/Ex2Amplifier-experiments/dataset/may-2018/javapoet/526/target/dspot/TestListener.ser
[80117] INFO EntryPoint - Test has been run: getTypeVariableTypeMirror,getBasicTypeMirror,getParameterizedTypeMirror,box,unbox,getErrorType
[80117] INFO AssertGenerator - 12 test pass, generating assertion...
[80121] INFO MethodsAssertGenerator - Add observations points in passing tests.
[80121] INFO MethodsAssertGenerator - Instrumentation...
 16% |======== ]/ 33% |================ ]- 50% |========================= ]\ 66% |================================= ]| 83% |========================================= ]/100% |================================================== ]-
[80134] INFO MethodsAssertGenerator - Run instrumented tests. (18)
[80143] DEBUG Launcher - printing com.squareup.javapoet.AbstractTypesTest to /tmp/Ex2Amplifier-experiments/target/dspot/tmp_test_sources
[80259] INFO EntryPoint - Run: java -cp /tmp/Ex2Amplifier-experiments/dataset/may-2018/javapoet/526/target/test-classes:/tmp/Ex2Amplifier-experiments/dataset/may-2018/javapoet/526/target/classes:/home/spirals/danglot/.m2/repository/com/google/truth/truth/0.28/truth-0.28.jar:/home/spirals/danglot/.m2/repository/com/google/guava/guava/18.0/guava-18.0.jar:/home/spirals/danglot/.m2/repository/com/google/testing/compile/compile-testing/0.9/compile-testing-0.9.jar:/home/spirals/danglot/jdk1.8.0_121/jre/../lib/tools.jar:/home/spirals/danglot/.m2/repository/junit/junit/4.12/junit-4.12.jar:/home/spirals/danglot/.m2/repository/org/hamcrest/hamcrest-core/1.3/hamcrest-core-1.3.jar:/home/spirals/danglot/.m2/repository/com/google/jimfs/jimfs/1.0/jimfs-1.0.jar:/home/spirals/danglot/.m2/repository/org/mockito/mockito-core/1.10.16/mockito-core-1.10.16.jar:/home/spirals/danglot/.m2/repository/org/objenesis/objenesis/2.1/objenesis-2.1.jar:/home/spirals/danglot/.m2/repository/org/eclipse/jdt/core/compiler/ecj/4.4.2/ecj-4.4.2.jar:/tmp/Ex2Amplifier-experiments/target/dspot/dependencies:/home/spirals/danglot/.m2/repository/eu/stamp-project/test-runner/1.0.8/test-runner-1.0.8-jar-with-dependencies.jar eu.stamp_project.testrunner.runner.test.TestRunner com.squareup.javapoet.TypesEclipseTest box_withlog0:getTypeVariableTypeMirror_withlog0:getParameterizedTypeMirror_withlog0:getBasicTypeMirror_withlog0:unbox_withlog0:getErrorType_withlog0:box_withlog1:getTypeVariableTypeMirror_withlog1:getParameterizedTypeMirror_withlog1:getBasicTypeMirror_withlog1:unbox_withlog1:getErrorType_withlog1:box_withlog2:getTypeVariableTypeMirror_withlog2:getParameterizedTypeMirror_withlog2:getBasicTypeMirror_withlog2:unbox_withlog2:getErrorType_withlog2
File saved to the following path: /tmp/Ex2Amplifier-experiments/dataset/may-2018/javapoet/526/target/dspot/observations.ser
File saved to the following path: /tmp/Ex2Amplifier-experiments/dataset/may-2018/javapoet/526/target/dspot/TestListener.ser
[2241260] WARN EntryPoint - Timeout when running java -cp /tmp/Ex2Amplifier-experiments/dataset/may-2018/javapoet/526/target/test-classes:/tmp/Ex2Amplifier-experiments/dataset/may-2018/javapoet/526/target/classes:/home/spirals/danglot/.m2/repository/com/google/truth/truth/0.28/truth-0.28.jar:/home/spirals/danglot/.m2/repository/com/google/guava/guava/18.0/guava-18.0.jar:/home/spirals/danglot/.m2/repository/com/google/testing/compile/compile-testing/0.9/compile-testing-0.9.jar:/home/spirals/danglot/jdk1.8.0_121/jre/../lib/tools.jar:/home/spirals/danglot/.m2/repository/junit/junit/4.12/junit-4.12.jar:/home/spirals/danglot/.m2/repository/org/hamcrest/hamcrest-core/1.3/hamcrest-core-1.3.jar:/home/spirals/danglot/.m2/repository/com/google/jimfs/jimfs/1.0/jimfs-1.0.jar:/home/spirals/danglot/.m2/repository/org/mockito/mockito-core/1.10.16/mockito-core-1.10.16.jar:/home/spirals/danglot/.m2/repository/org/objenesis/objenesis/2.1/objenesis-2.1.jar:/home/spirals/danglot/.m2/repository/org/eclipse/jdt/core/compiler/ecj/4.4.2/ecj-4.4.2.jar:/tmp/Ex2Amplifier-experiments/target/dspot/dependencies:/home/spirals/danglot/.m2/repository/eu/stamp-project/test-runner/1.0.8/test-runner-1.0.8-jar-with-dependencies.jar eu.stamp_project.testrunner.runner.test.TestRunner com.squareup.javapoet.TypesEclipseTest box_withlog0:getTypeVariableTypeMirror_withlog0:getParameterizedTypeMirror_withlog0:getBasicTypeMirror_withlog0:unbox_withlog0:getErrorType_withlog0:box_withlog1:getTypeVariableTypeMirror_withlog1:getParameterizedTypeMirror_withlog1:getBasicTypeMirror_withlog1:unbox_withlog1:getErrorType_withlog1:box_withlog2:getTypeVariableTypeMirror_withlog2:getParameterizedTypeMirror_withlog2:getBasicTypeMirror_withlog2:unbox_withlog2:getErrorType_withlog2
Exception in thread "main" java.lang.RuntimeException: java.lang.RuntimeException: java.lang.RuntimeException: java.util.concurrent.TimeoutException
	at eu.stamp_project.Main.main(Main.java:103)
Caused by: java.lang.RuntimeException: java.lang.RuntimeException: java.util.concurrent.TimeoutException
	at eu.stamp_project.Main.lambda$run$2(Main.java:160)
	at java.util.stream.ForEachOps$ForEachOp$OfRef.accept(ForEachOps.java:184)
	at java.util.stream.ReferencePipeline$2$1.accept(ReferencePipeline.java:175)
	at java.util.ArrayList$ArrayListSpliterator.forEachRemaining(ArrayList.java:1374)
	at java.util.stream.AbstractPipeline.copyInto(AbstractPipeline.java:481)
	at java.util.stream.AbstractPipeline.wrapAndCopyInto(AbstractPipeline.java:471)
	at java.util.stream.ForEachOps$ForEachOp.evaluateSequential(ForEachOps.java:151)
	at java.util.stream.ForEachOps$ForEachOp$OfRef.evaluateSequential(ForEachOps.java:174)
	at java.util.stream.AbstractPipeline.evaluate(AbstractPipeline.java:234)
	at java.util.stream.ReferencePipeline.forEach(ReferencePipeline.java:418)
	at eu.stamp_project.Main.run(Main.java:124)
	at eu.stamp_project.Main.main(Main.java:95)
Caused by: java.lang.RuntimeException: java.util.concurrent.TimeoutException
	at eu.stamp_project.utils.compilation.TestCompiler.lambda$compileAndRun$2(TestCompiler.java:94)
	at java.util.stream.ReferencePipeline$3$1.accept(ReferencePipeline.java:193)
	at java.util.stream.ReferencePipeline$3$1.accept(ReferencePipeline.java:193)
	at java.util.stream.ReferencePipeline$2$1.accept(ReferencePipeline.java:175)
	at java.util.ArrayList$ArrayListSpliterator.forEachRemaining(ArrayList.java:1374)
	at java.util.stream.AbstractPipeline.copyInto(AbstractPipeline.java:481)
	at java.util.stream.AbstractPipeline.wrapAndCopyInto(AbstractPipeline.java:471)
	at java.util.stream.ReduceOps$ReduceOp.evaluateSequential(ReduceOps.java:708)
	at java.util.stream.AbstractPipeline.evaluate(AbstractPipeline.java:234)
	at java.util.stream.ReferencePipeline.reduce(ReferencePipeline.java:479)
	at eu.stamp_project.utils.compilation.TestCompiler.compileAndRun(TestCompiler.java:96)
	at eu.stamp_project.dspot.assertGenerator.MethodsAssertGenerator.addAssertions(MethodsAssertGenerator.java:107)
	at eu.stamp_project.dspot.assertGenerator.AssertGenerator.innerAssertionAmplification(AssertGenerator.java:120)
	at eu.stamp_project.dspot.assertGenerator.AssertGenerator.assertionAmplification(AssertGenerator.java:74)
	at eu.stamp_project.dspot.Amplification.preAmplification(Amplification.java:218)
	at eu.stamp_project.dspot.Amplification.amplification(Amplification.java:92)
	at eu.stamp_project.dspot.DSpot.amplifyTest(DSpot.java:191)
	at eu.stamp_project.dspot.DSpot.amplifyTest(DSpot.java:178)
	at eu.stamp_project.Main.lambda$null$1(Main.java:151)
	at java.util.stream.ReferencePipeline$3$1.accept(ReferencePipeline.java:193)
	at java.util.HashMap$KeySpliterator.forEachRemaining(HashMap.java:1548)
	at java.util.stream.AbstractPipeline.copyInto(AbstractPipeline.java:481)
	at java.util.stream.AbstractPipeline.wrapAndCopyInto(AbstractPipeline.java:471)
	at java.util.stream.ReduceOps$ReduceOp.evaluateSequential(ReduceOps.java:708)
	at java.util.stream.AbstractPipeline.evaluate(AbstractPipeline.java:234)
	at java.util.stream.ReferencePipeline.collect(ReferencePipeline.java:499)
	at eu.stamp_project.Main.lambda$run$2(Main.java:152)
	... 11 more
Caused by: java.util.concurrent.TimeoutException
	at java.util.concurrent.FutureTask.get(FutureTask.java:205)
	at eu.stamp_project.testrunner.EntryPoint.runGivenCommandLine(EntryPoint.java:297)
	at eu.stamp_project.testrunner.EntryPoint.runTests(EntryPoint.java:132)
	at eu.stamp_project.testrunner.EntryPoint.runTests(EntryPoint.java:119)
	at eu.stamp_project.utils.compilation.TestCompiler.lambda$compileAndRun$2(TestCompiler.java:87)
	... 37 more
