SLF4J: Class path contains multiple SLF4J bindings.
SLF4J: Found binding in [jar:file:/home/spirals/danglot/.m2/repository/eu/stamp-project/test-runner/1.0.8/test-runner-1.0.8-jar-with-dependencies.jar!/org/slf4j/impl/StaticLoggerBinder.class]
SLF4J: Found binding in [jar:file:/home/spirals/danglot/.m2/repository/org/slf4j/slf4j-log4j12/1.7.25/slf4j-log4j12-1.7.25.jar!/org/slf4j/impl/StaticLoggerBinder.class]
SLF4J: See http://www.slf4j.org/codes.html#multiple_bindings for an explanation.
SLF4J: Actual binding is of type [org.slf4j.impl.Log4jLoggerFactory]
[0] WARN AutomaticBuilderFactory - No automatic builder specified in configuration, going to default.
[0] INFO AutomaticBuilderFactory - Default: provided Maven automatic builder.
[18] INFO MavenAutomaticBuilder - run maven clean test -DskipTests dependency:build-classpath -Dmdep.outputFile=target/dspot/classpath
[WARN] Maven will be executed in interactive mode, but no input stream has been configured for this MavenInvoker instance.
[INFO] Scanning for projects...
[INFO]                                                                         
[INFO] ------------------------------------------------------------------------
[INFO] Building mybatis 3.4.5-SNAPSHOT
[INFO] ------------------------------------------------------------------------
[INFO] 
[INFO] --- maven-clean-plugin:3.0.0:clean (default-clean) @ mybatis ---
[INFO] Deleting /tmp/Ex2Amplifier-experiments/dataset/may-2018/mybatis-3/976/target
[INFO] 
[INFO] --- maven-enforcer-plugin:1.4.1:enforce (enforce-java) @ mybatis ---
[INFO] Skipping Rule Enforcement.
[INFO] 
[INFO] --- jacoco-maven-plugin:0.7.7.201606060606:prepare-agent (prepare-agent) @ mybatis ---
[INFO] argLine set to -javaagent:/home/spirals/danglot/.m2/repository/org/jacoco/org.jacoco.agent/0.7.7.201606060606/org.jacoco.agent-0.7.7.201606060606-runtime.jar=destfile=/tmp/Ex2Amplifier-experiments/dataset/may-2018/mybatis-3/976/target/jacoco.exec,excludes=org.apache.ibatis.ognl.*:org.apache.ibatis.javassist.*
[INFO] 
[INFO] --- maven-resources-plugin:3.0.1:resources (default-resources) @ mybatis ---
[INFO] Using 'UTF-8' encoding to copy filtered resources.
[INFO] Copying 2 resources to META-INF
[INFO] Copying 2 resources
[INFO] 
[INFO] --- maven-compiler-plugin:3.6.0:compile (default-compile) @ mybatis ---
[INFO] Compiling 367 source files to /tmp/Ex2Amplifier-experiments/dataset/may-2018/mybatis-3/976/target/classes
[INFO] /tmp/Ex2Amplifier-experiments/dataset/may-2018/mybatis-3/976/src/main/java/org/apache/ibatis/scripting/xmltags/DynamicContext.java: Some input files use unchecked or unsafe operations.
[INFO] /tmp/Ex2Amplifier-experiments/dataset/may-2018/mybatis-3/976/src/main/java/org/apache/ibatis/scripting/xmltags/DynamicContext.java: Recompile with -Xlint:unchecked for details.
[INFO] 
[INFO] --- license-maven-plugin:3.0:format (default) @ mybatis ---
[INFO] 
[INFO] --- animal-sniffer-maven-plugin:1.15:check (check-java-1.6-compat) @ mybatis ---
[INFO] Checking unresolved references to org.codehaus.mojo.signature:java16:1.1
[INFO] 
[INFO] >>> maven-bundle-plugin:2.5.4:manifest (bundle-manifest) > process-classes @ mybatis >>>
[INFO] 
[INFO] --- maven-enforcer-plugin:1.4.1:enforce (enforce-java) @ mybatis ---
[INFO] Skipping Rule Enforcement.
[INFO] 
[INFO] --- jacoco-maven-plugin:0.7.7.201606060606:prepare-agent (prepare-agent) @ mybatis ---
[INFO] argLine set to -javaagent:/home/spirals/danglot/.m2/repository/org/jacoco/org.jacoco.agent/0.7.7.201606060606/org.jacoco.agent-0.7.7.201606060606-runtime.jar=destfile=/tmp/Ex2Amplifier-experiments/dataset/may-2018/mybatis-3/976/target/jacoco.exec,excludes=org.apache.ibatis.ognl.*:org.apache.ibatis.javassist.*
[INFO] 
[INFO] --- maven-resources-plugin:3.0.1:resources (default-resources) @ mybatis ---
[INFO] Using 'UTF-8' encoding to copy filtered resources.
[INFO] Copying 2 resources to META-INF
[INFO] Copying 2 resources
[INFO] 
[INFO] --- maven-compiler-plugin:3.6.0:compile (default-compile) @ mybatis ---
[INFO] Compiling 53 source files to /tmp/Ex2Amplifier-experiments/dataset/may-2018/mybatis-3/976/target/classes
[INFO] 
[INFO] --- license-maven-plugin:3.0:format (default) @ mybatis ---
[INFO] 
[INFO] --- animal-sniffer-maven-plugin:1.15:check (check-java-1.6-compat) @ mybatis ---
[INFO] Checking unresolved references to org.codehaus.mojo.signature:java16:1.1
[INFO] 
[INFO] <<< maven-bundle-plugin:2.5.4:manifest (bundle-manifest) < process-classes @ mybatis <<<
[INFO] 
[INFO] --- maven-bundle-plugin:2.5.4:manifest (bundle-manifest) @ mybatis ---
[INFO] 
[INFO] --- maven-resources-plugin:3.0.1:testResources (default-testResources) @ mybatis ---
[INFO] Using 'UTF-8' encoding to copy filtered resources.
[INFO] Copying 456 resources
[INFO] 
[INFO] --- maven-compiler-plugin:3.6.0:testCompile (default-testCompile) @ mybatis ---
[INFO] Compiling 718 source files to /tmp/Ex2Amplifier-experiments/dataset/may-2018/mybatis-3/976/target/test-classes
[INFO] /tmp/Ex2Amplifier-experiments/dataset/may-2018/mybatis-3/976/src/test/java/org/apache/ibatis/jdbc/SqlBuilderTest.java: Some input files use or override a deprecated API.
[INFO] /tmp/Ex2Amplifier-experiments/dataset/may-2018/mybatis-3/976/src/test/java/org/apache/ibatis/jdbc/SqlBuilderTest.java: Recompile with -Xlint:deprecation for details.
[INFO] /tmp/Ex2Amplifier-experiments/dataset/may-2018/mybatis-3/976/src/test/java/org/apache/ibatis/domain/misc/RichType.java: Some input files use unchecked or unsafe operations.
[INFO] /tmp/Ex2Amplifier-experiments/dataset/may-2018/mybatis-3/976/src/test/java/org/apache/ibatis/domain/misc/RichType.java: Recompile with -Xlint:unchecked for details.
[INFO] 
[INFO] --- maven-surefire-plugin:2.19.1:test (default-test) @ mybatis ---
[INFO] Tests are skipped.
[INFO] 
[INFO] --- maven-dependency-plugin:2.10:build-classpath (default-cli) @ mybatis ---
[INFO] Wrote classpath file '/tmp/Ex2Amplifier-experiments/dataset/may-2018/mybatis-3/976/target/dspot/classpath'.
[INFO] ------------------------------------------------------------------------
[INFO] BUILD SUCCESS
[INFO] ------------------------------------------------------------------------
[INFO] Total time: 26.611 s
[INFO] Finished at: 2018-05-21T17:18:45+02:00
[INFO] Final Memory: 46M/2225M
[INFO] ------------------------------------------------------------------------
[40293] ERROR JDTCommentBuilder - /* because ResultHandler<?> is always ResultHandler<Object> */ is not added into the AST
spoon.reflect.declaration.ParentNotInitializedException: parent not initialized for class spoon.support.reflect.code.CtCommentImpl (/tmp/Ex2Amplifier-experiments/dataset/may-2018/mybatis-3/976/src/main/java/org/apache/ibatis/executor/resultset/DefaultResultSetHandler.java:360)
	at spoon.support.reflect.declaration.CtElementImpl.getParent(CtElementImpl.java:340)
	at spoon.support.compiler.jdt.JDTCommentBuilder.insertCommentInAST(JDTCommentBuilder.java:474)
	at spoon.support.compiler.jdt.JDTCommentBuilder.buildComment(JDTCommentBuilder.java:152)
	at spoon.support.compiler.jdt.JDTCommentBuilder.build(JDTCommentBuilder.java:108)
	at spoon.support.compiler.jdt.JDTBasedSpoonCompiler.buildModel(JDTBasedSpoonCompiler.java:417)
	at spoon.support.compiler.jdt.JDTBasedSpoonCompiler.buildUnitsAndModel(JDTBasedSpoonCompiler.java:362)
	at spoon.support.compiler.jdt.JDTBasedSpoonCompiler.buildSources(JDTBasedSpoonCompiler.java:335)
	at spoon.support.compiler.jdt.JDTBasedSpoonCompiler.build(JDTBasedSpoonCompiler.java:116)
	at spoon.support.compiler.jdt.JDTBasedSpoonCompiler.build(JDTBasedSpoonCompiler.java:99)
	at spoon.Launcher.buildModel(Launcher.java:724)
	at eu.stamp_project.utils.compilation.DSpotCompiler.getSpoonModelOf(DSpotCompiler.java:106)
	at eu.stamp_project.utils.compilation.DSpotCompiler.createDSpotCompiler(DSpotCompiler.java:31)
	at eu.stamp_project.dspot.DSpot.<init>(DSpot.java:108)
	at eu.stamp_project.Main.lambda$run$2(Main.java:134)
	at java.util.stream.ForEachOps$ForEachOp$OfRef.accept(ForEachOps.java:184)
	at java.util.stream.ReferencePipeline$2$1.accept(ReferencePipeline.java:175)
	at java.util.ArrayList$ArrayListSpliterator.forEachRemaining(ArrayList.java:1374)
	at java.util.stream.AbstractPipeline.copyInto(AbstractPipeline.java:481)
	at java.util.stream.AbstractPipeline.wrapAndCopyInto(AbstractPipeline.java:471)
	at java.util.stream.ForEachOps$ForEachOp.evaluateSequential(ForEachOps.java:151)
	at java.util.stream.ForEachOps$ForEachOp$OfRef.evaluateSequential(ForEachOps.java:174)
	at java.util.stream.AbstractPipeline.evaluate(AbstractPipeline.java:234)
	at java.util.stream.ReferencePipeline.forEach(ReferencePipeline.java:418)
	at eu.stamp_project.Main.run(Main.java:117)
	at eu.stamp_project.Main.main(Main.java:88)
[44348] ERROR JDTCommentBuilder - // target for test (ordinal number -> Enum constant) is not added into the AST
spoon.reflect.declaration.ParentNotInitializedException: parent not initialized for class spoon.support.reflect.code.CtCommentImpl (/tmp/Ex2Amplifier-experiments/dataset/may-2018/mybatis-3/976/src/test/java/org/apache/ibatis/submitted/enumtypehandler_on_annotation/PersonMapper.java:46)
	at spoon.support.reflect.declaration.CtElementImpl.getParent(CtElementImpl.java:340)
	at spoon.support.compiler.jdt.JDTCommentBuilder.insertCommentInAST(JDTCommentBuilder.java:474)
	at spoon.support.compiler.jdt.JDTCommentBuilder.buildComment(JDTCommentBuilder.java:152)
	at spoon.support.compiler.jdt.JDTCommentBuilder.build(JDTCommentBuilder.java:108)
	at spoon.support.compiler.jdt.JDTBasedSpoonCompiler.buildModel(JDTBasedSpoonCompiler.java:417)
	at spoon.support.compiler.jdt.JDTBasedSpoonCompiler.buildUnitsAndModel(JDTBasedSpoonCompiler.java:362)
	at spoon.support.compiler.jdt.JDTBasedSpoonCompiler.buildSources(JDTBasedSpoonCompiler.java:335)
	at spoon.support.compiler.jdt.JDTBasedSpoonCompiler.build(JDTBasedSpoonCompiler.java:116)
	at spoon.support.compiler.jdt.JDTBasedSpoonCompiler.build(JDTBasedSpoonCompiler.java:99)
	at spoon.Launcher.buildModel(Launcher.java:724)
	at eu.stamp_project.utils.compilation.DSpotCompiler.getSpoonModelOf(DSpotCompiler.java:106)
	at eu.stamp_project.utils.compilation.DSpotCompiler.createDSpotCompiler(DSpotCompiler.java:31)
	at eu.stamp_project.dspot.DSpot.<init>(DSpot.java:108)
	at eu.stamp_project.Main.lambda$run$2(Main.java:134)
	at java.util.stream.ForEachOps$ForEachOp$OfRef.accept(ForEachOps.java:184)
	at java.util.stream.ReferencePipeline$2$1.accept(ReferencePipeline.java:175)
	at java.util.ArrayList$ArrayListSpliterator.forEachRemaining(ArrayList.java:1374)
	at java.util.stream.AbstractPipeline.copyInto(AbstractPipeline.java:481)
	at java.util.stream.AbstractPipeline.wrapAndCopyInto(AbstractPipeline.java:471)
	at java.util.stream.ForEachOps$ForEachOp.evaluateSequential(ForEachOps.java:151)
	at java.util.stream.ForEachOps$ForEachOp$OfRef.evaluateSequential(ForEachOps.java:174)
	at java.util.stream.AbstractPipeline.evaluate(AbstractPipeline.java:234)
	at java.util.stream.ReferencePipeline.forEach(ReferencePipeline.java:418)
	at eu.stamp_project.Main.run(Main.java:117)
	at eu.stamp_project.Main.main(Main.java:88)
[44349] ERROR JDTCommentBuilder - // Switch using enum constant name(PERSON or EMPLOYEE) at cases attribute is not added into the AST
spoon.reflect.declaration.ParentNotInitializedException: parent not initialized for class spoon.support.reflect.code.CtCommentImpl (/tmp/Ex2Amplifier-experiments/dataset/may-2018/mybatis-3/976/src/test/java/org/apache/ibatis/submitted/enumtypehandler_on_annotation/PersonMapper.java:48)
	at spoon.support.reflect.declaration.CtElementImpl.getParent(CtElementImpl.java:340)
	at spoon.support.compiler.jdt.JDTCommentBuilder.insertCommentInAST(JDTCommentBuilder.java:474)
	at spoon.support.compiler.jdt.JDTCommentBuilder.buildComment(JDTCommentBuilder.java:152)
	at spoon.support.compiler.jdt.JDTCommentBuilder.build(JDTCommentBuilder.java:108)
	at spoon.support.compiler.jdt.JDTBasedSpoonCompiler.buildModel(JDTBasedSpoonCompiler.java:417)
	at spoon.support.compiler.jdt.JDTBasedSpoonCompiler.buildUnitsAndModel(JDTBasedSpoonCompiler.java:362)
	at spoon.support.compiler.jdt.JDTBasedSpoonCompiler.buildSources(JDTBasedSpoonCompiler.java:335)
	at spoon.support.compiler.jdt.JDTBasedSpoonCompiler.build(JDTBasedSpoonCompiler.java:116)
	at spoon.support.compiler.jdt.JDTBasedSpoonCompiler.build(JDTBasedSpoonCompiler.java:99)
	at spoon.Launcher.buildModel(Launcher.java:724)
	at eu.stamp_project.utils.compilation.DSpotCompiler.getSpoonModelOf(DSpotCompiler.java:106)
	at eu.stamp_project.utils.compilation.DSpotCompiler.createDSpotCompiler(DSpotCompiler.java:31)
	at eu.stamp_project.dspot.DSpot.<init>(DSpot.java:108)
	at eu.stamp_project.Main.lambda$run$2(Main.java:134)
	at java.util.stream.ForEachOps$ForEachOp$OfRef.accept(ForEachOps.java:184)
	at java.util.stream.ReferencePipeline$2$1.accept(ReferencePipeline.java:175)
	at java.util.ArrayList$ArrayListSpliterator.forEachRemaining(ArrayList.java:1374)
	at java.util.stream.AbstractPipeline.copyInto(AbstractPipeline.java:481)
	at java.util.stream.AbstractPipeline.wrapAndCopyInto(AbstractPipeline.java:471)
	at java.util.stream.ForEachOps$ForEachOp.evaluateSequential(ForEachOps.java:151)
	at java.util.stream.ForEachOps$ForEachOp$OfRef.evaluateSequential(ForEachOps.java:174)
	at java.util.stream.AbstractPipeline.evaluate(AbstractPipeline.java:234)
	at java.util.stream.ReferencePipeline.forEach(ReferencePipeline.java:418)
	at eu.stamp_project.Main.run(Main.java:117)
	at eu.stamp_project.Main.main(Main.java:88)
[45059] ERROR JDTCommentBuilder - // Interface Mapper is not added into the AST
spoon.reflect.declaration.ParentNotInitializedException: parent not initialized for class spoon.support.reflect.code.CtCommentImpl (/tmp/Ex2Amplifier-experiments/dataset/may-2018/mybatis-3/976/src/main/java/org/apache/ibatis/annotations/Mapper.java:39)
	at spoon.support.reflect.declaration.CtElementImpl.getParent(CtElementImpl.java:340)
	at spoon.support.compiler.jdt.JDTCommentBuilder.insertCommentInAST(JDTCommentBuilder.java:474)
	at spoon.support.compiler.jdt.JDTCommentBuilder.buildComment(JDTCommentBuilder.java:152)
	at spoon.support.compiler.jdt.JDTCommentBuilder.build(JDTCommentBuilder.java:108)
	at spoon.support.compiler.jdt.JDTBasedSpoonCompiler.buildModel(JDTBasedSpoonCompiler.java:417)
	at spoon.support.compiler.jdt.JDTBasedSpoonCompiler.buildUnitsAndModel(JDTBasedSpoonCompiler.java:362)
	at spoon.support.compiler.jdt.JDTBasedSpoonCompiler.buildSources(JDTBasedSpoonCompiler.java:335)
	at spoon.support.compiler.jdt.JDTBasedSpoonCompiler.build(JDTBasedSpoonCompiler.java:116)
	at spoon.support.compiler.jdt.JDTBasedSpoonCompiler.build(JDTBasedSpoonCompiler.java:99)
	at spoon.Launcher.buildModel(Launcher.java:724)
	at eu.stamp_project.utils.compilation.DSpotCompiler.getSpoonModelOf(DSpotCompiler.java:106)
	at eu.stamp_project.utils.compilation.DSpotCompiler.createDSpotCompiler(DSpotCompiler.java:31)
	at eu.stamp_project.dspot.DSpot.<init>(DSpot.java:108)
	at eu.stamp_project.Main.lambda$run$2(Main.java:134)
	at java.util.stream.ForEachOps$ForEachOp$OfRef.accept(ForEachOps.java:184)
	at java.util.stream.ReferencePipeline$2$1.accept(ReferencePipeline.java:175)
	at java.util.ArrayList$ArrayListSpliterator.forEachRemaining(ArrayList.java:1374)
	at java.util.stream.AbstractPipeline.copyInto(AbstractPipeline.java:481)
	at java.util.stream.AbstractPipeline.wrapAndCopyInto(AbstractPipeline.java:471)
	at java.util.stream.ForEachOps$ForEachOp.evaluateSequential(ForEachOps.java:151)
	at java.util.stream.ForEachOps$ForEachOp$OfRef.evaluateSequential(ForEachOps.java:174)
	at java.util.stream.AbstractPipeline.evaluate(AbstractPipeline.java:234)
	at java.util.stream.ReferencePipeline.forEach(ReferencePipeline.java:418)
	at eu.stamp_project.Main.run(Main.java:117)
	at eu.stamp_project.Main.main(Main.java:88)
[46069] WARN AutomaticBuilderFactory - No automatic builder specified in configuration, going to default.
[46069] INFO AutomaticBuilderFactory - Default: provided Maven automatic builder.
[46070] INFO MavenAutomaticBuilder - run maven clean test -DskipTests dependency:build-classpath -Dmdep.outputFile=target/dspot/classpath
[WARN] Maven will be executed in interactive mode, but no input stream has been configured for this MavenInvoker instance.
[INFO] Scanning for projects...
[INFO]                                                                         
[INFO] ------------------------------------------------------------------------
[INFO] Building mybatis 3.4.5-SNAPSHOT
[INFO] ------------------------------------------------------------------------
[INFO] 
[INFO] --- maven-clean-plugin:3.0.0:clean (default-clean) @ mybatis ---
[INFO] Deleting /tmp/Ex2Amplifier-experiments/dataset/may-2018/mybatis-3/976_modified/target
[INFO] 
[INFO] --- maven-enforcer-plugin:1.4.1:enforce (enforce-java) @ mybatis ---
[INFO] Skipping Rule Enforcement.
[INFO] 
[INFO] --- jacoco-maven-plugin:0.7.7.201606060606:prepare-agent (prepare-agent) @ mybatis ---
[INFO] argLine set to -javaagent:/home/spirals/danglot/.m2/repository/org/jacoco/org.jacoco.agent/0.7.7.201606060606/org.jacoco.agent-0.7.7.201606060606-runtime.jar=destfile=/tmp/Ex2Amplifier-experiments/dataset/may-2018/mybatis-3/976_modified/target/jacoco.exec,excludes=org.apache.ibatis.ognl.*:org.apache.ibatis.javassist.*
[INFO] 
[INFO] --- maven-resources-plugin:3.0.1:resources (default-resources) @ mybatis ---
[INFO] Using 'UTF-8' encoding to copy filtered resources.
[INFO] Copying 2 resources to META-INF
[INFO] Copying 2 resources
[INFO] 
[INFO] --- maven-compiler-plugin:3.6.0:compile (default-compile) @ mybatis ---
[INFO] Compiling 367 source files to /tmp/Ex2Amplifier-experiments/dataset/may-2018/mybatis-3/976_modified/target/classes
[INFO] /tmp/Ex2Amplifier-experiments/dataset/may-2018/mybatis-3/976_modified/src/main/java/org/apache/ibatis/reflection/MetaObject.java: Some input files use unchecked or unsafe operations.
[INFO] /tmp/Ex2Amplifier-experiments/dataset/may-2018/mybatis-3/976_modified/src/main/java/org/apache/ibatis/reflection/MetaObject.java: Recompile with -Xlint:unchecked for details.
[INFO] 
[INFO] --- license-maven-plugin:3.0:format (default) @ mybatis ---
[INFO] 
[INFO] --- animal-sniffer-maven-plugin:1.15:check (check-java-1.6-compat) @ mybatis ---
[INFO] Checking unresolved references to org.codehaus.mojo.signature:java16:1.1
[INFO] 
[INFO] >>> maven-bundle-plugin:2.5.4:manifest (bundle-manifest) > process-classes @ mybatis >>>
[INFO] 
[INFO] --- maven-enforcer-plugin:1.4.1:enforce (enforce-java) @ mybatis ---
[INFO] Skipping Rule Enforcement.
[INFO] 
[INFO] --- jacoco-maven-plugin:0.7.7.201606060606:prepare-agent (prepare-agent) @ mybatis ---
[INFO] argLine set to -javaagent:/home/spirals/danglot/.m2/repository/org/jacoco/org.jacoco.agent/0.7.7.201606060606/org.jacoco.agent-0.7.7.201606060606-runtime.jar=destfile=/tmp/Ex2Amplifier-experiments/dataset/may-2018/mybatis-3/976_modified/target/jacoco.exec,excludes=org.apache.ibatis.ognl.*:org.apache.ibatis.javassist.*
[INFO] 
[INFO] --- maven-resources-plugin:3.0.1:resources (default-resources) @ mybatis ---
[INFO] Using 'UTF-8' encoding to copy filtered resources.
[INFO] Copying 2 resources to META-INF
[INFO] Copying 2 resources
[INFO] 
[INFO] --- maven-compiler-plugin:3.6.0:compile (default-compile) @ mybatis ---
[INFO] Compiling 53 source files to /tmp/Ex2Amplifier-experiments/dataset/may-2018/mybatis-3/976_modified/target/classes
[INFO] 
[INFO] --- license-maven-plugin:3.0:format (default) @ mybatis ---
[INFO] 
[INFO] --- animal-sniffer-maven-plugin:1.15:check (check-java-1.6-compat) @ mybatis ---
[INFO] Checking unresolved references to org.codehaus.mojo.signature:java16:1.1
[INFO] 
[INFO] <<< maven-bundle-plugin:2.5.4:manifest (bundle-manifest) < process-classes @ mybatis <<<
[INFO] 
[INFO] --- maven-bundle-plugin:2.5.4:manifest (bundle-manifest) @ mybatis ---
[INFO] 
[INFO] --- maven-resources-plugin:3.0.1:testResources (default-testResources) @ mybatis ---
[INFO] Using 'UTF-8' encoding to copy filtered resources.
[INFO] Copying 458 resources
[INFO] 
[INFO] --- maven-compiler-plugin:3.6.0:testCompile (default-testCompile) @ mybatis ---
[INFO] Compiling 724 source files to /tmp/Ex2Amplifier-experiments/dataset/may-2018/mybatis-3/976_modified/target/test-classes
[INFO] /tmp/Ex2Amplifier-experiments/dataset/may-2018/mybatis-3/976_modified/src/test/java/org/apache/ibatis/jdbc/SqlBuilderTest.java: Some input files use or override a deprecated API.
[INFO] /tmp/Ex2Amplifier-experiments/dataset/may-2018/mybatis-3/976_modified/src/test/java/org/apache/ibatis/jdbc/SqlBuilderTest.java: Recompile with -Xlint:deprecation for details.
[INFO] /tmp/Ex2Amplifier-experiments/dataset/may-2018/mybatis-3/976_modified/src/test/java/org/apache/ibatis/submitted/custom_collection_handling/CustomObjectWrapper.java: Some input files use unchecked or unsafe operations.
[INFO] /tmp/Ex2Amplifier-experiments/dataset/may-2018/mybatis-3/976_modified/src/test/java/org/apache/ibatis/submitted/custom_collection_handling/CustomObjectWrapper.java: Recompile with -Xlint:unchecked for details.
[INFO] 
[INFO] --- maven-surefire-plugin:2.19.1:test (default-test) @ mybatis ---
[INFO] Tests are skipped.
[INFO] 
[INFO] --- maven-dependency-plugin:2.10:build-classpath (default-cli) @ mybatis ---
[INFO] Wrote classpath file '/tmp/Ex2Amplifier-experiments/dataset/may-2018/mybatis-3/976_modified/target/dspot/classpath'.
[INFO] ------------------------------------------------------------------------
[INFO] BUILD SUCCESS
[INFO] ------------------------------------------------------------------------
[INFO] Total time: 26.357 s
[INFO] Finished at: 2018-05-21T17:19:31+02:00
[INFO] Final Memory: 56M/2410M
[INFO] ------------------------------------------------------------------------
[75988] INFO SelectorOnDiff - Selecting according to a diff between dataset/may-2018/mybatis-3/976/ and dataset/may-2018/mybatis-3/976_modified/ (deba3169af1db220ec703ef33de3709d24fb941b)
[76013] INFO SelectorOnDiff - Modified files:
a/src/test/java/org/apache/ibatis/submitted/enum_interface_type_handler/EnumInterfaceTypeHandlerTest.java
a/src/test/java/org/apache/ibatis/submitted/enum_interface_type_handler/User.java
a/src/test/java/org/apache/ibatis/submitted/enum_interface_type_handler/HasValueEnumTypeHandler.java
a/src/test/java/org/apache/ibatis/submitted/enum_interface_type_handler/Mapper.java
a/src/main/java/org/apache/ibatis/type/TypeHandlerRegistry.java
a/src/test/java/org/apache/ibatis/submitted/enum_interface_type_handler/HasValue.java
a/src/test/java/org/apache/ibatis/submitted/enum_interface_type_handler/Color.java
[94816] INFO Amplification - amplification of org.apache.ibatis.type.TypeHandlerRegistryTest (7 test(s))
[95379] WARN TestCompiler - 2 errors during compilation, discarding involved test methods
[95654] ERROR TestCompiler - Pb(204) Syntax error on token ".1", . expected
[95654] ERROR TestCompiler - Pb(204) Syntax error on token ".1", . expected
[95977] INFO EntryPoint - Run: java -cp /tmp/Ex2Amplifier-experiments/dataset/may-2018/mybatis-3/976/target/test-classes:/tmp/Ex2Amplifier-experiments/dataset/may-2018/mybatis-3/976/target/classes:/home/spirals/danglot/.m2/repository/ognl/ognl/3.1.14/ognl-3.1.14.jar:/home/spirals/danglot/.m2/repository/org/javassist/javassist/3.21.0-GA/javassist-3.21.0-GA.jar:/home/spirals/danglot/.m2/repository/org/mybatis/mybatis-typehandlers-jsr310/1.0.2/mybatis-typehandlers-jsr310-1.0.2.jar:/home/spirals/danglot/.m2/repository/org/slf4j/slf4j-api/1.7.25/slf4j-api-1.7.25.jar:/home/spirals/danglot/.m2/repository/org/slf4j/slf4j-log4j12/1.7.25/slf4j-log4j12-1.7.25.jar:/home/spirals/danglot/.m2/repository/log4j/log4j/1.2.17/log4j-1.2.17.jar:/home/spirals/danglot/.m2/repository/org/apache/logging/log4j/log4j-core/2.3/log4j-core-2.3.jar:/home/spirals/danglot/.m2/repository/org/apache/logging/log4j/log4j-api/2.3/log4j-api-2.3.jar:/home/spirals/danglot/.m2/repository/commons-logging/commons-logging/1.2/commons-logging-1.2.jar:/home/spirals/danglot/.m2/repository/cglib/cglib/3.2.5/cglib-3.2.5.jar:/home/spirals/danglot/.m2/repository/org/ow2/asm/asm/5.2/asm-5.2.jar:/home/spirals/danglot/.m2/repository/org/apache/ant/ant/1.9.6/ant-1.9.6.jar:/home/spirals/danglot/.m2/repository/org/apache/ant/ant-launcher/1.9.6/ant-launcher-1.9.6.jar:/home/spirals/danglot/.m2/repository/junit/junit/4.12/junit-4.12.jar:/home/spirals/danglot/.m2/repository/org/hamcrest/hamcrest-core/1.3/hamcrest-core-1.3.jar:/home/spirals/danglot/.m2/repository/org/hsqldb/hsqldb/2.3.4/hsqldb-2.3.4.jar:/home/spirals/danglot/.m2/repository/org/apache/derby/derby/10.12.1.1/derby-10.12.1.1.jar:/home/spirals/danglot/.m2/repository/org/mockito/mockito-core/2.7.19/mockito-core-2.7.19.jar:/home/spirals/danglot/.m2/repository/net/bytebuddy/byte-buddy/1.6.11/byte-buddy-1.6.11.jar:/home/spirals/danglot/.m2/repository/net/bytebuddy/byte-buddy-agent/1.6.11/byte-buddy-agent-1.6.11.jar:/home/spirals/danglot/.m2/repository/org/objenesis/objenesis/2.5/objenesis-2.5.jar:/home/spirals/danglot/.m2/repository/commons-dbcp/commons-dbcp/1.4/commons-dbcp-1.4.jar:/home/spirals/danglot/.m2/repository/commons-pool/commons-pool/1.5.4/commons-pool-1.5.4.jar:/home/spirals/danglot/.m2/repository/org/jboss/spec/javax/transaction/jboss-transaction-api_1.2_spec/1.0.1.Final/jboss-transaction-api_1.2_spec-1.0.1.Final.jar:/home/spirals/danglot/.m2/repository/org/apache/velocity/velocity/1.7/velocity-1.7.jar:/home/spirals/danglot/.m2/repository/commons-collections/commons-collections/3.2.1/commons-collections-3.2.1.jar:/home/spirals/danglot/.m2/repository/commons-lang/commons-lang/2.4/commons-lang-2.4.jar:/home/spirals/danglot/.m2/repository/postgresql/postgresql/9.1-901-1.jdbc4/postgresql-9.1-901-1.jdbc4.jar:/tmp/Ex2Amplifier-experiments/target/dspot/dependencies:/home/spirals/danglot/.m2/repository/eu/stamp-project/test-runner/1.0.8/test-runner-1.0.8-jar-with-dependencies.jar eu.stamp_project.testrunner.runner.test.TestRunner org.apache.ibatis.type.TypeHandlerRegistryTest demoTypeHandlerForSuperInterface:shouldBindHandlersToWrapersAndPrimitivesIndividually:shouldRegisterAndRetrieveTypeHandler:shouldAutoRegisterAndRetrieveComplexTypeHandler:shouldRegisterAndRetrieveComplexTypeHandler:shouldReturnHandlerForSuperclassIfRegistered
File saved to the following path: /tmp/Ex2Amplifier-experiments/dataset/may-2018/mybatis-3/976/target/dspot/TestListener.ser
[96921] INFO EntryPoint - Test has been run: shouldBindHandlersToWrapersAndPrimitivesIndividually,shouldRegisterAndRetrieveComplexTypeHandler,shouldRegisterAndRetrieveTypeHandler,shouldAutoRegisterAndRetrieveComplexTypeHandler,demoTypeHandlerForSuperInterface,shouldReturnHandlerForSuperclassIfRegistered
[96921] INFO Amplification - Try to add assertions before amplification
[97053] INFO AssertGenerator - Run tests. (6)
[97315] WARN TestCompiler - 2 errors during compilation, discarding involved test methods
[97535] ERROR TestCompiler - Pb(204) Syntax error on token ".1", . expected
[97535] ERROR TestCompiler - Pb(204) Syntax error on token ".1", . expected
[97762] INFO EntryPoint - Run: java -cp /tmp/Ex2Amplifier-experiments/dataset/may-2018/mybatis-3/976/target/test-classes:/tmp/Ex2Amplifier-experiments/dataset/may-2018/mybatis-3/976/target/classes:/home/spirals/danglot/.m2/repository/ognl/ognl/3.1.14/ognl-3.1.14.jar:/home/spirals/danglot/.m2/repository/org/javassist/javassist/3.21.0-GA/javassist-3.21.0-GA.jar:/home/spirals/danglot/.m2/repository/org/mybatis/mybatis-typehandlers-jsr310/1.0.2/mybatis-typehandlers-jsr310-1.0.2.jar:/home/spirals/danglot/.m2/repository/org/slf4j/slf4j-api/1.7.25/slf4j-api-1.7.25.jar:/home/spirals/danglot/.m2/repository/org/slf4j/slf4j-log4j12/1.7.25/slf4j-log4j12-1.7.25.jar:/home/spirals/danglot/.m2/repository/log4j/log4j/1.2.17/log4j-1.2.17.jar:/home/spirals/danglot/.m2/repository/org/apache/logging/log4j/log4j-core/2.3/log4j-core-2.3.jar:/home/spirals/danglot/.m2/repository/org/apache/logging/log4j/log4j-api/2.3/log4j-api-2.3.jar:/home/spirals/danglot/.m2/repository/commons-logging/commons-logging/1.2/commons-logging-1.2.jar:/home/spirals/danglot/.m2/repository/cglib/cglib/3.2.5/cglib-3.2.5.jar:/home/spirals/danglot/.m2/repository/org/ow2/asm/asm/5.2/asm-5.2.jar:/home/spirals/danglot/.m2/repository/org/apache/ant/ant/1.9.6/ant-1.9.6.jar:/home/spirals/danglot/.m2/repository/org/apache/ant/ant-launcher/1.9.6/ant-launcher-1.9.6.jar:/home/spirals/danglot/.m2/repository/junit/junit/4.12/junit-4.12.jar:/home/spirals/danglot/.m2/repository/org/hamcrest/hamcrest-core/1.3/hamcrest-core-1.3.jar:/home/spirals/danglot/.m2/repository/org/hsqldb/hsqldb/2.3.4/hsqldb-2.3.4.jar:/home/spirals/danglot/.m2/repository/org/apache/derby/derby/10.12.1.1/derby-10.12.1.1.jar:/home/spirals/danglot/.m2/repository/org/mockito/mockito-core/2.7.19/mockito-core-2.7.19.jar:/home/spirals/danglot/.m2/repository/net/bytebuddy/byte-buddy/1.6.11/byte-buddy-1.6.11.jar:/home/spirals/danglot/.m2/repository/net/bytebuddy/byte-buddy-agent/1.6.11/byte-buddy-agent-1.6.11.jar:/home/spirals/danglot/.m2/repository/org/objenesis/objenesis/2.5/objenesis-2.5.jar:/home/spirals/danglot/.m2/repository/commons-dbcp/commons-dbcp/1.4/commons-dbcp-1.4.jar:/home/spirals/danglot/.m2/repository/commons-pool/commons-pool/1.5.4/commons-pool-1.5.4.jar:/home/spirals/danglot/.m2/repository/org/jboss/spec/javax/transaction/jboss-transaction-api_1.2_spec/1.0.1.Final/jboss-transaction-api_1.2_spec-1.0.1.Final.jar:/home/spirals/danglot/.m2/repository/org/apache/velocity/velocity/1.7/velocity-1.7.jar:/home/spirals/danglot/.m2/repository/commons-collections/commons-collections/3.2.1/commons-collections-3.2.1.jar:/home/spirals/danglot/.m2/repository/commons-lang/commons-lang/2.4/commons-lang-2.4.jar:/home/spirals/danglot/.m2/repository/postgresql/postgresql/9.1-901-1.jdbc4/postgresql-9.1-901-1.jdbc4.jar:/tmp/Ex2Amplifier-experiments/target/dspot/dependencies:/home/spirals/danglot/.m2/repository/eu/stamp-project/test-runner/1.0.8/test-runner-1.0.8-jar-with-dependencies.jar eu.stamp_project.testrunner.runner.test.TestRunner org.apache.ibatis.type.TypeHandlerRegistryTest demoTypeHandlerForSuperInterface:shouldBindHandlersToWrapersAndPrimitivesIndividually:shouldRegisterAndRetrieveTypeHandler:shouldAutoRegisterAndRetrieveComplexTypeHandler:shouldRegisterAndRetrieveComplexTypeHandler:shouldReturnHandlerForSuperclassIfRegistered
File saved to the following path: /tmp/Ex2Amplifier-experiments/dataset/may-2018/mybatis-3/976/target/dspot/TestListener.ser
[98639] INFO EntryPoint - Test has been run: shouldBindHandlersToWrapersAndPrimitivesIndividually,shouldRegisterAndRetrieveComplexTypeHandler,shouldRegisterAndRetrieveTypeHandler,shouldAutoRegisterAndRetrieveComplexTypeHandler,demoTypeHandlerForSuperInterface,shouldReturnHandlerForSuperclassIfRegistered
[98640] INFO AssertGenerator - 6 test pass, generating assertion...
[98650] INFO MethodsAssertGenerator - Add observations points in passing tests.
[98650] INFO MethodsAssertGenerator - Instrumentation...
 16% |======== ]/ 33% |================ ]- 50% |========================= ]\ 66% |================================= ]| 83% |========================================= ]/100% |================================================== ]-
[98729] INFO MethodsAssertGenerator - Run instrumented tests. (18)
[99198] INFO EntryPoint - Run: java -cp /tmp/Ex2Amplifier-experiments/dataset/may-2018/mybatis-3/976/target/test-classes:/tmp/Ex2Amplifier-experiments/dataset/may-2018/mybatis-3/976/target/classes:/home/spirals/danglot/.m2/repository/ognl/ognl/3.1.14/ognl-3.1.14.jar:/home/spirals/danglot/.m2/repository/org/javassist/javassist/3.21.0-GA/javassist-3.21.0-GA.jar:/home/spirals/danglot/.m2/repository/org/mybatis/mybatis-typehandlers-jsr310/1.0.2/mybatis-typehandlers-jsr310-1.0.2.jar:/home/spirals/danglot/.m2/repository/org/slf4j/slf4j-api/1.7.25/slf4j-api-1.7.25.jar:/home/spirals/danglot/.m2/repository/org/slf4j/slf4j-log4j12/1.7.25/slf4j-log4j12-1.7.25.jar:/home/spirals/danglot/.m2/repository/log4j/log4j/1.2.17/log4j-1.2.17.jar:/home/spirals/danglot/.m2/repository/org/apache/logging/log4j/log4j-core/2.3/log4j-core-2.3.jar:/home/spirals/danglot/.m2/repository/org/apache/logging/log4j/log4j-api/2.3/log4j-api-2.3.jar:/home/spirals/danglot/.m2/repository/commons-logging/commons-logging/1.2/commons-logging-1.2.jar:/home/spirals/danglot/.m2/repository/cglib/cglib/3.2.5/cglib-3.2.5.jar:/home/spirals/danglot/.m2/repository/org/ow2/asm/asm/5.2/asm-5.2.jar:/home/spirals/danglot/.m2/repository/org/apache/ant/ant/1.9.6/ant-1.9.6.jar:/home/spirals/danglot/.m2/repository/org/apache/ant/ant-launcher/1.9.6/ant-launcher-1.9.6.jar:/home/spirals/danglot/.m2/repository/junit/junit/4.12/junit-4.12.jar:/home/spirals/danglot/.m2/repository/org/hamcrest/hamcrest-core/1.3/hamcrest-core-1.3.jar:/home/spirals/danglot/.m2/repository/org/hsqldb/hsqldb/2.3.4/hsqldb-2.3.4.jar:/home/spirals/danglot/.m2/repository/org/apache/derby/derby/10.12.1.1/derby-10.12.1.1.jar:/home/spirals/danglot/.m2/repository/org/mockito/mockito-core/2.7.19/mockito-core-2.7.19.jar:/home/spirals/danglot/.m2/repository/net/bytebuddy/byte-buddy/1.6.11/byte-buddy-1.6.11.jar:/home/spirals/danglot/.m2/repository/net/bytebuddy/byte-buddy-agent/1.6.11/byte-buddy-agent-1.6.11.jar:/home/spirals/danglot/.m2/repository/org/objenesis/objenesis/2.5/objenesis-2.5.jar:/home/spirals/danglot/.m2/repository/commons-dbcp/commons-dbcp/1.4/commons-dbcp-1.4.jar:/home/spirals/danglot/.m2/repository/commons-pool/commons-pool/1.5.4/commons-pool-1.5.4.jar:/home/spirals/danglot/.m2/repository/org/jboss/spec/javax/transaction/jboss-transaction-api_1.2_spec/1.0.1.Final/jboss-transaction-api_1.2_spec-1.0.1.Final.jar:/home/spirals/danglot/.m2/repository/org/apache/velocity/velocity/1.7/velocity-1.7.jar:/home/spirals/danglot/.m2/repository/commons-collections/commons-collections/3.2.1/commons-collections-3.2.1.jar:/home/spirals/danglot/.m2/repository/commons-lang/commons-lang/2.4/commons-lang-2.4.jar:/home/spirals/danglot/.m2/repository/postgresql/postgresql/9.1-901-1.jdbc4/postgresql-9.1-901-1.jdbc4.jar:/tmp/Ex2Amplifier-experiments/target/dspot/dependencies:/home/spirals/danglot/.m2/repository/eu/stamp-project/test-runner/1.0.8/test-runner-1.0.8-jar-with-dependencies.jar eu.stamp_project.testrunner.runner.test.TestRunner org.apache.ibatis.type.TypeHandlerRegistryTest demoTypeHandlerForSuperInterface_withlog0:shouldBindHandlersToWrapersAndPrimitivesIndividually_withlog0:shouldRegisterAndRetrieveTypeHandler_withlog0:shouldAutoRegisterAndRetrieveComplexTypeHandler_withlog0:shouldRegisterAndRetrieveComplexTypeHandler_withlog0:shouldReturnHandlerForSuperclassIfRegistered_withlog0:demoTypeHandlerForSuperInterface_withlog1:shouldBindHandlersToWrapersAndPrimitivesIndividually_withlog1:shouldRegisterAndRetrieveTypeHandler_withlog1:shouldAutoRegisterAndRetrieveComplexTypeHandler_withlog1:shouldRegisterAndRetrieveComplexTypeHandler_withlog1:shouldReturnHandlerForSuperclassIfRegistered_withlog1:demoTypeHandlerForSuperInterface_withlog2:shouldBindHandlersToWrapersAndPrimitivesIndividually_withlog2:shouldRegisterAndRetrieveTypeHandler_withlog2:shouldAutoRegisterAndRetrieveComplexTypeHandler_withlog2:shouldRegisterAndRetrieveComplexTypeHandler_withlog2:shouldReturnHandlerForSuperclassIfRegistered_withlog2
File saved to the following path: /tmp/Ex2Amplifier-experiments/dataset/may-2018/mybatis-3/976/target/dspot/observations.ser
File saved to the following path: /tmp/Ex2Amplifier-experiments/dataset/may-2018/mybatis-3/976/target/dspot/TestListener.ser
[100409] INFO EntryPoint - Test has been run: shouldRegisterAndRetrieveComplexTypeHandler_withlog0,shouldRegisterAndRetrieveComplexTypeHandler_withlog1,shouldRegisterAndRetrieveComplexTypeHandler_withlog2,shouldBindHandlersToWrapersAndPrimitivesIndividually_withlog0,shouldBindHandlersToWrapersAndPrimitivesIndividually_withlog1,shouldBindHandlersToWrapersAndPrimitivesIndividually_withlog2,shouldAutoRegisterAndRetrieveComplexTypeHandler_withlog0,shouldAutoRegisterAndRetrieveComplexTypeHandler_withlog1,shouldAutoRegisterAndRetrieveComplexTypeHandler_withlog2,shouldReturnHandlerForSuperclassIfRegistered_withlog0,shouldReturnHandlerForSuperclassIfRegistered_withlog1,shouldReturnHandlerForSuperclassIfRegistered_withlog2,shouldRegisterAndRetrieveTypeHandler_withlog0,shouldRegisterAndRetrieveTypeHandler_withlog1,shouldRegisterAndRetrieveTypeHandler_withlog2,demoTypeHandlerForSuperInterface_withlog0(org.apache.ibatis.type.TypeHandlerRegistryTest): null,demoTypeHandlerForSuperInterface_withlog1(org.apache.ibatis.type.TypeHandlerRegistryTest): null,demoTypeHandlerForSuperInterface_withlog2(org.apache.ibatis.type.TypeHandlerRegistryTest): null
[100425] INFO MethodsAssertGenerator - Generating assertions...
[100464] INFO AssertGenerator - 3 new tests with assertions generated
[100819] WARN TestCompiler - 5 errors during compilation, discarding involved test methods
[101046] ERROR TestCompiler - Pb(204) Syntax error on token ".1", . expected
[101046] ERROR TestCompiler - Pb(204) Syntax error on token ".1", . expected
[101046] ERROR TestCompiler - Pb(100) The method getRawType() is undefined for the type TypeHandler<List<URI>>
[101046] ERROR TestCompiler - Pb(100) The method getRawType() is undefined for the type TypeHandler<List<URI>>
[101046] ERROR TestCompiler - Pb(100) The method getRawType() is undefined for the type TypeHandler<List<URI>>
[101262] INFO EntryPoint - Run: java -cp /tmp/Ex2Amplifier-experiments/dataset/may-2018/mybatis-3/976/target/test-classes:/tmp/Ex2Amplifier-experiments/dataset/may-2018/mybatis-3/976/target/classes:/home/spirals/danglot/.m2/repository/ognl/ognl/3.1.14/ognl-3.1.14.jar:/home/spirals/danglot/.m2/repository/org/javassist/javassist/3.21.0-GA/javassist-3.21.0-GA.jar:/home/spirals/danglot/.m2/repository/org/mybatis/mybatis-typehandlers-jsr310/1.0.2/mybatis-typehandlers-jsr310-1.0.2.jar:/home/spirals/danglot/.m2/repository/org/slf4j/slf4j-api/1.7.25/slf4j-api-1.7.25.jar:/home/spirals/danglot/.m2/repository/org/slf4j/slf4j-log4j12/1.7.25/slf4j-log4j12-1.7.25.jar:/home/spirals/danglot/.m2/repository/log4j/log4j/1.2.17/log4j-1.2.17.jar:/home/spirals/danglot/.m2/repository/org/apache/logging/log4j/log4j-core/2.3/log4j-core-2.3.jar:/home/spirals/danglot/.m2/repository/org/apache/logging/log4j/log4j-api/2.3/log4j-api-2.3.jar:/home/spirals/danglot/.m2/repository/commons-logging/commons-logging/1.2/commons-logging-1.2.jar:/home/spirals/danglot/.m2/repository/cglib/cglib/3.2.5/cglib-3.2.5.jar:/home/spirals/danglot/.m2/repository/org/ow2/asm/asm/5.2/asm-5.2.jar:/home/spirals/danglot/.m2/repository/org/apache/ant/ant/1.9.6/ant-1.9.6.jar:/home/spirals/danglot/.m2/repository/org/apache/ant/ant-launcher/1.9.6/ant-launcher-1.9.6.jar:/home/spirals/danglot/.m2/repository/junit/junit/4.12/junit-4.12.jar:/home/spirals/danglot/.m2/repository/org/hamcrest/hamcrest-core/1.3/hamcrest-core-1.3.jar:/home/spirals/danglot/.m2/repository/org/hsqldb/hsqldb/2.3.4/hsqldb-2.3.4.jar:/home/spirals/danglot/.m2/repository/org/apache/derby/derby/10.12.1.1/derby-10.12.1.1.jar:/home/spirals/danglot/.m2/repository/org/mockito/mockito-core/2.7.19/mockito-core-2.7.19.jar:/home/spirals/danglot/.m2/repository/net/bytebuddy/byte-buddy/1.6.11/byte-buddy-1.6.11.jar:/home/spirals/danglot/.m2/repository/net/bytebuddy/byte-buddy-agent/1.6.11/byte-buddy-agent-1.6.11.jar:/home/spirals/danglot/.m2/repository/org/objenesis/objenesis/2.5/objenesis-2.5.jar:/home/spirals/danglot/.m2/repository/commons-dbcp/commons-dbcp/1.4/commons-dbcp-1.4.jar:/home/spirals/danglot/.m2/repository/commons-pool/commons-pool/1.5.4/commons-pool-1.5.4.jar:/home/spirals/danglot/.m2/repository/org/jboss/spec/javax/transaction/jboss-transaction-api_1.2_spec/1.0.1.Final/jboss-transaction-api_1.2_spec-1.0.1.Final.jar:/home/spirals/danglot/.m2/repository/org/apache/velocity/velocity/1.7/velocity-1.7.jar:/home/spirals/danglot/.m2/repository/commons-collections/commons-collections/3.2.1/commons-collections-3.2.1.jar:/home/spirals/danglot/.m2/repository/commons-lang/commons-lang/2.4/commons-lang-2.4.jar:/home/spirals/danglot/.m2/repository/postgresql/postgresql/9.1-901-1.jdbc4/postgresql-9.1-901-1.jdbc4.jar:/tmp/Ex2Amplifier-experiments/target/dspot/dependencies:/home/spirals/danglot/.m2/repository/eu/stamp-project/test-runner/1.0.8/test-runner-1.0.8-jar-with-dependencies.jar eu.stamp_project.testrunner.runner.test.TestRunner org.apache.ibatis.type.TypeHandlerRegistryTest shouldRegisterAndRetrieveTypeHandler:shouldRegisterAndRetrieveComplexTypeHandler
File saved to the following path: /tmp/Ex2Amplifier-experiments/dataset/may-2018/mybatis-3/976/target/dspot/TestListener.ser
[102137] INFO EntryPoint - Test has been run: shouldRegisterAndRetrieveComplexTypeHandler,shouldRegisterAndRetrieveTypeHandler
[102450] DEBUG Launcher - building sources: [/tmp/Ex2Amplifier-experiments/target/dspot/tmp_test_sources/org/apache/ibatis/type/TypeHandlerRegistryTest.java]
[102451] DEBUG Launcher - build args: [-encoding, UTF-8, -cp, /home/spirals/danglot/.m2/repository/ognl/ognl/3.1.14/ognl-3.1.14.jar:/home/spirals/danglot/.m2/repository/org/javassist/javassist/3.21.0-GA/javassist-3.21.0-GA.jar:/home/spirals/danglot/.m2/repository/org/mybatis/mybatis-typehandlers-jsr310/1.0.2/mybatis-typehandlers-jsr310-1.0.2.jar:/home/spirals/danglot/.m2/repository/org/slf4j/slf4j-api/1.7.25/slf4j-api-1.7.25.jar:/home/spirals/danglot/.m2/repository/org/slf4j/slf4j-log4j12/1.7.25/slf4j-log4j12-1.7.25.jar:/home/spirals/danglot/.m2/repository/log4j/log4j/1.2.17/log4j-1.2.17.jar:/home/spirals/danglot/.m2/repository/org/apache/logging/log4j/log4j-core/2.3/log4j-core-2.3.jar:/home/spirals/danglot/.m2/repository/org/apache/logging/log4j/log4j-api/2.3/log4j-api-2.3.jar:/home/spirals/danglot/.m2/repository/commons-logging/commons-logging/1.2/commons-logging-1.2.jar:/home/spirals/danglot/.m2/repository/cglib/cglib/3.2.5/cglib-3.2.5.jar:/home/spirals/danglot/.m2/repository/org/ow2/asm/asm/5.2/asm-5.2.jar:/home/spirals/danglot/.m2/repository/org/apache/ant/ant/1.9.6/ant-1.9.6.jar:/home/spirals/danglot/.m2/repository/org/apache/ant/ant-launcher/1.9.6/ant-launcher-1.9.6.jar:/home/spirals/danglot/.m2/repository/junit/junit/4.12/junit-4.12.jar:/home/spirals/danglot/.m2/repository/org/hamcrest/hamcrest-core/1.3/hamcrest-core-1.3.jar:/home/spirals/danglot/.m2/repository/org/hsqldb/hsqldb/2.3.4/hsqldb-2.3.4.jar:/home/spirals/danglot/.m2/repository/org/apache/derby/derby/10.12.1.1/derby-10.12.1.1.jar:/home/spirals/danglot/.m2/repository/org/mockito/mockito-core/2.7.19/mockito-core-2.7.19.jar:/home/spirals/danglot/.m2/repository/net/bytebuddy/byte-buddy/1.6.11/byte-buddy-1.6.11.jar:/home/spirals/danglot/.m2/repository/net/bytebuddy/byte-buddy-agent/1.6.11/byte-buddy-agent-1.6.11.jar:/home/spirals/danglot/.m2/repository/org/objenesis/objenesis/2.5/objenesis-2.5.jar:/home/spirals/danglot/.m2/repository/commons-dbcp/commons-dbcp/1.4/commons-dbcp-1.4.jar:/home/spirals/danglot/.m2/repository/commons-pool/commons-pool/1.5.4/commons-pool-1.5.4.jar:/home/spirals/danglot/.m2/repository/org/jboss/spec/javax/transaction/jboss-transaction-api_1.2_spec/1.0.1.Final/jboss-transaction-api_1.2_spec-1.0.1.Final.jar:/home/spirals/danglot/.m2/repository/org/apache/velocity/velocity/1.7/velocity-1.7.jar:/home/spirals/danglot/.m2/repository/commons-collections/commons-collections/3.2.1/commons-collections-3.2.1.jar:/home/spirals/danglot/.m2/repository/commons-lang/commons-lang/2.4/commons-lang-2.4.jar:/home/spirals/danglot/.m2/repository/postgresql/postgresql/9.1-901-1.jdbc4/postgresql-9.1-901-1.jdbc4.jar:target/dspot/dependencies/:dataset/may-2018/mybatis-3/976//target/classes:dataset/may-2018/mybatis-3/976//target/test-classes:, -1.8, -preserveAllLocals, -noExit, -enableJavadoc, /tmp/Ex2Amplifier-experiments/target/dspot/tmp_test_sources/org/apache/ibatis/type/TypeHandlerRegistryTest.java]
[102586] DEBUG Launcher - built in 136 ms
[102586] DEBUG Launcher - building templates: []
[102586] DEBUG Launcher - built in 0 ms
[102587] DEBUG Launcher - model built in 137
[102588] DEBUG Launcher - compiling sources: [/tmp/Ex2Amplifier-experiments/target/dspot/tmp_test_sources/org/apache/ibatis/type/TypeHandlerRegistryTest.java]
[102593] DEBUG Launcher - compile args: [-encoding, UTF-8, -cp, /home/spirals/danglot/.m2/repository/ognl/ognl/3.1.14/ognl-3.1.14.jar:/home/spirals/danglot/.m2/repository/org/javassist/javassist/3.21.0-GA/javassist-3.21.0-GA.jar:/home/spirals/danglot/.m2/repository/org/mybatis/mybatis-typehandlers-jsr310/1.0.2/mybatis-typehandlers-jsr310-1.0.2.jar:/home/spirals/danglot/.m2/repository/org/slf4j/slf4j-api/1.7.25/slf4j-api-1.7.25.jar:/home/spirals/danglot/.m2/repository/org/slf4j/slf4j-log4j12/1.7.25/slf4j-log4j12-1.7.25.jar:/home/spirals/danglot/.m2/repository/log4j/log4j/1.2.17/log4j-1.2.17.jar:/home/spirals/danglot/.m2/repository/org/apache/logging/log4j/log4j-core/2.3/log4j-core-2.3.jar:/home/spirals/danglot/.m2/repository/org/apache/logging/log4j/log4j-api/2.3/log4j-api-2.3.jar:/home/spirals/danglot/.m2/repository/commons-logging/commons-logging/1.2/commons-logging-1.2.jar:/home/spirals/danglot/.m2/repository/cglib/cglib/3.2.5/cglib-3.2.5.jar:/home/spirals/danglot/.m2/repository/org/ow2/asm/asm/5.2/asm-5.2.jar:/home/spirals/danglot/.m2/repository/org/apache/ant/ant/1.9.6/ant-1.9.6.jar:/home/spirals/danglot/.m2/repository/org/apache/ant/ant-launcher/1.9.6/ant-launcher-1.9.6.jar:/home/spirals/danglot/.m2/repository/junit/junit/4.12/junit-4.12.jar:/home/spirals/danglot/.m2/repository/org/hamcrest/hamcrest-core/1.3/hamcrest-core-1.3.jar:/home/spirals/danglot/.m2/repository/org/hsqldb/hsqldb/2.3.4/hsqldb-2.3.4.jar:/home/spirals/danglot/.m2/repository/org/apache/derby/derby/10.12.1.1/derby-10.12.1.1.jar:/home/spirals/danglot/.m2/repository/org/mockito/mockito-core/2.7.19/mockito-core-2.7.19.jar:/home/spirals/danglot/.m2/repository/net/bytebuddy/byte-buddy/1.6.11/byte-buddy-1.6.11.jar:/home/spirals/danglot/.m2/repository/net/bytebuddy/byte-buddy-agent/1.6.11/byte-buddy-agent-1.6.11.jar:/home/spirals/danglot/.m2/repository/org/objenesis/objenesis/2.5/objenesis-2.5.jar:/home/spirals/danglot/.m2/repository/commons-dbcp/commons-dbcp/1.4/commons-dbcp-1.4.jar:/home/spirals/danglot/.m2/repository/commons-pool/commons-pool/1.5.4/commons-pool-1.5.4.jar:/home/spirals/danglot/.m2/repository/org/jboss/spec/javax/transaction/jboss-transaction-api_1.2_spec/1.0.1.Final/jboss-transaction-api_1.2_spec-1.0.1.Final.jar:/home/spirals/danglot/.m2/repository/org/apache/velocity/velocity/1.7/velocity-1.7.jar:/home/spirals/danglot/.m2/repository/commons-collections/commons-collections/3.2.1/commons-collections-3.2.1.jar:/home/spirals/danglot/.m2/repository/commons-lang/commons-lang/2.4/commons-lang-2.4.jar:/home/spirals/danglot/.m2/repository/postgresql/postgresql/9.1-901-1.jdbc4/postgresql-9.1-901-1.jdbc4.jar:target/dspot/dependencies/:dataset/may-2018/mybatis-3/976//target/classes:dataset/may-2018/mybatis-3/976//target/test-classes:, -d, /tmp/Ex2Amplifier-experiments/dataset/may-2018/mybatis-3/976_modified/target/test-classes, -1.8, -proc:none, -preserveAllLocals, -noExit, -enableJavadoc, /tmp/Ex2Amplifier-experiments/target/dspot/tmp_test_sources/org/apache/ibatis/type/TypeHandlerRegistryTest.java]
[102797] DEBUG Launcher - compiled in 209 ms
[102799] INFO EntryPoint - Run: java -cp /home/spirals/danglot/.m2/repository/ognl/ognl/3.1.14/ognl-3.1.14.jar:/home/spirals/danglot/.m2/repository/org/javassist/javassist/3.21.0-GA/javassist-3.21.0-GA.jar:/home/spirals/danglot/.m2/repository/org/mybatis/mybatis-typehandlers-jsr310/1.0.2/mybatis-typehandlers-jsr310-1.0.2.jar:/home/spirals/danglot/.m2/repository/org/slf4j/slf4j-api/1.7.25/slf4j-api-1.7.25.jar:/home/spirals/danglot/.m2/repository/org/slf4j/slf4j-log4j12/1.7.25/slf4j-log4j12-1.7.25.jar:/home/spirals/danglot/.m2/repository/log4j/log4j/1.2.17/log4j-1.2.17.jar:/home/spirals/danglot/.m2/repository/org/apache/logging/log4j/log4j-core/2.3/log4j-core-2.3.jar:/home/spirals/danglot/.m2/repository/org/apache/logging/log4j/log4j-api/2.3/log4j-api-2.3.jar:/home/spirals/danglot/.m2/repository/commons-logging/commons-logging/1.2/commons-logging-1.2.jar:/home/spirals/danglot/.m2/repository/cglib/cglib/3.2.5/cglib-3.2.5.jar:/home/spirals/danglot/.m2/repository/org/ow2/asm/asm/5.2/asm-5.2.jar:/home/spirals/danglot/.m2/repository/org/apache/ant/ant/1.9.6/ant-1.9.6.jar:/home/spirals/danglot/.m2/repository/org/apache/ant/ant-launcher/1.9.6/ant-launcher-1.9.6.jar:/home/spirals/danglot/.m2/repository/junit/junit/4.12/junit-4.12.jar:/home/spirals/danglot/.m2/repository/org/hamcrest/hamcrest-core/1.3/hamcrest-core-1.3.jar:/home/spirals/danglot/.m2/repository/org/hsqldb/hsqldb/2.3.4/hsqldb-2.3.4.jar:/home/spirals/danglot/.m2/repository/org/apache/derby/derby/10.12.1.1/derby-10.12.1.1.jar:/home/spirals/danglot/.m2/repository/org/mockito/mockito-core/2.7.19/mockito-core-2.7.19.jar:/home/spirals/danglot/.m2/repository/net/bytebuddy/byte-buddy/1.6.11/byte-buddy-1.6.11.jar:/home/spirals/danglot/.m2/repository/net/bytebuddy/byte-buddy-agent/1.6.11/byte-buddy-agent-1.6.11.jar:/home/spirals/danglot/.m2/repository/org/objenesis/objenesis/2.5/objenesis-2.5.jar:/home/spirals/danglot/.m2/repository/commons-dbcp/commons-dbcp/1.4/commons-dbcp-1.4.jar:/home/spirals/danglot/.m2/repository/commons-pool/commons-pool/1.5.4/commons-pool-1.5.4.jar:/home/spirals/danglot/.m2/repository/org/jboss/spec/javax/transaction/jboss-transaction-api_1.2_spec/1.0.1.Final/jboss-transaction-api_1.2_spec-1.0.1.Final.jar:/home/spirals/danglot/.m2/repository/org/apache/velocity/velocity/1.7/velocity-1.7.jar:/home/spirals/danglot/.m2/repository/commons-collections/commons-collections/3.2.1/commons-collections-3.2.1.jar:/home/spirals/danglot/.m2/repository/commons-lang/commons-lang/2.4/commons-lang-2.4.jar:/home/spirals/danglot/.m2/repository/postgresql/postgresql/9.1-901-1.jdbc4/postgresql-9.1-901-1.jdbc4.jar:target/dspot/dependencies/:/tmp/Ex2Amplifier-experiments/dataset/may-2018/mybatis-3/976_modified/target/classes:/tmp/Ex2Amplifier-experiments/dataset/may-2018/mybatis-3/976_modified/target/test-classes:/home/spirals/danglot/.m2/repository/eu/stamp-project/test-runner/1.0.8/test-runner-1.0.8-jar-with-dependencies.jar eu.stamp_project.testrunner.runner.test.TestRunner org.apache.ibatis.type.TypeHandlerRegistryTest shouldRegisterAndRetrieveTypeHandler:shouldRegisterAndRetrieveComplexTypeHandler
File saved to the following path: /tmp/Ex2Amplifier-experiments/dataset/may-2018/mybatis-3/976/target/dspot/TestListener.ser
[103637] INFO EntryPoint - Test has been run: shouldRegisterAndRetrieveComplexTypeHandler,shouldRegisterAndRetrieveTypeHandler
[103637] INFO Amplification - 0 amplified test(s) has been selected, global: 0
[103639] INFO Amplification - amp demoTypeHandlerForSuperInterface (1/6)
[103660] DEBUG Launcher - printing org.apache.ibatis.type.TypeHandlerRegistryTest to /tmp/Ex2Amplifier-experiments/target/dspot/tmp_test_sources
[103702] WARN Launcher - Cannot load class: org.apache.ibatis.type.TypeHandlerRegistryTest$1MyDate with class loader sun.misc.Launcher$AppClassLoader@55f96302
[103703] WARN Launcher - Cannot load class: org.apache.ibatis.type.TypeHandlerRegistryTest$1MyDate with class loader sun.misc.Launcher$AppClassLoader@55f96302
[103707] WARN Launcher - Cannot load class: org.apache.ibatis.type.TypeHandlerRegistryTest$1MyDate1 with class loader sun.misc.Launcher$AppClassLoader@55f96302
[103708] WARN Launcher - Cannot load class: org.apache.ibatis.type.TypeHandlerRegistryTest$1MyDate1 with class loader sun.misc.Launcher$AppClassLoader@55f96302
[103711] WARN Launcher - Cannot load class: org.apache.ibatis.type.TypeHandlerRegistryTest$1MyDate2 with class loader sun.misc.Launcher$AppClassLoader@55f96302
[103712] WARN Launcher - Cannot load class: org.apache.ibatis.type.TypeHandlerRegistryTest$1MyDate2 with class loader sun.misc.Launcher$AppClassLoader@55f96302
[103864] WARN TestCompiler - 2 errors during compilation, discarding involved test methods
[104069] ERROR TestCompiler - Pb(204) Syntax error on token ".1", . expected
[104069] ERROR TestCompiler - Pb(204) Syntax error on token ".1", . expected
[104266] INFO EntryPoint - Run: java -cp /tmp/Ex2Amplifier-experiments/dataset/may-2018/mybatis-3/976/target/test-classes:/tmp/Ex2Amplifier-experiments/dataset/may-2018/mybatis-3/976/target/classes:/home/spirals/danglot/.m2/repository/ognl/ognl/3.1.14/ognl-3.1.14.jar:/home/spirals/danglot/.m2/repository/org/javassist/javassist/3.21.0-GA/javassist-3.21.0-GA.jar:/home/spirals/danglot/.m2/repository/org/mybatis/mybatis-typehandlers-jsr310/1.0.2/mybatis-typehandlers-jsr310-1.0.2.jar:/home/spirals/danglot/.m2/repository/org/slf4j/slf4j-api/1.7.25/slf4j-api-1.7.25.jar:/home/spirals/danglot/.m2/repository/org/slf4j/slf4j-log4j12/1.7.25/slf4j-log4j12-1.7.25.jar:/home/spirals/danglot/.m2/repository/log4j/log4j/1.2.17/log4j-1.2.17.jar:/home/spirals/danglot/.m2/repository/org/apache/logging/log4j/log4j-core/2.3/log4j-core-2.3.jar:/home/spirals/danglot/.m2/repository/org/apache/logging/log4j/log4j-api/2.3/log4j-api-2.3.jar:/home/spirals/danglot/.m2/repository/commons-logging/commons-logging/1.2/commons-logging-1.2.jar:/home/spirals/danglot/.m2/repository/cglib/cglib/3.2.5/cglib-3.2.5.jar:/home/spirals/danglot/.m2/repository/org/ow2/asm/asm/5.2/asm-5.2.jar:/home/spirals/danglot/.m2/repository/org/apache/ant/ant/1.9.6/ant-1.9.6.jar:/home/spirals/danglot/.m2/repository/org/apache/ant/ant-launcher/1.9.6/ant-launcher-1.9.6.jar:/home/spirals/danglot/.m2/repository/junit/junit/4.12/junit-4.12.jar:/home/spirals/danglot/.m2/repository/org/hamcrest/hamcrest-core/1.3/hamcrest-core-1.3.jar:/home/spirals/danglot/.m2/repository/org/hsqldb/hsqldb/2.3.4/hsqldb-2.3.4.jar:/home/spirals/danglot/.m2/repository/org/apache/derby/derby/10.12.1.1/derby-10.12.1.1.jar:/home/spirals/danglot/.m2/repository/org/mockito/mockito-core/2.7.19/mockito-core-2.7.19.jar:/home/spirals/danglot/.m2/repository/net/bytebuddy/byte-buddy/1.6.11/byte-buddy-1.6.11.jar:/home/spirals/danglot/.m2/repository/net/bytebuddy/byte-buddy-agent/1.6.11/byte-buddy-agent-1.6.11.jar:/home/spirals/danglot/.m2/repository/org/objenesis/objenesis/2.5/objenesis-2.5.jar:/home/spirals/danglot/.m2/repository/commons-dbcp/commons-dbcp/1.4/commons-dbcp-1.4.jar:/home/spirals/danglot/.m2/repository/commons-pool/commons-pool/1.5.4/commons-pool-1.5.4.jar:/home/spirals/danglot/.m2/repository/org/jboss/spec/javax/transaction/jboss-transaction-api_1.2_spec/1.0.1.Final/jboss-transaction-api_1.2_spec-1.0.1.Final.jar:/home/spirals/danglot/.m2/repository/org/apache/velocity/velocity/1.7/velocity-1.7.jar:/home/spirals/danglot/.m2/repository/commons-collections/commons-collections/3.2.1/commons-collections-3.2.1.jar:/home/spirals/danglot/.m2/repository/commons-lang/commons-lang/2.4/commons-lang-2.4.jar:/home/spirals/danglot/.m2/repository/postgresql/postgresql/9.1-901-1.jdbc4/postgresql-9.1-901-1.jdbc4.jar:/tmp/Ex2Amplifier-experiments/target/dspot/dependencies:/home/spirals/danglot/.m2/repository/eu/stamp-project/test-runner/1.0.8/test-runner-1.0.8-jar-with-dependencies.jar eu.stamp_project.testrunner.runner.test.TestRunner org.apache.ibatis.type.TypeHandlerRegistryTest demoTypeHandlerForSuperInterface
File saved to the following path: /tmp/Ex2Amplifier-experiments/dataset/may-2018/mybatis-3/976/target/dspot/TestListener.ser
[105142] INFO EntryPoint - Test has been run: demoTypeHandlerForSuperInterface
[105142] INFO Amplification - iteration 0:
[105142] INFO Amplification - 1 tests selected to be amplified over 1 available tests
[105142] INFO Amplification - Amplification of inputs...
100% |================================================== ]/
[105463] DEBUG Launcher - building sources: [/tmp/Ex2Amplifier-experiments/target/dspot/tmp_test_sources/org/apache/ibatis/type/TypeHandlerRegistryTest.java]
[105464] DEBUG Launcher - build args: [-encoding, UTF-8, -cp, /home/spirals/danglot/.m2/repository/ognl/ognl/3.1.14/ognl-3.1.14.jar:/home/spirals/danglot/.m2/repository/org/javassist/javassist/3.21.0-GA/javassist-3.21.0-GA.jar:/home/spirals/danglot/.m2/repository/org/mybatis/mybatis-typehandlers-jsr310/1.0.2/mybatis-typehandlers-jsr310-1.0.2.jar:/home/spirals/danglot/.m2/repository/org/slf4j/slf4j-api/1.7.25/slf4j-api-1.7.25.jar:/home/spirals/danglot/.m2/repository/org/slf4j/slf4j-log4j12/1.7.25/slf4j-log4j12-1.7.25.jar:/home/spirals/danglot/.m2/repository/log4j/log4j/1.2.17/log4j-1.2.17.jar:/home/spirals/danglot/.m2/repository/org/apache/logging/log4j/log4j-core/2.3/log4j-core-2.3.jar:/home/spirals/danglot/.m2/repository/org/apache/logging/log4j/log4j-api/2.3/log4j-api-2.3.jar:/home/spirals/danglot/.m2/repository/commons-logging/commons-logging/1.2/commons-logging-1.2.jar:/home/spirals/danglot/.m2/repository/cglib/cglib/3.2.5/cglib-3.2.5.jar:/home/spirals/danglot/.m2/repository/org/ow2/asm/asm/5.2/asm-5.2.jar:/home/spirals/danglot/.m2/repository/org/apache/ant/ant/1.9.6/ant-1.9.6.jar:/home/spirals/danglot/.m2/repository/org/apache/ant/ant-launcher/1.9.6/ant-launcher-1.9.6.jar:/home/spirals/danglot/.m2/repository/junit/junit/4.12/junit-4.12.jar:/home/spirals/danglot/.m2/repository/org/hamcrest/hamcrest-core/1.3/hamcrest-core-1.3.jar:/home/spirals/danglot/.m2/repository/org/hsqldb/hsqldb/2.3.4/hsqldb-2.3.4.jar:/home/spirals/danglot/.m2/repository/org/apache/derby/derby/10.12.1.1/derby-10.12.1.1.jar:/home/spirals/danglot/.m2/repository/org/mockito/mockito-core/2.7.19/mockito-core-2.7.19.jar:/home/spirals/danglot/.m2/repository/net/bytebuddy/byte-buddy/1.6.11/byte-buddy-1.6.11.jar:/home/spirals/danglot/.m2/repository/net/bytebuddy/byte-buddy-agent/1.6.11/byte-buddy-agent-1.6.11.jar:/home/spirals/danglot/.m2/repository/org/objenesis/objenesis/2.5/objenesis-2.5.jar:/home/spirals/danglot/.m2/repository/commons-dbcp/commons-dbcp/1.4/commons-dbcp-1.4.jar:/home/spirals/danglot/.m2/repository/commons-pool/commons-pool/1.5.4/commons-pool-1.5.4.jar:/home/spirals/danglot/.m2/repository/org/jboss/spec/javax/transaction/jboss-transaction-api_1.2_spec/1.0.1.Final/jboss-transaction-api_1.2_spec-1.0.1.Final.jar:/home/spirals/danglot/.m2/repository/org/apache/velocity/velocity/1.7/velocity-1.7.jar:/home/spirals/danglot/.m2/repository/commons-collections/commons-collections/3.2.1/commons-collections-3.2.1.jar:/home/spirals/danglot/.m2/repository/commons-lang/commons-lang/2.4/commons-lang-2.4.jar:/home/spirals/danglot/.m2/repository/postgresql/postgresql/9.1-901-1.jdbc4/postgresql-9.1-901-1.jdbc4.jar:/tmp/Ex2Amplifier-experiments/dataset/may-2018/mybatis-3/976/target/classes:/tmp/Ex2Amplifier-experiments/target/dspot/dependencies:/tmp/Ex2Amplifier-experiments/dataset/may-2018/mybatis-3/976/target/test-classes:lib/catg-dev.jar:, -1.8, -preserveAllLocals, -noExit, -enableJavadoc, /tmp/Ex2Amplifier-experiments/target/dspot/tmp_test_sources/org/apache/ibatis/type/TypeHandlerRegistryTest.java]
[105615] WARN Launcher - warning: Syntax error on token ".1", . expected at /tmp/Ex2Amplifier-experiments/target/dspot/tmp_test_sources/org/apache/ibatis/type/TypeHandlerRegistryTest.java:161
[105615] WARN Launcher - warning: Syntax error on token ".1", . expected at /tmp/Ex2Amplifier-experiments/target/dspot/tmp_test_sources/org/apache/ibatis/type/TypeHandlerRegistryTest.java:164
[105615] DEBUG Launcher - built in 151 ms
[105615] DEBUG Launcher - building templates: []
[105615] DEBUG Launcher - built in 0 ms
[105616] DEBUG Launcher - model built in 153
[105617] DEBUG Launcher - compiling sources: [/tmp/Ex2Amplifier-experiments/target/dspot/tmp_test_sources/org/apache/ibatis/type/TypeHandlerRegistryTest.java]
[105618] DEBUG Launcher - compile args: [-encoding, UTF-8, -cp, /home/spirals/danglot/.m2/repository/ognl/ognl/3.1.14/ognl-3.1.14.jar:/home/spirals/danglot/.m2/repository/org/javassist/javassist/3.21.0-GA/javassist-3.21.0-GA.jar:/home/spirals/danglot/.m2/repository/org/mybatis/mybatis-typehandlers-jsr310/1.0.2/mybatis-typehandlers-jsr310-1.0.2.jar:/home/spirals/danglot/.m2/repository/org/slf4j/slf4j-api/1.7.25/slf4j-api-1.7.25.jar:/home/spirals/danglot/.m2/repository/org/slf4j/slf4j-log4j12/1.7.25/slf4j-log4j12-1.7.25.jar:/home/spirals/danglot/.m2/repository/log4j/log4j/1.2.17/log4j-1.2.17.jar:/home/spirals/danglot/.m2/repository/org/apache/logging/log4j/log4j-core/2.3/log4j-core-2.3.jar:/home/spirals/danglot/.m2/repository/org/apache/logging/log4j/log4j-api/2.3/log4j-api-2.3.jar:/home/spirals/danglot/.m2/repository/commons-logging/commons-logging/1.2/commons-logging-1.2.jar:/home/spirals/danglot/.m2/repository/cglib/cglib/3.2.5/cglib-3.2.5.jar:/home/spirals/danglot/.m2/repository/org/ow2/asm/asm/5.2/asm-5.2.jar:/home/spirals/danglot/.m2/repository/org/apache/ant/ant/1.9.6/ant-1.9.6.jar:/home/spirals/danglot/.m2/repository/org/apache/ant/ant-launcher/1.9.6/ant-launcher-1.9.6.jar:/home/spirals/danglot/.m2/repository/junit/junit/4.12/junit-4.12.jar:/home/spirals/danglot/.m2/repository/org/hamcrest/hamcrest-core/1.3/hamcrest-core-1.3.jar:/home/spirals/danglot/.m2/repository/org/hsqldb/hsqldb/2.3.4/hsqldb-2.3.4.jar:/home/spirals/danglot/.m2/repository/org/apache/derby/derby/10.12.1.1/derby-10.12.1.1.jar:/home/spirals/danglot/.m2/repository/org/mockito/mockito-core/2.7.19/mockito-core-2.7.19.jar:/home/spirals/danglot/.m2/repository/net/bytebuddy/byte-buddy/1.6.11/byte-buddy-1.6.11.jar:/home/spirals/danglot/.m2/repository/net/bytebuddy/byte-buddy-agent/1.6.11/byte-buddy-agent-1.6.11.jar:/home/spirals/danglot/.m2/repository/org/objenesis/objenesis/2.5/objenesis-2.5.jar:/home/spirals/danglot/.m2/repository/commons-dbcp/commons-dbcp/1.4/commons-dbcp-1.4.jar:/home/spirals/danglot/.m2/repository/commons-pool/commons-pool/1.5.4/commons-pool-1.5.4.jar:/home/spirals/danglot/.m2/repository/org/jboss/spec/javax/transaction/jboss-transaction-api_1.2_spec/1.0.1.Final/jboss-transaction-api_1.2_spec-1.0.1.Final.jar:/home/spirals/danglot/.m2/repository/org/apache/velocity/velocity/1.7/velocity-1.7.jar:/home/spirals/danglot/.m2/repository/commons-collections/commons-collections/3.2.1/commons-collections-3.2.1.jar:/home/spirals/danglot/.m2/repository/commons-lang/commons-lang/2.4/commons-lang-2.4.jar:/home/spirals/danglot/.m2/repository/postgresql/postgresql/9.1-901-1.jdbc4/postgresql-9.1-901-1.jdbc4.jar:/tmp/Ex2Amplifier-experiments/dataset/may-2018/mybatis-3/976/target/classes:/tmp/Ex2Amplifier-experiments/target/dspot/dependencies:/tmp/Ex2Amplifier-experiments/dataset/may-2018/mybatis-3/976/target/test-classes:lib/catg-dev.jar:, -d, /tmp/Ex2Amplifier-experiments/dataset/may-2018/mybatis-3/976/target/test-classes, -1.8, -proc:none, -preserveAllLocals, -noExit, -enableJavadoc, /tmp/Ex2Amplifier-experiments/target/dspot/tmp_test_sources/org/apache/ibatis/type/TypeHandlerRegistryTest.java]
[105901] WARN Launcher - warning: Syntax error on token "(", byte expected after this token at /tmp/Ex2Amplifier-experiments/TypeHandlerRegistryTest.java:150
[105901] DEBUG Launcher - compiled in 284 ms
[105907] INFO CATGExecutor - Running CATG: java -Xmx4096M -Xms2048M -Djanala.loggerClass=janala.logger.DirectConcolicExecution -Djanala.conf=/tmp/Ex2Amplifier-experiments/lib/catg.conf  -javaagent:/tmp/Ex2Amplifier-experiments/lib/catg-dev.jar  -cp /home/spirals/danglot/.m2/repository/ognl/ognl/3.1.14/ognl-3.1.14.jar:/home/spirals/danglot/.m2/repository/org/javassist/javassist/3.21.0-GA/javassist-3.21.0-GA.jar:/home/spirals/danglot/.m2/repository/org/mybatis/mybatis-typehandlers-jsr310/1.0.2/mybatis-typehandlers-jsr310-1.0.2.jar:/home/spirals/danglot/.m2/repository/org/slf4j/slf4j-api/1.7.25/slf4j-api-1.7.25.jar:/home/spirals/danglot/.m2/repository/org/slf4j/slf4j-log4j12/1.7.25/slf4j-log4j12-1.7.25.jar:/home/spirals/danglot/.m2/repository/log4j/log4j/1.2.17/log4j-1.2.17.jar:/home/spirals/danglot/.m2/repository/org/apache/logging/log4j/log4j-core/2.3/log4j-core-2.3.jar:/home/spirals/danglot/.m2/repository/org/apache/logging/log4j/log4j-api/2.3/log4j-api-2.3.jar:/home/spirals/danglot/.m2/repository/commons-logging/commons-logging/1.2/commons-logging-1.2.jar:/home/spirals/danglot/.m2/repository/cglib/cglib/3.2.5/cglib-3.2.5.jar:/home/spirals/danglot/.m2/repository/org/ow2/asm/asm/5.2/asm-5.2.jar:/home/spirals/danglot/.m2/repository/org/apache/ant/ant/1.9.6/ant-1.9.6.jar:/home/spirals/danglot/.m2/repository/org/apache/ant/ant-launcher/1.9.6/ant-launcher-1.9.6.jar:/home/spirals/danglot/.m2/repository/junit/junit/4.12/junit-4.12.jar:/home/spirals/danglot/.m2/repository/org/hamcrest/hamcrest-core/1.3/hamcrest-core-1.3.jar:/home/spirals/danglot/.m2/repository/org/hsqldb/hsqldb/2.3.4/hsqldb-2.3.4.jar:/home/spirals/danglot/.m2/repository/org/apache/derby/derby/10.12.1.1/derby-10.12.1.1.jar:/home/spirals/danglot/.m2/repository/org/mockito/mockito-core/2.7.19/mockito-core-2.7.19.jar:/home/spirals/danglot/.m2/repository/net/bytebuddy/byte-buddy/1.6.11/byte-buddy-1.6.11.jar:/home/spirals/danglot/.m2/repository/net/bytebuddy/byte-buddy-agent/1.6.11/byte-buddy-agent-1.6.11.jar:/home/spirals/danglot/.m2/repository/org/objenesis/objenesis/2.5/objenesis-2.5.jar:/home/spirals/danglot/.m2/repository/commons-dbcp/commons-dbcp/1.4/commons-dbcp-1.4.jar:/home/spirals/danglot/.m2/repository/commons-pool/commons-pool/1.5.4/commons-pool-1.5.4.jar:/home/spirals/danglot/.m2/repository/org/jboss/spec/javax/transaction/jboss-transaction-api_1.2_spec/1.0.1.Final/jboss-transaction-api_1.2_spec-1.0.1.Final.jar:/home/spirals/danglot/.m2/repository/org/apache/velocity/velocity/1.7/velocity-1.7.jar:/home/spirals/danglot/.m2/repository/commons-collections/commons-collections/3.2.1/commons-collections-3.2.1.jar:/home/spirals/danglot/.m2/repository/commons-lang/commons-lang/2.4/commons-lang-2.4.jar:/home/spirals/danglot/.m2/repository/postgresql/postgresql/9.1-901-1.jdbc4/postgresql-9.1-901-1.jdbc4.jar:/tmp/Ex2Amplifier-experiments/dataset/may-2018/mybatis-3/976/target/classes:/tmp/Ex2Amplifier-experiments/target/dspot/dependencies:/tmp/Ex2Amplifier-experiments/dataset/may-2018/mybatis-3/976/target/test-classes:lib/catg-dev.jar:/tmp/Ex2Amplifier-experiments/lib/catg-dev.jar:/tmp/Ex2Amplifier-experiments/lib/asm-all-5.0.4.jar:/tmp/Ex2Amplifier-experiments/lib/automaton-1.11-8.jar -ea org.apache.ibatis.type.TypeHandlerRegistryTest
Error: Could not find or load main class org.apache.ibatis.type.TypeHandlerRegistryTest
[106296] INFO Amplification - 0 new tests generated
[106296] INFO Amplification - 0 amplified test(s) has been selected, global: 0
[106296] INFO Amplification - amp shouldBindHandlersToWrapersAndPrimitivesIndividually (2/6)
[106316] DEBUG Launcher - printing org.apache.ibatis.type.TypeHandlerRegistryTest to /tmp/Ex2Amplifier-experiments/target/dspot/tmp_test_sources
[106354] WARN Launcher - Cannot load class: org.apache.ibatis.type.TypeHandlerRegistryTest$1MyDate with class loader sun.misc.Launcher$AppClassLoader@55f96302
[106356] WARN Launcher - Cannot load class: org.apache.ibatis.type.TypeHandlerRegistryTest$1MyDate with class loader sun.misc.Launcher$AppClassLoader@55f96302
[106360] WARN Launcher - Cannot load class: org.apache.ibatis.type.TypeHandlerRegistryTest$1MyDate1 with class loader sun.misc.Launcher$AppClassLoader@55f96302
[106361] WARN Launcher - Cannot load class: org.apache.ibatis.type.TypeHandlerRegistryTest$1MyDate1 with class loader sun.misc.Launcher$AppClassLoader@55f96302
[106364] WARN Launcher - Cannot load class: org.apache.ibatis.type.TypeHandlerRegistryTest$1MyDate2 with class loader sun.misc.Launcher$AppClassLoader@55f96302
[106365] WARN Launcher - Cannot load class: org.apache.ibatis.type.TypeHandlerRegistryTest$1MyDate2 with class loader sun.misc.Launcher$AppClassLoader@55f96302
[106528] WARN TestCompiler - 2 errors during compilation, discarding involved test methods
[106733] ERROR TestCompiler - Pb(204) Syntax error on token ".1", . expected
[106734] ERROR TestCompiler - Pb(204) Syntax error on token ".1", . expected
[106929] INFO EntryPoint - Run: java -cp /tmp/Ex2Amplifier-experiments/dataset/may-2018/mybatis-3/976/target/test-classes:/tmp/Ex2Amplifier-experiments/dataset/may-2018/mybatis-3/976/target/classes:/home/spirals/danglot/.m2/repository/ognl/ognl/3.1.14/ognl-3.1.14.jar:/home/spirals/danglot/.m2/repository/org/javassist/javassist/3.21.0-GA/javassist-3.21.0-GA.jar:/home/spirals/danglot/.m2/repository/org/mybatis/mybatis-typehandlers-jsr310/1.0.2/mybatis-typehandlers-jsr310-1.0.2.jar:/home/spirals/danglot/.m2/repository/org/slf4j/slf4j-api/1.7.25/slf4j-api-1.7.25.jar:/home/spirals/danglot/.m2/repository/org/slf4j/slf4j-log4j12/1.7.25/slf4j-log4j12-1.7.25.jar:/home/spirals/danglot/.m2/repository/log4j/log4j/1.2.17/log4j-1.2.17.jar:/home/spirals/danglot/.m2/repository/org/apache/logging/log4j/log4j-core/2.3/log4j-core-2.3.jar:/home/spirals/danglot/.m2/repository/org/apache/logging/log4j/log4j-api/2.3/log4j-api-2.3.jar:/home/spirals/danglot/.m2/repository/commons-logging/commons-logging/1.2/commons-logging-1.2.jar:/home/spirals/danglot/.m2/repository/cglib/cglib/3.2.5/cglib-3.2.5.jar:/home/spirals/danglot/.m2/repository/org/ow2/asm/asm/5.2/asm-5.2.jar:/home/spirals/danglot/.m2/repository/org/apache/ant/ant/1.9.6/ant-1.9.6.jar:/home/spirals/danglot/.m2/repository/org/apache/ant/ant-launcher/1.9.6/ant-launcher-1.9.6.jar:/home/spirals/danglot/.m2/repository/junit/junit/4.12/junit-4.12.jar:/home/spirals/danglot/.m2/repository/org/hamcrest/hamcrest-core/1.3/hamcrest-core-1.3.jar:/home/spirals/danglot/.m2/repository/org/hsqldb/hsqldb/2.3.4/hsqldb-2.3.4.jar:/home/spirals/danglot/.m2/repository/org/apache/derby/derby/10.12.1.1/derby-10.12.1.1.jar:/home/spirals/danglot/.m2/repository/org/mockito/mockito-core/2.7.19/mockito-core-2.7.19.jar:/home/spirals/danglot/.m2/repository/net/bytebuddy/byte-buddy/1.6.11/byte-buddy-1.6.11.jar:/home/spirals/danglot/.m2/repository/net/bytebuddy/byte-buddy-agent/1.6.11/byte-buddy-agent-1.6.11.jar:/home/spirals/danglot/.m2/repository/org/objenesis/objenesis/2.5/objenesis-2.5.jar:/home/spirals/danglot/.m2/repository/commons-dbcp/commons-dbcp/1.4/commons-dbcp-1.4.jar:/home/spirals/danglot/.m2/repository/commons-pool/commons-pool/1.5.4/commons-pool-1.5.4.jar:/home/spirals/danglot/.m2/repository/org/jboss/spec/javax/transaction/jboss-transaction-api_1.2_spec/1.0.1.Final/jboss-transaction-api_1.2_spec-1.0.1.Final.jar:/home/spirals/danglot/.m2/repository/org/apache/velocity/velocity/1.7/velocity-1.7.jar:/home/spirals/danglot/.m2/repository/commons-collections/commons-collections/3.2.1/commons-collections-3.2.1.jar:/home/spirals/danglot/.m2/repository/commons-lang/commons-lang/2.4/commons-lang-2.4.jar:/home/spirals/danglot/.m2/repository/postgresql/postgresql/9.1-901-1.jdbc4/postgresql-9.1-901-1.jdbc4.jar:/tmp/Ex2Amplifier-experiments/target/dspot/dependencies:/home/spirals/danglot/.m2/repository/eu/stamp-project/test-runner/1.0.8/test-runner-1.0.8-jar-with-dependencies.jar eu.stamp_project.testrunner.runner.test.TestRunner org.apache.ibatis.type.TypeHandlerRegistryTest shouldBindHandlersToWrapersAndPrimitivesIndividually
File saved to the following path: /tmp/Ex2Amplifier-experiments/dataset/may-2018/mybatis-3/976/target/dspot/TestListener.ser
[107783] INFO EntryPoint - Test has been run: shouldBindHandlersToWrapersAndPrimitivesIndividually
[107783] INFO Amplification - iteration 0:
[107783] INFO Amplification - 1 tests selected to be amplified over 1 available tests
[107783] INFO Amplification - Amplification of inputs...
100% |================================================== ]/
[107784] INFO Amplification - 0 new tests generated
[107784] INFO Amplification - 0 amplified test(s) has been selected, global: 0
[107784] INFO Amplification - amp shouldRegisterAndRetrieveTypeHandler (3/6)
[108002] WARN TestCompiler - 2 errors during compilation, discarding involved test methods
[108209] ERROR TestCompiler - Pb(204) Syntax error on token ".1", . expected
[108209] ERROR TestCompiler - Pb(204) Syntax error on token ".1", . expected
[108403] INFO EntryPoint - Run: java -cp /tmp/Ex2Amplifier-experiments/dataset/may-2018/mybatis-3/976/target/test-classes:/tmp/Ex2Amplifier-experiments/dataset/may-2018/mybatis-3/976/target/classes:/home/spirals/danglot/.m2/repository/ognl/ognl/3.1.14/ognl-3.1.14.jar:/home/spirals/danglot/.m2/repository/org/javassist/javassist/3.21.0-GA/javassist-3.21.0-GA.jar:/home/spirals/danglot/.m2/repository/org/mybatis/mybatis-typehandlers-jsr310/1.0.2/mybatis-typehandlers-jsr310-1.0.2.jar:/home/spirals/danglot/.m2/repository/org/slf4j/slf4j-api/1.7.25/slf4j-api-1.7.25.jar:/home/spirals/danglot/.m2/repository/org/slf4j/slf4j-log4j12/1.7.25/slf4j-log4j12-1.7.25.jar:/home/spirals/danglot/.m2/repository/log4j/log4j/1.2.17/log4j-1.2.17.jar:/home/spirals/danglot/.m2/repository/org/apache/logging/log4j/log4j-core/2.3/log4j-core-2.3.jar:/home/spirals/danglot/.m2/repository/org/apache/logging/log4j/log4j-api/2.3/log4j-api-2.3.jar:/home/spirals/danglot/.m2/repository/commons-logging/commons-logging/1.2/commons-logging-1.2.jar:/home/spirals/danglot/.m2/repository/cglib/cglib/3.2.5/cglib-3.2.5.jar:/home/spirals/danglot/.m2/repository/org/ow2/asm/asm/5.2/asm-5.2.jar:/home/spirals/danglot/.m2/repository/org/apache/ant/ant/1.9.6/ant-1.9.6.jar:/home/spirals/danglot/.m2/repository/org/apache/ant/ant-launcher/1.9.6/ant-launcher-1.9.6.jar:/home/spirals/danglot/.m2/repository/junit/junit/4.12/junit-4.12.jar:/home/spirals/danglot/.m2/repository/org/hamcrest/hamcrest-core/1.3/hamcrest-core-1.3.jar:/home/spirals/danglot/.m2/repository/org/hsqldb/hsqldb/2.3.4/hsqldb-2.3.4.jar:/home/spirals/danglot/.m2/repository/org/apache/derby/derby/10.12.1.1/derby-10.12.1.1.jar:/home/spirals/danglot/.m2/repository/org/mockito/mockito-core/2.7.19/mockito-core-2.7.19.jar:/home/spirals/danglot/.m2/repository/net/bytebuddy/byte-buddy/1.6.11/byte-buddy-1.6.11.jar:/home/spirals/danglot/.m2/repository/net/bytebuddy/byte-buddy-agent/1.6.11/byte-buddy-agent-1.6.11.jar:/home/spirals/danglot/.m2/repository/org/objenesis/objenesis/2.5/objenesis-2.5.jar:/home/spirals/danglot/.m2/repository/commons-dbcp/commons-dbcp/1.4/commons-dbcp-1.4.jar:/home/spirals/danglot/.m2/repository/commons-pool/commons-pool/1.5.4/commons-pool-1.5.4.jar:/home/spirals/danglot/.m2/repository/org/jboss/spec/javax/transaction/jboss-transaction-api_1.2_spec/1.0.1.Final/jboss-transaction-api_1.2_spec-1.0.1.Final.jar:/home/spirals/danglot/.m2/repository/org/apache/velocity/velocity/1.7/velocity-1.7.jar:/home/spirals/danglot/.m2/repository/commons-collections/commons-collections/3.2.1/commons-collections-3.2.1.jar:/home/spirals/danglot/.m2/repository/commons-lang/commons-lang/2.4/commons-lang-2.4.jar:/home/spirals/danglot/.m2/repository/postgresql/postgresql/9.1-901-1.jdbc4/postgresql-9.1-901-1.jdbc4.jar:/tmp/Ex2Amplifier-experiments/target/dspot/dependencies:/home/spirals/danglot/.m2/repository/eu/stamp-project/test-runner/1.0.8/test-runner-1.0.8-jar-with-dependencies.jar eu.stamp_project.testrunner.runner.test.TestRunner org.apache.ibatis.type.TypeHandlerRegistryTest shouldRegisterAndRetrieveTypeHandler
File saved to the following path: /tmp/Ex2Amplifier-experiments/dataset/may-2018/mybatis-3/976/target/dspot/TestListener.ser
[109264] INFO EntryPoint - Test has been run: shouldRegisterAndRetrieveTypeHandler
[109264] INFO Amplification - iteration 0:
[109264] INFO Amplification - 1 tests selected to be amplified over 1 available tests
[109264] INFO Amplification - Amplification of inputs...
100% |================================================== ]/
[109265] INFO Amplification - 0 new tests generated
[109266] INFO Amplification - 0 amplified test(s) has been selected, global: 0
[109266] INFO Amplification - amp shouldAutoRegisterAndRetrieveComplexTypeHandler (4/6)
[109485] WARN TestCompiler - 2 errors during compilation, discarding involved test methods
[109692] ERROR TestCompiler - Pb(204) Syntax error on token ".1", . expected
[109692] ERROR TestCompiler - Pb(204) Syntax error on token ".1", . expected
[109889] INFO EntryPoint - Run: java -cp /tmp/Ex2Amplifier-experiments/dataset/may-2018/mybatis-3/976/target/test-classes:/tmp/Ex2Amplifier-experiments/dataset/may-2018/mybatis-3/976/target/classes:/home/spirals/danglot/.m2/repository/ognl/ognl/3.1.14/ognl-3.1.14.jar:/home/spirals/danglot/.m2/repository/org/javassist/javassist/3.21.0-GA/javassist-3.21.0-GA.jar:/home/spirals/danglot/.m2/repository/org/mybatis/mybatis-typehandlers-jsr310/1.0.2/mybatis-typehandlers-jsr310-1.0.2.jar:/home/spirals/danglot/.m2/repository/org/slf4j/slf4j-api/1.7.25/slf4j-api-1.7.25.jar:/home/spirals/danglot/.m2/repository/org/slf4j/slf4j-log4j12/1.7.25/slf4j-log4j12-1.7.25.jar:/home/spirals/danglot/.m2/repository/log4j/log4j/1.2.17/log4j-1.2.17.jar:/home/spirals/danglot/.m2/repository/org/apache/logging/log4j/log4j-core/2.3/log4j-core-2.3.jar:/home/spirals/danglot/.m2/repository/org/apache/logging/log4j/log4j-api/2.3/log4j-api-2.3.jar:/home/spirals/danglot/.m2/repository/commons-logging/commons-logging/1.2/commons-logging-1.2.jar:/home/spirals/danglot/.m2/repository/cglib/cglib/3.2.5/cglib-3.2.5.jar:/home/spirals/danglot/.m2/repository/org/ow2/asm/asm/5.2/asm-5.2.jar:/home/spirals/danglot/.m2/repository/org/apache/ant/ant/1.9.6/ant-1.9.6.jar:/home/spirals/danglot/.m2/repository/org/apache/ant/ant-launcher/1.9.6/ant-launcher-1.9.6.jar:/home/spirals/danglot/.m2/repository/junit/junit/4.12/junit-4.12.jar:/home/spirals/danglot/.m2/repository/org/hamcrest/hamcrest-core/1.3/hamcrest-core-1.3.jar:/home/spirals/danglot/.m2/repository/org/hsqldb/hsqldb/2.3.4/hsqldb-2.3.4.jar:/home/spirals/danglot/.m2/repository/org/apache/derby/derby/10.12.1.1/derby-10.12.1.1.jar:/home/spirals/danglot/.m2/repository/org/mockito/mockito-core/2.7.19/mockito-core-2.7.19.jar:/home/spirals/danglot/.m2/repository/net/bytebuddy/byte-buddy/1.6.11/byte-buddy-1.6.11.jar:/home/spirals/danglot/.m2/repository/net/bytebuddy/byte-buddy-agent/1.6.11/byte-buddy-agent-1.6.11.jar:/home/spirals/danglot/.m2/repository/org/objenesis/objenesis/2.5/objenesis-2.5.jar:/home/spirals/danglot/.m2/repository/commons-dbcp/commons-dbcp/1.4/commons-dbcp-1.4.jar:/home/spirals/danglot/.m2/repository/commons-pool/commons-pool/1.5.4/commons-pool-1.5.4.jar:/home/spirals/danglot/.m2/repository/org/jboss/spec/javax/transaction/jboss-transaction-api_1.2_spec/1.0.1.Final/jboss-transaction-api_1.2_spec-1.0.1.Final.jar:/home/spirals/danglot/.m2/repository/org/apache/velocity/velocity/1.7/velocity-1.7.jar:/home/spirals/danglot/.m2/repository/commons-collections/commons-collections/3.2.1/commons-collections-3.2.1.jar:/home/spirals/danglot/.m2/repository/commons-lang/commons-lang/2.4/commons-lang-2.4.jar:/home/spirals/danglot/.m2/repository/postgresql/postgresql/9.1-901-1.jdbc4/postgresql-9.1-901-1.jdbc4.jar:/tmp/Ex2Amplifier-experiments/target/dspot/dependencies:/home/spirals/danglot/.m2/repository/eu/stamp-project/test-runner/1.0.8/test-runner-1.0.8-jar-with-dependencies.jar eu.stamp_project.testrunner.runner.test.TestRunner org.apache.ibatis.type.TypeHandlerRegistryTest shouldAutoRegisterAndRetrieveComplexTypeHandler
File saved to the following path: /tmp/Ex2Amplifier-experiments/dataset/may-2018/mybatis-3/976/target/dspot/TestListener.ser
[110760] INFO EntryPoint - Test has been run: shouldAutoRegisterAndRetrieveComplexTypeHandler
[110761] INFO Amplification - iteration 0:
[110761] INFO Amplification - 1 tests selected to be amplified over 1 available tests
[110761] INFO Amplification - Amplification of inputs...
100% |================================================== ]/
[110761] INFO Amplification - 0 new tests generated
[110761] INFO Amplification - 0 amplified test(s) has been selected, global: 0
[110761] INFO Amplification - amp shouldRegisterAndRetrieveComplexTypeHandler (5/6)
[110899] WARN TestCompiler - 2 errors during compilation, discarding involved test methods
[111023] ERROR TestCompiler - Pb(204) Syntax error on token ".1", . expected
[111023] ERROR TestCompiler - Pb(204) Syntax error on token ".1", . expected
[111142] INFO EntryPoint - Run: java -cp /tmp/Ex2Amplifier-experiments/dataset/may-2018/mybatis-3/976/target/test-classes:/tmp/Ex2Amplifier-experiments/dataset/may-2018/mybatis-3/976/target/classes:/home/spirals/danglot/.m2/repository/ognl/ognl/3.1.14/ognl-3.1.14.jar:/home/spirals/danglot/.m2/repository/org/javassist/javassist/3.21.0-GA/javassist-3.21.0-GA.jar:/home/spirals/danglot/.m2/repository/org/mybatis/mybatis-typehandlers-jsr310/1.0.2/mybatis-typehandlers-jsr310-1.0.2.jar:/home/spirals/danglot/.m2/repository/org/slf4j/slf4j-api/1.7.25/slf4j-api-1.7.25.jar:/home/spirals/danglot/.m2/repository/org/slf4j/slf4j-log4j12/1.7.25/slf4j-log4j12-1.7.25.jar:/home/spirals/danglot/.m2/repository/log4j/log4j/1.2.17/log4j-1.2.17.jar:/home/spirals/danglot/.m2/repository/org/apache/logging/log4j/log4j-core/2.3/log4j-core-2.3.jar:/home/spirals/danglot/.m2/repository/org/apache/logging/log4j/log4j-api/2.3/log4j-api-2.3.jar:/home/spirals/danglot/.m2/repository/commons-logging/commons-logging/1.2/commons-logging-1.2.jar:/home/spirals/danglot/.m2/repository/cglib/cglib/3.2.5/cglib-3.2.5.jar:/home/spirals/danglot/.m2/repository/org/ow2/asm/asm/5.2/asm-5.2.jar:/home/spirals/danglot/.m2/repository/org/apache/ant/ant/1.9.6/ant-1.9.6.jar:/home/spirals/danglot/.m2/repository/org/apache/ant/ant-launcher/1.9.6/ant-launcher-1.9.6.jar:/home/spirals/danglot/.m2/repository/junit/junit/4.12/junit-4.12.jar:/home/spirals/danglot/.m2/repository/org/hamcrest/hamcrest-core/1.3/hamcrest-core-1.3.jar:/home/spirals/danglot/.m2/repository/org/hsqldb/hsqldb/2.3.4/hsqldb-2.3.4.jar:/home/spirals/danglot/.m2/repository/org/apache/derby/derby/10.12.1.1/derby-10.12.1.1.jar:/home/spirals/danglot/.m2/repository/org/mockito/mockito-core/2.7.19/mockito-core-2.7.19.jar:/home/spirals/danglot/.m2/repository/net/bytebuddy/byte-buddy/1.6.11/byte-buddy-1.6.11.jar:/home/spirals/danglot/.m2/repository/net/bytebuddy/byte-buddy-agent/1.6.11/byte-buddy-agent-1.6.11.jar:/home/spirals/danglot/.m2/repository/org/objenesis/objenesis/2.5/objenesis-2.5.jar:/home/spirals/danglot/.m2/repository/commons-dbcp/commons-dbcp/1.4/commons-dbcp-1.4.jar:/home/spirals/danglot/.m2/repository/commons-pool/commons-pool/1.5.4/commons-pool-1.5.4.jar:/home/spirals/danglot/.m2/repository/org/jboss/spec/javax/transaction/jboss-transaction-api_1.2_spec/1.0.1.Final/jboss-transaction-api_1.2_spec-1.0.1.Final.jar:/home/spirals/danglot/.m2/repository/org/apache/velocity/velocity/1.7/velocity-1.7.jar:/home/spirals/danglot/.m2/repository/commons-collections/commons-collections/3.2.1/commons-collections-3.2.1.jar:/home/spirals/danglot/.m2/repository/commons-lang/commons-lang/2.4/commons-lang-2.4.jar:/home/spirals/danglot/.m2/repository/postgresql/postgresql/9.1-901-1.jdbc4/postgresql-9.1-901-1.jdbc4.jar:/tmp/Ex2Amplifier-experiments/target/dspot/dependencies:/home/spirals/danglot/.m2/repository/eu/stamp-project/test-runner/1.0.8/test-runner-1.0.8-jar-with-dependencies.jar eu.stamp_project.testrunner.runner.test.TestRunner org.apache.ibatis.type.TypeHandlerRegistryTest shouldRegisterAndRetrieveComplexTypeHandler
File saved to the following path: /tmp/Ex2Amplifier-experiments/dataset/may-2018/mybatis-3/976/target/dspot/TestListener.ser
[112013] INFO EntryPoint - Test has been run: shouldRegisterAndRetrieveComplexTypeHandler
[112013] INFO Amplification - iteration 0:
[112013] INFO Amplification - 1 tests selected to be amplified over 1 available tests
[112013] INFO Amplification - Amplification of inputs...
100% |================================================== ]/
[112014] INFO Amplification - 0 new tests generated
[112014] INFO Amplification - 0 amplified test(s) has been selected, global: 0
[112014] INFO Amplification - amp shouldReturnHandlerForSuperclassIfRegistered (6/6)
[112239] WARN TestCompiler - 2 errors during compilation, discarding involved test methods
[112442] ERROR TestCompiler - Pb(204) Syntax error on token ".1", . expected
[112442] ERROR TestCompiler - Pb(204) Syntax error on token ".1", . expected
[112648] INFO EntryPoint - Run: java -cp /tmp/Ex2Amplifier-experiments/dataset/may-2018/mybatis-3/976/target/test-classes:/tmp/Ex2Amplifier-experiments/dataset/may-2018/mybatis-3/976/target/classes:/home/spirals/danglot/.m2/repository/ognl/ognl/3.1.14/ognl-3.1.14.jar:/home/spirals/danglot/.m2/repository/org/javassist/javassist/3.21.0-GA/javassist-3.21.0-GA.jar:/home/spirals/danglot/.m2/repository/org/mybatis/mybatis-typehandlers-jsr310/1.0.2/mybatis-typehandlers-jsr310-1.0.2.jar:/home/spirals/danglot/.m2/repository/org/slf4j/slf4j-api/1.7.25/slf4j-api-1.7.25.jar:/home/spirals/danglot/.m2/repository/org/slf4j/slf4j-log4j12/1.7.25/slf4j-log4j12-1.7.25.jar:/home/spirals/danglot/.m2/repository/log4j/log4j/1.2.17/log4j-1.2.17.jar:/home/spirals/danglot/.m2/repository/org/apache/logging/log4j/log4j-core/2.3/log4j-core-2.3.jar:/home/spirals/danglot/.m2/repository/org/apache/logging/log4j/log4j-api/2.3/log4j-api-2.3.jar:/home/spirals/danglot/.m2/repository/commons-logging/commons-logging/1.2/commons-logging-1.2.jar:/home/spirals/danglot/.m2/repository/cglib/cglib/3.2.5/cglib-3.2.5.jar:/home/spirals/danglot/.m2/repository/org/ow2/asm/asm/5.2/asm-5.2.jar:/home/spirals/danglot/.m2/repository/org/apache/ant/ant/1.9.6/ant-1.9.6.jar:/home/spirals/danglot/.m2/repository/org/apache/ant/ant-launcher/1.9.6/ant-launcher-1.9.6.jar:/home/spirals/danglot/.m2/repository/junit/junit/4.12/junit-4.12.jar:/home/spirals/danglot/.m2/repository/org/hamcrest/hamcrest-core/1.3/hamcrest-core-1.3.jar:/home/spirals/danglot/.m2/repository/org/hsqldb/hsqldb/2.3.4/hsqldb-2.3.4.jar:/home/spirals/danglot/.m2/repository/org/apache/derby/derby/10.12.1.1/derby-10.12.1.1.jar:/home/spirals/danglot/.m2/repository/org/mockito/mockito-core/2.7.19/mockito-core-2.7.19.jar:/home/spirals/danglot/.m2/repository/net/bytebuddy/byte-buddy/1.6.11/byte-buddy-1.6.11.jar:/home/spirals/danglot/.m2/repository/net/bytebuddy/byte-buddy-agent/1.6.11/byte-buddy-agent-1.6.11.jar:/home/spirals/danglot/.m2/repository/org/objenesis/objenesis/2.5/objenesis-2.5.jar:/home/spirals/danglot/.m2/repository/commons-dbcp/commons-dbcp/1.4/commons-dbcp-1.4.jar:/home/spirals/danglot/.m2/repository/commons-pool/commons-pool/1.5.4/commons-pool-1.5.4.jar:/home/spirals/danglot/.m2/repository/org/jboss/spec/javax/transaction/jboss-transaction-api_1.2_spec/1.0.1.Final/jboss-transaction-api_1.2_spec-1.0.1.Final.jar:/home/spirals/danglot/.m2/repository/org/apache/velocity/velocity/1.7/velocity-1.7.jar:/home/spirals/danglot/.m2/repository/commons-collections/commons-collections/3.2.1/commons-collections-3.2.1.jar:/home/spirals/danglot/.m2/repository/commons-lang/commons-lang/2.4/commons-lang-2.4.jar:/home/spirals/danglot/.m2/repository/postgresql/postgresql/9.1-901-1.jdbc4/postgresql-9.1-901-1.jdbc4.jar:/tmp/Ex2Amplifier-experiments/target/dspot/dependencies:/home/spirals/danglot/.m2/repository/eu/stamp-project/test-runner/1.0.8/test-runner-1.0.8-jar-with-dependencies.jar eu.stamp_project.testrunner.runner.test.TestRunner org.apache.ibatis.type.TypeHandlerRegistryTest shouldReturnHandlerForSuperclassIfRegistered
File saved to the following path: /tmp/Ex2Amplifier-experiments/dataset/may-2018/mybatis-3/976/target/dspot/TestListener.ser
[113514] INFO EntryPoint - Test has been run: shouldReturnHandlerForSuperclassIfRegistered
[113514] INFO Amplification - iteration 0:
[113514] INFO Amplification - 1 tests selected to be amplified over 1 available tests
[113514] INFO Amplification - Amplification of inputs...
100% |================================================== ]/
[113770] DEBUG Launcher - building sources: [/tmp/Ex2Amplifier-experiments/target/dspot/tmp_test_sources/org/apache/ibatis/type/TypeHandlerRegistryTest.java]
[113771] DEBUG Launcher - build args: [-encoding, UTF-8, -cp, /home/spirals/danglot/.m2/repository/ognl/ognl/3.1.14/ognl-3.1.14.jar:/home/spirals/danglot/.m2/repository/org/javassist/javassist/3.21.0-GA/javassist-3.21.0-GA.jar:/home/spirals/danglot/.m2/repository/org/mybatis/mybatis-typehandlers-jsr310/1.0.2/mybatis-typehandlers-jsr310-1.0.2.jar:/home/spirals/danglot/.m2/repository/org/slf4j/slf4j-api/1.7.25/slf4j-api-1.7.25.jar:/home/spirals/danglot/.m2/repository/org/slf4j/slf4j-log4j12/1.7.25/slf4j-log4j12-1.7.25.jar:/home/spirals/danglot/.m2/repository/log4j/log4j/1.2.17/log4j-1.2.17.jar:/home/spirals/danglot/.m2/repository/org/apache/logging/log4j/log4j-core/2.3/log4j-core-2.3.jar:/home/spirals/danglot/.m2/repository/org/apache/logging/log4j/log4j-api/2.3/log4j-api-2.3.jar:/home/spirals/danglot/.m2/repository/commons-logging/commons-logging/1.2/commons-logging-1.2.jar:/home/spirals/danglot/.m2/repository/cglib/cglib/3.2.5/cglib-3.2.5.jar:/home/spirals/danglot/.m2/repository/org/ow2/asm/asm/5.2/asm-5.2.jar:/home/spirals/danglot/.m2/repository/org/apache/ant/ant/1.9.6/ant-1.9.6.jar:/home/spirals/danglot/.m2/repository/org/apache/ant/ant-launcher/1.9.6/ant-launcher-1.9.6.jar:/home/spirals/danglot/.m2/repository/junit/junit/4.12/junit-4.12.jar:/home/spirals/danglot/.m2/repository/org/hamcrest/hamcrest-core/1.3/hamcrest-core-1.3.jar:/home/spirals/danglot/.m2/repository/org/hsqldb/hsqldb/2.3.4/hsqldb-2.3.4.jar:/home/spirals/danglot/.m2/repository/org/apache/derby/derby/10.12.1.1/derby-10.12.1.1.jar:/home/spirals/danglot/.m2/repository/org/mockito/mockito-core/2.7.19/mockito-core-2.7.19.jar:/home/spirals/danglot/.m2/repository/net/bytebuddy/byte-buddy/1.6.11/byte-buddy-1.6.11.jar:/home/spirals/danglot/.m2/repository/net/bytebuddy/byte-buddy-agent/1.6.11/byte-buddy-agent-1.6.11.jar:/home/spirals/danglot/.m2/repository/org/objenesis/objenesis/2.5/objenesis-2.5.jar:/home/spirals/danglot/.m2/repository/commons-dbcp/commons-dbcp/1.4/commons-dbcp-1.4.jar:/home/spirals/danglot/.m2/repository/commons-pool/commons-pool/1.5.4/commons-pool-1.5.4.jar:/home/spirals/danglot/.m2/repository/org/jboss/spec/javax/transaction/jboss-transaction-api_1.2_spec/1.0.1.Final/jboss-transaction-api_1.2_spec-1.0.1.Final.jar:/home/spirals/danglot/.m2/repository/org/apache/velocity/velocity/1.7/velocity-1.7.jar:/home/spirals/danglot/.m2/repository/commons-collections/commons-collections/3.2.1/commons-collections-3.2.1.jar:/home/spirals/danglot/.m2/repository/commons-lang/commons-lang/2.4/commons-lang-2.4.jar:/home/spirals/danglot/.m2/repository/postgresql/postgresql/9.1-901-1.jdbc4/postgresql-9.1-901-1.jdbc4.jar:/tmp/Ex2Amplifier-experiments/dataset/may-2018/mybatis-3/976/target/classes:/tmp/Ex2Amplifier-experiments/target/dspot/dependencies:/tmp/Ex2Amplifier-experiments/dataset/may-2018/mybatis-3/976/target/test-classes:lib/catg-dev.jar:, -1.8, -preserveAllLocals, -noExit, -enableJavadoc, /tmp/Ex2Amplifier-experiments/target/dspot/tmp_test_sources/org/apache/ibatis/type/TypeHandlerRegistryTest.java]
[113919] WARN Launcher - warning: Syntax error on token ".1", . expected at /tmp/Ex2Amplifier-experiments/target/dspot/tmp_test_sources/org/apache/ibatis/type/TypeHandlerRegistryTest.java:161
[113919] WARN Launcher - warning: Syntax error on token ".1", . expected at /tmp/Ex2Amplifier-experiments/target/dspot/tmp_test_sources/org/apache/ibatis/type/TypeHandlerRegistryTest.java:164
[113919] WARN Launcher - warning: The field serialVersionUID cannot be declared static in a non-static inner type, unless initialized with a constant expression at /tmp/Ex2Amplifier-experiments/target/dspot/tmp_test_sources/org/apache/ibatis/type/TypeHandlerRegistryTest.java:186
[113919] DEBUG Launcher - built in 149 ms
[113919] DEBUG Launcher - building templates: []
[113919] DEBUG Launcher - built in 0 ms
[113921] DEBUG Launcher - model built in 151
[113921] DEBUG Launcher - compiling sources: [/tmp/Ex2Amplifier-experiments/target/dspot/tmp_test_sources/org/apache/ibatis/type/TypeHandlerRegistryTest.java]
[113923] DEBUG Launcher - compile args: [-encoding, UTF-8, -cp, /home/spirals/danglot/.m2/repository/ognl/ognl/3.1.14/ognl-3.1.14.jar:/home/spirals/danglot/.m2/repository/org/javassist/javassist/3.21.0-GA/javassist-3.21.0-GA.jar:/home/spirals/danglot/.m2/repository/org/mybatis/mybatis-typehandlers-jsr310/1.0.2/mybatis-typehandlers-jsr310-1.0.2.jar:/home/spirals/danglot/.m2/repository/org/slf4j/slf4j-api/1.7.25/slf4j-api-1.7.25.jar:/home/spirals/danglot/.m2/repository/org/slf4j/slf4j-log4j12/1.7.25/slf4j-log4j12-1.7.25.jar:/home/spirals/danglot/.m2/repository/log4j/log4j/1.2.17/log4j-1.2.17.jar:/home/spirals/danglot/.m2/repository/org/apache/logging/log4j/log4j-core/2.3/log4j-core-2.3.jar:/home/spirals/danglot/.m2/repository/org/apache/logging/log4j/log4j-api/2.3/log4j-api-2.3.jar:/home/spirals/danglot/.m2/repository/commons-logging/commons-logging/1.2/commons-logging-1.2.jar:/home/spirals/danglot/.m2/repository/cglib/cglib/3.2.5/cglib-3.2.5.jar:/home/spirals/danglot/.m2/repository/org/ow2/asm/asm/5.2/asm-5.2.jar:/home/spirals/danglot/.m2/repository/org/apache/ant/ant/1.9.6/ant-1.9.6.jar:/home/spirals/danglot/.m2/repository/org/apache/ant/ant-launcher/1.9.6/ant-launcher-1.9.6.jar:/home/spirals/danglot/.m2/repository/junit/junit/4.12/junit-4.12.jar:/home/spirals/danglot/.m2/repository/org/hamcrest/hamcrest-core/1.3/hamcrest-core-1.3.jar:/home/spirals/danglot/.m2/repository/org/hsqldb/hsqldb/2.3.4/hsqldb-2.3.4.jar:/home/spirals/danglot/.m2/repository/org/apache/derby/derby/10.12.1.1/derby-10.12.1.1.jar:/home/spirals/danglot/.m2/repository/org/mockito/mockito-core/2.7.19/mockito-core-2.7.19.jar:/home/spirals/danglot/.m2/repository/net/bytebuddy/byte-buddy/1.6.11/byte-buddy-1.6.11.jar:/home/spirals/danglot/.m2/repository/net/bytebuddy/byte-buddy-agent/1.6.11/byte-buddy-agent-1.6.11.jar:/home/spirals/danglot/.m2/repository/org/objenesis/objenesis/2.5/objenesis-2.5.jar:/home/spirals/danglot/.m2/repository/commons-dbcp/commons-dbcp/1.4/commons-dbcp-1.4.jar:/home/spirals/danglot/.m2/repository/commons-pool/commons-pool/1.5.4/commons-pool-1.5.4.jar:/home/spirals/danglot/.m2/repository/org/jboss/spec/javax/transaction/jboss-transaction-api_1.2_spec/1.0.1.Final/jboss-transaction-api_1.2_spec-1.0.1.Final.jar:/home/spirals/danglot/.m2/repository/org/apache/velocity/velocity/1.7/velocity-1.7.jar:/home/spirals/danglot/.m2/repository/commons-collections/commons-collections/3.2.1/commons-collections-3.2.1.jar:/home/spirals/danglot/.m2/repository/commons-lang/commons-lang/2.4/commons-lang-2.4.jar:/home/spirals/danglot/.m2/repository/postgresql/postgresql/9.1-901-1.jdbc4/postgresql-9.1-901-1.jdbc4.jar:/tmp/Ex2Amplifier-experiments/dataset/may-2018/mybatis-3/976/target/classes:/tmp/Ex2Amplifier-experiments/target/dspot/dependencies:/tmp/Ex2Amplifier-experiments/dataset/may-2018/mybatis-3/976/target/test-classes:lib/catg-dev.jar:, -d, /tmp/Ex2Amplifier-experiments/dataset/may-2018/mybatis-3/976/target/test-classes, -1.8, -proc:none, -preserveAllLocals, -noExit, -enableJavadoc, /tmp/Ex2Amplifier-experiments/target/dspot/tmp_test_sources/org/apache/ibatis/type/TypeHandlerRegistryTest.java]
[114170] WARN Launcher - warning: Syntax error on token "(", byte expected after this token at /tmp/Ex2Amplifier-experiments/TypeHandlerRegistryTest.java:150
[114171] WARN Launcher - warning: The field serialVersionUID cannot be declared static in a non-static inner type, unless initialized with a constant expression at /tmp/Ex2Amplifier-experiments/TypeHandlerRegistryTest.java:172
[114171] DEBUG Launcher - compiled in 250 ms
[114172] INFO CATGExecutor - Running CATG: java -Xmx4096M -Xms2048M -Djanala.loggerClass=janala.logger.DirectConcolicExecution -Djanala.conf=/tmp/Ex2Amplifier-experiments/lib/catg.conf  -javaagent:/tmp/Ex2Amplifier-experiments/lib/catg-dev.jar  -cp /home/spirals/danglot/.m2/repository/ognl/ognl/3.1.14/ognl-3.1.14.jar:/home/spirals/danglot/.m2/repository/org/javassist/javassist/3.21.0-GA/javassist-3.21.0-GA.jar:/home/spirals/danglot/.m2/repository/org/mybatis/mybatis-typehandlers-jsr310/1.0.2/mybatis-typehandlers-jsr310-1.0.2.jar:/home/spirals/danglot/.m2/repository/org/slf4j/slf4j-api/1.7.25/slf4j-api-1.7.25.jar:/home/spirals/danglot/.m2/repository/org/slf4j/slf4j-log4j12/1.7.25/slf4j-log4j12-1.7.25.jar:/home/spirals/danglot/.m2/repository/log4j/log4j/1.2.17/log4j-1.2.17.jar:/home/spirals/danglot/.m2/repository/org/apache/logging/log4j/log4j-core/2.3/log4j-core-2.3.jar:/home/spirals/danglot/.m2/repository/org/apache/logging/log4j/log4j-api/2.3/log4j-api-2.3.jar:/home/spirals/danglot/.m2/repository/commons-logging/commons-logging/1.2/commons-logging-1.2.jar:/home/spirals/danglot/.m2/repository/cglib/cglib/3.2.5/cglib-3.2.5.jar:/home/spirals/danglot/.m2/repository/org/ow2/asm/asm/5.2/asm-5.2.jar:/home/spirals/danglot/.m2/repository/org/apache/ant/ant/1.9.6/ant-1.9.6.jar:/home/spirals/danglot/.m2/repository/org/apache/ant/ant-launcher/1.9.6/ant-launcher-1.9.6.jar:/home/spirals/danglot/.m2/repository/junit/junit/4.12/junit-4.12.jar:/home/spirals/danglot/.m2/repository/org/hamcrest/hamcrest-core/1.3/hamcrest-core-1.3.jar:/home/spirals/danglot/.m2/repository/org/hsqldb/hsqldb/2.3.4/hsqldb-2.3.4.jar:/home/spirals/danglot/.m2/repository/org/apache/derby/derby/10.12.1.1/derby-10.12.1.1.jar:/home/spirals/danglot/.m2/repository/org/mockito/mockito-core/2.7.19/mockito-core-2.7.19.jar:/home/spirals/danglot/.m2/repository/net/bytebuddy/byte-buddy/1.6.11/byte-buddy-1.6.11.jar:/home/spirals/danglot/.m2/repository/net/bytebuddy/byte-buddy-agent/1.6.11/byte-buddy-agent-1.6.11.jar:/home/spirals/danglot/.m2/repository/org/objenesis/objenesis/2.5/objenesis-2.5.jar:/home/spirals/danglot/.m2/repository/commons-dbcp/commons-dbcp/1.4/commons-dbcp-1.4.jar:/home/spirals/danglot/.m2/repository/commons-pool/commons-pool/1.5.4/commons-pool-1.5.4.jar:/home/spirals/danglot/.m2/repository/org/jboss/spec/javax/transaction/jboss-transaction-api_1.2_spec/1.0.1.Final/jboss-transaction-api_1.2_spec-1.0.1.Final.jar:/home/spirals/danglot/.m2/repository/org/apache/velocity/velocity/1.7/velocity-1.7.jar:/home/spirals/danglot/.m2/repository/commons-collections/commons-collections/3.2.1/commons-collections-3.2.1.jar:/home/spirals/danglot/.m2/repository/commons-lang/commons-lang/2.4/commons-lang-2.4.jar:/home/spirals/danglot/.m2/repository/postgresql/postgresql/9.1-901-1.jdbc4/postgresql-9.1-901-1.jdbc4.jar:/tmp/Ex2Amplifier-experiments/dataset/may-2018/mybatis-3/976/target/classes:/tmp/Ex2Amplifier-experiments/target/dspot/dependencies:/tmp/Ex2Amplifier-experiments/dataset/may-2018/mybatis-3/976/target/test-classes:lib/catg-dev.jar:/tmp/Ex2Amplifier-experiments/lib/catg-dev.jar:/tmp/Ex2Amplifier-experiments/lib/asm-all-5.0.4.jar:/tmp/Ex2Amplifier-experiments/lib/automaton-1.11-8.jar -ea org.apache.ibatis.type.TypeHandlerRegistryTest
Error: Could not find or load main class org.apache.ibatis.type.TypeHandlerRegistryTest
[114554] INFO Amplification - 0 new tests generated
[114554] INFO Amplification - 0 amplified test(s) has been selected, global: 0
[114554] INFO DSpot - elapsedTime 19784
======= REPORT =======
0 amplified test fails on the new versions.

[114669] INFO DSpot - Print AmplTypeHandlerRegistryTest with 0?amplified test cases in results/may-2018/mybatis-3/976/CATG
[114671] DEBUG Launcher - printing org.apache.ibatis.type.AmplTypeHandlerRegistryTest to /tmp/Ex2Amplifier-experiments/results/may-2018/mybatis-3/976/CATG
