SLF4J: Class path contains multiple SLF4J bindings.
SLF4J: Found binding in [jar:file:/home/spirals/danglot/.m2/repository/eu/stamp-project/test-runner/1.0.8/test-runner-1.0.8-jar-with-dependencies.jar!/org/slf4j/impl/StaticLoggerBinder.class]
SLF4J: Found binding in [jar:file:/home/spirals/danglot/.m2/repository/org/slf4j/slf4j-log4j12/1.7.25/slf4j-log4j12-1.7.25.jar!/org/slf4j/impl/StaticLoggerBinder.class]
SLF4J: See http://www.slf4j.org/codes.html#multiple_bindings for an explanation.
SLF4J: Actual binding is of type [org.slf4j.impl.Log4jLoggerFactory]
[0] WARN AutomaticBuilderFactory - No automatic builder specified in configuration, going to default.
[0] INFO AutomaticBuilderFactory - Default: provided Maven automatic builder.
[18] INFO MavenAutomaticBuilder - run maven clean test -DskipTests dependency:build-classpath -Dmdep.outputFile=target/dspot/classpath
[WARN] Maven will be executed in interactive mode, but no input stream has been configured for this MavenInvoker instance.
[INFO] Scanning for projects...
[INFO]                                                                         
[INFO] ------------------------------------------------------------------------
[INFO] Building mybatis 3.4.5-SNAPSHOT
[INFO] ------------------------------------------------------------------------
[INFO] 
[INFO] --- maven-clean-plugin:3.0.0:clean (default-clean) @ mybatis ---
[INFO] Deleting /tmp/Ex2Amplifier-experiments/dataset/may-2018/mybatis-3/1070_modified/target
[INFO] 
[INFO] --- maven-enforcer-plugin:1.4.1:enforce (enforce-java) @ mybatis ---
[INFO] Skipping Rule Enforcement.
[INFO] 
[INFO] --- jacoco-maven-plugin:0.7.9:prepare-agent (prepare-agent) @ mybatis ---
[INFO] argLine set to -javaagent:/home/spirals/danglot/.m2/repository/org/jacoco/org.jacoco.agent/0.7.9/org.jacoco.agent-0.7.9-runtime.jar=destfile=/tmp/Ex2Amplifier-experiments/dataset/may-2018/mybatis-3/1070_modified/target/jacoco.exec,excludes=org.apache.ibatis.ognl.*:org.apache.ibatis.javassist.*
[INFO] 
[INFO] --- maven-resources-plugin:3.0.2:resources (default-resources) @ mybatis ---
[INFO] Using 'UTF-8' encoding to copy filtered resources.
[INFO] Copying 2 resources to META-INF
[INFO] Copying 2 resources
[INFO] 
[INFO] --- maven-compiler-plugin:3.6.1:compile (default-compile) @ mybatis ---
[INFO] Compiling 380 source files to /tmp/Ex2Amplifier-experiments/dataset/may-2018/mybatis-3/1070_modified/target/classes
[INFO] /tmp/Ex2Amplifier-experiments/dataset/may-2018/mybatis-3/1070_modified/src/main/java/org/apache/ibatis/reflection/MetaObject.java: Some input files use unchecked or unsafe operations.
[INFO] /tmp/Ex2Amplifier-experiments/dataset/may-2018/mybatis-3/1070_modified/src/main/java/org/apache/ibatis/reflection/MetaObject.java: Recompile with -Xlint:unchecked for details.
[INFO] 
[INFO] --- license-maven-plugin:3.0:format (default) @ mybatis ---
[INFO] 
[INFO] --- animal-sniffer-maven-plugin:1.15:check (check-java-1.6-compat) @ mybatis ---
[INFO] Checking unresolved references to org.codehaus.mojo.signature:java16:1.1
[INFO] 
[INFO] --- maven-bundle-plugin:3.3.0:manifest (bundle-manifest) @ mybatis ---
[INFO] 
[INFO] --- maven-resources-plugin:3.0.2:testResources (default-testResources) @ mybatis ---
[INFO] Using 'UTF-8' encoding to copy filtered resources.
[INFO] Copying 456 resources
[INFO] 
[INFO] --- maven-compiler-plugin:3.6.1:testCompile (default-testCompile) @ mybatis ---
[INFO] Compiling 739 source files to /tmp/Ex2Amplifier-experiments/dataset/may-2018/mybatis-3/1070_modified/target/test-classes
[INFO] /tmp/Ex2Amplifier-experiments/dataset/may-2018/mybatis-3/1070_modified/src/test/java/org/apache/ibatis/jdbc/SelectBuilderTest.java: Some input files use or override a deprecated API.
[INFO] /tmp/Ex2Amplifier-experiments/dataset/may-2018/mybatis-3/1070_modified/src/test/java/org/apache/ibatis/jdbc/SelectBuilderTest.java: Recompile with -Xlint:deprecation for details.
[INFO] /tmp/Ex2Amplifier-experiments/dataset/may-2018/mybatis-3/1070_modified/src/test/java/org/apache/ibatis/submitted/custom_collection_handling/CustomObjectWrapper.java: Some input files use unchecked or unsafe operations.
[INFO] /tmp/Ex2Amplifier-experiments/dataset/may-2018/mybatis-3/1070_modified/src/test/java/org/apache/ibatis/submitted/custom_collection_handling/CustomObjectWrapper.java: Recompile with -Xlint:unchecked for details.
[INFO] 
[INFO] --- maven-surefire-plugin:2.20:test (default-test) @ mybatis ---
[INFO] Tests are skipped.
[INFO] 
[INFO] --- maven-dependency-plugin:3.0.1:build-classpath (default-cli) @ mybatis ---
[INFO] Wrote classpath file '/tmp/Ex2Amplifier-experiments/dataset/may-2018/mybatis-3/1070_modified/target/dspot/classpath'.
[INFO] ------------------------------------------------------------------------
[INFO] BUILD SUCCESS
[INFO] ------------------------------------------------------------------------
[INFO] Total time: 28.435 s
[INFO] Finished at: 2018-05-21T17:12:40+02:00
[INFO] Final Memory: 48M/2229M
[INFO] ------------------------------------------------------------------------
[41384] ERROR JDTCommentBuilder - // target for test (ordinal number -> Enum constant) is not added into the AST
spoon.reflect.declaration.ParentNotInitializedException: parent not initialized for class spoon.support.reflect.code.CtCommentImpl (/tmp/Ex2Amplifier-experiments/dataset/may-2018/mybatis-3/1070_modified/src/test/java/org/apache/ibatis/submitted/enumtypehandler_on_annotation/PersonMapper.java:46)
	at spoon.support.reflect.declaration.CtElementImpl.getParent(CtElementImpl.java:340)
	at spoon.support.compiler.jdt.JDTCommentBuilder.insertCommentInAST(JDTCommentBuilder.java:474)
	at spoon.support.compiler.jdt.JDTCommentBuilder.buildComment(JDTCommentBuilder.java:152)
	at spoon.support.compiler.jdt.JDTCommentBuilder.build(JDTCommentBuilder.java:108)
	at spoon.support.compiler.jdt.JDTBasedSpoonCompiler.buildModel(JDTBasedSpoonCompiler.java:417)
	at spoon.support.compiler.jdt.JDTBasedSpoonCompiler.buildUnitsAndModel(JDTBasedSpoonCompiler.java:362)
	at spoon.support.compiler.jdt.JDTBasedSpoonCompiler.buildSources(JDTBasedSpoonCompiler.java:335)
	at spoon.support.compiler.jdt.JDTBasedSpoonCompiler.build(JDTBasedSpoonCompiler.java:116)
	at spoon.support.compiler.jdt.JDTBasedSpoonCompiler.build(JDTBasedSpoonCompiler.java:99)
	at spoon.Launcher.buildModel(Launcher.java:724)
	at eu.stamp_project.utils.compilation.DSpotCompiler.getSpoonModelOf(DSpotCompiler.java:106)
	at eu.stamp_project.utils.compilation.DSpotCompiler.createDSpotCompiler(DSpotCompiler.java:31)
	at eu.stamp_project.dspot.DSpot.<init>(DSpot.java:108)
	at eu.stamp_project.Main.lambda$run$2(Main.java:134)
	at java.util.stream.ForEachOps$ForEachOp$OfRef.accept(ForEachOps.java:184)
	at java.util.stream.ReferencePipeline$2$1.accept(ReferencePipeline.java:175)
	at java.util.ArrayList$ArrayListSpliterator.forEachRemaining(ArrayList.java:1374)
	at java.util.stream.AbstractPipeline.copyInto(AbstractPipeline.java:481)
	at java.util.stream.AbstractPipeline.wrapAndCopyInto(AbstractPipeline.java:471)
	at java.util.stream.ForEachOps$ForEachOp.evaluateSequential(ForEachOps.java:151)
	at java.util.stream.ForEachOps$ForEachOp$OfRef.evaluateSequential(ForEachOps.java:174)
	at java.util.stream.AbstractPipeline.evaluate(AbstractPipeline.java:234)
	at java.util.stream.ReferencePipeline.forEach(ReferencePipeline.java:418)
	at eu.stamp_project.Main.run(Main.java:117)
	at eu.stamp_project.Main.main(Main.java:88)
[41390] ERROR JDTCommentBuilder - // Switch using enum constant name(PERSON or EMPLOYEE) at cases attribute is not added into the AST
spoon.reflect.declaration.ParentNotInitializedException: parent not initialized for class spoon.support.reflect.code.CtCommentImpl (/tmp/Ex2Amplifier-experiments/dataset/may-2018/mybatis-3/1070_modified/src/test/java/org/apache/ibatis/submitted/enumtypehandler_on_annotation/PersonMapper.java:48)
	at spoon.support.reflect.declaration.CtElementImpl.getParent(CtElementImpl.java:340)
	at spoon.support.compiler.jdt.JDTCommentBuilder.insertCommentInAST(JDTCommentBuilder.java:474)
	at spoon.support.compiler.jdt.JDTCommentBuilder.buildComment(JDTCommentBuilder.java:152)
	at spoon.support.compiler.jdt.JDTCommentBuilder.build(JDTCommentBuilder.java:108)
	at spoon.support.compiler.jdt.JDTBasedSpoonCompiler.buildModel(JDTBasedSpoonCompiler.java:417)
	at spoon.support.compiler.jdt.JDTBasedSpoonCompiler.buildUnitsAndModel(JDTBasedSpoonCompiler.java:362)
	at spoon.support.compiler.jdt.JDTBasedSpoonCompiler.buildSources(JDTBasedSpoonCompiler.java:335)
	at spoon.support.compiler.jdt.JDTBasedSpoonCompiler.build(JDTBasedSpoonCompiler.java:116)
	at spoon.support.compiler.jdt.JDTBasedSpoonCompiler.build(JDTBasedSpoonCompiler.java:99)
	at spoon.Launcher.buildModel(Launcher.java:724)
	at eu.stamp_project.utils.compilation.DSpotCompiler.getSpoonModelOf(DSpotCompiler.java:106)
	at eu.stamp_project.utils.compilation.DSpotCompiler.createDSpotCompiler(DSpotCompiler.java:31)
	at eu.stamp_project.dspot.DSpot.<init>(DSpot.java:108)
	at eu.stamp_project.Main.lambda$run$2(Main.java:134)
	at java.util.stream.ForEachOps$ForEachOp$OfRef.accept(ForEachOps.java:184)
	at java.util.stream.ReferencePipeline$2$1.accept(ReferencePipeline.java:175)
	at java.util.ArrayList$ArrayListSpliterator.forEachRemaining(ArrayList.java:1374)
	at java.util.stream.AbstractPipeline.copyInto(AbstractPipeline.java:481)
	at java.util.stream.AbstractPipeline.wrapAndCopyInto(AbstractPipeline.java:471)
	at java.util.stream.ForEachOps$ForEachOp.evaluateSequential(ForEachOps.java:151)
	at java.util.stream.ForEachOps$ForEachOp$OfRef.evaluateSequential(ForEachOps.java:174)
	at java.util.stream.AbstractPipeline.evaluate(AbstractPipeline.java:234)
	at java.util.stream.ReferencePipeline.forEach(ReferencePipeline.java:418)
	at eu.stamp_project.Main.run(Main.java:117)
	at eu.stamp_project.Main.main(Main.java:88)
[46139] ERROR JDTCommentBuilder - // Interface Mapper is not added into the AST
spoon.reflect.declaration.ParentNotInitializedException: parent not initialized for class spoon.support.reflect.code.CtCommentImpl (/tmp/Ex2Amplifier-experiments/dataset/may-2018/mybatis-3/1070_modified/src/main/java/org/apache/ibatis/annotations/Mapper.java:39)
	at spoon.support.reflect.declaration.CtElementImpl.getParent(CtElementImpl.java:340)
	at spoon.support.compiler.jdt.JDTCommentBuilder.insertCommentInAST(JDTCommentBuilder.java:474)
	at spoon.support.compiler.jdt.JDTCommentBuilder.buildComment(JDTCommentBuilder.java:152)
	at spoon.support.compiler.jdt.JDTCommentBuilder.build(JDTCommentBuilder.java:108)
	at spoon.support.compiler.jdt.JDTBasedSpoonCompiler.buildModel(JDTBasedSpoonCompiler.java:417)
	at spoon.support.compiler.jdt.JDTBasedSpoonCompiler.buildUnitsAndModel(JDTBasedSpoonCompiler.java:362)
	at spoon.support.compiler.jdt.JDTBasedSpoonCompiler.buildSources(JDTBasedSpoonCompiler.java:335)
	at spoon.support.compiler.jdt.JDTBasedSpoonCompiler.build(JDTBasedSpoonCompiler.java:116)
	at spoon.support.compiler.jdt.JDTBasedSpoonCompiler.build(JDTBasedSpoonCompiler.java:99)
	at spoon.Launcher.buildModel(Launcher.java:724)
	at eu.stamp_project.utils.compilation.DSpotCompiler.getSpoonModelOf(DSpotCompiler.java:106)
	at eu.stamp_project.utils.compilation.DSpotCompiler.createDSpotCompiler(DSpotCompiler.java:31)
	at eu.stamp_project.dspot.DSpot.<init>(DSpot.java:108)
	at eu.stamp_project.Main.lambda$run$2(Main.java:134)
	at java.util.stream.ForEachOps$ForEachOp$OfRef.accept(ForEachOps.java:184)
	at java.util.stream.ReferencePipeline$2$1.accept(ReferencePipeline.java:175)
	at java.util.ArrayList$ArrayListSpliterator.forEachRemaining(ArrayList.java:1374)
	at java.util.stream.AbstractPipeline.copyInto(AbstractPipeline.java:481)
	at java.util.stream.AbstractPipeline.wrapAndCopyInto(AbstractPipeline.java:471)
	at java.util.stream.ForEachOps$ForEachOp.evaluateSequential(ForEachOps.java:151)
	at java.util.stream.ForEachOps$ForEachOp$OfRef.evaluateSequential(ForEachOps.java:174)
	at java.util.stream.AbstractPipeline.evaluate(AbstractPipeline.java:234)
	at java.util.stream.ReferencePipeline.forEach(ReferencePipeline.java:418)
	at eu.stamp_project.Main.run(Main.java:117)
	at eu.stamp_project.Main.main(Main.java:88)
[48057] ERROR JDTCommentBuilder - /* because ResultHandler<?> is always ResultHandler<Object> */ is not added into the AST
spoon.reflect.declaration.ParentNotInitializedException: parent not initialized for class spoon.support.reflect.code.CtCommentImpl (/tmp/Ex2Amplifier-experiments/dataset/may-2018/mybatis-3/1070_modified/src/main/java/org/apache/ibatis/executor/resultset/DefaultResultSetHandler.java:364)
	at spoon.support.reflect.declaration.CtElementImpl.getParent(CtElementImpl.java:340)
	at spoon.support.compiler.jdt.JDTCommentBuilder.insertCommentInAST(JDTCommentBuilder.java:474)
	at spoon.support.compiler.jdt.JDTCommentBuilder.buildComment(JDTCommentBuilder.java:152)
	at spoon.support.compiler.jdt.JDTCommentBuilder.build(JDTCommentBuilder.java:108)
	at spoon.support.compiler.jdt.JDTBasedSpoonCompiler.buildModel(JDTBasedSpoonCompiler.java:417)
	at spoon.support.compiler.jdt.JDTBasedSpoonCompiler.buildUnitsAndModel(JDTBasedSpoonCompiler.java:362)
	at spoon.support.compiler.jdt.JDTBasedSpoonCompiler.buildSources(JDTBasedSpoonCompiler.java:335)
	at spoon.support.compiler.jdt.JDTBasedSpoonCompiler.build(JDTBasedSpoonCompiler.java:116)
	at spoon.support.compiler.jdt.JDTBasedSpoonCompiler.build(JDTBasedSpoonCompiler.java:99)
	at spoon.Launcher.buildModel(Launcher.java:724)
	at eu.stamp_project.utils.compilation.DSpotCompiler.getSpoonModelOf(DSpotCompiler.java:106)
	at eu.stamp_project.utils.compilation.DSpotCompiler.createDSpotCompiler(DSpotCompiler.java:31)
	at eu.stamp_project.dspot.DSpot.<init>(DSpot.java:108)
	at eu.stamp_project.Main.lambda$run$2(Main.java:134)
	at java.util.stream.ForEachOps$ForEachOp$OfRef.accept(ForEachOps.java:184)
	at java.util.stream.ReferencePipeline$2$1.accept(ReferencePipeline.java:175)
	at java.util.ArrayList$ArrayListSpliterator.forEachRemaining(ArrayList.java:1374)
	at java.util.stream.AbstractPipeline.copyInto(AbstractPipeline.java:481)
	at java.util.stream.AbstractPipeline.wrapAndCopyInto(AbstractPipeline.java:471)
	at java.util.stream.ForEachOps$ForEachOp.evaluateSequential(ForEachOps.java:151)
	at java.util.stream.ForEachOps$ForEachOp$OfRef.evaluateSequential(ForEachOps.java:174)
	at java.util.stream.AbstractPipeline.evaluate(AbstractPipeline.java:234)
	at java.util.stream.ReferencePipeline.forEach(ReferencePipeline.java:418)
	at eu.stamp_project.Main.run(Main.java:117)
	at eu.stamp_project.Main.main(Main.java:88)
[48668] WARN AutomaticBuilderFactory - No automatic builder specified in configuration, going to default.
[48668] INFO AutomaticBuilderFactory - Default: provided Maven automatic builder.
[48669] INFO MavenAutomaticBuilder - run maven clean test -DskipTests dependency:build-classpath -Dmdep.outputFile=target/dspot/classpath
[WARN] Maven will be executed in interactive mode, but no input stream has been configured for this MavenInvoker instance.
[INFO] Scanning for projects...
[INFO]                                                                         
[INFO] ------------------------------------------------------------------------
[INFO] Building mybatis 3.4.5-SNAPSHOT
[INFO] ------------------------------------------------------------------------
[INFO] 
[INFO] --- maven-clean-plugin:3.0.0:clean (default-clean) @ mybatis ---
[INFO] Deleting /tmp/Ex2Amplifier-experiments/dataset/may-2018/mybatis-3/1070/target
[INFO] 
[INFO] --- maven-enforcer-plugin:1.4.1:enforce (enforce-java) @ mybatis ---
[INFO] Skipping Rule Enforcement.
[INFO] 
[INFO] --- jacoco-maven-plugin:0.7.9:prepare-agent (prepare-agent) @ mybatis ---
[INFO] argLine set to -javaagent:/home/spirals/danglot/.m2/repository/org/jacoco/org.jacoco.agent/0.7.9/org.jacoco.agent-0.7.9-runtime.jar=destfile=/tmp/Ex2Amplifier-experiments/dataset/may-2018/mybatis-3/1070/target/jacoco.exec,excludes=org.apache.ibatis.ognl.*:org.apache.ibatis.javassist.*
[INFO] 
[INFO] --- maven-resources-plugin:3.0.2:resources (default-resources) @ mybatis ---
[INFO] Using 'UTF-8' encoding to copy filtered resources.
[INFO] Copying 2 resources to META-INF
[INFO] Copying 2 resources
[INFO] 
[INFO] --- maven-compiler-plugin:3.6.1:compile (default-compile) @ mybatis ---
[INFO] Compiling 380 source files to /tmp/Ex2Amplifier-experiments/dataset/may-2018/mybatis-3/1070/target/classes
[INFO] /tmp/Ex2Amplifier-experiments/dataset/may-2018/mybatis-3/1070/src/main/java/org/apache/ibatis/reflection/MetaObject.java: Some input files use unchecked or unsafe operations.
[INFO] /tmp/Ex2Amplifier-experiments/dataset/may-2018/mybatis-3/1070/src/main/java/org/apache/ibatis/reflection/MetaObject.java: Recompile with -Xlint:unchecked for details.
[INFO] 
[INFO] --- license-maven-plugin:3.0:format (default) @ mybatis ---
[INFO] 
[INFO] --- animal-sniffer-maven-plugin:1.15:check (check-java-1.6-compat) @ mybatis ---
[INFO] Checking unresolved references to org.codehaus.mojo.signature:java16:1.1
[INFO] 
[INFO] --- maven-bundle-plugin:3.3.0:manifest (bundle-manifest) @ mybatis ---
[INFO] 
[INFO] --- maven-resources-plugin:3.0.2:testResources (default-testResources) @ mybatis ---
[INFO] Using 'UTF-8' encoding to copy filtered resources.
[INFO] Copying 456 resources
[INFO] 
[INFO] --- maven-compiler-plugin:3.6.1:testCompile (default-testCompile) @ mybatis ---
[INFO] Compiling 739 source files to /tmp/Ex2Amplifier-experiments/dataset/may-2018/mybatis-3/1070/target/test-classes
[INFO] /tmp/Ex2Amplifier-experiments/dataset/may-2018/mybatis-3/1070/src/test/java/org/apache/ibatis/jdbc/SelectBuilderTest.java: Some input files use or override a deprecated API.
[INFO] /tmp/Ex2Amplifier-experiments/dataset/may-2018/mybatis-3/1070/src/test/java/org/apache/ibatis/jdbc/SelectBuilderTest.java: Recompile with -Xlint:deprecation for details.
[INFO] /tmp/Ex2Amplifier-experiments/dataset/may-2018/mybatis-3/1070/src/test/java/org/apache/ibatis/domain/misc/RichType.java: Some input files use unchecked or unsafe operations.
[INFO] /tmp/Ex2Amplifier-experiments/dataset/may-2018/mybatis-3/1070/src/test/java/org/apache/ibatis/domain/misc/RichType.java: Recompile with -Xlint:unchecked for details.
[INFO] 
[INFO] --- maven-surefire-plugin:2.20:test (default-test) @ mybatis ---
[INFO] Tests are skipped.
[INFO] 
[INFO] --- maven-dependency-plugin:3.0.1:build-classpath (default-cli) @ mybatis ---
[INFO] Wrote classpath file '/tmp/Ex2Amplifier-experiments/dataset/may-2018/mybatis-3/1070/target/dspot/classpath'.
[INFO] ------------------------------------------------------------------------
[INFO] BUILD SUCCESS
[INFO] ------------------------------------------------------------------------
[INFO] Total time: 26.343 s
[INFO] Finished at: 2018-05-21T17:13:26+02:00
[INFO] Final Memory: 55M/2375M
[INFO] ------------------------------------------------------------------------
[77942] INFO SelectorOnDiff - Selecting according to a diff between dataset/may-2018/mybatis-3/1070_modified/ and dataset/may-2018/mybatis-3/1070/ (f0822f35e7c61ded395540df754736b62fa040a2)
[77973] INFO SelectorOnDiff - Modified files:
a/src/test/java/org/apache/ibatis/submitted/include_property/IncludePropertyTest.java
a/src/test/java/org/apache/ibatis/submitted/global_variables_defaults/AnnotationMapperTest.java
a/src/test/java/org/apache/ibatis/submitted/results_id/IdConflictTest.java
a/src/test/java/org/apache/ibatis/logging/jdbc/BaseJdbcLoggerTest.java
a/src/test/java/org/apache/ibatis/mapping/CacheBuilderTest.java
a/src/test/java/org/apache/ibatis/builder/XmlMapperBuilderTest.java
a/src/main/java/org/apache/ibatis/parsing/GenericTokenParser.java
a/src/main/java/org/apache/ibatis/datasource/pooled/PooledDataSource.java
a/src/test/java/org/apache/ibatis/submitted/global_variables_defaults/ConfigurationTest.java
a/src/test/java/org/apache/ibatis/submitted/global_variables_defaults/CustomizationTest.java
a/src/test/java/org/apache/ibatis/parsing/PropertyParserTest.java
a/src/test/java/org/apache/ibatis/submitted/global_variables_defaults/XmlMapperTest.java
a/src/main/java/org/apache/ibatis/builder/xml/XMLIncludeTransformer.java
a/src/test/java/org/apache/ibatis/scripting/defaults/DefaultParameterHandlerTest.java
[102595] INFO Amplification - amplification of org.apache.ibatis.parsing.GenericTokenParserTest (2 test(s))
[102876] INFO EntryPoint - Run: java -cp /tmp/Ex2Amplifier-experiments/dataset/may-2018/mybatis-3/1070_modified/target/test-classes:/tmp/Ex2Amplifier-experiments/dataset/may-2018/mybatis-3/1070_modified/target/classes:/home/spirals/danglot/.m2/repository/ognl/ognl/3.1.14/ognl-3.1.14.jar:/home/spirals/danglot/.m2/repository/org/javassist/javassist/3.22.0-CR2/javassist-3.22.0-CR2.jar:/home/spirals/danglot/.m2/repository/org/slf4j/slf4j-api/1.7.25/slf4j-api-1.7.25.jar:/home/spirals/danglot/.m2/repository/org/slf4j/slf4j-log4j12/1.7.25/slf4j-log4j12-1.7.25.jar:/home/spirals/danglot/.m2/repository/log4j/log4j/1.2.17/log4j-1.2.17.jar:/home/spirals/danglot/.m2/repository/org/apache/logging/log4j/log4j-core/2.3/log4j-core-2.3.jar:/home/spirals/danglot/.m2/repository/org/apache/logging/log4j/log4j-api/2.3/log4j-api-2.3.jar:/home/spirals/danglot/.m2/repository/commons-logging/commons-logging/1.2/commons-logging-1.2.jar:/home/spirals/danglot/.m2/repository/cglib/cglib/3.2.5/cglib-3.2.5.jar:/home/spirals/danglot/.m2/repository/org/ow2/asm/asm/5.2/asm-5.2.jar:/home/spirals/danglot/.m2/repository/org/apache/ant/ant/1.9.6/ant-1.9.6.jar:/home/spirals/danglot/.m2/repository/org/apache/ant/ant-launcher/1.9.6/ant-launcher-1.9.6.jar:/home/spirals/danglot/.m2/repository/junit/junit/4.12/junit-4.12.jar:/home/spirals/danglot/.m2/repository/org/hamcrest/hamcrest-core/1.3/hamcrest-core-1.3.jar:/home/spirals/danglot/.m2/repository/org/hsqldb/hsqldb/2.3.5/hsqldb-2.3.5.jar:/home/spirals/danglot/.m2/repository/org/apache/derby/derby/10.12.1.1/derby-10.12.1.1.jar:/home/spirals/danglot/.m2/repository/org/mockito/mockito-core/2.8.47/mockito-core-2.8.47.jar:/home/spirals/danglot/.m2/repository/net/bytebuddy/byte-buddy/1.6.14/byte-buddy-1.6.14.jar:/home/spirals/danglot/.m2/repository/net/bytebuddy/byte-buddy-agent/1.6.14/byte-buddy-agent-1.6.14.jar:/home/spirals/danglot/.m2/repository/org/objenesis/objenesis/2.5/objenesis-2.5.jar:/home/spirals/danglot/.m2/repository/commons-dbcp/commons-dbcp/1.4/commons-dbcp-1.4.jar:/home/spirals/danglot/.m2/repository/commons-pool/commons-pool/1.5.4/commons-pool-1.5.4.jar:/home/spirals/danglot/.m2/repository/org/jboss/spec/javax/transaction/jboss-transaction-api_1.2_spec/1.0.1.Final/jboss-transaction-api_1.2_spec-1.0.1.Final.jar:/home/spirals/danglot/.m2/repository/org/apache/velocity/velocity/1.7/velocity-1.7.jar:/home/spirals/danglot/.m2/repository/commons-collections/commons-collections/3.2.1/commons-collections-3.2.1.jar:/home/spirals/danglot/.m2/repository/commons-lang/commons-lang/2.4/commons-lang-2.4.jar:/home/spirals/danglot/.m2/repository/org/postgresql/postgresql/42.1.1.jre6/postgresql-42.1.1.jre6.jar:/home/spirals/danglot/.m2/repository/org/assertj/assertj-core/1.7.1/assertj-core-1.7.1.jar:/home/spirals/danglot/.m2/repository/eu/codearte/catch-exception/catch-exception/1.4.4/catch-exception-1.4.4.jar:/home/spirals/danglot/.m2/repository/ru/yandex/qatools/embed/postgresql-embedded/2.2/postgresql-embedded-2.2.jar:/home/spirals/danglot/.m2/repository/de/flapdoodle/embed/de.flapdoodle.embed.process/2.0.1/de.flapdoodle.embed.process-2.0.1.jar:/home/spirals/danglot/.m2/repository/commons-io/commons-io/2.4/commons-io-2.4.jar:/home/spirals/danglot/.m2/repository/org/apache/commons/commons-lang3/3.1/commons-lang3-3.1.jar:/home/spirals/danglot/.m2/repository/net/java/dev/jna/jna/4.0.0/jna-4.0.0.jar:/home/spirals/danglot/.m2/repository/net/java/dev/jna/jna-platform/4.0.0/jna-platform-4.0.0.jar:/home/spirals/danglot/.m2/repository/org/apache/commons/commons-compress/1.10/commons-compress-1.10.jar:/tmp/Ex2Amplifier-experiments/target/dspot/dependencies:/home/spirals/danglot/.m2/repository/eu/stamp-project/test-runner/1.0.8/test-runner-1.0.8-jar-with-dependencies.jar eu.stamp_project.testrunner.runner.test.TestRunner org.apache.ibatis.parsing.GenericTokenParserTest shouldDemonstrateGenericTokenReplacement:shallNotInterpolateSkippedVaiables
File saved to the following path: /tmp/Ex2Amplifier-experiments/dataset/may-2018/mybatis-3/1070_modified/target/dspot/TestListener.ser
[103687] INFO EntryPoint - Test has been run: shallNotInterpolateSkippedVaiables,shouldDemonstrateGenericTokenReplacement
[103687] INFO Amplification - Try to add assertions before amplification
[103850] INFO AssertGenerator - Run tests. (2)
[104031] INFO EntryPoint - Run: java -cp /tmp/Ex2Amplifier-experiments/dataset/may-2018/mybatis-3/1070_modified/target/test-classes:/tmp/Ex2Amplifier-experiments/dataset/may-2018/mybatis-3/1070_modified/target/classes:/home/spirals/danglot/.m2/repository/ognl/ognl/3.1.14/ognl-3.1.14.jar:/home/spirals/danglot/.m2/repository/org/javassist/javassist/3.22.0-CR2/javassist-3.22.0-CR2.jar:/home/spirals/danglot/.m2/repository/org/slf4j/slf4j-api/1.7.25/slf4j-api-1.7.25.jar:/home/spirals/danglot/.m2/repository/org/slf4j/slf4j-log4j12/1.7.25/slf4j-log4j12-1.7.25.jar:/home/spirals/danglot/.m2/repository/log4j/log4j/1.2.17/log4j-1.2.17.jar:/home/spirals/danglot/.m2/repository/org/apache/logging/log4j/log4j-core/2.3/log4j-core-2.3.jar:/home/spirals/danglot/.m2/repository/org/apache/logging/log4j/log4j-api/2.3/log4j-api-2.3.jar:/home/spirals/danglot/.m2/repository/commons-logging/commons-logging/1.2/commons-logging-1.2.jar:/home/spirals/danglot/.m2/repository/cglib/cglib/3.2.5/cglib-3.2.5.jar:/home/spirals/danglot/.m2/repository/org/ow2/asm/asm/5.2/asm-5.2.jar:/home/spirals/danglot/.m2/repository/org/apache/ant/ant/1.9.6/ant-1.9.6.jar:/home/spirals/danglot/.m2/repository/org/apache/ant/ant-launcher/1.9.6/ant-launcher-1.9.6.jar:/home/spirals/danglot/.m2/repository/junit/junit/4.12/junit-4.12.jar:/home/spirals/danglot/.m2/repository/org/hamcrest/hamcrest-core/1.3/hamcrest-core-1.3.jar:/home/spirals/danglot/.m2/repository/org/hsqldb/hsqldb/2.3.5/hsqldb-2.3.5.jar:/home/spirals/danglot/.m2/repository/org/apache/derby/derby/10.12.1.1/derby-10.12.1.1.jar:/home/spirals/danglot/.m2/repository/org/mockito/mockito-core/2.8.47/mockito-core-2.8.47.jar:/home/spirals/danglot/.m2/repository/net/bytebuddy/byte-buddy/1.6.14/byte-buddy-1.6.14.jar:/home/spirals/danglot/.m2/repository/net/bytebuddy/byte-buddy-agent/1.6.14/byte-buddy-agent-1.6.14.jar:/home/spirals/danglot/.m2/repository/org/objenesis/objenesis/2.5/objenesis-2.5.jar:/home/spirals/danglot/.m2/repository/commons-dbcp/commons-dbcp/1.4/commons-dbcp-1.4.jar:/home/spirals/danglot/.m2/repository/commons-pool/commons-pool/1.5.4/commons-pool-1.5.4.jar:/home/spirals/danglot/.m2/repository/org/jboss/spec/javax/transaction/jboss-transaction-api_1.2_spec/1.0.1.Final/jboss-transaction-api_1.2_spec-1.0.1.Final.jar:/home/spirals/danglot/.m2/repository/org/apache/velocity/velocity/1.7/velocity-1.7.jar:/home/spirals/danglot/.m2/repository/commons-collections/commons-collections/3.2.1/commons-collections-3.2.1.jar:/home/spirals/danglot/.m2/repository/commons-lang/commons-lang/2.4/commons-lang-2.4.jar:/home/spirals/danglot/.m2/repository/org/postgresql/postgresql/42.1.1.jre6/postgresql-42.1.1.jre6.jar:/home/spirals/danglot/.m2/repository/org/assertj/assertj-core/1.7.1/assertj-core-1.7.1.jar:/home/spirals/danglot/.m2/repository/eu/codearte/catch-exception/catch-exception/1.4.4/catch-exception-1.4.4.jar:/home/spirals/danglot/.m2/repository/ru/yandex/qatools/embed/postgresql-embedded/2.2/postgresql-embedded-2.2.jar:/home/spirals/danglot/.m2/repository/de/flapdoodle/embed/de.flapdoodle.embed.process/2.0.1/de.flapdoodle.embed.process-2.0.1.jar:/home/spirals/danglot/.m2/repository/commons-io/commons-io/2.4/commons-io-2.4.jar:/home/spirals/danglot/.m2/repository/org/apache/commons/commons-lang3/3.1/commons-lang3-3.1.jar:/home/spirals/danglot/.m2/repository/net/java/dev/jna/jna/4.0.0/jna-4.0.0.jar:/home/spirals/danglot/.m2/repository/net/java/dev/jna/jna-platform/4.0.0/jna-platform-4.0.0.jar:/home/spirals/danglot/.m2/repository/org/apache/commons/commons-compress/1.10/commons-compress-1.10.jar:/tmp/Ex2Amplifier-experiments/target/dspot/dependencies:/home/spirals/danglot/.m2/repository/eu/stamp-project/test-runner/1.0.8/test-runner-1.0.8-jar-with-dependencies.jar eu.stamp_project.testrunner.runner.test.TestRunner org.apache.ibatis.parsing.GenericTokenParserTest shouldDemonstrateGenericTokenReplacement:shallNotInterpolateSkippedVaiables
File saved to the following path: /tmp/Ex2Amplifier-experiments/dataset/may-2018/mybatis-3/1070_modified/target/dspot/TestListener.ser
[104811] INFO EntryPoint - Test has been run: shallNotInterpolateSkippedVaiables,shouldDemonstrateGenericTokenReplacement
[104812] INFO AssertGenerator - 2 test pass, generating assertion...
[104818] INFO MethodsAssertGenerator - Add observations points in passing tests.
[104818] INFO MethodsAssertGenerator - Instrumentation...
 50% |========================= ]/100% |================================================== ]-
[104917] INFO MethodsAssertGenerator - Run instrumented tests. (6)
[105268] INFO EntryPoint - Run: java -cp /tmp/Ex2Amplifier-experiments/dataset/may-2018/mybatis-3/1070_modified/target/test-classes:/tmp/Ex2Amplifier-experiments/dataset/may-2018/mybatis-3/1070_modified/target/classes:/home/spirals/danglot/.m2/repository/ognl/ognl/3.1.14/ognl-3.1.14.jar:/home/spirals/danglot/.m2/repository/org/javassist/javassist/3.22.0-CR2/javassist-3.22.0-CR2.jar:/home/spirals/danglot/.m2/repository/org/slf4j/slf4j-api/1.7.25/slf4j-api-1.7.25.jar:/home/spirals/danglot/.m2/repository/org/slf4j/slf4j-log4j12/1.7.25/slf4j-log4j12-1.7.25.jar:/home/spirals/danglot/.m2/repository/log4j/log4j/1.2.17/log4j-1.2.17.jar:/home/spirals/danglot/.m2/repository/org/apache/logging/log4j/log4j-core/2.3/log4j-core-2.3.jar:/home/spirals/danglot/.m2/repository/org/apache/logging/log4j/log4j-api/2.3/log4j-api-2.3.jar:/home/spirals/danglot/.m2/repository/commons-logging/commons-logging/1.2/commons-logging-1.2.jar:/home/spirals/danglot/.m2/repository/cglib/cglib/3.2.5/cglib-3.2.5.jar:/home/spirals/danglot/.m2/repository/org/ow2/asm/asm/5.2/asm-5.2.jar:/home/spirals/danglot/.m2/repository/org/apache/ant/ant/1.9.6/ant-1.9.6.jar:/home/spirals/danglot/.m2/repository/org/apache/ant/ant-launcher/1.9.6/ant-launcher-1.9.6.jar:/home/spirals/danglot/.m2/repository/junit/junit/4.12/junit-4.12.jar:/home/spirals/danglot/.m2/repository/org/hamcrest/hamcrest-core/1.3/hamcrest-core-1.3.jar:/home/spirals/danglot/.m2/repository/org/hsqldb/hsqldb/2.3.5/hsqldb-2.3.5.jar:/home/spirals/danglot/.m2/repository/org/apache/derby/derby/10.12.1.1/derby-10.12.1.1.jar:/home/spirals/danglot/.m2/repository/org/mockito/mockito-core/2.8.47/mockito-core-2.8.47.jar:/home/spirals/danglot/.m2/repository/net/bytebuddy/byte-buddy/1.6.14/byte-buddy-1.6.14.jar:/home/spirals/danglot/.m2/repository/net/bytebuddy/byte-buddy-agent/1.6.14/byte-buddy-agent-1.6.14.jar:/home/spirals/danglot/.m2/repository/org/objenesis/objenesis/2.5/objenesis-2.5.jar:/home/spirals/danglot/.m2/repository/commons-dbcp/commons-dbcp/1.4/commons-dbcp-1.4.jar:/home/spirals/danglot/.m2/repository/commons-pool/commons-pool/1.5.4/commons-pool-1.5.4.jar:/home/spirals/danglot/.m2/repository/org/jboss/spec/javax/transaction/jboss-transaction-api_1.2_spec/1.0.1.Final/jboss-transaction-api_1.2_spec-1.0.1.Final.jar:/home/spirals/danglot/.m2/repository/org/apache/velocity/velocity/1.7/velocity-1.7.jar:/home/spirals/danglot/.m2/repository/commons-collections/commons-collections/3.2.1/commons-collections-3.2.1.jar:/home/spirals/danglot/.m2/repository/commons-lang/commons-lang/2.4/commons-lang-2.4.jar:/home/spirals/danglot/.m2/repository/org/postgresql/postgresql/42.1.1.jre6/postgresql-42.1.1.jre6.jar:/home/spirals/danglot/.m2/repository/org/assertj/assertj-core/1.7.1/assertj-core-1.7.1.jar:/home/spirals/danglot/.m2/repository/eu/codearte/catch-exception/catch-exception/1.4.4/catch-exception-1.4.4.jar:/home/spirals/danglot/.m2/repository/ru/yandex/qatools/embed/postgresql-embedded/2.2/postgresql-embedded-2.2.jar:/home/spirals/danglot/.m2/repository/de/flapdoodle/embed/de.flapdoodle.embed.process/2.0.1/de.flapdoodle.embed.process-2.0.1.jar:/home/spirals/danglot/.m2/repository/commons-io/commons-io/2.4/commons-io-2.4.jar:/home/spirals/danglot/.m2/repository/org/apache/commons/commons-lang3/3.1/commons-lang3-3.1.jar:/home/spirals/danglot/.m2/repository/net/java/dev/jna/jna/4.0.0/jna-4.0.0.jar:/home/spirals/danglot/.m2/repository/net/java/dev/jna/jna-platform/4.0.0/jna-platform-4.0.0.jar:/home/spirals/danglot/.m2/repository/org/apache/commons/commons-compress/1.10/commons-compress-1.10.jar:/tmp/Ex2Amplifier-experiments/target/dspot/dependencies:/home/spirals/danglot/.m2/repository/eu/stamp-project/test-runner/1.0.8/test-runner-1.0.8-jar-with-dependencies.jar eu.stamp_project.testrunner.runner.test.TestRunner org.apache.ibatis.parsing.GenericTokenParserTest shouldDemonstrateGenericTokenReplacement_withlog0:shallNotInterpolateSkippedVaiables_withlog0:shouldDemonstrateGenericTokenReplacement_withlog1:shallNotInterpolateSkippedVaiables_withlog1:shouldDemonstrateGenericTokenReplacement_withlog2:shallNotInterpolateSkippedVaiables_withlog2
File saved to the following path: /tmp/Ex2Amplifier-experiments/dataset/may-2018/mybatis-3/1070_modified/target/dspot/observations.ser
File saved to the following path: /tmp/Ex2Amplifier-experiments/dataset/may-2018/mybatis-3/1070_modified/target/dspot/TestListener.ser
[106135] INFO EntryPoint - Test has been run: shallNotInterpolateSkippedVaiables_withlog0,shallNotInterpolateSkippedVaiables_withlog1,shallNotInterpolateSkippedVaiables_withlog2,shouldDemonstrateGenericTokenReplacement_withlog0(org.apache.ibatis.parsing.GenericTokenParserTest): null,shouldDemonstrateGenericTokenReplacement_withlog1(org.apache.ibatis.parsing.GenericTokenParserTest): null,shouldDemonstrateGenericTokenReplacement_withlog2(org.apache.ibatis.parsing.GenericTokenParserTest): null
[106145] INFO MethodsAssertGenerator - Generating assertions...
[106173] INFO AssertGenerator - 1 new tests with assertions generated
[106344] INFO EntryPoint - Run: java -cp /tmp/Ex2Amplifier-experiments/dataset/may-2018/mybatis-3/1070_modified/target/test-classes:/tmp/Ex2Amplifier-experiments/dataset/may-2018/mybatis-3/1070_modified/target/classes:/home/spirals/danglot/.m2/repository/ognl/ognl/3.1.14/ognl-3.1.14.jar:/home/spirals/danglot/.m2/repository/org/javassist/javassist/3.22.0-CR2/javassist-3.22.0-CR2.jar:/home/spirals/danglot/.m2/repository/org/slf4j/slf4j-api/1.7.25/slf4j-api-1.7.25.jar:/home/spirals/danglot/.m2/repository/org/slf4j/slf4j-log4j12/1.7.25/slf4j-log4j12-1.7.25.jar:/home/spirals/danglot/.m2/repository/log4j/log4j/1.2.17/log4j-1.2.17.jar:/home/spirals/danglot/.m2/repository/org/apache/logging/log4j/log4j-core/2.3/log4j-core-2.3.jar:/home/spirals/danglot/.m2/repository/org/apache/logging/log4j/log4j-api/2.3/log4j-api-2.3.jar:/home/spirals/danglot/.m2/repository/commons-logging/commons-logging/1.2/commons-logging-1.2.jar:/home/spirals/danglot/.m2/repository/cglib/cglib/3.2.5/cglib-3.2.5.jar:/home/spirals/danglot/.m2/repository/org/ow2/asm/asm/5.2/asm-5.2.jar:/home/spirals/danglot/.m2/repository/org/apache/ant/ant/1.9.6/ant-1.9.6.jar:/home/spirals/danglot/.m2/repository/org/apache/ant/ant-launcher/1.9.6/ant-launcher-1.9.6.jar:/home/spirals/danglot/.m2/repository/junit/junit/4.12/junit-4.12.jar:/home/spirals/danglot/.m2/repository/org/hamcrest/hamcrest-core/1.3/hamcrest-core-1.3.jar:/home/spirals/danglot/.m2/repository/org/hsqldb/hsqldb/2.3.5/hsqldb-2.3.5.jar:/home/spirals/danglot/.m2/repository/org/apache/derby/derby/10.12.1.1/derby-10.12.1.1.jar:/home/spirals/danglot/.m2/repository/org/mockito/mockito-core/2.8.47/mockito-core-2.8.47.jar:/home/spirals/danglot/.m2/repository/net/bytebuddy/byte-buddy/1.6.14/byte-buddy-1.6.14.jar:/home/spirals/danglot/.m2/repository/net/bytebuddy/byte-buddy-agent/1.6.14/byte-buddy-agent-1.6.14.jar:/home/spirals/danglot/.m2/repository/org/objenesis/objenesis/2.5/objenesis-2.5.jar:/home/spirals/danglot/.m2/repository/commons-dbcp/commons-dbcp/1.4/commons-dbcp-1.4.jar:/home/spirals/danglot/.m2/repository/commons-pool/commons-pool/1.5.4/commons-pool-1.5.4.jar:/home/spirals/danglot/.m2/repository/org/jboss/spec/javax/transaction/jboss-transaction-api_1.2_spec/1.0.1.Final/jboss-transaction-api_1.2_spec-1.0.1.Final.jar:/home/spirals/danglot/.m2/repository/org/apache/velocity/velocity/1.7/velocity-1.7.jar:/home/spirals/danglot/.m2/repository/commons-collections/commons-collections/3.2.1/commons-collections-3.2.1.jar:/home/spirals/danglot/.m2/repository/commons-lang/commons-lang/2.4/commons-lang-2.4.jar:/home/spirals/danglot/.m2/repository/org/postgresql/postgresql/42.1.1.jre6/postgresql-42.1.1.jre6.jar:/home/spirals/danglot/.m2/repository/org/assertj/assertj-core/1.7.1/assertj-core-1.7.1.jar:/home/spirals/danglot/.m2/repository/eu/codearte/catch-exception/catch-exception/1.4.4/catch-exception-1.4.4.jar:/home/spirals/danglot/.m2/repository/ru/yandex/qatools/embed/postgresql-embedded/2.2/postgresql-embedded-2.2.jar:/home/spirals/danglot/.m2/repository/de/flapdoodle/embed/de.flapdoodle.embed.process/2.0.1/de.flapdoodle.embed.process-2.0.1.jar:/home/spirals/danglot/.m2/repository/commons-io/commons-io/2.4/commons-io-2.4.jar:/home/spirals/danglot/.m2/repository/org/apache/commons/commons-lang3/3.1/commons-lang3-3.1.jar:/home/spirals/danglot/.m2/repository/net/java/dev/jna/jna/4.0.0/jna-4.0.0.jar:/home/spirals/danglot/.m2/repository/net/java/dev/jna/jna-platform/4.0.0/jna-platform-4.0.0.jar:/home/spirals/danglot/.m2/repository/org/apache/commons/commons-compress/1.10/commons-compress-1.10.jar:/tmp/Ex2Amplifier-experiments/target/dspot/dependencies:/home/spirals/danglot/.m2/repository/eu/stamp-project/test-runner/1.0.8/test-runner-1.0.8-jar-with-dependencies.jar eu.stamp_project.testrunner.runner.test.TestRunner org.apache.ibatis.parsing.GenericTokenParserTest shallNotInterpolateSkippedVaiables
File saved to the following path: /tmp/Ex2Amplifier-experiments/dataset/may-2018/mybatis-3/1070_modified/target/dspot/TestListener.ser
[107114] INFO EntryPoint - Test has been run: shallNotInterpolateSkippedVaiables
[107400] DEBUG Launcher - building sources: [/tmp/Ex2Amplifier-experiments/target/dspot/tmp_test_sources/org/apache/ibatis/parsing/GenericTokenParserTest.java]
[107401] DEBUG Launcher - build args: [-encoding, UTF-8, -cp, /home/spirals/danglot/.m2/repository/ognl/ognl/3.1.14/ognl-3.1.14.jar:/home/spirals/danglot/.m2/repository/org/javassist/javassist/3.22.0-CR2/javassist-3.22.0-CR2.jar:/home/spirals/danglot/.m2/repository/org/slf4j/slf4j-api/1.7.25/slf4j-api-1.7.25.jar:/home/spirals/danglot/.m2/repository/org/slf4j/slf4j-log4j12/1.7.25/slf4j-log4j12-1.7.25.jar:/home/spirals/danglot/.m2/repository/log4j/log4j/1.2.17/log4j-1.2.17.jar:/home/spirals/danglot/.m2/repository/org/apache/logging/log4j/log4j-core/2.3/log4j-core-2.3.jar:/home/spirals/danglot/.m2/repository/org/apache/logging/log4j/log4j-api/2.3/log4j-api-2.3.jar:/home/spirals/danglot/.m2/repository/commons-logging/commons-logging/1.2/commons-logging-1.2.jar:/home/spirals/danglot/.m2/repository/cglib/cglib/3.2.5/cglib-3.2.5.jar:/home/spirals/danglot/.m2/repository/org/ow2/asm/asm/5.2/asm-5.2.jar:/home/spirals/danglot/.m2/repository/org/apache/ant/ant/1.9.6/ant-1.9.6.jar:/home/spirals/danglot/.m2/repository/org/apache/ant/ant-launcher/1.9.6/ant-launcher-1.9.6.jar:/home/spirals/danglot/.m2/repository/junit/junit/4.12/junit-4.12.jar:/home/spirals/danglot/.m2/repository/org/hamcrest/hamcrest-core/1.3/hamcrest-core-1.3.jar:/home/spirals/danglot/.m2/repository/org/hsqldb/hsqldb/2.3.5/hsqldb-2.3.5.jar:/home/spirals/danglot/.m2/repository/org/apache/derby/derby/10.12.1.1/derby-10.12.1.1.jar:/home/spirals/danglot/.m2/repository/org/mockito/mockito-core/2.8.47/mockito-core-2.8.47.jar:/home/spirals/danglot/.m2/repository/net/bytebuddy/byte-buddy/1.6.14/byte-buddy-1.6.14.jar:/home/spirals/danglot/.m2/repository/net/bytebuddy/byte-buddy-agent/1.6.14/byte-buddy-agent-1.6.14.jar:/home/spirals/danglot/.m2/repository/org/objenesis/objenesis/2.5/objenesis-2.5.jar:/home/spirals/danglot/.m2/repository/commons-dbcp/commons-dbcp/1.4/commons-dbcp-1.4.jar:/home/spirals/danglot/.m2/repository/commons-pool/commons-pool/1.5.4/commons-pool-1.5.4.jar:/home/spirals/danglot/.m2/repository/org/jboss/spec/javax/transaction/jboss-transaction-api_1.2_spec/1.0.1.Final/jboss-transaction-api_1.2_spec-1.0.1.Final.jar:/home/spirals/danglot/.m2/repository/org/apache/velocity/velocity/1.7/velocity-1.7.jar:/home/spirals/danglot/.m2/repository/commons-collections/commons-collections/3.2.1/commons-collections-3.2.1.jar:/home/spirals/danglot/.m2/repository/commons-lang/commons-lang/2.4/commons-lang-2.4.jar:/home/spirals/danglot/.m2/repository/org/postgresql/postgresql/42.1.1.jre6/postgresql-42.1.1.jre6.jar:/home/spirals/danglot/.m2/repository/org/assertj/assertj-core/1.7.1/assertj-core-1.7.1.jar:/home/spirals/danglot/.m2/repository/eu/codearte/catch-exception/catch-exception/1.4.4/catch-exception-1.4.4.jar:/home/spirals/danglot/.m2/repository/ru/yandex/qatools/embed/postgresql-embedded/2.2/postgresql-embedded-2.2.jar:/home/spirals/danglot/.m2/repository/de/flapdoodle/embed/de.flapdoodle.embed.process/2.0.1/de.flapdoodle.embed.process-2.0.1.jar:/home/spirals/danglot/.m2/repository/commons-io/commons-io/2.4/commons-io-2.4.jar:/home/spirals/danglot/.m2/repository/org/apache/commons/commons-lang3/3.1/commons-lang3-3.1.jar:/home/spirals/danglot/.m2/repository/net/java/dev/jna/jna/4.0.0/jna-4.0.0.jar:/home/spirals/danglot/.m2/repository/net/java/dev/jna/jna-platform/4.0.0/jna-platform-4.0.0.jar:/home/spirals/danglot/.m2/repository/org/apache/commons/commons-compress/1.10/commons-compress-1.10.jar:target/dspot/dependencies/:dataset/may-2018/mybatis-3/1070_modified//target/classes:dataset/may-2018/mybatis-3/1070_modified//target/test-classes:, -1.8, -preserveAllLocals, -noExit, -enableJavadoc, /tmp/Ex2Amplifier-experiments/target/dspot/tmp_test_sources/org/apache/ibatis/parsing/GenericTokenParserTest.java]
[107534] DEBUG Launcher - built in 134 ms
[107534] DEBUG Launcher - building templates: []
[107534] DEBUG Launcher - built in 0 ms
[107535] DEBUG Launcher - model built in 135
[107536] DEBUG Launcher - compiling sources: [/tmp/Ex2Amplifier-experiments/target/dspot/tmp_test_sources/org/apache/ibatis/parsing/GenericTokenParserTest.java]
[107541] DEBUG Launcher - compile args: [-encoding, UTF-8, -cp, /home/spirals/danglot/.m2/repository/ognl/ognl/3.1.14/ognl-3.1.14.jar:/home/spirals/danglot/.m2/repository/org/javassist/javassist/3.22.0-CR2/javassist-3.22.0-CR2.jar:/home/spirals/danglot/.m2/repository/org/slf4j/slf4j-api/1.7.25/slf4j-api-1.7.25.jar:/home/spirals/danglot/.m2/repository/org/slf4j/slf4j-log4j12/1.7.25/slf4j-log4j12-1.7.25.jar:/home/spirals/danglot/.m2/repository/log4j/log4j/1.2.17/log4j-1.2.17.jar:/home/spirals/danglot/.m2/repository/org/apache/logging/log4j/log4j-core/2.3/log4j-core-2.3.jar:/home/spirals/danglot/.m2/repository/org/apache/logging/log4j/log4j-api/2.3/log4j-api-2.3.jar:/home/spirals/danglot/.m2/repository/commons-logging/commons-logging/1.2/commons-logging-1.2.jar:/home/spirals/danglot/.m2/repository/cglib/cglib/3.2.5/cglib-3.2.5.jar:/home/spirals/danglot/.m2/repository/org/ow2/asm/asm/5.2/asm-5.2.jar:/home/spirals/danglot/.m2/repository/org/apache/ant/ant/1.9.6/ant-1.9.6.jar:/home/spirals/danglot/.m2/repository/org/apache/ant/ant-launcher/1.9.6/ant-launcher-1.9.6.jar:/home/spirals/danglot/.m2/repository/junit/junit/4.12/junit-4.12.jar:/home/spirals/danglot/.m2/repository/org/hamcrest/hamcrest-core/1.3/hamcrest-core-1.3.jar:/home/spirals/danglot/.m2/repository/org/hsqldb/hsqldb/2.3.5/hsqldb-2.3.5.jar:/home/spirals/danglot/.m2/repository/org/apache/derby/derby/10.12.1.1/derby-10.12.1.1.jar:/home/spirals/danglot/.m2/repository/org/mockito/mockito-core/2.8.47/mockito-core-2.8.47.jar:/home/spirals/danglot/.m2/repository/net/bytebuddy/byte-buddy/1.6.14/byte-buddy-1.6.14.jar:/home/spirals/danglot/.m2/repository/net/bytebuddy/byte-buddy-agent/1.6.14/byte-buddy-agent-1.6.14.jar:/home/spirals/danglot/.m2/repository/org/objenesis/objenesis/2.5/objenesis-2.5.jar:/home/spirals/danglot/.m2/repository/commons-dbcp/commons-dbcp/1.4/commons-dbcp-1.4.jar:/home/spirals/danglot/.m2/repository/commons-pool/commons-pool/1.5.4/commons-pool-1.5.4.jar:/home/spirals/danglot/.m2/repository/org/jboss/spec/javax/transaction/jboss-transaction-api_1.2_spec/1.0.1.Final/jboss-transaction-api_1.2_spec-1.0.1.Final.jar:/home/spirals/danglot/.m2/repository/org/apache/velocity/velocity/1.7/velocity-1.7.jar:/home/spirals/danglot/.m2/repository/commons-collections/commons-collections/3.2.1/commons-collections-3.2.1.jar:/home/spirals/danglot/.m2/repository/commons-lang/commons-lang/2.4/commons-lang-2.4.jar:/home/spirals/danglot/.m2/repository/org/postgresql/postgresql/42.1.1.jre6/postgresql-42.1.1.jre6.jar:/home/spirals/danglot/.m2/repository/org/assertj/assertj-core/1.7.1/assertj-core-1.7.1.jar:/home/spirals/danglot/.m2/repository/eu/codearte/catch-exception/catch-exception/1.4.4/catch-exception-1.4.4.jar:/home/spirals/danglot/.m2/repository/ru/yandex/qatools/embed/postgresql-embedded/2.2/postgresql-embedded-2.2.jar:/home/spirals/danglot/.m2/repository/de/flapdoodle/embed/de.flapdoodle.embed.process/2.0.1/de.flapdoodle.embed.process-2.0.1.jar:/home/spirals/danglot/.m2/repository/commons-io/commons-io/2.4/commons-io-2.4.jar:/home/spirals/danglot/.m2/repository/org/apache/commons/commons-lang3/3.1/commons-lang3-3.1.jar:/home/spirals/danglot/.m2/repository/net/java/dev/jna/jna/4.0.0/jna-4.0.0.jar:/home/spirals/danglot/.m2/repository/net/java/dev/jna/jna-platform/4.0.0/jna-platform-4.0.0.jar:/home/spirals/danglot/.m2/repository/org/apache/commons/commons-compress/1.10/commons-compress-1.10.jar:target/dspot/dependencies/:dataset/may-2018/mybatis-3/1070_modified//target/classes:dataset/may-2018/mybatis-3/1070_modified//target/test-classes:, -d, /tmp/Ex2Amplifier-experiments/dataset/may-2018/mybatis-3/1070/target/test-classes, -1.8, -proc:none, -preserveAllLocals, -noExit, -enableJavadoc, /tmp/Ex2Amplifier-experiments/target/dspot/tmp_test_sources/org/apache/ibatis/parsing/GenericTokenParserTest.java]
[107703] DEBUG Launcher - compiled in 167 ms
[107705] INFO EntryPoint - Run: java -cp /home/spirals/danglot/.m2/repository/ognl/ognl/3.1.14/ognl-3.1.14.jar:/home/spirals/danglot/.m2/repository/org/javassist/javassist/3.22.0-CR2/javassist-3.22.0-CR2.jar:/home/spirals/danglot/.m2/repository/org/slf4j/slf4j-api/1.7.25/slf4j-api-1.7.25.jar:/home/spirals/danglot/.m2/repository/org/slf4j/slf4j-log4j12/1.7.25/slf4j-log4j12-1.7.25.jar:/home/spirals/danglot/.m2/repository/log4j/log4j/1.2.17/log4j-1.2.17.jar:/home/spirals/danglot/.m2/repository/org/apache/logging/log4j/log4j-core/2.3/log4j-core-2.3.jar:/home/spirals/danglot/.m2/repository/org/apache/logging/log4j/log4j-api/2.3/log4j-api-2.3.jar:/home/spirals/danglot/.m2/repository/commons-logging/commons-logging/1.2/commons-logging-1.2.jar:/home/spirals/danglot/.m2/repository/cglib/cglib/3.2.5/cglib-3.2.5.jar:/home/spirals/danglot/.m2/repository/org/ow2/asm/asm/5.2/asm-5.2.jar:/home/spirals/danglot/.m2/repository/org/apache/ant/ant/1.9.6/ant-1.9.6.jar:/home/spirals/danglot/.m2/repository/org/apache/ant/ant-launcher/1.9.6/ant-launcher-1.9.6.jar:/home/spirals/danglot/.m2/repository/junit/junit/4.12/junit-4.12.jar:/home/spirals/danglot/.m2/repository/org/hamcrest/hamcrest-core/1.3/hamcrest-core-1.3.jar:/home/spirals/danglot/.m2/repository/org/hsqldb/hsqldb/2.3.5/hsqldb-2.3.5.jar:/home/spirals/danglot/.m2/repository/org/apache/derby/derby/10.12.1.1/derby-10.12.1.1.jar:/home/spirals/danglot/.m2/repository/org/mockito/mockito-core/2.8.47/mockito-core-2.8.47.jar:/home/spirals/danglot/.m2/repository/net/bytebuddy/byte-buddy/1.6.14/byte-buddy-1.6.14.jar:/home/spirals/danglot/.m2/repository/net/bytebuddy/byte-buddy-agent/1.6.14/byte-buddy-agent-1.6.14.jar:/home/spirals/danglot/.m2/repository/org/objenesis/objenesis/2.5/objenesis-2.5.jar:/home/spirals/danglot/.m2/repository/commons-dbcp/commons-dbcp/1.4/commons-dbcp-1.4.jar:/home/spirals/danglot/.m2/repository/commons-pool/commons-pool/1.5.4/commons-pool-1.5.4.jar:/home/spirals/danglot/.m2/repository/org/jboss/spec/javax/transaction/jboss-transaction-api_1.2_spec/1.0.1.Final/jboss-transaction-api_1.2_spec-1.0.1.Final.jar:/home/spirals/danglot/.m2/repository/org/apache/velocity/velocity/1.7/velocity-1.7.jar:/home/spirals/danglot/.m2/repository/commons-collections/commons-collections/3.2.1/commons-collections-3.2.1.jar:/home/spirals/danglot/.m2/repository/commons-lang/commons-lang/2.4/commons-lang-2.4.jar:/home/spirals/danglot/.m2/repository/org/postgresql/postgresql/42.1.1.jre6/postgresql-42.1.1.jre6.jar:/home/spirals/danglot/.m2/repository/org/assertj/assertj-core/1.7.1/assertj-core-1.7.1.jar:/home/spirals/danglot/.m2/repository/eu/codearte/catch-exception/catch-exception/1.4.4/catch-exception-1.4.4.jar:/home/spirals/danglot/.m2/repository/ru/yandex/qatools/embed/postgresql-embedded/2.2/postgresql-embedded-2.2.jar:/home/spirals/danglot/.m2/repository/de/flapdoodle/embed/de.flapdoodle.embed.process/2.0.1/de.flapdoodle.embed.process-2.0.1.jar:/home/spirals/danglot/.m2/repository/commons-io/commons-io/2.4/commons-io-2.4.jar:/home/spirals/danglot/.m2/repository/org/apache/commons/commons-lang3/3.1/commons-lang3-3.1.jar:/home/spirals/danglot/.m2/repository/net/java/dev/jna/jna/4.0.0/jna-4.0.0.jar:/home/spirals/danglot/.m2/repository/net/java/dev/jna/jna-platform/4.0.0/jna-platform-4.0.0.jar:/home/spirals/danglot/.m2/repository/org/apache/commons/commons-compress/1.10/commons-compress-1.10.jar:target/dspot/dependencies/:/tmp/Ex2Amplifier-experiments/dataset/may-2018/mybatis-3/1070/target/classes:/tmp/Ex2Amplifier-experiments/dataset/may-2018/mybatis-3/1070/target/test-classes:/home/spirals/danglot/.m2/repository/eu/stamp-project/test-runner/1.0.8/test-runner-1.0.8-jar-with-dependencies.jar eu.stamp_project.testrunner.runner.test.TestRunner org.apache.ibatis.parsing.GenericTokenParserTest shallNotInterpolateSkippedVaiables
File saved to the following path: /tmp/Ex2Amplifier-experiments/dataset/may-2018/mybatis-3/1070_modified/target/dspot/TestListener.ser
[108340] INFO EntryPoint - Test has been run: shallNotInterpolateSkippedVaiables
[108340] INFO Amplification - 0 amplified test(s) has been selected, global: 0
[108341] INFO Amplification - amp shouldDemonstrateGenericTokenReplacement (1/2)
[108349] DEBUG Launcher - printing org.apache.ibatis.parsing.GenericTokenParserTest to /tmp/Ex2Amplifier-experiments/target/dspot/tmp_test_sources
[108437] INFO EntryPoint - Run: java -cp /tmp/Ex2Amplifier-experiments/dataset/may-2018/mybatis-3/1070_modified/target/test-classes:/tmp/Ex2Amplifier-experiments/dataset/may-2018/mybatis-3/1070_modified/target/classes:/home/spirals/danglot/.m2/repository/ognl/ognl/3.1.14/ognl-3.1.14.jar:/home/spirals/danglot/.m2/repository/org/javassist/javassist/3.22.0-CR2/javassist-3.22.0-CR2.jar:/home/spirals/danglot/.m2/repository/org/slf4j/slf4j-api/1.7.25/slf4j-api-1.7.25.jar:/home/spirals/danglot/.m2/repository/org/slf4j/slf4j-log4j12/1.7.25/slf4j-log4j12-1.7.25.jar:/home/spirals/danglot/.m2/repository/log4j/log4j/1.2.17/log4j-1.2.17.jar:/home/spirals/danglot/.m2/repository/org/apache/logging/log4j/log4j-core/2.3/log4j-core-2.3.jar:/home/spirals/danglot/.m2/repository/org/apache/logging/log4j/log4j-api/2.3/log4j-api-2.3.jar:/home/spirals/danglot/.m2/repository/commons-logging/commons-logging/1.2/commons-logging-1.2.jar:/home/spirals/danglot/.m2/repository/cglib/cglib/3.2.5/cglib-3.2.5.jar:/home/spirals/danglot/.m2/repository/org/ow2/asm/asm/5.2/asm-5.2.jar:/home/spirals/danglot/.m2/repository/org/apache/ant/ant/1.9.6/ant-1.9.6.jar:/home/spirals/danglot/.m2/repository/org/apache/ant/ant-launcher/1.9.6/ant-launcher-1.9.6.jar:/home/spirals/danglot/.m2/repository/junit/junit/4.12/junit-4.12.jar:/home/spirals/danglot/.m2/repository/org/hamcrest/hamcrest-core/1.3/hamcrest-core-1.3.jar:/home/spirals/danglot/.m2/repository/org/hsqldb/hsqldb/2.3.5/hsqldb-2.3.5.jar:/home/spirals/danglot/.m2/repository/org/apache/derby/derby/10.12.1.1/derby-10.12.1.1.jar:/home/spirals/danglot/.m2/repository/org/mockito/mockito-core/2.8.47/mockito-core-2.8.47.jar:/home/spirals/danglot/.m2/repository/net/bytebuddy/byte-buddy/1.6.14/byte-buddy-1.6.14.jar:/home/spirals/danglot/.m2/repository/net/bytebuddy/byte-buddy-agent/1.6.14/byte-buddy-agent-1.6.14.jar:/home/spirals/danglot/.m2/repository/org/objenesis/objenesis/2.5/objenesis-2.5.jar:/home/spirals/danglot/.m2/repository/commons-dbcp/commons-dbcp/1.4/commons-dbcp-1.4.jar:/home/spirals/danglot/.m2/repository/commons-pool/commons-pool/1.5.4/commons-pool-1.5.4.jar:/home/spirals/danglot/.m2/repository/org/jboss/spec/javax/transaction/jboss-transaction-api_1.2_spec/1.0.1.Final/jboss-transaction-api_1.2_spec-1.0.1.Final.jar:/home/spirals/danglot/.m2/repository/org/apache/velocity/velocity/1.7/velocity-1.7.jar:/home/spirals/danglot/.m2/repository/commons-collections/commons-collections/3.2.1/commons-collections-3.2.1.jar:/home/spirals/danglot/.m2/repository/commons-lang/commons-lang/2.4/commons-lang-2.4.jar:/home/spirals/danglot/.m2/repository/org/postgresql/postgresql/42.1.1.jre6/postgresql-42.1.1.jre6.jar:/home/spirals/danglot/.m2/repository/org/assertj/assertj-core/1.7.1/assertj-core-1.7.1.jar:/home/spirals/danglot/.m2/repository/eu/codearte/catch-exception/catch-exception/1.4.4/catch-exception-1.4.4.jar:/home/spirals/danglot/.m2/repository/ru/yandex/qatools/embed/postgresql-embedded/2.2/postgresql-embedded-2.2.jar:/home/spirals/danglot/.m2/repository/de/flapdoodle/embed/de.flapdoodle.embed.process/2.0.1/de.flapdoodle.embed.process-2.0.1.jar:/home/spirals/danglot/.m2/repository/commons-io/commons-io/2.4/commons-io-2.4.jar:/home/spirals/danglot/.m2/repository/org/apache/commons/commons-lang3/3.1/commons-lang3-3.1.jar:/home/spirals/danglot/.m2/repository/net/java/dev/jna/jna/4.0.0/jna-4.0.0.jar:/home/spirals/danglot/.m2/repository/net/java/dev/jna/jna-platform/4.0.0/jna-platform-4.0.0.jar:/home/spirals/danglot/.m2/repository/org/apache/commons/commons-compress/1.10/commons-compress-1.10.jar:/tmp/Ex2Amplifier-experiments/target/dspot/dependencies:/home/spirals/danglot/.m2/repository/eu/stamp-project/test-runner/1.0.8/test-runner-1.0.8-jar-with-dependencies.jar eu.stamp_project.testrunner.runner.test.TestRunner org.apache.ibatis.parsing.GenericTokenParserTest shouldDemonstrateGenericTokenReplacement
File saved to the following path: /tmp/Ex2Amplifier-experiments/dataset/may-2018/mybatis-3/1070_modified/target/dspot/TestListener.ser
[109117] INFO EntryPoint - Test has been run: shouldDemonstrateGenericTokenReplacement
[109117] INFO Amplification - iteration 0:
[109117] INFO Amplification - 1 tests selected to be amplified over 1 available tests
[109117] INFO Amplification - Amplification of inputs...
100% |================================================== ]/
[109275] DEBUG Launcher - printing org.apache.ibatis.parsing.GenericTokenParserTest to /tmp/Ex2Amplifier-experiments/target/dspot/tmp_test_sources
[109478] DEBUG Launcher - building sources: [/tmp/Ex2Amplifier-experiments/target/dspot/tmp_test_sources/org/apache/ibatis/parsing/GenericTokenParserTest.java]
[109479] DEBUG Launcher - build args: [-encoding, UTF-8, -cp, /home/spirals/danglot/.m2/repository/ognl/ognl/3.1.14/ognl-3.1.14.jar:/home/spirals/danglot/.m2/repository/org/javassist/javassist/3.22.0-CR2/javassist-3.22.0-CR2.jar:/home/spirals/danglot/.m2/repository/org/slf4j/slf4j-api/1.7.25/slf4j-api-1.7.25.jar:/home/spirals/danglot/.m2/repository/org/slf4j/slf4j-log4j12/1.7.25/slf4j-log4j12-1.7.25.jar:/home/spirals/danglot/.m2/repository/log4j/log4j/1.2.17/log4j-1.2.17.jar:/home/spirals/danglot/.m2/repository/org/apache/logging/log4j/log4j-core/2.3/log4j-core-2.3.jar:/home/spirals/danglot/.m2/repository/org/apache/logging/log4j/log4j-api/2.3/log4j-api-2.3.jar:/home/spirals/danglot/.m2/repository/commons-logging/commons-logging/1.2/commons-logging-1.2.jar:/home/spirals/danglot/.m2/repository/cglib/cglib/3.2.5/cglib-3.2.5.jar:/home/spirals/danglot/.m2/repository/org/ow2/asm/asm/5.2/asm-5.2.jar:/home/spirals/danglot/.m2/repository/org/apache/ant/ant/1.9.6/ant-1.9.6.jar:/home/spirals/danglot/.m2/repository/org/apache/ant/ant-launcher/1.9.6/ant-launcher-1.9.6.jar:/home/spirals/danglot/.m2/repository/junit/junit/4.12/junit-4.12.jar:/home/spirals/danglot/.m2/repository/org/hamcrest/hamcrest-core/1.3/hamcrest-core-1.3.jar:/home/spirals/danglot/.m2/repository/org/hsqldb/hsqldb/2.3.5/hsqldb-2.3.5.jar:/home/spirals/danglot/.m2/repository/org/apache/derby/derby/10.12.1.1/derby-10.12.1.1.jar:/home/spirals/danglot/.m2/repository/org/mockito/mockito-core/2.8.47/mockito-core-2.8.47.jar:/home/spirals/danglot/.m2/repository/net/bytebuddy/byte-buddy/1.6.14/byte-buddy-1.6.14.jar:/home/spirals/danglot/.m2/repository/net/bytebuddy/byte-buddy-agent/1.6.14/byte-buddy-agent-1.6.14.jar:/home/spirals/danglot/.m2/repository/org/objenesis/objenesis/2.5/objenesis-2.5.jar:/home/spirals/danglot/.m2/repository/commons-dbcp/commons-dbcp/1.4/commons-dbcp-1.4.jar:/home/spirals/danglot/.m2/repository/commons-pool/commons-pool/1.5.4/commons-pool-1.5.4.jar:/home/spirals/danglot/.m2/repository/org/jboss/spec/javax/transaction/jboss-transaction-api_1.2_spec/1.0.1.Final/jboss-transaction-api_1.2_spec-1.0.1.Final.jar:/home/spirals/danglot/.m2/repository/org/apache/velocity/velocity/1.7/velocity-1.7.jar:/home/spirals/danglot/.m2/repository/commons-collections/commons-collections/3.2.1/commons-collections-3.2.1.jar:/home/spirals/danglot/.m2/repository/commons-lang/commons-lang/2.4/commons-lang-2.4.jar:/home/spirals/danglot/.m2/repository/org/postgresql/postgresql/42.1.1.jre6/postgresql-42.1.1.jre6.jar:/home/spirals/danglot/.m2/repository/org/assertj/assertj-core/1.7.1/assertj-core-1.7.1.jar:/home/spirals/danglot/.m2/repository/eu/codearte/catch-exception/catch-exception/1.4.4/catch-exception-1.4.4.jar:/home/spirals/danglot/.m2/repository/ru/yandex/qatools/embed/postgresql-embedded/2.2/postgresql-embedded-2.2.jar:/home/spirals/danglot/.m2/repository/de/flapdoodle/embed/de.flapdoodle.embed.process/2.0.1/de.flapdoodle.embed.process-2.0.1.jar:/home/spirals/danglot/.m2/repository/commons-io/commons-io/2.4/commons-io-2.4.jar:/home/spirals/danglot/.m2/repository/org/apache/commons/commons-lang3/3.1/commons-lang3-3.1.jar:/home/spirals/danglot/.m2/repository/net/java/dev/jna/jna/4.0.0/jna-4.0.0.jar:/home/spirals/danglot/.m2/repository/net/java/dev/jna/jna-platform/4.0.0/jna-platform-4.0.0.jar:/home/spirals/danglot/.m2/repository/org/apache/commons/commons-compress/1.10/commons-compress-1.10.jar:/tmp/Ex2Amplifier-experiments/dataset/may-2018/mybatis-3/1070_modified/target/classes:/tmp/Ex2Amplifier-experiments/target/dspot/dependencies:/tmp/Ex2Amplifier-experiments/dataset/may-2018/mybatis-3/1070_modified/target/test-classes:lib/catg-dev.jar:, -1.8, -preserveAllLocals, -noExit, -enableJavadoc, /tmp/Ex2Amplifier-experiments/target/dspot/tmp_test_sources/org/apache/ibatis/parsing/GenericTokenParserTest.java]
[109641] WARN Launcher - warning: Invalid escape sequence (valid ones are  \b  \t  \n  \f  \r  \"  \'  \\ ) at /tmp/Ex2Amplifier-experiments/target/dspot/tmp_test_sources/org/apache/ibatis/parsing/GenericTokenParserTest.java:117
[109641] DEBUG Launcher - built in 163 ms
[109641] DEBUG Launcher - building templates: []
[109641] DEBUG Launcher - built in 0 ms
[109642] DEBUG Launcher - model built in 164
[109642] DEBUG Launcher - compiling sources: [/tmp/Ex2Amplifier-experiments/target/dspot/tmp_test_sources/org/apache/ibatis/parsing/GenericTokenParserTest.java]
[109644] DEBUG Launcher - compile args: [-encoding, UTF-8, -cp, /home/spirals/danglot/.m2/repository/ognl/ognl/3.1.14/ognl-3.1.14.jar:/home/spirals/danglot/.m2/repository/org/javassist/javassist/3.22.0-CR2/javassist-3.22.0-CR2.jar:/home/spirals/danglot/.m2/repository/org/slf4j/slf4j-api/1.7.25/slf4j-api-1.7.25.jar:/home/spirals/danglot/.m2/repository/org/slf4j/slf4j-log4j12/1.7.25/slf4j-log4j12-1.7.25.jar:/home/spirals/danglot/.m2/repository/log4j/log4j/1.2.17/log4j-1.2.17.jar:/home/spirals/danglot/.m2/repository/org/apache/logging/log4j/log4j-core/2.3/log4j-core-2.3.jar:/home/spirals/danglot/.m2/repository/org/apache/logging/log4j/log4j-api/2.3/log4j-api-2.3.jar:/home/spirals/danglot/.m2/repository/commons-logging/commons-logging/1.2/commons-logging-1.2.jar:/home/spirals/danglot/.m2/repository/cglib/cglib/3.2.5/cglib-3.2.5.jar:/home/spirals/danglot/.m2/repository/org/ow2/asm/asm/5.2/asm-5.2.jar:/home/spirals/danglot/.m2/repository/org/apache/ant/ant/1.9.6/ant-1.9.6.jar:/home/spirals/danglot/.m2/repository/org/apache/ant/ant-launcher/1.9.6/ant-launcher-1.9.6.jar:/home/spirals/danglot/.m2/repository/junit/junit/4.12/junit-4.12.jar:/home/spirals/danglot/.m2/repository/org/hamcrest/hamcrest-core/1.3/hamcrest-core-1.3.jar:/home/spirals/danglot/.m2/repository/org/hsqldb/hsqldb/2.3.5/hsqldb-2.3.5.jar:/home/spirals/danglot/.m2/repository/org/apache/derby/derby/10.12.1.1/derby-10.12.1.1.jar:/home/spirals/danglot/.m2/repository/org/mockito/mockito-core/2.8.47/mockito-core-2.8.47.jar:/home/spirals/danglot/.m2/repository/net/bytebuddy/byte-buddy/1.6.14/byte-buddy-1.6.14.jar:/home/spirals/danglot/.m2/repository/net/bytebuddy/byte-buddy-agent/1.6.14/byte-buddy-agent-1.6.14.jar:/home/spirals/danglot/.m2/repository/org/objenesis/objenesis/2.5/objenesis-2.5.jar:/home/spirals/danglot/.m2/repository/commons-dbcp/commons-dbcp/1.4/commons-dbcp-1.4.jar:/home/spirals/danglot/.m2/repository/commons-pool/commons-pool/1.5.4/commons-pool-1.5.4.jar:/home/spirals/danglot/.m2/repository/org/jboss/spec/javax/transaction/jboss-transaction-api_1.2_spec/1.0.1.Final/jboss-transaction-api_1.2_spec-1.0.1.Final.jar:/home/spirals/danglot/.m2/repository/org/apache/velocity/velocity/1.7/velocity-1.7.jar:/home/spirals/danglot/.m2/repository/commons-collections/commons-collections/3.2.1/commons-collections-3.2.1.jar:/home/spirals/danglot/.m2/repository/commons-lang/commons-lang/2.4/commons-lang-2.4.jar:/home/spirals/danglot/.m2/repository/org/postgresql/postgresql/42.1.1.jre6/postgresql-42.1.1.jre6.jar:/home/spirals/danglot/.m2/repository/org/assertj/assertj-core/1.7.1/assertj-core-1.7.1.jar:/home/spirals/danglot/.m2/repository/eu/codearte/catch-exception/catch-exception/1.4.4/catch-exception-1.4.4.jar:/home/spirals/danglot/.m2/repository/ru/yandex/qatools/embed/postgresql-embedded/2.2/postgresql-embedded-2.2.jar:/home/spirals/danglot/.m2/repository/de/flapdoodle/embed/de.flapdoodle.embed.process/2.0.1/de.flapdoodle.embed.process-2.0.1.jar:/home/spirals/danglot/.m2/repository/commons-io/commons-io/2.4/commons-io-2.4.jar:/home/spirals/danglot/.m2/repository/org/apache/commons/commons-lang3/3.1/commons-lang3-3.1.jar:/home/spirals/danglot/.m2/repository/net/java/dev/jna/jna/4.0.0/jna-4.0.0.jar:/home/spirals/danglot/.m2/repository/net/java/dev/jna/jna-platform/4.0.0/jna-platform-4.0.0.jar:/home/spirals/danglot/.m2/repository/org/apache/commons/commons-compress/1.10/commons-compress-1.10.jar:/tmp/Ex2Amplifier-experiments/dataset/may-2018/mybatis-3/1070_modified/target/classes:/tmp/Ex2Amplifier-experiments/target/dspot/dependencies:/tmp/Ex2Amplifier-experiments/dataset/may-2018/mybatis-3/1070_modified/target/test-classes:lib/catg-dev.jar:, -d, /tmp/Ex2Amplifier-experiments/dataset/may-2018/mybatis-3/1070_modified/target/test-classes, -1.8, -proc:none, -preserveAllLocals, -noExit, -enableJavadoc, /tmp/Ex2Amplifier-experiments/target/dspot/tmp_test_sources/org/apache/ibatis/parsing/GenericTokenParserTest.java]
[109809] DEBUG Launcher - compiled in 166 ms
[109816] INFO CATGExecutor - Running CATG: java -Xmx4096M -Xms2048M -Djanala.loggerClass=janala.logger.DirectConcolicExecution -Djanala.conf=/tmp/Ex2Amplifier-experiments/lib/catg.conf  -javaagent:/tmp/Ex2Amplifier-experiments/lib/catg-dev.jar  -cp /home/spirals/danglot/.m2/repository/ognl/ognl/3.1.14/ognl-3.1.14.jar:/home/spirals/danglot/.m2/repository/org/javassist/javassist/3.22.0-CR2/javassist-3.22.0-CR2.jar:/home/spirals/danglot/.m2/repository/org/slf4j/slf4j-api/1.7.25/slf4j-api-1.7.25.jar:/home/spirals/danglot/.m2/repository/org/slf4j/slf4j-log4j12/1.7.25/slf4j-log4j12-1.7.25.jar:/home/spirals/danglot/.m2/repository/log4j/log4j/1.2.17/log4j-1.2.17.jar:/home/spirals/danglot/.m2/repository/org/apache/logging/log4j/log4j-core/2.3/log4j-core-2.3.jar:/home/spirals/danglot/.m2/repository/org/apache/logging/log4j/log4j-api/2.3/log4j-api-2.3.jar:/home/spirals/danglot/.m2/repository/commons-logging/commons-logging/1.2/commons-logging-1.2.jar:/home/spirals/danglot/.m2/repository/cglib/cglib/3.2.5/cglib-3.2.5.jar:/home/spirals/danglot/.m2/repository/org/ow2/asm/asm/5.2/asm-5.2.jar:/home/spirals/danglot/.m2/repository/org/apache/ant/ant/1.9.6/ant-1.9.6.jar:/home/spirals/danglot/.m2/repository/org/apache/ant/ant-launcher/1.9.6/ant-launcher-1.9.6.jar:/home/spirals/danglot/.m2/repository/junit/junit/4.12/junit-4.12.jar:/home/spirals/danglot/.m2/repository/org/hamcrest/hamcrest-core/1.3/hamcrest-core-1.3.jar:/home/spirals/danglot/.m2/repository/org/hsqldb/hsqldb/2.3.5/hsqldb-2.3.5.jar:/home/spirals/danglot/.m2/repository/org/apache/derby/derby/10.12.1.1/derby-10.12.1.1.jar:/home/spirals/danglot/.m2/repository/org/mockito/mockito-core/2.8.47/mockito-core-2.8.47.jar:/home/spirals/danglot/.m2/repository/net/bytebuddy/byte-buddy/1.6.14/byte-buddy-1.6.14.jar:/home/spirals/danglot/.m2/repository/net/bytebuddy/byte-buddy-agent/1.6.14/byte-buddy-agent-1.6.14.jar:/home/spirals/danglot/.m2/repository/org/objenesis/objenesis/2.5/objenesis-2.5.jar:/home/spirals/danglot/.m2/repository/commons-dbcp/commons-dbcp/1.4/commons-dbcp-1.4.jar:/home/spirals/danglot/.m2/repository/commons-pool/commons-pool/1.5.4/commons-pool-1.5.4.jar:/home/spirals/danglot/.m2/repository/org/jboss/spec/javax/transaction/jboss-transaction-api_1.2_spec/1.0.1.Final/jboss-transaction-api_1.2_spec-1.0.1.Final.jar:/home/spirals/danglot/.m2/repository/org/apache/velocity/velocity/1.7/velocity-1.7.jar:/home/spirals/danglot/.m2/repository/commons-collections/commons-collections/3.2.1/commons-collections-3.2.1.jar:/home/spirals/danglot/.m2/repository/commons-lang/commons-lang/2.4/commons-lang-2.4.jar:/home/spirals/danglot/.m2/repository/org/postgresql/postgresql/42.1.1.jre6/postgresql-42.1.1.jre6.jar:/home/spirals/danglot/.m2/repository/org/assertj/assertj-core/1.7.1/assertj-core-1.7.1.jar:/home/spirals/danglot/.m2/repository/eu/codearte/catch-exception/catch-exception/1.4.4/catch-exception-1.4.4.jar:/home/spirals/danglot/.m2/repository/ru/yandex/qatools/embed/postgresql-embedded/2.2/postgresql-embedded-2.2.jar:/home/spirals/danglot/.m2/repository/de/flapdoodle/embed/de.flapdoodle.embed.process/2.0.1/de.flapdoodle.embed.process-2.0.1.jar:/home/spirals/danglot/.m2/repository/commons-io/commons-io/2.4/commons-io-2.4.jar:/home/spirals/danglot/.m2/repository/org/apache/commons/commons-lang3/3.1/commons-lang3-3.1.jar:/home/spirals/danglot/.m2/repository/net/java/dev/jna/jna/4.0.0/jna-4.0.0.jar:/home/spirals/danglot/.m2/repository/net/java/dev/jna/jna-platform/4.0.0/jna-platform-4.0.0.jar:/home/spirals/danglot/.m2/repository/org/apache/commons/commons-compress/1.10/commons-compress-1.10.jar:/tmp/Ex2Amplifier-experiments/dataset/may-2018/mybatis-3/1070_modified/target/classes:/tmp/Ex2Amplifier-experiments/target/dspot/dependencies:/tmp/Ex2Amplifier-experiments/dataset/may-2018/mybatis-3/1070_modified/target/test-classes:lib/catg-dev.jar:/tmp/Ex2Amplifier-experiments/lib/catg-dev.jar:/tmp/Ex2Amplifier-experiments/lib/asm-all-5.0.4.jar:/tmp/Ex2Amplifier-experiments/lib/automaton-1.11-8.jar -ea org.apache.ibatis.parsing.GenericTokenParserTest
[110208] INFO Amplification - 0 new tests generated
[110208] INFO Amplification - 0 amplified test(s) has been selected, global: 0
[110209] INFO Amplification - amp shallNotInterpolateSkippedVaiables (2/2)
[110221] DEBUG Launcher - printing org.apache.ibatis.parsing.GenericTokenParserTest to /tmp/Ex2Amplifier-experiments/target/dspot/tmp_test_sources
[110364] INFO EntryPoint - Run: java -cp /tmp/Ex2Amplifier-experiments/dataset/may-2018/mybatis-3/1070_modified/target/test-classes:/tmp/Ex2Amplifier-experiments/dataset/may-2018/mybatis-3/1070_modified/target/classes:/home/spirals/danglot/.m2/repository/ognl/ognl/3.1.14/ognl-3.1.14.jar:/home/spirals/danglot/.m2/repository/org/javassist/javassist/3.22.0-CR2/javassist-3.22.0-CR2.jar:/home/spirals/danglot/.m2/repository/org/slf4j/slf4j-api/1.7.25/slf4j-api-1.7.25.jar:/home/spirals/danglot/.m2/repository/org/slf4j/slf4j-log4j12/1.7.25/slf4j-log4j12-1.7.25.jar:/home/spirals/danglot/.m2/repository/log4j/log4j/1.2.17/log4j-1.2.17.jar:/home/spirals/danglot/.m2/repository/org/apache/logging/log4j/log4j-core/2.3/log4j-core-2.3.jar:/home/spirals/danglot/.m2/repository/org/apache/logging/log4j/log4j-api/2.3/log4j-api-2.3.jar:/home/spirals/danglot/.m2/repository/commons-logging/commons-logging/1.2/commons-logging-1.2.jar:/home/spirals/danglot/.m2/repository/cglib/cglib/3.2.5/cglib-3.2.5.jar:/home/spirals/danglot/.m2/repository/org/ow2/asm/asm/5.2/asm-5.2.jar:/home/spirals/danglot/.m2/repository/org/apache/ant/ant/1.9.6/ant-1.9.6.jar:/home/spirals/danglot/.m2/repository/org/apache/ant/ant-launcher/1.9.6/ant-launcher-1.9.6.jar:/home/spirals/danglot/.m2/repository/junit/junit/4.12/junit-4.12.jar:/home/spirals/danglot/.m2/repository/org/hamcrest/hamcrest-core/1.3/hamcrest-core-1.3.jar:/home/spirals/danglot/.m2/repository/org/hsqldb/hsqldb/2.3.5/hsqldb-2.3.5.jar:/home/spirals/danglot/.m2/repository/org/apache/derby/derby/10.12.1.1/derby-10.12.1.1.jar:/home/spirals/danglot/.m2/repository/org/mockito/mockito-core/2.8.47/mockito-core-2.8.47.jar:/home/spirals/danglot/.m2/repository/net/bytebuddy/byte-buddy/1.6.14/byte-buddy-1.6.14.jar:/home/spirals/danglot/.m2/repository/net/bytebuddy/byte-buddy-agent/1.6.14/byte-buddy-agent-1.6.14.jar:/home/spirals/danglot/.m2/repository/org/objenesis/objenesis/2.5/objenesis-2.5.jar:/home/spirals/danglot/.m2/repository/commons-dbcp/commons-dbcp/1.4/commons-dbcp-1.4.jar:/home/spirals/danglot/.m2/repository/commons-pool/commons-pool/1.5.4/commons-pool-1.5.4.jar:/home/spirals/danglot/.m2/repository/org/jboss/spec/javax/transaction/jboss-transaction-api_1.2_spec/1.0.1.Final/jboss-transaction-api_1.2_spec-1.0.1.Final.jar:/home/spirals/danglot/.m2/repository/org/apache/velocity/velocity/1.7/velocity-1.7.jar:/home/spirals/danglot/.m2/repository/commons-collections/commons-collections/3.2.1/commons-collections-3.2.1.jar:/home/spirals/danglot/.m2/repository/commons-lang/commons-lang/2.4/commons-lang-2.4.jar:/home/spirals/danglot/.m2/repository/org/postgresql/postgresql/42.1.1.jre6/postgresql-42.1.1.jre6.jar:/home/spirals/danglot/.m2/repository/org/assertj/assertj-core/1.7.1/assertj-core-1.7.1.jar:/home/spirals/danglot/.m2/repository/eu/codearte/catch-exception/catch-exception/1.4.4/catch-exception-1.4.4.jar:/home/spirals/danglot/.m2/repository/ru/yandex/qatools/embed/postgresql-embedded/2.2/postgresql-embedded-2.2.jar:/home/spirals/danglot/.m2/repository/de/flapdoodle/embed/de.flapdoodle.embed.process/2.0.1/de.flapdoodle.embed.process-2.0.1.jar:/home/spirals/danglot/.m2/repository/commons-io/commons-io/2.4/commons-io-2.4.jar:/home/spirals/danglot/.m2/repository/org/apache/commons/commons-lang3/3.1/commons-lang3-3.1.jar:/home/spirals/danglot/.m2/repository/net/java/dev/jna/jna/4.0.0/jna-4.0.0.jar:/home/spirals/danglot/.m2/repository/net/java/dev/jna/jna-platform/4.0.0/jna-platform-4.0.0.jar:/home/spirals/danglot/.m2/repository/org/apache/commons/commons-compress/1.10/commons-compress-1.10.jar:/tmp/Ex2Amplifier-experiments/target/dspot/dependencies:/home/spirals/danglot/.m2/repository/eu/stamp-project/test-runner/1.0.8/test-runner-1.0.8-jar-with-dependencies.jar eu.stamp_project.testrunner.runner.test.TestRunner org.apache.ibatis.parsing.GenericTokenParserTest shallNotInterpolateSkippedVaiables
File saved to the following path: /tmp/Ex2Amplifier-experiments/dataset/may-2018/mybatis-3/1070_modified/target/dspot/TestListener.ser
[111144] INFO EntryPoint - Test has been run: shallNotInterpolateSkippedVaiables
[111144] INFO Amplification - iteration 0:
[111144] INFO Amplification - 1 tests selected to be amplified over 1 available tests
[111144] INFO Amplification - Amplification of inputs...
100% |================================================== ]/
[111165] DEBUG Launcher - printing org.apache.ibatis.parsing.GenericTokenParserTest to /tmp/Ex2Amplifier-experiments/target/dspot/tmp_test_sources
[111353] DEBUG Launcher - building sources: [/tmp/Ex2Amplifier-experiments/target/dspot/tmp_test_sources/org/apache/ibatis/parsing/GenericTokenParserTest.java]
[111354] DEBUG Launcher - build args: [-encoding, UTF-8, -cp, /home/spirals/danglot/.m2/repository/ognl/ognl/3.1.14/ognl-3.1.14.jar:/home/spirals/danglot/.m2/repository/org/javassist/javassist/3.22.0-CR2/javassist-3.22.0-CR2.jar:/home/spirals/danglot/.m2/repository/org/slf4j/slf4j-api/1.7.25/slf4j-api-1.7.25.jar:/home/spirals/danglot/.m2/repository/org/slf4j/slf4j-log4j12/1.7.25/slf4j-log4j12-1.7.25.jar:/home/spirals/danglot/.m2/repository/log4j/log4j/1.2.17/log4j-1.2.17.jar:/home/spirals/danglot/.m2/repository/org/apache/logging/log4j/log4j-core/2.3/log4j-core-2.3.jar:/home/spirals/danglot/.m2/repository/org/apache/logging/log4j/log4j-api/2.3/log4j-api-2.3.jar:/home/spirals/danglot/.m2/repository/commons-logging/commons-logging/1.2/commons-logging-1.2.jar:/home/spirals/danglot/.m2/repository/cglib/cglib/3.2.5/cglib-3.2.5.jar:/home/spirals/danglot/.m2/repository/org/ow2/asm/asm/5.2/asm-5.2.jar:/home/spirals/danglot/.m2/repository/org/apache/ant/ant/1.9.6/ant-1.9.6.jar:/home/spirals/danglot/.m2/repository/org/apache/ant/ant-launcher/1.9.6/ant-launcher-1.9.6.jar:/home/spirals/danglot/.m2/repository/junit/junit/4.12/junit-4.12.jar:/home/spirals/danglot/.m2/repository/org/hamcrest/hamcrest-core/1.3/hamcrest-core-1.3.jar:/home/spirals/danglot/.m2/repository/org/hsqldb/hsqldb/2.3.5/hsqldb-2.3.5.jar:/home/spirals/danglot/.m2/repository/org/apache/derby/derby/10.12.1.1/derby-10.12.1.1.jar:/home/spirals/danglot/.m2/repository/org/mockito/mockito-core/2.8.47/mockito-core-2.8.47.jar:/home/spirals/danglot/.m2/repository/net/bytebuddy/byte-buddy/1.6.14/byte-buddy-1.6.14.jar:/home/spirals/danglot/.m2/repository/net/bytebuddy/byte-buddy-agent/1.6.14/byte-buddy-agent-1.6.14.jar:/home/spirals/danglot/.m2/repository/org/objenesis/objenesis/2.5/objenesis-2.5.jar:/home/spirals/danglot/.m2/repository/commons-dbcp/commons-dbcp/1.4/commons-dbcp-1.4.jar:/home/spirals/danglot/.m2/repository/commons-pool/commons-pool/1.5.4/commons-pool-1.5.4.jar:/home/spirals/danglot/.m2/repository/org/jboss/spec/javax/transaction/jboss-transaction-api_1.2_spec/1.0.1.Final/jboss-transaction-api_1.2_spec-1.0.1.Final.jar:/home/spirals/danglot/.m2/repository/org/apache/velocity/velocity/1.7/velocity-1.7.jar:/home/spirals/danglot/.m2/repository/commons-collections/commons-collections/3.2.1/commons-collections-3.2.1.jar:/home/spirals/danglot/.m2/repository/commons-lang/commons-lang/2.4/commons-lang-2.4.jar:/home/spirals/danglot/.m2/repository/org/postgresql/postgresql/42.1.1.jre6/postgresql-42.1.1.jre6.jar:/home/spirals/danglot/.m2/repository/org/assertj/assertj-core/1.7.1/assertj-core-1.7.1.jar:/home/spirals/danglot/.m2/repository/eu/codearte/catch-exception/catch-exception/1.4.4/catch-exception-1.4.4.jar:/home/spirals/danglot/.m2/repository/ru/yandex/qatools/embed/postgresql-embedded/2.2/postgresql-embedded-2.2.jar:/home/spirals/danglot/.m2/repository/de/flapdoodle/embed/de.flapdoodle.embed.process/2.0.1/de.flapdoodle.embed.process-2.0.1.jar:/home/spirals/danglot/.m2/repository/commons-io/commons-io/2.4/commons-io-2.4.jar:/home/spirals/danglot/.m2/repository/org/apache/commons/commons-lang3/3.1/commons-lang3-3.1.jar:/home/spirals/danglot/.m2/repository/net/java/dev/jna/jna/4.0.0/jna-4.0.0.jar:/home/spirals/danglot/.m2/repository/net/java/dev/jna/jna-platform/4.0.0/jna-platform-4.0.0.jar:/home/spirals/danglot/.m2/repository/org/apache/commons/commons-compress/1.10/commons-compress-1.10.jar:/tmp/Ex2Amplifier-experiments/dataset/may-2018/mybatis-3/1070_modified/target/classes:/tmp/Ex2Amplifier-experiments/target/dspot/dependencies:/tmp/Ex2Amplifier-experiments/dataset/may-2018/mybatis-3/1070_modified/target/test-classes:lib/catg-dev.jar:, -1.8, -preserveAllLocals, -noExit, -enableJavadoc, /tmp/Ex2Amplifier-experiments/target/dspot/tmp_test_sources/org/apache/ibatis/parsing/GenericTokenParserTest.java]
[111497] WARN Launcher - warning: Invalid escape sequence (valid ones are  \b  \t  \n  \f  \r  \"  \'  \\ ) at /tmp/Ex2Amplifier-experiments/target/dspot/tmp_test_sources/org/apache/ibatis/parsing/GenericTokenParserTest.java:93
[111497] DEBUG Launcher - built in 144 ms
[111498] DEBUG Launcher - building templates: []
[111498] DEBUG Launcher - built in 0 ms
[111498] DEBUG Launcher - model built in 145
[111498] DEBUG Launcher - compiling sources: [/tmp/Ex2Amplifier-experiments/target/dspot/tmp_test_sources/org/apache/ibatis/parsing/GenericTokenParserTest.java]
[111500] DEBUG Launcher - compile args: [-encoding, UTF-8, -cp, /home/spirals/danglot/.m2/repository/ognl/ognl/3.1.14/ognl-3.1.14.jar:/home/spirals/danglot/.m2/repository/org/javassist/javassist/3.22.0-CR2/javassist-3.22.0-CR2.jar:/home/spirals/danglot/.m2/repository/org/slf4j/slf4j-api/1.7.25/slf4j-api-1.7.25.jar:/home/spirals/danglot/.m2/repository/org/slf4j/slf4j-log4j12/1.7.25/slf4j-log4j12-1.7.25.jar:/home/spirals/danglot/.m2/repository/log4j/log4j/1.2.17/log4j-1.2.17.jar:/home/spirals/danglot/.m2/repository/org/apache/logging/log4j/log4j-core/2.3/log4j-core-2.3.jar:/home/spirals/danglot/.m2/repository/org/apache/logging/log4j/log4j-api/2.3/log4j-api-2.3.jar:/home/spirals/danglot/.m2/repository/commons-logging/commons-logging/1.2/commons-logging-1.2.jar:/home/spirals/danglot/.m2/repository/cglib/cglib/3.2.5/cglib-3.2.5.jar:/home/spirals/danglot/.m2/repository/org/ow2/asm/asm/5.2/asm-5.2.jar:/home/spirals/danglot/.m2/repository/org/apache/ant/ant/1.9.6/ant-1.9.6.jar:/home/spirals/danglot/.m2/repository/org/apache/ant/ant-launcher/1.9.6/ant-launcher-1.9.6.jar:/home/spirals/danglot/.m2/repository/junit/junit/4.12/junit-4.12.jar:/home/spirals/danglot/.m2/repository/org/hamcrest/hamcrest-core/1.3/hamcrest-core-1.3.jar:/home/spirals/danglot/.m2/repository/org/hsqldb/hsqldb/2.3.5/hsqldb-2.3.5.jar:/home/spirals/danglot/.m2/repository/org/apache/derby/derby/10.12.1.1/derby-10.12.1.1.jar:/home/spirals/danglot/.m2/repository/org/mockito/mockito-core/2.8.47/mockito-core-2.8.47.jar:/home/spirals/danglot/.m2/repository/net/bytebuddy/byte-buddy/1.6.14/byte-buddy-1.6.14.jar:/home/spirals/danglot/.m2/repository/net/bytebuddy/byte-buddy-agent/1.6.14/byte-buddy-agent-1.6.14.jar:/home/spirals/danglot/.m2/repository/org/objenesis/objenesis/2.5/objenesis-2.5.jar:/home/spirals/danglot/.m2/repository/commons-dbcp/commons-dbcp/1.4/commons-dbcp-1.4.jar:/home/spirals/danglot/.m2/repository/commons-pool/commons-pool/1.5.4/commons-pool-1.5.4.jar:/home/spirals/danglot/.m2/repository/org/jboss/spec/javax/transaction/jboss-transaction-api_1.2_spec/1.0.1.Final/jboss-transaction-api_1.2_spec-1.0.1.Final.jar:/home/spirals/danglot/.m2/repository/org/apache/velocity/velocity/1.7/velocity-1.7.jar:/home/spirals/danglot/.m2/repository/commons-collections/commons-collections/3.2.1/commons-collections-3.2.1.jar:/home/spirals/danglot/.m2/repository/commons-lang/commons-lang/2.4/commons-lang-2.4.jar:/home/spirals/danglot/.m2/repository/org/postgresql/postgresql/42.1.1.jre6/postgresql-42.1.1.jre6.jar:/home/spirals/danglot/.m2/repository/org/assertj/assertj-core/1.7.1/assertj-core-1.7.1.jar:/home/spirals/danglot/.m2/repository/eu/codearte/catch-exception/catch-exception/1.4.4/catch-exception-1.4.4.jar:/home/spirals/danglot/.m2/repository/ru/yandex/qatools/embed/postgresql-embedded/2.2/postgresql-embedded-2.2.jar:/home/spirals/danglot/.m2/repository/de/flapdoodle/embed/de.flapdoodle.embed.process/2.0.1/de.flapdoodle.embed.process-2.0.1.jar:/home/spirals/danglot/.m2/repository/commons-io/commons-io/2.4/commons-io-2.4.jar:/home/spirals/danglot/.m2/repository/org/apache/commons/commons-lang3/3.1/commons-lang3-3.1.jar:/home/spirals/danglot/.m2/repository/net/java/dev/jna/jna/4.0.0/jna-4.0.0.jar:/home/spirals/danglot/.m2/repository/net/java/dev/jna/jna-platform/4.0.0/jna-platform-4.0.0.jar:/home/spirals/danglot/.m2/repository/org/apache/commons/commons-compress/1.10/commons-compress-1.10.jar:/tmp/Ex2Amplifier-experiments/dataset/may-2018/mybatis-3/1070_modified/target/classes:/tmp/Ex2Amplifier-experiments/target/dspot/dependencies:/tmp/Ex2Amplifier-experiments/dataset/may-2018/mybatis-3/1070_modified/target/test-classes:lib/catg-dev.jar:, -d, /tmp/Ex2Amplifier-experiments/dataset/may-2018/mybatis-3/1070_modified/target/test-classes, -1.8, -proc:none, -preserveAllLocals, -noExit, -enableJavadoc, /tmp/Ex2Amplifier-experiments/target/dspot/tmp_test_sources/org/apache/ibatis/parsing/GenericTokenParserTest.java]
[111664] DEBUG Launcher - compiled in 166 ms
[111665] INFO CATGExecutor - Running CATG: java -Xmx4096M -Xms2048M -Djanala.loggerClass=janala.logger.DirectConcolicExecution -Djanala.conf=/tmp/Ex2Amplifier-experiments/lib/catg.conf  -javaagent:/tmp/Ex2Amplifier-experiments/lib/catg-dev.jar  -cp /home/spirals/danglot/.m2/repository/ognl/ognl/3.1.14/ognl-3.1.14.jar:/home/spirals/danglot/.m2/repository/org/javassist/javassist/3.22.0-CR2/javassist-3.22.0-CR2.jar:/home/spirals/danglot/.m2/repository/org/slf4j/slf4j-api/1.7.25/slf4j-api-1.7.25.jar:/home/spirals/danglot/.m2/repository/org/slf4j/slf4j-log4j12/1.7.25/slf4j-log4j12-1.7.25.jar:/home/spirals/danglot/.m2/repository/log4j/log4j/1.2.17/log4j-1.2.17.jar:/home/spirals/danglot/.m2/repository/org/apache/logging/log4j/log4j-core/2.3/log4j-core-2.3.jar:/home/spirals/danglot/.m2/repository/org/apache/logging/log4j/log4j-api/2.3/log4j-api-2.3.jar:/home/spirals/danglot/.m2/repository/commons-logging/commons-logging/1.2/commons-logging-1.2.jar:/home/spirals/danglot/.m2/repository/cglib/cglib/3.2.5/cglib-3.2.5.jar:/home/spirals/danglot/.m2/repository/org/ow2/asm/asm/5.2/asm-5.2.jar:/home/spirals/danglot/.m2/repository/org/apache/ant/ant/1.9.6/ant-1.9.6.jar:/home/spirals/danglot/.m2/repository/org/apache/ant/ant-launcher/1.9.6/ant-launcher-1.9.6.jar:/home/spirals/danglot/.m2/repository/junit/junit/4.12/junit-4.12.jar:/home/spirals/danglot/.m2/repository/org/hamcrest/hamcrest-core/1.3/hamcrest-core-1.3.jar:/home/spirals/danglot/.m2/repository/org/hsqldb/hsqldb/2.3.5/hsqldb-2.3.5.jar:/home/spirals/danglot/.m2/repository/org/apache/derby/derby/10.12.1.1/derby-10.12.1.1.jar:/home/spirals/danglot/.m2/repository/org/mockito/mockito-core/2.8.47/mockito-core-2.8.47.jar:/home/spirals/danglot/.m2/repository/net/bytebuddy/byte-buddy/1.6.14/byte-buddy-1.6.14.jar:/home/spirals/danglot/.m2/repository/net/bytebuddy/byte-buddy-agent/1.6.14/byte-buddy-agent-1.6.14.jar:/home/spirals/danglot/.m2/repository/org/objenesis/objenesis/2.5/objenesis-2.5.jar:/home/spirals/danglot/.m2/repository/commons-dbcp/commons-dbcp/1.4/commons-dbcp-1.4.jar:/home/spirals/danglot/.m2/repository/commons-pool/commons-pool/1.5.4/commons-pool-1.5.4.jar:/home/spirals/danglot/.m2/repository/org/jboss/spec/javax/transaction/jboss-transaction-api_1.2_spec/1.0.1.Final/jboss-transaction-api_1.2_spec-1.0.1.Final.jar:/home/spirals/danglot/.m2/repository/org/apache/velocity/velocity/1.7/velocity-1.7.jar:/home/spirals/danglot/.m2/repository/commons-collections/commons-collections/3.2.1/commons-collections-3.2.1.jar:/home/spirals/danglot/.m2/repository/commons-lang/commons-lang/2.4/commons-lang-2.4.jar:/home/spirals/danglot/.m2/repository/org/postgresql/postgresql/42.1.1.jre6/postgresql-42.1.1.jre6.jar:/home/spirals/danglot/.m2/repository/org/assertj/assertj-core/1.7.1/assertj-core-1.7.1.jar:/home/spirals/danglot/.m2/repository/eu/codearte/catch-exception/catch-exception/1.4.4/catch-exception-1.4.4.jar:/home/spirals/danglot/.m2/repository/ru/yandex/qatools/embed/postgresql-embedded/2.2/postgresql-embedded-2.2.jar:/home/spirals/danglot/.m2/repository/de/flapdoodle/embed/de.flapdoodle.embed.process/2.0.1/de.flapdoodle.embed.process-2.0.1.jar:/home/spirals/danglot/.m2/repository/commons-io/commons-io/2.4/commons-io-2.4.jar:/home/spirals/danglot/.m2/repository/org/apache/commons/commons-lang3/3.1/commons-lang3-3.1.jar:/home/spirals/danglot/.m2/repository/net/java/dev/jna/jna/4.0.0/jna-4.0.0.jar:/home/spirals/danglot/.m2/repository/net/java/dev/jna/jna-platform/4.0.0/jna-platform-4.0.0.jar:/home/spirals/danglot/.m2/repository/org/apache/commons/commons-compress/1.10/commons-compress-1.10.jar:/tmp/Ex2Amplifier-experiments/dataset/may-2018/mybatis-3/1070_modified/target/classes:/tmp/Ex2Amplifier-experiments/target/dspot/dependencies:/tmp/Ex2Amplifier-experiments/dataset/may-2018/mybatis-3/1070_modified/target/test-classes:lib/catg-dev.jar:/tmp/Ex2Amplifier-experiments/lib/catg-dev.jar:/tmp/Ex2Amplifier-experiments/lib/asm-all-5.0.4.jar:/tmp/Ex2Amplifier-experiments/lib/automaton-1.11-8.jar -ea org.apache.ibatis.parsing.GenericTokenParserTest
[112049] INFO Amplification - 0 new tests generated
[112050] INFO Amplification - 0 amplified test(s) has been selected, global: 0
[112050] INFO DSpot - elapsedTime 9501
======= REPORT =======
0 amplified test fails on the new versions.

[112125] INFO DSpot - Print AmplGenericTokenParserTest with 0?amplified test cases in results/may-2018/mybatis-3/1070_modified/CATG
[112126] DEBUG Launcher - printing org.apache.ibatis.parsing.AmplGenericTokenParserTest to /tmp/Ex2Amplifier-experiments/results/may-2018/mybatis-3/1070_modified/CATG
