SLF4J: Class path contains multiple SLF4J bindings.
SLF4J: Found binding in [jar:file:/home/spirals/danglot/.m2/repository/eu/stamp-project/test-runner/1.0.8/test-runner-1.0.8-jar-with-dependencies.jar!/org/slf4j/impl/StaticLoggerBinder.class]
SLF4J: Found binding in [jar:file:/home/spirals/danglot/.m2/repository/org/slf4j/slf4j-log4j12/1.7.25/slf4j-log4j12-1.7.25.jar!/org/slf4j/impl/StaticLoggerBinder.class]
SLF4J: See http://www.slf4j.org/codes.html#multiple_bindings for an explanation.
SLF4J: Actual binding is of type [org.slf4j.impl.Log4jLoggerFactory]
[0] WARN AutomaticBuilderFactory - No automatic builder specified in configuration, going to default.
[0] INFO AutomaticBuilderFactory - Default: provided Maven automatic builder.
[9] INFO MavenAutomaticBuilder - run maven clean test -DskipTests dependency:build-classpath -Dmdep.outputFile=target/dspot/classpath
[WARN] Maven will be executed in interactive mode, but no input stream has been configured for this MavenInvoker instance.
[INFO] Scanning for projects...
[INFO]                                                                         
[INFO] ------------------------------------------------------------------------
[INFO] Building mybatis 3.4.5-SNAPSHOT
[INFO] ------------------------------------------------------------------------
[INFO] 
[INFO] --- maven-clean-plugin:3.0.0:clean (default-clean) @ mybatis ---
[INFO] Deleting /tmp/Ex2Amplifier-experiments/dataset/may-2018/mybatis-3/1073/target
[INFO] 
[INFO] --- maven-enforcer-plugin:1.4.1:enforce (enforce-java) @ mybatis ---
[INFO] Skipping Rule Enforcement.
[INFO] 
[INFO] --- jacoco-maven-plugin:0.7.9:prepare-agent (prepare-agent) @ mybatis ---
[INFO] argLine set to -javaagent:/home/spirals/danglot/.m2/repository/org/jacoco/org.jacoco.agent/0.7.9/org.jacoco.agent-0.7.9-runtime.jar=destfile=/tmp/Ex2Amplifier-experiments/dataset/may-2018/mybatis-3/1073/target/jacoco.exec,excludes=org.apache.ibatis.ognl.*:org.apache.ibatis.javassist.*
[INFO] 
[INFO] --- maven-resources-plugin:3.0.2:resources (default-resources) @ mybatis ---
[INFO] Using 'UTF-8' encoding to copy filtered resources.
[INFO] Copying 2 resources to META-INF
[INFO] Copying 2 resources
[INFO] 
[INFO] --- maven-compiler-plugin:3.6.1:compile (default-compile) @ mybatis ---
[INFO] Compiling 380 source files to /tmp/Ex2Amplifier-experiments/dataset/may-2018/mybatis-3/1073/target/classes
[INFO] /tmp/Ex2Amplifier-experiments/dataset/may-2018/mybatis-3/1073/src/main/java/org/apache/ibatis/reflection/MetaObject.java: Some input files use unchecked or unsafe operations.
[INFO] /tmp/Ex2Amplifier-experiments/dataset/may-2018/mybatis-3/1073/src/main/java/org/apache/ibatis/reflection/MetaObject.java: Recompile with -Xlint:unchecked for details.
[INFO] 
[INFO] --- license-maven-plugin:3.0:format (default) @ mybatis ---
[INFO] 
[INFO] --- animal-sniffer-maven-plugin:1.15:check (check-java-1.6-compat) @ mybatis ---
[INFO] Checking unresolved references to org.codehaus.mojo.signature:java16:1.1
[INFO] 
[INFO] --- maven-bundle-plugin:3.3.0:manifest (bundle-manifest) @ mybatis ---
[INFO] 
[INFO] --- maven-resources-plugin:3.0.2:testResources (default-testResources) @ mybatis ---
[INFO] Using 'UTF-8' encoding to copy filtered resources.
[INFO] Copying 456 resources
[INFO] 
[INFO] --- maven-compiler-plugin:3.6.1:testCompile (default-testCompile) @ mybatis ---
[INFO] Compiling 739 source files to /tmp/Ex2Amplifier-experiments/dataset/may-2018/mybatis-3/1073/target/test-classes
[INFO] /tmp/Ex2Amplifier-experiments/dataset/may-2018/mybatis-3/1073/src/test/java/org/apache/ibatis/jdbc/SqlBuilderTest.java: Some input files use or override a deprecated API.
[INFO] /tmp/Ex2Amplifier-experiments/dataset/may-2018/mybatis-3/1073/src/test/java/org/apache/ibatis/jdbc/SqlBuilderTest.java: Recompile with -Xlint:deprecation for details.
[INFO] /tmp/Ex2Amplifier-experiments/dataset/may-2018/mybatis-3/1073/src/test/java/org/apache/ibatis/domain/misc/RichType.java: Some input files use unchecked or unsafe operations.
[INFO] /tmp/Ex2Amplifier-experiments/dataset/may-2018/mybatis-3/1073/src/test/java/org/apache/ibatis/domain/misc/RichType.java: Recompile with -Xlint:unchecked for details.
[INFO] 
[INFO] --- maven-surefire-plugin:2.20:test (default-test) @ mybatis ---
[INFO] Tests are skipped.
[INFO] 
[INFO] --- maven-dependency-plugin:3.0.1:build-classpath (default-cli) @ mybatis ---
[INFO] Wrote classpath file '/tmp/Ex2Amplifier-experiments/dataset/may-2018/mybatis-3/1073/target/dspot/classpath'.
[INFO] ------------------------------------------------------------------------
[INFO] BUILD SUCCESS
[INFO] ------------------------------------------------------------------------
[INFO] Total time: 16.136 s
[INFO] Finished at: 2018-06-08T18:47:28+02:00
[INFO] Final Memory: 48M/897M
[INFO] ------------------------------------------------------------------------
[24697] ERROR JDTCommentBuilder - // target for test (ordinal number -> Enum constant) is not added into the AST
spoon.reflect.declaration.ParentNotInitializedException: parent not initialized for class spoon.support.reflect.code.CtCommentImpl (/tmp/Ex2Amplifier-experiments/dataset/may-2018/mybatis-3/1073/src/test/java/org/apache/ibatis/submitted/enumtypehandler_on_annotation/PersonMapper.java:46)
	at spoon.support.reflect.declaration.CtElementImpl.getParent(CtElementImpl.java:340)
	at spoon.support.compiler.jdt.JDTCommentBuilder.insertCommentInAST(JDTCommentBuilder.java:474)
	at spoon.support.compiler.jdt.JDTCommentBuilder.buildComment(JDTCommentBuilder.java:152)
	at spoon.support.compiler.jdt.JDTCommentBuilder.build(JDTCommentBuilder.java:108)
	at spoon.support.compiler.jdt.JDTBasedSpoonCompiler.buildModel(JDTBasedSpoonCompiler.java:417)
	at spoon.support.compiler.jdt.JDTBasedSpoonCompiler.buildUnitsAndModel(JDTBasedSpoonCompiler.java:362)
	at spoon.support.compiler.jdt.JDTBasedSpoonCompiler.buildSources(JDTBasedSpoonCompiler.java:335)
	at spoon.support.compiler.jdt.JDTBasedSpoonCompiler.build(JDTBasedSpoonCompiler.java:116)
	at spoon.support.compiler.jdt.JDTBasedSpoonCompiler.build(JDTBasedSpoonCompiler.java:99)
	at spoon.Launcher.buildModel(Launcher.java:724)
	at eu.stamp_project.utils.compilation.DSpotCompiler.getSpoonModelOf(DSpotCompiler.java:103)
	at eu.stamp_project.utils.compilation.DSpotCompiler.createDSpotCompiler(DSpotCompiler.java:31)
	at eu.stamp_project.dspot.DSpot.<init>(DSpot.java:108)
	at eu.stamp_project.Main.lambda$run$2(Main.java:139)
	at java.util.stream.ForEachOps$ForEachOp$OfRef.accept(ForEachOps.java:184)
	at java.util.stream.ReferencePipeline$2$1.accept(ReferencePipeline.java:175)
	at java.util.ArrayList$ArrayListSpliterator.forEachRemaining(ArrayList.java:1374)
	at java.util.stream.AbstractPipeline.copyInto(AbstractPipeline.java:481)
	at java.util.stream.AbstractPipeline.wrapAndCopyInto(AbstractPipeline.java:471)
	at java.util.stream.ForEachOps$ForEachOp.evaluateSequential(ForEachOps.java:151)
	at java.util.stream.ForEachOps$ForEachOp$OfRef.evaluateSequential(ForEachOps.java:174)
	at java.util.stream.AbstractPipeline.evaluate(AbstractPipeline.java:234)
	at java.util.stream.ReferencePipeline.forEach(ReferencePipeline.java:418)
	at eu.stamp_project.Main.run(Main.java:122)
	at eu.stamp_project.Main.main(Main.java:93)
[24700] ERROR JDTCommentBuilder - // Switch using enum constant name(PERSON or EMPLOYEE) at cases attribute is not added into the AST
spoon.reflect.declaration.ParentNotInitializedException: parent not initialized for class spoon.support.reflect.code.CtCommentImpl (/tmp/Ex2Amplifier-experiments/dataset/may-2018/mybatis-3/1073/src/test/java/org/apache/ibatis/submitted/enumtypehandler_on_annotation/PersonMapper.java:48)
	at spoon.support.reflect.declaration.CtElementImpl.getParent(CtElementImpl.java:340)
	at spoon.support.compiler.jdt.JDTCommentBuilder.insertCommentInAST(JDTCommentBuilder.java:474)
	at spoon.support.compiler.jdt.JDTCommentBuilder.buildComment(JDTCommentBuilder.java:152)
	at spoon.support.compiler.jdt.JDTCommentBuilder.build(JDTCommentBuilder.java:108)
	at spoon.support.compiler.jdt.JDTBasedSpoonCompiler.buildModel(JDTBasedSpoonCompiler.java:417)
	at spoon.support.compiler.jdt.JDTBasedSpoonCompiler.buildUnitsAndModel(JDTBasedSpoonCompiler.java:362)
	at spoon.support.compiler.jdt.JDTBasedSpoonCompiler.buildSources(JDTBasedSpoonCompiler.java:335)
	at spoon.support.compiler.jdt.JDTBasedSpoonCompiler.build(JDTBasedSpoonCompiler.java:116)
	at spoon.support.compiler.jdt.JDTBasedSpoonCompiler.build(JDTBasedSpoonCompiler.java:99)
	at spoon.Launcher.buildModel(Launcher.java:724)
	at eu.stamp_project.utils.compilation.DSpotCompiler.getSpoonModelOf(DSpotCompiler.java:103)
	at eu.stamp_project.utils.compilation.DSpotCompiler.createDSpotCompiler(DSpotCompiler.java:31)
	at eu.stamp_project.dspot.DSpot.<init>(DSpot.java:108)
	at eu.stamp_project.Main.lambda$run$2(Main.java:139)
	at java.util.stream.ForEachOps$ForEachOp$OfRef.accept(ForEachOps.java:184)
	at java.util.stream.ReferencePipeline$2$1.accept(ReferencePipeline.java:175)
	at java.util.ArrayList$ArrayListSpliterator.forEachRemaining(ArrayList.java:1374)
	at java.util.stream.AbstractPipeline.copyInto(AbstractPipeline.java:481)
	at java.util.stream.AbstractPipeline.wrapAndCopyInto(AbstractPipeline.java:471)
	at java.util.stream.ForEachOps$ForEachOp.evaluateSequential(ForEachOps.java:151)
	at java.util.stream.ForEachOps$ForEachOp$OfRef.evaluateSequential(ForEachOps.java:174)
	at java.util.stream.AbstractPipeline.evaluate(AbstractPipeline.java:234)
	at java.util.stream.ReferencePipeline.forEach(ReferencePipeline.java:418)
	at eu.stamp_project.Main.run(Main.java:122)
	at eu.stamp_project.Main.main(Main.java:93)
[25865] ERROR JDTCommentBuilder - // Interface Mapper is not added into the AST
spoon.reflect.declaration.ParentNotInitializedException: parent not initialized for class spoon.support.reflect.code.CtCommentImpl (/tmp/Ex2Amplifier-experiments/dataset/may-2018/mybatis-3/1073/src/main/java/org/apache/ibatis/annotations/Mapper.java:39)
	at spoon.support.reflect.declaration.CtElementImpl.getParent(CtElementImpl.java:340)
	at spoon.support.compiler.jdt.JDTCommentBuilder.insertCommentInAST(JDTCommentBuilder.java:474)
	at spoon.support.compiler.jdt.JDTCommentBuilder.buildComment(JDTCommentBuilder.java:152)
	at spoon.support.compiler.jdt.JDTCommentBuilder.build(JDTCommentBuilder.java:108)
	at spoon.support.compiler.jdt.JDTBasedSpoonCompiler.buildModel(JDTBasedSpoonCompiler.java:417)
	at spoon.support.compiler.jdt.JDTBasedSpoonCompiler.buildUnitsAndModel(JDTBasedSpoonCompiler.java:362)
	at spoon.support.compiler.jdt.JDTBasedSpoonCompiler.buildSources(JDTBasedSpoonCompiler.java:335)
	at spoon.support.compiler.jdt.JDTBasedSpoonCompiler.build(JDTBasedSpoonCompiler.java:116)
	at spoon.support.compiler.jdt.JDTBasedSpoonCompiler.build(JDTBasedSpoonCompiler.java:99)
	at spoon.Launcher.buildModel(Launcher.java:724)
	at eu.stamp_project.utils.compilation.DSpotCompiler.getSpoonModelOf(DSpotCompiler.java:103)
	at eu.stamp_project.utils.compilation.DSpotCompiler.createDSpotCompiler(DSpotCompiler.java:31)
	at eu.stamp_project.dspot.DSpot.<init>(DSpot.java:108)
	at eu.stamp_project.Main.lambda$run$2(Main.java:139)
	at java.util.stream.ForEachOps$ForEachOp$OfRef.accept(ForEachOps.java:184)
	at java.util.stream.ReferencePipeline$2$1.accept(ReferencePipeline.java:175)
	at java.util.ArrayList$ArrayListSpliterator.forEachRemaining(ArrayList.java:1374)
	at java.util.stream.AbstractPipeline.copyInto(AbstractPipeline.java:481)
	at java.util.stream.AbstractPipeline.wrapAndCopyInto(AbstractPipeline.java:471)
	at java.util.stream.ForEachOps$ForEachOp.evaluateSequential(ForEachOps.java:151)
	at java.util.stream.ForEachOps$ForEachOp$OfRef.evaluateSequential(ForEachOps.java:174)
	at java.util.stream.AbstractPipeline.evaluate(AbstractPipeline.java:234)
	at java.util.stream.ReferencePipeline.forEach(ReferencePipeline.java:418)
	at eu.stamp_project.Main.run(Main.java:122)
	at eu.stamp_project.Main.main(Main.java:93)
[29516] ERROR JDTCommentBuilder - /* because ResultHandler<?> is always ResultHandler<Object> */ is not added into the AST
spoon.reflect.declaration.ParentNotInitializedException: parent not initialized for class spoon.support.reflect.code.CtCommentImpl (/tmp/Ex2Amplifier-experiments/dataset/may-2018/mybatis-3/1073/src/main/java/org/apache/ibatis/executor/resultset/DefaultResultSetHandler.java:364)
	at spoon.support.reflect.declaration.CtElementImpl.getParent(CtElementImpl.java:340)
	at spoon.support.compiler.jdt.JDTCommentBuilder.insertCommentInAST(JDTCommentBuilder.java:474)
	at spoon.support.compiler.jdt.JDTCommentBuilder.buildComment(JDTCommentBuilder.java:152)
	at spoon.support.compiler.jdt.JDTCommentBuilder.build(JDTCommentBuilder.java:108)
	at spoon.support.compiler.jdt.JDTBasedSpoonCompiler.buildModel(JDTBasedSpoonCompiler.java:417)
	at spoon.support.compiler.jdt.JDTBasedSpoonCompiler.buildUnitsAndModel(JDTBasedSpoonCompiler.java:362)
	at spoon.support.compiler.jdt.JDTBasedSpoonCompiler.buildSources(JDTBasedSpoonCompiler.java:335)
	at spoon.support.compiler.jdt.JDTBasedSpoonCompiler.build(JDTBasedSpoonCompiler.java:116)
	at spoon.support.compiler.jdt.JDTBasedSpoonCompiler.build(JDTBasedSpoonCompiler.java:99)
	at spoon.Launcher.buildModel(Launcher.java:724)
	at eu.stamp_project.utils.compilation.DSpotCompiler.getSpoonModelOf(DSpotCompiler.java:103)
	at eu.stamp_project.utils.compilation.DSpotCompiler.createDSpotCompiler(DSpotCompiler.java:31)
	at eu.stamp_project.dspot.DSpot.<init>(DSpot.java:108)
	at eu.stamp_project.Main.lambda$run$2(Main.java:139)
	at java.util.stream.ForEachOps$ForEachOp$OfRef.accept(ForEachOps.java:184)
	at java.util.stream.ReferencePipeline$2$1.accept(ReferencePipeline.java:175)
	at java.util.ArrayList$ArrayListSpliterator.forEachRemaining(ArrayList.java:1374)
	at java.util.stream.AbstractPipeline.copyInto(AbstractPipeline.java:481)
	at java.util.stream.AbstractPipeline.wrapAndCopyInto(AbstractPipeline.java:471)
	at java.util.stream.ForEachOps$ForEachOp.evaluateSequential(ForEachOps.java:151)
	at java.util.stream.ForEachOps$ForEachOp$OfRef.evaluateSequential(ForEachOps.java:174)
	at java.util.stream.AbstractPipeline.evaluate(AbstractPipeline.java:234)
	at java.util.stream.ReferencePipeline.forEach(ReferencePipeline.java:418)
	at eu.stamp_project.Main.run(Main.java:122)
	at eu.stamp_project.Main.main(Main.java:93)
[30347] WARN AutomaticBuilderFactory - No automatic builder specified in configuration, going to default.
[30347] INFO AutomaticBuilderFactory - Default: provided Maven automatic builder.
[30347] INFO MavenAutomaticBuilder - run maven clean test -DskipTests dependency:build-classpath -Dmdep.outputFile=target/dspot/classpath
[WARN] Maven will be executed in interactive mode, but no input stream has been configured for this MavenInvoker instance.
[INFO] Scanning for projects...
[INFO]                                                                         
[INFO] ------------------------------------------------------------------------
[INFO] Building mybatis 3.4.5-SNAPSHOT
[INFO] ------------------------------------------------------------------------
[INFO] 
[INFO] --- maven-clean-plugin:3.0.0:clean (default-clean) @ mybatis ---
[INFO] Deleting /tmp/Ex2Amplifier-experiments/dataset/may-2018/mybatis-3/1073_modified/target
[INFO] 
[INFO] --- maven-enforcer-plugin:1.4.1:enforce (enforce-java) @ mybatis ---
[INFO] Skipping Rule Enforcement.
[INFO] 
[INFO] --- jacoco-maven-plugin:0.7.9:prepare-agent (prepare-agent) @ mybatis ---
[INFO] argLine set to -javaagent:/home/spirals/danglot/.m2/repository/org/jacoco/org.jacoco.agent/0.7.9/org.jacoco.agent-0.7.9-runtime.jar=destfile=/tmp/Ex2Amplifier-experiments/dataset/may-2018/mybatis-3/1073_modified/target/jacoco.exec,excludes=org.apache.ibatis.ognl.*:org.apache.ibatis.javassist.*
[INFO] 
[INFO] --- maven-resources-plugin:3.0.2:resources (default-resources) @ mybatis ---
[INFO] Using 'UTF-8' encoding to copy filtered resources.
[INFO] Copying 2 resources to META-INF
[INFO] Copying 2 resources
[INFO] 
[INFO] --- maven-compiler-plugin:3.6.1:compile (default-compile) @ mybatis ---
[INFO] Compiling 380 source files to /tmp/Ex2Amplifier-experiments/dataset/may-2018/mybatis-3/1073_modified/target/classes
[INFO] /tmp/Ex2Amplifier-experiments/dataset/may-2018/mybatis-3/1073_modified/src/main/java/org/apache/ibatis/reflection/MetaObject.java: Some input files use unchecked or unsafe operations.
[INFO] /tmp/Ex2Amplifier-experiments/dataset/may-2018/mybatis-3/1073_modified/src/main/java/org/apache/ibatis/reflection/MetaObject.java: Recompile with -Xlint:unchecked for details.
[INFO] 
[INFO] --- license-maven-plugin:3.0:format (default) @ mybatis ---
[INFO] 
[INFO] --- animal-sniffer-maven-plugin:1.15:check (check-java-1.6-compat) @ mybatis ---
[INFO] Checking unresolved references to org.codehaus.mojo.signature:java16:1.1
[INFO] 
[INFO] --- maven-bundle-plugin:3.3.0:manifest (bundle-manifest) @ mybatis ---
[INFO] 
[INFO] --- maven-resources-plugin:3.0.2:testResources (default-testResources) @ mybatis ---
[INFO] Using 'UTF-8' encoding to copy filtered resources.
[INFO] Copying 457 resources
[INFO] 
[INFO] --- maven-compiler-plugin:3.6.1:testCompile (default-testCompile) @ mybatis ---
[INFO] Compiling 743 source files to /tmp/Ex2Amplifier-experiments/dataset/may-2018/mybatis-3/1073_modified/target/test-classes
[INFO] /tmp/Ex2Amplifier-experiments/dataset/may-2018/mybatis-3/1073_modified/src/test/java/org/apache/ibatis/jdbc/SelectBuilderTest.java: Some input files use or override a deprecated API.
[INFO] /tmp/Ex2Amplifier-experiments/dataset/may-2018/mybatis-3/1073_modified/src/test/java/org/apache/ibatis/jdbc/SelectBuilderTest.java: Recompile with -Xlint:deprecation for details.
[INFO] /tmp/Ex2Amplifier-experiments/dataset/may-2018/mybatis-3/1073_modified/src/test/java/org/apache/ibatis/executor/ResultExtractorTest.java: Some input files use unchecked or unsafe operations.
[INFO] /tmp/Ex2Amplifier-experiments/dataset/may-2018/mybatis-3/1073_modified/src/test/java/org/apache/ibatis/executor/ResultExtractorTest.java: Recompile with -Xlint:unchecked for details.
[INFO] 
[INFO] --- maven-surefire-plugin:2.20:test (default-test) @ mybatis ---
[INFO] Tests are skipped.
[INFO] 
[INFO] --- maven-dependency-plugin:3.0.1:build-classpath (default-cli) @ mybatis ---
[INFO] Wrote classpath file '/tmp/Ex2Amplifier-experiments/dataset/may-2018/mybatis-3/1073_modified/target/dspot/classpath'.
[INFO] ------------------------------------------------------------------------
[INFO] BUILD SUCCESS
[INFO] ------------------------------------------------------------------------
[INFO] Total time: 16.297 s
[INFO] Finished at: 2018-06-08T18:47:58+02:00
[INFO] Final Memory: 47M/880M
[INFO] ------------------------------------------------------------------------
[48367] INFO SelectorOnDiff - Selecting according to a diff between dataset/may-2018/mybatis-3/1073/ and dataset/may-2018/mybatis-3/1073_modified/ (c004b579ed69c3dcc11bb9f1288cddd33595a82b)
[48381] INFO SelectorOnDiff - Modified files:
a/src/test/java/org/apache/ibatis/submitted/usesjava8/postgres_genkeys/Section.java
a/src/main/java/org/apache/ibatis/executor/keygen/Jdbc3KeyGenerator.java
a/src/test/java/org/apache/ibatis/submitted/usesjava8/postgres_genkeys/PostgresGeneratedKeysTest.java
a/src/test/java/org/apache/ibatis/submitted/usesjava8/postgres_genkeys/Mapper.java
a/src/test/java/org/apache/ibatis/submitted/usesjava8/postgres_genkeys/User.java
a/src/test/java/org/apache/ibatis/submitted/keygen/Jdbc3KeyGeneratorTest.java
[49128] INFO SelectorOnDiff - Select 1 modified test methods
[53444] INFO SelectorOnDiff - Select 1 test methods that execute directly modified methods
[53459] INFO Amplification - amplification of org.apache.ibatis.submitted.keygen.Jdbc3KeyGeneratorTest (1 test(s))
[53647] INFO EntryPoint - Run: java -cp /tmp/Ex2Amplifier-experiments/dataset/may-2018/mybatis-3/1073/target/test-classes:/tmp/Ex2Amplifier-experiments/dataset/may-2018/mybatis-3/1073/target/classes:/home/spirals/danglot/.m2/repository/ognl/ognl/3.1.14/ognl-3.1.14.jar:/home/spirals/danglot/.m2/repository/org/javassist/javassist/3.22.0-CR2/javassist-3.22.0-CR2.jar:/home/spirals/danglot/.m2/repository/org/slf4j/slf4j-api/1.7.25/slf4j-api-1.7.25.jar:/home/spirals/danglot/.m2/repository/org/slf4j/slf4j-log4j12/1.7.25/slf4j-log4j12-1.7.25.jar:/home/spirals/danglot/.m2/repository/log4j/log4j/1.2.17/log4j-1.2.17.jar:/home/spirals/danglot/.m2/repository/org/apache/logging/log4j/log4j-core/2.3/log4j-core-2.3.jar:/home/spirals/danglot/.m2/repository/org/apache/logging/log4j/log4j-api/2.3/log4j-api-2.3.jar:/home/spirals/danglot/.m2/repository/commons-logging/commons-logging/1.2/commons-logging-1.2.jar:/home/spirals/danglot/.m2/repository/cglib/cglib/3.2.5/cglib-3.2.5.jar:/home/spirals/danglot/.m2/repository/org/ow2/asm/asm/5.2/asm-5.2.jar:/home/spirals/danglot/.m2/repository/org/apache/ant/ant/1.9.6/ant-1.9.6.jar:/home/spirals/danglot/.m2/repository/org/apache/ant/ant-launcher/1.9.6/ant-launcher-1.9.6.jar:/home/spirals/danglot/.m2/repository/junit/junit/4.12/junit-4.12.jar:/home/spirals/danglot/.m2/repository/org/hamcrest/hamcrest-core/1.3/hamcrest-core-1.3.jar:/home/spirals/danglot/.m2/repository/org/hsqldb/hsqldb/2.3.5/hsqldb-2.3.5.jar:/home/spirals/danglot/.m2/repository/org/apache/derby/derby/10.12.1.1/derby-10.12.1.1.jar:/home/spirals/danglot/.m2/repository/org/mockito/mockito-core/2.8.47/mockito-core-2.8.47.jar:/home/spirals/danglot/.m2/repository/net/bytebuddy/byte-buddy/1.6.14/byte-buddy-1.6.14.jar:/home/spirals/danglot/.m2/repository/net/bytebuddy/byte-buddy-agent/1.6.14/byte-buddy-agent-1.6.14.jar:/home/spirals/danglot/.m2/repository/org/objenesis/objenesis/2.5/objenesis-2.5.jar:/home/spirals/danglot/.m2/repository/commons-dbcp/commons-dbcp/1.4/commons-dbcp-1.4.jar:/home/spirals/danglot/.m2/repository/commons-pool/commons-pool/1.5.4/commons-pool-1.5.4.jar:/home/spirals/danglot/.m2/repository/org/jboss/spec/javax/transaction/jboss-transaction-api_1.2_spec/1.0.1.Final/jboss-transaction-api_1.2_spec-1.0.1.Final.jar:/home/spirals/danglot/.m2/repository/org/apache/velocity/velocity/1.7/velocity-1.7.jar:/home/spirals/danglot/.m2/repository/commons-collections/commons-collections/3.2.1/commons-collections-3.2.1.jar:/home/spirals/danglot/.m2/repository/commons-lang/commons-lang/2.4/commons-lang-2.4.jar:/home/spirals/danglot/.m2/repository/org/postgresql/postgresql/42.1.1.jre6/postgresql-42.1.1.jre6.jar:/home/spirals/danglot/.m2/repository/org/assertj/assertj-core/1.7.1/assertj-core-1.7.1.jar:/home/spirals/danglot/.m2/repository/eu/codearte/catch-exception/catch-exception/1.4.4/catch-exception-1.4.4.jar:/home/spirals/danglot/.m2/repository/ru/yandex/qatools/embed/postgresql-embedded/2.2/postgresql-embedded-2.2.jar:/home/spirals/danglot/.m2/repository/de/flapdoodle/embed/de.flapdoodle.embed.process/2.0.1/de.flapdoodle.embed.process-2.0.1.jar:/home/spirals/danglot/.m2/repository/commons-io/commons-io/2.4/commons-io-2.4.jar:/home/spirals/danglot/.m2/repository/org/apache/commons/commons-lang3/3.1/commons-lang3-3.1.jar:/home/spirals/danglot/.m2/repository/net/java/dev/jna/jna/4.0.0/jna-4.0.0.jar:/home/spirals/danglot/.m2/repository/net/java/dev/jna/jna-platform/4.0.0/jna-platform-4.0.0.jar:/home/spirals/danglot/.m2/repository/org/apache/commons/commons-compress/1.10/commons-compress-1.10.jar:/tmp/Ex2Amplifier-experiments/target/dspot/dependencies:/home/spirals/danglot/.m2/repository/eu/stamp-project/test-runner/1.0.8/test-runner-1.0.8-jar-with-dependencies.jar eu.stamp_project.testrunner.runner.test.TestRunner org.apache.ibatis.submitted.keygen.Jdbc3KeyGeneratorTest shouldErrorUndefineProperty
File saved to the following path: /tmp/Ex2Amplifier-experiments/dataset/may-2018/mybatis-3/1073/target/dspot/TestListener.ser
SLF4J: Class path contains multiple SLF4J bindings.
SLF4J: Found binding in [jar:file:/home/spirals/danglot/.m2/repository/org/slf4j/slf4j-log4j12/1.7.25/slf4j-log4j12-1.7.25.jar!/org/slf4j/impl/StaticLoggerBinder.class]
SLF4J: Found binding in [jar:file:/home/spirals/danglot/.m2/repository/eu/stamp-project/test-runner/1.0.8/test-runner-1.0.8-jar-with-dependencies.jar!/org/slf4j/impl/StaticLoggerBinder.class]
SLF4J: See http://www.slf4j.org/codes.html#multiple_bindings for an explanation.
SLF4J: Actual binding is of type [org.slf4j.impl.Log4jLoggerFactory]
[54926] INFO EntryPoint - Test has been run: shouldErrorUndefineProperty
[54926] INFO Amplification - 0 amplified test(s) has been selected, global: 0
[54929] INFO Amplification - amp shouldErrorUndefineProperty (1/1)
[55038] INFO EntryPoint - Run: java -cp /tmp/Ex2Amplifier-experiments/dataset/may-2018/mybatis-3/1073/target/test-classes:/tmp/Ex2Amplifier-experiments/dataset/may-2018/mybatis-3/1073/target/classes:/home/spirals/danglot/.m2/repository/ognl/ognl/3.1.14/ognl-3.1.14.jar:/home/spirals/danglot/.m2/repository/org/javassist/javassist/3.22.0-CR2/javassist-3.22.0-CR2.jar:/home/spirals/danglot/.m2/repository/org/slf4j/slf4j-api/1.7.25/slf4j-api-1.7.25.jar:/home/spirals/danglot/.m2/repository/org/slf4j/slf4j-log4j12/1.7.25/slf4j-log4j12-1.7.25.jar:/home/spirals/danglot/.m2/repository/log4j/log4j/1.2.17/log4j-1.2.17.jar:/home/spirals/danglot/.m2/repository/org/apache/logging/log4j/log4j-core/2.3/log4j-core-2.3.jar:/home/spirals/danglot/.m2/repository/org/apache/logging/log4j/log4j-api/2.3/log4j-api-2.3.jar:/home/spirals/danglot/.m2/repository/commons-logging/commons-logging/1.2/commons-logging-1.2.jar:/home/spirals/danglot/.m2/repository/cglib/cglib/3.2.5/cglib-3.2.5.jar:/home/spirals/danglot/.m2/repository/org/ow2/asm/asm/5.2/asm-5.2.jar:/home/spirals/danglot/.m2/repository/org/apache/ant/ant/1.9.6/ant-1.9.6.jar:/home/spirals/danglot/.m2/repository/org/apache/ant/ant-launcher/1.9.6/ant-launcher-1.9.6.jar:/home/spirals/danglot/.m2/repository/junit/junit/4.12/junit-4.12.jar:/home/spirals/danglot/.m2/repository/org/hamcrest/hamcrest-core/1.3/hamcrest-core-1.3.jar:/home/spirals/danglot/.m2/repository/org/hsqldb/hsqldb/2.3.5/hsqldb-2.3.5.jar:/home/spirals/danglot/.m2/repository/org/apache/derby/derby/10.12.1.1/derby-10.12.1.1.jar:/home/spirals/danglot/.m2/repository/org/mockito/mockito-core/2.8.47/mockito-core-2.8.47.jar:/home/spirals/danglot/.m2/repository/net/bytebuddy/byte-buddy/1.6.14/byte-buddy-1.6.14.jar:/home/spirals/danglot/.m2/repository/net/bytebuddy/byte-buddy-agent/1.6.14/byte-buddy-agent-1.6.14.jar:/home/spirals/danglot/.m2/repository/org/objenesis/objenesis/2.5/objenesis-2.5.jar:/home/spirals/danglot/.m2/repository/commons-dbcp/commons-dbcp/1.4/commons-dbcp-1.4.jar:/home/spirals/danglot/.m2/repository/commons-pool/commons-pool/1.5.4/commons-pool-1.5.4.jar:/home/spirals/danglot/.m2/repository/org/jboss/spec/javax/transaction/jboss-transaction-api_1.2_spec/1.0.1.Final/jboss-transaction-api_1.2_spec-1.0.1.Final.jar:/home/spirals/danglot/.m2/repository/org/apache/velocity/velocity/1.7/velocity-1.7.jar:/home/spirals/danglot/.m2/repository/commons-collections/commons-collections/3.2.1/commons-collections-3.2.1.jar:/home/spirals/danglot/.m2/repository/commons-lang/commons-lang/2.4/commons-lang-2.4.jar:/home/spirals/danglot/.m2/repository/org/postgresql/postgresql/42.1.1.jre6/postgresql-42.1.1.jre6.jar:/home/spirals/danglot/.m2/repository/org/assertj/assertj-core/1.7.1/assertj-core-1.7.1.jar:/home/spirals/danglot/.m2/repository/eu/codearte/catch-exception/catch-exception/1.4.4/catch-exception-1.4.4.jar:/home/spirals/danglot/.m2/repository/ru/yandex/qatools/embed/postgresql-embedded/2.2/postgresql-embedded-2.2.jar:/home/spirals/danglot/.m2/repository/de/flapdoodle/embed/de.flapdoodle.embed.process/2.0.1/de.flapdoodle.embed.process-2.0.1.jar:/home/spirals/danglot/.m2/repository/commons-io/commons-io/2.4/commons-io-2.4.jar:/home/spirals/danglot/.m2/repository/org/apache/commons/commons-lang3/3.1/commons-lang3-3.1.jar:/home/spirals/danglot/.m2/repository/net/java/dev/jna/jna/4.0.0/jna-4.0.0.jar:/home/spirals/danglot/.m2/repository/net/java/dev/jna/jna-platform/4.0.0/jna-platform-4.0.0.jar:/home/spirals/danglot/.m2/repository/org/apache/commons/commons-compress/1.10/commons-compress-1.10.jar:/tmp/Ex2Amplifier-experiments/target/dspot/dependencies:/home/spirals/danglot/.m2/repository/eu/stamp-project/test-runner/1.0.8/test-runner-1.0.8-jar-with-dependencies.jar eu.stamp_project.testrunner.runner.test.TestRunner org.apache.ibatis.submitted.keygen.Jdbc3KeyGeneratorTest shouldErrorUndefineProperty
File saved to the following path: /tmp/Ex2Amplifier-experiments/dataset/may-2018/mybatis-3/1073/target/dspot/TestListener.ser
SLF4J: Class path contains multiple SLF4J bindings.
SLF4J: Found binding in [jar:file:/home/spirals/danglot/.m2/repository/org/slf4j/slf4j-log4j12/1.7.25/slf4j-log4j12-1.7.25.jar!/org/slf4j/impl/StaticLoggerBinder.class]
SLF4J: Found binding in [jar:file:/home/spirals/danglot/.m2/repository/eu/stamp-project/test-runner/1.0.8/test-runner-1.0.8-jar-with-dependencies.jar!/org/slf4j/impl/StaticLoggerBinder.class]
SLF4J: See http://www.slf4j.org/codes.html#multiple_bindings for an explanation.
SLF4J: Actual binding is of type [org.slf4j.impl.Log4jLoggerFactory]
[56291] INFO EntryPoint - Test has been run: shouldErrorUndefineProperty
[56291] INFO Amplification - iteration 0:
[56291] INFO Amplification - 1 tests selected to be amplified over 1 available tests
[56352] INFO AssertGenerator - Run tests. (13)
[56485] INFO EntryPoint - Run: java -cp /tmp/Ex2Amplifier-experiments/dataset/may-2018/mybatis-3/1073/target/test-classes:/tmp/Ex2Amplifier-experiments/dataset/may-2018/mybatis-3/1073/target/classes:/home/spirals/danglot/.m2/repository/ognl/ognl/3.1.14/ognl-3.1.14.jar:/home/spirals/danglot/.m2/repository/org/javassist/javassist/3.22.0-CR2/javassist-3.22.0-CR2.jar:/home/spirals/danglot/.m2/repository/org/slf4j/slf4j-api/1.7.25/slf4j-api-1.7.25.jar:/home/spirals/danglot/.m2/repository/org/slf4j/slf4j-log4j12/1.7.25/slf4j-log4j12-1.7.25.jar:/home/spirals/danglot/.m2/repository/log4j/log4j/1.2.17/log4j-1.2.17.jar:/home/spirals/danglot/.m2/repository/org/apache/logging/log4j/log4j-core/2.3/log4j-core-2.3.jar:/home/spirals/danglot/.m2/repository/org/apache/logging/log4j/log4j-api/2.3/log4j-api-2.3.jar:/home/spirals/danglot/.m2/repository/commons-logging/commons-logging/1.2/commons-logging-1.2.jar:/home/spirals/danglot/.m2/repository/cglib/cglib/3.2.5/cglib-3.2.5.jar:/home/spirals/danglot/.m2/repository/org/ow2/asm/asm/5.2/asm-5.2.jar:/home/spirals/danglot/.m2/repository/org/apache/ant/ant/1.9.6/ant-1.9.6.jar:/home/spirals/danglot/.m2/repository/org/apache/ant/ant-launcher/1.9.6/ant-launcher-1.9.6.jar:/home/spirals/danglot/.m2/repository/junit/junit/4.12/junit-4.12.jar:/home/spirals/danglot/.m2/repository/org/hamcrest/hamcrest-core/1.3/hamcrest-core-1.3.jar:/home/spirals/danglot/.m2/repository/org/hsqldb/hsqldb/2.3.5/hsqldb-2.3.5.jar:/home/spirals/danglot/.m2/repository/org/apache/derby/derby/10.12.1.1/derby-10.12.1.1.jar:/home/spirals/danglot/.m2/repository/org/mockito/mockito-core/2.8.47/mockito-core-2.8.47.jar:/home/spirals/danglot/.m2/repository/net/bytebuddy/byte-buddy/1.6.14/byte-buddy-1.6.14.jar:/home/spirals/danglot/.m2/repository/net/bytebuddy/byte-buddy-agent/1.6.14/byte-buddy-agent-1.6.14.jar:/home/spirals/danglot/.m2/repository/org/objenesis/objenesis/2.5/objenesis-2.5.jar:/home/spirals/danglot/.m2/repository/commons-dbcp/commons-dbcp/1.4/commons-dbcp-1.4.jar:/home/spirals/danglot/.m2/repository/commons-pool/commons-pool/1.5.4/commons-pool-1.5.4.jar:/home/spirals/danglot/.m2/repository/org/jboss/spec/javax/transaction/jboss-transaction-api_1.2_spec/1.0.1.Final/jboss-transaction-api_1.2_spec-1.0.1.Final.jar:/home/spirals/danglot/.m2/repository/org/apache/velocity/velocity/1.7/velocity-1.7.jar:/home/spirals/danglot/.m2/repository/commons-collections/commons-collections/3.2.1/commons-collections-3.2.1.jar:/home/spirals/danglot/.m2/repository/commons-lang/commons-lang/2.4/commons-lang-2.4.jar:/home/spirals/danglot/.m2/repository/org/postgresql/postgresql/42.1.1.jre6/postgresql-42.1.1.jre6.jar:/home/spirals/danglot/.m2/repository/org/assertj/assertj-core/1.7.1/assertj-core-1.7.1.jar:/home/spirals/danglot/.m2/repository/eu/codearte/catch-exception/catch-exception/1.4.4/catch-exception-1.4.4.jar:/home/spirals/danglot/.m2/repository/ru/yandex/qatools/embed/postgresql-embedded/2.2/postgresql-embedded-2.2.jar:/home/spirals/danglot/.m2/repository/de/flapdoodle/embed/de.flapdoodle.embed.process/2.0.1/de.flapdoodle.embed.process-2.0.1.jar:/home/spirals/danglot/.m2/repository/commons-io/commons-io/2.4/commons-io-2.4.jar:/home/spirals/danglot/.m2/repository/org/apache/commons/commons-lang3/3.1/commons-lang3-3.1.jar:/home/spirals/danglot/.m2/repository/net/java/dev/jna/jna/4.0.0/jna-4.0.0.jar:/home/spirals/danglot/.m2/repository/net/java/dev/jna/jna-platform/4.0.0/jna-platform-4.0.0.jar:/home/spirals/danglot/.m2/repository/org/apache/commons/commons-compress/1.10/commons-compress-1.10.jar:/tmp/Ex2Amplifier-experiments/target/dspot/dependencies:/home/spirals/danglot/.m2/repository/eu/stamp-project/test-runner/1.0.8/test-runner-1.0.8-jar-with-dependencies.jar eu.stamp_project.testrunner.runner.test.TestRunner org.apache.ibatis.submitted.keygen.Jdbc3KeyGeneratorTest shouldErrorUndefinePropertylitString1:shouldErrorUndefinePropertylitString2:shouldErrorUndefinePropertylitString3:shouldErrorUndefinePropertylitString4:shouldErrorUndefinePropertylitString5:shouldErrorUndefinePropertylitString6:shouldErrorUndefinePropertylitString7:shouldErrorUndefinePropertylitString8:shouldErrorUndefinePropertylitString9:shouldErrorUndefinePropertylitString10:shouldErrorUndefinePropertylitString11:shouldErrorUndefinePropertylitString12:shouldErrorUndefinePropertylitString13
File saved to the following path: /tmp/Ex2Amplifier-experiments/dataset/may-2018/mybatis-3/1073/target/dspot/TestListener.ser
SLF4J: Class path contains multiple SLF4J bindings.
SLF4J: Found binding in [jar:file:/home/spirals/danglot/.m2/repository/org/slf4j/slf4j-log4j12/1.7.25/slf4j-log4j12-1.7.25.jar!/org/slf4j/impl/StaticLoggerBinder.class]
SLF4J: Found binding in [jar:file:/home/spirals/danglot/.m2/repository/eu/stamp-project/test-runner/1.0.8/test-runner-1.0.8-jar-with-dependencies.jar!/org/slf4j/impl/StaticLoggerBinder.class]
SLF4J: See http://www.slf4j.org/codes.html#multiple_bindings for an explanation.
SLF4J: Actual binding is of type [org.slf4j.impl.Log4jLoggerFactory]
[57809] INFO EntryPoint - Test has been run: shouldErrorUndefinePropertylitString10,shouldErrorUndefinePropertylitString11,shouldErrorUndefinePropertylitString12,shouldErrorUndefinePropertylitString13,shouldErrorUndefinePropertylitString1,shouldErrorUndefinePropertylitString2,shouldErrorUndefinePropertylitString3,shouldErrorUndefinePropertylitString4,shouldErrorUndefinePropertylitString5,shouldErrorUndefinePropertylitString6,shouldErrorUndefinePropertylitString7,shouldErrorUndefinePropertylitString8,shouldErrorUndefinePropertylitString9
[57810] INFO AssertGenerator - 13 test pass, generating assertion...
[57815] INFO MethodsAssertGenerator - Add observations points in passing tests.
[57815] INFO MethodsAssertGenerator - Instrumentation...
  7% |=== ]/ 15% |======= ]- 23% |=========== ]\ 30% |=============== ]| 38% |=================== ]/ 46% |======================= ]- 53% |========================== ]\ 61% |============================== ]| 69% |================================== ]/ 76% |====================================== ]- 84% |========================================== ]\ 92% |============================================== ]|100% |================================================== ]/
[57881] INFO MethodsAssertGenerator - Run instrumented tests. (39)
[58096] INFO EntryPoint - Run: java -cp /tmp/Ex2Amplifier-experiments/dataset/may-2018/mybatis-3/1073/target/test-classes:/tmp/Ex2Amplifier-experiments/dataset/may-2018/mybatis-3/1073/target/classes:/home/spirals/danglot/.m2/repository/ognl/ognl/3.1.14/ognl-3.1.14.jar:/home/spirals/danglot/.m2/repository/org/javassist/javassist/3.22.0-CR2/javassist-3.22.0-CR2.jar:/home/spirals/danglot/.m2/repository/org/slf4j/slf4j-api/1.7.25/slf4j-api-1.7.25.jar:/home/spirals/danglot/.m2/repository/org/slf4j/slf4j-log4j12/1.7.25/slf4j-log4j12-1.7.25.jar:/home/spirals/danglot/.m2/repository/log4j/log4j/1.2.17/log4j-1.2.17.jar:/home/spirals/danglot/.m2/repository/org/apache/logging/log4j/log4j-core/2.3/log4j-core-2.3.jar:/home/spirals/danglot/.m2/repository/org/apache/logging/log4j/log4j-api/2.3/log4j-api-2.3.jar:/home/spirals/danglot/.m2/repository/commons-logging/commons-logging/1.2/commons-logging-1.2.jar:/home/spirals/danglot/.m2/repository/cglib/cglib/3.2.5/cglib-3.2.5.jar:/home/spirals/danglot/.m2/repository/org/ow2/asm/asm/5.2/asm-5.2.jar:/home/spirals/danglot/.m2/repository/org/apache/ant/ant/1.9.6/ant-1.9.6.jar:/home/spirals/danglot/.m2/repository/org/apache/ant/ant-launcher/1.9.6/ant-launcher-1.9.6.jar:/home/spirals/danglot/.m2/repository/junit/junit/4.12/junit-4.12.jar:/home/spirals/danglot/.m2/repository/org/hamcrest/hamcrest-core/1.3/hamcrest-core-1.3.jar:/home/spirals/danglot/.m2/repository/org/hsqldb/hsqldb/2.3.5/hsqldb-2.3.5.jar:/home/spirals/danglot/.m2/repository/org/apache/derby/derby/10.12.1.1/derby-10.12.1.1.jar:/home/spirals/danglot/.m2/repository/org/mockito/mockito-core/2.8.47/mockito-core-2.8.47.jar:/home/spirals/danglot/.m2/repository/net/bytebuddy/byte-buddy/1.6.14/byte-buddy-1.6.14.jar:/home/spirals/danglot/.m2/repository/net/bytebuddy/byte-buddy-agent/1.6.14/byte-buddy-agent-1.6.14.jar:/home/spirals/danglot/.m2/repository/org/objenesis/objenesis/2.5/objenesis-2.5.jar:/home/spirals/danglot/.m2/repository/commons-dbcp/commons-dbcp/1.4/commons-dbcp-1.4.jar:/home/spirals/danglot/.m2/repository/commons-pool/commons-pool/1.5.4/commons-pool-1.5.4.jar:/home/spirals/danglot/.m2/repository/org/jboss/spec/javax/transaction/jboss-transaction-api_1.2_spec/1.0.1.Final/jboss-transaction-api_1.2_spec-1.0.1.Final.jar:/home/spirals/danglot/.m2/repository/org/apache/velocity/velocity/1.7/velocity-1.7.jar:/home/spirals/danglot/.m2/repository/commons-collections/commons-collections/3.2.1/commons-collections-3.2.1.jar:/home/spirals/danglot/.m2/repository/commons-lang/commons-lang/2.4/commons-lang-2.4.jar:/home/spirals/danglot/.m2/repository/org/postgresql/postgresql/42.1.1.jre6/postgresql-42.1.1.jre6.jar:/home/spirals/danglot/.m2/repository/org/assertj/assertj-core/1.7.1/assertj-core-1.7.1.jar:/home/spirals/danglot/.m2/repository/eu/codearte/catch-exception/catch-exception/1.4.4/catch-exception-1.4.4.jar:/home/spirals/danglot/.m2/repository/ru/yandex/qatools/embed/postgresql-embedded/2.2/postgresql-embedded-2.2.jar:/home/spirals/danglot/.m2/repository/de/flapdoodle/embed/de.flapdoodle.embed.process/2.0.1/de.flapdoodle.embed.process-2.0.1.jar:/home/spirals/danglot/.m2/repository/commons-io/commons-io/2.4/commons-io-2.4.jar:/home/spirals/danglot/.m2/repository/org/apache/commons/commons-lang3/3.1/commons-lang3-3.1.jar:/home/spirals/danglot/.m2/repository/net/java/dev/jna/jna/4.0.0/jna-4.0.0.jar:/home/spirals/danglot/.m2/repository/net/java/dev/jna/jna-platform/4.0.0/jna-platform-4.0.0.jar:/home/spirals/danglot/.m2/repository/org/apache/commons/commons-compress/1.10/commons-compress-1.10.jar:/tmp/Ex2Amplifier-experiments/target/dspot/dependencies:/home/spirals/danglot/.m2/repository/eu/stamp-project/test-runner/1.0.8/test-runner-1.0.8-jar-with-dependencies.jar eu.stamp_project.testrunner.runner.test.TestRunner org.apache.ibatis.submitted.keygen.Jdbc3KeyGeneratorTest shouldErrorUndefinePropertylitString1_withlog0:shouldErrorUndefinePropertylitString2_withlog0:shouldErrorUndefinePropertylitString3_withlog0:shouldErrorUndefinePropertylitString4_withlog0:shouldErrorUndefinePropertylitString5_withlog0:shouldErrorUndefinePropertylitString6_withlog0:shouldErrorUndefinePropertylitString7_withlog0:shouldErrorUndefinePropertylitString8_withlog0:shouldErrorUndefinePropertylitString9_withlog0:shouldErrorUndefinePropertylitString10_withlog0:shouldErrorUndefinePropertylitString11_withlog0:shouldErrorUndefinePropertylitString12_withlog0:shouldErrorUndefinePropertylitString13_withlog0:shouldErrorUndefinePropertylitString1_withlog1:shouldErrorUndefinePropertylitString2_withlog1:shouldErrorUndefinePropertylitString3_withlog1:shouldErrorUndefinePropertylitString4_withlog1:shouldErrorUndefinePropertylitString5_withlog1:shouldErrorUndefinePropertylitString6_withlog1:shouldErrorUndefinePropertylitString7_withlog1:shouldErrorUndefinePropertylitString8_withlog1:shouldErrorUndefinePropertylitString9_withlog1:shouldErrorUndefinePropertylitString10_withlog1:shouldErrorUndefinePropertylitString11_withlog1:shouldErrorUndefinePropertylitString12_withlog1:shouldErrorUndefinePropertylitString13_withlog1:shouldErrorUndefinePropertylitString1_withlog2:shouldErrorUndefinePropertylitString2_withlog2:shouldErrorUndefinePropertylitString3_withlog2:shouldErrorUndefinePropertylitString4_withlog2:shouldErrorUndefinePropertylitString5_withlog2:shouldErrorUndefinePropertylitString6_withlog2:shouldErrorUndefinePropertylitString7_withlog2:shouldErrorUndefinePropertylitString8_withlog2:shouldErrorUndefinePropertylitString9_withlog2:shouldErrorUndefinePropertylitString10_withlog2:shouldErrorUndefinePropertylitString11_withlog2:shouldErrorUndefinePropertylitString12_withlog2:shouldErrorUndefinePropertylitString13_withlog2
File saved to the following path: /tmp/Ex2Amplifier-experiments/dataset/may-2018/mybatis-3/1073/target/dspot/observations.ser
File saved to the following path: /tmp/Ex2Amplifier-experiments/dataset/may-2018/mybatis-3/1073/target/dspot/TestListener.ser
SLF4J: Class path contains multiple SLF4J bindings.
SLF4J: Found binding in [jar:file:/home/spirals/danglot/.m2/repository/org/slf4j/slf4j-log4j12/1.7.25/slf4j-log4j12-1.7.25.jar!/org/slf4j/impl/StaticLoggerBinder.class]
SLF4J: Found binding in [jar:file:/home/spirals/danglot/.m2/repository/eu/stamp-project/test-runner/1.0.8/test-runner-1.0.8-jar-with-dependencies.jar!/org/slf4j/impl/StaticLoggerBinder.class]
SLF4J: See http://www.slf4j.org/codes.html#multiple_bindings for an explanation.
SLF4J: Actual binding is of type [org.slf4j.impl.Log4jLoggerFactory]
[59648] INFO EntryPoint - Test has been run: shouldErrorUndefinePropertylitString9_withlog0,shouldErrorUndefinePropertylitString9_withlog1,shouldErrorUndefinePropertylitString9_withlog2,shouldErrorUndefinePropertylitString8_withlog0,shouldErrorUndefinePropertylitString8_withlog1,shouldErrorUndefinePropertylitString8_withlog2,shouldErrorUndefinePropertylitString7_withlog0,shouldErrorUndefinePropertylitString7_withlog1,shouldErrorUndefinePropertylitString7_withlog2,shouldErrorUndefinePropertylitString6_withlog0,shouldErrorUndefinePropertylitString6_withlog1,shouldErrorUndefinePropertylitString6_withlog2,shouldErrorUndefinePropertylitString5_withlog0,shouldErrorUndefinePropertylitString5_withlog1,shouldErrorUndefinePropertylitString5_withlog2,shouldErrorUndefinePropertylitString13_withlog0,shouldErrorUndefinePropertylitString13_withlog1,shouldErrorUndefinePropertylitString13_withlog2,shouldErrorUndefinePropertylitString4_withlog0,shouldErrorUndefinePropertylitString4_withlog1,shouldErrorUndefinePropertylitString4_withlog2,shouldErrorUndefinePropertylitString12_withlog0,shouldErrorUndefinePropertylitString12_withlog1,shouldErrorUndefinePropertylitString12_withlog2,shouldErrorUndefinePropertylitString3_withlog0,shouldErrorUndefinePropertylitString3_withlog1,shouldErrorUndefinePropertylitString3_withlog2,shouldErrorUndefinePropertylitString11_withlog0,shouldErrorUndefinePropertylitString11_withlog1,shouldErrorUndefinePropertylitString11_withlog2,shouldErrorUndefinePropertylitString2_withlog0,shouldErrorUndefinePropertylitString2_withlog1,shouldErrorUndefinePropertylitString2_withlog2,shouldErrorUndefinePropertylitString10_withlog0,shouldErrorUndefinePropertylitString10_withlog1,shouldErrorUndefinePropertylitString10_withlog2,shouldErrorUndefinePropertylitString1_withlog0,shouldErrorUndefinePropertylitString1_withlog1,shouldErrorUndefinePropertylitString1_withlog2
[59659] INFO MethodsAssertGenerator - Generating assertions...
[59694] INFO AssertGenerator - 13 new tests with assertions generated
[59817] INFO EntryPoint - Run: java -cp /tmp/Ex2Amplifier-experiments/dataset/may-2018/mybatis-3/1073/target/test-classes:/tmp/Ex2Amplifier-experiments/dataset/may-2018/mybatis-3/1073/target/classes:/home/spirals/danglot/.m2/repository/ognl/ognl/3.1.14/ognl-3.1.14.jar:/home/spirals/danglot/.m2/repository/org/javassist/javassist/3.22.0-CR2/javassist-3.22.0-CR2.jar:/home/spirals/danglot/.m2/repository/org/slf4j/slf4j-api/1.7.25/slf4j-api-1.7.25.jar:/home/spirals/danglot/.m2/repository/org/slf4j/slf4j-log4j12/1.7.25/slf4j-log4j12-1.7.25.jar:/home/spirals/danglot/.m2/repository/log4j/log4j/1.2.17/log4j-1.2.17.jar:/home/spirals/danglot/.m2/repository/org/apache/logging/log4j/log4j-core/2.3/log4j-core-2.3.jar:/home/spirals/danglot/.m2/repository/org/apache/logging/log4j/log4j-api/2.3/log4j-api-2.3.jar:/home/spirals/danglot/.m2/repository/commons-logging/commons-logging/1.2/commons-logging-1.2.jar:/home/spirals/danglot/.m2/repository/cglib/cglib/3.2.5/cglib-3.2.5.jar:/home/spirals/danglot/.m2/repository/org/ow2/asm/asm/5.2/asm-5.2.jar:/home/spirals/danglot/.m2/repository/org/apache/ant/ant/1.9.6/ant-1.9.6.jar:/home/spirals/danglot/.m2/repository/org/apache/ant/ant-launcher/1.9.6/ant-launcher-1.9.6.jar:/home/spirals/danglot/.m2/repository/junit/junit/4.12/junit-4.12.jar:/home/spirals/danglot/.m2/repository/org/hamcrest/hamcrest-core/1.3/hamcrest-core-1.3.jar:/home/spirals/danglot/.m2/repository/org/hsqldb/hsqldb/2.3.5/hsqldb-2.3.5.jar:/home/spirals/danglot/.m2/repository/org/apache/derby/derby/10.12.1.1/derby-10.12.1.1.jar:/home/spirals/danglot/.m2/repository/org/mockito/mockito-core/2.8.47/mockito-core-2.8.47.jar:/home/spirals/danglot/.m2/repository/net/bytebuddy/byte-buddy/1.6.14/byte-buddy-1.6.14.jar:/home/spirals/danglot/.m2/repository/net/bytebuddy/byte-buddy-agent/1.6.14/byte-buddy-agent-1.6.14.jar:/home/spirals/danglot/.m2/repository/org/objenesis/objenesis/2.5/objenesis-2.5.jar:/home/spirals/danglot/.m2/repository/commons-dbcp/commons-dbcp/1.4/commons-dbcp-1.4.jar:/home/spirals/danglot/.m2/repository/commons-pool/commons-pool/1.5.4/commons-pool-1.5.4.jar:/home/spirals/danglot/.m2/repository/org/jboss/spec/javax/transaction/jboss-transaction-api_1.2_spec/1.0.1.Final/jboss-transaction-api_1.2_spec-1.0.1.Final.jar:/home/spirals/danglot/.m2/repository/org/apache/velocity/velocity/1.7/velocity-1.7.jar:/home/spirals/danglot/.m2/repository/commons-collections/commons-collections/3.2.1/commons-collections-3.2.1.jar:/home/spirals/danglot/.m2/repository/commons-lang/commons-lang/2.4/commons-lang-2.4.jar:/home/spirals/danglot/.m2/repository/org/postgresql/postgresql/42.1.1.jre6/postgresql-42.1.1.jre6.jar:/home/spirals/danglot/.m2/repository/org/assertj/assertj-core/1.7.1/assertj-core-1.7.1.jar:/home/spirals/danglot/.m2/repository/eu/codearte/catch-exception/catch-exception/1.4.4/catch-exception-1.4.4.jar:/home/spirals/danglot/.m2/repository/ru/yandex/qatools/embed/postgresql-embedded/2.2/postgresql-embedded-2.2.jar:/home/spirals/danglot/.m2/repository/de/flapdoodle/embed/de.flapdoodle.embed.process/2.0.1/de.flapdoodle.embed.process-2.0.1.jar:/home/spirals/danglot/.m2/repository/commons-io/commons-io/2.4/commons-io-2.4.jar:/home/spirals/danglot/.m2/repository/org/apache/commons/commons-lang3/3.1/commons-lang3-3.1.jar:/home/spirals/danglot/.m2/repository/net/java/dev/jna/jna/4.0.0/jna-4.0.0.jar:/home/spirals/danglot/.m2/repository/net/java/dev/jna/jna-platform/4.0.0/jna-platform-4.0.0.jar:/home/spirals/danglot/.m2/repository/org/apache/commons/commons-compress/1.10/commons-compress-1.10.jar:/tmp/Ex2Amplifier-experiments/target/dspot/dependencies:/home/spirals/danglot/.m2/repository/eu/stamp-project/test-runner/1.0.8/test-runner-1.0.8-jar-with-dependencies.jar eu.stamp_project.testrunner.runner.test.TestRunner org.apache.ibatis.submitted.keygen.Jdbc3KeyGeneratorTest shouldErrorUndefinePropertylitString1:shouldErrorUndefinePropertylitString2:shouldErrorUndefinePropertylitString3:shouldErrorUndefinePropertylitString4:shouldErrorUndefinePropertylitString5:shouldErrorUndefinePropertylitString6:shouldErrorUndefinePropertylitString7:shouldErrorUndefinePropertylitString8:shouldErrorUndefinePropertylitString9:shouldErrorUndefinePropertylitString10:shouldErrorUndefinePropertylitString11:shouldErrorUndefinePropertylitString12:shouldErrorUndefinePropertylitString13
File saved to the following path: /tmp/Ex2Amplifier-experiments/dataset/may-2018/mybatis-3/1073/target/dspot/TestListener.ser
SLF4J: Class path contains multiple SLF4J bindings.
SLF4J: Found binding in [jar:file:/home/spirals/danglot/.m2/repository/org/slf4j/slf4j-log4j12/1.7.25/slf4j-log4j12-1.7.25.jar!/org/slf4j/impl/StaticLoggerBinder.class]
SLF4J: Found binding in [jar:file:/home/spirals/danglot/.m2/repository/eu/stamp-project/test-runner/1.0.8/test-runner-1.0.8-jar-with-dependencies.jar!/org/slf4j/impl/StaticLoggerBinder.class]
SLF4J: See http://www.slf4j.org/codes.html#multiple_bindings for an explanation.
SLF4J: Actual binding is of type [org.slf4j.impl.Log4jLoggerFactory]
[61068] INFO EntryPoint - Test has been run: shouldErrorUndefinePropertylitString10,shouldErrorUndefinePropertylitString11,shouldErrorUndefinePropertylitString12,shouldErrorUndefinePropertylitString13,shouldErrorUndefinePropertylitString1,shouldErrorUndefinePropertylitString2,shouldErrorUndefinePropertylitString3,shouldErrorUndefinePropertylitString4,shouldErrorUndefinePropertylitString5,shouldErrorUndefinePropertylitString6,shouldErrorUndefinePropertylitString7,shouldErrorUndefinePropertylitString8,shouldErrorUndefinePropertylitString9
[61069] INFO Amplification - 13 test method(s) has been successfully generated
[61523] DEBUG Launcher - building sources: [/tmp/Ex2Amplifier-experiments/target/dspot/tmp_test_sources/org/apache/ibatis/submitted/keygen/Jdbc3KeyGeneratorTest.java]
[61523] DEBUG Launcher - build args: [-encoding, UTF-8, -cp, /home/spirals/danglot/.m2/repository/ognl/ognl/3.1.14/ognl-3.1.14.jar:/home/spirals/danglot/.m2/repository/org/javassist/javassist/3.22.0-CR2/javassist-3.22.0-CR2.jar:/home/spirals/danglot/.m2/repository/org/slf4j/slf4j-api/1.7.25/slf4j-api-1.7.25.jar:/home/spirals/danglot/.m2/repository/org/slf4j/slf4j-log4j12/1.7.25/slf4j-log4j12-1.7.25.jar:/home/spirals/danglot/.m2/repository/log4j/log4j/1.2.17/log4j-1.2.17.jar:/home/spirals/danglot/.m2/repository/org/apache/logging/log4j/log4j-core/2.3/log4j-core-2.3.jar:/home/spirals/danglot/.m2/repository/org/apache/logging/log4j/log4j-api/2.3/log4j-api-2.3.jar:/home/spirals/danglot/.m2/repository/commons-logging/commons-logging/1.2/commons-logging-1.2.jar:/home/spirals/danglot/.m2/repository/cglib/cglib/3.2.5/cglib-3.2.5.jar:/home/spirals/danglot/.m2/repository/org/ow2/asm/asm/5.2/asm-5.2.jar:/home/spirals/danglot/.m2/repository/org/apache/ant/ant/1.9.6/ant-1.9.6.jar:/home/spirals/danglot/.m2/repository/org/apache/ant/ant-launcher/1.9.6/ant-launcher-1.9.6.jar:/home/spirals/danglot/.m2/repository/junit/junit/4.12/junit-4.12.jar:/home/spirals/danglot/.m2/repository/org/hamcrest/hamcrest-core/1.3/hamcrest-core-1.3.jar:/home/spirals/danglot/.m2/repository/org/hsqldb/hsqldb/2.3.5/hsqldb-2.3.5.jar:/home/spirals/danglot/.m2/repository/org/apache/derby/derby/10.12.1.1/derby-10.12.1.1.jar:/home/spirals/danglot/.m2/repository/org/mockito/mockito-core/2.8.47/mockito-core-2.8.47.jar:/home/spirals/danglot/.m2/repository/net/bytebuddy/byte-buddy/1.6.14/byte-buddy-1.6.14.jar:/home/spirals/danglot/.m2/repository/net/bytebuddy/byte-buddy-agent/1.6.14/byte-buddy-agent-1.6.14.jar:/home/spirals/danglot/.m2/repository/org/objenesis/objenesis/2.5/objenesis-2.5.jar:/home/spirals/danglot/.m2/repository/commons-dbcp/commons-dbcp/1.4/commons-dbcp-1.4.jar:/home/spirals/danglot/.m2/repository/commons-pool/commons-pool/1.5.4/commons-pool-1.5.4.jar:/home/spirals/danglot/.m2/repository/org/jboss/spec/javax/transaction/jboss-transaction-api_1.2_spec/1.0.1.Final/jboss-transaction-api_1.2_spec-1.0.1.Final.jar:/home/spirals/danglot/.m2/repository/org/apache/velocity/velocity/1.7/velocity-1.7.jar:/home/spirals/danglot/.m2/repository/commons-collections/commons-collections/3.2.1/commons-collections-3.2.1.jar:/home/spirals/danglot/.m2/repository/commons-lang/commons-lang/2.4/commons-lang-2.4.jar:/home/spirals/danglot/.m2/repository/org/postgresql/postgresql/42.1.1.jre6/postgresql-42.1.1.jre6.jar:/home/spirals/danglot/.m2/repository/org/assertj/assertj-core/1.7.1/assertj-core-1.7.1.jar:/home/spirals/danglot/.m2/repository/eu/codearte/catch-exception/catch-exception/1.4.4/catch-exception-1.4.4.jar:/home/spirals/danglot/.m2/repository/ru/yandex/qatools/embed/postgresql-embedded/2.2/postgresql-embedded-2.2.jar:/home/spirals/danglot/.m2/repository/de/flapdoodle/embed/de.flapdoodle.embed.process/2.0.1/de.flapdoodle.embed.process-2.0.1.jar:/home/spirals/danglot/.m2/repository/commons-io/commons-io/2.4/commons-io-2.4.jar:/home/spirals/danglot/.m2/repository/org/apache/commons/commons-lang3/3.1/commons-lang3-3.1.jar:/home/spirals/danglot/.m2/repository/net/java/dev/jna/jna/4.0.0/jna-4.0.0.jar:/home/spirals/danglot/.m2/repository/net/java/dev/jna/jna-platform/4.0.0/jna-platform-4.0.0.jar:/home/spirals/danglot/.m2/repository/org/apache/commons/commons-compress/1.10/commons-compress-1.10.jar:target/dspot/dependencies/:dataset/may-2018/mybatis-3/1073//target/classes:dataset/may-2018/mybatis-3/1073//target/test-classes:, -1.8, -preserveAllLocals, -noExit, -enableJavadoc, /tmp/Ex2Amplifier-experiments/target/dspot/tmp_test_sources/org/apache/ibatis/submitted/keygen/Jdbc3KeyGeneratorTest.java]
[61604] DEBUG Launcher - built in 81 ms
[61604] DEBUG Launcher - building templates: []
[61604] DEBUG Launcher - built in 0 ms
[61606] DEBUG Launcher - model built in 83
[61607] DEBUG Launcher - compiling sources: [/tmp/Ex2Amplifier-experiments/target/dspot/tmp_test_sources/org/apache/ibatis/submitted/keygen/Jdbc3KeyGeneratorTest.java]
[61610] DEBUG Launcher - compile args: [-encoding, UTF-8, -cp, /home/spirals/danglot/.m2/repository/ognl/ognl/3.1.14/ognl-3.1.14.jar:/home/spirals/danglot/.m2/repository/org/javassist/javassist/3.22.0-CR2/javassist-3.22.0-CR2.jar:/home/spirals/danglot/.m2/repository/org/slf4j/slf4j-api/1.7.25/slf4j-api-1.7.25.jar:/home/spirals/danglot/.m2/repository/org/slf4j/slf4j-log4j12/1.7.25/slf4j-log4j12-1.7.25.jar:/home/spirals/danglot/.m2/repository/log4j/log4j/1.2.17/log4j-1.2.17.jar:/home/spirals/danglot/.m2/repository/org/apache/logging/log4j/log4j-core/2.3/log4j-core-2.3.jar:/home/spirals/danglot/.m2/repository/org/apache/logging/log4j/log4j-api/2.3/log4j-api-2.3.jar:/home/spirals/danglot/.m2/repository/commons-logging/commons-logging/1.2/commons-logging-1.2.jar:/home/spirals/danglot/.m2/repository/cglib/cglib/3.2.5/cglib-3.2.5.jar:/home/spirals/danglot/.m2/repository/org/ow2/asm/asm/5.2/asm-5.2.jar:/home/spirals/danglot/.m2/repository/org/apache/ant/ant/1.9.6/ant-1.9.6.jar:/home/spirals/danglot/.m2/repository/org/apache/ant/ant-launcher/1.9.6/ant-launcher-1.9.6.jar:/home/spirals/danglot/.m2/repository/junit/junit/4.12/junit-4.12.jar:/home/spirals/danglot/.m2/repository/org/hamcrest/hamcrest-core/1.3/hamcrest-core-1.3.jar:/home/spirals/danglot/.m2/repository/org/hsqldb/hsqldb/2.3.5/hsqldb-2.3.5.jar:/home/spirals/danglot/.m2/repository/org/apache/derby/derby/10.12.1.1/derby-10.12.1.1.jar:/home/spirals/danglot/.m2/repository/org/mockito/mockito-core/2.8.47/mockito-core-2.8.47.jar:/home/spirals/danglot/.m2/repository/net/bytebuddy/byte-buddy/1.6.14/byte-buddy-1.6.14.jar:/home/spirals/danglot/.m2/repository/net/bytebuddy/byte-buddy-agent/1.6.14/byte-buddy-agent-1.6.14.jar:/home/spirals/danglot/.m2/repository/org/objenesis/objenesis/2.5/objenesis-2.5.jar:/home/spirals/danglot/.m2/repository/commons-dbcp/commons-dbcp/1.4/commons-dbcp-1.4.jar:/home/spirals/danglot/.m2/repository/commons-pool/commons-pool/1.5.4/commons-pool-1.5.4.jar:/home/spirals/danglot/.m2/repository/org/jboss/spec/javax/transaction/jboss-transaction-api_1.2_spec/1.0.1.Final/jboss-transaction-api_1.2_spec-1.0.1.Final.jar:/home/spirals/danglot/.m2/repository/org/apache/velocity/velocity/1.7/velocity-1.7.jar:/home/spirals/danglot/.m2/repository/commons-collections/commons-collections/3.2.1/commons-collections-3.2.1.jar:/home/spirals/danglot/.m2/repository/commons-lang/commons-lang/2.4/commons-lang-2.4.jar:/home/spirals/danglot/.m2/repository/org/postgresql/postgresql/42.1.1.jre6/postgresql-42.1.1.jre6.jar:/home/spirals/danglot/.m2/repository/org/assertj/assertj-core/1.7.1/assertj-core-1.7.1.jar:/home/spirals/danglot/.m2/repository/eu/codearte/catch-exception/catch-exception/1.4.4/catch-exception-1.4.4.jar:/home/spirals/danglot/.m2/repository/ru/yandex/qatools/embed/postgresql-embedded/2.2/postgresql-embedded-2.2.jar:/home/spirals/danglot/.m2/repository/de/flapdoodle/embed/de.flapdoodle.embed.process/2.0.1/de.flapdoodle.embed.process-2.0.1.jar:/home/spirals/danglot/.m2/repository/commons-io/commons-io/2.4/commons-io-2.4.jar:/home/spirals/danglot/.m2/repository/org/apache/commons/commons-lang3/3.1/commons-lang3-3.1.jar:/home/spirals/danglot/.m2/repository/net/java/dev/jna/jna/4.0.0/jna-4.0.0.jar:/home/spirals/danglot/.m2/repository/net/java/dev/jna/jna-platform/4.0.0/jna-platform-4.0.0.jar:/home/spirals/danglot/.m2/repository/org/apache/commons/commons-compress/1.10/commons-compress-1.10.jar:target/dspot/dependencies/:dataset/may-2018/mybatis-3/1073//target/classes:dataset/may-2018/mybatis-3/1073//target/test-classes:, -d, /tmp/Ex2Amplifier-experiments/dataset/may-2018/mybatis-3/1073_modified/target/test-classes, -1.8, -proc:none, -preserveAllLocals, -noExit, -enableJavadoc, /tmp/Ex2Amplifier-experiments/target/dspot/tmp_test_sources/org/apache/ibatis/submitted/keygen/Jdbc3KeyGeneratorTest.java]
[61708] DEBUG Launcher - compiled in 101 ms
[61709] INFO EntryPoint - Run: java -cp /home/spirals/danglot/.m2/repository/ognl/ognl/3.1.14/ognl-3.1.14.jar:/home/spirals/danglot/.m2/repository/org/javassist/javassist/3.22.0-CR2/javassist-3.22.0-CR2.jar:/home/spirals/danglot/.m2/repository/org/slf4j/slf4j-api/1.7.25/slf4j-api-1.7.25.jar:/home/spirals/danglot/.m2/repository/org/slf4j/slf4j-log4j12/1.7.25/slf4j-log4j12-1.7.25.jar:/home/spirals/danglot/.m2/repository/log4j/log4j/1.2.17/log4j-1.2.17.jar:/home/spirals/danglot/.m2/repository/org/apache/logging/log4j/log4j-core/2.3/log4j-core-2.3.jar:/home/spirals/danglot/.m2/repository/org/apache/logging/log4j/log4j-api/2.3/log4j-api-2.3.jar:/home/spirals/danglot/.m2/repository/commons-logging/commons-logging/1.2/commons-logging-1.2.jar:/home/spirals/danglot/.m2/repository/cglib/cglib/3.2.5/cglib-3.2.5.jar:/home/spirals/danglot/.m2/repository/org/ow2/asm/asm/5.2/asm-5.2.jar:/home/spirals/danglot/.m2/repository/org/apache/ant/ant/1.9.6/ant-1.9.6.jar:/home/spirals/danglot/.m2/repository/org/apache/ant/ant-launcher/1.9.6/ant-launcher-1.9.6.jar:/home/spirals/danglot/.m2/repository/junit/junit/4.12/junit-4.12.jar:/home/spirals/danglot/.m2/repository/org/hamcrest/hamcrest-core/1.3/hamcrest-core-1.3.jar:/home/spirals/danglot/.m2/repository/org/hsqldb/hsqldb/2.3.5/hsqldb-2.3.5.jar:/home/spirals/danglot/.m2/repository/org/apache/derby/derby/10.12.1.1/derby-10.12.1.1.jar:/home/spirals/danglot/.m2/repository/org/mockito/mockito-core/2.8.47/mockito-core-2.8.47.jar:/home/spirals/danglot/.m2/repository/net/bytebuddy/byte-buddy/1.6.14/byte-buddy-1.6.14.jar:/home/spirals/danglot/.m2/repository/net/bytebuddy/byte-buddy-agent/1.6.14/byte-buddy-agent-1.6.14.jar:/home/spirals/danglot/.m2/repository/org/objenesis/objenesis/2.5/objenesis-2.5.jar:/home/spirals/danglot/.m2/repository/commons-dbcp/commons-dbcp/1.4/commons-dbcp-1.4.jar:/home/spirals/danglot/.m2/repository/commons-pool/commons-pool/1.5.4/commons-pool-1.5.4.jar:/home/spirals/danglot/.m2/repository/org/jboss/spec/javax/transaction/jboss-transaction-api_1.2_spec/1.0.1.Final/jboss-transaction-api_1.2_spec-1.0.1.Final.jar:/home/spirals/danglot/.m2/repository/org/apache/velocity/velocity/1.7/velocity-1.7.jar:/home/spirals/danglot/.m2/repository/commons-collections/commons-collections/3.2.1/commons-collections-3.2.1.jar:/home/spirals/danglot/.m2/repository/commons-lang/commons-lang/2.4/commons-lang-2.4.jar:/home/spirals/danglot/.m2/repository/org/postgresql/postgresql/42.1.1.jre6/postgresql-42.1.1.jre6.jar:/home/spirals/danglot/.m2/repository/org/assertj/assertj-core/1.7.1/assertj-core-1.7.1.jar:/home/spirals/danglot/.m2/repository/eu/codearte/catch-exception/catch-exception/1.4.4/catch-exception-1.4.4.jar:/home/spirals/danglot/.m2/repository/ru/yandex/qatools/embed/postgresql-embedded/2.2/postgresql-embedded-2.2.jar:/home/spirals/danglot/.m2/repository/de/flapdoodle/embed/de.flapdoodle.embed.process/2.0.1/de.flapdoodle.embed.process-2.0.1.jar:/home/spirals/danglot/.m2/repository/commons-io/commons-io/2.4/commons-io-2.4.jar:/home/spirals/danglot/.m2/repository/org/apache/commons/commons-lang3/3.1/commons-lang3-3.1.jar:/home/spirals/danglot/.m2/repository/net/java/dev/jna/jna/4.0.0/jna-4.0.0.jar:/home/spirals/danglot/.m2/repository/net/java/dev/jna/jna-platform/4.0.0/jna-platform-4.0.0.jar:/home/spirals/danglot/.m2/repository/org/apache/commons/commons-compress/1.10/commons-compress-1.10.jar:target/dspot/dependencies/:/tmp/Ex2Amplifier-experiments/dataset/may-2018/mybatis-3/1073_modified/target/classes:/tmp/Ex2Amplifier-experiments/dataset/may-2018/mybatis-3/1073_modified/target/test-classes:/home/spirals/danglot/.m2/repository/eu/stamp-project/test-runner/1.0.8/test-runner-1.0.8-jar-with-dependencies.jar eu.stamp_project.testrunner.runner.test.TestRunner org.apache.ibatis.submitted.keygen.Jdbc3KeyGeneratorTest shouldErrorUndefinePropertylitString1:shouldErrorUndefinePropertylitString2:shouldErrorUndefinePropertylitString3:shouldErrorUndefinePropertylitString4:shouldErrorUndefinePropertylitString5:shouldErrorUndefinePropertylitString6:shouldErrorUndefinePropertylitString7:shouldErrorUndefinePropertylitString8:shouldErrorUndefinePropertylitString9:shouldErrorUndefinePropertylitString10:shouldErrorUndefinePropertylitString11:shouldErrorUndefinePropertylitString12:shouldErrorUndefinePropertylitString13
File saved to the following path: /tmp/Ex2Amplifier-experiments/dataset/may-2018/mybatis-3/1073/target/dspot/TestListener.ser
SLF4J: Class path contains multiple SLF4J bindings.
SLF4J: Found binding in [jar:file:/home/spirals/danglot/.m2/repository/org/slf4j/slf4j-log4j12/1.7.25/slf4j-log4j12-1.7.25.jar!/org/slf4j/impl/StaticLoggerBinder.class]
SLF4J: Found binding in [jar:file:/home/spirals/danglot/.m2/repository/eu/stamp-project/test-runner/1.0.8/test-runner-1.0.8-jar-with-dependencies.jar!/org/slf4j/impl/StaticLoggerBinder.class]
SLF4J: See http://www.slf4j.org/codes.html#multiple_bindings for an explanation.
SLF4J: Actual binding is of type [org.slf4j.impl.Log4jLoggerFactory]
[62955] INFO EntryPoint - Test has been run: shouldErrorUndefinePropertylitString10(org.apache.ibatis.submitted.keygen.Jdbc3KeyGeneratorTest): expected:<0> but was:<1>,shouldErrorUndefinePropertylitString11(org.apache.ibatis.submitted.keygen.Jdbc3KeyGeneratorTest): expected:<0> but was:<1>,shouldErrorUndefinePropertylitString12(org.apache.ibatis.submitted.keygen.Jdbc3KeyGeneratorTest): expected:<0> but was:<1>,shouldErrorUndefinePropertylitString13(org.apache.ibatis.submitted.keygen.Jdbc3KeyGeneratorTest): expected:<0> but was:<1>,shouldErrorUndefinePropertylitString1(org.apache.ibatis.submitted.keygen.Jdbc3KeyGeneratorTest): expected:<0> but was:<1>,shouldErrorUndefinePropertylitString2(org.apache.ibatis.submitted.keygen.Jdbc3KeyGeneratorTest): expected:<0> but was:<1>,shouldErrorUndefinePropertylitString3(org.apache.ibatis.submitted.keygen.Jdbc3KeyGeneratorTest): expected:<0> but was:<1>,shouldErrorUndefinePropertylitString4(org.apache.ibatis.submitted.keygen.Jdbc3KeyGeneratorTest): expected:<0> but was:<1>,shouldErrorUndefinePropertylitString5(org.apache.ibatis.submitted.keygen.Jdbc3KeyGeneratorTest): expected:<0> but was:<1>,shouldErrorUndefinePropertylitString6(org.apache.ibatis.submitted.keygen.Jdbc3KeyGeneratorTest): expected:<0> but was:<1>,shouldErrorUndefinePropertylitString7(org.apache.ibatis.submitted.keygen.Jdbc3KeyGeneratorTest): expected:<0> but was:<1>,shouldErrorUndefinePropertylitString8(org.apache.ibatis.submitted.keygen.Jdbc3KeyGeneratorTest): expected:<0> but was:<1>,shouldErrorUndefinePropertylitString9(org.apache.ibatis.submitted.keygen.Jdbc3KeyGeneratorTest): expected:<0> but was:<1>
[62956] INFO Amplification - iteration 1:
[62957] INFO Amplification - 13 tests selected to be amplified over 13 available tests
[62990] INFO AssertGenerator - Run tests. (16)
[62995] DEBUG Launcher - printing org.apache.ibatis.submitted.keygen.Jdbc3KeyGeneratorTest to /tmp/Ex2Amplifier-experiments/target/dspot/tmp_test_sources
[63108] INFO EntryPoint - Run: java -cp /tmp/Ex2Amplifier-experiments/dataset/may-2018/mybatis-3/1073/target/test-classes:/tmp/Ex2Amplifier-experiments/dataset/may-2018/mybatis-3/1073/target/classes:/home/spirals/danglot/.m2/repository/ognl/ognl/3.1.14/ognl-3.1.14.jar:/home/spirals/danglot/.m2/repository/org/javassist/javassist/3.22.0-CR2/javassist-3.22.0-CR2.jar:/home/spirals/danglot/.m2/repository/org/slf4j/slf4j-api/1.7.25/slf4j-api-1.7.25.jar:/home/spirals/danglot/.m2/repository/org/slf4j/slf4j-log4j12/1.7.25/slf4j-log4j12-1.7.25.jar:/home/spirals/danglot/.m2/repository/log4j/log4j/1.2.17/log4j-1.2.17.jar:/home/spirals/danglot/.m2/repository/org/apache/logging/log4j/log4j-core/2.3/log4j-core-2.3.jar:/home/spirals/danglot/.m2/repository/org/apache/logging/log4j/log4j-api/2.3/log4j-api-2.3.jar:/home/spirals/danglot/.m2/repository/commons-logging/commons-logging/1.2/commons-logging-1.2.jar:/home/spirals/danglot/.m2/repository/cglib/cglib/3.2.5/cglib-3.2.5.jar:/home/spirals/danglot/.m2/repository/org/ow2/asm/asm/5.2/asm-5.2.jar:/home/spirals/danglot/.m2/repository/org/apache/ant/ant/1.9.6/ant-1.9.6.jar:/home/spirals/danglot/.m2/repository/org/apache/ant/ant-launcher/1.9.6/ant-launcher-1.9.6.jar:/home/spirals/danglot/.m2/repository/junit/junit/4.12/junit-4.12.jar:/home/spirals/danglot/.m2/repository/org/hamcrest/hamcrest-core/1.3/hamcrest-core-1.3.jar:/home/spirals/danglot/.m2/repository/org/hsqldb/hsqldb/2.3.5/hsqldb-2.3.5.jar:/home/spirals/danglot/.m2/repository/org/apache/derby/derby/10.12.1.1/derby-10.12.1.1.jar:/home/spirals/danglot/.m2/repository/org/mockito/mockito-core/2.8.47/mockito-core-2.8.47.jar:/home/spirals/danglot/.m2/repository/net/bytebuddy/byte-buddy/1.6.14/byte-buddy-1.6.14.jar:/home/spirals/danglot/.m2/repository/net/bytebuddy/byte-buddy-agent/1.6.14/byte-buddy-agent-1.6.14.jar:/home/spirals/danglot/.m2/repository/org/objenesis/objenesis/2.5/objenesis-2.5.jar:/home/spirals/danglot/.m2/repository/commons-dbcp/commons-dbcp/1.4/commons-dbcp-1.4.jar:/home/spirals/danglot/.m2/repository/commons-pool/commons-pool/1.5.4/commons-pool-1.5.4.jar:/home/spirals/danglot/.m2/repository/org/jboss/spec/javax/transaction/jboss-transaction-api_1.2_spec/1.0.1.Final/jboss-transaction-api_1.2_spec-1.0.1.Final.jar:/home/spirals/danglot/.m2/repository/org/apache/velocity/velocity/1.7/velocity-1.7.jar:/home/spirals/danglot/.m2/repository/commons-collections/commons-collections/3.2.1/commons-collections-3.2.1.jar:/home/spirals/danglot/.m2/repository/commons-lang/commons-lang/2.4/commons-lang-2.4.jar:/home/spirals/danglot/.m2/repository/org/postgresql/postgresql/42.1.1.jre6/postgresql-42.1.1.jre6.jar:/home/spirals/danglot/.m2/repository/org/assertj/assertj-core/1.7.1/assertj-core-1.7.1.jar:/home/spirals/danglot/.m2/repository/eu/codearte/catch-exception/catch-exception/1.4.4/catch-exception-1.4.4.jar:/home/spirals/danglot/.m2/repository/ru/yandex/qatools/embed/postgresql-embedded/2.2/postgresql-embedded-2.2.jar:/home/spirals/danglot/.m2/repository/de/flapdoodle/embed/de.flapdoodle.embed.process/2.0.1/de.flapdoodle.embed.process-2.0.1.jar:/home/spirals/danglot/.m2/repository/commons-io/commons-io/2.4/commons-io-2.4.jar:/home/spirals/danglot/.m2/repository/org/apache/commons/commons-lang3/3.1/commons-lang3-3.1.jar:/home/spirals/danglot/.m2/repository/net/java/dev/jna/jna/4.0.0/jna-4.0.0.jar:/home/spirals/danglot/.m2/repository/net/java/dev/jna/jna-platform/4.0.0/jna-platform-4.0.0.jar:/home/spirals/danglot/.m2/repository/org/apache/commons/commons-compress/1.10/commons-compress-1.10.jar:/tmp/Ex2Amplifier-experiments/target/dspot/dependencies:/home/spirals/danglot/.m2/repository/eu/stamp-project/test-runner/1.0.8/test-runner-1.0.8-jar-with-dependencies.jar eu.stamp_project.testrunner.runner.test.TestRunner org.apache.ibatis.submitted.keygen.Jdbc3KeyGeneratorTest shouldErrorUndefinePropertylitString1litString61:shouldErrorUndefinePropertylitString1litString63:shouldErrorUndefinePropertylitString2litString59:shouldErrorUndefinePropertylitString2litString60:shouldErrorUndefinePropertylitString3litString67:shouldErrorUndefinePropertylitString3litString68:shouldErrorUndefinePropertylitString4litString55:shouldErrorUndefinePropertylitString4litString57:shouldErrorUndefinePropertylitString5litString61:shouldErrorUndefinePropertylitString5litString64:shouldErrorUndefinePropertylitString6litString56:shouldErrorUndefinePropertylitString6litString58:shouldErrorUndefinePropertylitString7litString65:shouldErrorUndefinePropertylitString7litString66:shouldErrorUndefinePropertylitString8litString53:shouldErrorUndefinePropertylitString8litString54
File saved to the following path: /tmp/Ex2Amplifier-experiments/dataset/may-2018/mybatis-3/1073/target/dspot/TestListener.ser
SLF4J: Class path contains multiple SLF4J bindings.
SLF4J: Found binding in [jar:file:/home/spirals/danglot/.m2/repository/org/slf4j/slf4j-log4j12/1.7.25/slf4j-log4j12-1.7.25.jar!/org/slf4j/impl/StaticLoggerBinder.class]
SLF4J: Found binding in [jar:file:/home/spirals/danglot/.m2/repository/eu/stamp-project/test-runner/1.0.8/test-runner-1.0.8-jar-with-dependencies.jar!/org/slf4j/impl/StaticLoggerBinder.class]
SLF4J: See http://www.slf4j.org/codes.html#multiple_bindings for an explanation.
SLF4J: Actual binding is of type [org.slf4j.impl.Log4jLoggerFactory]
[64774] INFO EntryPoint - Test has been run: shouldErrorUndefinePropertylitString1litString61,shouldErrorUndefinePropertylitString1litString63,shouldErrorUndefinePropertylitString2litString59,shouldErrorUndefinePropertylitString2litString60,shouldErrorUndefinePropertylitString3litString67,shouldErrorUndefinePropertylitString3litString68,shouldErrorUndefinePropertylitString4litString55,shouldErrorUndefinePropertylitString4litString57,shouldErrorUndefinePropertylitString5litString61,shouldErrorUndefinePropertylitString5litString64,shouldErrorUndefinePropertylitString6litString56,shouldErrorUndefinePropertylitString6litString58,shouldErrorUndefinePropertylitString7litString65,shouldErrorUndefinePropertylitString7litString66,shouldErrorUndefinePropertylitString8litString53,shouldErrorUndefinePropertylitString8litString54
[64774] INFO AssertGenerator - 16 test pass, generating assertion...
[64780] INFO MethodsAssertGenerator - Add observations points in passing tests.
[64780] INFO MethodsAssertGenerator - Instrumentation...
  6% |=== ]/ 12% |====== ]- 18% |========= ]\ 25% |============ ]| 31% |=============== ]/ 37% |================== ]- 43% |===================== ]\ 50% |========================= ]| 56% |============================ ]/ 62% |=============================== ]- 68% |================================== ]\ 75% |===================================== ]| 81% |======================================== ]/ 87% |=========================================== ]- 93% |============================================== ]\100% |================================================== ]|
[64824] INFO MethodsAssertGenerator - Run instrumented tests. (48)
[64849] DEBUG Launcher - printing org.apache.ibatis.submitted.keygen.Jdbc3KeyGeneratorTest to /tmp/Ex2Amplifier-experiments/target/dspot/tmp_test_sources
[65015] INFO EntryPoint - Run: java -cp /tmp/Ex2Amplifier-experiments/dataset/may-2018/mybatis-3/1073/target/test-classes:/tmp/Ex2Amplifier-experiments/dataset/may-2018/mybatis-3/1073/target/classes:/home/spirals/danglot/.m2/repository/ognl/ognl/3.1.14/ognl-3.1.14.jar:/home/spirals/danglot/.m2/repository/org/javassist/javassist/3.22.0-CR2/javassist-3.22.0-CR2.jar:/home/spirals/danglot/.m2/repository/org/slf4j/slf4j-api/1.7.25/slf4j-api-1.7.25.jar:/home/spirals/danglot/.m2/repository/org/slf4j/slf4j-log4j12/1.7.25/slf4j-log4j12-1.7.25.jar:/home/spirals/danglot/.m2/repository/log4j/log4j/1.2.17/log4j-1.2.17.jar:/home/spirals/danglot/.m2/repository/org/apache/logging/log4j/log4j-core/2.3/log4j-core-2.3.jar:/home/spirals/danglot/.m2/repository/org/apache/logging/log4j/log4j-api/2.3/log4j-api-2.3.jar:/home/spirals/danglot/.m2/repository/commons-logging/commons-logging/1.2/commons-logging-1.2.jar:/home/spirals/danglot/.m2/repository/cglib/cglib/3.2.5/cglib-3.2.5.jar:/home/spirals/danglot/.m2/repository/org/ow2/asm/asm/5.2/asm-5.2.jar:/home/spirals/danglot/.m2/repository/org/apache/ant/ant/1.9.6/ant-1.9.6.jar:/home/spirals/danglot/.m2/repository/org/apache/ant/ant-launcher/1.9.6/ant-launcher-1.9.6.jar:/home/spirals/danglot/.m2/repository/junit/junit/4.12/junit-4.12.jar:/home/spirals/danglot/.m2/repository/org/hamcrest/hamcrest-core/1.3/hamcrest-core-1.3.jar:/home/spirals/danglot/.m2/repository/org/hsqldb/hsqldb/2.3.5/hsqldb-2.3.5.jar:/home/spirals/danglot/.m2/repository/org/apache/derby/derby/10.12.1.1/derby-10.12.1.1.jar:/home/spirals/danglot/.m2/repository/org/mockito/mockito-core/2.8.47/mockito-core-2.8.47.jar:/home/spirals/danglot/.m2/repository/net/bytebuddy/byte-buddy/1.6.14/byte-buddy-1.6.14.jar:/home/spirals/danglot/.m2/repository/net/bytebuddy/byte-buddy-agent/1.6.14/byte-buddy-agent-1.6.14.jar:/home/spirals/danglot/.m2/repository/org/objenesis/objenesis/2.5/objenesis-2.5.jar:/home/spirals/danglot/.m2/repository/commons-dbcp/commons-dbcp/1.4/commons-dbcp-1.4.jar:/home/spirals/danglot/.m2/repository/commons-pool/commons-pool/1.5.4/commons-pool-1.5.4.jar:/home/spirals/danglot/.m2/repository/org/jboss/spec/javax/transaction/jboss-transaction-api_1.2_spec/1.0.1.Final/jboss-transaction-api_1.2_spec-1.0.1.Final.jar:/home/spirals/danglot/.m2/repository/org/apache/velocity/velocity/1.7/velocity-1.7.jar:/home/spirals/danglot/.m2/repository/commons-collections/commons-collections/3.2.1/commons-collections-3.2.1.jar:/home/spirals/danglot/.m2/repository/commons-lang/commons-lang/2.4/commons-lang-2.4.jar:/home/spirals/danglot/.m2/repository/org/postgresql/postgresql/42.1.1.jre6/postgresql-42.1.1.jre6.jar:/home/spirals/danglot/.m2/repository/org/assertj/assertj-core/1.7.1/assertj-core-1.7.1.jar:/home/spirals/danglot/.m2/repository/eu/codearte/catch-exception/catch-exception/1.4.4/catch-exception-1.4.4.jar:/home/spirals/danglot/.m2/repository/ru/yandex/qatools/embed/postgresql-embedded/2.2/postgresql-embedded-2.2.jar:/home/spirals/danglot/.m2/repository/de/flapdoodle/embed/de.flapdoodle.embed.process/2.0.1/de.flapdoodle.embed.process-2.0.1.jar:/home/spirals/danglot/.m2/repository/commons-io/commons-io/2.4/commons-io-2.4.jar:/home/spirals/danglot/.m2/repository/org/apache/commons/commons-lang3/3.1/commons-lang3-3.1.jar:/home/spirals/danglot/.m2/repository/net/java/dev/jna/jna/4.0.0/jna-4.0.0.jar:/home/spirals/danglot/.m2/repository/net/java/dev/jna/jna-platform/4.0.0/jna-platform-4.0.0.jar:/home/spirals/danglot/.m2/repository/org/apache/commons/commons-compress/1.10/commons-compress-1.10.jar:/tmp/Ex2Amplifier-experiments/target/dspot/dependencies:/home/spirals/danglot/.m2/repository/eu/stamp-project/test-runner/1.0.8/test-runner-1.0.8-jar-with-dependencies.jar eu.stamp_project.testrunner.runner.test.TestRunner org.apache.ibatis.submitted.keygen.Jdbc3KeyGeneratorTest shouldErrorUndefinePropertylitString1litString61_withlog0:shouldErrorUndefinePropertylitString1litString63_withlog0:shouldErrorUndefinePropertylitString2litString59_withlog0:shouldErrorUndefinePropertylitString2litString60_withlog0:shouldErrorUndefinePropertylitString3litString67_withlog0:shouldErrorUndefinePropertylitString3litString68_withlog0:shouldErrorUndefinePropertylitString4litString55_withlog0:shouldErrorUndefinePropertylitString4litString57_withlog0:shouldErrorUndefinePropertylitString5litString61_withlog0:shouldErrorUndefinePropertylitString5litString64_withlog0:shouldErrorUndefinePropertylitString6litString56_withlog0:shouldErrorUndefinePropertylitString6litString58_withlog0:shouldErrorUndefinePropertylitString7litString65_withlog0:shouldErrorUndefinePropertylitString7litString66_withlog0:shouldErrorUndefinePropertylitString8litString53_withlog0:shouldErrorUndefinePropertylitString8litString54_withlog0:shouldErrorUndefinePropertylitString1litString61_withlog1:shouldErrorUndefinePropertylitString1litString63_withlog1:shouldErrorUndefinePropertylitString2litString59_withlog1:shouldErrorUndefinePropertylitString2litString60_withlog1:shouldErrorUndefinePropertylitString3litString67_withlog1:shouldErrorUndefinePropertylitString3litString68_withlog1:shouldErrorUndefinePropertylitString4litString55_withlog1:shouldErrorUndefinePropertylitString4litString57_withlog1:shouldErrorUndefinePropertylitString5litString61_withlog1:shouldErrorUndefinePropertylitString5litString64_withlog1:shouldErrorUndefinePropertylitString6litString56_withlog1:shouldErrorUndefinePropertylitString6litString58_withlog1:shouldErrorUndefinePropertylitString7litString65_withlog1:shouldErrorUndefinePropertylitString7litString66_withlog1:shouldErrorUndefinePropertylitString8litString53_withlog1:shouldErrorUndefinePropertylitString8litString54_withlog1:shouldErrorUndefinePropertylitString1litString61_withlog2:shouldErrorUndefinePropertylitString1litString63_withlog2:shouldErrorUndefinePropertylitString2litString59_withlog2:shouldErrorUndefinePropertylitString2litString60_withlog2:shouldErrorUndefinePropertylitString3litString67_withlog2:shouldErrorUndefinePropertylitString3litString68_withlog2:shouldErrorUndefinePropertylitString4litString55_withlog2:shouldErrorUndefinePropertylitString4litString57_withlog2:shouldErrorUndefinePropertylitString5litString61_withlog2:shouldErrorUndefinePropertylitString5litString64_withlog2:shouldErrorUndefinePropertylitString6litString56_withlog2:shouldErrorUndefinePropertylitString6litString58_withlog2:shouldErrorUndefinePropertylitString7litString65_withlog2:shouldErrorUndefinePropertylitString7litString66_withlog2:shouldErrorUndefinePropertylitString8litString53_withlog2:shouldErrorUndefinePropertylitString8litString54_withlog2
File saved to the following path: /tmp/Ex2Amplifier-experiments/dataset/may-2018/mybatis-3/1073/target/dspot/observations.ser
File saved to the following path: /tmp/Ex2Amplifier-experiments/dataset/may-2018/mybatis-3/1073/target/dspot/TestListener.ser
SLF4J: Class path contains multiple SLF4J bindings.
SLF4J: Found binding in [jar:file:/home/spirals/danglot/.m2/repository/org/slf4j/slf4j-log4j12/1.7.25/slf4j-log4j12-1.7.25.jar!/org/slf4j/impl/StaticLoggerBinder.class]
SLF4J: Found binding in [jar:file:/home/spirals/danglot/.m2/repository/eu/stamp-project/test-runner/1.0.8/test-runner-1.0.8-jar-with-dependencies.jar!/org/slf4j/impl/StaticLoggerBinder.class]
SLF4J: See http://www.slf4j.org/codes.html#multiple_bindings for an explanation.
SLF4J: Actual binding is of type [org.slf4j.impl.Log4jLoggerFactory]
[66580] INFO EntryPoint - Test has been run: shouldErrorUndefinePropertylitString6litString56_withlog0,shouldErrorUndefinePropertylitString6litString56_withlog1,shouldErrorUndefinePropertylitString6litString56_withlog2,shouldErrorUndefinePropertylitString8litString54_withlog0,shouldErrorUndefinePropertylitString8litString54_withlog1,shouldErrorUndefinePropertylitString8litString54_withlog2,shouldErrorUndefinePropertylitString8litString53_withlog0,shouldErrorUndefinePropertylitString8litString53_withlog1,shouldErrorUndefinePropertylitString8litString53_withlog2,shouldErrorUndefinePropertylitString3litString68_withlog0,shouldErrorUndefinePropertylitString3litString68_withlog1,shouldErrorUndefinePropertylitString3litString68_withlog2,shouldErrorUndefinePropertylitString3litString67_withlog0,shouldErrorUndefinePropertylitString3litString67_withlog1,shouldErrorUndefinePropertylitString3litString67_withlog2,shouldErrorUndefinePropertylitString1litString63_withlog0,shouldErrorUndefinePropertylitString1litString63_withlog1,shouldErrorUndefinePropertylitString1litString63_withlog2,shouldErrorUndefinePropertylitString1litString61_withlog0,shouldErrorUndefinePropertylitString1litString61_withlog1,shouldErrorUndefinePropertylitString1litString61_withlog2,shouldErrorUndefinePropertylitString5litString64_withlog0,shouldErrorUndefinePropertylitString5litString64_withlog1,shouldErrorUndefinePropertylitString5litString64_withlog2,shouldErrorUndefinePropertylitString7litString66_withlog0,shouldErrorUndefinePropertylitString7litString66_withlog1,shouldErrorUndefinePropertylitString7litString66_withlog2,shouldErrorUndefinePropertylitString2litString60_withlog0,shouldErrorUndefinePropertylitString2litString60_withlog1,shouldErrorUndefinePropertylitString2litString60_withlog2,shouldErrorUndefinePropertylitString2litString59_withlog0,shouldErrorUndefinePropertylitString2litString59_withlog1,shouldErrorUndefinePropertylitString2litString59_withlog2,shouldErrorUndefinePropertylitString7litString65_withlog0,shouldErrorUndefinePropertylitString7litString65_withlog1,shouldErrorUndefinePropertylitString7litString65_withlog2,shouldErrorUndefinePropertylitString5litString61_withlog0,shouldErrorUndefinePropertylitString5litString61_withlog1,shouldErrorUndefinePropertylitString5litString61_withlog2,shouldErrorUndefinePropertylitString4litString57_withlog0,shouldErrorUndefinePropertylitString4litString57_withlog1,shouldErrorUndefinePropertylitString4litString57_withlog2,shouldErrorUndefinePropertylitString6litString58_withlog0,shouldErrorUndefinePropertylitString6litString58_withlog1,shouldErrorUndefinePropertylitString6litString58_withlog2,shouldErrorUndefinePropertylitString4litString55_withlog0,shouldErrorUndefinePropertylitString4litString55_withlog1,shouldErrorUndefinePropertylitString4litString55_withlog2
[66584] INFO MethodsAssertGenerator - Generating assertions...
[66601] INFO AssertGenerator - Could not generate any test with assertions
[66601] INFO Amplification - iteration 2:
[66601] INFO Amplification - 16 tests selected to be amplified over 16 available tests
[66606] INFO Amplification - 13 amplified test(s) has been selected, global: 13
[66606] INFO DSpot - elapsedTime 13148
======= REPORT =======
13 amplified test fails on the new versions.
shouldErrorUndefinePropertylitString7(org.apache.ibatis.submitted.keygen.Jdbc3KeyGeneratorTest): expected:<0> but was:<1>
shouldErrorUndefinePropertylitString8(org.apache.ibatis.submitted.keygen.Jdbc3KeyGeneratorTest): expected:<0> but was:<1>
shouldErrorUndefinePropertylitString5(org.apache.ibatis.submitted.keygen.Jdbc3KeyGeneratorTest): expected:<0> but was:<1>
shouldErrorUndefinePropertylitString6(org.apache.ibatis.submitted.keygen.Jdbc3KeyGeneratorTest): expected:<0> but was:<1>
shouldErrorUndefinePropertylitString3(org.apache.ibatis.submitted.keygen.Jdbc3KeyGeneratorTest): expected:<0> but was:<1>
shouldErrorUndefinePropertylitString4(org.apache.ibatis.submitted.keygen.Jdbc3KeyGeneratorTest): expected:<0> but was:<1>
shouldErrorUndefinePropertylitString1(org.apache.ibatis.submitted.keygen.Jdbc3KeyGeneratorTest): expected:<0> but was:<1>
shouldErrorUndefinePropertylitString2(org.apache.ibatis.submitted.keygen.Jdbc3KeyGeneratorTest): expected:<0> but was:<1>
shouldErrorUndefinePropertylitString12(org.apache.ibatis.submitted.keygen.Jdbc3KeyGeneratorTest): expected:<0> but was:<1>
shouldErrorUndefinePropertylitString13(org.apache.ibatis.submitted.keygen.Jdbc3KeyGeneratorTest): expected:<0> but was:<1>
shouldErrorUndefinePropertylitString10(org.apache.ibatis.submitted.keygen.Jdbc3KeyGeneratorTest): expected:<0> but was:<1>
shouldErrorUndefinePropertylitString11(org.apache.ibatis.submitted.keygen.Jdbc3KeyGeneratorTest): expected:<0> but was:<1>
shouldErrorUndefinePropertylitString9(org.apache.ibatis.submitted.keygen.Jdbc3KeyGeneratorTest): expected:<0> but was:<1>

[66642] INFO DSpot - Print AmplJdbc3KeyGeneratorTest with 13?amplified test cases in results/may-2018/mybatis-3/1073/I_ampl
